base-instrumented.js:5 _PROFILING_INFO_start function null from ../todomvc/examples/ampersand/node_modules/todomvc-common/base.js in 2_PROFILING_INFO_
base-instrumented.js:11 _PROFILING_INFO_start function null from ../todomvc/examples/ampersand/node_modules/todomvc-common/base.js in 8_PROFILING_INFO_
base-instrumented.js:132 _PROFILING_INFO_start function redirect from ../todomvc/examples/ampersand/node_modules/todomvc-common/base.js in 121_PROFILING_INFO_
base-instrumented.js:149 _PROFILING_INFO_start function getFile from ../todomvc/examples/ampersand/node_modules/todomvc-common/base.js in 132_PROFILING_INFO_
base-instrumented.js:141 _PROFILING_INFO_start function findRoot from ../todomvc/examples/ampersand/node_modules/todomvc-common/base.js in 127_PROFILING_INFO_
​ _PROFILING_INFO_start function e from ../todomvc/examples/ampersand/todomvc.bundle.js in 1_PROFILING_INFO_
​ _PROFILING_INFO_start function s from ../todomvc/examples/ampersand/todomvc.bundle.js in 1_PROFILING_INFO_
​ _PROFILING_INFO_start function null from ../todomvc/examples/ampersand/todomvc.bundle.js in 1_PROFILING_INFO_
​ _PROFILING_INFO_start function null from ../todomvc/examples/ampersand/todomvc.bundle.js in 260_PROFILING_INFO_
​ _PROFILING_INFO_start function null from ../todomvc/examples/ampersand/todomvc.bundle.js in 5389_PROFILING_INFO_
​ _PROFILING_INFO_start function null from ../todomvc/examples/ampersand/todomvc.bundle.js in 2876_PROFILING_INFO_
​ _PROFILING_INFO_start function null from ../todomvc/examples/ampersand/todomvc.bundle.js in 3700_PROFILING_INFO_
​ _PROFILING_INFO_start function null from ../todomvc/examples/ampersand/todomvc.bundle.js in 3706_PROFILING_INFO_
​ _PROFILING_INFO_start function null from ../todomvc/examples/ampersand/todomvc.bundle.js in 4058_PROFILING_INFO_
​ _PROFILING_INFO_start function null from ../todomvc/examples/ampersand/todomvc.bundle.js in 4366_PROFILING_INFO_
​ _PROFILING_INFO_start function null from ../todomvc/examples/ampersand/todomvc.bundle.js in 3797_PROFILING_INFO_
​ _PROFILING_INFO_start function null from ../todomvc/examples/ampersand/todomvc.bundle.js in 3760_PROFILING_INFO_
​ _PROFILING_INFO_start function null from ../todomvc/examples/ampersand/todomvc.bundle.js in 4795_PROFILING_INFO_
​ _PROFILING_INFO_start function null from ../todomvc/examples/ampersand/todomvc.bundle.js in 4796_PROFILING_INFO_
​ _PROFILING_INFO_start function null from ../todomvc/examples/ampersand/todomvc.bundle.js in 4579_PROFILING_INFO_
​ _PROFILING_INFO_start function null from ../todomvc/examples/ampersand/todomvc.bundle.js in 4548_PROFILING_INFO_
​ _PROFILING_INFO_start function null from ../todomvc/examples/ampersand/todomvc.bundle.js in 4789_PROFILING_INFO_
​ _PROFILING_INFO_start function null from ../todomvc/examples/ampersand/todomvc.bundle.js in 4924_PROFILING_INFO_
​ _PROFILING_INFO_start function null from ../todomvc/examples/ampersand/todomvc.bundle.js in 5065_PROFILING_INFO_
​ _PROFILING_INFO_start function null from ../todomvc/examples/ampersand/todomvc.bundle.js in 4590_PROFILING_INFO_
​ _PROFILING_INFO_start function null from ../todomvc/examples/ampersand/todomvc.bundle.js in 4811_PROFILING_INFO_
​ _PROFILING_INFO_start function null from ../todomvc/examples/ampersand/todomvc.bundle.js in 5066_PROFILING_INFO_
​ _PROFILING_INFO_start function null from ../todomvc/examples/ampersand/todomvc.bundle.js in 5080_PROFILING_INFO_
​ _PROFILING_INFO_start function null from ../todomvc/examples/ampersand/todomvc.bundle.js in 5091_PROFILING_INFO_
​ _PROFILING_INFO_start function null from ../todomvc/examples/ampersand/todomvc.bundle.js in 3657_PROFILING_INFO_
​ _PROFILING_INFO_start function null from ../todomvc/examples/ampersand/todomvc.bundle.js in 1128_PROFILING_INFO_
​ _PROFILING_INFO_start function null from ../todomvc/examples/ampersand/todomvc.bundle.js in 860_PROFILING_INFO_
​ _PROFILING_INFO_start function null from ../todomvc/examples/ampersand/todomvc.bundle.js in 882_PROFILING_INFO_
​ _PROFILING_INFO_start function miniscore from ../todomvc/examples/ampersand/todomvc.bundle.js in 892_PROFILING_INFO_
​ _PROFILING_INFO_start function null from ../todomvc/examples/ampersand/todomvc.bundle.js in 905_PROFILING_INFO_
​ _PROFILING_INFO_start function null from ../todomvc/examples/ampersand/todomvc.bundle.js in 901_PROFILING_INFO_
​ _PROFILING_INFO_start function null from ../todomvc/examples/ampersand/todomvc.bundle.js in 1088_PROFILING_INFO_
​ _PROFILING_INFO_start function null from ../todomvc/examples/ampersand/todomvc.bundle.js in 3659_PROFILING_INFO_
​ _PROFILING_INFO_start function null from ../todomvc/examples/ampersand/todomvc.bundle.js in 3647_PROFILING_INFO_
​ _PROFILING_INFO_start function null from ../todomvc/examples/ampersand/todomvc.bundle.js in 4599_PROFILING_INFO_
​ _PROFILING_INFO_start function null from ../todomvc/examples/ampersand/todomvc.bundle.js in 5757_PROFILING_INFO_
​ _PROFILING_INFO_start function null from ../todomvc/examples/ampersand/todomvc.bundle.js in 7061_PROFILING_INFO_
​ _PROFILING_INFO_start function null from ../todomvc/examples/ampersand/todomvc.bundle.js in 1531_PROFILING_INFO_
​ _PROFILING_INFO_start function null from ../todomvc/examples/ampersand/todomvc.bundle.js in 1537_PROFILING_INFO_
​ _PROFILING_INFO_start function null from ../todomvc/examples/ampersand/todomvc.bundle.js in 1869_PROFILING_INFO_
​ _PROFILING_INFO_start function null from ../todomvc/examples/ampersand/todomvc.bundle.js in 1607_PROFILING_INFO_
​ _PROFILING_INFO_start function null from ../todomvc/examples/ampersand/todomvc.bundle.js in 2556_PROFILING_INFO_
​ _PROFILING_INFO_start function null from ../todomvc/examples/ampersand/todomvc.bundle.js in 2557_PROFILING_INFO_
​ _PROFILING_INFO_start function null from ../todomvc/examples/ampersand/todomvc.bundle.js in 2356_PROFILING_INFO_
​ _PROFILING_INFO_start function null from ../todomvc/examples/ampersand/todomvc.bundle.js in 2325_PROFILING_INFO_
​ _PROFILING_INFO_start function null from ../todomvc/examples/ampersand/todomvc.bundle.js in 2551_PROFILING_INFO_
​ _PROFILING_INFO_start function null from ../todomvc/examples/ampersand/todomvc.bundle.js in 2685_PROFILING_INFO_
​ _PROFILING_INFO_start function null from ../todomvc/examples/ampersand/todomvc.bundle.js in 2703_PROFILING_INFO_
​ _PROFILING_INFO_start function null from ../todomvc/examples/ampersand/todomvc.bundle.js in 2367_PROFILING_INFO_
​ _PROFILING_INFO_start function null from ../todomvc/examples/ampersand/todomvc.bundle.js in 2572_PROFILING_INFO_
​ _PROFILING_INFO_start function null from ../todomvc/examples/ampersand/todomvc.bundle.js in 2704_PROFILING_INFO_
​ _PROFILING_INFO_start function null from ../todomvc/examples/ampersand/todomvc.bundle.js in 2829_PROFILING_INFO_
​ _PROFILING_INFO_start function null from ../todomvc/examples/ampersand/todomvc.bundle.js in 2840_PROFILING_INFO_
​ _PROFILING_INFO_start function null from ../todomvc/examples/ampersand/todomvc.bundle.js in 2376_PROFILING_INFO_
​ _PROFILING_INFO_start function null from ../todomvc/examples/ampersand/todomvc.bundle.js in 2377_PROFILING_INFO_
​ _PROFILING_INFO_start function null from ../todomvc/examples/ampersand/todomvc.bundle.js in 6189_PROFILING_INFO_
​ _PROFILING_INFO_start function null from ../todomvc/examples/ampersand/todomvc.bundle.js in 5910_PROFILING_INFO_
​ _PROFILING_INFO_start function null from ../todomvc/examples/ampersand/todomvc.bundle.js in 5932_PROFILING_INFO_
​ _PROFILING_INFO_start function miniscore from ../todomvc/examples/ampersand/todomvc.bundle.js in 5942_PROFILING_INFO_
​ _PROFILING_INFO_start function null from ../todomvc/examples/ampersand/todomvc.bundle.js in 5966_PROFILING_INFO_
​ _PROFILING_INFO_start function null from ../todomvc/examples/ampersand/todomvc.bundle.js in 5962_PROFILING_INFO_
​ _PROFILING_INFO_start function null from ../todomvc/examples/ampersand/todomvc.bundle.js in 6149_PROFILING_INFO_
​ _PROFILING_INFO_start function null from ../todomvc/examples/ampersand/todomvc.bundle.js in 5906_PROFILING_INFO_
​ _PROFILING_INFO_start function null from ../todomvc/examples/ampersand/todomvc.bundle.js in 810_PROFILING_INFO_
​ _PROFILING_INFO_start function null from ../todomvc/examples/ampersand/todomvc.bundle.js in 1131_PROFILING_INFO_
​ _PROFILING_INFO_start function null from ../todomvc/examples/ampersand/todomvc.bundle.js in 6578_PROFILING_INFO_
​ _PROFILING_INFO_start function null from ../todomvc/examples/ampersand/todomvc.bundle.js in 6687_PROFILING_INFO_
​ _PROFILING_INFO_start function null from ../todomvc/examples/ampersand/todomvc.bundle.js in 6867_PROFILING_INFO_
​ _PROFILING_INFO_start function null from ../todomvc/examples/ampersand/todomvc.bundle.js in 6903_PROFILING_INFO_
​ _PROFILING_INFO_start function null from ../todomvc/examples/ampersand/todomvc.bundle.js in 6955_PROFILING_INFO_
​ _PROFILING_INFO_start function null from ../todomvc/examples/ampersand/todomvc.bundle.js in 6967_PROFILING_INFO_
​ _PROFILING_INFO_start function null from ../todomvc/examples/ampersand/todomvc.bundle.js in 7031_PROFILING_INFO_
​ _PROFILING_INFO_start function null from ../todomvc/examples/ampersand/todomvc.bundle.js in 6191_PROFILING_INFO_
​ _PROFILING_INFO_start function null from ../todomvc/examples/ampersand/todomvc.bundle.js in 6496_PROFILING_INFO_
​ _PROFILING_INFO_start function null from ../todomvc/examples/ampersand/todomvc.bundle.js in 6384_PROFILING_INFO_
​ _PROFILING_INFO_start function null from ../todomvc/examples/ampersand/todomvc.bundle.js in 7008_PROFILING_INFO_
​ _PROFILING_INFO_start function extend from ../todomvc/examples/ampersand/todomvc.bundle.js in 3556_PROFILING_INFO_
​ _PROFILING_INFO_start function null from ../todomvc/examples/ampersand/todomvc.bundle.js in 3578_PROFILING_INFO_
​ _PROFILING_INFO_start function processArg from ../todomvc/examples/ampersand/todomvc.bundle.js in 3592_PROFILING_INFO_
​ _PROFILING_INFO_start function null from ../todomvc/examples/ampersand/todomvc.bundle.js in 3594_PROFILING_INFO_
​ _PROFILING_INFO_start function null from ../todomvc/examples/ampersand/todomvc.bundle.js in 3600_PROFILING_INFO_
​ _PROFILING_INFO_start function createPropertyDefinition from ../todomvc/examples/ampersand/todomvc.bundle.js in 3368_PROFILING_INFO_
​ _PROFILING_INFO_start function null from ../todomvc/examples/ampersand/todomvc.bundle.js in 3228_PROFILING_INFO_
​ _PROFILING_INFO_start function null from ../todomvc/examples/ampersand/todomvc.bundle.js in 3930_PROFILING_INFO_
​ _PROFILING_INFO_start function null from ../todomvc/examples/ampersand/todomvc.bundle.js in 4292_PROFILING_INFO_
​ _PROFILING_INFO_start function null from ../todomvc/examples/ampersand/todomvc.bundle.js in 3612_PROFILING_INFO_
​ _PROFILING_INFO_start function createDerivedProperty from ../todomvc/examples/ampersand/todomvc.bundle.js in 3429_PROFILING_INFO_
​ _PROFILING_INFO_start function null from ../todomvc/examples/ampersand/todomvc.bundle.js in 3437_PROFILING_INFO_
​ _PROFILING_INFO_start function null from ../todomvc/examples/ampersand/todomvc.bundle.js in 3736_PROFILING_INFO_
​ _PROFILING_INFO_start function null from ../todomvc/examples/ampersand/todomvc.bundle.js in 5068_PROFILING_INFO_
​ _PROFILING_INFO_start function null from ../todomvc/examples/ampersand/todomvc.bundle.js in 4230_PROFILING_INFO_
​ _PROFILING_INFO_start function null from ../todomvc/examples/ampersand/todomvc.bundle.js in 4170_PROFILING_INFO_
​ _PROFILING_INFO_start function null from ../todomvc/examples/ampersand/todomvc.bundle.js in 3900_PROFILING_INFO_
​ _PROFILING_INFO_start function null from ../todomvc/examples/ampersand/todomvc.bundle.js in 3784_PROFILING_INFO_
​ _PROFILING_INFO_start function null from ../todomvc/examples/ampersand/todomvc.bundle.js in 4200_PROFILING_INFO_
​ _PROFILING_INFO_start function null from ../todomvc/examples/ampersand/todomvc.bundle.js in 4827_PROFILING_INFO_
​ _PROFILING_INFO_start function null from ../todomvc/examples/ampersand/todomvc.bundle.js in 5060_PROFILING_INFO_
​ _PROFILING_INFO_start function null from ../todomvc/examples/ampersand/todomvc.bundle.js in 353_PROFILING_INFO_
​ _PROFILING_INFO_start function null from ../todomvc/examples/ampersand/todomvc.bundle.js in 250_PROFILING_INFO_
​ _PROFILING_INFO_start function null from ../todomvc/examples/ampersand/todomvc.bundle.js in 7125_PROFILING_INFO_
​ _PROFILING_INFO_start function null from ../todomvc/examples/ampersand/todomvc.bundle.js in 7126_PROFILING_INFO_
​ _PROFILING_INFO_start function null from ../todomvc/examples/ampersand/todomvc.bundle.js in 7127_PROFILING_INFO_
​ _PROFILING_INFO_start function e from ../todomvc/examples/ampersand/todomvc.bundle.js in 7127_PROFILING_INFO_
​ _PROFILING_INFO_start function s from ../todomvc/examples/ampersand/todomvc.bundle.js in 7127_PROFILING_INFO_
​ _PROFILING_INFO_start function null from ../todomvc/examples/ampersand/todomvc.bundle.js in 29_PROFILING_INFO_
​ _PROFILING_INFO_start function null from ../todomvc/examples/ampersand/todomvc.bundle.js in 156_PROFILING_INFO_
​ _PROFILING_INFO_start function null from ../todomvc/examples/ampersand/todomvc.bundle.js in 457_PROFILING_INFO_
​ _PROFILING_INFO_start function null from ../todomvc/examples/ampersand/todomvc.bundle.js in 1148_PROFILING_INFO_
​ _PROFILING_INFO_start function null from ../todomvc/examples/ampersand/todomvc.bundle.js in 1137_PROFILING_INFO_
​ _PROFILING_INFO_start function null from ../todomvc/examples/ampersand/todomvc.bundle.js in 1138_PROFILING_INFO_
​ _PROFILING_INFO_start function null from ../todomvc/examples/ampersand/todomvc.bundle.js in 797_PROFILING_INFO_
​ _PROFILING_INFO_start function null from ../todomvc/examples/ampersand/todomvc.bundle.js in 5117_PROFILING_INFO_
​ _PROFILING_INFO_start function null from ../todomvc/examples/ampersand/todomvc.bundle.js in 5387_PROFILING_INFO_
​ _PROFILING_INFO_start function null from ../todomvc/examples/ampersand/todomvc.bundle.js in 5385_PROFILING_INFO_
​ _PROFILING_INFO_start function null from ../todomvc/examples/ampersand/todomvc.bundle.js in 5313_PROFILING_INFO_
​ _PROFILING_INFO_start function null from ../todomvc/examples/ampersand/todomvc.bundle.js in 5317_PROFILING_INFO_
​ _PROFILING_INFO_start function null from ../todomvc/examples/ampersand/todomvc.bundle.js in 5333_PROFILING_INFO_
​ _PROFILING_INFO_start function null from ../todomvc/examples/ampersand/todomvc.bundle.js in 5346_PROFILING_INFO_
​ _PROFILING_INFO_start function null from ../todomvc/examples/ampersand/todomvc.bundle.js in 7063_PROFILING_INFO_
​ _PROFILING_INFO_start function null from ../todomvc/examples/ampersand/todomvc.bundle.js in 7118_PROFILING_INFO_
​ _PROFILING_INFO_start function null from ../todomvc/examples/ampersand/todomvc.bundle.js in 120_PROFILING_INFO_
​ _PROFILING_INFO_start function null from ../todomvc/examples/ampersand/todomvc.bundle.js in 3606_PROFILING_INFO_
​ _PROFILING_INFO_start function null from ../todomvc/examples/ampersand/todomvc.bundle.js in 819_PROFILING_INFO_
​ _PROFILING_INFO_start function null from ../todomvc/examples/ampersand/todomvc.bundle.js in 840_PROFILING_INFO_
​ _PROFILING_INFO_start function null from ../todomvc/examples/ampersand/todomvc.bundle.js in 3618_PROFILING_INFO_
​ _PROFILING_INFO_start function null from ../todomvc/examples/ampersand/todomvc.bundle.js in 234_PROFILING_INFO_
​ _PROFILING_INFO_start function null from ../todomvc/examples/ampersand/todomvc.bundle.js in 1407_PROFILING_INFO_
​ _PROFILING_INFO_start function null from ../todomvc/examples/ampersand/todomvc.bundle.js in 1523_PROFILING_INFO_
​ _PROFILING_INFO_start function null from ../todomvc/examples/ampersand/todomvc.bundle.js in 1529_PROFILING_INFO_
​ _PROFILING_INFO_start function null from ../todomvc/examples/ampersand/todomvc.bundle.js in 1183_PROFILING_INFO_
​ _PROFILING_INFO_start function null from ../todomvc/examples/ampersand/todomvc.bundle.js in 1192_PROFILING_INFO_
​ _PROFILING_INFO_start function null from ../todomvc/examples/ampersand/todomvc.bundle.js in 2141_PROFILING_INFO_
​ _PROFILING_INFO_start function null from ../todomvc/examples/ampersand/todomvc.bundle.js in 10_PROFILING_INFO_
​ _PROFILING_INFO_start function null from ../todomvc/examples/ampersand/todomvc.bundle.js in 3568_PROFILING_INFO_
​ _PROFILING_INFO_start function Base from ../todomvc/examples/ampersand/todomvc.bundle.js in 2884_PROFILING_INFO_
​ _PROFILING_INFO_start function null from ../todomvc/examples/ampersand/todomvc.bundle.js in 4951_PROFILING_INFO_
​ _PROFILING_INFO_start function KeyTreeStore from ../todomvc/examples/ampersand/todomvc.bundle.js in 3660_PROFILING_INFO_
​ _PROFILING_INFO_start function null from ../todomvc/examples/ampersand/todomvc.bundle.js in 3303_PROFILING_INFO_
​ _PROFILING_INFO_start function null from ../todomvc/examples/ampersand/todomvc.bundle.js in 830_PROFILING_INFO_
​ _PROFILING_INFO_start function Collection from ../todomvc/examples/ampersand/todomvc.bundle.js in 465_PROFILING_INFO_
​ _PROFILING_INFO_start function null from ../todomvc/examples/ampersand/todomvc.bundle.js in 706_PROFILING_INFO_
​ _PROFILING_INFO_start function null from ../todomvc/examples/ampersand/todomvc.bundle.js in 168_PROFILING_INFO_
​ _PROFILING_INFO_start function null from ../todomvc/examples/ampersand/todomvc.bundle.js in 219_PROFILING_INFO_
​ _PROFILING_INFO_start function null from ../todomvc/examples/ampersand/todomvc.bundle.js in 515_PROFILING_INFO_
​ _PROFILING_INFO_start function null from ../todomvc/examples/ampersand/todomvc.bundle.js in 776_PROFILING_INFO_
​ _PROFILING_INFO_start function SubCollection from ../todomvc/examples/ampersand/todomvc.bundle.js in 5125_PROFILING_INFO_
​ _PROFILING_INFO_start function null from ../todomvc/examples/ampersand/todomvc.bundle.js in 5191_PROFILING_INFO_
​ _PROFILING_INFO_start function null from ../todomvc/examples/ampersand/todomvc.bundle.js in 5197_PROFILING_INFO_
​ _PROFILING_INFO_start function null from ../todomvc/examples/ampersand/todomvc.bundle.js in 5219_PROFILING_INFO_
​ _PROFILING_INFO_start function null from ../todomvc/examples/ampersand/todomvc.bundle.js in 5242_PROFILING_INFO_
​ _PROFILING_INFO_start function null from ../todomvc/examples/ampersand/todomvc.bundle.js in 4253_PROFILING_INFO_
​ _PROFILING_INFO_start function null from ../todomvc/examples/ampersand/todomvc.bundle.js in 3883_PROFILING_INFO_
​ _PROFILING_INFO_start function null from ../todomvc/examples/ampersand/todomvc.bundle.js in 4764_PROFILING_INFO_
​ _PROFILING_INFO_start function null from ../todomvc/examples/ampersand/todomvc.bundle.js in 4674_PROFILING_INFO_
​ _PROFILING_INFO_start function null from ../todomvc/examples/ampersand/todomvc.bundle.js in 1089_PROFILING_INFO_
​ _PROFILING_INFO_start function null from ../todomvc/examples/ampersand/todomvc.bundle.js in 896_PROFILING_INFO_
​ _PROFILING_INFO_start function null from ../todomvc/examples/ampersand/todomvc.bundle.js in 954_PROFILING_INFO_
​ _PROFILING_INFO_start function null from ../todomvc/examples/ampersand/todomvc.bundle.js in 1046_PROFILING_INFO_
​ _PROFILING_INFO_start function debounce from ../todomvc/examples/ampersand/todomvc.bundle.js in 7085_PROFILING_INFO_
​ _PROFILING_INFO_start function null from ../todomvc/examples/ampersand/todomvc.bundle.js in 3311_PROFILING_INFO_
​ _PROFILING_INFO_start function null from ../todomvc/examples/ampersand/todomvc.bundle.js in 3255_PROFILING_INFO_
​ _PROFILING_INFO_start function null from ../todomvc/examples/ampersand/todomvc.bundle.js in 3258_PROFILING_INFO_
​ _PROFILING_INFO_start function null from ../todomvc/examples/ampersand/todomvc.bundle.js in 3276_PROFILING_INFO_
​ _PROFILING_INFO_start function null from ../todomvc/examples/ampersand/todomvc.bundle.js in 3665_PROFILING_INFO_
​ _PROFILING_INFO_start function null from ../todomvc/examples/ampersand/todomvc.bundle.js in 43_PROFILING_INFO_
​ _PROFILING_INFO_start function null from ../todomvc/examples/ampersand/todomvc.bundle.js in 101_PROFILING_INFO_
​ _PROFILING_INFO_start function null from ../todomvc/examples/ampersand/todomvc.bundle.js in 189_PROFILING_INFO_
​ _PROFILING_INFO_start function null from ../todomvc/examples/ampersand/todomvc.bundle.js in 798_PROFILING_INFO_
​ _PROFILING_INFO_start function null from ../todomvc/examples/ampersand/todomvc.bundle.js in 2975_PROFILING_INFO_
​ _PROFILING_INFO_start function null from ../todomvc/examples/ampersand/todomvc.bundle.js in 3213_PROFILING_INFO_
​ _PROFILING_INFO_start function null from ../todomvc/examples/ampersand/todomvc.bundle.js in 3347_PROFILING_INFO_
​ _PROFILING_INFO_start function null from ../todomvc/examples/ampersand/todomvc.bundle.js in 3232_PROFILING_INFO_
​ _PROFILING_INFO_start function null from ../todomvc/examples/ampersand/todomvc.bundle.js in 4648_PROFILING_INFO_
​ _PROFILING_INFO_start function null from ../todomvc/examples/ampersand/todomvc.bundle.js in 3412_PROFILING_INFO_
​ _PROFILING_INFO_start function null from ../todomvc/examples/ampersand/todomvc.bundle.js in 4942_PROFILING_INFO_
​ _PROFILING_INFO_start function null from ../todomvc/examples/ampersand/todomvc.bundle.js in 3205_PROFILING_INFO_
​ _PROFILING_INFO_start function null from ../todomvc/examples/ampersand/todomvc.bundle.js in 4837_PROFILING_INFO_
​ _PROFILING_INFO_start function null from ../todomvc/examples/ampersand/todomvc.bundle.js in 4832_PROFILING_INFO_
​ _PROFILING_INFO_start function null from ../todomvc/examples/ampersand/todomvc.bundle.js in 3085_PROFILING_INFO_
​ _PROFILING_INFO_start function null from ../todomvc/examples/ampersand/todomvc.bundle.js in 3096_PROFILING_INFO_
​ _PROFILING_INFO_start function null from ../todomvc/examples/ampersand/todomvc.bundle.js in 1012_PROFILING_INFO_
​ _PROFILING_INFO_start function null from ../todomvc/examples/ampersand/todomvc.bundle.js in 1072_PROFILING_INFO_
​ _PROFILING_INFO_start function null from ../todomvc/examples/ampersand/todomvc.bundle.js in 3281_PROFILING_INFO_
​ _PROFILING_INFO_start function null from ../todomvc/examples/ampersand/todomvc.bundle.js in 3685_PROFILING_INFO_
​ _PROFILING_INFO_start function null from ../todomvc/examples/ampersand/todomvc.bundle.js in 3283_PROFILING_INFO_
​ _PROFILING_INFO_start function null from ../todomvc/examples/ampersand/todomvc.bundle.js in 3262_PROFILING_INFO_
​ _PROFILING_INFO_start function null from ../todomvc/examples/ampersand/todomvc.bundle.js in 91_PROFILING_INFO_
​ _PROFILING_INFO_start function View from ../todomvc/examples/ampersand/todomvc.bundle.js in 5400_PROFILING_INFO_
​ _PROFILING_INFO_start function null from ../todomvc/examples/ampersand/todomvc.bundle.js in 2717_PROFILING_INFO_
​ _PROFILING_INFO_start function null from ../todomvc/examples/ampersand/todomvc.bundle.js in 3409_PROFILING_INFO_
​ _PROFILING_INFO_start function null from ../todomvc/examples/ampersand/todomvc.bundle.js in 4346_PROFILING_INFO_
​ _PROFILING_INFO_start function null from ../todomvc/examples/ampersand/todomvc.bundle.js in 5434_PROFILING_INFO_
​ _PROFILING_INFO_start function null from ../todomvc/examples/ampersand/todomvc.bundle.js in 5440_PROFILING_INFO_
​ _PROFILING_INFO_start function null from ../todomvc/examples/ampersand/todomvc.bundle.js in 5423_PROFILING_INFO_
​ _PROFILING_INFO_start function null from ../todomvc/examples/ampersand/todomvc.bundle.js in 5429_PROFILING_INFO_
​ _PROFILING_INFO_start function null from ../todomvc/examples/ampersand/todomvc.bundle.js in 3520_PROFILING_INFO_
​ _PROFILING_INFO_start function null from ../todomvc/examples/ampersand/todomvc.bundle.js in 3534_PROFILING_INFO_
​ _PROFILING_INFO_start function null from ../todomvc/examples/ampersand/todomvc.bundle.js in 3322_PROFILING_INFO_
​ _PROFILING_INFO_start function null from ../todomvc/examples/ampersand/todomvc.bundle.js in 6202_PROFILING_INFO_
​ _PROFILING_INFO_start function KeyTreeStore from ../todomvc/examples/ampersand/todomvc.bundle.js in 6500_PROFILING_INFO_
​ _PROFILING_INFO_start function getBindingFunc from ../todomvc/examples/ampersand/todomvc.bundle.js in 6239_PROFILING_INFO_
​ _PROFILING_INFO_start function null from ../todomvc/examples/ampersand/todomvc.bundle.js in 6242_PROFILING_INFO_
​ _PROFILING_INFO_start function null from ../todomvc/examples/ampersand/todomvc.bundle.js in 6505_PROFILING_INFO_
​ _PROFILING_INFO_start function null from ../todomvc/examples/ampersand/todomvc.bundle.js in 6214_PROFILING_INFO_
​ _PROFILING_INFO_start function null from ../todomvc/examples/ampersand/todomvc.bundle.js in 5622_PROFILING_INFO_
​ _PROFILING_INFO_start function null from ../todomvc/examples/ampersand/todomvc.bundle.js in 5544_PROFILING_INFO_
​ _PROFILING_INFO_start function Events from ../todomvc/examples/ampersand/todomvc.bundle.js in 6713_PROFILING_INFO_
​ _PROFILING_INFO_start function null from ../todomvc/examples/ampersand/todomvc.bundle.js in 5567_PROFILING_INFO_
​ _PROFILING_INFO_start function null from ../todomvc/examples/ampersand/todomvc.bundle.js in 2696_PROFILING_INFO_
​ _PROFILING_INFO_start function null from ../todomvc/examples/ampersand/todomvc.bundle.js in 5579_PROFILING_INFO_
​ _PROFILING_INFO_start function null from ../todomvc/examples/ampersand/todomvc.bundle.js in 6807_PROFILING_INFO_
​ _PROFILING_INFO_start function null from ../todomvc/examples/ampersand/todomvc.bundle.js in 6829_PROFILING_INFO_
​ _PROFILING_INFO_start function null from ../todomvc/examples/ampersand/todomvc.bundle.js in 6757_PROFILING_INFO_
​ _PROFILING_INFO_start function parse from ../todomvc/examples/ampersand/todomvc.bundle.js in 6859_PROFILING_INFO_
​ _PROFILING_INFO_start function null from ../todomvc/examples/ampersand/todomvc.bundle.js in 6929_PROFILING_INFO_
​ _PROFILING_INFO_start function null from ../todomvc/examples/ampersand/todomvc.bundle.js in 6883_PROFILING_INFO_
​ _PROFILING_INFO_start function null from ../todomvc/examples/ampersand/todomvc.bundle.js in 6726_PROFILING_INFO_
​ _PROFILING_INFO_start function null from ../todomvc/examples/ampersand/todomvc.bundle.js in 5611_PROFILING_INFO_
​ _PROFILING_INFO_start function null from ../todomvc/examples/ampersand/todomvc.bundle.js in 6539_PROFILING_INFO_
​ _PROFILING_INFO_start function null from ../todomvc/examples/ampersand/todomvc.bundle.js in 5616_PROFILING_INFO_
​ _PROFILING_INFO_start function get from ../todomvc/examples/ampersand/todomvc.bundle.js in 7011_PROFILING_INFO_
​ _PROFILING_INFO_start function null from ../todomvc/examples/ampersand/todomvc.bundle.js in 1950_PROFILING_INFO_
​ _PROFILING_INFO_start function null from ../todomvc/examples/ampersand/todomvc.bundle.js in 6346_PROFILING_INFO_
​ _PROFILING_INFO_start function getMatches from ../todomvc/examples/ampersand/todomvc.bundle.js in 6228_PROFILING_INFO_
​ _PROFILING_INFO_start function match from ../todomvc/examples/ampersand/todomvc.bundle.js in 7053_PROFILING_INFO_
​ _PROFILING_INFO_start function null from ../todomvc/examples/ampersand/todomvc.bundle.js in 6347_PROFILING_INFO_
​ _PROFILING_INFO_start function null from ../todomvc/examples/ampersand/todomvc.bundle.js in 6441_PROFILING_INFO_
​ _PROFILING_INFO_start function isHidden from ../todomvc/examples/ampersand/todomvc.bundle.js in 6478_PROFILING_INFO_
todomvc.bundle-instrumented.js:8113 _PROFILING_INFO_start function null from ../todomvc/examples/ampersand/todomvc.bundle.js in 6438_PROFILING_INFO_
todomvc.bundle-instrumented.js:8182 _PROFILING_INFO_start function storeDisplayStyle from ../todomvc/examples/ampersand/todomvc.bundle.js in 6482_PROFILING_INFO_
todomvc.bundle-instrumented.js:8106 _PROFILING_INFO_start function null from ../todomvc/examples/ampersand/todomvc.bundle.js in 6435_PROFILING_INFO_
todomvc.bundle-instrumented.js:8145 _PROFILING_INFO_start function getString from ../todomvc/examples/ampersand/todomvc.bundle.js in 6457_PROFILING_INFO_
todomvc.bundle-instrumented.js:8197 _PROFILING_INFO_start function hide from ../todomvc/examples/ampersand/todomvc.bundle.js in 6491_PROFILING_INFO_
todomvc.bundle-instrumented.js:7777 _PROFILING_INFO_start function null from ../todomvc/examples/ampersand/todomvc.bundle.js in 6266_PROFILING_INFO_
todomvc.bundle-instrumented.js:4154 _PROFILING_INFO_start function null from ../todomvc/examples/ampersand/todomvc.bundle.js in 3443_PROFILING_INFO_
todomvc.bundle-instrumented.js:3959 _PROFILING_INFO_start function null from ../todomvc/examples/ampersand/todomvc.bundle.js in 3290_PROFILING_INFO_
todomvc.bundle-instrumented.js:7978 _PROFILING_INFO_start function null from ../todomvc/examples/ampersand/todomvc.bundle.js in 6362_PROFILING_INFO_
todomvc.bundle-instrumented.js:7983 _PROFILING_INFO_start function null from ../todomvc/examples/ampersand/todomvc.bundle.js in 6363_PROFILING_INFO_
todomvc.bundle-instrumented.js:8137 _PROFILING_INFO_start function null from ../todomvc/examples/ampersand/todomvc.bundle.js in 6451_PROFILING_INFO_
todomvc.bundle-instrumented.js:7994 _PROFILING_INFO_start function null from ../todomvc/examples/ampersand/todomvc.bundle.js in 6369_PROFILING_INFO_
todomvc.bundle-instrumented.js:7730 _PROFILING_INFO_start function makeArray from ../todomvc/examples/ampersand/todomvc.bundle.js in 6235_PROFILING_INFO_
todomvc.bundle-instrumented.js:8001 _PROFILING_INFO_start function null from ../todomvc/examples/ampersand/todomvc.bundle.js in 6372_PROFILING_INFO_
todomvc.bundle-instrumented.js:8006 _PROFILING_INFO_start function null from ../todomvc/examples/ampersand/todomvc.bundle.js in 6373_PROFILING_INFO_
todomvc.bundle-instrumented.js:8045 _PROFILING_INFO_start function null from ../todomvc/examples/ampersand/todomvc.bundle.js in 6391_PROFILING_INFO_
todomvc.bundle-instrumented.js:8065 _PROFILING_INFO_start function null from ../todomvc/examples/ampersand/todomvc.bundle.js in 6406_PROFILING_INFO_
todomvc.bundle-instrumented.js:7902 _PROFILING_INFO_start function null from ../todomvc/examples/ampersand/todomvc.bundle.js in 6326_PROFILING_INFO_
todomvc.bundle-instrumented.js:7908 _PROFILING_INFO_start function null from ../todomvc/examples/ampersand/todomvc.bundle.js in 6328_PROFILING_INFO_
todomvc.bundle-instrumented.js:7913 _PROFILING_INFO_start function null from ../todomvc/examples/ampersand/todomvc.bundle.js in 6329_PROFILING_INFO_
todomvc.bundle-instrumented.js:8088 _PROFILING_INFO_start function null from ../todomvc/examples/ampersand/todomvc.bundle.js in 6422_PROFILING_INFO_
todomvc.bundle-instrumented.js:8167 _PROFILING_INFO_start function hasBooleanProperty from ../todomvc/examples/ampersand/todomvc.bundle.js in 6473_PROFILING_INFO_
todomvc.bundle-instrumented.js:6974 _PROFILING_INFO_start function null from ../todomvc/examples/ampersand/todomvc.bundle.js in 5633_PROFILING_INFO_
todomvc.bundle-instrumented.js:392 _PROFILING_INFO_start function null from ../todomvc/examples/ampersand/todomvc.bundle.js in 328_PROFILING_INFO_
todomvc.bundle-instrumented.js:6832 _PROFILING_INFO_start function null from ../todomvc/examples/ampersand/todomvc.bundle.js in 5507_PROFILING_INFO_
todomvc.bundle-instrumented.js:6804 _PROFILING_INFO_start function null from ../todomvc/examples/ampersand/todomvc.bundle.js in 5482_PROFILING_INFO_
todomvc.bundle-instrumented.js:7066 _PROFILING_INFO_start function null from ../todomvc/examples/ampersand/todomvc.bundle.js in 5737_PROFILING_INFO_
todomvc.bundle-instrumented.js:7116 _PROFILING_INFO_start function CollectionView from ../todomvc/examples/ampersand/todomvc.bundle.js in 5766_PROFILING_INFO_
todomvc.bundle-instrumented.js:2882 _PROFILING_INFO_start function null from ../todomvc/examples/ampersand/todomvc.bundle.js in 2388_PROFILING_INFO_
todomvc.bundle-instrumented.js:2889 _PROFILING_INFO_start function null from ../todomvc/examples/ampersand/todomvc.bundle.js in 2391_PROFILING_INFO_
todomvc.bundle-instrumented.js:7609 _PROFILING_INFO_start function null from ../todomvc/examples/ampersand/todomvc.bundle.js in 6150_PROFILING_INFO_
todomvc.bundle-instrumented.js:7371 _PROFILING_INFO_start function null from ../todomvc/examples/ampersand/todomvc.bundle.js in 5957_PROFILING_INFO_
todomvc.bundle-instrumented.js:7138 _PROFILING_INFO_start function null from ../todomvc/examples/ampersand/todomvc.bundle.js in 5786_PROFILING_INFO_
todomvc.bundle-instrumented.js:7275 _PROFILING_INFO_start function null from ../todomvc/examples/ampersand/todomvc.bundle.js in 5880_PROFILING_INFO_
todomvc.bundle-instrumented.js:6580 _PROFILING_INFO_start function null from ../todomvc/examples/ampersand/todomvc.bundle.js in 5335_PROFILING_INFO_
todomvc.bundle-instrumented.js:6914 _PROFILING_INFO_start function null from ../todomvc/examples/ampersand/todomvc.bundle.js in 5586_PROFILING_INFO_
todomvc.bundle-instrumented.js:1632 _PROFILING_INFO_start function null from ../todomvc/examples/ampersand/todomvc.bundle.js in 1417_PROFILING_INFO_
todomvc.bundle-instrumented.js:1709 _PROFILING_INFO_start function null from ../todomvc/examples/ampersand/todomvc.bundle.js in 1485_PROFILING_INFO_
todomvc.bundle-instrumented.js:1655 _PROFILING_INFO_start function null from ../todomvc/examples/ampersand/todomvc.bundle.js in 1445_PROFILING_INFO_
todomvc.bundle-instrumented.js:1722 _PROFILING_INFO_start function null from ../todomvc/examples/ampersand/todomvc.bundle.js in 1496_PROFILING_INFO_
todomvc.bundle-instrumented.js:1535 _PROFILING_INFO_start function null from ../todomvc/examples/ampersand/todomvc.bundle.js in 1328_PROFILING_INFO_
todomvc.bundle-instrumented.js:1649 _PROFILING_INFO_start function null from ../todomvc/examples/ampersand/todomvc.bundle.js in 1437_PROFILING_INFO_
todomvc.bundle-instrumented.js:1485 _PROFILING_INFO_start function null from ../todomvc/examples/ampersand/todomvc.bundle.js in 1257_PROFILING_INFO_
todomvc.bundle-instrumented.js:1471 _PROFILING_INFO_start function null from ../todomvc/examples/ampersand/todomvc.bundle.js in 1244_PROFILING_INFO_
todomvc.bundle-instrumented.js:1452 _PROFILING_INFO_start function null from ../todomvc/examples/ampersand/todomvc.bundle.js in 1230_PROFILING_INFO_
todomvc.bundle-instrumented.js:1555 _PROFILING_INFO_start function null from ../todomvc/examples/ampersand/todomvc.bundle.js in 1343_PROFILING_INFO_
todomvc.bundle-instrumented.js:1561 _PROFILING_INFO_start function null from ../todomvc/examples/ampersand/todomvc.bundle.js in 1345_PROFILING_INFO_
todomvc.bundle-instrumented.js:1669 _PROFILING_INFO_start function null from ../todomvc/examples/ampersand/todomvc.bundle.js in 1453_PROFILING_INFO_
todomvc.bundle-instrumented.js:1736 _PROFILING_INFO_start function null from ../todomvc/examples/ampersand/todomvc.bundle.js in 1510_PROFILING_INFO_
todomvc.bundle-instrumented.js:1742 _PROFILING_INFO_start function null from ../todomvc/examples/ampersand/todomvc.bundle.js in 1512_PROFILING_INFO_
todomvc.bundle-instrumented.js:1683 _PROFILING_INFO_start function null from ../todomvc/examples/ampersand/todomvc.bundle.js in 1466_PROFILING_INFO_
todomvc.bundle-instrumented.js:309 _PROFILING_INFO_start function null from ../todomvc/examples/ampersand/todomvc.bundle.js in 245_PROFILING_INFO_
todomvc.bundle-instrumented.js:149 _PROFILING_INFO_start function null from ../todomvc/examples/ampersand/todomvc.bundle.js in 115_PROFILING_INFO_
todomvc.bundle-instrumented.js:253 _PROFILING_INFO_start function null from ../todomvc/examples/ampersand/todomvc.bundle.js in 203_PROFILING_INFO_
todomvc.bundle-instrumented.js:6287 _PROFILING_INFO_start function null from ../todomvc/examples/ampersand/todomvc.bundle.js in 5150_PROFILING_INFO_
todomvc.bundle-instrumented.js:4003 _PROFILING_INFO_start function null from ../todomvc/examples/ampersand/todomvc.bundle.js in 3323_PROFILING_INFO_
todomvc.bundle-instrumented.js:6964 _PROFILING_INFO_start function null from ../todomvc/examples/ampersand/todomvc.bundle.js in 5624_PROFILING_INFO_
base-instrumented.js:160 _PROFILING_INFO_start function null from ../todomvc/examples/ampersand/node_modules/todomvc-common/base.js in 142_PROFILING_INFO_
base-instrumented.js:170 _PROFILING_INFO_start function Learn from ../todomvc/examples/ampersand/node_modules/todomvc-common/base.js in 149_PROFILING_INFO_
base-instrumented.js:208 _PROFILING_INFO_start function null from ../todomvc/examples/ampersand/node_modules/todomvc-common/base.js in 194_PROFILING_INFO_
base-instrumented.js:52 _PROFILING_INFO_start function null from ../todomvc/examples/ampersand/node_modules/todomvc-common/base.js in 56_PROFILING_INFO_
base-instrumented.js:16 _PROFILING_INFO_start function null from ../todomvc/examples/ampersand/node_modules/todomvc-common/base.js in 9_PROFILING_INFO_
base-instrumented.js:66 _PROFILING_INFO_start function null from ../todomvc/examples/ampersand/node_modules/todomvc-common/base.js in 70_PROFILING_INFO_
base-instrumented.js:238 _PROFILING_INFO_start function null from ../todomvc/examples/ampersand/node_modules/todomvc-common/base.js in 222_PROFILING_INFO_
