base-instrumented.js:5 _PROFILING_INFO_start function null from ../todomvc/examples/backbone/node_modules/todomvc-common/base.js in 2_PROFILING_INFO_
base-instrumented.js:11 _PROFILING_INFO_start function null from ../todomvc/examples/backbone/node_modules/todomvc-common/base.js in 8_PROFILING_INFO_
base-instrumented.js:136 _PROFILING_INFO_start function redirect from ../todomvc/examples/backbone/node_modules/todomvc-common/base.js in 126_PROFILING_INFO_
base-instrumented.js:153 _PROFILING_INFO_start function getFile from ../todomvc/examples/backbone/node_modules/todomvc-common/base.js in 137_PROFILING_INFO_
base-instrumented.js:145 _PROFILING_INFO_start function findRoot from ../todomvc/examples/backbone/node_modules/todomvc-common/base.js in 132_PROFILING_INFO_
​ _PROFILING_INFO_start function null from ../todomvc/examples/backbone/node_modules/todomvc-common/base.js in 147_PROFILING_INFO_
​ _PROFILING_INFO_start function Learn from ../todomvc/examples/backbone/node_modules/todomvc-common/base.js in 154_PROFILING_INFO_
​ _PROFILING_INFO_start function null from ../todomvc/examples/backbone/node_modules/todomvc-common/base.js in 199_PROFILING_INFO_
​ _PROFILING_INFO_start function null from ../todomvc/examples/backbone/node_modules/todomvc-common/base.js in 56_PROFILING_INFO_
​ _PROFILING_INFO_start function null from ../todomvc/examples/backbone/node_modules/todomvc-common/base.js in 9_PROFILING_INFO_
​ _PROFILING_INFO_start function null from ../todomvc/examples/backbone/node_modules/todomvc-common/base.js in 70_PROFILING_INFO_
​ _PROFILING_INFO_start function null from ../todomvc/examples/backbone/node_modules/todomvc-common/base.js in 216_PROFILING_INFO_
​ _PROFILING_INFO_start function null from ../todomvc/examples/backbone/node_modules/todomvc-common/base.js in 227_PROFILING_INFO_
​ _PROFILING_INFO_start function null from ../todomvc/examples/backbone/node_modules/jquery/dist/jquery.js in 15_PROFILING_INFO_
​ _PROFILING_INFO_start function null from ../todomvc/examples/backbone/node_modules/jquery/dist/jquery.js in 38_PROFILING_INFO_
​ _PROFILING_INFO_start function null from ../todomvc/examples/backbone/node_modules/jquery/dist/jquery.js in 177_PROFILING_INFO_
​ _PROFILING_INFO_start function null from ../todomvc/examples/backbone/node_modules/jquery/dist/jquery.js in 345_PROFILING_INFO_
​ _PROFILING_INFO_start function isArraylike from ../todomvc/examples/backbone/node_modules/jquery/dist/jquery.js in 533_PROFILING_INFO_
​ _PROFILING_INFO_start function null from ../todomvc/examples/backbone/node_modules/jquery/dist/jquery.js in 300_PROFILING_INFO_
​ _PROFILING_INFO_start function null from ../todomvc/examples/backbone/node_modules/jquery/dist/jquery.js in 261_PROFILING_INFO_
​ _PROFILING_INFO_start function null from ../todomvc/examples/backbone/node_modules/jquery/dist/jquery.js in 529_PROFILING_INFO_
​ _PROFILING_INFO_start function null from ../todomvc/examples/backbone/node_modules/jquery/dist/jquery.js in 564_PROFILING_INFO_
​ _PROFILING_INFO_start function createCache from ../todomvc/examples/backbone/node_modules/jquery/dist/jquery.js in 864_PROFILING_INFO_
​ _PROFILING_INFO_start function markFunction from ../todomvc/examples/backbone/node_modules/jquery/dist/jquery.js in 882_PROFILING_INFO_
​ _PROFILING_INFO_start function createPositionalPseudo from ../todomvc/examples/backbone/node_modules/jquery/dist/jquery.js in 977_PROFILING_INFO_
​ _PROFILING_INFO_start function createInputPseudo from ../todomvc/examples/backbone/node_modules/jquery/dist/jquery.js in 955_PROFILING_INFO_
​ _PROFILING_INFO_start function createButtonPseudo from ../todomvc/examples/backbone/node_modules/jquery/dist/jquery.js in 966_PROFILING_INFO_
​ _PROFILING_INFO_start function setFilters from ../todomvc/examples/backbone/node_modules/jquery/dist/jquery.js in 2009_PROFILING_INFO_
​ _PROFILING_INFO_start function null from ../todomvc/examples/backbone/node_modules/jquery/dist/jquery.js in 596_PROFILING_INFO_
​ _PROFILING_INFO_start function null from ../todomvc/examples/backbone/node_modules/jquery/dist/jquery.js in 1024_PROFILING_INFO_
​ _PROFILING_INFO_start function null from ../todomvc/examples/backbone/node_modules/jquery/dist/jquery.js in 1012_PROFILING_INFO_
​ _PROFILING_INFO_start function assert from ../todomvc/examples/backbone/node_modules/jquery/dist/jquery.js in 891_PROFILING_INFO_
​ _PROFILING_INFO_start function null from ../todomvc/examples/backbone/node_modules/jquery/dist/jquery.js in 1061_PROFILING_INFO_
​ _PROFILING_INFO_start function null from ../todomvc/examples/backbone/node_modules/jquery/dist/jquery.js in 1070_PROFILING_INFO_
​ _PROFILING_INFO_start function null from ../todomvc/examples/backbone/node_modules/jquery/dist/jquery.js in 1082_PROFILING_INFO_
​ _PROFILING_INFO_start function null from ../todomvc/examples/backbone/node_modules/jquery/dist/jquery.js in 1174_PROFILING_INFO_
​ _PROFILING_INFO_start function null from ../todomvc/examples/backbone/node_modules/jquery/dist/jquery.js in 1218_PROFILING_INFO_
​ _PROFILING_INFO_start function null from ../todomvc/examples/backbone/node_modules/jquery/dist/jquery.js in 1249_PROFILING_INFO_
​ _PROFILING_INFO_start function null from ../todomvc/examples/backbone/node_modules/jquery/dist/jquery.js in 2560_PROFILING_INFO_
​ _PROFILING_INFO_start function null from ../todomvc/examples/backbone/node_modules/jquery/dist/jquery.js in 2568_PROFILING_INFO_
​ _PROFILING_INFO_start function null from ../todomvc/examples/backbone/node_modules/jquery/dist/jquery.js in 2581_PROFILING_INFO_
​ _PROFILING_INFO_start function null from ../todomvc/examples/backbone/node_modules/jquery/dist/jquery.js in 2595_PROFILING_INFO_
​ _PROFILING_INFO_start function null from ../todomvc/examples/backbone/node_modules/jquery/dist/jquery.js in 73_PROFILING_INFO_
​ _PROFILING_INFO_start function null from ../todomvc/examples/backbone/node_modules/jquery/dist/jquery.js in 2735_PROFILING_INFO_
​ _PROFILING_INFO_start function null from ../todomvc/examples/backbone/node_modules/jquery/dist/jquery.js in 3001_PROFILING_INFO_
​ _PROFILING_INFO_start function null from ../todomvc/examples/backbone/node_modules/jquery/dist/jquery.js in 3436_PROFILING_INFO_
​ _PROFILING_INFO_start function null from ../todomvc/examples/backbone/node_modules/jquery/dist/jquery.js in 3233_PROFILING_INFO_
​ _PROFILING_INFO_start function null from ../todomvc/examples/backbone/node_modules/jquery/dist/jquery.js in 3066_PROFILING_INFO_
​ _PROFILING_INFO_start function createOptions from ../todomvc/examples/backbone/node_modules/jquery/dist/jquery.js in 3036_PROFILING_INFO_
​ _PROFILING_INFO_start function null from ../todomvc/examples/backbone/node_modules/jquery/dist/jquery.js in 3038_PROFILING_INFO_
​ _PROFILING_INFO_start function null from ../todomvc/examples/backbone/node_modules/jquery/dist/jquery.js in 3282_PROFILING_INFO_
​ _PROFILING_INFO_start function null from ../todomvc/examples/backbone/node_modules/jquery/dist/jquery.js in 3120_PROFILING_INFO_
​ _PROFILING_INFO_start function add from ../todomvc/examples/backbone/node_modules/jquery/dist/jquery.js in 3124_PROFILING_INFO_
​ _PROFILING_INFO_start function null from ../todomvc/examples/backbone/node_modules/jquery/dist/jquery.js in 3125_PROFILING_INFO_
​ _PROFILING_INFO_start function null from ../todomvc/examples/backbone/node_modules/jquery/dist/jquery.js in 3272_PROFILING_INFO_
​ _PROFILING_INFO_start function Data from ../todomvc/examples/backbone/node_modules/jquery/dist/jquery.js in 3535_PROFILING_INFO_
​ _PROFILING_INFO_start function null from ../todomvc/examples/backbone/node_modules/jquery/dist/jquery.js in 4029_PROFILING_INFO_
​ _PROFILING_INFO_start function null from ../todomvc/examples/backbone/node_modules/jquery/dist/jquery.js in 4750_PROFILING_INFO_
​ _PROFILING_INFO_start function null from ../todomvc/examples/backbone/node_modules/jquery/dist/jquery.js in 4776_PROFILING_INFO_
​ _PROFILING_INFO_start function null from ../todomvc/examples/backbone/node_modules/jquery/dist/jquery.js in 5453_PROFILING_INFO_
​ _PROFILING_INFO_start function null from ../todomvc/examples/backbone/node_modules/jquery/dist/jquery.js in 5619_PROFILING_INFO_
​ _PROFILING_INFO_start function null from ../todomvc/examples/backbone/node_modules/jquery/dist/jquery.js in 6044_PROFILING_INFO_
​ _PROFILING_INFO_start function addGetHookIf from ../todomvc/examples/backbone/node_modules/jquery/dist/jquery.js in 5601_PROFILING_INFO_
​ _PROFILING_INFO_start function null from ../todomvc/examples/backbone/node_modules/jquery/dist/jquery.js in 6089_PROFILING_INFO_
​ _PROFILING_INFO_start function null from ../todomvc/examples/backbone/node_modules/jquery/dist/jquery.js in 255_PROFILING_INFO_
​ _PROFILING_INFO_start function null from ../todomvc/examples/backbone/node_modules/jquery/dist/jquery.js in 6824_PROFILING_INFO_
​ _PROFILING_INFO_start function genFx from ../todomvc/examples/backbone/node_modules/jquery/dist/jquery.js in 6334_PROFILING_INFO_
​ _PROFILING_INFO_start function null from ../todomvc/examples/backbone/node_modules/jquery/dist/jquery.js in 6841_PROFILING_INFO_
​ _PROFILING_INFO_start function null from ../todomvc/examples/backbone/node_modules/jquery/dist/jquery.js in 6914_PROFILING_INFO_
​ _PROFILING_INFO_start function null from ../todomvc/examples/backbone/node_modules/jquery/dist/jquery.js in 7056_PROFILING_INFO_
​ _PROFILING_INFO_start function null from ../todomvc/examples/backbone/node_modules/jquery/dist/jquery.js in 7160_PROFILING_INFO_
​ _PROFILING_INFO_start function null from ../todomvc/examples/backbone/node_modules/jquery/dist/jquery.js in 7458_PROFILING_INFO_
​ _PROFILING_INFO_start function null from ../todomvc/examples/backbone/node_modules/jquery/dist/jquery.js in 7481_PROFILING_INFO_
​ _PROFILING_INFO_start function addToPrefiltersOrTransports from ../todomvc/examples/backbone/node_modules/jquery/dist/jquery.js in 7586_PROFILING_INFO_
​ _PROFILING_INFO_start function null from ../todomvc/examples/backbone/node_modules/jquery/dist/jquery.js in 8302_PROFILING_INFO_
​ _PROFILING_INFO_start function null from ../todomvc/examples/backbone/node_modules/jquery/dist/jquery.js in 8519_PROFILING_INFO_
​ _PROFILING_INFO_start function null from ../todomvc/examples/backbone/node_modules/jquery/dist/jquery.js in 7589_PROFILING_INFO_
​ _PROFILING_INFO_start function null from ../todomvc/examples/backbone/node_modules/jquery/dist/jquery.js in 7891_PROFILING_INFO_
​ _PROFILING_INFO_start function ajaxExtend from ../todomvc/examples/backbone/node_modules/jquery/dist/jquery.js in 7645_PROFILING_INFO_
​ _PROFILING_INFO_start function null from ../todomvc/examples/backbone/node_modules/jquery/dist/jquery.js in 273_PROFILING_INFO_
​ _PROFILING_INFO_start function null from ../todomvc/examples/backbone/node_modules/jquery/dist/jquery.js in 8894_PROFILING_INFO_
​ _PROFILING_INFO_start function null from ../todomvc/examples/backbone/node_modules/jquery/dist/jquery.js in 9059_PROFILING_INFO_
​ _PROFILING_INFO_start function null from ../todomvc/examples/backbone/node_modules/jquery/dist/jquery.js in 9089_PROFILING_INFO_
​ _PROFILING_INFO_start function null from ../todomvc/examples/backbone/node_modules/jquery/dist/jquery.js in 9105_PROFILING_INFO_
​ _PROFILING_INFO_start function null from ../todomvc/examples/backbone/node_modules/jquery/dist/jquery.js in 9106_PROFILING_INFO_
​ _PROFILING_INFO_start function null from ../todomvc/examples/backbone/node_modules/underscore/underscore.js in 6_PROFILING_INFO_
​ _PROFILING_INFO_start function null from ../todomvc/examples/backbone/node_modules/underscore/underscore.js in 125_PROFILING_INFO_
​ _PROFILING_INFO_start function createReduce from ../todomvc/examples/backbone/node_modules/underscore/underscore.js in 178_PROFILING_INFO_
​ _PROFILING_INFO_start function null from ../todomvc/examples/backbone/node_modules/underscore/underscore.js in 394_PROFILING_INFO_
​ _PROFILING_INFO_start function createPredicateIndexFinder from ../todomvc/examples/backbone/node_modules/underscore/underscore.js in 614_PROFILING_INFO_
​ _PROFILING_INFO_start function createIndexFinder from ../todomvc/examples/backbone/node_modules/underscore/underscore.js in 644_PROFILING_INFO_
​ _PROFILING_INFO_start function null from ../todomvc/examples/backbone/node_modules/underscore/underscore.js in 724_PROFILING_INFO_
​ _PROFILING_INFO_start function null from ../todomvc/examples/backbone/node_modules/underscore/underscore.js in 98_PROFILING_INFO_
​ _PROFILING_INFO_start function null from ../todomvc/examples/backbone/node_modules/underscore/underscore.js in 148_PROFILING_INFO_
​ _PROFILING_INFO_start function null from ../todomvc/examples/backbone/node_modules/underscore/underscore.js in 63_PROFILING_INFO_
​ _PROFILING_INFO_start function null from ../todomvc/examples/backbone/node_modules/underscore/underscore.js in 137_PROFILING_INFO_
​ _PROFILING_INFO_start function null from ../todomvc/examples/backbone/node_modules/underscore/underscore.js in 126_PROFILING_INFO_
​ _PROFILING_INFO_start function null from ../todomvc/examples/backbone/node_modules/underscore/underscore.js in 1218_PROFILING_INFO_
​ _PROFILING_INFO_start function null from ../todomvc/examples/backbone/node_modules/underscore/underscore.js in 1219_PROFILING_INFO_
​ _PROFILING_INFO_start function null from ../todomvc/examples/backbone/node_modules/underscore/underscore.js in 986_PROFILING_INFO_
​ _PROFILING_INFO_start function null from ../todomvc/examples/backbone/node_modules/underscore/underscore.js in 928_PROFILING_INFO_
​ _PROFILING_INFO_start function null from ../todomvc/examples/backbone/node_modules/underscore/underscore.js in 1212_PROFILING_INFO_
​ _PROFILING_INFO_start function null from ../todomvc/examples/backbone/node_modules/underscore/underscore.js in 1347_PROFILING_INFO_
​ _PROFILING_INFO_start function null from ../todomvc/examples/backbone/node_modules/underscore/underscore.js in 1490_PROFILING_INFO_
​ _PROFILING_INFO_start function null from ../todomvc/examples/backbone/node_modules/underscore/underscore.js in 997_PROFILING_INFO_
​ _PROFILING_INFO_start function null from ../todomvc/examples/backbone/node_modules/underscore/underscore.js in 1235_PROFILING_INFO_
​ _PROFILING_INFO_start function null from ../todomvc/examples/backbone/node_modules/underscore/underscore.js in 1491_PROFILING_INFO_
​ _PROFILING_INFO_start function null from ../todomvc/examples/backbone/node_modules/underscore/underscore.js in 1505_PROFILING_INFO_
​ _PROFILING_INFO_start function null from ../todomvc/examples/backbone/node_modules/underscore/underscore.js in 1516_PROFILING_INFO_
​ _PROFILING_INFO_start function null from ../todomvc/examples/backbone/node_modules/backbone/backbone.js in 8_PROFILING_INFO_
​ _PROFILING_INFO_start function null from ../todomvc/examples/backbone/node_modules/backbone/backbone.js in 34_PROFILING_INFO_
​ _PROFILING_INFO_start function null from ../todomvc/examples/backbone/node_modules/underscore/underscore.js in 99_PROFILING_INFO_
​ _PROFILING_INFO_start function null from ../todomvc/examples/backbone/node_modules/underscore/underscore.js in 939_PROFILING_INFO_
​ _PROFILING_INFO_start function null from ../todomvc/examples/backbone/node_modules/underscore/underscore.js in 1212_PROFILING_INFO_
​ _PROFILING_INFO_start function null from ../todomvc/examples/backbone/node_modules/backbone/backbone.js in 99_PROFILING_INFO_
​ _PROFILING_INFO_start function null from ../todomvc/examples/backbone/node_modules/underscore/underscore.js in 148_PROFILING_INFO_
​ _PROFILING_INFO_start function null from ../todomvc/examples/backbone/node_modules/underscore/underscore.js in 63_PROFILING_INFO_
​ _PROFILING_INFO_start function null from ../todomvc/examples/backbone/node_modules/underscore/underscore.js in 137_PROFILING_INFO_
​ _PROFILING_INFO_start function null from ../todomvc/examples/backbone/node_modules/underscore/underscore.js in 126_PROFILING_INFO_
​ _PROFILING_INFO_start function null from ../todomvc/examples/backbone/node_modules/underscore/underscore.js in 928_PROFILING_INFO_
​ _PROFILING_INFO_start function null from ../todomvc/examples/backbone/node_modules/backbone/backbone.js in 100_PROFILING_INFO_
​ _PROFILING_INFO_start function null from ../todomvc/examples/backbone/node_modules/backbone/backbone.js in 78_PROFILING_INFO_
​ _PROFILING_INFO_start function null from ../todomvc/examples/backbone/node_modules/backbone/backbone.js in 1539_PROFILING_INFO_
​ _PROFILING_INFO_start function null from ../todomvc/examples/backbone/node_modules/underscore/underscore.js in 711_PROFILING_INFO_
​ _PROFILING_INFO_start function null from ../todomvc/examples/backbone/node_modules/backbone.localstorage/backbone.localStorage.js in 7_PROFILING_INFO_
​ _PROFILING_INFO_start function null from ../todomvc/examples/backbone/node_modules/backbone.localstorage/backbone.localStorage.js in 19_PROFILING_INFO_
​ _PROFILING_INFO_start function extend from ../todomvc/examples/backbone/node_modules/backbone.localstorage/backbone.localStorage.js in 44_PROFILING_INFO_
​ _PROFILING_INFO_start function null from ../todomvc/examples/backbone/js/models/todo.js in 4_PROFILING_INFO_
​ _PROFILING_INFO_start function null from ../todomvc/examples/backbone/node_modules/backbone/backbone.js in 1841_PROFILING_INFO_
​ _PROFILING_INFO_start function null from ../todomvc/examples/backbone/node_modules/underscore/underscore.js in 1267_PROFILING_INFO_
​ _PROFILING_INFO_start function null from ../todomvc/examples/backbone/node_modules/underscore/underscore.js in 99_PROFILING_INFO_
​ _PROFILING_INFO_start function null from ../todomvc/examples/backbone/node_modules/underscore/underscore.js in 939_PROFILING_INFO_
​ _PROFILING_INFO_start function null from ../todomvc/examples/backbone/node_modules/underscore/underscore.js in 1212_PROFILING_INFO_
​ _PROFILING_INFO_start function null from ../todomvc/examples/backbone/node_modules/backbone/backbone.js in 1859_PROFILING_INFO_
​ _PROFILING_INFO_start function null from ../todomvc/examples/backbone/js/collections/todos.js in 4_PROFILING_INFO_
​ _PROFILING_INFO_start function null from ../todomvc/examples/backbone/node_modules/backbone.localstorage/backbone.localStorage.js in 58_PROFILING_INFO_
​ _PROFILING_INFO_start function null from ../todomvc/examples/backbone/node_modules/backbone.localstorage/backbone.localStorage.js in 136_PROFILING_INFO_
​ _PROFILING_INFO_start function null from ../todomvc/examples/backbone/node_modules/backbone/backbone.js in 1841_PROFILING_INFO_
​ _PROFILING_INFO_start function null from ../todomvc/examples/backbone/node_modules/underscore/underscore.js in 1267_PROFILING_INFO_
​ _PROFILING_INFO_start function null from ../todomvc/examples/backbone/node_modules/underscore/underscore.js in 99_PROFILING_INFO_
​ _PROFILING_INFO_start function null from ../todomvc/examples/backbone/node_modules/underscore/underscore.js in 939_PROFILING_INFO_
​ _PROFILING_INFO_start function null from ../todomvc/examples/backbone/node_modules/underscore/underscore.js in 1212_PROFILING_INFO_
​ _PROFILING_INFO_start function null from ../todomvc/examples/backbone/node_modules/backbone/backbone.js in 1859_PROFILING_INFO_
​ _PROFILING_INFO_start function null from ../todomvc/examples/backbone/node_modules/backbone/backbone.js in 1851_PROFILING_INFO_
​ _PROFILING_INFO_start function null from ../todomvc/examples/backbone/node_modules/backbone/backbone.js in 754_PROFILING_INFO_
​ _PROFILING_INFO_start function null from ../todomvc/examples/backbone/node_modules/backbone/backbone.js in 1073_PROFILING_INFO_
​ _PROFILING_INFO_start function null from ../todomvc/examples/backbone/node_modules/backbone/backbone.js in 785_PROFILING_INFO_
​ _PROFILING_INFO_start function null from ../todomvc/examples/backbone/js/views/todo-view.js in 4_PROFILING_INFO_
​ _PROFILING_INFO_start function null from ../todomvc/examples/backbone/node_modules/jquery/dist/jquery.js in 73_PROFILING_INFO_
​ _PROFILING_INFO_start function null from ../todomvc/examples/backbone/node_modules/jquery/dist/jquery.js in 2735_PROFILING_INFO_
​ _PROFILING_INFO_start function null from ../todomvc/examples/backbone/node_modules/jquery/dist/jquery.js in 5299_PROFILING_INFO_
​ _PROFILING_INFO_start function null from ../todomvc/examples/backbone/node_modules/jquery/dist/jquery.js in 3468_PROFILING_INFO_
​ _PROFILING_INFO_start function null from ../todomvc/examples/backbone/node_modules/jquery/dist/jquery.js in 300_PROFILING_INFO_
​ _PROFILING_INFO_start function null from ../todomvc/examples/backbone/node_modules/jquery/dist/jquery.js in 5300_PROFILING_INFO_
​ _PROFILING_INFO_start function null from ../todomvc/examples/backbone/node_modules/underscore/underscore.js in 1415_PROFILING_INFO_
​ _PROFILING_INFO_start function null from ../todomvc/examples/backbone/node_modules/underscore/underscore.js in 99_PROFILING_INFO_
​ _PROFILING_INFO_start function null from ../todomvc/examples/backbone/node_modules/underscore/underscore.js in 939_PROFILING_INFO_
​ _PROFILING_INFO_start function null from ../todomvc/examples/backbone/node_modules/underscore/underscore.js in 1212_PROFILING_INFO_
​ _PROFILING_INFO_start function null from ../todomvc/examples/backbone/node_modules/underscore/underscore.js in 1429_PROFILING_INFO_
​ _PROFILING_INFO_start function null from ../todomvc/examples/backbone/node_modules/underscore/underscore.js in 1407_PROFILING_INFO_
​ _PROFILING_INFO_start function null from ../todomvc/examples/backbone/node_modules/backbone/backbone.js in 1841_PROFILING_INFO_
​ _PROFILING_INFO_start function null from ../todomvc/examples/backbone/node_modules/underscore/underscore.js in 1267_PROFILING_INFO_
​ _PROFILING_INFO_start function null from ../todomvc/examples/backbone/node_modules/backbone/backbone.js in 1859_PROFILING_INFO_
​ _PROFILING_INFO_start function null from ../todomvc/examples/backbone/js/views/app-view.js in 4_PROFILING_INFO_
​ _PROFILING_INFO_start function null from ../todomvc/examples/backbone/node_modules/jquery/dist/jquery.js in 73_PROFILING_INFO_
​ _PROFILING_INFO_start function null from ../todomvc/examples/backbone/node_modules/jquery/dist/jquery.js in 2735_PROFILING_INFO_
​ _PROFILING_INFO_start function null from ../todomvc/examples/backbone/node_modules/jquery/dist/jquery.js in 5299_PROFILING_INFO_
​ _PROFILING_INFO_start function null from ../todomvc/examples/backbone/node_modules/jquery/dist/jquery.js in 3468_PROFILING_INFO_
​ _PROFILING_INFO_start function null from ../todomvc/examples/backbone/node_modules/jquery/dist/jquery.js in 300_PROFILING_INFO_
​ _PROFILING_INFO_start function null from ../todomvc/examples/backbone/node_modules/jquery/dist/jquery.js in 5300_PROFILING_INFO_
​ _PROFILING_INFO_start function null from ../todomvc/examples/backbone/node_modules/underscore/underscore.js in 1415_PROFILING_INFO_
​ _PROFILING_INFO_start function null from ../todomvc/examples/backbone/node_modules/underscore/underscore.js in 99_PROFILING_INFO_
​ _PROFILING_INFO_start function null from ../todomvc/examples/backbone/node_modules/underscore/underscore.js in 939_PROFILING_INFO_
​ _PROFILING_INFO_start function null from ../todomvc/examples/backbone/node_modules/underscore/underscore.js in 1212_PROFILING_INFO_
​ _PROFILING_INFO_start function null from ../todomvc/examples/backbone/node_modules/underscore/underscore.js in 1429_PROFILING_INFO_
​ _PROFILING_INFO_start function null from ../todomvc/examples/backbone/node_modules/underscore/underscore.js in 1407_PROFILING_INFO_
​ _PROFILING_INFO_start function null from ../todomvc/examples/backbone/node_modules/backbone/backbone.js in 1841_PROFILING_INFO_
​ _PROFILING_INFO_start function null from ../todomvc/examples/backbone/node_modules/underscore/underscore.js in 1267_PROFILING_INFO_
​ _PROFILING_INFO_start function null from ../todomvc/examples/backbone/node_modules/backbone/backbone.js in 1859_PROFILING_INFO_
​ _PROFILING_INFO_start function null from ../todomvc/examples/backbone/js/routers/router.js in 4_PROFILING_INFO_
​ _PROFILING_INFO_start function null from ../todomvc/examples/backbone/node_modules/backbone/backbone.js in 1841_PROFILING_INFO_
​ _PROFILING_INFO_start function null from ../todomvc/examples/backbone/node_modules/underscore/underscore.js in 1267_PROFILING_INFO_
​ _PROFILING_INFO_start function null from ../todomvc/examples/backbone/node_modules/underscore/underscore.js in 99_PROFILING_INFO_
​ _PROFILING_INFO_start function null from ../todomvc/examples/backbone/node_modules/underscore/underscore.js in 939_PROFILING_INFO_
​ _PROFILING_INFO_start function null from ../todomvc/examples/backbone/node_modules/underscore/underscore.js in 1212_PROFILING_INFO_
​ _PROFILING_INFO_start function null from ../todomvc/examples/backbone/node_modules/backbone/backbone.js in 1859_PROFILING_INFO_
​ _PROFILING_INFO_start function null from ../todomvc/examples/backbone/node_modules/backbone/backbone.js in 1851_PROFILING_INFO_
​ _PROFILING_INFO_start function null from ../todomvc/examples/backbone/node_modules/backbone/backbone.js in 1435_PROFILING_INFO_
​ _PROFILING_INFO_start function null from ../todomvc/examples/backbone/node_modules/backbone/backbone.js in 1496_PROFILING_INFO_
​ _PROFILING_INFO_start function null from ../todomvc/examples/backbone/node_modules/underscore/underscore.js in 1365_PROFILING_INFO_
​ _PROFILING_INFO_start function null from ../todomvc/examples/backbone/node_modules/underscore/underscore.js in 1235_PROFILING_INFO_
​ _PROFILING_INFO_start function null from ../todomvc/examples/backbone/node_modules/underscore/underscore.js in 928_PROFILING_INFO_
​ _PROFILING_INFO_start function null from ../todomvc/examples/backbone/node_modules/backbone/backbone.js in 1462_PROFILING_INFO_
​ _PROFILING_INFO_start function null from ../todomvc/examples/backbone/node_modules/underscore/underscore.js in 1219_PROFILING_INFO_
​ _PROFILING_INFO_start function null from ../todomvc/examples/backbone/node_modules/backbone/backbone.js in 1507_PROFILING_INFO_
​ _PROFILING_INFO_start function null from ../todomvc/examples/backbone/node_modules/backbone/backbone.js in 1726_PROFILING_INFO_
​ _PROFILING_INFO_start function null from ../todomvc/examples/backbone/node_modules/backbone/backbone.js in 1454_PROFILING_INFO_
​ _PROFILING_INFO_start function null from ../todomvc/examples/backbone/node_modules/backbone/backbone.js in 1625_PROFILING_INFO_
​ _PROFILING_INFO_start function null from ../todomvc/examples/backbone/node_modules/backbone/backbone.js in 1612_PROFILING_INFO_
​ _PROFILING_INFO_start function null from ../todomvc/examples/backbone/node_modules/backbone/backbone.js in 1598_PROFILING_INFO_
​ _PROFILING_INFO_start function null from ../todomvc/examples/backbone/node_modules/backbone/backbone.js in 1749_PROFILING_INFO_
​ _PROFILING_INFO_start function null from ../todomvc/examples/backbone/node_modules/backbone/backbone.js in 1576_PROFILING_INFO_
​ _PROFILING_INFO_start function null from ../todomvc/examples/backbone/node_modules/backbone/backbone.js in 1585_PROFILING_INFO_
​ _PROFILING_INFO_start function null from ../todomvc/examples/backbone/node_modules/underscore/underscore.js in 252_PROFILING_INFO_
​ _PROFILING_INFO_start function null from ../todomvc/examples/backbone/node_modules/underscore/underscore.js in 87_PROFILING_INFO_
​ _PROFILING_INFO_start function null from ../todomvc/examples/backbone/node_modules/underscore/underscore.js in 63_PROFILING_INFO_
​ _PROFILING_INFO_start function null from ../todomvc/examples/backbone/node_modules/underscore/underscore.js in 137_PROFILING_INFO_
​ _PROFILING_INFO_start function null from ../todomvc/examples/backbone/node_modules/underscore/underscore.js in 126_PROFILING_INFO_
​ _PROFILING_INFO_start function null from ../todomvc/examples/backbone/node_modules/backbone/backbone.js in 1753_PROFILING_INFO_
​ _PROFILING_INFO_start function null from ../todomvc/examples/backbone/node_modules/backbone/backbone.js in 1470_PROFILING_INFO_
​ _PROFILING_INFO_start function null from ../todomvc/examples/backbone/node_modules/backbone/backbone.js in 1520_PROFILING_INFO_
​ _PROFILING_INFO_start function null from ../todomvc/examples/backbone/node_modules/underscore/underscore.js in 165_PROFILING_INFO_
​ _PROFILING_INFO_start function null from ../todomvc/examples/backbone/node_modules/backbone/backbone.js in 1522_PROFILING_INFO_
​ _PROFILING_INFO_start function null from ../todomvc/examples/backbone/node_modules/backbone/backbone.js in 1483_PROFILING_INFO_
​ _PROFILING_INFO_start function null from ../todomvc/examples/backbone/js/routers/router.js in 14_PROFILING_INFO_
​ _PROFILING_INFO_start function null from ../todomvc/examples/backbone/node_modules/backbone/backbone.js in 339_PROFILING_INFO_
​ _PROFILING_INFO_start function null from ../todomvc/examples/backbone/node_modules/jquery/dist/jquery.js in 73_PROFILING_INFO_
​ _PROFILING_INFO_start function null from ../todomvc/examples/backbone/node_modules/jquery/dist/jquery.js in 2735_PROFILING_INFO_
​ _PROFILING_INFO_start function null from ../todomvc/examples/backbone/node_modules/jquery/dist/jquery.js in 255_PROFILING_INFO_
​ _PROFILING_INFO_start function null from ../todomvc/examples/backbone/node_modules/jquery/dist/jquery.js in 300_PROFILING_INFO_
​ _PROFILING_INFO_start function null from ../todomvc/examples/backbone/node_modules/jquery/dist/jquery.js in 3376_PROFILING_INFO_
​ _PROFILING_INFO_start function null from ../todomvc/examples/backbone/node_modules/jquery/dist/jquery.js in 3436_PROFILING_INFO_
​ _PROFILING_INFO_start function null from ../todomvc/examples/backbone/node_modules/jquery/dist/jquery.js in 3272_PROFILING_INFO_
​ _PROFILING_INFO_start function null from ../todomvc/examples/backbone/node_modules/jquery/dist/jquery.js in 3120_PROFILING_INFO_
​ _PROFILING_INFO_start function add from ../todomvc/examples/backbone/node_modules/jquery/dist/jquery.js in 3124_PROFILING_INFO_
​ _PROFILING_INFO_start function null from ../todomvc/examples/backbone/node_modules/jquery/dist/jquery.js in 345_PROFILING_INFO_
​ _PROFILING_INFO_start function isArraylike from ../todomvc/examples/backbone/node_modules/jquery/dist/jquery.js in 533_PROFILING_INFO_
​ _PROFILING_INFO_start function null from ../todomvc/examples/backbone/node_modules/jquery/dist/jquery.js in 261_PROFILING_INFO_
​ _PROFILING_INFO_start function null from ../todomvc/examples/backbone/node_modules/jquery/dist/jquery.js in 3125_PROFILING_INFO_
​ _PROFILING_INFO_start function completed from ../todomvc/examples/backbone/node_modules/jquery/dist/jquery.js in 3430_PROFILING_INFO_
​ _PROFILING_INFO_start function null from ../todomvc/examples/backbone/node_modules/jquery/dist/jquery.js in 3401_PROFILING_INFO_
​ _PROFILING_INFO_start function null from ../todomvc/examples/backbone/node_modules/jquery/dist/jquery.js in 3204_PROFILING_INFO_
​ _PROFILING_INFO_start function null from ../todomvc/examples/backbone/node_modules/jquery/dist/jquery.js in 3091_PROFILING_INFO_
​ _PROFILING_INFO_start function null from ../todomvc/examples/backbone/node_modules/jquery/dist/jquery.js in 3291_PROFILING_INFO_
​ _PROFILING_INFO_start function null from ../todomvc/examples/backbone/node_modules/jquery/dist/jquery.js in 3183_PROFILING_INFO_
​ _PROFILING_INFO_start function null from ../todomvc/examples/backbone/node_modules/jquery/dist/jquery.js in 3192_PROFILING_INFO_
​ _PROFILING_INFO_start function null from ../todomvc/examples/backbone/js/app.js in 7_PROFILING_INFO_
​ _PROFILING_INFO_start function null from ../todomvc/examples/backbone/node_modules/backbone/backbone.js in 1851_PROFILING_INFO_
​ _PROFILING_INFO_start function null from ../todomvc/examples/backbone/node_modules/backbone/backbone.js in 1187_PROFILING_INFO_
​ _PROFILING_INFO_start function null from ../todomvc/examples/backbone/node_modules/underscore/underscore.js in 1376_PROFILING_INFO_
​ _PROFILING_INFO_start function null from ../todomvc/examples/backbone/node_modules/underscore/underscore.js in 1023_PROFILING_INFO_
​ _PROFILING_INFO_start function null from ../todomvc/examples/backbone/node_modules/underscore/underscore.js in 99_PROFILING_INFO_
​ _PROFILING_INFO_start function null from ../todomvc/examples/backbone/node_modules/underscore/underscore.js in 939_PROFILING_INFO_
​ _PROFILING_INFO_start function null from ../todomvc/examples/backbone/node_modules/underscore/underscore.js in 1212_PROFILING_INFO_
​ _PROFILING_INFO_start function null from ../todomvc/examples/backbone/node_modules/backbone/backbone.js in 1317_PROFILING_INFO_
​ _PROFILING_INFO_start function null from ../todomvc/examples/backbone/node_modules/underscore/underscore.js in 1365_PROFILING_INFO_
​ _PROFILING_INFO_start function null from ../todomvc/examples/backbone/node_modules/underscore/underscore.js in 1235_PROFILING_INFO_
​ _PROFILING_INFO_start function null from ../todomvc/examples/backbone/node_modules/backbone/backbone.js in 1240_PROFILING_INFO_
​ _PROFILING_INFO_start function null from ../todomvc/examples/backbone/node_modules/backbone/backbone.js in 1295_PROFILING_INFO_
​ _PROFILING_INFO_start function null from ../todomvc/examples/backbone/node_modules/backbone/backbone.js in 1252_PROFILING_INFO_
​ _PROFILING_INFO_start function null from ../todomvc/examples/backbone/node_modules/jquery/dist/jquery.js in 2678_PROFILING_INFO_
​ _PROFILING_INFO_start function Sizzle from ../todomvc/examples/backbone/node_modules/jquery/dist/jquery.js in 750_PROFILING_INFO_
​ _PROFILING_INFO_start function null from ../todomvc/examples/backbone/node_modules/jquery/dist/jquery.js in 122_PROFILING_INFO_
​ _PROFILING_INFO_start function null from ../todomvc/examples/backbone/node_modules/jquery/dist/jquery.js in 423_PROFILING_INFO_
​ _PROFILING_INFO_start function null from ../todomvc/examples/backbone/node_modules/backbone/backbone.js in 1270_PROFILING_INFO_
​ _PROFILING_INFO_start function null from ../todomvc/examples/backbone/node_modules/jquery/dist/jquery.js in 4867_PROFILING_INFO_
​ _PROFILING_INFO_start function null from ../todomvc/examples/backbone/node_modules/jquery/dist/jquery.js in 138_PROFILING_INFO_
​ _PROFILING_INFO_start function null from ../todomvc/examples/backbone/node_modules/jquery/dist/jquery.js in 4894_PROFILING_INFO_
​ _PROFILING_INFO_start function null from ../todomvc/examples/backbone/node_modules/jquery/dist/jquery.js in 4194_PROFILING_INFO_
​ _PROFILING_INFO_start function null from ../todomvc/examples/backbone/node_modules/jquery/dist/jquery.js in 3696_PROFILING_INFO_
​ _PROFILING_INFO_start function null from ../todomvc/examples/backbone/node_modules/jquery/dist/jquery.js in 292_PROFILING_INFO_
​ _PROFILING_INFO_start function null from ../todomvc/examples/backbone/node_modules/underscore/underscore.js in 711_PROFILING_INFO_
​ _PROFILING_INFO_start function null from ../todomvc/examples/backbone/node_modules/backbone/backbone.js in 1287_PROFILING_INFO_
​ _PROFILING_INFO_start function null from ../todomvc/examples/backbone/node_modules/jquery/dist/jquery.js in 4811_PROFILING_INFO_
​ _PROFILING_INFO_start function null from ../todomvc/examples/backbone/node_modules/jquery/dist/jquery.js in 4860_PROFILING_INFO_
​ _PROFILING_INFO_start function null from ../todomvc/examples/backbone/node_modules/jquery/dist/jquery.js in 4088_PROFILING_INFO_
​ _PROFILING_INFO_start function null from ../todomvc/examples/backbone/node_modules/jquery/dist/jquery.js in 3614_PROFILING_INFO_
​ _PROFILING_INFO_start function null from ../todomvc/examples/backbone/node_modules/jquery/dist/jquery.js in 3552_PROFILING_INFO_
​ _PROFILING_INFO_start function null from ../todomvc/examples/backbone/node_modules/jquery/dist/jquery.js in 3523_PROFILING_INFO_
​ _PROFILING_INFO_start function null from ../todomvc/examples/backbone/node_modules/jquery/dist/jquery.js in 177_PROFILING_INFO_
​ _PROFILING_INFO_start function null from ../todomvc/examples/backbone/js/views/app-view.js in 30_PROFILING_INFO_
​ _PROFILING_INFO_start function null from ../todomvc/examples/backbone/node_modules/backbone/backbone.js in 1208_PROFILING_INFO_
​ _PROFILING_INFO_start function null from ../todomvc/examples/backbone/node_modules/backbone/backbone.js in 185_PROFILING_INFO_
​ _PROFILING_INFO_start function null from ../todomvc/examples/backbone/node_modules/backbone/backbone.js in 167_PROFILING_INFO_
​ _PROFILING_INFO_start function null from ../todomvc/examples/backbone/node_modules/backbone/backbone.js in 140_PROFILING_INFO_
​ _PROFILING_INFO_start function null from ../todomvc/examples/backbone/node_modules/backbone/backbone.js in 204_PROFILING_INFO_
underscore-instrumented.js:984 _PROFILING_INFO_start function null from ../todomvc/examples/backbone/node_modules/underscore/underscore.js in 817_PROFILING_INFO_
backbone-instrumented.js:1082 _PROFILING_INFO_start function null from ../todomvc/examples/backbone/node_modules/backbone/backbone.js in 1019_PROFILING_INFO_
backbone-instrumented.js:1939 _PROFILING_INFO_start function null from ../todomvc/examples/backbone/node_modules/backbone/backbone.js in 1883_PROFILING_INFO_
backbone-instrumented.js:842 _PROFILING_INFO_start function null from ../todomvc/examples/backbone/node_modules/backbone/backbone.js in 794_PROFILING_INFO_
backbone.localStorage-instrumented.js:283 _PROFILING_INFO_start function null from ../todomvc/examples/backbone/node_modules/backbone.localstorage/backbone.localStorage.js in 253_PROFILING_INFO_
backbone.localStorage-instrumented.js:272 _PROFILING_INFO_start function null from ../todomvc/examples/backbone/node_modules/backbone.localstorage/backbone.localStorage.js in 241_PROFILING_INFO_
backbone.localStorage-instrumented.js:71 _PROFILING_INFO_start function result from ../todomvc/examples/backbone/node_modules/backbone.localstorage/backbone.localStorage.js in 49_PROFILING_INFO_
backbone.localStorage-instrumented.js:216 _PROFILING_INFO_start function null from ../todomvc/examples/backbone/node_modules/backbone.localstorage/backbone.localStorage.js in 172_PROFILING_INFO_
jquery-instrumented.js:2657 _PROFILING_INFO_start function null from ../todomvc/examples/backbone/node_modules/jquery/dist/jquery.js in 3233_PROFILING_INFO_
jquery-instrumented.js:2471 _PROFILING_INFO_start function null from ../todomvc/examples/backbone/node_modules/jquery/dist/jquery.js in 3066_PROFILING_INFO_
jquery-instrumented.js:2738 _PROFILING_INFO_start function null from ../todomvc/examples/backbone/node_modules/jquery/dist/jquery.js in 3282_PROFILING_INFO_
backbone.localStorage-instrumented.js:151 _PROFILING_INFO_start function null from ../todomvc/examples/backbone/node_modules/backbone.localstorage/backbone.localStorage.js in 113_PROFILING_INFO_
backbone-instrumented.js:1090 _PROFILING_INFO_start function null from ../todomvc/examples/backbone/node_modules/backbone/backbone.js in 1023_PROFILING_INFO_
backbone-instrumented.js:968 _PROFILING_INFO_start function null from ../todomvc/examples/backbone/node_modules/backbone/backbone.js in 926_PROFILING_INFO_
underscore-instrumented.js:1298 _PROFILING_INFO_start function null from ../todomvc/examples/backbone/node_modules/underscore/underscore.js in 1068_PROFILING_INFO_
backbone-instrumented.js:1155 _PROFILING_INFO_start function null from ../todomvc/examples/backbone/node_modules/backbone/backbone.js in 1073_PROFILING_INFO_
backbone-instrumented.js:849 _PROFILING_INFO_start function null from ../todomvc/examples/backbone/node_modules/backbone/backbone.js in 801_PROFILING_INFO_
backbone-instrumented.js:869 _PROFILING_INFO_start function null from ../todomvc/examples/backbone/node_modules/backbone/backbone.js in 819_PROFILING_INFO_
backbone-instrumented.js:1204 _PROFILING_INFO_start function null from ../todomvc/examples/backbone/node_modules/backbone/backbone.js in 1118_PROFILING_INFO_
backbone-instrumented.js:1131 _PROFILING_INFO_start function null from ../todomvc/examples/backbone/node_modules/backbone/backbone.js in 1054_PROFILING_INFO_
underscore-instrumented.js:1453 _PROFILING_INFO_start function null from ../todomvc/examples/backbone/node_modules/underscore/underscore.js in 1219_PROFILING_INFO_
backbone-instrumented.js:349 _PROFILING_INFO_start function null from ../todomvc/examples/backbone/node_modules/backbone/backbone.js in 339_PROFILING_INFO_
backbone-instrumented.js:363 _PROFILING_INFO_start function null from ../todomvc/examples/backbone/node_modules/backbone/backbone.js in 351_PROFILING_INFO_
backbone-instrumented.js:380 _PROFILING_INFO_start function null from ../todomvc/examples/backbone/node_modules/backbone/backbone.js in 365_PROFILING_INFO_
app-view-instrumented.js:66 _PROFILING_INFO_start function null from ../todomvc/examples/backbone/js/views/app-view.js in 84_PROFILING_INFO_
jquery-instrumented.js:4446 _PROFILING_INFO_start function null from ../todomvc/examples/backbone/node_modules/jquery/dist/jquery.js in 5299_PROFILING_INFO_
jquery-instrumented.js:2880 _PROFILING_INFO_start function null from ../todomvc/examples/backbone/node_modules/jquery/dist/jquery.js in 3468_PROFILING_INFO_
jquery-instrumented.js:4451 _PROFILING_INFO_start function null from ../todomvc/examples/backbone/node_modules/jquery/dist/jquery.js in 5300_PROFILING_INFO_
jquery-instrumented.js:4182 _PROFILING_INFO_start function getAll from ../todomvc/examples/backbone/node_modules/jquery/dist/jquery.js in 5018_PROFILING_INFO_
jquery-instrumented.js:4286 _PROFILING_INFO_start function null from ../todomvc/examples/backbone/node_modules/jquery/dist/jquery.js in 5171_PROFILING_INFO_
backbone-instrumented.js:75 _PROFILING_INFO_start function null from ../todomvc/examples/backbone/node_modules/backbone/backbone.js in 86_PROFILING_INFO_
backbone-instrumented.js:116 _PROFILING_INFO_start function null from ../todomvc/examples/backbone/node_modules/backbone/backbone.js in 106_PROFILING_INFO_
underscore-instrumented.js:171 _PROFILING_INFO_start function null from ../todomvc/examples/backbone/node_modules/underscore/underscore.js in 148_PROFILING_INFO_
underscore-instrumented.js:41 _PROFILING_INFO_start function null from ../todomvc/examples/backbone/node_modules/underscore/underscore.js in 63_PROFILING_INFO_
underscore-instrumented.js:163 _PROFILING_INFO_start function null from ../todomvc/examples/backbone/node_modules/underscore/underscore.js in 137_PROFILING_INFO_
underscore-instrumented.js:153 _PROFILING_INFO_start function null from ../todomvc/examples/backbone/node_modules/underscore/underscore.js in 126_PROFILING_INFO_
underscore-instrumented.js:1007 _PROFILING_INFO_start function null from ../todomvc/examples/backbone/node_modules/underscore/underscore.js in 834_PROFILING_INFO_
jquery-instrumented.js:2754 _PROFILING_INFO_start function null from ../todomvc/examples/backbone/node_modules/jquery/dist/jquery.js in 3300_PROFILING_INFO_
jquery-instrumented.js:4069 _PROFILING_INFO_start function null from ../todomvc/examples/backbone/node_modules/jquery/dist/jquery.js in 4904_PROFILING_INFO_
jquery-instrumented.js:3527 _PROFILING_INFO_start function null from ../todomvc/examples/backbone/node_modules/jquery/dist/jquery.js in 4264_PROFILING_INFO_
jquery-instrumented.js:3830 _PROFILING_INFO_start function null from ../todomvc/examples/backbone/node_modules/jquery/dist/jquery.js in 4668_PROFILING_INFO_
jquery-instrumented.js:3384 _PROFILING_INFO_start function returnFalse from ../todomvc/examples/backbone/node_modules/jquery/dist/jquery.js in 4070_PROFILING_INFO_
underscore-instrumented.js:990 _PROFILING_INFO_start function null from ../todomvc/examples/backbone/node_modules/underscore/underscore.js in 820_PROFILING_INFO_
app-view-instrumented.js:37 _PROFILING_INFO_start function null from ../todomvc/examples/backbone/js/views/app-view.js in 51_PROFILING_INFO_
todos-instrumented.js:15 _PROFILING_INFO_start function null from ../todomvc/examples/backbone/js/collections/todos.js in 20_PROFILING_INFO_
backbone-instrumented.js:1040 _PROFILING_INFO_start function null from ../todomvc/examples/backbone/node_modules/backbone/backbone.js in 980_PROFILING_INFO_
backbone-instrumented.js:135 _PROFILING_INFO_start function null from ../todomvc/examples/backbone/node_modules/backbone/backbone.js in 112_PROFILING_INFO_
underscore-instrumented.js:1574 _PROFILING_INFO_start function null from ../todomvc/examples/backbone/node_modules/underscore/underscore.js in 1306_PROFILING_INFO_
underscore-instrumented.js:1126 _PROFILING_INFO_start function null from ../todomvc/examples/backbone/node_modules/underscore/underscore.js in 928_PROFILING_INFO_
underscore-instrumented.js:249 _PROFILING_INFO_start function null from ../todomvc/examples/backbone/node_modules/underscore/underscore.js in 223_PROFILING_INFO_
underscore-instrumented.js:90 _PROFILING_INFO_start function null from ../todomvc/examples/backbone/node_modules/underscore/underscore.js in 87_PROFILING_INFO_
todos-instrumented.js:22 _PROFILING_INFO_start function null from ../todomvc/examples/backbone/js/collections/todos.js in 25_PROFILING_INFO_
jquery-instrumented.js:5721 _PROFILING_INFO_start function null from ../todomvc/examples/backbone/node_modules/jquery/dist/jquery.js in 6826_PROFILING_INFO_
jquery-instrumented.js:5075 _PROFILING_INFO_start function null from ../todomvc/examples/backbone/node_modules/jquery/dist/jquery.js in 6138_PROFILING_INFO_
jquery-instrumented.js:4845 _PROFILING_INFO_start function showHide from ../todomvc/examples/backbone/node_modules/jquery/dist/jquery.js in 5859_PROFILING_INFO_
jquery-instrumented.js:3351 _PROFILING_INFO_start function null from ../todomvc/examples/backbone/node_modules/jquery/dist/jquery.js in 4018_PROFILING_INFO_
jquery-instrumented.js:4949 _PROFILING_INFO_start function null from ../todomvc/examples/backbone/node_modules/jquery/dist/jquery.js in 6010_PROFILING_INFO_
jquery-instrumented.js:271 _PROFILING_INFO_start function null from ../todomvc/examples/backbone/node_modules/jquery/dist/jquery.js in 336_PROFILING_INFO_
jquery-instrumented.js:4775 _PROFILING_INFO_start function vendorPropName from ../todomvc/examples/backbone/node_modules/jquery/dist/jquery.js in 5746_PROFILING_INFO_
jquery-instrumented.js:4635 _PROFILING_INFO_start function curCSS from ../todomvc/examples/backbone/node_modules/jquery/dist/jquery.js in 5553_PROFILING_INFO_
jquery-instrumented.js:4625 _PROFILING_INFO_start function null from ../todomvc/examples/backbone/node_modules/jquery/dist/jquery.js in 5540_PROFILING_INFO_
jquery-instrumented.js:1024 _PROFILING_INFO_start function null from ../todomvc/examples/backbone/node_modules/jquery/dist/jquery.js in 1428_PROFILING_INFO_
jquery-instrumented.js:922 _PROFILING_INFO_start function null from ../todomvc/examples/backbone/node_modules/jquery/dist/jquery.js in 1272_PROFILING_INFO_
jquery-instrumented.js:2969 _PROFILING_INFO_start function null from ../todomvc/examples/backbone/node_modules/jquery/dist/jquery.js in 3588_PROFILING_INFO_
