base-instrumented.js:5 _PROFILING_INFO_start function null from ../todomvc/examples/canjs/node_modules/todomvc-common/base.js in 2_PROFILING_INFO_
base-instrumented.js:11 _PROFILING_INFO_start function null from ../todomvc/examples/canjs/node_modules/todomvc-common/base.js in 8_PROFILING_INFO_
base-instrumented.js:132 _PROFILING_INFO_start function redirect from ../todomvc/examples/canjs/node_modules/todomvc-common/base.js in 121_PROFILING_INFO_
base-instrumented.js:149 _PROFILING_INFO_start function getFile from ../todomvc/examples/canjs/node_modules/todomvc-common/base.js in 132_PROFILING_INFO_
base-instrumented.js:141 _PROFILING_INFO_start function findRoot from ../todomvc/examples/canjs/node_modules/todomvc-common/base.js in 127_PROFILING_INFO_
​ _PROFILING_INFO_start function null from ../todomvc/examples/canjs/node_modules/todomvc-common/base.js in 142_PROFILING_INFO_
​ _PROFILING_INFO_start function Learn from ../todomvc/examples/canjs/node_modules/todomvc-common/base.js in 149_PROFILING_INFO_
​ _PROFILING_INFO_start function null from ../todomvc/examples/canjs/node_modules/todomvc-common/base.js in 194_PROFILING_INFO_
​ _PROFILING_INFO_start function null from ../todomvc/examples/canjs/node_modules/todomvc-common/base.js in 56_PROFILING_INFO_
​ _PROFILING_INFO_start function null from ../todomvc/examples/canjs/node_modules/todomvc-common/base.js in 9_PROFILING_INFO_
​ _PROFILING_INFO_start function null from ../todomvc/examples/canjs/node_modules/todomvc-common/base.js in 70_PROFILING_INFO_
​ _PROFILING_INFO_start function null from ../todomvc/examples/canjs/node_modules/todomvc-common/base.js in 211_PROFILING_INFO_
​ _PROFILING_INFO_start function null from ../todomvc/examples/canjs/node_modules/todomvc-common/base.js in 222_PROFILING_INFO_
​ _PROFILING_INFO_start function null from ../todomvc/examples/canjs/node_modules/jquery/dist/jquery.js in 15_PROFILING_INFO_
​ _PROFILING_INFO_start function null from ../todomvc/examples/canjs/node_modules/jquery/dist/jquery.js in 38_PROFILING_INFO_
​ _PROFILING_INFO_start function null from ../todomvc/examples/canjs/node_modules/jquery/dist/jquery.js in 177_PROFILING_INFO_
​ _PROFILING_INFO_start function null from ../todomvc/examples/canjs/node_modules/jquery/dist/jquery.js in 345_PROFILING_INFO_
​ _PROFILING_INFO_start function isArraylike from ../todomvc/examples/canjs/node_modules/jquery/dist/jquery.js in 533_PROFILING_INFO_
​ _PROFILING_INFO_start function null from ../todomvc/examples/canjs/node_modules/jquery/dist/jquery.js in 300_PROFILING_INFO_
​ _PROFILING_INFO_start function null from ../todomvc/examples/canjs/node_modules/jquery/dist/jquery.js in 261_PROFILING_INFO_
​ _PROFILING_INFO_start function null from ../todomvc/examples/canjs/node_modules/jquery/dist/jquery.js in 529_PROFILING_INFO_
​ _PROFILING_INFO_start function null from ../todomvc/examples/canjs/node_modules/jquery/dist/jquery.js in 559_PROFILING_INFO_
​ _PROFILING_INFO_start function createCache from ../todomvc/examples/canjs/node_modules/jquery/dist/jquery.js in 859_PROFILING_INFO_
​ _PROFILING_INFO_start function markFunction from ../todomvc/examples/canjs/node_modules/jquery/dist/jquery.js in 877_PROFILING_INFO_
​ _PROFILING_INFO_start function createPositionalPseudo from ../todomvc/examples/canjs/node_modules/jquery/dist/jquery.js in 972_PROFILING_INFO_
​ _PROFILING_INFO_start function createInputPseudo from ../todomvc/examples/canjs/node_modules/jquery/dist/jquery.js in 950_PROFILING_INFO_
​ _PROFILING_INFO_start function createButtonPseudo from ../todomvc/examples/canjs/node_modules/jquery/dist/jquery.js in 961_PROFILING_INFO_
​ _PROFILING_INFO_start function setFilters from ../todomvc/examples/canjs/node_modules/jquery/dist/jquery.js in 2004_PROFILING_INFO_
​ _PROFILING_INFO_start function null from ../todomvc/examples/canjs/node_modules/jquery/dist/jquery.js in 591_PROFILING_INFO_
​ _PROFILING_INFO_start function null from ../todomvc/examples/canjs/node_modules/jquery/dist/jquery.js in 1019_PROFILING_INFO_
​ _PROFILING_INFO_start function null from ../todomvc/examples/canjs/node_modules/jquery/dist/jquery.js in 1007_PROFILING_INFO_
​ _PROFILING_INFO_start function assert from ../todomvc/examples/canjs/node_modules/jquery/dist/jquery.js in 886_PROFILING_INFO_
​ _PROFILING_INFO_start function null from ../todomvc/examples/canjs/node_modules/jquery/dist/jquery.js in 1056_PROFILING_INFO_
​ _PROFILING_INFO_start function null from ../todomvc/examples/canjs/node_modules/jquery/dist/jquery.js in 1065_PROFILING_INFO_
​ _PROFILING_INFO_start function null from ../todomvc/examples/canjs/node_modules/jquery/dist/jquery.js in 1077_PROFILING_INFO_
​ _PROFILING_INFO_start function null from ../todomvc/examples/canjs/node_modules/jquery/dist/jquery.js in 1169_PROFILING_INFO_
​ _PROFILING_INFO_start function null from ../todomvc/examples/canjs/node_modules/jquery/dist/jquery.js in 1213_PROFILING_INFO_
​ _PROFILING_INFO_start function null from ../todomvc/examples/canjs/node_modules/jquery/dist/jquery.js in 1244_PROFILING_INFO_
​ _PROFILING_INFO_start function null from ../todomvc/examples/canjs/node_modules/jquery/dist/jquery.js in 2555_PROFILING_INFO_
​ _PROFILING_INFO_start function null from ../todomvc/examples/canjs/node_modules/jquery/dist/jquery.js in 2563_PROFILING_INFO_
​ _PROFILING_INFO_start function null from ../todomvc/examples/canjs/node_modules/jquery/dist/jquery.js in 2576_PROFILING_INFO_
​ _PROFILING_INFO_start function null from ../todomvc/examples/canjs/node_modules/jquery/dist/jquery.js in 2590_PROFILING_INFO_
​ _PROFILING_INFO_start function null from ../todomvc/examples/canjs/node_modules/jquery/dist/jquery.js in 73_PROFILING_INFO_
​ _PROFILING_INFO_start function null from ../todomvc/examples/canjs/node_modules/jquery/dist/jquery.js in 2730_PROFILING_INFO_
​ _PROFILING_INFO_start function null from ../todomvc/examples/canjs/node_modules/jquery/dist/jquery.js in 2996_PROFILING_INFO_
​ _PROFILING_INFO_start function null from ../todomvc/examples/canjs/node_modules/jquery/dist/jquery.js in 3431_PROFILING_INFO_
​ _PROFILING_INFO_start function null from ../todomvc/examples/canjs/node_modules/jquery/dist/jquery.js in 3228_PROFILING_INFO_
​ _PROFILING_INFO_start function null from ../todomvc/examples/canjs/node_modules/jquery/dist/jquery.js in 3061_PROFILING_INFO_
​ _PROFILING_INFO_start function createOptions from ../todomvc/examples/canjs/node_modules/jquery/dist/jquery.js in 3031_PROFILING_INFO_
​ _PROFILING_INFO_start function null from ../todomvc/examples/canjs/node_modules/jquery/dist/jquery.js in 3033_PROFILING_INFO_
​ _PROFILING_INFO_start function null from ../todomvc/examples/canjs/node_modules/jquery/dist/jquery.js in 3277_PROFILING_INFO_
​ _PROFILING_INFO_start function null from ../todomvc/examples/canjs/node_modules/jquery/dist/jquery.js in 3115_PROFILING_INFO_
​ _PROFILING_INFO_start function add from ../todomvc/examples/canjs/node_modules/jquery/dist/jquery.js in 3119_PROFILING_INFO_
​ _PROFILING_INFO_start function null from ../todomvc/examples/canjs/node_modules/jquery/dist/jquery.js in 3120_PROFILING_INFO_
​ _PROFILING_INFO_start function null from ../todomvc/examples/canjs/node_modules/jquery/dist/jquery.js in 3267_PROFILING_INFO_
​ _PROFILING_INFO_start function Data from ../todomvc/examples/canjs/node_modules/jquery/dist/jquery.js in 3530_PROFILING_INFO_
​ _PROFILING_INFO_start function null from ../todomvc/examples/canjs/node_modules/jquery/dist/jquery.js in 4024_PROFILING_INFO_
​ _PROFILING_INFO_start function null from ../todomvc/examples/canjs/node_modules/jquery/dist/jquery.js in 4745_PROFILING_INFO_
​ _PROFILING_INFO_start function null from ../todomvc/examples/canjs/node_modules/jquery/dist/jquery.js in 4771_PROFILING_INFO_
​ _PROFILING_INFO_start function null from ../todomvc/examples/canjs/node_modules/jquery/dist/jquery.js in 5448_PROFILING_INFO_
​ _PROFILING_INFO_start function null from ../todomvc/examples/canjs/node_modules/jquery/dist/jquery.js in 5614_PROFILING_INFO_
​ _PROFILING_INFO_start function null from ../todomvc/examples/canjs/node_modules/jquery/dist/jquery.js in 6039_PROFILING_INFO_
​ _PROFILING_INFO_start function addGetHookIf from ../todomvc/examples/canjs/node_modules/jquery/dist/jquery.js in 5596_PROFILING_INFO_
​ _PROFILING_INFO_start function null from ../todomvc/examples/canjs/node_modules/jquery/dist/jquery.js in 6084_PROFILING_INFO_
​ _PROFILING_INFO_start function null from ../todomvc/examples/canjs/node_modules/jquery/dist/jquery.js in 255_PROFILING_INFO_
​ _PROFILING_INFO_start function null from ../todomvc/examples/canjs/node_modules/jquery/dist/jquery.js in 6819_PROFILING_INFO_
​ _PROFILING_INFO_start function genFx from ../todomvc/examples/canjs/node_modules/jquery/dist/jquery.js in 6329_PROFILING_INFO_
​ _PROFILING_INFO_start function null from ../todomvc/examples/canjs/node_modules/jquery/dist/jquery.js in 6836_PROFILING_INFO_
​ _PROFILING_INFO_start function null from ../todomvc/examples/canjs/node_modules/jquery/dist/jquery.js in 6909_PROFILING_INFO_
​ _PROFILING_INFO_start function null from ../todomvc/examples/canjs/node_modules/jquery/dist/jquery.js in 7051_PROFILING_INFO_
​ _PROFILING_INFO_start function null from ../todomvc/examples/canjs/node_modules/jquery/dist/jquery.js in 7155_PROFILING_INFO_
​ _PROFILING_INFO_start function null from ../todomvc/examples/canjs/node_modules/jquery/dist/jquery.js in 7453_PROFILING_INFO_
​ _PROFILING_INFO_start function null from ../todomvc/examples/canjs/node_modules/jquery/dist/jquery.js in 7476_PROFILING_INFO_
​ _PROFILING_INFO_start function addToPrefiltersOrTransports from ../todomvc/examples/canjs/node_modules/jquery/dist/jquery.js in 7581_PROFILING_INFO_
​ _PROFILING_INFO_start function null from ../todomvc/examples/canjs/node_modules/jquery/dist/jquery.js in 8297_PROFILING_INFO_
​ _PROFILING_INFO_start function null from ../todomvc/examples/canjs/node_modules/jquery/dist/jquery.js in 8514_PROFILING_INFO_
​ _PROFILING_INFO_start function null from ../todomvc/examples/canjs/node_modules/jquery/dist/jquery.js in 7584_PROFILING_INFO_
​ _PROFILING_INFO_start function null from ../todomvc/examples/canjs/node_modules/jquery/dist/jquery.js in 7886_PROFILING_INFO_
​ _PROFILING_INFO_start function ajaxExtend from ../todomvc/examples/canjs/node_modules/jquery/dist/jquery.js in 7640_PROFILING_INFO_
​ _PROFILING_INFO_start function null from ../todomvc/examples/canjs/node_modules/jquery/dist/jquery.js in 273_PROFILING_INFO_
​ _PROFILING_INFO_start function null from ../todomvc/examples/canjs/node_modules/jquery/dist/jquery.js in 8889_PROFILING_INFO_
​ _PROFILING_INFO_start function null from ../todomvc/examples/canjs/node_modules/jquery/dist/jquery.js in 9054_PROFILING_INFO_
​ _PROFILING_INFO_start function null from ../todomvc/examples/canjs/node_modules/jquery/dist/jquery.js in 9084_PROFILING_INFO_
​ _PROFILING_INFO_start function null from ../todomvc/examples/canjs/node_modules/jquery/dist/jquery.js in 9100_PROFILING_INFO_
​ _PROFILING_INFO_start function null from ../todomvc/examples/canjs/node_modules/jquery/dist/jquery.js in 9101_PROFILING_INFO_
​ _PROFILING_INFO_start function null from ../todomvc/examples/canjs/node_modules/canjs/can.jquery.js in 10_PROFILING_INFO_
​ _PROFILING_INFO_start function null from ../todomvc/examples/canjs/node_modules/canjs/can.jquery.js in 13_PROFILING_INFO_
​ _PROFILING_INFO_start function null from ../todomvc/examples/canjs/node_modules/canjs/can.jquery.js in 47_PROFILING_INFO_
​ _PROFILING_INFO_start function null from ../todomvc/examples/canjs/node_modules/canjs/can.jquery.js in 81_PROFILING_INFO_
​ _PROFILING_INFO_start function null from ../todomvc/examples/canjs/node_modules/canjs/can.jquery.js in 142_PROFILING_INFO_
​ _PROFILING_INFO_start function null from ../todomvc/examples/canjs/node_modules/canjs/can.jquery.js in 264_PROFILING_INFO_
​ _PROFILING_INFO_start function null from ../todomvc/examples/canjs/node_modules/jquery/dist/jquery.js in 177_PROFILING_INFO_
​ _PROFILING_INFO_start function null from ../todomvc/examples/canjs/node_modules/jquery/dist/jquery.js in 345_PROFILING_INFO_
​ _PROFILING_INFO_start function isArraylike from ../todomvc/examples/canjs/node_modules/jquery/dist/jquery.js in 533_PROFILING_INFO_
​ _PROFILING_INFO_start function null from ../todomvc/examples/canjs/node_modules/jquery/dist/jquery.js in 300_PROFILING_INFO_
​ _PROFILING_INFO_start function null from ../todomvc/examples/canjs/node_modules/jquery/dist/jquery.js in 261_PROFILING_INFO_
​ _PROFILING_INFO_start function null from ../todomvc/examples/canjs/node_modules/canjs/can.jquery.js in 369_PROFILING_INFO_
​ _PROFILING_INFO_start function null from ../todomvc/examples/canjs/node_modules/jquery/dist/jquery.js in 73_PROFILING_INFO_
​ _PROFILING_INFO_start function null from ../todomvc/examples/canjs/node_modules/jquery/dist/jquery.js in 2730_PROFILING_INFO_
​ _PROFILING_INFO_start function null from ../todomvc/examples/canjs/node_modules/jquery/dist/jquery.js in 5212_PROFILING_INFO_
​ _PROFILING_INFO_start function null from ../todomvc/examples/canjs/node_modules/canjs/can.jquery.js in 388_PROFILING_INFO_
​ _PROFILING_INFO_start function null from ../todomvc/examples/canjs/node_modules/jquery/dist/jquery.js in 5355_PROFILING_INFO_
​ _PROFILING_INFO_start function null from ../todomvc/examples/canjs/node_modules/jquery/dist/jquery.js in 255_PROFILING_INFO_
​ _PROFILING_INFO_start function null from ../todomvc/examples/canjs/node_modules/jquery/dist/jquery.js in 5080_PROFILING_INFO_
​ _PROFILING_INFO_start function null from ../todomvc/examples/canjs/node_modules/jquery/dist/jquery.js in 423_PROFILING_INFO_
​ _PROFILING_INFO_start function null from ../todomvc/examples/canjs/node_modules/jquery/dist/jquery.js in 419_PROFILING_INFO_
​ _PROFILING_INFO_start function null from ../todomvc/examples/canjs/node_modules/jquery/dist/jquery.js in 1423_PROFILING_INFO_
​ _PROFILING_INFO_start function null from ../todomvc/examples/canjs/node_modules/jquery/dist/jquery.js in 1267_PROFILING_INFO_
​ _PROFILING_INFO_start function getAll from ../todomvc/examples/canjs/node_modules/jquery/dist/jquery.js in 5013_PROFILING_INFO_
​ _PROFILING_INFO_start function null from ../todomvc/examples/canjs/node_modules/jquery/dist/jquery.js in 340_PROFILING_INFO_
​ _PROFILING_INFO_start function null from ../todomvc/examples/canjs/node_modules/jquery/dist/jquery.js in 457_PROFILING_INFO_
​ _PROFILING_INFO_start function null from ../todomvc/examples/canjs/node_modules/jquery/dist/jquery.js in 5213_PROFILING_INFO_
​ _PROFILING_INFO_start function manipulationTarget from ../todomvc/examples/canjs/node_modules/jquery/dist/jquery.js in 4941_PROFILING_INFO_
​ _PROFILING_INFO_start function null from ../todomvc/examples/canjs/node_modules/canjs/can.jquery.js in 420_PROFILING_INFO_
​ _PROFILING_INFO_start function null from ../todomvc/examples/canjs/node_modules/canjs/can.jquery.js in 555_PROFILING_INFO_
​ _PROFILING_INFO_start function null from ../todomvc/examples/canjs/node_modules/canjs/can.jquery.js in 712_PROFILING_INFO_
​ _PROFILING_INFO_start function null from ../todomvc/examples/canjs/node_modules/canjs/can.jquery.js in 463_PROFILING_INFO_
​ _PROFILING_INFO_start function null from ../todomvc/examples/canjs/node_modules/canjs/can.jquery.js in 447_PROFILING_INFO_
​ _PROFILING_INFO_start function null from ../todomvc/examples/canjs/node_modules/canjs/can.jquery.js in 439_PROFILING_INFO_
​ _PROFILING_INFO_start function null from ../todomvc/examples/canjs/node_modules/canjs/can.jquery.js in 565_PROFILING_INFO_
​ _PROFILING_INFO_start function null from ../todomvc/examples/canjs/node_modules/canjs/can.jquery.js in 622_PROFILING_INFO_
​ _PROFILING_INFO_start function null from ../todomvc/examples/canjs/node_modules/canjs/can.jquery.js in 612_PROFILING_INFO_
​ _PROFILING_INFO_start function null from ../todomvc/examples/canjs/node_modules/canjs/can.jquery.js in 594_PROFILING_INFO_
​ _PROFILING_INFO_start function null from ../todomvc/examples/canjs/node_modules/jquery/dist/jquery.js in 402_PROFILING_INFO_
​ _PROFILING_INFO_start function null from ../todomvc/examples/canjs/node_modules/canjs/can.jquery.js in 755_PROFILING_INFO_
​ _PROFILING_INFO_start function null from ../todomvc/examples/canjs/node_modules/canjs/can.jquery.js in 607_PROFILING_INFO_
​ _PROFILING_INFO_start function null from ../todomvc/examples/canjs/node_modules/canjs/can.jquery.js in 48_PROFILING_INFO_
​ _PROFILING_INFO_start function null from ../todomvc/examples/canjs/node_modules/canjs/can.jquery.js in 998_PROFILING_INFO_
​ _PROFILING_INFO_start function null from ../todomvc/examples/canjs/node_modules/canjs/can.jquery.js in 1006_PROFILING_INFO_
​ _PROFILING_INFO_start function null from ../todomvc/examples/canjs/node_modules/canjs/can.jquery.js in 1046_PROFILING_INFO_
​ _PROFILING_INFO_start function null from ../todomvc/examples/canjs/node_modules/canjs/can.jquery.js in 1110_PROFILING_INFO_
​ _PROFILING_INFO_start function null from ../todomvc/examples/canjs/node_modules/canjs/can.jquery.js in 1145_PROFILING_INFO_
​ _PROFILING_INFO_start function null from ../todomvc/examples/canjs/node_modules/canjs/can.jquery.js in 1173_PROFILING_INFO_
​ _PROFILING_INFO_start function null from ../todomvc/examples/canjs/node_modules/canjs/can.jquery.js in 1682_PROFILING_INFO_
​ _PROFILING_INFO_start function null from ../todomvc/examples/canjs/node_modules/canjs/can.jquery.js in 1687_PROFILING_INFO_
​ _PROFILING_INFO_start function Constructor from ../todomvc/examples/canjs/node_modules/canjs/can.jquery.js in 644_PROFILING_INFO_
​ _PROFILING_INFO_start function null from ../todomvc/examples/canjs/node_modules/canjs/can.jquery.js in 1858_PROFILING_INFO_
​ _PROFILING_INFO_start function null from ../todomvc/examples/canjs/node_modules/canjs/can.jquery.js in 1896_PROFILING_INFO_
​ _PROFILING_INFO_start function null from ../todomvc/examples/canjs/node_modules/canjs/can.jquery.js in 1969_PROFILING_INFO_
​ _PROFILING_INFO_start function null from ../todomvc/examples/canjs/node_modules/canjs/can.jquery.js in 2428_PROFILING_INFO_
​ _PROFILING_INFO_start function null from ../todomvc/examples/canjs/node_modules/canjs/can.jquery.js in 2437_PROFILING_INFO_
​ _PROFILING_INFO_start function null from ../todomvc/examples/canjs/node_modules/canjs/can.jquery.js in 2876_PROFILING_INFO_
​ _PROFILING_INFO_start function null from ../todomvc/examples/canjs/node_modules/canjs/can.jquery.js in 3086_PROFILING_INFO_
​ _PROFILING_INFO_start function null from ../todomvc/examples/canjs/node_modules/canjs/can.jquery.js in 3211_PROFILING_INFO_
​ _PROFILING_INFO_start function null from ../todomvc/examples/canjs/node_modules/canjs/can.jquery.js in 3225_PROFILING_INFO_
​ _PROFILING_INFO_start function null from ../todomvc/examples/canjs/node_modules/canjs/can.jquery.js in 3370_PROFILING_INFO_
​ _PROFILING_INFO_start function null from ../todomvc/examples/canjs/node_modules/canjs/can.jquery.js in 3886_PROFILING_INFO_
​ _PROFILING_INFO_start function null from ../todomvc/examples/canjs/node_modules/canjs/can.jquery.js in 4001_PROFILING_INFO_
​ _PROFILING_INFO_start function null from ../todomvc/examples/canjs/node_modules/canjs/can.jquery.js in 4341_PROFILING_INFO_
​ _PROFILING_INFO_start function null from ../todomvc/examples/canjs/node_modules/canjs/can.jquery.js in 4582_PROFILING_INFO_
​ _PROFILING_INFO_start function null from ../todomvc/examples/canjs/node_modules/canjs/can.jquery.js in 3298_PROFILING_INFO_
​ _PROFILING_INFO_start function null from ../todomvc/examples/canjs/node_modules/canjs/can.jquery.js in 5501_PROFILING_INFO_
​ _PROFILING_INFO_start function null from ../todomvc/examples/canjs/node_modules/canjs/can.jquery.js in 5337_PROFILING_INFO_
​ _PROFILING_INFO_start function null from ../todomvc/examples/canjs/node_modules/canjs/can.jquery.js in 2827_PROFILING_INFO_
​ _PROFILING_INFO_start function null from ../todomvc/examples/canjs/node_modules/canjs/can.jquery.js in 5533_PROFILING_INFO_
​ _PROFILING_INFO_start function null from ../todomvc/examples/canjs/node_modules/canjs/can.jquery.js in 3346_PROFILING_INFO_
​ _PROFILING_INFO_start function null from ../todomvc/examples/canjs/node_modules/canjs/can.jquery.js in 794_PROFILING_INFO_
​ _PROFILING_INFO_start function null from ../todomvc/examples/canjs/node_modules/canjs/can.jquery.js in 809_PROFILING_INFO_
​ _PROFILING_INFO_start function null from ../todomvc/examples/canjs/node_modules/canjs/can.jquery.js in 5681_PROFILING_INFO_
​ _PROFILING_INFO_start function null from ../todomvc/examples/canjs/node_modules/canjs/can.jquery.js in 5695_PROFILING_INFO_
​ _PROFILING_INFO_start function null from ../todomvc/examples/canjs/node_modules/canjs/can.jquery.js in 5962_PROFILING_INFO_
​ _PROFILING_INFO_start function null from ../todomvc/examples/canjs/node_modules/canjs/can.jquery.js in 6075_PROFILING_INFO_
​ _PROFILING_INFO_start function null from ../todomvc/examples/canjs/node_modules/canjs/can.jquery.js in 6141_PROFILING_INFO_
​ _PROFILING_INFO_start function null from ../todomvc/examples/canjs/node_modules/canjs/can.jquery.js in 6224_PROFILING_INFO_
​ _PROFILING_INFO_start function null from ../todomvc/examples/canjs/node_modules/canjs/can.jquery.js in 6360_PROFILING_INFO_
​ _PROFILING_INFO_start function null from ../todomvc/examples/canjs/node_modules/canjs/can.jquery.js in 6380_PROFILING_INFO_
​ _PROFILING_INFO_start function null from ../todomvc/examples/canjs/node_modules/canjs/can.jquery.js in 6427_PROFILING_INFO_
​ _PROFILING_INFO_start function null from ../todomvc/examples/canjs/node_modules/canjs/can.jquery.js in 6472_PROFILING_INFO_
​ _PROFILING_INFO_start function null from ../todomvc/examples/canjs/node_modules/canjs/can.jquery.js in 575_PROFILING_INFO_
​ _PROFILING_INFO_start function null from ../todomvc/examples/canjs/node_modules/canjs/can.jquery.js in 1315_PROFILING_INFO_
​ _PROFILING_INFO_start function null from ../todomvc/examples/canjs/node_modules/canjs/can.jquery.js in 27_PROFILING_INFO_
​ _PROFILING_INFO_start function null from ../todomvc/examples/canjs/node_modules/canjs/can.jquery.js in 1338_PROFILING_INFO_
​ _PROFILING_INFO_start function null from ../todomvc/examples/canjs/node_modules/canjs/can.jquery.js in 1207_PROFILING_INFO_
​ _PROFILING_INFO_start function null from ../todomvc/examples/canjs/node_modules/canjs/can.jquery.js in 1375_PROFILING_INFO_
​ _PROFILING_INFO_start function null from ../todomvc/examples/canjs/node_modules/canjs/can.jquery.js in 1596_PROFILING_INFO_
​ _PROFILING_INFO_start function null from ../todomvc/examples/canjs/node_modules/canjs/can.jquery.js in 36_PROFILING_INFO_
​ _PROFILING_INFO_start function null from ../todomvc/examples/canjs/node_modules/canjs/can.jquery.js in 1057_PROFILING_INFO_
​ _PROFILING_INFO_start function null from ../todomvc/examples/canjs/node_modules/canjs/can.jquery.js in 1394_PROFILING_INFO_
​ _PROFILING_INFO_start function null from ../todomvc/examples/canjs/node_modules/canjs/can.jquery.js in 1462_PROFILING_INFO_
​ _PROFILING_INFO_start function null from ../todomvc/examples/canjs/node_modules/canjs/can.jquery.js in 1064_PROFILING_INFO_
​ _PROFILING_INFO_start function null from ../todomvc/examples/canjs/node_modules/canjs/can.jquery.js in 1158_PROFILING_INFO_
​ _PROFILING_INFO_start function null from ../todomvc/examples/canjs/node_modules/canjs/can.jquery.js in 349_PROFILING_INFO_
​ _PROFILING_INFO_start function null from ../todomvc/examples/canjs/node_modules/canjs/can.jquery.js in 1554_PROFILING_INFO_
​ _PROFILING_INFO_start function null from ../todomvc/examples/canjs/node_modules/canjs/can.jquery.js in 1009_PROFILING_INFO_
​ _PROFILING_INFO_start function null from ../todomvc/examples/canjs/node_modules/canjs/can.jquery.js in 146_PROFILING_INFO_
​ _PROFILING_INFO_start function null from ../todomvc/examples/canjs/node_modules/canjs/can.jquery.js in 707_PROFILING_INFO_
​ _PROFILING_INFO_start function null from ../todomvc/examples/canjs/node_modules/canjs/can.jquery.js in 6857_PROFILING_INFO_
​ _PROFILING_INFO_start function null from ../todomvc/examples/canjs/node_modules/canjs/can.jquery.js in 6915_PROFILING_INFO_
​ _PROFILING_INFO_start function null from ../todomvc/examples/canjs/node_modules/canjs-localstorage/can.localstorage.js in 1_PROFILING_INFO_
​ _PROFILING_INFO_start function null from ../todomvc/examples/canjs/node_modules/canjs-localstorage/can.localstorage.js in 3_PROFILING_INFO_
​ _PROFILING_INFO_start function null from ../todomvc/examples/canjs/node_modules/canjs-localstorage/can.localstorage.js in 8_PROFILING_INFO_
​ _PROFILING_INFO_start function null from ../todomvc/examples/canjs/node_modules/canjs/can.jquery.js in 622_PROFILING_INFO_
​ _PROFILING_INFO_start function null from ../todomvc/examples/canjs/node_modules/canjs/can.jquery.js in 612_PROFILING_INFO_
​ _PROFILING_INFO_start function Constructor from ../todomvc/examples/canjs/node_modules/canjs/can.jquery.js in 644_PROFILING_INFO_
​ _PROFILING_INFO_start function null from ../todomvc/examples/canjs/node_modules/canjs/can.jquery.js in 594_PROFILING_INFO_
​ _PROFILING_INFO_start function null from ../todomvc/examples/canjs/node_modules/jquery/dist/jquery.js in 177_PROFILING_INFO_
​ _PROFILING_INFO_start function null from ../todomvc/examples/canjs/node_modules/jquery/dist/jquery.js in 255_PROFILING_INFO_
​ _PROFILING_INFO_start function null from ../todomvc/examples/canjs/node_modules/jquery/dist/jquery.js in 300_PROFILING_INFO_
​ _PROFILING_INFO_start function null from ../todomvc/examples/canjs/node_modules/jquery/dist/jquery.js in 402_PROFILING_INFO_
​ _PROFILING_INFO_start function isArraylike from ../todomvc/examples/canjs/node_modules/jquery/dist/jquery.js in 533_PROFILING_INFO_
​ _PROFILING_INFO_start function null from ../todomvc/examples/canjs/node_modules/jquery/dist/jquery.js in 261_PROFILING_INFO_
​ _PROFILING_INFO_start function null from ../todomvc/examples/canjs/node_modules/jquery/dist/jquery.js in 423_PROFILING_INFO_
​ _PROFILING_INFO_start function null from ../todomvc/examples/canjs/node_modules/canjs/can.jquery.js in 6224_PROFILING_INFO_
​ _PROFILING_INFO_start function null from ../todomvc/examples/canjs/node_modules/canjs/can.jquery.js in 1173_PROFILING_INFO_
​ _PROFILING_INFO_start function null from ../todomvc/examples/canjs/node_modules/canjs/can.jquery.js in 607_PROFILING_INFO_
​ _PROFILING_INFO_start function null from ../todomvc/examples/canjs/node_modules/canjs/can.jquery.js in 349_PROFILING_INFO_
​ _PROFILING_INFO_start function null from ../todomvc/examples/canjs/node_modules/canjs/can.jquery.js in 48_PROFILING_INFO_
​ _PROFILING_INFO_start function null from ../todomvc/examples/canjs/node_modules/canjs/can.jquery.js in 6240_PROFILING_INFO_
​ _PROFILING_INFO_start function null from ../todomvc/examples/canjs/node_modules/canjs/can.jquery.js in 504_PROFILING_INFO_
​ _PROFILING_INFO_start function null from ../todomvc/examples/canjs/node_modules/canjs/can.jquery.js in 6361_PROFILING_INFO_
​ _PROFILING_INFO_start function null from ../todomvc/examples/canjs/node_modules/canjs/can.jquery.js in 600_PROFILING_INFO_
​ _PROFILING_INFO_start function null from ../todomvc/examples/canjs/node_modules/canjs/can.jquery.js in 6207_PROFILING_INFO_
​ _PROFILING_INFO_start function null from ../todomvc/examples/canjs/node_modules/canjs/can.jquery.js in 6268_PROFILING_INFO_
​ _PROFILING_INFO_start function null from ../todomvc/examples/canjs/js/models/todo.js in 2_PROFILING_INFO_
​ _PROFILING_INFO_start function null from ../todomvc/examples/canjs/node_modules/canjs/can.jquery.js in 622_PROFILING_INFO_
​ _PROFILING_INFO_start function null from ../todomvc/examples/canjs/node_modules/canjs/can.jquery.js in 612_PROFILING_INFO_
​ _PROFILING_INFO_start function Constructor from ../todomvc/examples/canjs/node_modules/canjs/can.jquery.js in 644_PROFILING_INFO_
​ _PROFILING_INFO_start function null from ../todomvc/examples/canjs/node_modules/canjs/can.jquery.js in 594_PROFILING_INFO_
​ _PROFILING_INFO_start function null from ../todomvc/examples/canjs/node_modules/jquery/dist/jquery.js in 177_PROFILING_INFO_
​ _PROFILING_INFO_start function null from ../todomvc/examples/canjs/node_modules/jquery/dist/jquery.js in 255_PROFILING_INFO_
​ _PROFILING_INFO_start function null from ../todomvc/examples/canjs/node_modules/jquery/dist/jquery.js in 300_PROFILING_INFO_
​ _PROFILING_INFO_start function null from ../todomvc/examples/canjs/node_modules/jquery/dist/jquery.js in 402_PROFILING_INFO_
​ _PROFILING_INFO_start function isArraylike from ../todomvc/examples/canjs/node_modules/jquery/dist/jquery.js in 533_PROFILING_INFO_
​ _PROFILING_INFO_start function null from ../todomvc/examples/canjs/node_modules/jquery/dist/jquery.js in 261_PROFILING_INFO_
​ _PROFILING_INFO_start function null from ../todomvc/examples/canjs/node_modules/jquery/dist/jquery.js in 423_PROFILING_INFO_
​ _PROFILING_INFO_start function null from ../todomvc/examples/canjs/node_modules/canjs/can.jquery.js in 6224_PROFILING_INFO_
​ _PROFILING_INFO_start function null from ../todomvc/examples/canjs/node_modules/canjs/can.jquery.js in 1173_PROFILING_INFO_
​ _PROFILING_INFO_start function null from ../todomvc/examples/canjs/node_modules/canjs/can.jquery.js in 607_PROFILING_INFO_
​ _PROFILING_INFO_start function null from ../todomvc/examples/canjs/node_modules/canjs/can.jquery.js in 349_PROFILING_INFO_
​ _PROFILING_INFO_start function null from ../todomvc/examples/canjs/node_modules/canjs/can.jquery.js in 48_PROFILING_INFO_
​ _PROFILING_INFO_start function null from ../todomvc/examples/canjs/node_modules/canjs/can.jquery.js in 6240_PROFILING_INFO_
​ _PROFILING_INFO_start function null from ../todomvc/examples/canjs/node_modules/canjs/can.jquery.js in 504_PROFILING_INFO_
​ _PROFILING_INFO_start function null from ../todomvc/examples/canjs/node_modules/canjs/can.jquery.js in 6361_PROFILING_INFO_
​ _PROFILING_INFO_start function null from ../todomvc/examples/canjs/node_modules/canjs/can.jquery.js in 600_PROFILING_INFO_
​ _PROFILING_INFO_start function null from ../todomvc/examples/canjs/node_modules/canjs/can.jquery.js in 6268_PROFILING_INFO_
​ _PROFILING_INFO_start function null from ../todomvc/examples/canjs/js/components/todo-app.js in 2_PROFILING_INFO_
​ _PROFILING_INFO_start function Constructor from ../todomvc/examples/canjs/node_modules/canjs/can.jquery.js in 644_PROFILING_INFO_
​ _PROFILING_INFO_start function null from ../todomvc/examples/canjs/node_modules/canjs/can.jquery.js in 575_PROFILING_INFO_
​ _PROFILING_INFO_start function null from ../todomvc/examples/canjs/node_modules/canjs/can.jquery.js in 612_PROFILING_INFO_
​ _PROFILING_INFO_start function null from ../todomvc/examples/canjs/node_modules/canjs/can.jquery.js in 6404_PROFILING_INFO_
​ _PROFILING_INFO_start function null from ../todomvc/examples/canjs/node_modules/jquery/dist/jquery.js in 273_PROFILING_INFO_
​ _PROFILING_INFO_start function null from ../todomvc/examples/canjs/node_modules/jquery/dist/jquery.js in 300_PROFILING_INFO_
​ _PROFILING_INFO_start function null from ../todomvc/examples/canjs/node_modules/jquery/dist/jquery.js in 261_PROFILING_INFO_
​ _PROFILING_INFO_start function null from ../todomvc/examples/canjs/node_modules/canjs/can.jquery.js in 1706_PROFILING_INFO_
​ _PROFILING_INFO_start function null from ../todomvc/examples/canjs/node_modules/canjs/can.jquery.js in 27_PROFILING_INFO_
​ _PROFILING_INFO_start function null from ../todomvc/examples/canjs/node_modules/canjs/can.jquery.js in 20_PROFILING_INFO_
​ _PROFILING_INFO_start function null from ../todomvc/examples/canjs/node_modules/jquery/dist/jquery.js in 255_PROFILING_INFO_
​ _PROFILING_INFO_start function null from ../todomvc/examples/canjs/node_modules/jquery/dist/jquery.js in 402_PROFILING_INFO_
​ _PROFILING_INFO_start function isArraylike from ../todomvc/examples/canjs/node_modules/jquery/dist/jquery.js in 533_PROFILING_INFO_
​ _PROFILING_INFO_start function null from ../todomvc/examples/canjs/node_modules/jquery/dist/jquery.js in 423_PROFILING_INFO_
​ _PROFILING_INFO_start function null from ../todomvc/examples/canjs/node_modules/canjs/can.jquery.js in 1860_PROFILING_INFO_
​ _PROFILING_INFO_start function null from ../todomvc/examples/canjs/node_modules/canjs/can.jquery.js in 1729_PROFILING_INFO_
​ _PROFILING_INFO_start function null from ../todomvc/examples/canjs/node_modules/canjs/can.jquery.js in 1362_PROFILING_INFO_
​ _PROFILING_INFO_start function null from ../todomvc/examples/canjs/node_modules/canjs/can.jquery.js in 1088_PROFILING_INFO_
​ _PROFILING_INFO_start function null from ../todomvc/examples/canjs/node_modules/canjs/can.jquery.js in 349_PROFILING_INFO_
​ _PROFILING_INFO_start function null from ../todomvc/examples/canjs/node_modules/canjs/can.jquery.js in 1554_PROFILING_INFO_
​ _PROFILING_INFO_start function null from ../todomvc/examples/canjs/node_modules/canjs/can.jquery.js in 1009_PROFILING_INFO_
​ _PROFILING_INFO_start function null from ../todomvc/examples/canjs/node_modules/canjs/can.jquery.js in 146_PROFILING_INFO_
​ _PROFILING_INFO_start function null from ../todomvc/examples/canjs/node_modules/canjs/can.jquery.js in 36_PROFILING_INFO_
​ _PROFILING_INFO_start function null from ../todomvc/examples/canjs/node_modules/canjs/can.jquery.js in 6256_PROFILING_INFO_
​ _PROFILING_INFO_start function null from ../todomvc/examples/canjs/node_modules/canjs/can.jquery.js in 6362_PROFILING_INFO_
​ _PROFILING_INFO_start function null from ../todomvc/examples/canjs/node_modules/canjs-localstorage/can.localstorage.js in 23_PROFILING_INFO_
​ _PROFILING_INFO_start function null from ../todomvc/examples/canjs/node_modules/jquery/dist/jquery.js in 3228_PROFILING_INFO_
​ _PROFILING_INFO_start function null from ../todomvc/examples/canjs/node_modules/jquery/dist/jquery.js in 3061_PROFILING_INFO_
​ _PROFILING_INFO_start function null from ../todomvc/examples/canjs/node_modules/jquery/dist/jquery.js in 345_PROFILING_INFO_
​ _PROFILING_INFO_start function null from ../todomvc/examples/canjs/node_modules/jquery/dist/jquery.js in 3277_PROFILING_INFO_
​ _PROFILING_INFO_start function null from ../todomvc/examples/canjs/node_modules/jquery/dist/jquery.js in 3115_PROFILING_INFO_
​ _PROFILING_INFO_start function add from ../todomvc/examples/canjs/node_modules/jquery/dist/jquery.js in 3119_PROFILING_INFO_
​ _PROFILING_INFO_start function null from ../todomvc/examples/canjs/node_modules/jquery/dist/jquery.js in 3120_PROFILING_INFO_
​ _PROFILING_INFO_start function null from ../todomvc/examples/canjs/node_modules/jquery/dist/jquery.js in 3267_PROFILING_INFO_
​ _PROFILING_INFO_start function null from ../todomvc/examples/canjs/node_modules/jquery/dist/jquery.js in 177_PROFILING_INFO_
​ _PROFILING_INFO_start function null from ../todomvc/examples/canjs/node_modules/canjs-localstorage/can.localstorage.js in 11_PROFILING_INFO_
​ _PROFILING_INFO_start function null from ../todomvc/examples/canjs/node_modules/canjs-localstorage/can.localstorage.js in 25_PROFILING_INFO_
​ _PROFILING_INFO_start function null from ../todomvc/examples/canjs/node_modules/canjs/can.jquery.js in 48_PROFILING_INFO_
​ _PROFILING_INFO_start function null from ../todomvc/examples/canjs/node_modules/jquery/dist/jquery.js in 3295_PROFILING_INFO_
​ _PROFILING_INFO_start function null from ../todomvc/examples/canjs/node_modules/jquery/dist/jquery.js in 3199_PROFILING_INFO_
​ _PROFILING_INFO_start function null from ../todomvc/examples/canjs/node_modules/jquery/dist/jquery.js in 3086_PROFILING_INFO_
​ _PROFILING_INFO_start function null from ../todomvc/examples/canjs/node_modules/jquery/dist/jquery.js in 3286_PROFILING_INFO_
​ _PROFILING_INFO_start function null from ../todomvc/examples/canjs/node_modules/jquery/dist/jquery.js in 3178_PROFILING_INFO_
​ _PROFILING_INFO_start function null from ../todomvc/examples/canjs/node_modules/jquery/dist/jquery.js in 3187_PROFILING_INFO_
​ _PROFILING_INFO_start function null from ../todomvc/examples/canjs/node_modules/canjs/can.jquery.js in 5969_PROFILING_INFO_
​ _PROFILING_INFO_start function null from ../todomvc/examples/canjs/node_modules/jquery/dist/jquery.js in 3244_PROFILING_INFO_
​ _PROFILING_INFO_start function null from ../todomvc/examples/canjs/node_modules/jquery/dist/jquery.js in 3246_PROFILING_INFO_
​ _PROFILING_INFO_start function null from ../todomvc/examples/canjs/node_modules/jquery/dist/jquery.js in 3247_PROFILING_INFO_
​ _PROFILING_INFO_start function null from ../todomvc/examples/canjs/node_modules/jquery/dist/jquery.js in 3250_PROFILING_INFO_
​ _PROFILING_INFO_start function null from ../todomvc/examples/canjs/node_modules/canjs/can.jquery.js in 5971_PROFILING_INFO_
​ _PROFILING_INFO_start function null from ../todomvc/examples/canjs/node_modules/canjs/can.jquery.js in 6076_PROFILING_INFO_
​ _PROFILING_INFO_start function null from ../todomvc/examples/canjs/node_modules/canjs/can.jquery.js in 707_PROFILING_INFO_
​ _PROFILING_INFO_start function null from ../todomvc/examples/canjs/node_modules/canjs/can.jquery.js in 463_PROFILING_INFO_
​ _PROFILING_INFO_start function null from ../todomvc/examples/canjs/node_modules/canjs/can.jquery.js in 447_PROFILING_INFO_
​ _PROFILING_INFO_start function null from ../todomvc/examples/canjs/node_modules/canjs/can.jquery.js in 439_PROFILING_INFO_
​ _PROFILING_INFO_start function null from ../todomvc/examples/canjs/node_modules/canjs/can.jquery.js in 272_PROFILING_INFO_
​ _PROFILING_INFO_start function null from ../todomvc/examples/canjs/node_modules/canjs/can.jquery.js in 265_PROFILING_INFO_
​ _PROFILING_INFO_start function null from ../todomvc/examples/canjs/node_modules/canjs/can.jquery.js in 241_PROFILING_INFO_
​ _PROFILING_INFO_start function null from ../todomvc/examples/canjs/node_modules/canjs/can.jquery.js in 350_PROFILING_INFO_
​ _PROFILING_INFO_start function null from ../todomvc/examples/canjs/node_modules/canjs/can.jquery.js in 6412_PROFILING_INFO_
​ _PROFILING_INFO_start function null from ../todomvc/examples/canjs/node_modules/canjs/can.jquery.js in 1356_PROFILING_INFO_
​ _PROFILING_INFO_start function null from ../todomvc/examples/canjs/node_modules/canjs/can.jquery.js in 6130_PROFILING_INFO_
​ _PROFILING_INFO_start function null from ../todomvc/examples/canjs/node_modules/canjs/can.jquery.js in 6283_PROFILING_INFO_
​ _PROFILING_INFO_start function null from ../todomvc/examples/canjs/node_modules/canjs/can.jquery.js in 1954_PROFILING_INFO_
​ _PROFILING_INFO_start function null from ../todomvc/examples/canjs/node_modules/canjs/can.jquery.js in 1770_PROFILING_INFO_
​ _PROFILING_INFO_start function null from ../todomvc/examples/canjs/node_modules/canjs/can.jquery.js in 1057_PROFILING_INFO_
​ _PROFILING_INFO_start function null from ../todomvc/examples/canjs/node_modules/canjs/can.jquery.js in 1064_PROFILING_INFO_
​ _PROFILING_INFO_start function null from ../todomvc/examples/canjs/node_modules/canjs/can.jquery.js in 622_PROFILING_INFO_
​ _PROFILING_INFO_start function null from ../todomvc/examples/canjs/node_modules/canjs/can.jquery.js in 594_PROFILING_INFO_
​ _PROFILING_INFO_start function null from ../todomvc/examples/canjs/node_modules/canjs/can.jquery.js in 5695_PROFILING_INFO_
​ _PROFILING_INFO_start function null from ../todomvc/examples/canjs/node_modules/canjs/can.jquery.js in 607_PROFILING_INFO_
​ _PROFILING_INFO_start function null from ../todomvc/examples/canjs/node_modules/canjs/can.jquery.js in 755_PROFILING_INFO_
​ _PROFILING_INFO_start function null from ../todomvc/examples/canjs/node_modules/canjs/can.jquery.js in 794_PROFILING_INFO_
​ _PROFILING_INFO_start function null from ../todomvc/examples/canjs/node_modules/canjs/can.jquery.js in 809_PROFILING_INFO_
​ _PROFILING_INFO_start function null from ../todomvc/examples/canjs/node_modules/canjs/can.jquery.js in 1173_PROFILING_INFO_
​ _PROFILING_INFO_start function null from ../todomvc/examples/canjs/node_modules/canjs/can.jquery.js in 5740_PROFILING_INFO_
​ _PROFILING_INFO_start function null from ../todomvc/examples/canjs/node_modules/canjs/can.jquery.js in 3370_PROFILING_INFO_
​ _PROFILING_INFO_start function null from ../todomvc/examples/canjs/js/app.js in 2_PROFILING_INFO_
​ _PROFILING_INFO_start function null from ../todomvc/examples/canjs/node_modules/jquery/dist/jquery.js in 73_PROFILING_INFO_
​ _PROFILING_INFO_start function null from ../todomvc/examples/canjs/node_modules/jquery/dist/jquery.js in 2730_PROFILING_INFO_
​ _PROFILING_INFO_start function null from ../todomvc/examples/canjs/node_modules/jquery/dist/jquery.js in 255_PROFILING_INFO_
​ _PROFILING_INFO_start function null from ../todomvc/examples/canjs/node_modules/jquery/dist/jquery.js in 300_PROFILING_INFO_
​ _PROFILING_INFO_start function null from ../todomvc/examples/canjs/node_modules/jquery/dist/jquery.js in 3371_PROFILING_INFO_
​ _PROFILING_INFO_start function null from ../todomvc/examples/canjs/node_modules/jquery/dist/jquery.js in 3431_PROFILING_INFO_
​ _PROFILING_INFO_start function null from ../todomvc/examples/canjs/node_modules/jquery/dist/jquery.js in 3267_PROFILING_INFO_
​ _PROFILING_INFO_start function null from ../todomvc/examples/canjs/node_modules/jquery/dist/jquery.js in 3115_PROFILING_INFO_
​ _PROFILING_INFO_start function add from ../todomvc/examples/canjs/node_modules/jquery/dist/jquery.js in 3119_PROFILING_INFO_
​ _PROFILING_INFO_start function null from ../todomvc/examples/canjs/node_modules/jquery/dist/jquery.js in 345_PROFILING_INFO_
​ _PROFILING_INFO_start function isArraylike from ../todomvc/examples/canjs/node_modules/jquery/dist/jquery.js in 533_PROFILING_INFO_
​ _PROFILING_INFO_start function null from ../todomvc/examples/canjs/node_modules/jquery/dist/jquery.js in 261_PROFILING_INFO_
​ _PROFILING_INFO_start function null from ../todomvc/examples/canjs/node_modules/jquery/dist/jquery.js in 3120_PROFILING_INFO_
​ _PROFILING_INFO_start function completed from ../todomvc/examples/canjs/node_modules/jquery/dist/jquery.js in 3425_PROFILING_INFO_
​ _PROFILING_INFO_start function null from ../todomvc/examples/canjs/node_modules/jquery/dist/jquery.js in 3396_PROFILING_INFO_
​ _PROFILING_INFO_start function null from ../todomvc/examples/canjs/node_modules/jquery/dist/jquery.js in 3199_PROFILING_INFO_
​ _PROFILING_INFO_start function null from ../todomvc/examples/canjs/node_modules/jquery/dist/jquery.js in 3086_PROFILING_INFO_
​ _PROFILING_INFO_start function null from ../todomvc/examples/canjs/node_modules/jquery/dist/jquery.js in 3286_PROFILING_INFO_
​ _PROFILING_INFO_start function null from ../todomvc/examples/canjs/node_modules/jquery/dist/jquery.js in 3178_PROFILING_INFO_
​ _PROFILING_INFO_start function null from ../todomvc/examples/canjs/node_modules/jquery/dist/jquery.js in 3187_PROFILING_INFO_
​ _PROFILING_INFO_start function null from ../todomvc/examples/canjs/js/app.js in 5_PROFILING_INFO_
​ _PROFILING_INFO_start function null from ../todomvc/examples/canjs/node_modules/canjs/can.jquery.js in 6583_PROFILING_INFO_
​ _PROFILING_INFO_start function null from ../todomvc/examples/canjs/node_modules/canjs/can.jquery.js in 6842_PROFILING_INFO_
​ _PROFILING_INFO_start function null from ../todomvc/examples/canjs/node_modules/jquery/dist/jquery.js in 402_PROFILING_INFO_
​ _PROFILING_INFO_start function null from ../todomvc/examples/canjs/node_modules/jquery/dist/jquery.js in 423_PROFILING_INFO_
​ _PROFILING_INFO_start function null from ../todomvc/examples/canjs/node_modules/canjs/can.jquery.js in 6552_PROFILING_INFO_
​ _PROFILING_INFO_start function null from ../todomvc/examples/canjs/node_modules/canjs/can.jquery.js in 6524_PROFILING_INFO_
​ _PROFILING_INFO_start function null from ../todomvc/examples/canjs/node_modules/canjs/can.jquery.js in 2447_PROFILING_INFO_
​ _PROFILING_INFO_start function null from ../todomvc/examples/canjs/node_modules/canjs/can.jquery.js in 2578_PROFILING_INFO_
​ _PROFILING_INFO_start function null from ../todomvc/examples/canjs/node_modules/canjs/can.jquery.js in 2805_PROFILING_INFO_
​ _PROFILING_INFO_start function null from ../todomvc/examples/canjs/node_modules/canjs/can.jquery.js in 20_PROFILING_INFO_
​ _PROFILING_INFO_start function null from ../todomvc/examples/canjs/node_modules/canjs/can.jquery.js in 2719_PROFILING_INFO_
​ _PROFILING_INFO_start function null from ../todomvc/examples/canjs/node_modules/canjs/can.jquery.js in 2504_PROFILING_INFO_
​ _PROFILING_INFO_start function null from ../todomvc/examples/canjs/node_modules/jquery/dist/jquery.js in 457_PROFILING_INFO_
​ _PROFILING_INFO_start function null from ../todomvc/examples/canjs/node_modules/canjs/can.jquery.js in 2506_PROFILING_INFO_
​ _PROFILING_INFO_start function null from ../todomvc/examples/canjs/node_modules/canjs/can.jquery.js in 2687_PROFILING_INFO_
​ _PROFILING_INFO_start function null from ../todomvc/examples/canjs/node_modules/canjs/can.jquery.js in 5521_PROFILING_INFO_
​ _PROFILING_INFO_start function null from ../todomvc/examples/canjs/node_modules/canjs/can.jquery.js in 4645_PROFILING_INFO_
​ _PROFILING_INFO_start function null from ../todomvc/examples/canjs/node_modules/jquery/dist/jquery.js in 177_PROFILING_INFO_
​ _PROFILING_INFO_start function null from ../todomvc/examples/canjs/node_modules/canjs/can.jquery.js in 3423_PROFILING_INFO_
​ _PROFILING_INFO_start function null from ../todomvc/examples/canjs/node_modules/canjs/can.jquery.js in 3433_PROFILING_INFO_
​ _PROFILING_INFO_start function null from ../todomvc/examples/canjs/node_modules/canjs/can.jquery.js in 4732_PROFILING_INFO_
​ _PROFILING_INFO_start function null from ../todomvc/examples/canjs/node_modules/canjs/can.jquery.js in 3290_PROFILING_INFO_
​ _PROFILING_INFO_start function null from ../todomvc/examples/canjs/node_modules/canjs/can.jquery.js in 3230_PROFILING_INFO_
​ _PROFILING_INFO_start function null from ../todomvc/examples/canjs/node_modules/canjs/can.jquery.js in 3278_PROFILING_INFO_
​ _PROFILING_INFO_start function null from ../todomvc/examples/canjs/node_modules/canjs/can.jquery.js in 48_PROFILING_INFO_
​ _PROFILING_INFO_start function null from ../todomvc/examples/canjs/node_modules/canjs/can.jquery.js in 3649_PROFILING_INFO_
​ _PROFILING_INFO_start function null from ../todomvc/examples/canjs/node_modules/canjs/can.jquery.js in 3473_PROFILING_INFO_
​ _PROFILING_INFO_start function null from ../todomvc/examples/canjs/node_modules/canjs/can.jquery.js in 3256_PROFILING_INFO_
​ _PROFILING_INFO_start function null from ../todomvc/examples/canjs/node_modules/canjs/can.jquery.js in 3242_PROFILING_INFO_
​ _PROFILING_INFO_start function null from ../todomvc/examples/canjs/node_modules/canjs/can.jquery.js in 3283_PROFILING_INFO_
​ _PROFILING_INFO_start function null from ../todomvc/examples/canjs/node_modules/canjs/can.jquery.js in 4979_PROFILING_INFO_
​ _PROFILING_INFO_start function null from ../todomvc/examples/canjs/node_modules/jquery/dist/jquery.js in 395_PROFILING_INFO_
​ _PROFILING_INFO_start function null from ../todomvc/examples/canjs/node_modules/canjs/can.jquery.js in 5033_PROFILING_INFO_
​ _PROFILING_INFO_start function null from ../todomvc/examples/canjs/node_modules/canjs/can.jquery.js in 4613_PROFILING_INFO_
​ _PROFILING_INFO_start function null from ../todomvc/examples/canjs/node_modules/canjs/can.jquery.js in 3496_PROFILING_INFO_
​ _PROFILING_INFO_start function null from ../todomvc/examples/canjs/node_modules/canjs/can.jquery.js in 3260_PROFILING_INFO_
​ _PROFILING_INFO_start function null from ../todomvc/examples/canjs/node_modules/jquery/dist/jquery.js in 3228_PROFILING_INFO_
​ _PROFILING_INFO_start function null from ../todomvc/examples/canjs/node_modules/jquery/dist/jquery.js in 3061_PROFILING_INFO_
​ _PROFILING_INFO_start function null from ../todomvc/examples/canjs/node_modules/jquery/dist/jquery.js in 3277_PROFILING_INFO_
​ _PROFILING_INFO_start function null from ../todomvc/examples/canjs/node_modules/jquery/dist/jquery.js in 3295_PROFILING_INFO_
​ _PROFILING_INFO_start function null from ../todomvc/examples/canjs/node_modules/jquery/dist/jquery.js in 3237_PROFILING_INFO_
​ _PROFILING_INFO_start function null from ../todomvc/examples/canjs/node_modules/canjs/can.jquery.js in 4650_PROFILING_INFO_
​ _PROFILING_INFO_start function null from ../todomvc/examples/canjs/node_modules/canjs/can.jquery.js in 4676_PROFILING_INFO_
​ _PROFILING_INFO_start function Constructor from ../todomvc/examples/canjs/node_modules/canjs/can.jquery.js in 644_PROFILING_INFO_
​ _PROFILING_INFO_start function null from ../todomvc/examples/canjs/node_modules/canjs/can.jquery.js in 575_PROFILING_INFO_
​ _PROFILING_INFO_start function null from ../todomvc/examples/canjs/node_modules/canjs/can.jquery.js in 612_PROFILING_INFO_
​ _PROFILING_INFO_start function null from ../todomvc/examples/canjs/node_modules/canjs/can.jquery.js in 705_PROFILING_INFO_
​ _PROFILING_INFO_start function null from ../todomvc/examples/canjs/node_modules/canjs/can.jquery.js in 2904_PROFILING_INFO_
​ _PROFILING_INFO_start function null from ../todomvc/examples/canjs/node_modules/canjs/can.jquery.js in 5309_PROFILING_INFO_
​ _PROFILING_INFO_start function null from ../todomvc/examples/canjs/node_modules/canjs/can.jquery.js in 3381_PROFILING_INFO_
​ _PROFILING_INFO_start function null from ../todomvc/examples/canjs/node_modules/canjs/can.jquery.js in 4438_PROFILING_INFO_
​ _PROFILING_INFO_start function null from ../todomvc/examples/canjs/node_modules/canjs/can.jquery.js in 2548_PROFILING_INFO_
​ _PROFILING_INFO_start function null from ../todomvc/examples/canjs/node_modules/canjs/can.jquery.js in 2454_PROFILING_INFO_
​ _PROFILING_INFO_start function null from ../todomvc/examples/canjs/node_modules/canjs/can.jquery.js in 2486_PROFILING_INFO_
​ _PROFILING_INFO_start function null from ../todomvc/examples/canjs/node_modules/canjs/can.jquery.js in 2494_PROFILING_INFO_
​ _PROFILING_INFO_start function null from ../todomvc/examples/canjs/node_modules/canjs/can.jquery.js in 289_PROFILING_INFO_
​ _PROFILING_INFO_start function null from ../todomvc/examples/canjs/node_modules/jquery/dist/jquery.js in 5080_PROFILING_INFO_
​ _PROFILING_INFO_start function null from ../todomvc/examples/canjs/node_modules/jquery/dist/jquery.js in 1423_PROFILING_INFO_
​ _PROFILING_INFO_start function null from ../todomvc/examples/canjs/node_modules/jquery/dist/jquery.js in 1267_PROFILING_INFO_
​ _PROFILING_INFO_start function getAll from ../todomvc/examples/canjs/node_modules/jquery/dist/jquery.js in 5013_PROFILING_INFO_
​ _PROFILING_INFO_start function null from ../todomvc/examples/canjs/node_modules/jquery/dist/jquery.js in 340_PROFILING_INFO_
​ _PROFILING_INFO_start function null from ../todomvc/examples/canjs/node_modules/canjs/can.jquery.js in 2515_PROFILING_INFO_
​ _PROFILING_INFO_start function null from ../todomvc/examples/canjs/node_modules/canjs/can.jquery.js in 2521_PROFILING_INFO_
​ _PROFILING_INFO_start function null from ../todomvc/examples/canjs/node_modules/canjs/can.jquery.js in 2529_PROFILING_INFO_
​ _PROFILING_INFO_start function null from ../todomvc/examples/canjs/node_modules/canjs/can.jquery.js in 3386_PROFILING_INFO_
​ _PROFILING_INFO_start function null from ../todomvc/examples/canjs/node_modules/canjs/can.jquery.js in 2967_PROFILING_INFO_
​ _PROFILING_INFO_start function null from ../todomvc/examples/canjs/node_modules/canjs/can.jquery.js in 36_PROFILING_INFO_
​ _PROFILING_INFO_start function null from ../todomvc/examples/canjs/node_modules/canjs/can.jquery.js in 2335_PROFILING_INFO_
​ _PROFILING_INFO_start function null from ../todomvc/examples/canjs/node_modules/canjs/can.jquery.js in 2098_PROFILING_INFO_
​ _PROFILING_INFO_start function null from ../todomvc/examples/canjs/node_modules/canjs/can.jquery.js in 3030_PROFILING_INFO_
​ _PROFILING_INFO_start function null from ../todomvc/examples/canjs/node_modules/canjs/can.jquery.js in 5759_PROFILING_INFO_
​ _PROFILING_INFO_start function null from ../todomvc/examples/canjs/node_modules/canjs/can.jquery.js in 5770_PROFILING_INFO_
​ _PROFILING_INFO_start function null from ../todomvc/examples/canjs/node_modules/canjs/can.jquery.js in 5788_PROFILING_INFO_
​ _PROFILING_INFO_start function null from ../todomvc/examples/canjs/node_modules/canjs/can.jquery.js in 509_PROFILING_INFO_
​ _PROFILING_INFO_start function null from ../todomvc/examples/canjs/node_modules/canjs/can.jquery.js in 449_PROFILING_INFO_
​ _PROFILING_INFO_start function null from ../todomvc/examples/canjs/node_modules/canjs/can.jquery.js in 511_PROFILING_INFO_
​ _PROFILING_INFO_start function null from ../todomvc/examples/canjs/node_modules/canjs/can.jquery.js in 1315_PROFILING_INFO_
​ _PROFILING_INFO_start function null from ../todomvc/examples/canjs/node_modules/canjs/can.jquery.js in 27_PROFILING_INFO_
​ _PROFILING_INFO_start function null from ../todomvc/examples/canjs/node_modules/canjs/can.jquery.js in 1338_PROFILING_INFO_
​ _PROFILING_INFO_start function null from ../todomvc/examples/canjs/node_modules/canjs/can.jquery.js in 1207_PROFILING_INFO_
​ _PROFILING_INFO_start function null from ../todomvc/examples/canjs/node_modules/jquery/dist/jquery.js in 273_PROFILING_INFO_
​ _PROFILING_INFO_start function null from ../todomvc/examples/canjs/node_modules/canjs/can.jquery.js in 1375_PROFILING_INFO_
​ _PROFILING_INFO_start function null from ../todomvc/examples/canjs/node_modules/canjs/can.jquery.js in 1596_PROFILING_INFO_
​ _PROFILING_INFO_start function null from ../todomvc/examples/canjs/node_modules/canjs/can.jquery.js in 1057_PROFILING_INFO_
​ _PROFILING_INFO_start function null from ../todomvc/examples/canjs/node_modules/canjs/can.jquery.js in 1394_PROFILING_INFO_
​ _PROFILING_INFO_start function null from ../todomvc/examples/canjs/node_modules/canjs/can.jquery.js in 1462_PROFILING_INFO_
​ _PROFILING_INFO_start function null from ../todomvc/examples/canjs/node_modules/canjs/can.jquery.js in 1476_PROFILING_INFO_
​ _PROFILING_INFO_start function null from ../todomvc/examples/canjs/node_modules/canjs/can.jquery.js in 1138_PROFILING_INFO_
​ _PROFILING_INFO_start function null from ../todomvc/examples/canjs/node_modules/canjs/can.jquery.js in 1498_PROFILING_INFO_
​ _PROFILING_INFO_start function null from ../todomvc/examples/canjs/node_modules/canjs/can.jquery.js in 1229_PROFILING_INFO_
​ _PROFILING_INFO_start function null from ../todomvc/examples/canjs/node_modules/canjs/can.jquery.js in 1245_PROFILING_INFO_
​ _PROFILING_INFO_start function null from ../todomvc/examples/canjs/node_modules/canjs/can.jquery.js in 1539_PROFILING_INFO_
​ _PROFILING_INFO_start function null from ../todomvc/examples/canjs/node_modules/canjs/can.jquery.js in 1088_PROFILING_INFO_
​ _PROFILING_INFO_start function null from ../todomvc/examples/canjs/node_modules/canjs/can.jquery.js in 1362_PROFILING_INFO_
​ _PROFILING_INFO_start function null from ../todomvc/examples/canjs/node_modules/canjs/can.jquery.js in 1064_PROFILING_INFO_
​ _PROFILING_INFO_start function null from ../todomvc/examples/canjs/node_modules/canjs/can.jquery.js in 1158_PROFILING_INFO_
​ _PROFILING_INFO_start function null from ../todomvc/examples/canjs/node_modules/canjs/can.jquery.js in 349_PROFILING_INFO_
​ _PROFILING_INFO_start function null from ../todomvc/examples/canjs/node_modules/canjs/can.jquery.js in 1554_PROFILING_INFO_
​ _PROFILING_INFO_start function null from ../todomvc/examples/canjs/node_modules/canjs/can.jquery.js in 1009_PROFILING_INFO_
​ _PROFILING_INFO_start function null from ../todomvc/examples/canjs/node_modules/canjs/can.jquery.js in 146_PROFILING_INFO_
​ _PROFILING_INFO_start function null from ../todomvc/examples/canjs/node_modules/canjs/can.jquery.js in 707_PROFILING_INFO_
​ _PROFILING_INFO_start function null from ../todomvc/examples/canjs/node_modules/canjs/can.jquery.js in 302_PROFILING_INFO_
​ _PROFILING_INFO_start function null from ../todomvc/examples/canjs/node_modules/canjs/can.jquery.js in 265_PROFILING_INFO_
​ _PROFILING_INFO_start function null from ../todomvc/examples/canjs/node_modules/jquery/dist/jquery.js in 4083_PROFILING_INFO_
​ _PROFILING_INFO_start function null from ../todomvc/examples/canjs/node_modules/jquery/dist/jquery.js in 3609_PROFILING_INFO_
​ _PROFILING_INFO_start function null from ../todomvc/examples/canjs/node_modules/jquery/dist/jquery.js in 3547_PROFILING_INFO_
​ _PROFILING_INFO_start function null from ../todomvc/examples/canjs/node_modules/jquery/dist/jquery.js in 3518_PROFILING_INFO_
​ _PROFILING_INFO_start function null from ../todomvc/examples/canjs/node_modules/canjs/can.jquery.js in 370_PROFILING_INFO_
​ _PROFILING_INFO_start function null from ../todomvc/examples/canjs/node_modules/jquery/dist/jquery.js in 3775_PROFILING_INFO_
​ _PROFILING_INFO_start function null from ../todomvc/examples/canjs/node_modules/jquery/dist/jquery.js in 3463_PROFILING_INFO_
​ _PROFILING_INFO_start function null from ../todomvc/examples/canjs/node_modules/jquery/dist/jquery.js in 3813_PROFILING_INFO_
​ _PROFILING_INFO_start function null from ../todomvc/examples/canjs/node_modules/jquery/dist/jquery.js in 336_PROFILING_INFO_
​ _PROFILING_INFO_start function null from ../todomvc/examples/canjs/node_modules/jquery/dist/jquery.js in 138_PROFILING_INFO_
​ _PROFILING_INFO_start function null from ../todomvc/examples/canjs/node_modules/jquery/dist/jquery.js in 3849_PROFILING_INFO_
​ _PROFILING_INFO_start function null from ../todomvc/examples/canjs/node_modules/jquery/dist/jquery.js in 3583_PROFILING_INFO_
​ _PROFILING_INFO_start function null from ../todomvc/examples/canjs/node_modules/canjs/can.jquery.js in 2925_PROFILING_INFO_
​ _PROFILING_INFO_start function null from ../todomvc/examples/canjs/node_modules/canjs/can.jquery.js in 5881_PROFILING_INFO_
​ _PROFILING_INFO_start function null from ../todomvc/examples/canjs/node_modules/canjs/can.jquery.js in 5712_PROFILING_INFO_
​ _PROFILING_INFO_start function null from ../todomvc/examples/canjs/node_modules/canjs/can.jquery.js in 856_PROFILING_INFO_
​ _PROFILING_INFO_start function dataAttr from ../todomvc/examples/canjs/node_modules/jquery/dist/jquery.js in 3721_PROFILING_INFO_
​ _PROFILING_INFO_start function null from ../todomvc/examples/canjs/node_modules/canjs/can.jquery.js in 888_PROFILING_INFO_
​ _PROFILING_INFO_start function null from ../todomvc/examples/canjs/node_modules/canjs/can.jquery.js in 944_PROFILING_INFO_
​ _PROFILING_INFO_start function null from ../todomvc/examples/canjs/node_modules/canjs/can.jquery.js in 778_PROFILING_INFO_
​ _PROFILING_INFO_start function null from ../todomvc/examples/canjs/node_modules/canjs/can.jquery.js in 809_PROFILING_INFO_
​ _PROFILING_INFO_start function null from ../todomvc/examples/canjs/node_modules/canjs/can.jquery.js in 5705_PROFILING_INFO_
can.jquery-instrumented.js:593 _PROFILING_INFO_start function null from ../todomvc/examples/canjs/node_modules/canjs/can.jquery.js in 529_PROFILING_INFO_
can.jquery-instrumented.js:600 _PROFILING_INFO_start function null from ../todomvc/examples/canjs/node_modules/canjs/can.jquery.js in 532_PROFILING_INFO_
can.jquery-instrumented.js:520 _PROFILING_INFO_start function null from ../todomvc/examples/canjs/node_modules/canjs/can.jquery.js in 463_PROFILING_INFO_
can.jquery-instrumented.js:498 _PROFILING_INFO_start function null from ../todomvc/examples/canjs/node_modules/canjs/can.jquery.js in 447_PROFILING_INFO_
can.jquery-instrumented.js:488 _PROFILING_INFO_start function null from ../todomvc/examples/canjs/node_modules/canjs/can.jquery.js in 439_PROFILING_INFO_
can.jquery-instrumented.js:975 _PROFILING_INFO_start function null from ../todomvc/examples/canjs/node_modules/canjs/can.jquery.js in 986_PROFILING_INFO_
can.jquery-instrumented.js:791 _PROFILING_INFO_start function null from ../todomvc/examples/canjs/node_modules/canjs/can.jquery.js in 742_PROFILING_INFO_
can.jquery-instrumented.js:765 _PROFILING_INFO_start function null from ../todomvc/examples/canjs/node_modules/canjs/can.jquery.js in 718_PROFILING_INFO_
jquery-instrumented.js:6343 _PROFILING_INFO_start function null from ../todomvc/examples/canjs/node_modules/jquery/dist/jquery.js in 7491_PROFILING_INFO_
jquery-instrumented.js:3963 _PROFILING_INFO_start function null from ../todomvc/examples/canjs/node_modules/jquery/dist/jquery.js in 4806_PROFILING_INFO_
jquery-instrumented.js:4009 _PROFILING_INFO_start function null from ../todomvc/examples/canjs/node_modules/jquery/dist/jquery.js in 4855_PROFILING_INFO_
can.jquery-instrumented.js:1177 _PROFILING_INFO_start function null from ../todomvc/examples/canjs/node_modules/canjs/can.jquery.js in 1146_PROFILING_INFO_
can.jquery-instrumented.js:1412 _PROFILING_INFO_start function null from ../todomvc/examples/canjs/node_modules/canjs/can.jquery.js in 1366_PROFILING_INFO_
can.jquery-instrumented.js:1183 _PROFILING_INFO_start function null from ../todomvc/examples/canjs/node_modules/canjs/can.jquery.js in 1148_PROFILING_INFO_
can.jquery-instrumented.js:1136 _PROFILING_INFO_start function null from ../todomvc/examples/canjs/node_modules/canjs/can.jquery.js in 1115_PROFILING_INFO_
can.jquery-instrumented.js:170 _PROFILING_INFO_start function null from ../todomvc/examples/canjs/node_modules/canjs/can.jquery.js in 158_PROFILING_INFO_
can.jquery-instrumented.js:1767 _PROFILING_INFO_start function null from ../todomvc/examples/canjs/node_modules/canjs/can.jquery.js in 1757_PROFILING_INFO_
can.jquery-instrumented.js:1750 _PROFILING_INFO_start function null from ../todomvc/examples/canjs/node_modules/canjs/can.jquery.js in 1748_PROFILING_INFO_
can.jquery-instrumented.js:4226 _PROFILING_INFO_start function null from ../todomvc/examples/canjs/node_modules/canjs/can.jquery.js in 4428_PROFILING_INFO_
can.jquery-instrumented.js:4264 _PROFILING_INFO_start function null from ../todomvc/examples/canjs/node_modules/canjs/can.jquery.js in 4448_PROFILING_INFO_
can.jquery-instrumented.js:4200 _PROFILING_INFO_start function null from ../todomvc/examples/canjs/node_modules/canjs/can.jquery.js in 4410_PROFILING_INFO_
can.jquery-instrumented.js:2111 _PROFILING_INFO_start function null from ../todomvc/examples/canjs/node_modules/canjs/can.jquery.js in 2102_PROFILING_INFO_
can.jquery-instrumented.js:2287 _PROFILING_INFO_start function null from ../todomvc/examples/canjs/node_modules/canjs/can.jquery.js in 2279_PROFILING_INFO_
can.jquery-instrumented.js:2187 _PROFILING_INFO_start function null from ../todomvc/examples/canjs/node_modules/canjs/can.jquery.js in 2199_PROFILING_INFO_
can.jquery-instrumented.js:2035 _PROFILING_INFO_start function null from ../todomvc/examples/canjs/node_modules/canjs/can.jquery.js in 2021_PROFILING_INFO_
can.jquery-instrumented.js:2071 _PROFILING_INFO_start function null from ../todomvc/examples/canjs/node_modules/canjs/can.jquery.js in 2060_PROFILING_INFO_
can.jquery-instrumented.js:2024 _PROFILING_INFO_start function null from ../todomvc/examples/canjs/node_modules/canjs/can.jquery.js in 2005_PROFILING_INFO_
can.jquery-instrumented.js:1981 _PROFILING_INFO_start function null from ../todomvc/examples/canjs/node_modules/canjs/can.jquery.js in 1975_PROFILING_INFO_
can.jquery-instrumented.js:4613 _PROFILING_INFO_start function null from ../todomvc/examples/canjs/node_modules/canjs/can.jquery.js in 5106_PROFILING_INFO_
can.jquery-instrumented.js:2879 _PROFILING_INFO_start function null from ../todomvc/examples/canjs/node_modules/canjs/can.jquery.js in 2909_PROFILING_INFO_
can.jquery-instrumented.js:2000 _PROFILING_INFO_start function null from ../todomvc/examples/canjs/node_modules/canjs/can.jquery.js in 1988_PROFILING_INFO_
can.jquery-instrumented.js:2007 _PROFILING_INFO_start function null from ../todomvc/examples/canjs/node_modules/canjs/can.jquery.js in 1991_PROFILING_INFO_
can.jquery-instrumented.js:4375 _PROFILING_INFO_start function null from ../todomvc/examples/canjs/node_modules/canjs/can.jquery.js in 4617_PROFILING_INFO_
can.jquery-instrumented.js:4712 _PROFILING_INFO_start function null from ../todomvc/examples/canjs/node_modules/canjs/can.jquery.js in 5249_PROFILING_INFO_
can.jquery-instrumented.js:2905 _PROFILING_INFO_start function null from ../todomvc/examples/canjs/node_modules/canjs/can.jquery.js in 2933_PROFILING_INFO_
can.jquery-instrumented.js:2334 _PROFILING_INFO_start function null from ../todomvc/examples/canjs/node_modules/canjs/can.jquery.js in 2316_PROFILING_INFO_
can.jquery-instrumented.js:2912 _PROFILING_INFO_start function null from ../todomvc/examples/canjs/node_modules/canjs/can.jquery.js in 2939_PROFILING_INFO_
can.jquery-instrumented.js:2956 _PROFILING_INFO_start function null from ../todomvc/examples/canjs/node_modules/canjs/can.jquery.js in 3024_PROFILING_INFO_
can.jquery-instrumented.js:1990 _PROFILING_INFO_start function null from ../todomvc/examples/canjs/node_modules/canjs/can.jquery.js in 1980_PROFILING_INFO_
can.jquery-instrumented.js:1477 _PROFILING_INFO_start function null from ../todomvc/examples/canjs/node_modules/canjs/can.jquery.js in 1436_PROFILING_INFO_
jquery-instrumented.js:233 _PROFILING_INFO_start function null from ../todomvc/examples/canjs/node_modules/jquery/dist/jquery.js in 292_PROFILING_INFO_
can.jquery-instrumented.js:4780 _PROFILING_INFO_start function null from ../todomvc/examples/canjs/node_modules/canjs/can.jquery.js in 5345_PROFILING_INFO_
can.jquery-instrumented.js:4393 _PROFILING_INFO_start function null from ../todomvc/examples/canjs/node_modules/canjs/can.jquery.js in 4631_PROFILING_INFO_
can.jquery-instrumented.js:4832 _PROFILING_INFO_start function null from ../todomvc/examples/canjs/node_modules/canjs/can.jquery.js in 5399_PROFILING_INFO_
can.jquery-instrumented.js:2347 _PROFILING_INFO_start function null from ../todomvc/examples/canjs/node_modules/canjs/can.jquery.js in 2325_PROFILING_INFO_
can.jquery-instrumented.js:2145 _PROFILING_INFO_start function null from ../todomvc/examples/canjs/node_modules/canjs/can.jquery.js in 2147_PROFILING_INFO_
can.jquery-instrumented.js:2352 _PROFILING_INFO_start function null from ../todomvc/examples/canjs/node_modules/canjs/can.jquery.js in 2326_PROFILING_INFO_
can.jquery-instrumented.js:4398 _PROFILING_INFO_start function null from ../todomvc/examples/canjs/node_modules/canjs/can.jquery.js in 4632_PROFILING_INFO_
can.jquery-instrumented.js:4217 _PROFILING_INFO_start function null from ../todomvc/examples/canjs/node_modules/canjs/can.jquery.js in 4423_PROFILING_INFO_
todo-instrumented.js:66 _PROFILING_INFO_start function null from ../todomvc/examples/canjs/js/models/todo.js in 43_PROFILING_INFO_
todo-instrumented.js:46 _PROFILING_INFO_start function null from ../todomvc/examples/canjs/js/models/todo.js in 33_PROFILING_INFO_
todo-instrumented.js:29 _PROFILING_INFO_start function null from ../todomvc/examples/canjs/js/models/todo.js in 21_PROFILING_INFO_
todo-app-instrumented.js:35 _PROFILING_INFO_start function null from ../todomvc/examples/canjs/js/components/todo-app.js in 27_PROFILING_INFO_
can.jquery-instrumented.js:6230 _PROFILING_INFO_start function null from ../todomvc/examples/canjs/node_modules/canjs/can.jquery.js in 6876_PROFILING_INFO_
can.jquery-instrumented.js:4858 _PROFILING_INFO_start function null from ../todomvc/examples/canjs/node_modules/canjs/can.jquery.js in 5425_PROFILING_INFO_
can.jquery-instrumented.js:4744 _PROFILING_INFO_start function null from ../todomvc/examples/canjs/node_modules/canjs/can.jquery.js in 5296_PROFILING_INFO_
can.jquery-instrumented.js:4381 _PROFILING_INFO_start function null from ../todomvc/examples/canjs/node_modules/canjs/can.jquery.js in 4622_PROFILING_INFO_
can.jquery-instrumented.js:4387 _PROFILING_INFO_start function null from ../todomvc/examples/canjs/node_modules/canjs/can.jquery.js in 4627_PROFILING_INFO_
can.jquery-instrumented.js:4148 _PROFILING_INFO_start function null from ../todomvc/examples/canjs/node_modules/canjs/can.jquery.js in 4345_PROFILING_INFO_
todo-instrumented.js:59 _PROFILING_INFO_start function null from ../todomvc/examples/canjs/js/models/todo.js in 39_PROFILING_INFO_
can.jquery-instrumented.js:5311 _PROFILING_INFO_start function null from ../todomvc/examples/canjs/node_modules/canjs/can.jquery.js in 5883_PROFILING_INFO_
todo-app-instrumented.js:132 _PROFILING_INFO_start function null from ../todomvc/examples/canjs/js/components/todo-app.js in 92_PROFILING_INFO_
todo-app-instrumented.js:124 _PROFILING_INFO_start function null from ../todomvc/examples/canjs/js/components/todo-app.js in 86_PROFILING_INFO_
can.jquery-instrumented.js:6114 _PROFILING_INFO_start function null from ../todomvc/examples/canjs/node_modules/canjs/can.jquery.js in 6777_PROFILING_INFO_
​ _PROFILING_INFO_start function null from ../todomvc/examples/canjs/node_modules/canjs/can.jquery.js in 6769_PROFILING_INFO_
​ _PROFILING_INFO_start function null from ../todomvc/examples/canjs/node_modules/canjs/can.jquery.js in 6638_PROFILING_INFO_
​ _PROFILING_INFO_start function null from ../todomvc/examples/canjs/node_modules/canjs/can.jquery.js in 6654_PROFILING_INFO_
​ _PROFILING_INFO_start function null from ../todomvc/examples/canjs/node_modules/canjs/can.jquery.js in 6499_PROFILING_INFO_
​ _PROFILING_INFO_start function null from ../todomvc/examples/canjs/node_modules/canjs/can.jquery.js in 6487_PROFILING_INFO_
​ _PROFILING_INFO_start function null from ../todomvc/examples/canjs/node_modules/canjs/can.jquery.js in 6489_PROFILING_INFO_
​ _PROFILING_INFO_start function null from ../todomvc/examples/canjs/node_modules/canjs/can.jquery.js in 455_PROFILING_INFO_
​ _PROFILING_INFO_start function null from ../todomvc/examples/canjs/node_modules/canjs/can.jquery.js in 6650_PROFILING_INFO_
​ _PROFILING_INFO_start function null from ../todomvc/examples/canjs/node_modules/canjs/can.jquery.js in 6676_PROFILING_INFO_
​ _PROFILING_INFO_start function null from ../todomvc/examples/canjs/node_modules/jquery/dist/jquery.js in 8448_PROFILING_INFO_
​ _PROFILING_INFO_start function null from ../todomvc/examples/canjs/node_modules/canjs/can.jquery.js in 4431_PROFILING_INFO_
​ _PROFILING_INFO_start function null from ../todomvc/examples/canjs/node_modules/canjs/can.jquery.js in 3356_PROFILING_INFO_
​ _PROFILING_INFO_start function null from ../todomvc/examples/canjs/node_modules/canjs/can.jquery.js in 3357_PROFILING_INFO_
​ _PROFILING_INFO_start function null from ../todomvc/examples/canjs/node_modules/canjs/can.jquery.js in 3362_PROFILING_INFO_
​ _PROFILING_INFO_start function null from ../todomvc/examples/canjs/node_modules/canjs/can.jquery.js in 5593_PROFILING_INFO_
​ _PROFILING_INFO_start function null from ../todomvc/examples/canjs/node_modules/canjs/can.jquery.js in 5580_PROFILING_INFO_
​ _PROFILING_INFO_start function null from ../todomvc/examples/canjs/node_modules/canjs/can.jquery.js in 4432_PROFILING_INFO_
​ _PROFILING_INFO_start function null from ../todomvc/examples/canjs/node_modules/canjs/can.jquery.js in 4569_PROFILING_INFO_
​ _PROFILING_INFO_start function null from ../todomvc/examples/canjs/node_modules/canjs/can.jquery.js in 4268_PROFILING_INFO_
​ _PROFILING_INFO_start function null from ../todomvc/examples/canjs/node_modules/canjs/can.jquery.js in 4035_PROFILING_INFO_
​ _PROFILING_INFO_start function null from ../todomvc/examples/canjs/node_modules/canjs/can.jquery.js in 4012_PROFILING_INFO_
​ _PROFILING_INFO_start function null from ../todomvc/examples/canjs/node_modules/canjs/can.jquery.js in 4036_PROFILING_INFO_
​ _PROFILING_INFO_start function null from ../todomvc/examples/canjs/node_modules/canjs/can.jquery.js in 3167_PROFILING_INFO_
​ _PROFILING_INFO_start function null from ../todomvc/examples/canjs/node_modules/canjs/can.jquery.js in 3141_PROFILING_INFO_
​ _PROFILING_INFO_start function null from ../todomvc/examples/canjs/node_modules/canjs/can.jquery.js in 4473_PROFILING_INFO_
can.jquery-instrumented.js:1041 _PROFILING_INFO_start function null from ../todomvc/examples/canjs/node_modules/canjs/can.jquery.js in 1027_PROFILING_INFO_
can.jquery-instrumented.js:239 _PROFILING_INFO_start function null from ../todomvc/examples/canjs/node_modules/canjs/can.jquery.js in 224_PROFILING_INFO_
can.jquery-instrumented.js:4327 _PROFILING_INFO_start function null from ../todomvc/examples/canjs/node_modules/canjs/can.jquery.js in 4548_PROFILING_INFO_
can.jquery-instrumented.js:4034 _PROFILING_INFO_start function null from ../todomvc/examples/canjs/node_modules/canjs/can.jquery.js in 4242_PROFILING_INFO_
can.jquery-instrumented.js:3850 _PROFILING_INFO_start function null from ../todomvc/examples/canjs/node_modules/canjs/can.jquery.js in 4047_PROFILING_INFO_
can.jquery-instrumented.js:4318 _PROFILING_INFO_start function null from ../todomvc/examples/canjs/node_modules/canjs/can.jquery.js in 4540_PROFILING_INFO_
can.jquery-instrumented.js:3962 _PROFILING_INFO_start function null from ../todomvc/examples/canjs/node_modules/canjs/can.jquery.js in 4175_PROFILING_INFO_
can.jquery-instrumented.js:3068 _PROFILING_INFO_start function null from ../todomvc/examples/canjs/node_modules/canjs/can.jquery.js in 3137_PROFILING_INFO_
can.jquery-instrumented.js:3744 _PROFILING_INFO_start function null from ../todomvc/examples/canjs/node_modules/canjs/can.jquery.js in 3957_PROFILING_INFO_
can.jquery-instrumented.js:3678 _PROFILING_INFO_start function null from ../todomvc/examples/canjs/node_modules/canjs/can.jquery.js in 3901_PROFILING_INFO_
can.jquery-instrumented.js:3980 _PROFILING_INFO_start function null from ../todomvc/examples/canjs/node_modules/canjs/can.jquery.js in 4188_PROFILING_INFO_
can.jquery-instrumented.js:3703 _PROFILING_INFO_start function null from ../todomvc/examples/canjs/node_modules/canjs/can.jquery.js in 3925_PROFILING_INFO_
can.jquery-instrumented.js:3716 _PROFILING_INFO_start function null from ../todomvc/examples/canjs/node_modules/canjs/can.jquery.js in 3932_PROFILING_INFO_
can.jquery-instrumented.js:3724 _PROFILING_INFO_start function null from ../todomvc/examples/canjs/node_modules/canjs/can.jquery.js in 3937_PROFILING_INFO_
can.jquery-instrumented.js:3145 _PROFILING_INFO_start function null from ../todomvc/examples/canjs/node_modules/canjs/can.jquery.js in 3204_PROFILING_INFO_
can.jquery-instrumented.js:3133 _PROFILING_INFO_start function null from ../todomvc/examples/canjs/node_modules/canjs/can.jquery.js in 3194_PROFILING_INFO_
can.jquery-instrumented.js:138 _PROFILING_INFO_start function null from ../todomvc/examples/canjs/node_modules/canjs/can.jquery.js in 128_PROFILING_INFO_
can.jquery-instrumented.js:96 _PROFILING_INFO_start function null from ../todomvc/examples/canjs/node_modules/canjs/can.jquery.js in 84_PROFILING_INFO_
jquery-instrumented.js:4398 _PROFILING_INFO_start function null from ../todomvc/examples/canjs/node_modules/jquery/dist/jquery.js in 5246_PROFILING_INFO_
can.jquery-instrumented.js:417 _PROFILING_INFO_start function null from ../todomvc/examples/canjs/node_modules/canjs/can.jquery.js in 377_PROFILING_INFO_
can.jquery-instrumented.js:422 _PROFILING_INFO_start function null from ../todomvc/examples/canjs/node_modules/canjs/can.jquery.js in 378_PROFILING_INFO_
can.jquery-instrumented.js:291 _PROFILING_INFO_start function null from ../todomvc/examples/canjs/node_modules/canjs/can.jquery.js in 272_PROFILING_INFO_
jquery-instrumented.js:3527 _PROFILING_INFO_start function null from ../todomvc/examples/canjs/node_modules/jquery/dist/jquery.js in 4259_PROFILING_INFO_
jquery-instrumented.js:3830 _PROFILING_INFO_start function null from ../todomvc/examples/canjs/node_modules/jquery/dist/jquery.js in 4663_PROFILING_INFO_
jquery-instrumented.js:3384 _PROFILING_INFO_start function returnFalse from ../todomvc/examples/canjs/node_modules/jquery/dist/jquery.js in 4065_PROFILING_INFO_
jquery-instrumented.js:4286 _PROFILING_INFO_start function null from ../todomvc/examples/canjs/node_modules/jquery/dist/jquery.js in 5166_PROFILING_INFO_
can.jquery-instrumented.js:4311 _PROFILING_INFO_start function null from ../todomvc/examples/canjs/node_modules/canjs/can.jquery.js in 4533_PROFILING_INFO_
can.jquery-instrumented.js:4016 _PROFILING_INFO_start function null from ../todomvc/examples/canjs/node_modules/canjs/can.jquery.js in 4222_PROFILING_INFO_
can.jquery-instrumented.js:3994 _PROFILING_INFO_start function null from ../todomvc/examples/canjs/node_modules/canjs/can.jquery.js in 4201_PROFILING_INFO_
can.jquery-instrumented.js:124 _PROFILING_INFO_start function null from ../todomvc/examples/canjs/node_modules/canjs/can.jquery.js in 118_PROFILING_INFO_
jquery-instrumented.js:2268 _PROFILING_INFO_start function null from ../todomvc/examples/canjs/node_modules/jquery/dist/jquery.js in 2875_PROFILING_INFO_
jquery-instrumented.js:2145 _PROFILING_INFO_start function null from ../todomvc/examples/canjs/node_modules/jquery/dist/jquery.js in 2698_PROFILING_INFO_
jquery-instrumented.js:2064 _PROFILING_INFO_start function winnow from ../todomvc/examples/canjs/node_modules/jquery/dist/jquery.js in 2629_PROFILING_INFO_
jquery-instrumented.js:367 _PROFILING_INFO_start function null from ../todomvc/examples/canjs/node_modules/jquery/dist/jquery.js in 437_PROFILING_INFO_
jquery-instrumented.js:2070 _PROFILING_INFO_start function null from ../todomvc/examples/canjs/node_modules/jquery/dist/jquery.js in 2631_PROFILING_INFO_
jquery-instrumented.js:2274 _PROFILING_INFO_start function null from ../todomvc/examples/canjs/node_modules/jquery/dist/jquery.js in 2879_PROFILING_INFO_
jquery-instrumented.js:70 _PROFILING_INFO_start function null from ../todomvc/examples/canjs/node_modules/jquery/dist/jquery.js in 122_PROFILING_INFO_
jquery-instrumented.js:4446 _PROFILING_INFO_start function null from ../todomvc/examples/canjs/node_modules/jquery/dist/jquery.js in 5294_PROFILING_INFO_
jquery-instrumented.js:4451 _PROFILING_INFO_start function null from ../todomvc/examples/canjs/node_modules/jquery/dist/jquery.js in 5295_PROFILING_INFO_
jquery-instrumented.js:4417 _PROFILING_INFO_start function null from ../todomvc/examples/canjs/node_modules/jquery/dist/jquery.js in 5267_PROFILING_INFO_
jquery-instrumented.js:4336 _PROFILING_INFO_start function null from ../todomvc/examples/canjs/node_modules/jquery/dist/jquery.js in 5212_PROFILING_INFO_
can.jquery-instrumented.js:463 _PROFILING_INFO_start function null from ../todomvc/examples/canjs/node_modules/canjs/can.jquery.js in 406_PROFILING_INFO_
jquery-instrumented.js:4508 _PROFILING_INFO_start function null from ../todomvc/examples/canjs/node_modules/jquery/dist/jquery.js in 5355_PROFILING_INFO_
jquery-instrumented.js:348 _PROFILING_INFO_start function null from ../todomvc/examples/canjs/node_modules/jquery/dist/jquery.js in 419_PROFILING_INFO_
can.jquery-instrumented.js:468 _PROFILING_INFO_start function null from ../todomvc/examples/canjs/node_modules/canjs/can.jquery.js in 407_PROFILING_INFO_
jquery-instrumented.js:4341 _PROFILING_INFO_start function null from ../todomvc/examples/canjs/node_modules/jquery/dist/jquery.js in 5213_PROFILING_INFO_
jquery-instrumented.js:4115 _PROFILING_INFO_start function manipulationTarget from ../todomvc/examples/canjs/node_modules/jquery/dist/jquery.js in 4941_PROFILING_INFO_
can.jquery-instrumented.js:6093 _PROFILING_INFO_start function null from ../todomvc/examples/canjs/node_modules/canjs/can.jquery.js in 6761_PROFILING_INFO_
can.jquery-instrumented.js:6166 _PROFILING_INFO_start function null from ../todomvc/examples/canjs/node_modules/canjs/can.jquery.js in 6825_PROFILING_INFO_
can.jquery-instrumented.js:6132 _PROFILING_INFO_start function null from ../todomvc/examples/canjs/node_modules/canjs/can.jquery.js in 6791_PROFILING_INFO_
can.jquery-instrumented.js:6219 _PROFILING_INFO_start function null from ../todomvc/examples/canjs/node_modules/canjs/can.jquery.js in 6858_PROFILING_INFO_
can.jquery-instrumented.js:6251 _PROFILING_INFO_start function null from ../todomvc/examples/canjs/node_modules/canjs/can.jquery.js in 6900_PROFILING_INFO_
can.jquery-instrumented.js:6146 _PROFILING_INFO_start function null from ../todomvc/examples/canjs/node_modules/canjs/can.jquery.js in 6800_PROFILING_INFO_
can.jquery-instrumented.js:6052 _PROFILING_INFO_start function null from ../todomvc/examples/canjs/node_modules/canjs/can.jquery.js in 6703_PROFILING_INFO_
can.jquery-instrumented.js:6062 _PROFILING_INFO_start function null from ../todomvc/examples/canjs/node_modules/canjs/can.jquery.js in 6720_PROFILING_INFO_
can.jquery-instrumented.js:5920 _PROFILING_INFO_start function null from ../todomvc/examples/canjs/node_modules/canjs/can.jquery.js in 6531_PROFILING_INFO_
jquery-instrumented.js:4069 _PROFILING_INFO_start function null from ../todomvc/examples/canjs/node_modules/jquery/dist/jquery.js in 4899_PROFILING_INFO_
jquery-instrumented.js:4024 _PROFILING_INFO_start function null from ../todomvc/examples/canjs/node_modules/jquery/dist/jquery.js in 4862_PROFILING_INFO_
jquery-instrumented.js:4048 _PROFILING_INFO_start function null from ../todomvc/examples/canjs/node_modules/jquery/dist/jquery.js in 4889_PROFILING_INFO_
jquery-instrumented.js:3477 _PROFILING_INFO_start function null from ../todomvc/examples/canjs/node_modules/jquery/dist/jquery.js in 4189_PROFILING_INFO_
jquery-instrumented.js:3038 _PROFILING_INFO_start function null from ../todomvc/examples/canjs/node_modules/jquery/dist/jquery.js in 3691_PROFILING_INFO_
can.jquery-instrumented.js:384 _PROFILING_INFO_start function null from ../todomvc/examples/canjs/node_modules/canjs/can.jquery.js in 350_PROFILING_INFO_
can.jquery-instrumented.js:5660 _PROFILING_INFO_start function null from ../todomvc/examples/canjs/node_modules/canjs/can.jquery.js in 6283_PROFILING_INFO_
can.jquery-instrumented.js:2324 _PROFILING_INFO_start function null from ../todomvc/examples/canjs/node_modules/canjs/can.jquery.js in 2309_PROFILING_INFO_
