base-instrumented.js:5 _PROFILING_INFO_start function null from ../todomvc/examples/closure/node_modules/todomvc-common/base.js in 2_PROFILING_INFO_
base-instrumented.js:11 _PROFILING_INFO_start function null from ../todomvc/examples/closure/node_modules/todomvc-common/base.js in 8_PROFILING_INFO_
base-instrumented.js:136 _PROFILING_INFO_start function redirect from ../todomvc/examples/closure/node_modules/todomvc-common/base.js in 126_PROFILING_INFO_
base-instrumented.js:153 _PROFILING_INFO_start function getFile from ../todomvc/examples/closure/node_modules/todomvc-common/base.js in 137_PROFILING_INFO_
base-instrumented.js:145 _PROFILING_INFO_start function findRoot from ../todomvc/examples/closure/node_modules/todomvc-common/base.js in 132_PROFILING_INFO_
​ _PROFILING_INFO_start function null from ../todomvc/examples/closure/node_modules/todomvc-common/base.js in 147_PROFILING_INFO_
​ _PROFILING_INFO_start function Learn from ../todomvc/examples/closure/node_modules/todomvc-common/base.js in 154_PROFILING_INFO_
​ _PROFILING_INFO_start function null from ../todomvc/examples/closure/node_modules/todomvc-common/base.js in 199_PROFILING_INFO_
​ _PROFILING_INFO_start function null from ../todomvc/examples/closure/node_modules/todomvc-common/base.js in 56_PROFILING_INFO_
​ _PROFILING_INFO_start function null from ../todomvc/examples/closure/node_modules/todomvc-common/base.js in 9_PROFILING_INFO_
​ _PROFILING_INFO_start function null from ../todomvc/examples/closure/node_modules/todomvc-common/base.js in 70_PROFILING_INFO_
​ _PROFILING_INFO_start function null from ../todomvc/examples/closure/node_modules/todomvc-common/base.js in 227_PROFILING_INFO_
​ _PROFILING_INFO_start function null from ../todomvc/examples/closure/js/compiled.js in 1_PROFILING_INFO_
​ _PROFILING_INFO_start function z from ../todomvc/examples/closure/js/compiled.js in 5_PROFILING_INFO_
​ _PROFILING_INFO_start function c from ../todomvc/examples/closure/js/compiled.js in 5_PROFILING_INFO_
​ _PROFILING_INFO_start function D from ../todomvc/examples/closure/js/compiled.js in 10_PROFILING_INFO_
​ _PROFILING_INFO_start function ib from ../todomvc/examples/closure/js/compiled.js in 11_PROFILING_INFO_
​ _PROFILING_INFO_start function null from ../todomvc/examples/closure/js/compiled.js in 12_PROFILING_INFO_
​ _PROFILING_INFO_start function ob from ../todomvc/examples/closure/js/compiled.js in 11_PROFILING_INFO_
​ _PROFILING_INFO_start function pb from ../todomvc/examples/closure/js/compiled.js in 11_PROFILING_INFO_
​ _PROFILING_INFO_start function K from ../todomvc/examples/closure/js/compiled.js in 13_PROFILING_INFO_
​ _PROFILING_INFO_start function null from ../todomvc/examples/closure/js/compiled.js in 5_PROFILING_INFO_
​ _PROFILING_INFO_start function Ba from ../todomvc/examples/closure/js/compiled.js in 6_PROFILING_INFO_
​ _PROFILING_INFO_start function hb from ../todomvc/examples/closure/js/compiled.js in 11_PROFILING_INFO_
​ _PROFILING_INFO_start function t from ../todomvc/examples/closure/js/compiled.js in 3_PROFILING_INFO_
​ _PROFILING_INFO_start function da from ../todomvc/examples/closure/js/compiled.js in 2_PROFILING_INFO_
​ _PROFILING_INFO_start function R from ../todomvc/examples/closure/js/compiled.js in 28_PROFILING_INFO_
​ _PROFILING_INFO_start function null from ../todomvc/examples/closure/js/compiled.js in 28_PROFILING_INFO_
​ _PROFILING_INFO_start function zc from ../todomvc/examples/closure/js/compiled.js in 30_PROFILING_INFO_
​ _PROFILING_INFO_start function qc from ../todomvc/examples/closure/js/compiled.js in 28_PROFILING_INFO_
​ _PROFILING_INFO_start function null from ../todomvc/examples/closure/js/compiled.js in 30_PROFILING_INFO_
​ _PROFILING_INFO_start function null from ../todomvc/examples/closure/js/compiled.js in 45_PROFILING_INFO_
​ _PROFILING_INFO_start function null from ../todomvc/examples/closure/js/compiled.js in 83_PROFILING_INFO_
​ _PROFILING_INFO_start function aa from ../todomvc/examples/closure/js/compiled.js in 1_PROFILING_INFO_
​ _PROFILING_INFO_start function r from ../todomvc/examples/closure/js/compiled.js in 1_PROFILING_INFO_
​ _PROFILING_INFO_start function ca from ../todomvc/examples/closure/js/compiled.js in 1_PROFILING_INFO_
​ _PROFILING_INFO_start function Gd from ../todomvc/examples/closure/js/compiled.js in 105_PROFILING_INFO_
​ _PROFILING_INFO_start function y from ../todomvc/examples/closure/js/compiled.js in 3_PROFILING_INFO_
​ _PROFILING_INFO_start function ga from ../todomvc/examples/closure/js/compiled.js in 3_PROFILING_INFO_
​ _PROFILING_INFO_start function null from ../todomvc/examples/closure/js/compiled.js in 136_PROFILING_INFO_
​ _PROFILING_INFO_start function null from ../todomvc/examples/closure/js/compiled.js in 137_PROFILING_INFO_
​ _PROFILING_INFO_start function Le from ../todomvc/examples/closure/js/compiled.js in 135_PROFILING_INFO_
​ _PROFILING_INFO_start function P from ../todomvc/examples/closure/js/compiled.js in 24_PROFILING_INFO_
​ _PROFILING_INFO_start function E from ../todomvc/examples/closure/js/compiled.js in 11_PROFILING_INFO_
​ _PROFILING_INFO_start function Ib from ../todomvc/examples/closure/js/compiled.js in 17_PROFILING_INFO_
​ _PROFILING_INFO_start function Cd from ../todomvc/examples/closure/js/compiled.js in 105_PROFILING_INFO_
​ _PROFILING_INFO_start function td from ../todomvc/examples/closure/js/compiled.js in 103_PROFILING_INFO_
​ _PROFILING_INFO_start function null from ../todomvc/examples/closure/js/compiled.js in 26_PROFILING_INFO_
​ _PROFILING_INFO_start function null from ../todomvc/examples/closure/js/compiled.js in 17_PROFILING_INFO_
​ _PROFILING_INFO_start function Jb from ../todomvc/examples/closure/js/compiled.js in 19_PROFILING_INFO_
​ _PROFILING_INFO_start function Gb from ../todomvc/examples/closure/js/compiled.js in 17_PROFILING_INFO_
​ _PROFILING_INFO_start function tf from ../todomvc/examples/closure/js/compiled.js in 153_PROFILING_INFO_
​ _PROFILING_INFO_start function sf from ../todomvc/examples/closure/js/compiled.js in 153_PROFILING_INFO_
​ _PROFILING_INFO_start function Y from ../todomvc/examples/closure/js/compiled.js in 142_PROFILING_INFO_
​ _PROFILING_INFO_start function S from ../todomvc/examples/closure/js/compiled.js in 105_PROFILING_INFO_
​ _PROFILING_INFO_start function Ac from ../todomvc/examples/closure/js/compiled.js in 34_PROFILING_INFO_
​ _PROFILING_INFO_start function Bc from ../todomvc/examples/closure/js/compiled.js in 39_PROFILING_INFO_
​ _PROFILING_INFO_start function null from ../todomvc/examples/closure/js/compiled.js in 152_PROFILING_INFO_
​ _PROFILING_INFO_start function null from ../todomvc/examples/closure/js/compiled.js in 142_PROFILING_INFO_
​ _PROFILING_INFO_start function null from ../todomvc/examples/closure/js/compiled.js in 141_PROFILING_INFO_
​ _PROFILING_INFO_start function null from ../todomvc/examples/closure/js/compiled.js in 107_PROFILING_INFO_
​ _PROFILING_INFO_start function bf from ../todomvc/examples/closure/js/compiled.js in 140_PROFILING_INFO_
​ _PROFILING_INFO_start function null from ../todomvc/examples/closure/js/compiled.js in 108_PROFILING_INFO_
​ _PROFILING_INFO_start function null from ../todomvc/examples/closure/js/compiled.js in 153_PROFILING_INFO_
​ _PROFILING_INFO_start function Cc from ../todomvc/examples/closure/js/compiled.js in 37_PROFILING_INFO_
​ _PROFILING_INFO_start function null from ../todomvc/examples/closure/js/compiled.js in 143_PROFILING_INFO_
​ _PROFILING_INFO_start function null from ../todomvc/examples/closure/js/compiled.js in 140_PROFILING_INFO_
​ _PROFILING_INFO_start function ie from ../todomvc/examples/closure/js/compiled.js in 117_PROFILING_INFO_
​ _PROFILING_INFO_start function null from ../todomvc/examples/closure/js/compiled.js in 6_PROFILING_INFO_
​ _PROFILING_INFO_start function ke from ../todomvc/examples/closure/js/compiled.js in 117_PROFILING_INFO_
​ _PROFILING_INFO_start function jf from ../todomvc/examples/closure/js/compiled.js in 141_PROFILING_INFO_
​ _PROFILING_INFO_start function null from ../todomvc/examples/closure/js/compiled.js in 109_PROFILING_INFO_
​ _PROFILING_INFO_start function Vd from ../todomvc/examples/closure/js/compiled.js in 112_PROFILING_INFO_
​ _PROFILING_INFO_start function null from ../todomvc/examples/closure/js/compiled.js in 151_PROFILING_INFO_
​ _PROFILING_INFO_start function Dd from ../todomvc/examples/closure/js/compiled.js in 105_PROFILING_INFO_
​ _PROFILING_INFO_start function Rd from ../todomvc/examples/closure/js/compiled.js in 107_PROFILING_INFO_
​ _PROFILING_INFO_start function Qc from ../todomvc/examples/closure/js/compiled.js in 42_PROFILING_INFO_
​ _PROFILING_INFO_start function null from ../todomvc/examples/closure/js/compiled.js in 42_PROFILING_INFO_
​ _PROFILING_INFO_start function O from ../todomvc/examples/closure/js/compiled.js in 19_PROFILING_INFO_
​ _PROFILING_INFO_start function Ob from ../todomvc/examples/closure/js/compiled.js in 24_PROFILING_INFO_
​ _PROFILING_INFO_start function Pb from ../todomvc/examples/closure/js/compiled.js in 24_PROFILING_INFO_
​ _PROFILING_INFO_start function Qb from ../todomvc/examples/closure/js/compiled.js in 20_PROFILING_INFO_
​ _PROFILING_INFO_start function Ye from ../todomvc/examples/closure/js/compiled.js in 137_PROFILING_INFO_
​ _PROFILING_INFO_start function V from ../todomvc/examples/closure/js/compiled.js in 124_PROFILING_INFO_
​ _PROFILING_INFO_start function Ud from ../todomvc/examples/closure/js/compiled.js in 108_PROFILING_INFO_
​ _PROFILING_INFO_start function null from ../todomvc/examples/closure/js/compiled.js in 125_PROFILING_INFO_
​ _PROFILING_INFO_start function null from ../todomvc/examples/closure/js/compiled.js in 128_PROFILING_INFO_
​ _PROFILING_INFO_start function We from ../todomvc/examples/closure/js/compiled.js in 137_PROFILING_INFO_
​ _PROFILING_INFO_start function Ue from ../todomvc/examples/closure/js/compiled.js in 136_PROFILING_INFO_
compiled-instrumented.js:246 _PROFILING_INFO_start function sa from ../todomvc/examples/closure/js/compiled.js in 6_PROFILING_INFO_
compiled-instrumented.js:4981 _PROFILING_INFO_start function Se from ../todomvc/examples/closure/js/compiled.js in 136_PROFILING_INFO_
compiled-instrumented.js:5018 _PROFILING_INFO_start function b from ../todomvc/examples/closure/js/compiled.js in 136_PROFILING_INFO_
compiled-instrumented.js:1702 _PROFILING_INFO_start function Gc from ../todomvc/examples/closure/js/compiled.js in 36_PROFILING_INFO_
compiled-instrumented.js:4181 _PROFILING_INFO_start function ve from ../todomvc/examples/closure/js/compiled.js in 120_PROFILING_INFO_
compiled-instrumented.js:4584 _PROFILING_INFO_start function null from ../todomvc/examples/closure/js/compiled.js in 129_PROFILING_INFO_
compiled-instrumented.js:4173 _PROFILING_INFO_start function ue from ../todomvc/examples/closure/js/compiled.js in 120_PROFILING_INFO_
compiled-instrumented.js:4097 _PROFILING_INFO_start function null from ../todomvc/examples/closure/js/compiled.js in 118_PROFILING_INFO_
compiled-instrumented.js:4201 _PROFILING_INFO_start function null from ../todomvc/examples/closure/js/compiled.js in 120_PROFILING_INFO_
compiled-instrumented.js:3443 _PROFILING_INFO_start function Fd from ../todomvc/examples/closure/js/compiled.js in 105_PROFILING_INFO_
compiled-instrumented.js:4486 _PROFILING_INFO_start function null from ../todomvc/examples/closure/js/compiled.js in 126_PROFILING_INFO_
compiled-instrumented.js:3709 _PROFILING_INFO_start function Xd from ../todomvc/examples/closure/js/compiled.js in 111_PROFILING_INFO_
compiled-instrumented.js:4223 _PROFILING_INFO_start function null from ../todomvc/examples/closure/js/compiled.js in 121_PROFILING_INFO_
compiled-instrumented.js:4421 _PROFILING_INFO_start function null from ../todomvc/examples/closure/js/compiled.js in 124_PROFILING_INFO_
compiled-instrumented.js:4299 _PROFILING_INFO_start function null from ../todomvc/examples/closure/js/compiled.js in 122_PROFILING_INFO_
compiled-instrumented.js:1776 _PROFILING_INFO_start function Mc from ../todomvc/examples/closure/js/compiled.js in 38_PROFILING_INFO_
compiled-instrumented.js:1790 _PROFILING_INFO_start function Nc from ../todomvc/examples/closure/js/compiled.js in 38_PROFILING_INFO_
compiled-instrumented.js:1783 _PROFILING_INFO_start function Pc from ../todomvc/examples/closure/js/compiled.js in 38_PROFILING_INFO_
compiled-instrumented.js:4503 _PROFILING_INFO_start function Be from ../todomvc/examples/closure/js/compiled.js in 127_PROFILING_INFO_
compiled-instrumented.js:3803 _PROFILING_INFO_start function Zd from ../todomvc/examples/closure/js/compiled.js in 113_PROFILING_INFO_
compiled-instrumented.js:3912 _PROFILING_INFO_start function $d from ../todomvc/examples/closure/js/compiled.js in 117_PROFILING_INFO_
compiled-instrumented.js:5070 _PROFILING_INFO_start function Xe from ../todomvc/examples/closure/js/compiled.js in 137_PROFILING_INFO_
compiled-instrumented.js:2017 _PROFILING_INFO_start function Vc from ../todomvc/examples/closure/js/compiled.js in 43_PROFILING_INFO_
compiled-instrumented.js:1321 _PROFILING_INFO_start function ec from ../todomvc/examples/closure/js/compiled.js in 28_PROFILING_INFO_
compiled-instrumented.js:1287 _PROFILING_INFO_start function Q from ../todomvc/examples/closure/js/compiled.js in 28_PROFILING_INFO_
compiled-instrumented.js:1511 _PROFILING_INFO_start function wc from ../todomvc/examples/closure/js/compiled.js in 29_PROFILING_INFO_
compiled-instrumented.js:1566 _PROFILING_INFO_start function xc from ../todomvc/examples/closure/js/compiled.js in 31_PROFILING_INFO_
compiled-instrumented.js:1310 _PROFILING_INFO_start function dc from ../todomvc/examples/closure/js/compiled.js in 28_PROFILING_INFO_
compiled-instrumented.js:1483 _PROFILING_INFO_start function sc from ../todomvc/examples/closure/js/compiled.js in 28_PROFILING_INFO_
compiled-instrumented.js:87 _PROFILING_INFO_start function u from ../todomvc/examples/closure/js/compiled.js in 3_PROFILING_INFO_
compiled-instrumented.js:1224 _PROFILING_INFO_start function Zb from ../todomvc/examples/closure/js/compiled.js in 27_PROFILING_INFO_
compiled-instrumented.js:151 _PROFILING_INFO_start function la from ../todomvc/examples/closure/js/compiled.js in 4_PROFILING_INFO_
compiled-instrumented.js:117 _PROFILING_INFO_start function ja from ../todomvc/examples/closure/js/compiled.js in 3_PROFILING_INFO_
compiled-instrumented.js:159 _PROFILING_INFO_start function ma from ../todomvc/examples/closure/js/compiled.js in 5_PROFILING_INFO_
compiled-instrumented.js:566 _PROFILING_INFO_start function lb from ../todomvc/examples/closure/js/compiled.js in 11_PROFILING_INFO_
compiled-instrumented.js:2164 _PROFILING_INFO_start function $c from ../todomvc/examples/closure/js/compiled.js in 47_PROFILING_INFO_
compiled-instrumented.js:2171 _PROFILING_INFO_start function dd from ../todomvc/examples/closure/js/compiled.js in 47_PROFILING_INFO_
compiled-instrumented.js:2180 _PROFILING_INFO_start function Zc from ../todomvc/examples/closure/js/compiled.js in 47_PROFILING_INFO_
compiled-instrumented.js:4864 _PROFILING_INFO_start function null from ../todomvc/examples/closure/js/compiled.js in 135_PROFILING_INFO_
compiled-instrumented.js:408 _PROFILING_INFO_start function Qa from ../todomvc/examples/closure/js/compiled.js in 9_PROFILING_INFO_
compiled-instrumented.js:3199 _PROFILING_INFO_start function null from ../todomvc/examples/closure/js/compiled.js in 103_PROFILING_INFO_
compiled-instrumented.js:3368 _PROFILING_INFO_start function null from ../todomvc/examples/closure/js/compiled.js in 104_PROFILING_INFO_
compiled-instrumented.js:4913 _PROFILING_INFO_start function Me from ../todomvc/examples/closure/js/compiled.js in 136_PROFILING_INFO_
compiled-instrumented.js:4949 _PROFILING_INFO_start function Pe from ../todomvc/examples/closure/js/compiled.js in 136_PROFILING_INFO_
compiled-instrumented.js:668 _PROFILING_INFO_start function L from ../todomvc/examples/closure/js/compiled.js in 14_PROFILING_INFO_
compiled-instrumented.js:1139 _PROFILING_INFO_start function null from ../todomvc/examples/closure/js/compiled.js in 25_PROFILING_INFO_
compiled-instrumented.js:1191 _PROFILING_INFO_start function Yb from ../todomvc/examples/closure/js/compiled.js in 26_PROFILING_INFO_
compiled-instrumented.js:5990 _PROFILING_INFO_start function uf from ../todomvc/examples/closure/js/compiled.js in 155_PROFILING_INFO_
compiled-instrumented.js:3794 _PROFILING_INFO_start function null from ../todomvc/examples/closure/js/compiled.js in 113_PROFILING_INFO_
compiled-instrumented.js:354 _PROFILING_INFO_start function null from ../todomvc/examples/closure/js/compiled.js in 8_PROFILING_INFO_
compiled-instrumented.js:3960 _PROFILING_INFO_start function he from ../todomvc/examples/closure/js/compiled.js in 117_PROFILING_INFO_
compiled-instrumented.js:1798 _PROFILING_INFO_start function Oc from ../todomvc/examples/closure/js/compiled.js in 39_PROFILING_INFO_
compiled-instrumented.js:6023 _PROFILING_INFO_start function null from ../todomvc/examples/closure/js/compiled.js in 155_PROFILING_INFO_
compiled-instrumented.js:2122 _PROFILING_INFO_start function null from ../todomvc/examples/closure/js/compiled.js in 46_PROFILING_INFO_
compiled-instrumented.js:2007 _PROFILING_INFO_start function Uc from ../todomvc/examples/closure/js/compiled.js in 43_PROFILING_INFO_
compiled-instrumented.js:1990 _PROFILING_INFO_start function Sc from ../todomvc/examples/closure/js/compiled.js in 43_PROFILING_INFO_
compiled-instrumented.js:5975 _PROFILING_INFO_start function null from ../todomvc/examples/closure/js/compiled.js in 154_PROFILING_INFO_
compiled-instrumented.js:2226 _PROFILING_INFO_start function null from ../todomvc/examples/closure/js/compiled.js in 49_PROFILING_INFO_
compiled-instrumented.js:2239 _PROFILING_INFO_start function ed from ../todomvc/examples/closure/js/compiled.js in 50_PROFILING_INFO_
compiled-instrumented.js:951 _PROFILING_INFO_start function null from ../todomvc/examples/closure/js/compiled.js in 20_PROFILING_INFO_
compiled-instrumented.js:1025 _PROFILING_INFO_start function Sb from ../todomvc/examples/closure/js/compiled.js in 23_PROFILING_INFO_
compiled-instrumented.js:702 _PROFILING_INFO_start function M from ../todomvc/examples/closure/js/compiled.js in 14_PROFILING_INFO_
compiled-instrumented.js:1016 _PROFILING_INFO_start function Wb from ../todomvc/examples/closure/js/compiled.js in 22_PROFILING_INFO_
compiled-instrumented.js:2156 _PROFILING_INFO_start function null from ../todomvc/examples/closure/js/compiled.js in 47_PROFILING_INFO_
