base-instrumented.js:5 _PROFILING_INFO_start function null from ../todomvc/examples/dijon/node_modules/todomvc-common/base.js in 2_PROFILING_INFO_
base-instrumented.js:11 _PROFILING_INFO_start function null from ../todomvc/examples/dijon/node_modules/todomvc-common/base.js in 8_PROFILING_INFO_
base-instrumented.js:132 _PROFILING_INFO_start function redirect from ../todomvc/examples/dijon/node_modules/todomvc-common/base.js in 121_PROFILING_INFO_
base-instrumented.js:149 _PROFILING_INFO_start function getFile from ../todomvc/examples/dijon/node_modules/todomvc-common/base.js in 132_PROFILING_INFO_
base-instrumented.js:141 _PROFILING_INFO_start function findRoot from ../todomvc/examples/dijon/node_modules/todomvc-common/base.js in 127_PROFILING_INFO_
​ _PROFILING_INFO_start function null from ../todomvc/examples/dijon/node_modules/todomvc-common/base.js in 142_PROFILING_INFO_
​ _PROFILING_INFO_start function Learn from ../todomvc/examples/dijon/node_modules/todomvc-common/base.js in 149_PROFILING_INFO_
​ _PROFILING_INFO_start function null from ../todomvc/examples/dijon/node_modules/todomvc-common/base.js in 194_PROFILING_INFO_
​ _PROFILING_INFO_start function null from ../todomvc/examples/dijon/node_modules/todomvc-common/base.js in 56_PROFILING_INFO_
​ _PROFILING_INFO_start function null from ../todomvc/examples/dijon/node_modules/todomvc-common/base.js in 9_PROFILING_INFO_
​ _PROFILING_INFO_start function null from ../todomvc/examples/dijon/node_modules/todomvc-common/base.js in 70_PROFILING_INFO_
​ _PROFILING_INFO_start function null from ../todomvc/examples/dijon/node_modules/todomvc-common/base.js in 222_PROFILING_INFO_
​ _PROFILING_INFO_start function null from ../todomvc/examples/dijon/node_modules/jquery/dist/jquery.js in 15_PROFILING_INFO_
​ _PROFILING_INFO_start function null from ../todomvc/examples/dijon/node_modules/jquery/dist/jquery.js in 38_PROFILING_INFO_
​ _PROFILING_INFO_start function null from ../todomvc/examples/dijon/node_modules/jquery/dist/jquery.js in 177_PROFILING_INFO_
​ _PROFILING_INFO_start function null from ../todomvc/examples/dijon/node_modules/jquery/dist/jquery.js in 345_PROFILING_INFO_
​ _PROFILING_INFO_start function isArraylike from ../todomvc/examples/dijon/node_modules/jquery/dist/jquery.js in 533_PROFILING_INFO_
​ _PROFILING_INFO_start function null from ../todomvc/examples/dijon/node_modules/jquery/dist/jquery.js in 300_PROFILING_INFO_
​ _PROFILING_INFO_start function null from ../todomvc/examples/dijon/node_modules/jquery/dist/jquery.js in 261_PROFILING_INFO_
​ _PROFILING_INFO_start function null from ../todomvc/examples/dijon/node_modules/jquery/dist/jquery.js in 529_PROFILING_INFO_
​ _PROFILING_INFO_start function null from ../todomvc/examples/dijon/node_modules/jquery/dist/jquery.js in 559_PROFILING_INFO_
​ _PROFILING_INFO_start function createCache from ../todomvc/examples/dijon/node_modules/jquery/dist/jquery.js in 859_PROFILING_INFO_
​ _PROFILING_INFO_start function markFunction from ../todomvc/examples/dijon/node_modules/jquery/dist/jquery.js in 877_PROFILING_INFO_
​ _PROFILING_INFO_start function createPositionalPseudo from ../todomvc/examples/dijon/node_modules/jquery/dist/jquery.js in 972_PROFILING_INFO_
​ _PROFILING_INFO_start function createInputPseudo from ../todomvc/examples/dijon/node_modules/jquery/dist/jquery.js in 950_PROFILING_INFO_
​ _PROFILING_INFO_start function createButtonPseudo from ../todomvc/examples/dijon/node_modules/jquery/dist/jquery.js in 961_PROFILING_INFO_
​ _PROFILING_INFO_start function setFilters from ../todomvc/examples/dijon/node_modules/jquery/dist/jquery.js in 2004_PROFILING_INFO_
​ _PROFILING_INFO_start function null from ../todomvc/examples/dijon/node_modules/jquery/dist/jquery.js in 591_PROFILING_INFO_
​ _PROFILING_INFO_start function null from ../todomvc/examples/dijon/node_modules/jquery/dist/jquery.js in 1019_PROFILING_INFO_
​ _PROFILING_INFO_start function null from ../todomvc/examples/dijon/node_modules/jquery/dist/jquery.js in 1007_PROFILING_INFO_
​ _PROFILING_INFO_start function assert from ../todomvc/examples/dijon/node_modules/jquery/dist/jquery.js in 886_PROFILING_INFO_
​ _PROFILING_INFO_start function null from ../todomvc/examples/dijon/node_modules/jquery/dist/jquery.js in 1056_PROFILING_INFO_
​ _PROFILING_INFO_start function null from ../todomvc/examples/dijon/node_modules/jquery/dist/jquery.js in 1065_PROFILING_INFO_
​ _PROFILING_INFO_start function null from ../todomvc/examples/dijon/node_modules/jquery/dist/jquery.js in 1077_PROFILING_INFO_
​ _PROFILING_INFO_start function null from ../todomvc/examples/dijon/node_modules/jquery/dist/jquery.js in 1169_PROFILING_INFO_
​ _PROFILING_INFO_start function null from ../todomvc/examples/dijon/node_modules/jquery/dist/jquery.js in 1213_PROFILING_INFO_
​ _PROFILING_INFO_start function null from ../todomvc/examples/dijon/node_modules/jquery/dist/jquery.js in 1244_PROFILING_INFO_
​ _PROFILING_INFO_start function null from ../todomvc/examples/dijon/node_modules/jquery/dist/jquery.js in 2555_PROFILING_INFO_
​ _PROFILING_INFO_start function null from ../todomvc/examples/dijon/node_modules/jquery/dist/jquery.js in 2563_PROFILING_INFO_
​ _PROFILING_INFO_start function null from ../todomvc/examples/dijon/node_modules/jquery/dist/jquery.js in 2576_PROFILING_INFO_
​ _PROFILING_INFO_start function null from ../todomvc/examples/dijon/node_modules/jquery/dist/jquery.js in 2590_PROFILING_INFO_
​ _PROFILING_INFO_start function null from ../todomvc/examples/dijon/node_modules/jquery/dist/jquery.js in 73_PROFILING_INFO_
​ _PROFILING_INFO_start function null from ../todomvc/examples/dijon/node_modules/jquery/dist/jquery.js in 2730_PROFILING_INFO_
​ _PROFILING_INFO_start function null from ../todomvc/examples/dijon/node_modules/jquery/dist/jquery.js in 2996_PROFILING_INFO_
​ _PROFILING_INFO_start function null from ../todomvc/examples/dijon/node_modules/jquery/dist/jquery.js in 3431_PROFILING_INFO_
​ _PROFILING_INFO_start function null from ../todomvc/examples/dijon/node_modules/jquery/dist/jquery.js in 3228_PROFILING_INFO_
​ _PROFILING_INFO_start function null from ../todomvc/examples/dijon/node_modules/jquery/dist/jquery.js in 3061_PROFILING_INFO_
​ _PROFILING_INFO_start function createOptions from ../todomvc/examples/dijon/node_modules/jquery/dist/jquery.js in 3031_PROFILING_INFO_
​ _PROFILING_INFO_start function null from ../todomvc/examples/dijon/node_modules/jquery/dist/jquery.js in 3033_PROFILING_INFO_
​ _PROFILING_INFO_start function null from ../todomvc/examples/dijon/node_modules/jquery/dist/jquery.js in 3277_PROFILING_INFO_
​ _PROFILING_INFO_start function null from ../todomvc/examples/dijon/node_modules/jquery/dist/jquery.js in 3115_PROFILING_INFO_
​ _PROFILING_INFO_start function add from ../todomvc/examples/dijon/node_modules/jquery/dist/jquery.js in 3119_PROFILING_INFO_
​ _PROFILING_INFO_start function null from ../todomvc/examples/dijon/node_modules/jquery/dist/jquery.js in 3120_PROFILING_INFO_
​ _PROFILING_INFO_start function null from ../todomvc/examples/dijon/node_modules/jquery/dist/jquery.js in 3267_PROFILING_INFO_
​ _PROFILING_INFO_start function Data from ../todomvc/examples/dijon/node_modules/jquery/dist/jquery.js in 3530_PROFILING_INFO_
​ _PROFILING_INFO_start function null from ../todomvc/examples/dijon/node_modules/jquery/dist/jquery.js in 4024_PROFILING_INFO_
​ _PROFILING_INFO_start function null from ../todomvc/examples/dijon/node_modules/jquery/dist/jquery.js in 4745_PROFILING_INFO_
​ _PROFILING_INFO_start function null from ../todomvc/examples/dijon/node_modules/jquery/dist/jquery.js in 4771_PROFILING_INFO_
​ _PROFILING_INFO_start function null from ../todomvc/examples/dijon/node_modules/jquery/dist/jquery.js in 5448_PROFILING_INFO_
​ _PROFILING_INFO_start function null from ../todomvc/examples/dijon/node_modules/jquery/dist/jquery.js in 5614_PROFILING_INFO_
​ _PROFILING_INFO_start function null from ../todomvc/examples/dijon/node_modules/jquery/dist/jquery.js in 6039_PROFILING_INFO_
​ _PROFILING_INFO_start function addGetHookIf from ../todomvc/examples/dijon/node_modules/jquery/dist/jquery.js in 5596_PROFILING_INFO_
​ _PROFILING_INFO_start function null from ../todomvc/examples/dijon/node_modules/jquery/dist/jquery.js in 6084_PROFILING_INFO_
​ _PROFILING_INFO_start function null from ../todomvc/examples/dijon/node_modules/jquery/dist/jquery.js in 255_PROFILING_INFO_
​ _PROFILING_INFO_start function null from ../todomvc/examples/dijon/node_modules/jquery/dist/jquery.js in 6819_PROFILING_INFO_
​ _PROFILING_INFO_start function genFx from ../todomvc/examples/dijon/node_modules/jquery/dist/jquery.js in 6329_PROFILING_INFO_
​ _PROFILING_INFO_start function null from ../todomvc/examples/dijon/node_modules/jquery/dist/jquery.js in 6836_PROFILING_INFO_
​ _PROFILING_INFO_start function null from ../todomvc/examples/dijon/node_modules/jquery/dist/jquery.js in 6909_PROFILING_INFO_
​ _PROFILING_INFO_start function null from ../todomvc/examples/dijon/node_modules/jquery/dist/jquery.js in 7051_PROFILING_INFO_
​ _PROFILING_INFO_start function null from ../todomvc/examples/dijon/node_modules/jquery/dist/jquery.js in 7155_PROFILING_INFO_
​ _PROFILING_INFO_start function null from ../todomvc/examples/dijon/node_modules/jquery/dist/jquery.js in 7453_PROFILING_INFO_
​ _PROFILING_INFO_start function null from ../todomvc/examples/dijon/node_modules/jquery/dist/jquery.js in 7476_PROFILING_INFO_
​ _PROFILING_INFO_start function addToPrefiltersOrTransports from ../todomvc/examples/dijon/node_modules/jquery/dist/jquery.js in 7581_PROFILING_INFO_
​ _PROFILING_INFO_start function null from ../todomvc/examples/dijon/node_modules/jquery/dist/jquery.js in 8297_PROFILING_INFO_
​ _PROFILING_INFO_start function null from ../todomvc/examples/dijon/node_modules/jquery/dist/jquery.js in 8514_PROFILING_INFO_
​ _PROFILING_INFO_start function null from ../todomvc/examples/dijon/node_modules/jquery/dist/jquery.js in 7584_PROFILING_INFO_
​ _PROFILING_INFO_start function null from ../todomvc/examples/dijon/node_modules/jquery/dist/jquery.js in 7886_PROFILING_INFO_
​ _PROFILING_INFO_start function ajaxExtend from ../todomvc/examples/dijon/node_modules/jquery/dist/jquery.js in 7640_PROFILING_INFO_
​ _PROFILING_INFO_start function null from ../todomvc/examples/dijon/node_modules/jquery/dist/jquery.js in 273_PROFILING_INFO_
​ _PROFILING_INFO_start function null from ../todomvc/examples/dijon/node_modules/jquery/dist/jquery.js in 8889_PROFILING_INFO_
​ _PROFILING_INFO_start function null from ../todomvc/examples/dijon/node_modules/jquery/dist/jquery.js in 9054_PROFILING_INFO_
​ _PROFILING_INFO_start function null from ../todomvc/examples/dijon/node_modules/jquery/dist/jquery.js in 9084_PROFILING_INFO_
​ _PROFILING_INFO_start function null from ../todomvc/examples/dijon/node_modules/jquery/dist/jquery.js in 9100_PROFILING_INFO_
​ _PROFILING_INFO_start function null from ../todomvc/examples/dijon/node_modules/jquery/dist/jquery.js in 9101_PROFILING_INFO_
​ _PROFILING_INFO_start function null from ../todomvc/examples/dijon/node_modules/handlebars/dist/handlebars.js in 28_PROFILING_INFO_
​ _PROFILING_INFO_start function null from ../todomvc/examples/dijon/node_modules/handlebars/dist/handlebars.js in 30_PROFILING_INFO_
​ _PROFILING_INFO_start function null from ../todomvc/examples/dijon/node_modules/handlebars/dist/handlebars.js in 47_PROFILING_INFO_
​ _PROFILING_INFO_start function null from ../todomvc/examples/dijon/node_modules/handlebars/dist/handlebars.js in 81_PROFILING_INFO_
​ _PROFILING_INFO_start function null from ../todomvc/examples/dijon/node_modules/handlebars/dist/handlebars.js in 129_PROFILING_INFO_
​ _PROFILING_INFO_start function null from ../todomvc/examples/dijon/node_modules/handlebars/dist/handlebars.js in 163_PROFILING_INFO_
​ _PROFILING_INFO_start function null from ../todomvc/examples/dijon/node_modules/handlebars/dist/handlebars.js in 349_PROFILING_INFO_
​ _PROFILING_INFO_start function null from ../todomvc/examples/dijon/node_modules/handlebars/dist/handlebars.js in 492_PROFILING_INFO_
​ _PROFILING_INFO_start function null from ../todomvc/examples/dijon/node_modules/handlebars/dist/handlebars.js in 506_PROFILING_INFO_
​ _PROFILING_INFO_start function HandlebarsEnvironment from ../todomvc/examples/dijon/node_modules/handlebars/dist/handlebars.js in 184_PROFILING_INFO_
​ _PROFILING_INFO_start function registerDefaultHelpers from ../todomvc/examples/dijon/node_modules/handlebars/dist/handlebars.js in 216_PROFILING_INFO_
​ _PROFILING_INFO_start function null from ../todomvc/examples/dijon/node_modules/handlebars/dist/handlebars.js in 197_PROFILING_INFO_
​ _PROFILING_INFO_start function extend from ../todomvc/examples/dijon/node_modules/handlebars/dist/handlebars.js in 69_PROFILING_INFO_
​ _PROFILING_INFO_start function null from ../todomvc/examples/dijon/node_modules/handlebars/dist/handlebars.js in 530_PROFILING_INFO_
​ _PROFILING_INFO_start function null from ../todomvc/examples/dijon/node_modules/handlebars/dist/handlebars.js in 763_PROFILING_INFO_
​ _PROFILING_INFO_start function null from ../todomvc/examples/dijon/node_modules/handlebars/dist/handlebars.js in 768_PROFILING_INFO_
​ _PROFILING_INFO_start function null from ../todomvc/examples/dijon/node_modules/handlebars/dist/handlebars.js in 987_PROFILING_INFO_
​ _PROFILING_INFO_start function Parser from ../todomvc/examples/dijon/node_modules/handlebars/dist/handlebars.js in 1251_PROFILING_INFO_
​ _PROFILING_INFO_start function null from ../todomvc/examples/dijon/node_modules/handlebars/dist/handlebars.js in 1259_PROFILING_INFO_
​ _PROFILING_INFO_start function null from ../todomvc/examples/dijon/node_modules/handlebars/dist/handlebars.js in 1280_PROFILING_INFO_
​ _PROFILING_INFO_start function null from ../todomvc/examples/dijon/node_modules/handlebars/dist/handlebars.js in 1755_PROFILING_INFO_
​ _PROFILING_INFO_start function null from ../todomvc/examples/dijon/node_modules/handlebars/dist/handlebars.js in 2703_PROFILING_INFO_
​ _PROFILING_INFO_start function null from ../todomvc/examples/dijon/node_modules/handlebars/dist/handlebars.js in 2719_PROFILING_INFO_
​ _PROFILING_INFO_start function null from ../todomvc/examples/dijon/js/lib/dijon-0.5.3.js in 4_PROFILING_INFO_
​ _PROFILING_INFO_start function null from ../todomvc/examples/dijon/js/config.js in 8_PROFILING_INFO_
​ _PROFILING_INFO_start function null from ../todomvc/examples/dijon/js/models/TodosModel.js in 7_PROFILING_INFO_
​ _PROFILING_INFO_start function null from ../todomvc/examples/dijon/js/services/LocalStorageService.js in 7_PROFILING_INFO_
​ _PROFILING_INFO_start function null from ../todomvc/examples/dijon/js/utils/Utils.js in 7_PROFILING_INFO_
​ _PROFILING_INFO_start function null from ../todomvc/examples/dijon/js/views/FooterView.js in 7_PROFILING_INFO_
​ _PROFILING_INFO_start function null from ../todomvc/examples/dijon/js/views/TodoFormView.js in 7_PROFILING_INFO_
​ _PROFILING_INFO_start function null from ../todomvc/examples/dijon/js/views/TodoListView.js in 7_PROFILING_INFO_
​ _PROFILING_INFO_start function null from ../todomvc/examples/dijon/js/app.js in 2_PROFILING_INFO_
​ _PROFILING_INFO_start function null from ../todomvc/examples/dijon/js/app.js in 5_PROFILING_INFO_
​ _PROFILING_INFO_start function null from ../todomvc/examples/dijon/js/app.js in 8_PROFILING_INFO_
​ _PROFILING_INFO_start function null from ../todomvc/examples/dijon/js/lib/dijon-0.5.3.js in 29_PROFILING_INFO_
​ _PROFILING_INFO_start function null from ../todomvc/examples/dijon/js/lib/dijon-0.5.3.js in 212_PROFILING_INFO_
​ _PROFILING_INFO_start function null from ../todomvc/examples/dijon/js/lib/dijon-0.5.3.js in 238_PROFILING_INFO_
​ _PROFILING_INFO_start function null from ../todomvc/examples/dijon/js/lib/dijon-0.5.3.js in 360_PROFILING_INFO_
​ _PROFILING_INFO_start function null from ../todomvc/examples/dijon/js/lib/dijon-0.5.3.js in 173_PROFILING_INFO_
​ _PROFILING_INFO_start function null from ../todomvc/examples/dijon/js/config.js in 16_PROFILING_INFO_
​ _PROFILING_INFO_start function null from ../todomvc/examples/dijon/js/lib/dijon-0.5.3.js in 196_PROFILING_INFO_
​ _PROFILING_INFO_start function null from ../todomvc/examples/dijon/js/lib/dijon-0.5.3.js in 105_PROFILING_INFO_
​ _PROFILING_INFO_start function null from ../todomvc/examples/dijon/js/config.js in 19_PROFILING_INFO_
​ _PROFILING_INFO_start function null from ../todomvc/examples/dijon/js/lib/dijon-0.5.3.js in 295_PROFILING_INFO_
​ _PROFILING_INFO_start function null from ../todomvc/examples/dijon/js/lib/dijon-0.5.3.js in 502_PROFILING_INFO_
​ _PROFILING_INFO_start function null from ../todomvc/examples/dijon/js/lib/dijon-0.5.3.js in 566_PROFILING_INFO_
​ _PROFILING_INFO_start function null from ../todomvc/examples/dijon/js/lib/dijon-0.5.3.js in 93_PROFILING_INFO_
​ _PROFILING_INFO_start function null from ../todomvc/examples/dijon/js/services/LocalStorageService.js in 10_PROFILING_INFO_
​ _PROFILING_INFO_start function null from ../todomvc/examples/dijon/js/services/LocalStorageService.js in 16_PROFILING_INFO_
​ _PROFILING_INFO_start function null from ../todomvc/examples/dijon/js/models/TodosModel.js in 10_PROFILING_INFO_
​ _PROFILING_INFO_start function null from ../todomvc/examples/dijon/js/models/TodosModel.js in 35_PROFILING_INFO_
​ _PROFILING_INFO_start function null from ../todomvc/examples/dijon/js/views/TodoListView.js in 10_PROFILING_INFO_
​ _PROFILING_INFO_start function null from ../todomvc/examples/dijon/node_modules/jquery/dist/jquery.js in 73_PROFILING_INFO_
​ _PROFILING_INFO_start function null from ../todomvc/examples/dijon/node_modules/jquery/dist/jquery.js in 2730_PROFILING_INFO_
​ _PROFILING_INFO_start function null from ../todomvc/examples/dijon/node_modules/jquery/dist/jquery.js in 5294_PROFILING_INFO_
​ _PROFILING_INFO_start function null from ../todomvc/examples/dijon/node_modules/jquery/dist/jquery.js in 3463_PROFILING_INFO_
​ _PROFILING_INFO_start function null from ../todomvc/examples/dijon/node_modules/jquery/dist/jquery.js in 300_PROFILING_INFO_
​ _PROFILING_INFO_start function null from ../todomvc/examples/dijon/node_modules/jquery/dist/jquery.js in 5295_PROFILING_INFO_
​ _PROFILING_INFO_start function null from ../todomvc/examples/dijon/node_modules/handlebars/dist/handlebars.js in 2722_PROFILING_INFO_
​ _PROFILING_INFO_start function compile from ../todomvc/examples/dijon/node_modules/handlebars/dist/handlebars.js in 1721_PROFILING_INFO_
​ _PROFILING_INFO_start function null from ../todomvc/examples/dijon/js/views/TodoListView.js in 20_PROFILING_INFO_
​ _PROFILING_INFO_start function null from ../todomvc/examples/dijon/node_modules/jquery/dist/jquery.js in 4806_PROFILING_INFO_
​ _PROFILING_INFO_start function null from ../todomvc/examples/dijon/node_modules/jquery/dist/jquery.js in 138_PROFILING_INFO_
​ _PROFILING_INFO_start function null from ../todomvc/examples/dijon/node_modules/jquery/dist/jquery.js in 345_PROFILING_INFO_
​ _PROFILING_INFO_start function isArraylike from ../todomvc/examples/dijon/node_modules/jquery/dist/jquery.js in 533_PROFILING_INFO_
​ _PROFILING_INFO_start function null from ../todomvc/examples/dijon/node_modules/jquery/dist/jquery.js in 261_PROFILING_INFO_
​ _PROFILING_INFO_start function null from ../todomvc/examples/dijon/node_modules/jquery/dist/jquery.js in 4855_PROFILING_INFO_
​ _PROFILING_INFO_start function null from ../todomvc/examples/dijon/node_modules/jquery/dist/jquery.js in 4083_PROFILING_INFO_
​ _PROFILING_INFO_start function null from ../todomvc/examples/dijon/node_modules/jquery/dist/jquery.js in 3609_PROFILING_INFO_
​ _PROFILING_INFO_start function null from ../todomvc/examples/dijon/node_modules/jquery/dist/jquery.js in 3547_PROFILING_INFO_
​ _PROFILING_INFO_start function null from ../todomvc/examples/dijon/node_modules/jquery/dist/jquery.js in 3518_PROFILING_INFO_
​ _PROFILING_INFO_start function null from ../todomvc/examples/dijon/node_modules/jquery/dist/jquery.js in 177_PROFILING_INFO_
​ _PROFILING_INFO_start function null from ../todomvc/examples/dijon/node_modules/jquery/dist/jquery.js in 4779_PROFILING_INFO_
​ _PROFILING_INFO_start function null from ../todomvc/examples/dijon/node_modules/jquery/dist/jquery.js in 3619_PROFILING_INFO_
​ _PROFILING_INFO_start function null from ../todomvc/examples/dijon/node_modules/jquery/dist/jquery.js in 336_PROFILING_INFO_
​ _PROFILING_INFO_start function null from ../todomvc/examples/dijon/node_modules/jquery/dist/jquery.js in 3583_PROFILING_INFO_
​ _PROFILING_INFO_start function null from ../todomvc/examples/dijon/js/views/TodoListView.js in 52_PROFILING_INFO_
​ _PROFILING_INFO_start function null from ../todomvc/examples/dijon/js/models/TodosModel.js in 39_PROFILING_INFO_
​ _PROFILING_INFO_start function null from ../todomvc/examples/dijon/node_modules/handlebars/dist/handlebars.js in 1742_PROFILING_INFO_
​ _PROFILING_INFO_start function compileInput from ../todomvc/examples/dijon/node_modules/handlebars/dist/handlebars.js in 1734_PROFILING_INFO_
​ _PROFILING_INFO_start function parse from ../todomvc/examples/dijon/node_modules/handlebars/dist/handlebars.js in 1267_PROFILING_INFO_
​ _PROFILING_INFO_start function parse from ../todomvc/examples/dijon/node_modules/handlebars/dist/handlebars.js in 873_PROFILING_INFO_
​ _PROFILING_INFO_start function null from ../todomvc/examples/dijon/node_modules/handlebars/dist/handlebars.js in 996_PROFILING_INFO_
​ _PROFILING_INFO_start function lex from ../todomvc/examples/dijon/node_modules/handlebars/dist/handlebars.js in 891_PROFILING_INFO_
​ _PROFILING_INFO_start function lex from ../todomvc/examples/dijon/node_modules/handlebars/dist/handlebars.js in 1131_PROFILING_INFO_
​ _PROFILING_INFO_start function null from ../todomvc/examples/dijon/node_modules/handlebars/dist/handlebars.js in 1077_PROFILING_INFO_
​ _PROFILING_INFO_start function _currentRules from ../todomvc/examples/dijon/node_modules/handlebars/dist/handlebars.js in 1145_PROFILING_INFO_
​ _PROFILING_INFO_start function anonymous from ../todomvc/examples/dijon/node_modules/handlebars/dist/handlebars.js in 1155_PROFILING_INFO_
​ _PROFILING_INFO_start function begin from ../todomvc/examples/dijon/node_modules/handlebars/dist/handlebars.js in 1139_PROFILING_INFO_
​ _PROFILING_INFO_start function anonymous from ../todomvc/examples/dijon/node_modules/handlebars/dist/handlebars.js in 774_PROFILING_INFO_
​ _PROFILING_INFO_start function null from ../todomvc/examples/dijon/node_modules/handlebars/dist/handlebars.js in 665_PROFILING_INFO_
​ _PROFILING_INFO_start function LocationInfo from ../todomvc/examples/dijon/node_modules/handlebars/dist/handlebars.js in 535_PROFILING_INFO_
​ _PROFILING_INFO_start function popState from ../todomvc/examples/dijon/node_modules/handlebars/dist/handlebars.js in 1142_PROFILING_INFO_
​ _PROFILING_INFO_start function null from ../todomvc/examples/dijon/node_modules/handlebars/dist/handlebars.js in 677_PROFILING_INFO_
​ _PROFILING_INFO_start function null from ../todomvc/examples/dijon/node_modules/handlebars/dist/handlebars.js in 609_PROFILING_INFO_
​ _PROFILING_INFO_start function stripFlags from ../todomvc/examples/dijon/node_modules/handlebars/dist/handlebars.js in 979_PROFILING_INFO_
​ _PROFILING_INFO_start function null from ../todomvc/examples/dijon/node_modules/handlebars/dist/handlebars.js in 578_PROFILING_INFO_
​ _PROFILING_INFO_start function null from ../todomvc/examples/dijon/node_modules/handlebars/dist/handlebars.js in 544_PROFILING_INFO_
​ _PROFILING_INFO_start function null from ../todomvc/examples/dijon/node_modules/handlebars/dist/handlebars.js in 640_PROFILING_INFO_
​ _PROFILING_INFO_start function Compiler from ../todomvc/examples/dijon/node_modules/handlebars/dist/handlebars.js in 1285_PROFILING_INFO_
​ _PROFILING_INFO_start function null from ../todomvc/examples/dijon/node_modules/handlebars/dist/handlebars.js in 1353_PROFILING_INFO_
​ _PROFILING_INFO_start function null from ../todomvc/examples/dijon/node_modules/handlebars/dist/handlebars.js in 1379_PROFILING_INFO_
​ _PROFILING_INFO_start function null from ../todomvc/examples/dijon/node_modules/handlebars/dist/handlebars.js in 1395_PROFILING_INFO_
​ _PROFILING_INFO_start function null from ../todomvc/examples/dijon/node_modules/handlebars/dist/handlebars.js in 1513_PROFILING_INFO_
​ _PROFILING_INFO_start function null from ../todomvc/examples/dijon/node_modules/handlebars/dist/handlebars.js in 1626_PROFILING_INFO_
​ _PROFILING_INFO_start function null from ../todomvc/examples/dijon/node_modules/handlebars/dist/handlebars.js in 1428_PROFILING_INFO_
​ _PROFILING_INFO_start function null from ../todomvc/examples/dijon/node_modules/handlebars/dist/handlebars.js in 1410_PROFILING_INFO_
​ _PROFILING_INFO_start function null from ../todomvc/examples/dijon/node_modules/handlebars/dist/handlebars.js in 1643_PROFILING_INFO_
​ _PROFILING_INFO_start function null from ../todomvc/examples/dijon/node_modules/handlebars/dist/handlebars.js in 1557_PROFILING_INFO_
​ _PROFILING_INFO_start function null from ../todomvc/examples/dijon/node_modules/handlebars/dist/handlebars.js in 1689_PROFILING_INFO_
​ _PROFILING_INFO_start function null from ../todomvc/examples/dijon/node_modules/handlebars/dist/handlebars.js in 1664_PROFILING_INFO_
​ _PROFILING_INFO_start function null from ../todomvc/examples/dijon/node_modules/handlebars/dist/handlebars.js in 1582_PROFILING_INFO_
​ _PROFILING_INFO_start function null from ../todomvc/examples/dijon/node_modules/handlebars/dist/handlebars.js in 1634_PROFILING_INFO_
​ _PROFILING_INFO_start function null from ../todomvc/examples/dijon/node_modules/handlebars/dist/handlebars.js in 1517_PROFILING_INFO_
​ _PROFILING_INFO_start function null from ../todomvc/examples/dijon/node_modules/handlebars/dist/handlebars.js in 1570_PROFILING_INFO_
​ _PROFILING_INFO_start function null from ../todomvc/examples/dijon/node_modules/handlebars/dist/handlebars.js in 1527_PROFILING_INFO_
​ _PROFILING_INFO_start function null from ../todomvc/examples/dijon/node_modules/handlebars/dist/handlebars.js in 1540_PROFILING_INFO_
​ _PROFILING_INFO_start function JavaScriptCompiler from ../todomvc/examples/dijon/node_modules/handlebars/dist/handlebars.js in 1767_PROFILING_INFO_
​ _PROFILING_INFO_start function null from ../todomvc/examples/dijon/node_modules/handlebars/dist/handlebars.js in 1820_PROFILING_INFO_
​ _PROFILING_INFO_start function null from ../todomvc/examples/dijon/node_modules/handlebars/dist/handlebars.js in 1295_PROFILING_INFO_
​ _PROFILING_INFO_start function log from ../todomvc/examples/dijon/node_modules/handlebars/dist/handlebars.js in 337_PROFILING_INFO_
​ _PROFILING_INFO_start function null from ../todomvc/examples/dijon/node_modules/handlebars/dist/handlebars.js in 327_PROFILING_INFO_
​ _PROFILING_INFO_start function null from ../todomvc/examples/dijon/node_modules/handlebars/dist/handlebars.js in 1874_PROFILING_INFO_
​ _PROFILING_INFO_start function null from ../todomvc/examples/dijon/node_modules/handlebars/dist/handlebars.js in 1813_PROFILING_INFO_
​ _PROFILING_INFO_start function null from ../todomvc/examples/dijon/node_modules/handlebars/dist/handlebars.js in 2575_PROFILING_INFO_
​ _PROFILING_INFO_start function null from ../todomvc/examples/dijon/node_modules/handlebars/dist/handlebars.js in 2377_PROFILING_INFO_
​ _PROFILING_INFO_start function null from ../todomvc/examples/dijon/node_modules/handlebars/dist/handlebars.js in 2399_PROFILING_INFO_
​ _PROFILING_INFO_start function null from ../todomvc/examples/dijon/node_modules/handlebars/dist/handlebars.js in 2021_PROFILING_INFO_
​ _PROFILING_INFO_start function null from ../todomvc/examples/dijon/node_modules/handlebars/dist/handlebars.js in 2446_PROFILING_INFO_
​ _PROFILING_INFO_start function null from ../todomvc/examples/dijon/node_modules/handlebars/dist/handlebars.js in 1801_PROFILING_INFO_
​ _PROFILING_INFO_start function null from ../todomvc/examples/dijon/node_modules/handlebars/dist/handlebars.js in 1900_PROFILING_INFO_
​ _PROFILING_INFO_start function null from ../todomvc/examples/dijon/node_modules/handlebars/dist/handlebars.js in 1952_PROFILING_INFO_
​ _PROFILING_INFO_start function null from ../todomvc/examples/dijon/node_modules/handlebars/dist/handlebars.js in 1319_PROFILING_INFO_
​ _PROFILING_INFO_start function null from ../todomvc/examples/dijon/node_modules/handlebars/dist/handlebars.js in 2085_PROFILING_INFO_
​ _PROFILING_INFO_start function null from ../todomvc/examples/dijon/node_modules/handlebars/dist/handlebars.js in 2098_PROFILING_INFO_
​ _PROFILING_INFO_start function null from ../todomvc/examples/dijon/node_modules/handlebars/dist/handlebars.js in 1772_PROFILING_INFO_
​ _PROFILING_INFO_start function null from ../todomvc/examples/dijon/node_modules/handlebars/dist/handlebars.js in 2691_PROFILING_INFO_
​ _PROFILING_INFO_start function null from ../todomvc/examples/dijon/node_modules/handlebars/dist/handlebars.js in 2216_PROFILING_INFO_
​ _PROFILING_INFO_start function null from ../todomvc/examples/dijon/node_modules/handlebars/dist/handlebars.js in 2241_PROFILING_INFO_
​ _PROFILING_INFO_start function null from ../todomvc/examples/dijon/node_modules/handlebars/dist/handlebars.js in 2408_PROFILING_INFO_
​ _PROFILING_INFO_start function null from ../todomvc/examples/dijon/node_modules/handlebars/dist/handlebars.js in 2442_PROFILING_INFO_
​ _PROFILING_INFO_start function Literal from ../todomvc/examples/dijon/node_modules/handlebars/dist/handlebars.js in 1763_PROFILING_INFO_
​ _PROFILING_INFO_start function null from ../todomvc/examples/dijon/node_modules/handlebars/dist/handlebars.js in 2174_PROFILING_INFO_
​ _PROFILING_INFO_start function null from ../todomvc/examples/dijon/node_modules/handlebars/dist/handlebars.js in 2292_PROFILING_INFO_
​ _PROFILING_INFO_start function null from ../todomvc/examples/dijon/node_modules/handlebars/dist/handlebars.js in 2585_PROFILING_INFO_
​ _PROFILING_INFO_start function null from ../todomvc/examples/dijon/node_modules/handlebars/dist/handlebars.js in 2653_PROFILING_INFO_
​ _PROFILING_INFO_start function null from ../todomvc/examples/dijon/node_modules/handlebars/dist/handlebars.js in 2599_PROFILING_INFO_
​ _PROFILING_INFO_start function null from ../todomvc/examples/dijon/node_modules/handlebars/dist/handlebars.js in 2547_PROFILING_INFO_
​ _PROFILING_INFO_start function null from ../todomvc/examples/dijon/node_modules/handlebars/dist/handlebars.js in 2543_PROFILING_INFO_
​ _PROFILING_INFO_start function null from ../todomvc/examples/dijon/node_modules/handlebars/dist/handlebars.js in 2055_PROFILING_INFO_
​ _PROFILING_INFO_start function null from ../todomvc/examples/dijon/node_modules/handlebars/dist/handlebars.js in 2529_PROFILING_INFO_
​ _PROFILING_INFO_start function null from ../todomvc/examples/dijon/node_modules/handlebars/dist/handlebars.js in 2457_PROFILING_INFO_
​ _PROFILING_INFO_start function null from ../todomvc/examples/dijon/node_modules/handlebars/dist/handlebars.js in 2521_PROFILING_INFO_
​ _PROFILING_INFO_start function null from ../todomvc/examples/dijon/node_modules/handlebars/dist/handlebars.js in 2526_PROFILING_INFO_
​ _PROFILING_INFO_start function null from ../todomvc/examples/dijon/node_modules/handlebars/dist/handlebars.js in 1808_PROFILING_INFO_
​ _PROFILING_INFO_start function null from ../todomvc/examples/dijon/node_modules/handlebars/dist/handlebars.js in 2309_PROFILING_INFO_
​ _PROFILING_INFO_start function null from ../todomvc/examples/dijon/node_modules/handlebars/dist/handlebars.js in 2435_PROFILING_INFO_
​ _PROFILING_INFO_start function null from ../todomvc/examples/dijon/node_modules/handlebars/dist/handlebars.js in 2517_PROFILING_INFO_
​ _PROFILING_INFO_start function null from ../todomvc/examples/dijon/node_modules/handlebars/dist/handlebars.js in 2072_PROFILING_INFO_
​ _PROFILING_INFO_start function null from ../todomvc/examples/dijon/node_modules/handlebars/dist/handlebars.js in 2108_PROFILING_INFO_
​ _PROFILING_INFO_start function null from ../todomvc/examples/dijon/node_modules/handlebars/dist/handlebars.js in 2119_PROFILING_INFO_
handlebars-instrumented.js:5001 _PROFILING_INFO_start function null from ../todomvc/examples/dijon/node_modules/handlebars/dist/handlebars.js in 2468_PROFILING_INFO_
handlebars-instrumented.js:4694 _PROFILING_INFO_start function null from ../todomvc/examples/dijon/node_modules/handlebars/dist/handlebars.js in 2122_PROFILING_INFO_
handlebars-instrumented.js:4593 _PROFILING_INFO_start function null from ../todomvc/examples/dijon/node_modules/handlebars/dist/handlebars.js in 1985_PROFILING_INFO_
handlebars-instrumented.js:5106 _PROFILING_INFO_start function null from ../todomvc/examples/dijon/node_modules/handlebars/dist/handlebars.js in 2564_PROFILING_INFO_
handlebars-instrumented.js:4601 _PROFILING_INFO_start function null from ../todomvc/examples/dijon/node_modules/handlebars/dist/handlebars.js in 1991_PROFILING_INFO_
handlebars-instrumented.js:4412 _PROFILING_INFO_start function null from ../todomvc/examples/dijon/node_modules/handlebars/dist/handlebars.js in 1795_PROFILING_INFO_
handlebars-instrumented.js:612 _PROFILING_INFO_start function null from ../todomvc/examples/dijon/node_modules/handlebars/dist/handlebars.js in 515_PROFILING_INFO_
handlebars-instrumented.js:439 _PROFILING_INFO_start function template from ../todomvc/examples/dijon/node_modules/handlebars/dist/handlebars.js in 377_PROFILING_INFO_
handlebars-instrumented.js:502 _PROFILING_INFO_start function null from ../todomvc/examples/dijon/node_modules/handlebars/dist/handlebars.js in 426_PROFILING_INFO_
handlebars-instrumented.js:485 _PROFILING_INFO_start function null from ../todomvc/examples/dijon/node_modules/handlebars/dist/handlebars.js in 411_PROFILING_INFO_
handlebars-instrumented.js:472 _PROFILING_INFO_start function null from ../todomvc/examples/dijon/node_modules/handlebars/dist/handlebars.js in 402_PROFILING_INFO_
handlebars-instrumented.js:543 _PROFILING_INFO_start function program from ../todomvc/examples/dijon/node_modules/handlebars/dist/handlebars.js in 464_PROFILING_INFO_
handlebars-instrumented.js:251 _PROFILING_INFO_start function null from ../todomvc/examples/dijon/node_modules/handlebars/dist/handlebars.js in 225_PROFILING_INFO_
handlebars-instrumented.js:73 _PROFILING_INFO_start function null from ../todomvc/examples/dijon/node_modules/handlebars/dist/handlebars.js in 81_PROFILING_INFO_
handlebars-instrumented.js:579 _PROFILING_INFO_start function noop from ../todomvc/examples/dijon/node_modules/handlebars/dist/handlebars.js in 485_PROFILING_INFO_
handlebars-instrumented.js:423 _PROFILING_INFO_start function checkRevision from ../todomvc/examples/dijon/node_modules/handlebars/dist/handlebars.js in 357_PROFILING_INFO_
jquery-instrumented.js:198 _PROFILING_INFO_start function null from ../todomvc/examples/dijon/node_modules/jquery/dist/jquery.js in 255_PROFILING_INFO_
jquery-instrumented.js:4182 _PROFILING_INFO_start function getAll from ../todomvc/examples/dijon/node_modules/jquery/dist/jquery.js in 5013_PROFILING_INFO_
jquery-instrumented.js:4286 _PROFILING_INFO_start function null from ../todomvc/examples/dijon/node_modules/jquery/dist/jquery.js in 5166_PROFILING_INFO_
jquery-instrumented.js:5721 _PROFILING_INFO_start function null from ../todomvc/examples/dijon/node_modules/jquery/dist/jquery.js in 6821_PROFILING_INFO_
jquery-instrumented.js:5082 _PROFILING_INFO_start function null from ../todomvc/examples/dijon/node_modules/jquery/dist/jquery.js in 6136_PROFILING_INFO_
jquery-instrumented.js:5075 _PROFILING_INFO_start function null from ../todomvc/examples/dijon/node_modules/jquery/dist/jquery.js in 6133_PROFILING_INFO_
jquery-instrumented.js:4845 _PROFILING_INFO_start function showHide from ../todomvc/examples/dijon/node_modules/jquery/dist/jquery.js in 5854_PROFILING_INFO_
jquery-instrumented.js:3351 _PROFILING_INFO_start function null from ../todomvc/examples/dijon/node_modules/jquery/dist/jquery.js in 4013_PROFILING_INFO_
jquery-instrumented.js:4949 _PROFILING_INFO_start function null from ../todomvc/examples/dijon/node_modules/jquery/dist/jquery.js in 6005_PROFILING_INFO_
jquery-instrumented.js:4775 _PROFILING_INFO_start function vendorPropName from ../todomvc/examples/dijon/node_modules/jquery/dist/jquery.js in 5741_PROFILING_INFO_
jquery-instrumented.js:4635 _PROFILING_INFO_start function curCSS from ../todomvc/examples/dijon/node_modules/jquery/dist/jquery.js in 5548_PROFILING_INFO_
jquery-instrumented.js:4625 _PROFILING_INFO_start function null from ../todomvc/examples/dijon/node_modules/jquery/dist/jquery.js in 5535_PROFILING_INFO_
jquery-instrumented.js:1024 _PROFILING_INFO_start function null from ../todomvc/examples/dijon/node_modules/jquery/dist/jquery.js in 1423_PROFILING_INFO_
jquery-instrumented.js:922 _PROFILING_INFO_start function null from ../todomvc/examples/dijon/node_modules/jquery/dist/jquery.js in 1267_PROFILING_INFO_
TodosModel-instrumented.js:127 _PROFILING_INFO_start function null from ../todomvc/examples/dijon/js/models/TodosModel.js in 79_PROFILING_INFO_
jquery-instrumented.js:5969 _PROFILING_INFO_start function null from ../todomvc/examples/dijon/node_modules/jquery/dist/jquery.js in 7075_PROFILING_INFO_
jquery-instrumented.js:5995 _PROFILING_INFO_start function null from ../todomvc/examples/dijon/node_modules/jquery/dist/jquery.js in 7092_PROFILING_INFO_
jquery-instrumented.js:734 _PROFILING_INFO_start function null from ../todomvc/examples/dijon/node_modules/jquery/dist/jquery.js in 1007_PROFILING_INFO_
FooterView-instrumented.js:11 _PROFILING_INFO_start function null from ../todomvc/examples/dijon/js/views/FooterView.js in 10_PROFILING_INFO_
jquery-instrumented.js:2119 _PROFILING_INFO_start function null from ../todomvc/examples/dijon/node_modules/jquery/dist/jquery.js in 2673_PROFILING_INFO_
jquery-instrumented.js:526 _PROFILING_INFO_start function Sizzle from ../todomvc/examples/dijon/node_modules/jquery/dist/jquery.js in 745_PROFILING_INFO_
jquery-instrumented.js:70 _PROFILING_INFO_start function null from ../todomvc/examples/dijon/node_modules/jquery/dist/jquery.js in 122_PROFILING_INFO_
jquery-instrumented.js:355 _PROFILING_INFO_start function null from ../todomvc/examples/dijon/node_modules/jquery/dist/jquery.js in 423_PROFILING_INFO_
FooterView-instrumented.js:21 _PROFILING_INFO_start function null from ../todomvc/examples/dijon/js/views/FooterView.js in 19_PROFILING_INFO_
FooterView-instrumented.js:35 _PROFILING_INFO_start function null from ../todomvc/examples/dijon/js/views/FooterView.js in 26_PROFILING_INFO_
TodosModel-instrumented.js:120 _PROFILING_INFO_start function null from ../todomvc/examples/dijon/js/models/TodosModel.js in 76_PROFILING_INFO_
FooterView-instrumented.js:42 _PROFILING_INFO_start function null from ../todomvc/examples/dijon/js/views/FooterView.js in 29_PROFILING_INFO_
Utils-instrumented.js:20 _PROFILING_INFO_start function null from ../todomvc/examples/dijon/js/utils/Utils.js in 16_PROFILING_INFO_
LocalStorageService-instrumented.js:18 _PROFILING_INFO_start function null from ../todomvc/examples/dijon/js/services/LocalStorageService.js in 13_PROFILING_INFO_
TodoFormView-instrumented.js:11 _PROFILING_INFO_start function null from ../todomvc/examples/dijon/js/views/TodoFormView.js in 10_PROFILING_INFO_
TodoFormView-instrumented.js:21 _PROFILING_INFO_start function null from ../todomvc/examples/dijon/js/views/TodoFormView.js in 16_PROFILING_INFO_
TodoFormView-instrumented.js:44 _PROFILING_INFO_start function null from ../todomvc/examples/dijon/js/views/TodoFormView.js in 35_PROFILING_INFO_
jquery-instrumented.js:2854 _PROFILING_INFO_start function completed from ../todomvc/examples/dijon/node_modules/jquery/dist/jquery.js in 3425_PROFILING_INFO_
jquery-instrumented.js:2835 _PROFILING_INFO_start function null from ../todomvc/examples/dijon/node_modules/jquery/dist/jquery.js in 3396_PROFILING_INFO_
jquery-instrumented.js:2619 _PROFILING_INFO_start function null from ../todomvc/examples/dijon/node_modules/jquery/dist/jquery.js in 3199_PROFILING_INFO_
jquery-instrumented.js:2477 _PROFILING_INFO_start function null from ../todomvc/examples/dijon/node_modules/jquery/dist/jquery.js in 3086_PROFILING_INFO_
jquery-instrumented.js:2746 _PROFILING_INFO_start function null from ../todomvc/examples/dijon/node_modules/jquery/dist/jquery.js in 3286_PROFILING_INFO_
jquery-instrumented.js:2586 _PROFILING_INFO_start function null from ../todomvc/examples/dijon/node_modules/jquery/dist/jquery.js in 3178_PROFILING_INFO_
jquery-instrumented.js:2601 _PROFILING_INFO_start function null from ../todomvc/examples/dijon/node_modules/jquery/dist/jquery.js in 3187_PROFILING_INFO_
jquery-instrumented.js:4069 _PROFILING_INFO_start function null from ../todomvc/examples/dijon/node_modules/jquery/dist/jquery.js in 4899_PROFILING_INFO_
jquery-instrumented.js:3527 _PROFILING_INFO_start function null from ../todomvc/examples/dijon/node_modules/jquery/dist/jquery.js in 4259_PROFILING_INFO_
jquery-instrumented.js:3830 _PROFILING_INFO_start function null from ../todomvc/examples/dijon/node_modules/jquery/dist/jquery.js in 4663_PROFILING_INFO_
jquery-instrumented.js:3384 _PROFILING_INFO_start function returnFalse from ../todomvc/examples/dijon/node_modules/jquery/dist/jquery.js in 4065_PROFILING_INFO_
jquery-instrumented.js:4024 _PROFILING_INFO_start function null from ../todomvc/examples/dijon/node_modules/jquery/dist/jquery.js in 4862_PROFILING_INFO_
jquery-instrumented.js:4048 _PROFILING_INFO_start function null from ../todomvc/examples/dijon/node_modules/jquery/dist/jquery.js in 4889_PROFILING_INFO_
jquery-instrumented.js:3477 _PROFILING_INFO_start function null from ../todomvc/examples/dijon/node_modules/jquery/dist/jquery.js in 4189_PROFILING_INFO_
jquery-instrumented.js:3038 _PROFILING_INFO_start function null from ../todomvc/examples/dijon/node_modules/jquery/dist/jquery.js in 3691_PROFILING_INFO_
jquery-instrumented.js:233 _PROFILING_INFO_start function null from ../todomvc/examples/dijon/node_modules/jquery/dist/jquery.js in 292_PROFILING_INFO_
jquery-instrumented.js:3927 _PROFILING_INFO_start function null from ../todomvc/examples/dijon/node_modules/jquery/dist/jquery.js in 4774_PROFILING_INFO_
jquery-instrumented.js:3715 _PROFILING_INFO_start function null from ../todomvc/examples/dijon/node_modules/jquery/dist/jquery.js in 4540_PROFILING_INFO_
jquery-instrumented.js:3801 _PROFILING_INFO_start function null from ../todomvc/examples/dijon/node_modules/jquery/dist/jquery.js in 4633_PROFILING_INFO_
