base-instrumented.js:5 _PROFILING_INFO_start function null from ../todomvc/examples/dojo/node_modules/todomvc-common/base.js in 2_PROFILING_INFO_
base-instrumented.js:11 _PROFILING_INFO_start function null from ../todomvc/examples/dojo/node_modules/todomvc-common/base.js in 8_PROFILING_INFO_
base-instrumented.js:132 _PROFILING_INFO_start function redirect from ../todomvc/examples/dojo/node_modules/todomvc-common/base.js in 121_PROFILING_INFO_
base-instrumented.js:149 _PROFILING_INFO_start function getFile from ../todomvc/examples/dojo/node_modules/todomvc-common/base.js in 132_PROFILING_INFO_
base-instrumented.js:141 _PROFILING_INFO_start function findRoot from ../todomvc/examples/dojo/node_modules/todomvc-common/base.js in 127_PROFILING_INFO_
main-instrumented.js:5 _PROFILING_INFO_start function null from ../todomvc/examples/dojo/js/main.js in 1_PROFILING_INFO_
dojo-instrumented.js:5 _PROFILING_INFO_start function null from ../todomvc/examples/dojo/js/lib/dojo/dojo.js in 2_PROFILING_INFO_
dojo-instrumented.js:3164 _PROFILING_INFO_start function _19d from ../todomvc/examples/dojo/js/lib/dojo/dojo.js in 2_PROFILING_INFO_
dojo-instrumented.js:3201 _PROFILING_INFO_start function _1a0 from ../todomvc/examples/dojo/js/lib/dojo/dojo.js in 2_PROFILING_INFO_
dojo-instrumented.js:3939 _PROFILING_INFO_start function _207 from ../todomvc/examples/dojo/js/lib/dojo/dojo.js in 2_PROFILING_INFO_
dojo-instrumented.js:2971 _PROFILING_INFO_start function TMP from ../todomvc/examples/dojo/js/lib/dojo/dojo.js in 2_PROFILING_INFO_
dojo-instrumented.js:4051 _PROFILING_INFO_start function _21f from ../todomvc/examples/dojo/js/lib/dojo/dojo.js in 2_PROFILING_INFO_
dojo-instrumented.js:3856 _PROFILING_INFO_start function _1fd from ../todomvc/examples/dojo/js/lib/dojo/dojo.js in 2_PROFILING_INFO_
dojo-instrumented.js:11380 _PROFILING_INFO_start function _57b from ../todomvc/examples/dojo/js/lib/dojo/dojo.js in 2_PROFILING_INFO_
dojo-instrumented.js:4664 _PROFILING_INFO_start function _283 from ../todomvc/examples/dojo/js/lib/dojo/dojo.js in 2_PROFILING_INFO_
main-instrumented.js:14 _PROFILING_INFO_start function null from ../todomvc/examples/dojo/js/main.js in 7_PROFILING_INFO_
dojo-instrumented.js:5202 _PROFILING_INFO_start function Promise from ../todomvc/examples/dojo/js/lib/dojo/dojo.js in 2_PROFILING_INFO_
dojo-instrumented.js:10139 _PROFILING_INFO_start function _4d8 from ../todomvc/examples/dojo/js/lib/dojo/dojo.js in 2_PROFILING_INFO_
dojo-instrumented.js:7852 _PROFILING_INFO_start function _3dc from ../todomvc/examples/dojo/js/lib/dojo/dojo.js in 2_PROFILING_INFO_
dojo-instrumented.js:2267 _PROFILING_INFO_start function _13c from ../todomvc/examples/dojo/js/lib/dojo/dojo.js in 2_PROFILING_INFO_
dojo-instrumented.js:2052 _PROFILING_INFO_start function _136 from ../todomvc/examples/dojo/js/lib/dojo/dojo.js in 2_PROFILING_INFO_
dojo-instrumented.js:2156 _PROFILING_INFO_start function _145 from ../todomvc/examples/dojo/js/lib/dojo/dojo.js in 2_PROFILING_INFO_
dojo-instrumented.js:6014 _PROFILING_INFO_start function _33f from ../todomvc/examples/dojo/js/lib/dojo/dojo.js in 2_PROFILING_INFO_
dojo-instrumented.js:1830 _PROFILING_INFO_start function _11f from ../todomvc/examples/dojo/js/lib/dojo/dojo.js in 2_PROFILING_INFO_
dojo-instrumented.js:2246 _PROFILING_INFO_start function _14c from ../todomvc/examples/dojo/js/lib/dojo/dojo.js in 2_PROFILING_INFO_
dojo-instrumented.js:2032 _PROFILING_INFO_start function _132 from ../todomvc/examples/dojo/js/lib/dojo/dojo.js in 2_PROFILING_INFO_
dojo-instrumented.js:2105 _PROFILING_INFO_start function _140 from ../todomvc/examples/dojo/js/lib/dojo/dojo.js in 2_PROFILING_INFO_
dojo-instrumented.js:10498 _PROFILING_INFO_start function _520 from ../todomvc/examples/dojo/js/lib/dojo/dojo.js in 2_PROFILING_INFO_
dojo-instrumented.js:10175 _PROFILING_INFO_start function _4dd from ../todomvc/examples/dojo/js/lib/dojo/dojo.js in 2_PROFILING_INFO_
dojo-instrumented.js:10520 _PROFILING_INFO_start function _524 from ../todomvc/examples/dojo/js/lib/dojo/dojo.js in 2_PROFILING_INFO_
base-instrumented.js:160 _PROFILING_INFO_start function null from ../todomvc/examples/dojo/node_modules/todomvc-common/base.js in 142_PROFILING_INFO_
base-instrumented.js:170 _PROFILING_INFO_start function Learn from ../todomvc/examples/dojo/node_modules/todomvc-common/base.js in 149_PROFILING_INFO_
base-instrumented.js:208 _PROFILING_INFO_start function null from ../todomvc/examples/dojo/node_modules/todomvc-common/base.js in 194_PROFILING_INFO_
base-instrumented.js:52 _PROFILING_INFO_start function null from ../todomvc/examples/dojo/node_modules/todomvc-common/base.js in 56_PROFILING_INFO_
base-instrumented.js:16 _PROFILING_INFO_start function null from ../todomvc/examples/dojo/node_modules/todomvc-common/base.js in 9_PROFILING_INFO_
base-instrumented.js:66 _PROFILING_INFO_start function null from ../todomvc/examples/dojo/node_modules/todomvc-common/base.js in 70_PROFILING_INFO_
base-instrumented.js:238 _PROFILING_INFO_start function null from ../todomvc/examples/dojo/node_modules/todomvc-common/base.js in 222_PROFILING_INFO_
dojo-instrumented.js:4692 _PROFILING_INFO_start function _285 from ../todomvc/examples/dojo/js/lib/dojo/dojo.js in 2_PROFILING_INFO_
dojo-instrumented.js:9732 _PROFILING_INFO_start function _4ab from ../todomvc/examples/dojo/js/lib/dojo/dojo.js in 2_PROFILING_INFO_
dojo-instrumented.js:1904 _PROFILING_INFO_start function _127 from ../todomvc/examples/dojo/js/lib/dojo/dojo.js in 2_PROFILING_INFO_
dojo-instrumented.js:5917 _PROFILING_INFO_start function _323 from ../todomvc/examples/dojo/js/lib/dojo/dojo.js in 2_PROFILING_INFO_
dojo-instrumented.js:5826 _PROFILING_INFO_start function _318 from ../todomvc/examples/dojo/js/lib/dojo/dojo.js in 2_PROFILING_INFO_
dojo-instrumented.js:4828 _PROFILING_INFO_start function when from ../todomvc/examples/dojo/js/lib/dojo/dojo.js in 2_PROFILING_INFO_
dojo-instrumented.js:3692 _PROFILING_INFO_start function _1e5 from ../todomvc/examples/dojo/js/lib/dojo/dojo.js in 2_PROFILING_INFO_
dojo-instrumented.js:3683 _PROFILING_INFO_start function _1eb from ../todomvc/examples/dojo/js/lib/dojo/dojo.js in 2_PROFILING_INFO_
dojo-instrumented.js:8396 _PROFILING_INFO_start function toDom from ../todomvc/examples/dojo/js/lib/dojo/dojo.js in 2_PROFILING_INFO_
dojo-instrumented.js:4227 _PROFILING_INFO_start function _22c from ../todomvc/examples/dojo/js/lib/dojo/dojo.js in 2_PROFILING_INFO_
dojo-instrumented.js:2091 _PROFILING_INFO_start function _13d from ../todomvc/examples/dojo/js/lib/dojo/dojo.js in 2_PROFILING_INFO_
dojo-instrumented.js:10155 _PROFILING_INFO_start function _4da from ../todomvc/examples/dojo/js/lib/dojo/dojo.js in 2_PROFILING_INFO_
dojo-instrumented.js:13086 _PROFILING_INFO_start function bind from ../todomvc/examples/dojo/js/lib/dojo/dojo.js in 2_PROFILING_INFO_
dojo-instrumented.js:13062 _PROFILING_INFO_start function _667 from ../todomvc/examples/dojo/js/lib/dojo/dojo.js in 2_PROFILING_INFO_
dojo-instrumented.js:13092 _PROFILING_INFO_start function _672 from ../todomvc/examples/dojo/js/lib/dojo/dojo.js in 2_PROFILING_INFO_
dojo-instrumented.js:12787 _PROFILING_INFO_start function copy from ../todomvc/examples/dojo/js/lib/dojo/dojo.js in 2_PROFILING_INFO_
dojo-instrumented.js:12779 _PROFILING_INFO_start function _632 from ../todomvc/examples/dojo/js/lib/dojo/dojo.js in 2_PROFILING_INFO_
dojo-instrumented.js:8110 _PROFILING_INFO_start function setAttr from ../todomvc/examples/dojo/js/lib/dojo/dojo.js in 2_PROFILING_INFO_
dojo-instrumented.js:6002 _PROFILING_INFO_start function _33e from ../todomvc/examples/dojo/js/lib/dojo/dojo.js in 2_PROFILING_INFO_
dojo-instrumented.js:8223 _PROFILING_INFO_start function setProp from ../todomvc/examples/dojo/js/lib/dojo/dojo.js in 2_PROFILING_INFO_
dojo-instrumented.js:10459 _PROFILING_INFO_start function _516 from ../todomvc/examples/dojo/js/lib/dojo/dojo.js in 2_PROFILING_INFO_
dojo-instrumented.js:8655 _PROFILING_INFO_start function toggleClass from ../todomvc/examples/dojo/js/lib/dojo/dojo.js in 2_PROFILING_INFO_
dojo-instrumented.js:8621 _PROFILING_INFO_start function removeClass from ../todomvc/examples/dojo/js/lib/dojo/dojo.js in 2_PROFILING_INFO_
dojo-instrumented.js:8561 _PROFILING_INFO_start function _41b from ../todomvc/examples/dojo/js/lib/dojo/dojo.js in 2_PROFILING_INFO_
dojo-instrumented.js:10874 _PROFILING_INFO_start function all from ../todomvc/examples/dojo/js/lib/dojo/dojo.js in 2_PROFILING_INFO_
dojo-instrumented.js:10262 _PROFILING_INFO_start function _4f7 from ../todomvc/examples/dojo/js/lib/dojo/dojo.js in 2_PROFILING_INFO_
dojo-instrumented.js:6029 _PROFILING_INFO_start function _340 from ../todomvc/examples/dojo/js/lib/dojo/dojo.js in 2_PROFILING_INFO_
dojo-instrumented.js:8945 _PROFILING_INFO_start function _443 from ../todomvc/examples/dojo/js/lib/dojo/dojo.js in 2_PROFILING_INFO_
dojo-instrumented.js:14122 _PROFILING_INFO_start function _6da from ../todomvc/examples/dojo/js/lib/dojo/dojo.js in 2_PROFILING_INFO_
dojo-instrumented.js:14148 _PROFILING_INFO_start function _6dd from ../todomvc/examples/dojo/js/lib/dojo/dojo.js in 2_PROFILING_INFO_
dojo-instrumented.js:14132 _PROFILING_INFO_start function _6db from ../todomvc/examples/dojo/js/lib/dojo/dojo.js in 2_PROFILING_INFO_
dojo-instrumented.js:8601 _PROFILING_INFO_start function addClass from ../todomvc/examples/dojo/js/lib/dojo/dojo.js in 2_PROFILING_INFO_
dojo-instrumented.js:14279 _PROFILING_INFO_start function _6ed from ../todomvc/examples/dojo/js/lib/dojo/dojo.js in 2_PROFILING_INFO_
​ _PROFILING_INFO_start function getAttr from ../todomvc/examples/dojo/js/lib/dojo/dojo.js in 2_PROFILING_INFO_
​ _PROFILING_INFO_start function hasAttr from ../todomvc/examples/dojo/js/lib/dojo/dojo.js in 2_PROFILING_INFO_
​ _PROFILING_INFO_start function _3ea from ../todomvc/examples/dojo/js/lib/dojo/dojo.js in 2_PROFILING_INFO_
​ _PROFILING_INFO_start function containsClass from ../todomvc/examples/dojo/js/lib/dojo/dojo.js in 2_PROFILING_INFO_
