base-instrumented.js:5 _PROFILING_INFO_start function null from ../todomvc/examples/exoskeleton/node_modules/todomvc-common/base.js in 2_PROFILING_INFO_
base-instrumented.js:11 _PROFILING_INFO_start function null from ../todomvc/examples/exoskeleton/node_modules/todomvc-common/base.js in 8_PROFILING_INFO_
base-instrumented.js:132 _PROFILING_INFO_start function redirect from ../todomvc/examples/exoskeleton/node_modules/todomvc-common/base.js in 121_PROFILING_INFO_
base-instrumented.js:149 _PROFILING_INFO_start function getFile from ../todomvc/examples/exoskeleton/node_modules/todomvc-common/base.js in 132_PROFILING_INFO_
base-instrumented.js:141 _PROFILING_INFO_start function findRoot from ../todomvc/examples/exoskeleton/node_modules/todomvc-common/base.js in 127_PROFILING_INFO_
​ _PROFILING_INFO_start function null from ../todomvc/examples/exoskeleton/node_modules/exoskeleton/exoskeleton.js in 10_PROFILING_INFO_
​ _PROFILING_INFO_start function null from ../todomvc/examples/exoskeleton/node_modules/exoskeleton/exoskeleton.js in 25_PROFILING_INFO_
​ _PROFILING_INFO_start function null from ../todomvc/examples/exoskeleton/node_modules/exoskeleton/exoskeleton.js in 436_PROFILING_INFO_
​ _PROFILING_INFO_start function extend from ../todomvc/examples/exoskeleton/node_modules/exoskeleton/exoskeleton.js in 130_PROFILING_INFO_
​ _PROFILING_INFO_start function null from ../todomvc/examples/exoskeleton/node_modules/exoskeleton/exoskeleton.js in 131_PROFILING_INFO_
​ _PROFILING_INFO_start function null from ../todomvc/examples/exoskeleton/node_modules/exoskeleton/exoskeleton.js in 113_PROFILING_INFO_
​ _PROFILING_INFO_start function null from ../todomvc/examples/exoskeleton/node_modules/exoskeleton/exoskeleton.js in 1207_PROFILING_INFO_
​ _PROFILING_INFO_start function null from ../todomvc/examples/exoskeleton/node_modules/exoskeleton/exoskeleton.js in 1226_PROFILING_INFO_
​ _PROFILING_INFO_start function null from ../todomvc/examples/exoskeleton/node_modules/exoskeleton/exoskeleton.js in 1758_PROFILING_INFO_
​ _PROFILING_INFO_start function null from ../todomvc/examples/exoskeleton/node_modules/exoskeleton/exoskeleton.js in 1567_PROFILING_INFO_
​ _PROFILING_INFO_start function null from ../todomvc/examples/exoskeleton/node_modules/todomvc-common/base.js in 142_PROFILING_INFO_
​ _PROFILING_INFO_start function Learn from ../todomvc/examples/exoskeleton/node_modules/todomvc-common/base.js in 149_PROFILING_INFO_
​ _PROFILING_INFO_start function null from ../todomvc/examples/exoskeleton/node_modules/todomvc-common/base.js in 194_PROFILING_INFO_
​ _PROFILING_INFO_start function null from ../todomvc/examples/exoskeleton/node_modules/todomvc-common/base.js in 56_PROFILING_INFO_
​ _PROFILING_INFO_start function null from ../todomvc/examples/exoskeleton/node_modules/todomvc-common/base.js in 9_PROFILING_INFO_
​ _PROFILING_INFO_start function null from ../todomvc/examples/exoskeleton/node_modules/todomvc-common/base.js in 70_PROFILING_INFO_
​ _PROFILING_INFO_start function null from ../todomvc/examples/exoskeleton/node_modules/todomvc-common/base.js in 222_PROFILING_INFO_
​ _PROFILING_INFO_start function null from ../todomvc/examples/exoskeleton/node_modules/microtemplates/index.js in 5_PROFILING_INFO_
​ _PROFILING_INFO_start function null from ../todomvc/examples/exoskeleton/node_modules/backbone.localstorage/backbone.localStorage.js in 7_PROFILING_INFO_
​ _PROFILING_INFO_start function null from ../todomvc/examples/exoskeleton/node_modules/backbone.localstorage/backbone.localStorage.js in 19_PROFILING_INFO_
​ _PROFILING_INFO_start function extend from ../todomvc/examples/exoskeleton/node_modules/backbone.localstorage/backbone.localStorage.js in 44_PROFILING_INFO_
​ _PROFILING_INFO_start function null from ../todomvc/examples/exoskeleton/node_modules/backbone.nativeview/backbone.nativeview.js in 9_PROFILING_INFO_
​ _PROFILING_INFO_start function null from ../todomvc/examples/exoskeleton/node_modules/backbone.nativeview/backbone.nativeview.js in 13_PROFILING_INFO_
​ _PROFILING_INFO_start function null from ../todomvc/examples/exoskeleton/node_modules/exoskeleton/exoskeleton.js in 65_PROFILING_INFO_
​ _PROFILING_INFO_start function null from ../todomvc/examples/exoskeleton/node_modules/exoskeleton/exoskeleton.js in 183_PROFILING_INFO_
​ _PROFILING_INFO_start function extend from ../todomvc/examples/exoskeleton/node_modules/exoskeleton/exoskeleton.js in 130_PROFILING_INFO_
​ _PROFILING_INFO_start function null from ../todomvc/examples/exoskeleton/node_modules/exoskeleton/exoskeleton.js in 131_PROFILING_INFO_
​ _PROFILING_INFO_start function null from ../todomvc/examples/exoskeleton/node_modules/exoskeleton/exoskeleton.js in 83_PROFILING_INFO_
​ _PROFILING_INFO_start function null from ../todomvc/examples/exoskeleton/js/models/todo.js in 4_PROFILING_INFO_
​ _PROFILING_INFO_start function null from ../todomvc/examples/exoskeleton/node_modules/exoskeleton/exoskeleton.js in 65_PROFILING_INFO_
​ _PROFILING_INFO_start function null from ../todomvc/examples/exoskeleton/node_modules/exoskeleton/exoskeleton.js in 183_PROFILING_INFO_
​ _PROFILING_INFO_start function extend from ../todomvc/examples/exoskeleton/node_modules/exoskeleton/exoskeleton.js in 130_PROFILING_INFO_
​ _PROFILING_INFO_start function null from ../todomvc/examples/exoskeleton/node_modules/exoskeleton/exoskeleton.js in 131_PROFILING_INFO_
​ _PROFILING_INFO_start function null from ../todomvc/examples/exoskeleton/node_modules/exoskeleton/exoskeleton.js in 83_PROFILING_INFO_
​ _PROFILING_INFO_start function null from ../todomvc/examples/exoskeleton/js/collections/todos.js in 4_PROFILING_INFO_
​ _PROFILING_INFO_start function null from ../todomvc/examples/exoskeleton/node_modules/backbone.localstorage/backbone.localStorage.js in 58_PROFILING_INFO_
​ _PROFILING_INFO_start function null from ../todomvc/examples/exoskeleton/node_modules/backbone.localstorage/backbone.localStorage.js in 136_PROFILING_INFO_
​ _PROFILING_INFO_start function null from ../todomvc/examples/exoskeleton/node_modules/exoskeleton/exoskeleton.js in 65_PROFILING_INFO_
​ _PROFILING_INFO_start function null from ../todomvc/examples/exoskeleton/node_modules/exoskeleton/exoskeleton.js in 183_PROFILING_INFO_
​ _PROFILING_INFO_start function extend from ../todomvc/examples/exoskeleton/node_modules/exoskeleton/exoskeleton.js in 130_PROFILING_INFO_
​ _PROFILING_INFO_start function null from ../todomvc/examples/exoskeleton/node_modules/exoskeleton/exoskeleton.js in 131_PROFILING_INFO_
​ _PROFILING_INFO_start function null from ../todomvc/examples/exoskeleton/node_modules/exoskeleton/exoskeleton.js in 83_PROFILING_INFO_
​ _PROFILING_INFO_start function null from ../todomvc/examples/exoskeleton/node_modules/exoskeleton/exoskeleton.js in 75_PROFILING_INFO_
​ _PROFILING_INFO_start function null from ../todomvc/examples/exoskeleton/node_modules/exoskeleton/exoskeleton.js in 821_PROFILING_INFO_
​ _PROFILING_INFO_start function null from ../todomvc/examples/exoskeleton/node_modules/exoskeleton/exoskeleton.js in 1125_PROFILING_INFO_
​ _PROFILING_INFO_start function null from ../todomvc/examples/exoskeleton/node_modules/exoskeleton/exoskeleton.js in 843_PROFILING_INFO_
​ _PROFILING_INFO_start function null from ../todomvc/examples/exoskeleton/js/views/todo-view.js in 4_PROFILING_INFO_
​ _PROFILING_INFO_start function null from ../todomvc/examples/exoskeleton/node_modules/microtemplates/index.js in 56_PROFILING_INFO_
​ _PROFILING_INFO_start function null from ../todomvc/examples/exoskeleton/node_modules/microtemplates/index.js in 69_PROFILING_INFO_
​ _PROFILING_INFO_start function null from ../todomvc/examples/exoskeleton/node_modules/microtemplates/index.js in 71_PROFILING_INFO_
​ _PROFILING_INFO_start function null from ../todomvc/examples/exoskeleton/node_modules/exoskeleton/exoskeleton.js in 65_PROFILING_INFO_
​ _PROFILING_INFO_start function null from ../todomvc/examples/exoskeleton/node_modules/exoskeleton/exoskeleton.js in 183_PROFILING_INFO_
​ _PROFILING_INFO_start function extend from ../todomvc/examples/exoskeleton/node_modules/exoskeleton/exoskeleton.js in 130_PROFILING_INFO_
​ _PROFILING_INFO_start function null from ../todomvc/examples/exoskeleton/node_modules/exoskeleton/exoskeleton.js in 131_PROFILING_INFO_
​ _PROFILING_INFO_start function null from ../todomvc/examples/exoskeleton/node_modules/exoskeleton/exoskeleton.js in 83_PROFILING_INFO_
​ _PROFILING_INFO_start function null from ../todomvc/examples/exoskeleton/js/views/app-view.js in 4_PROFILING_INFO_
​ _PROFILING_INFO_start function null from ../todomvc/examples/exoskeleton/node_modules/microtemplates/index.js in 56_PROFILING_INFO_
​ _PROFILING_INFO_start function null from ../todomvc/examples/exoskeleton/node_modules/microtemplates/index.js in 69_PROFILING_INFO_
​ _PROFILING_INFO_start function null from ../todomvc/examples/exoskeleton/node_modules/microtemplates/index.js in 71_PROFILING_INFO_
​ _PROFILING_INFO_start function null from ../todomvc/examples/exoskeleton/node_modules/exoskeleton/exoskeleton.js in 65_PROFILING_INFO_
​ _PROFILING_INFO_start function null from ../todomvc/examples/exoskeleton/node_modules/exoskeleton/exoskeleton.js in 183_PROFILING_INFO_
​ _PROFILING_INFO_start function extend from ../todomvc/examples/exoskeleton/node_modules/exoskeleton/exoskeleton.js in 130_PROFILING_INFO_
​ _PROFILING_INFO_start function null from ../todomvc/examples/exoskeleton/node_modules/exoskeleton/exoskeleton.js in 131_PROFILING_INFO_
​ _PROFILING_INFO_start function null from ../todomvc/examples/exoskeleton/node_modules/exoskeleton/exoskeleton.js in 83_PROFILING_INFO_
​ _PROFILING_INFO_start function null from ../todomvc/examples/exoskeleton/js/routers/router.js in 4_PROFILING_INFO_
​ _PROFILING_INFO_start function null from ../todomvc/examples/exoskeleton/node_modules/exoskeleton/exoskeleton.js in 65_PROFILING_INFO_
​ _PROFILING_INFO_start function null from ../todomvc/examples/exoskeleton/node_modules/exoskeleton/exoskeleton.js in 183_PROFILING_INFO_
​ _PROFILING_INFO_start function extend from ../todomvc/examples/exoskeleton/node_modules/exoskeleton/exoskeleton.js in 130_PROFILING_INFO_
​ _PROFILING_INFO_start function null from ../todomvc/examples/exoskeleton/node_modules/exoskeleton/exoskeleton.js in 131_PROFILING_INFO_
​ _PROFILING_INFO_start function null from ../todomvc/examples/exoskeleton/node_modules/exoskeleton/exoskeleton.js in 83_PROFILING_INFO_
exoskeleton-instrumented.js:69 _PROFILING_INFO_start function null from ../todomvc/examples/exoskeleton/node_modules/exoskeleton/exoskeleton.js in 75_PROFILING_INFO_
exoskeleton-instrumented.js:1656 _PROFILING_INFO_start function null from ../todomvc/examples/exoskeleton/node_modules/exoskeleton/exoskeleton.js in 1461_PROFILING_INFO_
exoskeleton-instrumented.js:1728 _PROFILING_INFO_start function null from ../todomvc/examples/exoskeleton/node_modules/exoskeleton/exoskeleton.js in 1525_PROFILING_INFO_
exoskeleton-instrumented.js:122 _PROFILING_INFO_start function result from ../todomvc/examples/exoskeleton/node_modules/exoskeleton/exoskeleton.js in 117_PROFILING_INFO_
exoskeleton-instrumented.js:1685 _PROFILING_INFO_start function null from ../todomvc/examples/exoskeleton/node_modules/exoskeleton/exoskeleton.js in 1492_PROFILING_INFO_
exoskeleton-instrumented.js:1671 _PROFILING_INFO_start function null from ../todomvc/examples/exoskeleton/node_modules/exoskeleton/exoskeleton.js in 1475_PROFILING_INFO_
exoskeleton-instrumented.js:1741 _PROFILING_INFO_start function null from ../todomvc/examples/exoskeleton/node_modules/exoskeleton/exoskeleton.js in 1536_PROFILING_INFO_
exoskeleton-instrumented.js:1861 _PROFILING_INFO_start function null from ../todomvc/examples/exoskeleton/node_modules/exoskeleton/exoskeleton.js in 1679_PROFILING_INFO_
exoskeleton-instrumented.js:1679 _PROFILING_INFO_start function null from ../todomvc/examples/exoskeleton/node_modules/exoskeleton/exoskeleton.js in 1484_PROFILING_INFO_
exoskeleton-instrumented.js:1822 _PROFILING_INFO_start function null from ../todomvc/examples/exoskeleton/node_modules/exoskeleton/exoskeleton.js in 1625_PROFILING_INFO_
exoskeleton-instrumented.js:1805 _PROFILING_INFO_start function null from ../todomvc/examples/exoskeleton/node_modules/exoskeleton/exoskeleton.js in 1610_PROFILING_INFO_
exoskeleton-instrumented.js:1797 _PROFILING_INFO_start function null from ../todomvc/examples/exoskeleton/node_modules/exoskeleton/exoskeleton.js in 1603_PROFILING_INFO_
exoskeleton-instrumented.js:1881 _PROFILING_INFO_start function null from ../todomvc/examples/exoskeleton/node_modules/exoskeleton/exoskeleton.js in 1694_PROFILING_INFO_
exoskeleton-instrumented.js:1887 _PROFILING_INFO_start function null from ../todomvc/examples/exoskeleton/node_modules/exoskeleton/exoskeleton.js in 1696_PROFILING_INFO_
exoskeleton-instrumented.js:1699 _PROFILING_INFO_start function null from ../todomvc/examples/exoskeleton/node_modules/exoskeleton/exoskeleton.js in 1500_PROFILING_INFO_
exoskeleton-instrumented.js:1755 _PROFILING_INFO_start function null from ../todomvc/examples/exoskeleton/node_modules/exoskeleton/exoskeleton.js in 1549_PROFILING_INFO_
exoskeleton-instrumented.js:1761 _PROFILING_INFO_start function null from ../todomvc/examples/exoskeleton/node_modules/exoskeleton/exoskeleton.js in 1551_PROFILING_INFO_
exoskeleton-instrumented.js:1712 _PROFILING_INFO_start function null from ../todomvc/examples/exoskeleton/node_modules/exoskeleton/exoskeleton.js in 1512_PROFILING_INFO_
router-instrumented.js:14 _PROFILING_INFO_start function null from ../todomvc/examples/exoskeleton/js/routers/router.js in 14_PROFILING_INFO_
exoskeleton-instrumented.js:394 _PROFILING_INFO_start function null from ../todomvc/examples/exoskeleton/node_modules/exoskeleton/exoskeleton.js in 359_PROFILING_INFO_
app-instrumented.js:8 _PROFILING_INFO_start function null from ../todomvc/examples/exoskeleton/js/app.js in 7_PROFILING_INFO_
exoskeleton-instrumented.js:69 _PROFILING_INFO_start function null from ../todomvc/examples/exoskeleton/node_modules/exoskeleton/exoskeleton.js in 75_PROFILING_INFO_
backbone.nativeview-instrumented.js:59 _PROFILING_INFO_start function null from ../todomvc/examples/exoskeleton/node_modules/backbone.nativeview/backbone.nativeview.js in 59_PROFILING_INFO_
exoskeleton-instrumented.js:1456 _PROFILING_INFO_start function null from ../todomvc/examples/exoskeleton/node_modules/exoskeleton/exoskeleton.js in 1249_PROFILING_INFO_
exoskeleton-instrumented.js:226 _PROFILING_INFO_start function uniqueId from ../todomvc/examples/exoskeleton/node_modules/exoskeleton/exoskeleton.js in 178_PROFILING_INFO_
exoskeleton-instrumented.js:1590 _PROFILING_INFO_start function null from ../todomvc/examples/exoskeleton/node_modules/exoskeleton/exoskeleton.js in 1381_PROFILING_INFO_
exoskeleton-instrumented.js:122 _PROFILING_INFO_start function result from ../todomvc/examples/exoskeleton/node_modules/exoskeleton/exoskeleton.js in 117_PROFILING_INFO_
exoskeleton-instrumented.js:1523 _PROFILING_INFO_start function null from ../todomvc/examples/exoskeleton/node_modules/exoskeleton/exoskeleton.js in 1306_PROFILING_INFO_
backbone.nativeview-instrumented.js:163 _PROFILING_INFO_start function null from ../todomvc/examples/exoskeleton/node_modules/backbone.nativeview/backbone.nativeview.js in 154_PROFILING_INFO_
backbone.nativeview-instrumented.js:83 _PROFILING_INFO_start function null from ../todomvc/examples/exoskeleton/node_modules/backbone.nativeview/backbone.nativeview.js in 75_PROFILING_INFO_
exoskeleton-instrumented.js:1543 _PROFILING_INFO_start function null from ../todomvc/examples/exoskeleton/node_modules/exoskeleton/exoskeleton.js in 1337_PROFILING_INFO_
backbone.nativeview-instrumented.js:109 _PROFILING_INFO_start function null from ../todomvc/examples/exoskeleton/node_modules/backbone.nativeview/backbone.nativeview.js in 105_PROFILING_INFO_
app-view-instrumented.js:40 _PROFILING_INFO_start function null from ../todomvc/examples/exoskeleton/js/views/app-view.js in 40_PROFILING_INFO_
backbone.nativeview-instrumented.js:67 _PROFILING_INFO_start function null from ../todomvc/examples/exoskeleton/node_modules/backbone.nativeview/backbone.nativeview.js in 64_PROFILING_INFO_
exoskeleton-instrumented.js:499 _PROFILING_INFO_start function null from ../todomvc/examples/exoskeleton/node_modules/exoskeleton/exoskeleton.js in 438_PROFILING_INFO_
exoskeleton-instrumented.js:315 _PROFILING_INFO_start function null from ../todomvc/examples/exoskeleton/node_modules/exoskeleton/exoskeleton.js in 299_PROFILING_INFO_
exoskeleton-instrumented.js:435 _PROFILING_INFO_start function null from ../todomvc/examples/exoskeleton/node_modules/exoskeleton/exoskeleton.js in 394_PROFILING_INFO_
exoskeleton-instrumented.js:1185 _PROFILING_INFO_start function null from ../todomvc/examples/exoskeleton/node_modules/exoskeleton/exoskeleton.js in 1080_PROFILING_INFO_
exoskeleton-instrumented.js:146 _PROFILING_INFO_start function extend from ../todomvc/examples/exoskeleton/node_modules/exoskeleton/exoskeleton.js in 130_PROFILING_INFO_
exoskeleton-instrumented.js:151 _PROFILING_INFO_start function null from ../todomvc/examples/exoskeleton/node_modules/exoskeleton/exoskeleton.js in 131_PROFILING_INFO_
exoskeleton-instrumented.js:99 _PROFILING_INFO_start function null from ../todomvc/examples/exoskeleton/node_modules/exoskeleton/exoskeleton.js in 104_PROFILING_INFO_
exoskeleton-instrumented.js:933 _PROFILING_INFO_start function null from ../todomvc/examples/exoskeleton/node_modules/exoskeleton/exoskeleton.js in 852_PROFILING_INFO_
backbone.localStorage-instrumented.js:283 _PROFILING_INFO_start function null from ../todomvc/examples/exoskeleton/node_modules/backbone.localstorage/backbone.localStorage.js in 253_PROFILING_INFO_
backbone.localStorage-instrumented.js:272 _PROFILING_INFO_start function null from ../todomvc/examples/exoskeleton/node_modules/backbone.localstorage/backbone.localStorage.js in 241_PROFILING_INFO_
backbone.localStorage-instrumented.js:71 _PROFILING_INFO_start function result from ../todomvc/examples/exoskeleton/node_modules/backbone.localstorage/backbone.localStorage.js in 49_PROFILING_INFO_
backbone.localStorage-instrumented.js:216 _PROFILING_INFO_start function null from ../todomvc/examples/exoskeleton/node_modules/backbone.localstorage/backbone.localStorage.js in 172_PROFILING_INFO_
backbone.localStorage-instrumented.js:151 _PROFILING_INFO_start function null from ../todomvc/examples/exoskeleton/node_modules/backbone.localstorage/backbone.localStorage.js in 113_PROFILING_INFO_
exoskeleton-instrumented.js:1195 _PROFILING_INFO_start function null from ../todomvc/examples/exoskeleton/node_modules/exoskeleton/exoskeleton.js in 1085_PROFILING_INFO_
exoskeleton-instrumented.js:1058 _PROFILING_INFO_start function null from ../todomvc/examples/exoskeleton/node_modules/exoskeleton/exoskeleton.js in 982_PROFILING_INFO_
exoskeleton-instrumented.js:1248 _PROFILING_INFO_start function null from ../todomvc/examples/exoskeleton/node_modules/exoskeleton/exoskeleton.js in 1125_PROFILING_INFO_
exoskeleton-instrumented.js:940 _PROFILING_INFO_start function null from ../todomvc/examples/exoskeleton/node_modules/exoskeleton/exoskeleton.js in 857_PROFILING_INFO_
exoskeleton-instrumented.js:973 _PROFILING_INFO_start function null from ../todomvc/examples/exoskeleton/node_modules/exoskeleton/exoskeleton.js in 888_PROFILING_INFO_
exoskeleton-instrumented.js:130 _PROFILING_INFO_start function defaults from ../todomvc/examples/exoskeleton/node_modules/exoskeleton/exoskeleton.js in 122_PROFILING_INFO_
exoskeleton-instrumented.js:135 _PROFILING_INFO_start function null from ../todomvc/examples/exoskeleton/node_modules/exoskeleton/exoskeleton.js in 123_PROFILING_INFO_
exoskeleton-instrumented.js:1234 _PROFILING_INFO_start function null from ../todomvc/examples/exoskeleton/node_modules/exoskeleton/exoskeleton.js in 1114_PROFILING_INFO_
exoskeleton-instrumented.js:394 _PROFILING_INFO_start function null from ../todomvc/examples/exoskeleton/node_modules/exoskeleton/exoskeleton.js in 359_PROFILING_INFO_
exoskeleton-instrumented.js:460 _PROFILING_INFO_start function null from ../todomvc/examples/exoskeleton/node_modules/exoskeleton/exoskeleton.js in 420_PROFILING_INFO_
app-view-instrumented.js:95 _PROFILING_INFO_start function null from ../todomvc/examples/exoskeleton/js/views/app-view.js in 98_PROFILING_INFO_
exoskeleton-instrumented.js:1409 _PROFILING_INFO_start function null from ../todomvc/examples/exoskeleton/node_modules/exoskeleton/exoskeleton.js in 1208_PROFILING_INFO_
app-view-instrumented.js:56 _PROFILING_INFO_start function null from ../todomvc/examples/exoskeleton/js/views/app-view.js in 60_PROFILING_INFO_
todos-instrumented.js:15 _PROFILING_INFO_start function null from ../todomvc/examples/exoskeleton/js/collections/todos.js in 20_PROFILING_INFO_
exoskeleton-instrumented.js:1129 _PROFILING_INFO_start function null from ../todomvc/examples/exoskeleton/node_modules/exoskeleton/exoskeleton.js in 1036_PROFILING_INFO_
todos-instrumented.js:22 _PROFILING_INFO_start function null from ../todomvc/examples/exoskeleton/js/collections/todos.js in 25_PROFILING_INFO_
app-view-instrumented.js:12 _PROFILING_INFO_start function null from ../todomvc/examples/exoskeleton/js/views/app-view.js in 7_PROFILING_INFO_
