base-instrumented.js:5 _PROFILING_INFO_start function null from ../todomvc/examples/knockoutjs/node_modules/todomvc-common/base.js in 2_PROFILING_INFO_
base-instrumented.js:11 _PROFILING_INFO_start function null from ../todomvc/examples/knockoutjs/node_modules/todomvc-common/base.js in 8_PROFILING_INFO_
base-instrumented.js:132 _PROFILING_INFO_start function redirect from ../todomvc/examples/knockoutjs/node_modules/todomvc-common/base.js in 121_PROFILING_INFO_
base-instrumented.js:149 _PROFILING_INFO_start function getFile from ../todomvc/examples/knockoutjs/node_modules/todomvc-common/base.js in 132_PROFILING_INFO_
base-instrumented.js:141 _PROFILING_INFO_start function findRoot from ../todomvc/examples/knockoutjs/node_modules/todomvc-common/base.js in 127_PROFILING_INFO_
​ _PROFILING_INFO_start function null from ../todomvc/examples/knockoutjs/node_modules/todomvc-common/base.js in 142_PROFILING_INFO_
​ _PROFILING_INFO_start function Learn from ../todomvc/examples/knockoutjs/node_modules/todomvc-common/base.js in 149_PROFILING_INFO_
​ _PROFILING_INFO_start function null from ../todomvc/examples/knockoutjs/node_modules/todomvc-common/base.js in 194_PROFILING_INFO_
​ _PROFILING_INFO_start function null from ../todomvc/examples/knockoutjs/node_modules/todomvc-common/base.js in 56_PROFILING_INFO_
​ _PROFILING_INFO_start function null from ../todomvc/examples/knockoutjs/node_modules/todomvc-common/base.js in 9_PROFILING_INFO_
​ _PROFILING_INFO_start function null from ../todomvc/examples/knockoutjs/node_modules/todomvc-common/base.js in 70_PROFILING_INFO_
​ _PROFILING_INFO_start function null from ../todomvc/examples/knockoutjs/node_modules/todomvc-common/base.js in 211_PROFILING_INFO_
​ _PROFILING_INFO_start function null from ../todomvc/examples/knockoutjs/node_modules/todomvc-common/base.js in 222_PROFILING_INFO_
​ _PROFILING_INFO_start function null from ../todomvc/examples/knockoutjs/node_modules/knockout/build/output/knockout-latest.js in 7_PROFILING_INFO_
​ _PROFILING_INFO_start function null from ../todomvc/examples/knockoutjs/node_modules/knockout/build/output/knockout-latest.js in 8_PROFILING_INFO_
​ _PROFILING_INFO_start function null from ../todomvc/examples/knockoutjs/node_modules/knockout/build/output/knockout-latest.js in 9_PROFILING_INFO_
​ _PROFILING_INFO_start function b from ../todomvc/examples/knockoutjs/node_modules/knockout/build/output/knockout-latest.js in 9_PROFILING_INFO_
​ _PROFILING_INFO_start function null from ../todomvc/examples/knockoutjs/node_modules/knockout/build/output/knockout-latest.js in 10_PROFILING_INFO_
​ _PROFILING_INFO_start function null from ../todomvc/examples/knockoutjs/node_modules/knockout/build/output/knockout-latest.js in 23_PROFILING_INFO_
​ _PROFILING_INFO_start function null from ../todomvc/examples/knockoutjs/node_modules/knockout/build/output/knockout-latest.js in 24_PROFILING_INFO_
​ _PROFILING_INFO_start function null from ../todomvc/examples/knockoutjs/node_modules/knockout/build/output/knockout-latest.js in 26_PROFILING_INFO_
​ _PROFILING_INFO_start function null from ../todomvc/examples/knockoutjs/node_modules/knockout/build/output/knockout-latest.js in 28_PROFILING_INFO_
​ _PROFILING_INFO_start function c from ../todomvc/examples/knockoutjs/node_modules/knockout/build/output/knockout-latest.js in 9_PROFILING_INFO_
​ _PROFILING_INFO_start function null from ../todomvc/examples/knockoutjs/node_modules/knockout/build/output/knockout-latest.js in 33_PROFILING_INFO_
​ _PROFILING_INFO_start function null from ../todomvc/examples/knockoutjs/node_modules/knockout/build/output/knockout-latest.js in 38_PROFILING_INFO_
​ _PROFILING_INFO_start function null from ../todomvc/examples/knockoutjs/node_modules/knockout/build/output/knockout-latest.js in 39_PROFILING_INFO_
​ _PROFILING_INFO_start function null from ../todomvc/examples/knockoutjs/node_modules/knockout/build/output/knockout-latest.js in 46_PROFILING_INFO_
​ _PROFILING_INFO_start function null from ../todomvc/examples/knockoutjs/node_modules/knockout/build/output/knockout-latest.js in 48_PROFILING_INFO_
​ _PROFILING_INFO_start function null from ../todomvc/examples/knockoutjs/node_modules/knockout/build/output/knockout-latest.js in 50_PROFILING_INFO_
​ _PROFILING_INFO_start function null from ../todomvc/examples/knockoutjs/node_modules/knockout/build/output/knockout-latest.js in 54_PROFILING_INFO_
​ _PROFILING_INFO_start function null from ../todomvc/examples/knockoutjs/node_modules/knockout/build/output/knockout-latest.js in 58_PROFILING_INFO_
​ _PROFILING_INFO_start function d from ../todomvc/examples/knockoutjs/node_modules/knockout/build/output/knockout-latest.js in 9_PROFILING_INFO_
​ _PROFILING_INFO_start function null from ../todomvc/examples/knockoutjs/node_modules/knockout/build/output/knockout-latest.js in 60_PROFILING_INFO_
​ _PROFILING_INFO_start function null from ../todomvc/examples/knockoutjs/node_modules/knockout/build/output/knockout-latest.js in 67_PROFILING_INFO_
​ _PROFILING_INFO_start function null from ../todomvc/examples/knockoutjs/node_modules/knockout/build/output/knockout-latest.js in 69_PROFILING_INFO_
​ _PROFILING_INFO_start function null from ../todomvc/examples/knockoutjs/node_modules/knockout/build/output/knockout-latest.js in 73_PROFILING_INFO_
​ _PROFILING_INFO_start function null from ../todomvc/examples/knockoutjs/node_modules/knockout/build/output/knockout-latest.js in 75_PROFILING_INFO_
​ _PROFILING_INFO_start function null from ../todomvc/examples/knockoutjs/node_modules/knockout/build/output/knockout-latest.js in 77_PROFILING_INFO_
​ _PROFILING_INFO_start function I from ../todomvc/examples/knockoutjs/node_modules/knockout/build/output/knockout-latest.js in 8_PROFILING_INFO_
​ _PROFILING_INFO_start function null from ../todomvc/examples/knockoutjs/node_modules/knockout/build/output/knockout-latest.js in 88_PROFILING_INFO_
​ _PROFILING_INFO_start function null from ../todomvc/examples/knockoutjs/node_modules/knockout/build/output/knockout-latest.js in 93_PROFILING_INFO_
​ _PROFILING_INFO_start function null from ../todomvc/examples/knockoutjs/node_modules/knockout/build/output/knockout-latest.js in 95_PROFILING_INFO_
​ _PROFILING_INFO_start function null from ../todomvc/examples/knockoutjs/node_modules/knockout/build/output/knockout-latest.js in 97_PROFILING_INFO_
​ _PROFILING_INFO_start function null from ../todomvc/examples/knockoutjs/node_modules/knockout/build/output/knockout-latest.js in 99_PROFILING_INFO_
​ _PROFILING_INFO_start function null from ../todomvc/examples/knockoutjs/node_modules/knockout/build/output/knockout-latest.js in 105_PROFILING_INFO_
​ _PROFILING_INFO_start function null from ../todomvc/examples/knockoutjs/node_modules/knockout/build/output/knockout-latest.js in 106_PROFILING_INFO_
​ _PROFILING_INFO_start function null from ../todomvc/examples/knockoutjs/node_modules/knockout/build/output/knockout-latest.js in 109_PROFILING_INFO_
​ _PROFILING_INFO_start function null from ../todomvc/examples/knockoutjs/node_modules/knockout/build/output/knockout-latest.js in 101_PROFILING_INFO_
​ _PROFILING_INFO_start function null from ../todomvc/examples/knockoutjs/node_modules/knockout/build/output/knockout-latest.js in 110_PROFILING_INFO_
​ _PROFILING_INFO_start function null from ../todomvc/examples/knockoutjs/node_modules/director/build/director.js in 8_PROFILING_INFO_
​ _PROFILING_INFO_start function null from ../todomvc/examples/knockoutjs/js/app.js in 2_PROFILING_INFO_
​ _PROFILING_INFO_start function keyhandlerBindingFactory from ../todomvc/examples/knockoutjs/js/app.js in 10_PROFILING_INFO_
​ _PROFILING_INFO_start function null from ../todomvc/examples/knockoutjs/node_modules/knockout/build/output/knockout-latest.js in 19_PROFILING_INFO_
​ _PROFILING_INFO_start function null from ../todomvc/examples/knockoutjs/js/app.js in 66_PROFILING_INFO_
​ _PROFILING_INFO_start function null from ../todomvc/examples/knockoutjs/node_modules/knockout/build/output/knockout-latest.js in 36_PROFILING_INFO_
​ _PROFILING_INFO_start function null from ../todomvc/examples/knockoutjs/node_modules/knockout/build/output/knockout-latest.js in 34_PROFILING_INFO_
​ _PROFILING_INFO_start function null from ../todomvc/examples/knockoutjs/node_modules/knockout/build/output/knockout-latest.js in 31_PROFILING_INFO_
​ _PROFILING_INFO_start function c from ../todomvc/examples/knockoutjs/node_modules/knockout/build/output/knockout-latest.js in 9_PROFILING_INFO_
​ _PROFILING_INFO_start function null from ../todomvc/examples/knockoutjs/node_modules/knockout/build/output/knockout-latest.js in 8_PROFILING_INFO_
​ _PROFILING_INFO_start function null from ../todomvc/examples/knockoutjs/node_modules/knockout/build/output/knockout-latest.js in 33_PROFILING_INFO_
​ _PROFILING_INFO_start function b from ../todomvc/examples/knockoutjs/node_modules/knockout/build/output/knockout-latest.js in 9_PROFILING_INFO_
​ _PROFILING_INFO_start function null from ../todomvc/examples/knockoutjs/node_modules/knockout/build/output/knockout-latest.js in 39_PROFILING_INFO_
​ _PROFILING_INFO_start function null from ../todomvc/examples/knockoutjs/node_modules/knockout/build/output/knockout-latest.js in 41_PROFILING_INFO_
​ _PROFILING_INFO_start function k from ../todomvc/examples/knockoutjs/node_modules/knockout/build/output/knockout-latest.js in 41_PROFILING_INFO_
​ _PROFILING_INFO_start function b from ../todomvc/examples/knockoutjs/node_modules/knockout/build/output/knockout-latest.js in 33_PROFILING_INFO_
​ _PROFILING_INFO_start function null from ../todomvc/examples/knockoutjs/js/app.js in 77_PROFILING_INFO_
​ _PROFILING_INFO_start function d from ../todomvc/examples/knockoutjs/node_modules/knockout/build/output/knockout-latest.js in 34_PROFILING_INFO_
​ _PROFILING_INFO_start function null from ../todomvc/examples/knockoutjs/node_modules/knockout/build/output/knockout-latest.js in 42_PROFILING_INFO_
​ _PROFILING_INFO_start function null from ../todomvc/examples/knockoutjs/node_modules/knockout/build/output/knockout-latest.js in 40_PROFILING_INFO_
​ _PROFILING_INFO_start function H from ../todomvc/examples/knockoutjs/node_modules/knockout/build/output/knockout-latest.js in 7_PROFILING_INFO_
​ _PROFILING_INFO_start function null from ../todomvc/examples/knockoutjs/node_modules/knockout/build/output/knockout-latest.js in 32_PROFILING_INFO_
​ _PROFILING_INFO_start function null from ../todomvc/examples/knockoutjs/js/app.js in 145_PROFILING_INFO_
​ _PROFILING_INFO_start function null from ../todomvc/examples/knockoutjs/js/app.js in 152_PROFILING_INFO_
​ _PROFILING_INFO_start function g from ../todomvc/examples/knockoutjs/node_modules/knockout/build/output/knockout-latest.js in 42_PROFILING_INFO_
​ _PROFILING_INFO_start function null from ../todomvc/examples/knockoutjs/js/app.js in 159_PROFILING_INFO_
​ _PROFILING_INFO_start function null from ../todomvc/examples/knockoutjs/js/app.js in 177_PROFILING_INFO_
​ _PROFILING_INFO_start function null from ../todomvc/examples/knockoutjs/node_modules/knockout/build/output/knockout-latest.js in 47_PROFILING_INFO_
​ _PROFILING_INFO_start function b from ../todomvc/examples/knockoutjs/node_modules/knockout/build/output/knockout-latest.js in 46_PROFILING_INFO_
​ _PROFILING_INFO_start function c from ../todomvc/examples/knockoutjs/node_modules/knockout/build/output/knockout-latest.js in 47_PROFILING_INFO_
​ _PROFILING_INFO_start function null from ../todomvc/examples/knockoutjs/node_modules/knockout/build/output/knockout-latest.js in 35_PROFILING_INFO_
​ _PROFILING_INFO_start function null from ../todomvc/examples/knockoutjs/node_modules/knockout/build/output/knockout-latest.js in 10_PROFILING_INFO_
​ _PROFILING_INFO_start function d from ../todomvc/examples/knockoutjs/node_modules/knockout/build/output/knockout-latest.js in 46_PROFILING_INFO_
​ _PROFILING_INFO_start function null from ../todomvc/examples/knockoutjs/node_modules/knockout/build/output/knockout-latest.js in 17_PROFILING_INFO_
​ _PROFILING_INFO_start function null from ../todomvc/examples/knockoutjs/node_modules/knockout/build/output/knockout-latest.js in 30_PROFILING_INFO_
​ _PROFILING_INFO_start function null from ../todomvc/examples/knockoutjs/node_modules/knockout/build/output/knockout-latest.js in 44_PROFILING_INFO_
​ _PROFILING_INFO_start function S from ../todomvc/examples/knockoutjs/node_modules/knockout/build/output/knockout-latest.js in 7_PROFILING_INFO_
​ _PROFILING_INFO_start function null from ../todomvc/examples/knockoutjs/node_modules/knockout/build/output/knockout-latest.js in 66_PROFILING_INFO_
​ _PROFILING_INFO_start function l from ../todomvc/examples/knockoutjs/node_modules/knockout/build/output/knockout-latest.js in 64_PROFILING_INFO_
​ _PROFILING_INFO_start function null from ../todomvc/examples/knockoutjs/node_modules/knockout/build/output/knockout-latest.js in 64_PROFILING_INFO_
​ _PROFILING_INFO_start function null from ../todomvc/examples/knockoutjs/node_modules/knockout/build/output/knockout-latest.js in 65_PROFILING_INFO_
​ _PROFILING_INFO_start function f from ../todomvc/examples/knockoutjs/node_modules/knockout/build/output/knockout-latest.js in 41_PROFILING_INFO_
​ _PROFILING_INFO_start function e from ../todomvc/examples/knockoutjs/node_modules/knockout/build/output/knockout-latest.js in 41_PROFILING_INFO_
​ _PROFILING_INFO_start function l from ../todomvc/examples/knockoutjs/node_modules/knockout/build/output/knockout-latest.js in 43_PROFILING_INFO_
​ _PROFILING_INFO_start function k from ../todomvc/examples/knockoutjs/node_modules/knockout/build/output/knockout-latest.js in 61_PROFILING_INFO_
​ _PROFILING_INFO_start function null from ../todomvc/examples/knockoutjs/node_modules/knockout/build/output/knockout-latest.js in 56_PROFILING_INFO_
​ _PROFILING_INFO_start function null from ../todomvc/examples/knockoutjs/node_modules/knockout/build/output/knockout-latest.js in 15_PROFILING_INFO_
​ _PROFILING_INFO_start function m from ../todomvc/examples/knockoutjs/node_modules/knockout/build/output/knockout-latest.js in 62_PROFILING_INFO_
​ _PROFILING_INFO_start function null from ../todomvc/examples/knockoutjs/node_modules/knockout/build/output/knockout-latest.js in 23_PROFILING_INFO_
​ _PROFILING_INFO_start function a from ../todomvc/examples/knockoutjs/node_modules/knockout/build/output/knockout-latest.js in 23_PROFILING_INFO_
​ _PROFILING_INFO_start function null from ../todomvc/examples/knockoutjs/node_modules/knockout/build/output/knockout-latest.js in 45_PROFILING_INFO_
knockout-latest-instrumented.js:377 _PROFILING_INFO_start function null from ../todomvc/examples/knockoutjs/node_modules/knockout/build/output/knockout-latest.js in 14_PROFILING_INFO_
knockout-latest-instrumented.js:2463 _PROFILING_INFO_start function null from ../todomvc/examples/knockoutjs/node_modules/knockout/build/output/knockout-latest.js in 62_PROFILING_INFO_
knockout-latest-instrumented.js:2289 _PROFILING_INFO_start function null from ../todomvc/examples/knockoutjs/node_modules/knockout/build/output/knockout-latest.js in 58_PROFILING_INFO_
knockout-latest-instrumented.js:2297 _PROFILING_INFO_start function null from ../todomvc/examples/knockoutjs/node_modules/knockout/build/output/knockout-latest.js in 59_PROFILING_INFO_
knockout-latest-instrumented.js:3078 _PROFILING_INFO_start function null from ../todomvc/examples/knockoutjs/node_modules/knockout/build/output/knockout-latest.js in 74_PROFILING_INFO_
knockout-latest-instrumented.js:2955 _PROFILING_INFO_start function null from ../todomvc/examples/knockoutjs/node_modules/knockout/build/output/knockout-latest.js in 71_PROFILING_INFO_
knockout-latest-instrumented.js:2390 _PROFILING_INFO_start function h from ../todomvc/examples/knockoutjs/node_modules/knockout/build/output/knockout-latest.js in 60_PROFILING_INFO_
knockout-latest-instrumented.js:2103 _PROFILING_INFO_start function b from ../todomvc/examples/knockoutjs/node_modules/knockout/build/output/knockout-latest.js in 54_PROFILING_INFO_
knockout-latest-instrumented.js:2110 _PROFILING_INFO_start function d from ../todomvc/examples/knockoutjs/node_modules/knockout/build/output/knockout-latest.js in 54_PROFILING_INFO_
knockout-latest-instrumented.js:2035 _PROFILING_INFO_start function null from ../todomvc/examples/knockoutjs/node_modules/knockout/build/output/knockout-latest.js in 51_PROFILING_INFO_
knockout-latest-instrumented.js:1982 _PROFILING_INFO_start function b from ../todomvc/examples/knockoutjs/node_modules/knockout/build/output/knockout-latest.js in 50_PROFILING_INFO_
knockout-latest-instrumented.js:2059 _PROFILING_INFO_start function null from ../todomvc/examples/knockoutjs/node_modules/knockout/build/output/knockout-latest.js in 52_PROFILING_INFO_
knockout-latest-instrumented.js:2040 _PROFILING_INFO_start function l from ../todomvc/examples/knockoutjs/node_modules/knockout/build/output/knockout-latest.js in 51_PROFILING_INFO_
knockout-latest-instrumented.js:2415 _PROFILING_INFO_start function g from ../todomvc/examples/knockoutjs/node_modules/knockout/build/output/knockout-latest.js in 61_PROFILING_INFO_
knockout-latest-instrumented.js:2421 _PROFILING_INFO_start function G from ../todomvc/examples/knockoutjs/node_modules/knockout/build/output/knockout-latest.js in 61_PROFILING_INFO_
knockout-latest-instrumented.js:2428 _PROFILING_INFO_start function null from ../todomvc/examples/knockoutjs/node_modules/knockout/build/output/knockout-latest.js in 61_PROFILING_INFO_
knockout-latest-instrumented.js:2515 _PROFILING_INFO_start function null from ../todomvc/examples/knockoutjs/node_modules/knockout/build/output/knockout-latest.js in 63_PROFILING_INFO_
knockout-latest-instrumented.js:3803 _PROFILING_INFO_start function null from ../todomvc/examples/knockoutjs/node_modules/knockout/build/output/knockout-latest.js in 91_PROFILING_INFO_
knockout-latest-instrumented.js:2350 _PROFILING_INFO_start function d from ../todomvc/examples/knockoutjs/node_modules/knockout/build/output/knockout-latest.js in 60_PROFILING_INFO_
knockout-latest-instrumented.js:247 _PROFILING_INFO_start function null from ../todomvc/examples/knockoutjs/node_modules/knockout/build/output/knockout-latest.js in 11_PROFILING_INFO_
knockout-latest-instrumented.js:3840 _PROFILING_INFO_start function null from ../todomvc/examples/knockoutjs/node_modules/knockout/build/output/knockout-latest.js in 92_PROFILING_INFO_
knockout-latest-instrumented.js:1924 _PROFILING_INFO_start function null from ../todomvc/examples/knockoutjs/node_modules/knockout/build/output/knockout-latest.js in 48_PROFILING_INFO_
knockout-latest-instrumented.js:775 _PROFILING_INFO_start function null from ../todomvc/examples/knockoutjs/node_modules/knockout/build/output/knockout-latest.js in 24_PROFILING_INFO_
knockout-latest-instrumented.js:742 _PROFILING_INFO_start function b from ../todomvc/examples/knockoutjs/node_modules/knockout/build/output/knockout-latest.js in 24_PROFILING_INFO_
app-instrumented.js:19 _PROFILING_INFO_start function null from ../todomvc/examples/knockoutjs/js/app.js in 12_PROFILING_INFO_
knockout-latest-instrumented.js:3329 _PROFILING_INFO_start function null from ../todomvc/examples/knockoutjs/node_modules/knockout/build/output/knockout-latest.js in 79_PROFILING_INFO_
app-instrumented.js:34 _PROFILING_INFO_start function null from ../todomvc/examples/knockoutjs/js/app.js in 23_PROFILING_INFO_
knockout-latest-instrumented.js:3894 _PROFILING_INFO_start function null from ../todomvc/examples/knockoutjs/node_modules/knockout/build/output/knockout-latest.js in 93_PROFILING_INFO_
knockout-latest-instrumented.js:3229 _PROFILING_INFO_start function null from ../todomvc/examples/knockoutjs/node_modules/knockout/build/output/knockout-latest.js in 77_PROFILING_INFO_
knockout-latest-instrumented.js:3234 _PROFILING_INFO_start function e from ../todomvc/examples/knockoutjs/node_modules/knockout/build/output/knockout-latest.js in 77_PROFILING_INFO_
knockout-latest-instrumented.js:3245 _PROFILING_INFO_start function f from ../todomvc/examples/knockoutjs/node_modules/knockout/build/output/knockout-latest.js in 77_PROFILING_INFO_
knockout-latest-instrumented.js:3392 _PROFILING_INFO_start function null from ../todomvc/examples/knockoutjs/node_modules/knockout/build/output/knockout-latest.js in 81_PROFILING_INFO_
knockout-latest-instrumented.js:3362 _PROFILING_INFO_start function null from ../todomvc/examples/knockoutjs/node_modules/knockout/build/output/knockout-latest.js in 80_PROFILING_INFO_
knockout-latest-instrumented.js:4331 _PROFILING_INFO_start function null from ../todomvc/examples/knockoutjs/node_modules/knockout/build/output/knockout-latest.js in 103_PROFILING_INFO_
knockout-latest-instrumented.js:1688 _PROFILING_INFO_start function m from ../todomvc/examples/knockoutjs/node_modules/knockout/build/output/knockout-latest.js in 43_PROFILING_INFO_
knockout-latest-instrumented.js:2146 _PROFILING_INFO_start function null from ../todomvc/examples/knockoutjs/node_modules/knockout/build/output/knockout-latest.js in 55_PROFILING_INFO_
knockout-latest-instrumented.js:292 _PROFILING_INFO_start function null from ../todomvc/examples/knockoutjs/node_modules/knockout/build/output/knockout-latest.js in 12_PROFILING_INFO_
knockout-latest-instrumented.js:552 _PROFILING_INFO_start function null from ../todomvc/examples/knockoutjs/node_modules/knockout/build/output/knockout-latest.js in 18_PROFILING_INFO_
knockout-latest-instrumented.js:792 _PROFILING_INFO_start function null from ../todomvc/examples/knockoutjs/node_modules/knockout/build/output/knockout-latest.js in 25_PROFILING_INFO_
knockout-latest-instrumented.js:751 _PROFILING_INFO_start function d from ../todomvc/examples/knockoutjs/node_modules/knockout/build/output/knockout-latest.js in 24_PROFILING_INFO_
knockout-latest-instrumented.js:4099 _PROFILING_INFO_start function null from ../todomvc/examples/knockoutjs/node_modules/knockout/build/output/knockout-latest.js in 98_PROFILING_INFO_
knockout-latest-instrumented.js:4277 _PROFILING_INFO_start function null from ../todomvc/examples/knockoutjs/node_modules/knockout/build/output/knockout-latest.js in 102_PROFILING_INFO_
knockout-latest-instrumented.js:4473 _PROFILING_INFO_start function null from ../todomvc/examples/knockoutjs/node_modules/knockout/build/output/knockout-latest.js in 107_PROFILING_INFO_
knockout-latest-instrumented.js:4422 _PROFILING_INFO_start function null from ../todomvc/examples/knockoutjs/node_modules/knockout/build/output/knockout-latest.js in 106_PROFILING_INFO_
knockout-latest-instrumented.js:4393 _PROFILING_INFO_start function b from ../todomvc/examples/knockoutjs/node_modules/knockout/build/output/knockout-latest.js in 105_PROFILING_INFO_
knockout-latest-instrumented.js:4368 _PROFILING_INFO_start function null from ../todomvc/examples/knockoutjs/node_modules/knockout/build/output/knockout-latest.js in 105_PROFILING_INFO_
knockout-latest-instrumented.js:4490 _PROFILING_INFO_start function m from ../todomvc/examples/knockoutjs/node_modules/knockout/build/output/knockout-latest.js in 107_PROFILING_INFO_
knockout-latest-instrumented.js:3675 _PROFILING_INFO_start function null from ../todomvc/examples/knockoutjs/node_modules/knockout/build/output/knockout-latest.js in 88_PROFILING_INFO_
app-instrumented.js:230 _PROFILING_INFO_start function null from ../todomvc/examples/knockoutjs/js/app.js in 172_PROFILING_INFO_
knockout-latest-instrumented.js:313 _PROFILING_INFO_start function null from ../todomvc/examples/knockoutjs/node_modules/knockout/build/output/knockout-latest.js in 13_PROFILING_INFO_
knockout-latest-instrumented.js:3287 _PROFILING_INFO_start function null from ../todomvc/examples/knockoutjs/node_modules/knockout/build/output/knockout-latest.js in 78_PROFILING_INFO_
director-instrumented.js:166 _PROFILING_INFO_start function null from ../todomvc/examples/knockoutjs/node_modules/director/build/director.js in 162_PROFILING_INFO_
director-instrumented.js:441 _PROFILING_INFO_start function null from ../todomvc/examples/knockoutjs/node_modules/director/build/director.js in 392_PROFILING_INFO_
director-instrumented.js:843 _PROFILING_INFO_start function null from ../todomvc/examples/knockoutjs/node_modules/director/build/director.js in 690_PROFILING_INFO_
director-instrumented.js:856 _PROFILING_INFO_start function insertOrMount from ../todomvc/examples/knockoutjs/node_modules/director/build/director.js in 699_PROFILING_INFO_
director-instrumented.js:417 _PROFILING_INFO_start function terminator from ../todomvc/examples/knockoutjs/node_modules/director/build/director.js in 370_PROFILING_INFO_
director-instrumented.js:253 _PROFILING_INFO_start function null from ../todomvc/examples/knockoutjs/node_modules/director/build/director.js in 252_PROFILING_INFO_
director-instrumented.js:736 _PROFILING_INFO_start function null from ../todomvc/examples/knockoutjs/node_modules/director/build/director.js in 611_PROFILING_INFO_
director-instrumented.js:742 _PROFILING_INFO_start function null from ../todomvc/examples/knockoutjs/node_modules/director/build/director.js in 613_PROFILING_INFO_
director-instrumented.js:391 _PROFILING_INFO_start function regifyString from ../todomvc/examples/knockoutjs/node_modules/director/build/director.js in 347_PROFILING_INFO_
director-instrumented.js:375 _PROFILING_INFO_start function paramifyString from ../todomvc/examples/knockoutjs/node_modules/director/build/director.js in 334_PROFILING_INFO_
director-instrumented.js:189 _PROFILING_INFO_start function null from ../todomvc/examples/knockoutjs/node_modules/director/build/director.js in 180_PROFILING_INFO_
director-instrumented.js:44 _PROFILING_INFO_start function null from ../todomvc/examples/knockoutjs/node_modules/director/build/director.js in 48_PROFILING_INFO_
director-instrumented.js:11 _PROFILING_INFO_start function dlocHashEmpty from ../todomvc/examples/knockoutjs/node_modules/director/build/director.js in 20_PROFILING_INFO_
