base-instrumented.js:5 _PROFILING_INFO_start function null from ../todomvc/examples/lavaca_require/node_modules/todomvc-common/base.js in 2_PROFILING_INFO_
base-instrumented.js:11 _PROFILING_INFO_start function null from ../todomvc/examples/lavaca_require/node_modules/todomvc-common/base.js in 8_PROFILING_INFO_
base-instrumented.js:132 _PROFILING_INFO_start function redirect from ../todomvc/examples/lavaca_require/node_modules/todomvc-common/base.js in 121_PROFILING_INFO_
base-instrumented.js:149 _PROFILING_INFO_start function getFile from ../todomvc/examples/lavaca_require/node_modules/todomvc-common/base.js in 132_PROFILING_INFO_
base-instrumented.js:141 _PROFILING_INFO_start function findRoot from ../todomvc/examples/lavaca_require/node_modules/todomvc-common/base.js in 127_PROFILING_INFO_
​ _PROFILING_INFO_start function null from ../todomvc/examples/lavaca_require/node_modules/requirejs/require.js in 12_PROFILING_INFO_
​ _PROFILING_INFO_start function null from ../todomvc/examples/lavaca_require/node_modules/requirejs/require.js in 1719_PROFILING_INFO_
​ _PROFILING_INFO_start function isArray from ../todomvc/examples/lavaca_require/node_modules/requirejs/require.js in 45_PROFILING_INFO_
​ _PROFILING_INFO_start function getOwn from ../todomvc/examples/lavaca_require/node_modules/requirejs/require.js in 83_PROFILING_INFO_
​ _PROFILING_INFO_start function hasProp from ../todomvc/examples/lavaca_require/node_modules/requirejs/require.js in 79_PROFILING_INFO_
​ _PROFILING_INFO_start function newContext from ../todomvc/examples/lavaca_require/node_modules/requirejs/require.js in 197_PROFILING_INFO_
​ _PROFILING_INFO_start function null from ../todomvc/examples/lavaca_require/node_modules/requirejs/require.js in 1373_PROFILING_INFO_
​ _PROFILING_INFO_start function mixin from ../todomvc/examples/lavaca_require/node_modules/requirejs/require.js in 107_PROFILING_INFO_
​ _PROFILING_INFO_start function eachProp from ../todomvc/examples/lavaca_require/node_modules/requirejs/require.js in 92_PROFILING_INFO_
​ _PROFILING_INFO_start function null from ../todomvc/examples/lavaca_require/node_modules/requirejs/require.js in 109_PROFILING_INFO_
​ _PROFILING_INFO_start function null from ../todomvc/examples/lavaca_require/node_modules/requirejs/require.js in 1261_PROFILING_INFO_
​ _PROFILING_INFO_start function localRequire from ../todomvc/examples/lavaca_require/node_modules/requirejs/require.js in 1376_PROFILING_INFO_
​ _PROFILING_INFO_start function intakeDefines from ../todomvc/examples/lavaca_require/node_modules/requirejs/require.js in 1226_PROFILING_INFO_
​ _PROFILING_INFO_start function takeGlobalQueue from ../todomvc/examples/lavaca_require/node_modules/requirejs/require.js in 554_PROFILING_INFO_
​ _PROFILING_INFO_start function null from ../todomvc/examples/lavaca_require/node_modules/requirejs/require.js in 1769_PROFILING_INFO_
​ _PROFILING_INFO_start function each from ../todomvc/examples/lavaca_require/node_modules/requirejs/require.js in 53_PROFILING_INFO_
​ _PROFILING_INFO_start function null from ../todomvc/examples/lavaca_require/node_modules/requirejs/require.js in 1799_PROFILING_INFO_
​ _PROFILING_INFO_start function scripts from ../todomvc/examples/lavaca_require/node_modules/requirejs/require.js in 136_PROFILING_INFO_
​ _PROFILING_INFO_start function eachReverse from ../todomvc/examples/lavaca_require/node_modules/requirejs/require.js in 68_PROFILING_INFO_
​ _PROFILING_INFO_start function null from ../todomvc/examples/lavaca_require/node_modules/requirejs/require.js in 1953_PROFILING_INFO_
​ _PROFILING_INFO_start function null from ../todomvc/examples/lavaca_require/node_modules/todomvc-common/base.js in 142_PROFILING_INFO_
​ _PROFILING_INFO_start function Learn from ../todomvc/examples/lavaca_require/node_modules/todomvc-common/base.js in 149_PROFILING_INFO_
​ _PROFILING_INFO_start function null from ../todomvc/examples/lavaca_require/node_modules/todomvc-common/base.js in 194_PROFILING_INFO_
​ _PROFILING_INFO_start function null from ../todomvc/examples/lavaca_require/node_modules/todomvc-common/base.js in 56_PROFILING_INFO_
​ _PROFILING_INFO_start function null from ../todomvc/examples/lavaca_require/node_modules/todomvc-common/base.js in 9_PROFILING_INFO_
​ _PROFILING_INFO_start function null from ../todomvc/examples/lavaca_require/node_modules/todomvc-common/base.js in 70_PROFILING_INFO_
​ _PROFILING_INFO_start function null from ../todomvc/examples/lavaca_require/node_modules/todomvc-common/base.js in 222_PROFILING_INFO_
​ _PROFILING_INFO_start function null from ../todomvc/examples/lavaca_require/js/libs/lavaca.js in 1_PROFILING_INFO_
​ _PROFILING_INFO_start function null from ../todomvc/examples/lavaca_require/node_modules/requirejs/require.js in 2003_PROFILING_INFO_
​ _PROFILING_INFO_start function isArray from ../todomvc/examples/lavaca_require/node_modules/requirejs/require.js in 45_PROFILING_INFO_
​ _PROFILING_INFO_start function null from ../todomvc/examples/lavaca_require/node_modules/requirejs/require.js in 1759_PROFILING_INFO_
​ _PROFILING_INFO_start function null from ../todomvc/examples/lavaca_require/node_modules/requirejs/require.js in 1719_PROFILING_INFO_
​ _PROFILING_INFO_start function isArray from ../todomvc/examples/lavaca_require/node_modules/requirejs/require.js in 45_PROFILING_INFO_
​ _PROFILING_INFO_start function getOwn from ../todomvc/examples/lavaca_require/node_modules/requirejs/require.js in 83_PROFILING_INFO_
​ _PROFILING_INFO_start function hasProp from ../todomvc/examples/lavaca_require/node_modules/requirejs/require.js in 79_PROFILING_INFO_
​ _PROFILING_INFO_start function null from ../todomvc/examples/lavaca_require/node_modules/requirejs/require.js in 1261_PROFILING_INFO_
​ _PROFILING_INFO_start function eachProp from ../todomvc/examples/lavaca_require/node_modules/requirejs/require.js in 92_PROFILING_INFO_
​ _PROFILING_INFO_start function null from ../todomvc/examples/lavaca_require/node_modules/requirejs/require.js in 1279_PROFILING_INFO_
​ _PROFILING_INFO_start function mixin from ../todomvc/examples/lavaca_require/node_modules/requirejs/require.js in 107_PROFILING_INFO_
​ _PROFILING_INFO_start function null from ../todomvc/examples/lavaca_require/node_modules/requirejs/require.js in 109_PROFILING_INFO_
​ _PROFILING_INFO_start function null from ../todomvc/examples/lavaca_require/node_modules/requirejs/require.js in 1303_PROFILING_INFO_
​ _PROFILING_INFO_start function null from ../todomvc/examples/lavaca_require/node_modules/requirejs/require.js in 1362_PROFILING_INFO_
​ _PROFILING_INFO_start function localRequire from ../todomvc/examples/lavaca_require/node_modules/requirejs/require.js in 1376_PROFILING_INFO_
​ _PROFILING_INFO_start function intakeDefines from ../todomvc/examples/lavaca_require/node_modules/requirejs/require.js in 1226_PROFILING_INFO_
​ _PROFILING_INFO_start function takeGlobalQueue from ../todomvc/examples/lavaca_require/node_modules/requirejs/require.js in 554_PROFILING_INFO_
​ _PROFILING_INFO_start function callGetModule from ../todomvc/examples/lavaca_require/node_modules/requirejs/require.js in 1182_PROFILING_INFO_
​ _PROFILING_INFO_start function makeModuleMap from ../todomvc/examples/lavaca_require/node_modules/requirejs/require.js in 414_PROFILING_INFO_
​ _PROFILING_INFO_start function splitPrefix from ../todomvc/examples/lavaca_require/node_modules/requirejs/require.js in 389_PROFILING_INFO_
​ _PROFILING_INFO_start function normalize from ../todomvc/examples/lavaca_require/node_modules/requirejs/require.js in 267_PROFILING_INFO_
​ _PROFILING_INFO_start function trimDots from ../todomvc/examples/lavaca_require/node_modules/requirejs/require.js in 234_PROFILING_INFO_
​ _PROFILING_INFO_start function null from ../todomvc/examples/lavaca_require/node_modules/requirejs/require.js in 1593_PROFILING_INFO_
​ _PROFILING_INFO_start function getModule from ../todomvc/examples/lavaca_require/node_modules/requirejs/require.js in 495_PROFILING_INFO_
​ _PROFILING_INFO_start function null from ../todomvc/examples/lavaca_require/node_modules/requirejs/require.js in 721_PROFILING_INFO_
​ _PROFILING_INFO_start function null from ../todomvc/examples/lavaca_require/node_modules/requirejs/require.js in 738_PROFILING_INFO_
​ _PROFILING_INFO_start function null from ../todomvc/examples/lavaca_require/node_modules/requirejs/require.js in 836_PROFILING_INFO_
​ _PROFILING_INFO_start function null from ../todomvc/examples/lavaca_require/node_modules/requirejs/require.js in 1769_PROFILING_INFO_
​ _PROFILING_INFO_start function null from ../todomvc/examples/lavaca_require/node_modules/requirejs/require.js in 1420_PROFILING_INFO_
​ _PROFILING_INFO_start function null from ../todomvc/examples/lavaca_require/node_modules/requirejs/require.js in 1087_PROFILING_INFO_
require-instrumented.js:107 _PROFILING_INFO_start function bind from ../todomvc/examples/lavaca_require/node_modules/requirejs/require.js in 130_PROFILING_INFO_
require-instrumented.js:26 _PROFILING_INFO_start function each from ../todomvc/examples/lavaca_require/node_modules/requirejs/require.js in 53_PROFILING_INFO_
require-instrumented.js:12 _PROFILING_INFO_start function isFunction from ../todomvc/examples/lavaca_require/node_modules/requirejs/require.js in 41_PROFILING_INFO_
require-instrumented.js:485 _PROFILING_INFO_start function cleanRegistry from ../todomvc/examples/lavaca_require/node_modules/requirejs/require.js in 600_PROFILING_INFO_
require-instrumented.js:939 _PROFILING_INFO_start function null from ../todomvc/examples/lavaca_require/node_modules/requirejs/require.js in 1169_PROFILING_INFO_
require-instrumented.js:521 _PROFILING_INFO_start function checkLoaded from ../todomvc/examples/lavaca_require/node_modules/requirejs/require.js in 634_PROFILING_INFO_
require-instrumented.js:112 _PROFILING_INFO_start function null from ../todomvc/examples/lavaca_require/node_modules/requirejs/require.js in 131_PROFILING_INFO_
require-instrumented.js:874 _PROFILING_INFO_start function null from ../todomvc/examples/lavaca_require/node_modules/requirejs/require.js in 1098_PROFILING_INFO_
require-instrumented.js:376 _PROFILING_INFO_start function on from ../todomvc/examples/lavaca_require/node_modules/requirejs/require.js in 506_PROFILING_INFO_
require-instrumented.js:928 _PROFILING_INFO_start function null from ../todomvc/examples/lavaca_require/node_modules/requirejs/require.js in 1161_PROFILING_INFO_
require-instrumented.js:1235 _PROFILING_INFO_start function null from ../todomvc/examples/lavaca_require/node_modules/requirejs/require.js in 1523_PROFILING_INFO_
require-instrumented.js:645 _PROFILING_INFO_start function null from ../todomvc/examples/lavaca_require/node_modules/requirejs/require.js in 798_PROFILING_INFO_
require-instrumented.js:668 _PROFILING_INFO_start function null from ../todomvc/examples/lavaca_require/node_modules/requirejs/require.js in 822_PROFILING_INFO_
require-instrumented.js:1318 _PROFILING_INFO_start function null from ../todomvc/examples/lavaca_require/node_modules/requirejs/require.js in 1653_PROFILING_INFO_
require-instrumented.js:1454 _PROFILING_INFO_start function null from ../todomvc/examples/lavaca_require/node_modules/requirejs/require.js in 1849_PROFILING_INFO_
require-instrumented.js:1443 _PROFILING_INFO_start function null from ../todomvc/examples/lavaca_require/node_modules/requirejs/require.js in 1830_PROFILING_INFO_
require-instrumented.js:531 _PROFILING_INFO_start function null from ../todomvc/examples/lavaca_require/node_modules/requirejs/require.js in 652_PROFILING_INFO_
require-instrumented.js:1535 _PROFILING_INFO_start function null from ../todomvc/examples/lavaca_require/node_modules/requirejs/require.js in 2003_PROFILING_INFO_
require-instrumented.js:1553 _PROFILING_INFO_start function null from ../todomvc/examples/lavaca_require/node_modules/requirejs/require.js in 2031_PROFILING_INFO_
require-instrumented.js:1332 _PROFILING_INFO_start function null from ../todomvc/examples/lavaca_require/node_modules/requirejs/require.js in 1674_PROFILING_INFO_
require-instrumented.js:978 _PROFILING_INFO_start function getScriptData from ../todomvc/examples/lavaca_require/node_modules/requirejs/require.js in 1210_PROFILING_INFO_
require-instrumented.js:965 _PROFILING_INFO_start function removeListener from ../todomvc/examples/lavaca_require/node_modules/requirejs/require.js in 1189_PROFILING_INFO_
require-instrumented.js:1245 _PROFILING_INFO_start function null from ../todomvc/examples/lavaca_require/node_modules/requirejs/require.js in 1536_PROFILING_INFO_
require-instrumented.js:437 _PROFILING_INFO_start function null from ../todomvc/examples/lavaca_require/node_modules/requirejs/require.js in 567_PROFILING_INFO_
require-instrumented.js:1128 _PROFILING_INFO_start function null from ../todomvc/examples/lavaca_require/node_modules/requirejs/require.js in 1373_PROFILING_INFO_
require-instrumented.js:1325 _PROFILING_INFO_start function null from ../todomvc/examples/lavaca_require/node_modules/requirejs/require.js in 1664_PROFILING_INFO_
lavaca-instrumented.js:17 _PROFILING_INFO_start function null from ../todomvc/examples/lavaca_require/js/libs/lavaca.js in 8_PROFILING_INFO_
require-instrumented.js:944 _PROFILING_INFO_start function null from ../todomvc/examples/lavaca_require/node_modules/requirejs/require.js in 1170_PROFILING_INFO_
require-instrumented.js:889 _PROFILING_INFO_start function null from ../todomvc/examples/lavaca_require/node_modules/requirejs/require.js in 1119_PROFILING_INFO_
require-instrumented.js:634 _PROFILING_INFO_start function null from ../todomvc/examples/lavaca_require/node_modules/requirejs/require.js in 788_PROFILING_INFO_
lavaca-instrumented.js:324 _PROFILING_INFO_start function null from ../todomvc/examples/lavaca_require/js/libs/lavaca.js in 407_PROFILING_INFO_
lavaca-instrumented.js:22 _PROFILING_INFO_start function null from ../todomvc/examples/lavaca_require/js/libs/lavaca.js in 41_PROFILING_INFO_
lavaca-instrumented.js:41 _PROFILING_INFO_start function ctor from ../todomvc/examples/lavaca_require/js/libs/lavaca.js in 53_PROFILING_INFO_
lavaca-instrumented.js:366 _PROFILING_INFO_start function null from ../todomvc/examples/lavaca_require/js/libs/lavaca.js in 455_PROFILING_INFO_
lavaca-instrumented.js:380 _PROFILING_INFO_start function null from ../todomvc/examples/lavaca_require/js/libs/lavaca.js in 468_PROFILING_INFO_
lavaca-instrumented.js:440 _PROFILING_INFO_start function null from ../todomvc/examples/lavaca_require/js/libs/lavaca.js in 531_PROFILING_INFO_
lavaca-instrumented.js:462 _PROFILING_INFO_start function null from ../todomvc/examples/lavaca_require/js/libs/lavaca.js in 550_PROFILING_INFO_
lavaca-instrumented.js:479 _PROFILING_INFO_start function null from ../todomvc/examples/lavaca_require/js/libs/lavaca.js in 565_PROFILING_INFO_
lavaca-instrumented.js:516 _PROFILING_INFO_start function null from ../todomvc/examples/lavaca_require/js/libs/lavaca.js in 599_PROFILING_INFO_
lavaca-instrumented.js:55 _PROFILING_INFO_start function null from ../todomvc/examples/lavaca_require/js/libs/lavaca.js in 64_PROFILING_INFO_
lavaca-instrumented.js:1333 _PROFILING_INFO_start function null from ../todomvc/examples/lavaca_require/js/libs/lavaca.js in 1930_PROFILING_INFO_
lavaca-instrumented.js:1356 _PROFILING_INFO_start function null from ../todomvc/examples/lavaca_require/js/libs/lavaca.js in 1957_PROFILING_INFO_
lavaca-instrumented.js:10 _PROFILING_INFO_start function null from ../todomvc/examples/lavaca_require/js/libs/lavaca.js in 4_PROFILING_INFO_
lavaca-instrumented.js:80 _PROFILING_INFO_start function null from ../todomvc/examples/lavaca_require/js/libs/lavaca.js in 81_PROFILING_INFO_
lavaca-instrumented.js:1605 _PROFILING_INFO_start function null from ../todomvc/examples/lavaca_require/js/libs/lavaca.js in 2274_PROFILING_INFO_
lavaca-instrumented.js:1625 _PROFILING_INFO_start function null from ../todomvc/examples/lavaca_require/js/libs/lavaca.js in 2313_PROFILING_INFO_
lavaca-instrumented.js:1646 _PROFILING_INFO_start function null from ../todomvc/examples/lavaca_require/js/libs/lavaca.js in 2334_PROFILING_INFO_
lavaca-instrumented.js:1678 _PROFILING_INFO_start function null from ../todomvc/examples/lavaca_require/js/libs/lavaca.js in 2363_PROFILING_INFO_
lavaca-instrumented.js:1744 _PROFILING_INFO_start function null from ../todomvc/examples/lavaca_require/js/libs/lavaca.js in 2411_PROFILING_INFO_
lavaca-instrumented.js:1797 _PROFILING_INFO_start function null from ../todomvc/examples/lavaca_require/js/libs/lavaca.js in 2457_PROFILING_INFO_
lavaca-instrumented.js:1811 _PROFILING_INFO_start function null from ../todomvc/examples/lavaca_require/js/libs/lavaca.js in 2467_PROFILING_INFO_
lavaca-instrumented.js:1829 _PROFILING_INFO_start function null from ../todomvc/examples/lavaca_require/js/libs/lavaca.js in 2476_PROFILING_INFO_
lavaca-instrumented.js:1864 _PROFILING_INFO_start function null from ../todomvc/examples/lavaca_require/js/libs/lavaca.js in 2515_PROFILING_INFO_
lavaca-instrumented.js:2022 _PROFILING_INFO_start function null from ../todomvc/examples/lavaca_require/js/libs/lavaca.js in 2709_PROFILING_INFO_
lavaca-instrumented.js:2028 _PROFILING_INFO_start function null from ../todomvc/examples/lavaca_require/js/libs/lavaca.js in 2724_PROFILING_INFO_
lavaca-instrumented.js:30 _PROFILING_INFO_start function null from ../todomvc/examples/lavaca_require/js/libs/lavaca.js in 45_PROFILING_INFO_
lavaca-instrumented.js:2156 _PROFILING_INFO_start function null from ../todomvc/examples/lavaca_require/js/libs/lavaca.js in 2903_PROFILING_INFO_
lavaca-instrumented.js:2266 _PROFILING_INFO_start function null from ../todomvc/examples/lavaca_require/js/libs/lavaca.js in 3050_PROFILING_INFO_
lavaca-instrumented.js:2332 _PROFILING_INFO_start function null from ../todomvc/examples/lavaca_require/js/libs/lavaca.js in 3145_PROFILING_INFO_
lavaca-instrumented.js:3212 _PROFILING_INFO_start function null from ../todomvc/examples/lavaca_require/js/libs/lavaca.js in 4405_PROFILING_INFO_
lavaca-instrumented.js:5535 _PROFILING_INFO_start function null from ../todomvc/examples/lavaca_require/js/libs/lavaca.js in 7706_PROFILING_INFO_
require-instrumented.js:657 _PROFILING_INFO_start function null from ../todomvc/examples/lavaca_require/node_modules/requirejs/require.js in 813_PROFILING_INFO_
require-instrumented.js:740 _PROFILING_INFO_start function null from ../todomvc/examples/lavaca_require/node_modules/requirejs/require.js in 932_PROFILING_INFO_
require-instrumented.js:747 _PROFILING_INFO_start function null from ../todomvc/examples/lavaca_require/node_modules/requirejs/require.js in 942_PROFILING_INFO_
​ _PROFILING_INFO_start function fn from ../todomvc/examples/lavaca_require/node_modules/requirejs/require.js in 1363_PROFILING_INFO_
​ _PROFILING_INFO_start function getGlobal from ../todomvc/examples/lavaca_require/node_modules/requirejs/require.js in 146_PROFILING_INFO_
​ _PROFILING_INFO_start function null from ../todomvc/examples/lavaca_require/node_modules/requirejs/require.js in 151_PROFILING_INFO_
​ _PROFILING_INFO_start function null from ../todomvc/examples/lavaca_require/js/libs/lavaca.js in 5843_PROFILING_INFO_
​ _PROFILING_INFO_start function null from ../todomvc/examples/lavaca_require/js/libs/lavaca.js in 5844_PROFILING_INFO_
​ _PROFILING_INFO_start function getSpecialEventObject from ../todomvc/examples/lavaca_require/js/libs/lavaca.js in 6152_PROFILING_INFO_
​ _PROFILING_INFO_start function null from ../todomvc/examples/lavaca_require/js/libs/lavaca.js in 6335_PROFILING_INFO_
​ _PROFILING_INFO_start function null from ../todomvc/examples/lavaca_require/js/libs/lavaca.js in 6336_PROFILING_INFO_
​ _PROFILING_INFO_start function null from ../todomvc/examples/lavaca_require/js/libs/lavaca.js in 6344_PROFILING_INFO_
​ _PROFILING_INFO_start function null from ../todomvc/examples/lavaca_require/js/libs/lavaca.js in 6345_PROFILING_INFO_
​ _PROFILING_INFO_start function null from ../todomvc/examples/lavaca_require/js/libs/lavaca.js in 6360_PROFILING_INFO_
​ _PROFILING_INFO_start function null from ../todomvc/examples/lavaca_require/js/libs/lavaca.js in 6362_PROFILING_INFO_
​ _PROFILING_INFO_start function null from ../todomvc/examples/lavaca_require/js/libs/lavaca.js in 6369_PROFILING_INFO_
​ _PROFILING_INFO_start function null from ../todomvc/examples/lavaca_require/js/libs/lavaca.js in 6558_PROFILING_INFO_
​ _PROFILING_INFO_start function null from ../todomvc/examples/lavaca_require/js/libs/lavaca.js in 6574_PROFILING_INFO_
​ _PROFILING_INFO_start function null from ../todomvc/examples/lavaca_require/js/libs/lavaca.js in 6575_PROFILING_INFO_
​ _PROFILING_INFO_start function null from ../todomvc/examples/lavaca_require/js/libs/lavaca.js in 6586_PROFILING_INFO_
​ _PROFILING_INFO_start function null from ../todomvc/examples/lavaca_require/js/libs/lavaca.js in 6589_PROFILING_INFO_
​ _PROFILING_INFO_start function null from ../todomvc/examples/lavaca_require/js/libs/lavaca.js in 6629_PROFILING_INFO_
​ _PROFILING_INFO_start function null from ../todomvc/examples/lavaca_require/js/libs/lavaca.js in 6631_PROFILING_INFO_
​ _PROFILING_INFO_start function null from ../todomvc/examples/lavaca_require/js/libs/lavaca.js in 307_PROFILING_INFO_
​ _PROFILING_INFO_start function null from ../todomvc/examples/lavaca_require/js/libs/lavaca.js in 762_PROFILING_INFO_
​ _PROFILING_INFO_start function null from ../todomvc/examples/lavaca_require/js/libs/lavaca.js in 341_PROFILING_INFO_
​ _PROFILING_INFO_start function null from ../todomvc/examples/lavaca_require/js/libs/lavaca.js in 2956_PROFILING_INFO_
​ _PROFILING_INFO_start function null from ../todomvc/examples/lavaca_require/js/libs/lavaca.js in 3306_PROFILING_INFO_
​ _PROFILING_INFO_start function null from ../todomvc/examples/lavaca_require/js/libs/lavaca.js in 3517_PROFILING_INFO_
​ _PROFILING_INFO_start function null from ../todomvc/examples/lavaca_require/js/libs/lavaca.js in 67_PROFILING_INFO_
​ _PROFILING_INFO_start function null from ../todomvc/examples/lavaca_require/js/libs/lavaca.js in 3588_PROFILING_INFO_
​ _PROFILING_INFO_start function null from ../todomvc/examples/lavaca_require/js/libs/lavaca.js in 3485_PROFILING_INFO_
​ _PROFILING_INFO_start function null from ../todomvc/examples/lavaca_require/js/libs/lavaca.js in 3606_PROFILING_INFO_
​ _PROFILING_INFO_start function null from ../todomvc/examples/lavaca_require/js/libs/lavaca.js in 7003_PROFILING_INFO_
​ _PROFILING_INFO_start function null from ../todomvc/examples/lavaca_require/js/libs/lavaca.js in 7079_PROFILING_INFO_
​ _PROFILING_INFO_start function null from ../todomvc/examples/lavaca_require/js/libs/lavaca.js in 3713_PROFILING_INFO_
​ _PROFILING_INFO_start function null from ../todomvc/examples/lavaca_require/js/libs/lavaca.js in 3888_PROFILING_INFO_
​ _PROFILING_INFO_start function _suppressChecked from ../todomvc/examples/lavaca_require/js/libs/lavaca.js in 3639_PROFILING_INFO_
​ _PROFILING_INFO_start function null from ../todomvc/examples/lavaca_require/js/libs/lavaca.js in 3889_PROFILING_INFO_
​ _PROFILING_INFO_start function null from ../todomvc/examples/lavaca_require/js/libs/lavaca.js in 3869_PROFILING_INFO_
​ _PROFILING_INFO_start function null from ../todomvc/examples/lavaca_require/js/libs/lavaca.js in 3799_PROFILING_INFO_
​ _PROFILING_INFO_start function null from ../todomvc/examples/lavaca_require/js/libs/lavaca.js in 3800_PROFILING_INFO_
​ _PROFILING_INFO_start function null from ../todomvc/examples/lavaca_require/js/libs/lavaca.js in 7175_PROFILING_INFO_
​ _PROFILING_INFO_start function null from ../todomvc/examples/lavaca_require/js/libs/lavaca.js in 3170_PROFILING_INFO_
​ _PROFILING_INFO_start function null from ../todomvc/examples/lavaca_require/js/libs/lavaca.js in 3967_PROFILING_INFO_
​ _PROFILING_INFO_start function null from ../todomvc/examples/lavaca_require/js/libs/lavaca.js in 3184_PROFILING_INFO_
​ _PROFILING_INFO_start function _triggerAttributeEvent from ../todomvc/examples/lavaca_require/js/libs/lavaca.js in 3620_PROFILING_INFO_
​ _PROFILING_INFO_start function null from ../todomvc/examples/lavaca_require/js/libs/lavaca.js in 720_PROFILING_INFO_
​ _PROFILING_INFO_start function null from ../todomvc/examples/lavaca_require/js/libs/lavaca.js in 3091_PROFILING_INFO_
​ _PROFILING_INFO_start function null from ../todomvc/examples/lavaca_require/js/libs/lavaca.js in 3067_PROFILING_INFO_
​ _PROFILING_INFO_start function null from ../todomvc/examples/lavaca_require/js/libs/lavaca.js in 4218_PROFILING_INFO_
​ _PROFILING_INFO_start function null from ../todomvc/examples/lavaca_require/js/libs/lavaca.js in 637_PROFILING_INFO_
​ _PROFILING_INFO_start function null from ../todomvc/examples/lavaca_require/js/libs/lavaca.js in 4264_PROFILING_INFO_
​ _PROFILING_INFO_start function null from ../todomvc/examples/lavaca_require/js/libs/lavaca.js in 5660_PROFILING_INFO_
​ _PROFILING_INFO_start function null from ../todomvc/examples/lavaca_require/js/libs/lavaca.js in 7790_PROFILING_INFO_
​ _PROFILING_INFO_start function null from ../todomvc/examples/lavaca_require/js/libs/lavaca.js in 4429_PROFILING_INFO_
​ _PROFILING_INFO_start function null from ../todomvc/examples/lavaca_require/js/libs/lavaca.js in 5150_PROFILING_INFO_
​ _PROFILING_INFO_start function null from ../todomvc/examples/lavaca_require/js/libs/lavaca.js in 5335_PROFILING_INFO_
​ _PROFILING_INFO_start function null from ../todomvc/examples/lavaca_require/js/libs/lavaca.js in 5355_PROFILING_INFO_
​ _PROFILING_INFO_start function null from ../todomvc/examples/lavaca_require/js/libs/lavaca.js in 6776_PROFILING_INFO_
​ _PROFILING_INFO_start function null from ../todomvc/examples/lavaca_require/js/libs/lavaca.js in 6982_PROFILING_INFO_
​ _PROFILING_INFO_start function _matchHashRoute from ../todomvc/examples/lavaca_require/js/libs/lavaca.js in 6798_PROFILING_INFO_
​ _PROFILING_INFO_start function null from ../todomvc/examples/lavaca_require/js/libs/lavaca.js in 394_PROFILING_INFO_
​ _PROFILING_INFO_start function install from ../todomvc/examples/lavaca_require/js/libs/lavaca.js in 342_PROFILING_INFO_
​ _PROFILING_INFO_start function null from ../todomvc/examples/lavaca_require/node_modules/requirejs/require.js in 1449_PROFILING_INFO_
​ _PROFILING_INFO_start function null from ../todomvc/examples/lavaca_require/js/libs/lavaca.js in 10815_PROFILING_INFO_
​ _PROFILING_INFO_start function null from ../todomvc/examples/lavaca_require/js/libs/lavaca.js in 4393_PROFILING_INFO_
​ _PROFILING_INFO_start function null from ../todomvc/examples/lavaca_require/node_modules/requirejs/require.js in 699_PROFILING_INFO_
​ _PROFILING_INFO_start function breakCycle from ../todomvc/examples/lavaca_require/node_modules/requirejs/require.js in 606_PROFILING_INFO_
​ _PROFILING_INFO_start function null from ../todomvc/examples/lavaca_require/node_modules/requirejs/require.js in 613_PROFILING_INFO_
​ _PROFILING_INFO_start function null from ../todomvc/examples/lavaca_require/node_modules/requirejs/require.js in 1022_PROFILING_INFO_
​ _PROFILING_INFO_start function null from ../todomvc/examples/lavaca_require/node_modules/requirejs/require.js in 2076_PROFILING_INFO_
​ _PROFILING_INFO_start function null from ../todomvc/examples/lavaca_require/node_modules/requirejs/require.js in 711_PROFILING_INFO_
​ _PROFILING_INFO_start function null from ../todomvc/examples/lavaca_require/node_modules/requirejs/require.js in 998_PROFILING_INFO_
​ _PROFILING_INFO_start function null from ../todomvc/examples/lavaca_require/node_modules/requirejs/require.js in 1149_PROFILING_INFO_
​ _PROFILING_INFO_start function null from ../todomvc/examples/lavaca_require/node_modules/requirejs/require.js in 999_PROFILING_INFO_
​ _PROFILING_INFO_start function null from ../todomvc/examples/lavaca_require/node_modules/requirejs/require.js in 966_PROFILING_INFO_
​ _PROFILING_INFO_start function null from ../todomvc/examples/lavaca_require/node_modules/requirejs/require.js in 967_PROFILING_INFO_
​ _PROFILING_INFO_start function null from ../todomvc/examples/lavaca_require/js/libs/lavaca.js in 2254_PROFILING_INFO_
​ _PROFILING_INFO_start function null from ../todomvc/examples/lavaca_require/js/libs/lavaca.js in 6817_PROFILING_INFO_
​ _PROFILING_INFO_start function null from ../todomvc/examples/lavaca_require/js/libs/lavaca.js in 382_PROFILING_INFO_
​ _PROFILING_INFO_start function null from ../todomvc/examples/lavaca_require/js/libs/lavaca.js in 6821_PROFILING_INFO_
​ _PROFILING_INFO_start function null from ../todomvc/examples/lavaca_require/js/libs/lavaca.js in 6993_PROFILING_INFO_
​ _PROFILING_INFO_start function null from ../todomvc/examples/lavaca_require/js/libs/lavaca.js in 93_PROFILING_INFO_
​ _PROFILING_INFO_start function null from ../todomvc/examples/lavaca_require/js/libs/lavaca.js in 189_PROFILING_INFO_
​ _PROFILING_INFO_start function null from ../todomvc/examples/lavaca_require/js/libs/lavaca.js in 177_PROFILING_INFO_
​ _PROFILING_INFO_start function null from ../todomvc/examples/lavaca_require/js/libs/lavaca.js in 132_PROFILING_INFO_
​ _PROFILING_INFO_start function null from ../todomvc/examples/lavaca_require/js/libs/lavaca.js in 6922_PROFILING_INFO_
​ _PROFILING_INFO_start function null from ../todomvc/examples/lavaca_require/js/libs/lavaca.js in 4330_PROFILING_INFO_
​ _PROFILING_INFO_start function null from ../todomvc/examples/lavaca_require/js/libs/lavaca.js in 11056_PROFILING_INFO_
​ _PROFILING_INFO_start function null from ../todomvc/examples/lavaca_require/js/libs/lavaca.js in 4335_PROFILING_INFO_
​ _PROFILING_INFO_start function null from ../todomvc/examples/lavaca_require/js/libs/lavaca.js in 10835_PROFILING_INFO_
​ _PROFILING_INFO_start function null from ../todomvc/examples/lavaca_require/js/libs/lavaca.js in 3337_PROFILING_INFO_
​ _PROFILING_INFO_start function _absolute from ../todomvc/examples/lavaca_require/js/libs/lavaca.js in 3313_PROFILING_INFO_
​ _PROFILING_INFO_start function null from ../todomvc/examples/lavaca_require/js/libs/lavaca.js in 10852_PROFILING_INFO_
​ _PROFILING_INFO_start function null from ../todomvc/examples/lavaca_require/js/libs/lavaca.js in 5408_PROFILING_INFO_
​ _PROFILING_INFO_start function null from ../todomvc/examples/lavaca_require/js/libs/lavaca.js in 2771_PROFILING_INFO_
​ _PROFILING_INFO_start function null from ../todomvc/examples/lavaca_require/js/libs/lavaca.js in 6434_PROFILING_INFO_
​ _PROFILING_INFO_start function null from ../todomvc/examples/lavaca_require/js/libs/lavaca.js in 6156_PROFILING_INFO_
​ _PROFILING_INFO_start function hasVirtualBindings from ../todomvc/examples/lavaca_require/js/libs/lavaca.js in 6136_PROFILING_INFO_
​ _PROFILING_INFO_start function null from ../todomvc/examples/lavaca_require/js/libs/lavaca.js in 2802_PROFILING_INFO_
​ _PROFILING_INFO_start function null from ../todomvc/examples/lavaca_require/js/libs/lavaca.js in 2595_PROFILING_INFO_
​ _PROFILING_INFO_start function null from ../todomvc/examples/lavaca_require/js/libs/lavaca.js in 6945_PROFILING_INFO_
​ _PROFILING_INFO_start function null from ../todomvc/examples/lavaca_require/js/libs/lavaca.js in 2753_PROFILING_INFO_
​ _PROFILING_INFO_start function null from ../todomvc/examples/lavaca_require/js/libs/lavaca.js in 2233_PROFILING_INFO_
​ _PROFILING_INFO_start function null from ../todomvc/examples/lavaca_require/js/libs/lavaca.js in 2164_PROFILING_INFO_
​ _PROFILING_INFO_start function null from ../todomvc/examples/lavaca_require/js/libs/lavaca.js in 1992_PROFILING_INFO_
​ _PROFILING_INFO_start function null from ../todomvc/examples/lavaca_require/js/libs/lavaca.js in 2120_PROFILING_INFO_
​ _PROFILING_INFO_start function null from ../todomvc/examples/lavaca_require/js/libs/lavaca.js in 1945_PROFILING_INFO_
​ _PROFILING_INFO_start function _insertState from ../todomvc/examples/lavaca_require/js/libs/lavaca.js in 1970_PROFILING_INFO_
​ _PROFILING_INFO_start function null from ../todomvc/examples/lavaca_require/js/libs/lavaca.js in 2846_PROFILING_INFO_
​ _PROFILING_INFO_start function null from ../todomvc/examples/lavaca_require/js/libs/lavaca.js in 166_PROFILING_INFO_
​ _PROFILING_INFO_start function null from ../todomvc/examples/lavaca_require/js/libs/lavaca.js in 149_PROFILING_INFO_
​ _PROFILING_INFO_start function null from ../todomvc/examples/lavaca_require/js/libs/lavaca.js in 2609_PROFILING_INFO_
​ _PROFILING_INFO_start function _patternToRegExp from ../todomvc/examples/lavaca_require/js/libs/lavaca.js in 2538_PROFILING_INFO_
​ _PROFILING_INFO_start function null from ../todomvc/examples/lavaca_require/js/libs/lavaca.js in 2693_PROFILING_INFO_
​ _PROFILING_INFO_start function null from ../todomvc/examples/lavaca_require/js/libs/lavaca.js in 7808_PROFILING_INFO_
​ _PROFILING_INFO_start function null from ../todomvc/examples/lavaca_require/js/libs/lavaca.js in 2619_PROFILING_INFO_
​ _PROFILING_INFO_start function deepClone from ../todomvc/examples/lavaca_require/js/libs/lavaca.js in 2416_PROFILING_INFO_
​ _PROFILING_INFO_start function kindOf from ../todomvc/examples/lavaca_require/js/libs/lavaca.js in 2322_PROFILING_INFO_
​ _PROFILING_INFO_start function cloneObject from ../todomvc/examples/lavaca_require/js/libs/lavaca.js in 2427_PROFILING_INFO_
​ _PROFILING_INFO_start function isPlainObject from ../todomvc/examples/lavaca_require/js/libs/lavaca.js in 555_PROFILING_INFO_
​ _PROFILING_INFO_start function forOwn from ../todomvc/examples/lavaca_require/js/libs/lavaca.js in 538_PROFILING_INFO_
​ _PROFILING_INFO_start function forIn from ../todomvc/examples/lavaca_require/js/libs/lavaca.js in 496_PROFILING_INFO_
​ _PROFILING_INFO_start function checkDontEnum from ../todomvc/examples/lavaca_require/js/libs/lavaca.js in 473_PROFILING_INFO_
​ _PROFILING_INFO_start function exec from ../todomvc/examples/lavaca_require/js/libs/lavaca.js in 523_PROFILING_INFO_
​ _PROFILING_INFO_start function null from ../todomvc/examples/lavaca_require/js/libs/lavaca.js in 539_PROFILING_INFO_
​ _PROFILING_INFO_start function hasOwn from ../todomvc/examples/lavaca_require/js/libs/lavaca.js in 460_PROFILING_INFO_
​ _PROFILING_INFO_start function null from ../todomvc/examples/lavaca_require/js/libs/lavaca.js in 2430_PROFILING_INFO_
​ _PROFILING_INFO_start function clone from ../todomvc/examples/lavaca_require/js/libs/lavaca.js in 2368_PROFILING_INFO_
​ _PROFILING_INFO_start function _multivariablePattern from ../todomvc/examples/lavaca_require/js/libs/lavaca.js in 2522_PROFILING_INFO_
lavaca-instrumented.js:1877 _PROFILING_INFO_start function _variablePattern from ../todomvc/examples/lavaca_require/js/libs/lavaca.js in 2526_PROFILING_INFO_
lavaca-instrumented.js:1834 _PROFILING_INFO_start function merge from ../todomvc/examples/lavaca_require/js/libs/lavaca.js in 2481_PROFILING_INFO_
lavaca-instrumented.js:5614 _PROFILING_INFO_start function null from ../todomvc/examples/lavaca_require/js/libs/lavaca.js in 7845_PROFILING_INFO_
lavaca-instrumented.js:578 _PROFILING_INFO_start function null from ../todomvc/examples/lavaca_require/js/libs/lavaca.js in 749_PROFILING_INFO_
lavaca-instrumented.js:484 _PROFILING_INFO_start function deepMixIn from ../todomvc/examples/lavaca_require/js/libs/lavaca.js in 571_PROFILING_INFO_
lavaca-instrumented.js:498 _PROFILING_INFO_start function copyProp from ../todomvc/examples/lavaca_require/js/libs/lavaca.js in 586_PROFILING_INFO_
lavaca-instrumented.js:5640 _PROFILING_INFO_start function null from ../todomvc/examples/lavaca_require/js/libs/lavaca.js in 7875_PROFILING_INFO_
lavaca-instrumented.js:3849 _PROFILING_INFO_start function null from ../todomvc/examples/lavaca_require/js/libs/lavaca.js in 5432_PROFILING_INFO_
lavaca-instrumented.js:3689 _PROFILING_INFO_start function null from ../todomvc/examples/lavaca_require/js/libs/lavaca.js in 5170_PROFILING_INFO_
lavaca-instrumented.js:3246 _PROFILING_INFO_start function null from ../todomvc/examples/lavaca_require/js/libs/lavaca.js in 4454_PROFILING_INFO_
lavaca-instrumented.js:3573 _PROFILING_INFO_start function null from ../todomvc/examples/lavaca_require/js/libs/lavaca.js in 5025_PROFILING_INFO_
lavaca-instrumented.js:3491 _PROFILING_INFO_start function null from ../todomvc/examples/lavaca_require/js/libs/lavaca.js in 4918_PROFILING_INFO_
lavaca-instrumented.js:5382 _PROFILING_INFO_start function null from ../todomvc/examples/lavaca_require/js/libs/lavaca.js in 7504_PROFILING_INFO_
lavaca-instrumented.js:3729 _PROFILING_INFO_start function null from ../todomvc/examples/lavaca_require/js/libs/lavaca.js in 5234_PROFILING_INFO_
lavaca-instrumented.js:3143 _PROFILING_INFO_start function null from ../todomvc/examples/lavaca_require/js/libs/lavaca.js in 4313_PROFILING_INFO_
lavaca-instrumented.js:5514 _PROFILING_INFO_start function null from ../todomvc/examples/lavaca_require/js/libs/lavaca.js in 7679_PROFILING_INFO_
lavaca-instrumented.js:3052 _PROFILING_INFO_start function null from ../todomvc/examples/lavaca_require/js/libs/lavaca.js in 4161_PROFILING_INFO_
lavaca-instrumented.js:2388 _PROFILING_INFO_start function null from ../todomvc/examples/lavaca_require/js/libs/lavaca.js in 3238_PROFILING_INFO_
lavaca-instrumented.js:2373 _PROFILING_INFO_start function null from ../todomvc/examples/lavaca_require/js/libs/lavaca.js in 3221_PROFILING_INFO_
lavaca-instrumented.js:2394 _PROFILING_INFO_start function null from ../todomvc/examples/lavaca_require/js/libs/lavaca.js in 3240_PROFILING_INFO_
lavaca-instrumented.js:5389 _PROFILING_INFO_start function null from ../todomvc/examples/lavaca_require/js/libs/lavaca.js in 7521_PROFILING_INFO_
lavaca-instrumented.js:5375 _PROFILING_INFO_start function null from ../todomvc/examples/lavaca_require/js/libs/lavaca.js in 7495_PROFILING_INFO_
lavaca-instrumented.js:5328 _PROFILING_INFO_start function null from ../todomvc/examples/lavaca_require/js/libs/lavaca.js in 7421_PROFILING_INFO_
lavaca-instrumented.js:3698 _PROFILING_INFO_start function null from ../todomvc/examples/lavaca_require/js/libs/lavaca.js in 5195_PROFILING_INFO_
lavaca-instrumented.js:3705 _PROFILING_INFO_start function null from ../todomvc/examples/lavaca_require/js/libs/lavaca.js in 5203_PROFILING_INFO_
lavaca-instrumented.js:7864 _PROFILING_INFO_start function null from ../todomvc/examples/lavaca_require/js/libs/lavaca.js in 11028_PROFILING_INFO_
lavaca-instrumented.js:7877 _PROFILING_INFO_start function null from ../todomvc/examples/lavaca_require/js/libs/lavaca.js in 11037_PROFILING_INFO_
lavaca-instrumented.js:202 _PROFILING_INFO_start function null from ../todomvc/examples/lavaca_require/js/libs/lavaca.js in 257_PROFILING_INFO_
lavaca-instrumented.js:208 _PROFILING_INFO_start function null from ../todomvc/examples/lavaca_require/js/libs/lavaca.js in 259_PROFILING_INFO_
lavaca-instrumented.js:3748 _PROFILING_INFO_start function null from ../todomvc/examples/lavaca_require/js/libs/lavaca.js in 5254_PROFILING_INFO_
lavaca-instrumented.js:3633 _PROFILING_INFO_start function null from ../todomvc/examples/lavaca_require/js/libs/lavaca.js in 5100_PROFILING_INFO_
lavaca-instrumented.js:3433 _PROFILING_INFO_start function null from ../todomvc/examples/lavaca_require/js/libs/lavaca.js in 4831_PROFILING_INFO_
lavaca-instrumented.js:3448 _PROFILING_INFO_start function null from ../todomvc/examples/lavaca_require/js/libs/lavaca.js in 4849_PROFILING_INFO_
lavaca-instrumented.js:3513 _PROFILING_INFO_start function null from ../todomvc/examples/lavaca_require/js/libs/lavaca.js in 4941_PROFILING_INFO_
lavaca-instrumented.js:3552 _PROFILING_INFO_start function null from ../todomvc/examples/lavaca_require/js/libs/lavaca.js in 4993_PROFILING_INFO_
lavaca-instrumented.js:3608 _PROFILING_INFO_start function null from ../todomvc/examples/lavaca_require/js/libs/lavaca.js in 5072_PROFILING_INFO_
lavaca-instrumented.js:216 _PROFILING_INFO_start function null from ../todomvc/examples/lavaca_require/js/libs/lavaca.js in 269_PROFILING_INFO_
lavaca-instrumented.js:3888 _PROFILING_INFO_start function lastly from ../todomvc/examples/lavaca_require/js/libs/lavaca.js in 5469_PROFILING_INFO_
lavaca-instrumented.js:3943 _PROFILING_INFO_start function null from ../todomvc/examples/lavaca_require/js/libs/lavaca.js in 5543_PROFILING_INFO_
lavaca-instrumented.js:3766 _PROFILING_INFO_start function null from ../todomvc/examples/lavaca_require/js/libs/lavaca.js in 5284_PROFILING_INFO_
lavaca-instrumented.js:3712 _PROFILING_INFO_start function null from ../todomvc/examples/lavaca_require/js/libs/lavaca.js in 5213_PROFILING_INFO_
lavaca-instrumented.js:1610 _PROFILING_INFO_start function null from ../todomvc/examples/lavaca_require/js/libs/lavaca.js in 2303_PROFILING_INFO_
lavaca-instrumented.js:169 _PROFILING_INFO_start function null from ../todomvc/examples/lavaca_require/js/libs/lavaca.js in 229_PROFILING_INFO_
lavaca-instrumented.js:176 _PROFILING_INFO_start function null from ../todomvc/examples/lavaca_require/js/libs/lavaca.js in 236_PROFILING_INFO_
lavaca-instrumented.js:181 _PROFILING_INFO_start function null from ../todomvc/examples/lavaca_require/js/libs/lavaca.js in 238_PROFILING_INFO_
lavaca-instrumented.js:231 _PROFILING_INFO_start function null from ../todomvc/examples/lavaca_require/js/libs/lavaca.js in 296_PROFILING_INFO_
lavaca-instrumented.js:5647 _PROFILING_INFO_start function null from ../todomvc/examples/lavaca_require/js/libs/lavaca.js in 7887_PROFILING_INFO_
lavaca-instrumented.js:1411 _PROFILING_INFO_start function null from ../todomvc/examples/lavaca_require/js/libs/lavaca.js in 2028_PROFILING_INFO_
lavaca-instrumented.js:1615 _PROFILING_INFO_start function null from ../todomvc/examples/lavaca_require/js/libs/lavaca.js in 2304_PROFILING_INFO_
lavaca-instrumented.js:3782 _PROFILING_INFO_start function null from ../todomvc/examples/lavaca_require/js/libs/lavaca.js in 5299_PROFILING_INFO_
lavaca-instrumented.js:3861 _PROFILING_INFO_start function null from ../todomvc/examples/lavaca_require/js/libs/lavaca.js in 5446_PROFILING_INFO_
lavaca-instrumented.js:3894 _PROFILING_INFO_start function null from ../todomvc/examples/lavaca_require/js/libs/lavaca.js in 5471_PROFILING_INFO_
lavaca-instrumented.js:5653 _PROFILING_INFO_start function null from ../todomvc/examples/lavaca_require/js/libs/lavaca.js in 7889_PROFILING_INFO_
lavaca-instrumented.js:1542 _PROFILING_INFO_start function null from ../todomvc/examples/lavaca_require/js/libs/lavaca.js in 2182_PROFILING_INFO_
lavaca-instrumented.js:1468 _PROFILING_INFO_start function null from ../todomvc/examples/lavaca_require/js/libs/lavaca.js in 2098_PROFILING_INFO_
lavaca-instrumented.js:2003 _PROFILING_INFO_start function dispose from ../todomvc/examples/lavaca_require/js/libs/lavaca.js in 2697_PROFILING_INFO_
lavaca-instrumented.js:2111 _PROFILING_INFO_start function null from ../todomvc/examples/lavaca_require/js/libs/lavaca.js in 2861_PROFILING_INFO_
lavaca-instrumented.js:2134 _PROFILING_INFO_start function null from ../todomvc/examples/lavaca_require/js/libs/lavaca.js in 2882_PROFILING_INFO_
lavaca-instrumented.js:2119 _PROFILING_INFO_start function null from ../todomvc/examples/lavaca_require/js/libs/lavaca.js in 2865_PROFILING_INFO_
lavaca-instrumented.js:5092 _PROFILING_INFO_start function null from ../todomvc/examples/lavaca_require/js/libs/lavaca.js in 6969_PROFILING_INFO_
lavaca-instrumented.js:3899 _PROFILING_INFO_start function null from ../todomvc/examples/lavaca_require/js/libs/lavaca.js in 5472_PROFILING_INFO_
lavaca-instrumented.js:5677 _PROFILING_INFO_start function null from ../todomvc/examples/lavaca_require/js/libs/lavaca.js in 7928_PROFILING_INFO_
lavaca-instrumented.js:356 _PROFILING_INFO_start function null from ../todomvc/examples/lavaca_require/js/libs/lavaca.js in 447_PROFILING_INFO_
lavaca-instrumented.js:330 _PROFILING_INFO_start function _disposeOf from ../todomvc/examples/lavaca_require/js/libs/lavaca.js in 411_PROFILING_INFO_
