base-instrumented.js:5 _PROFILING_INFO_start function null from ../todomvc/examples/mithril/node_modules/todomvc-common/base.js in 2_PROFILING_INFO_
base-instrumented.js:11 _PROFILING_INFO_start function null from ../todomvc/examples/mithril/node_modules/todomvc-common/base.js in 8_PROFILING_INFO_
base-instrumented.js:136 _PROFILING_INFO_start function redirect from ../todomvc/examples/mithril/node_modules/todomvc-common/base.js in 126_PROFILING_INFO_
base-instrumented.js:153 _PROFILING_INFO_start function getFile from ../todomvc/examples/mithril/node_modules/todomvc-common/base.js in 137_PROFILING_INFO_
base-instrumented.js:145 _PROFILING_INFO_start function findRoot from ../todomvc/examples/mithril/node_modules/todomvc-common/base.js in 132_PROFILING_INFO_
mithril-instrumented.js:5 _PROFILING_INFO_start function app from ../todomvc/examples/mithril/node_modules/mithril/mithril.js in 1_PROFILING_INFO_
mithril-instrumented.js:21 _PROFILING_INFO_start function initialize from ../todomvc/examples/mithril/node_modules/mithril/mithril.js in 12_PROFILING_INFO_
mithril-instrumented.js:610 _PROFILING_INFO_start function null from ../todomvc/examples/mithril/node_modules/mithril/mithril.js in 541_PROFILING_INFO_
mithril-instrumented.js:587 _PROFILING_INFO_start function gettersetter from ../todomvc/examples/mithril/node_modules/mithril/mithril.js in 528_PROFILING_INFO_
todo-instrumented.js:7 _PROFILING_INFO_start function null from ../todomvc/examples/mithril/js/models/todo.js in 5_PROFILING_INFO_
storage-instrumented.js:7 _PROFILING_INFO_start function null from ../todomvc/examples/mithril/js/models/storage.js in 4_PROFILING_INFO_
base-instrumented.js:164 _PROFILING_INFO_start function null from ../todomvc/examples/mithril/node_modules/todomvc-common/base.js in 147_PROFILING_INFO_
base-instrumented.js:174 _PROFILING_INFO_start function Learn from ../todomvc/examples/mithril/node_modules/todomvc-common/base.js in 154_PROFILING_INFO_
base-instrumented.js:212 _PROFILING_INFO_start function null from ../todomvc/examples/mithril/node_modules/todomvc-common/base.js in 199_PROFILING_INFO_
base-instrumented.js:52 _PROFILING_INFO_start function null from ../todomvc/examples/mithril/node_modules/todomvc-common/base.js in 56_PROFILING_INFO_
base-instrumented.js:16 _PROFILING_INFO_start function null from ../todomvc/examples/mithril/node_modules/todomvc-common/base.js in 9_PROFILING_INFO_
base-instrumented.js:66 _PROFILING_INFO_start function null from ../todomvc/examples/mithril/node_modules/todomvc-common/base.js in 70_PROFILING_INFO_
base-instrumented.js:242 _PROFILING_INFO_start function null from ../todomvc/examples/mithril/node_modules/todomvc-common/base.js in 227_PROFILING_INFO_
main-view-instrumented.js:27 _PROFILING_INFO_start function null from ../todomvc/examples/mithril/js/views/main-view.js in 19_PROFILING_INFO_
mithril-instrumented.js:816 _PROFILING_INFO_start function null from ../todomvc/examples/mithril/node_modules/mithril/mithril.js in 676_PROFILING_INFO_
mithril-instrumented.js:840 _PROFILING_INFO_start function null from ../todomvc/examples/mithril/node_modules/mithril/mithril.js in 692_PROFILING_INFO_
mithril-instrumented.js:906 _PROFILING_INFO_start function normalizeRoute from ../todomvc/examples/mithril/node_modules/mithril/mithril.js in 750_PROFILING_INFO_
mithril-instrumented.js:825 _PROFILING_INFO_start function null from ../todomvc/examples/mithril/node_modules/mithril/mithril.js in 682_PROFILING_INFO_
mithril-instrumented.js:913 _PROFILING_INFO_start function routeByValue from ../todomvc/examples/mithril/node_modules/mithril/mithril.js in 753_PROFILING_INFO_
mithril-instrumented.js:980 _PROFILING_INFO_start function buildQueryString from ../todomvc/examples/mithril/node_modules/mithril/mithril.js in 804_PROFILING_INFO_
mithril-instrumented.js:659 _PROFILING_INFO_start function null from ../todomvc/examples/mithril/node_modules/mithril/mithril.js in 568_PROFILING_INFO_
mithril-instrumented.js:592 _PROFILING_INFO_start function null from ../todomvc/examples/mithril/node_modules/mithril/mithril.js in 529_PROFILING_INFO_
mithril-instrumented.js:768 _PROFILING_INFO_start function null from ../todomvc/examples/mithril/node_modules/mithril/mithril.js in 652_PROFILING_INFO_
todo-instrumented.js:7 _PROFILING_INFO_start function null from ../todomvc/examples/mithril/js/controllers/todo.js in 5_PROFILING_INFO_
storage-instrumented.js:14 _PROFILING_INFO_start function null from ../todomvc/examples/mithril/js/models/storage.js in 7_PROFILING_INFO_
mithril-instrumented.js:610 _PROFILING_INFO_start function null from ../todomvc/examples/mithril/node_modules/mithril/mithril.js in 541_PROFILING_INFO_
mithril-instrumented.js:587 _PROFILING_INFO_start function gettersetter from ../todomvc/examples/mithril/node_modules/mithril/mithril.js in 528_PROFILING_INFO_
mithril-instrumented.js:896 _PROFILING_INFO_start function null from ../todomvc/examples/mithril/node_modules/mithril/mithril.js in 745_PROFILING_INFO_
mithril-instrumented.js:784 _PROFILING_INFO_start function null from ../todomvc/examples/mithril/node_modules/mithril/mithril.js in 657_PROFILING_INFO_
mithril-instrumented.js:775 _PROFILING_INFO_start function null from ../todomvc/examples/mithril/node_modules/mithril/mithril.js in 653_PROFILING_INFO_
mithril-instrumented.js:717 _PROFILING_INFO_start function null from ../todomvc/examples/mithril/node_modules/mithril/mithril.js in 610_PROFILING_INFO_
mithril-instrumented.js:744 _PROFILING_INFO_start function redraw from ../todomvc/examples/mithril/node_modules/mithril/mithril.js in 630_PROFILING_INFO_
mithril-instrumented.js:970 _PROFILING_INFO_start function setScroll from ../todomvc/examples/mithril/node_modules/mithril/mithril.js in 800_PROFILING_INFO_
main-view-instrumented.js:33 _PROFILING_INFO_start function null from ../todomvc/examples/mithril/js/views/main-view.js in 22_PROFILING_INFO_
mithril-instrumented.js:32 _PROFILING_INFO_start function m from ../todomvc/examples/mithril/node_modules/mithril/mithril.js in 35_PROFILING_INFO_
main-view-instrumented.js:7 _PROFILING_INFO_start function null from ../todomvc/examples/mithril/js/views/main-view.js in 6_PROFILING_INFO_
mithril-instrumented.js:795 _PROFILING_INFO_start function null from ../todomvc/examples/mithril/node_modules/mithril/mithril.js in 665_PROFILING_INFO_
todo-instrumented.js:131 _PROFILING_INFO_start function null from ../todomvc/examples/mithril/js/controllers/todo.js in 101_PROFILING_INFO_
mithril-instrumented.js:545 _PROFILING_INFO_start function null from ../todomvc/examples/mithril/node_modules/mithril/mithril.js in 505_PROFILING_INFO_
mithril-instrumented.js:570 _PROFILING_INFO_start function getCellCacheKey from ../todomvc/examples/mithril/node_modules/mithril/mithril.js in 517_PROFILING_INFO_
mithril-instrumented.js:434 _PROFILING_INFO_start function clear from ../todomvc/examples/mithril/node_modules/mithril/mithril.js in 429_PROFILING_INFO_
mithril-instrumented.js:79 _PROFILING_INFO_start function build from ../todomvc/examples/mithril/node_modules/mithril/mithril.js in 74_PROFILING_INFO_
mithril-instrumented.js:388 _PROFILING_INFO_start function setAttributes from ../todomvc/examples/mithril/node_modules/mithril/mithril.js in 380_PROFILING_INFO_
mithril-instrumented.js:500 _PROFILING_INFO_start function autoredraw from ../todomvc/examples/mithril/node_modules/mithril/mithril.js in 477_PROFILING_INFO_
mithril-instrumented.js:321 _PROFILING_INFO_start function null from ../todomvc/examples/mithril/node_modules/mithril/mithril.js in 327_PROFILING_INFO_
mithril-instrumented.js:326 _PROFILING_INFO_start function null from ../todomvc/examples/mithril/node_modules/mithril/mithril.js in 328_PROFILING_INFO_
main-view-instrumented.js:45 _PROFILING_INFO_start function null from ../todomvc/examples/mithril/js/views/main-view.js in 30_PROFILING_INFO_
mithril-instrumented.js:882 _PROFILING_INFO_start function null from ../todomvc/examples/mithril/node_modules/mithril/mithril.js in 734_PROFILING_INFO_
mithril-instrumented.js:733 _PROFILING_INFO_start function null from ../todomvc/examples/mithril/node_modules/mithril/mithril.js in 625_PROFILING_INFO_
