base-instrumented.js:5 _PROFILING_INFO_start function null from ../todomvc/examples/ractive/node_modules/todomvc-common/base.js in 2_PROFILING_INFO_
base-instrumented.js:11 _PROFILING_INFO_start function null from ../todomvc/examples/ractive/node_modules/todomvc-common/base.js in 8_PROFILING_INFO_
base-instrumented.js:132 _PROFILING_INFO_start function redirect from ../todomvc/examples/ractive/node_modules/todomvc-common/base.js in 121_PROFILING_INFO_
base-instrumented.js:149 _PROFILING_INFO_start function getFile from ../todomvc/examples/ractive/node_modules/todomvc-common/base.js in 132_PROFILING_INFO_
base-instrumented.js:141 _PROFILING_INFO_start function findRoot from ../todomvc/examples/ractive/node_modules/todomvc-common/base.js in 127_PROFILING_INFO_
​ _PROFILING_INFO_start function null from ../todomvc/examples/ractive/node_modules/todomvc-common/base.js in 142_PROFILING_INFO_
​ _PROFILING_INFO_start function Learn from ../todomvc/examples/ractive/node_modules/todomvc-common/base.js in 149_PROFILING_INFO_
​ _PROFILING_INFO_start function null from ../todomvc/examples/ractive/node_modules/todomvc-common/base.js in 194_PROFILING_INFO_
​ _PROFILING_INFO_start function null from ../todomvc/examples/ractive/node_modules/todomvc-common/base.js in 56_PROFILING_INFO_
​ _PROFILING_INFO_start function null from ../todomvc/examples/ractive/node_modules/todomvc-common/base.js in 9_PROFILING_INFO_
​ _PROFILING_INFO_start function null from ../todomvc/examples/ractive/node_modules/todomvc-common/base.js in 70_PROFILING_INFO_
​ _PROFILING_INFO_start function null from ../todomvc/examples/ractive/node_modules/todomvc-common/base.js in 222_PROFILING_INFO_
​ _PROFILING_INFO_start function null from ../todomvc/examples/ractive/node_modules/ractive/build/Ractive.js in 36_PROFILING_INFO_
​ _PROFILING_INFO_start function null from ../todomvc/examples/ractive/node_modules/ractive/build/Ractive.js in 40_PROFILING_INFO_
​ _PROFILING_INFO_start function null from ../todomvc/examples/ractive/node_modules/ractive/build/Ractive.js in 47_PROFILING_INFO_
​ _PROFILING_INFO_start function null from ../todomvc/examples/ractive/node_modules/ractive/build/Ractive.js in 81_PROFILING_INFO_
​ _PROFILING_INFO_start function null from ../todomvc/examples/ractive/node_modules/ractive/build/Ractive.js in 99_PROFILING_INFO_
​ _PROFILING_INFO_start function null from ../todomvc/examples/ractive/node_modules/ractive/build/Ractive.js in 106_PROFILING_INFO_
​ _PROFILING_INFO_start function null from ../todomvc/examples/ractive/node_modules/ractive/build/Ractive.js in 120_PROFILING_INFO_
​ _PROFILING_INFO_start function null from ../todomvc/examples/ractive/node_modules/ractive/build/Ractive.js in 91_PROFILING_INFO_
​ _PROFILING_INFO_start function null from ../todomvc/examples/ractive/node_modules/ractive/build/Ractive.js in 143_PROFILING_INFO_
​ _PROFILING_INFO_start function null from ../todomvc/examples/ractive/node_modules/ractive/build/Ractive.js in 182_PROFILING_INFO_
​ _PROFILING_INFO_start function null from ../todomvc/examples/ractive/node_modules/ractive/build/Ractive.js in 189_PROFILING_INFO_
​ _PROFILING_INFO_start function null from ../todomvc/examples/ractive/node_modules/ractive/build/Ractive.js in 206_PROFILING_INFO_
​ _PROFILING_INFO_start function null from ../todomvc/examples/ractive/node_modules/ractive/build/Ractive.js in 223_PROFILING_INFO_
​ _PROFILING_INFO_start function null from ../todomvc/examples/ractive/node_modules/ractive/build/Ractive.js in 245_PROFILING_INFO_
​ _PROFILING_INFO_start function null from ../todomvc/examples/ractive/node_modules/ractive/build/Ractive.js in 268_PROFILING_INFO_
​ _PROFILING_INFO_start function null from ../todomvc/examples/ractive/node_modules/ractive/build/Ractive.js in 335_PROFILING_INFO_
​ _PROFILING_INFO_start function null from ../todomvc/examples/ractive/node_modules/ractive/build/Ractive.js in 467_PROFILING_INFO_
​ _PROFILING_INFO_start function null from ../todomvc/examples/ractive/node_modules/ractive/build/Ractive.js in 618_PROFILING_INFO_
​ _PROFILING_INFO_start function null from ../todomvc/examples/ractive/node_modules/ractive/build/Ractive.js in 675_PROFILING_INFO_
​ _PROFILING_INFO_start function null from ../todomvc/examples/ractive/node_modules/ractive/build/Ractive.js in 767_PROFILING_INFO_
​ _PROFILING_INFO_start function null from ../todomvc/examples/ractive/node_modules/ractive/build/Ractive.js in 827_PROFILING_INFO_
​ _PROFILING_INFO_start function null from ../todomvc/examples/ractive/node_modules/ractive/build/Ractive.js in 883_PROFILING_INFO_
​ _PROFILING_INFO_start function null from ../todomvc/examples/ractive/node_modules/ractive/build/Ractive.js in 890_PROFILING_INFO_
​ _PROFILING_INFO_start function null from ../todomvc/examples/ractive/node_modules/ractive/build/Ractive.js in 902_PROFILING_INFO_
​ _PROFILING_INFO_start function null from ../todomvc/examples/ractive/node_modules/ractive/build/Ractive.js in 956_PROFILING_INFO_
​ _PROFILING_INFO_start function null from ../todomvc/examples/ractive/node_modules/ractive/build/Ractive.js in 974_PROFILING_INFO_
​ _PROFILING_INFO_start function null from ../todomvc/examples/ractive/node_modules/ractive/build/Ractive.js in 981_PROFILING_INFO_
​ _PROFILING_INFO_start function null from ../todomvc/examples/ractive/node_modules/ractive/build/Ractive.js in 1018_PROFILING_INFO_
​ _PROFILING_INFO_start function null from ../todomvc/examples/ractive/node_modules/ractive/build/Ractive.js in 1131_PROFILING_INFO_
​ _PROFILING_INFO_start function null from ../todomvc/examples/ractive/node_modules/ractive/build/Ractive.js in 1155_PROFILING_INFO_
​ _PROFILING_INFO_start function null from ../todomvc/examples/ractive/node_modules/ractive/build/Ractive.js in 1174_PROFILING_INFO_
​ _PROFILING_INFO_start function null from ../todomvc/examples/ractive/node_modules/ractive/build/Ractive.js in 1230_PROFILING_INFO_
​ _PROFILING_INFO_start function null from ../todomvc/examples/ractive/node_modules/ractive/build/Ractive.js in 1235_PROFILING_INFO_
​ _PROFILING_INFO_start function null from ../todomvc/examples/ractive/node_modules/ractive/build/Ractive.js in 1264_PROFILING_INFO_
​ _PROFILING_INFO_start function null from ../todomvc/examples/ractive/node_modules/ractive/build/Ractive.js in 1301_PROFILING_INFO_
​ _PROFILING_INFO_start function null from ../todomvc/examples/ractive/node_modules/ractive/build/Ractive.js in 1311_PROFILING_INFO_
​ _PROFILING_INFO_start function null from ../todomvc/examples/ractive/node_modules/ractive/build/Ractive.js in 1317_PROFILING_INFO_
​ _PROFILING_INFO_start function null from ../todomvc/examples/ractive/node_modules/ractive/build/Ractive.js in 1397_PROFILING_INFO_
​ _PROFILING_INFO_start function null from ../todomvc/examples/ractive/node_modules/ractive/build/Ractive.js in 1459_PROFILING_INFO_
​ _PROFILING_INFO_start function null from ../todomvc/examples/ractive/node_modules/ractive/build/Ractive.js in 1479_PROFILING_INFO_
​ _PROFILING_INFO_start function null from ../todomvc/examples/ractive/node_modules/ractive/build/Ractive.js in 1600_PROFILING_INFO_
​ _PROFILING_INFO_start function null from ../todomvc/examples/ractive/node_modules/ractive/build/Ractive.js in 1631_PROFILING_INFO_
​ _PROFILING_INFO_start function null from ../todomvc/examples/ractive/node_modules/ractive/build/Ractive.js in 1653_PROFILING_INFO_
​ _PROFILING_INFO_start function null from ../todomvc/examples/ractive/node_modules/ractive/build/Ractive.js in 1681_PROFILING_INFO_
​ _PROFILING_INFO_start function null from ../todomvc/examples/ractive/node_modules/ractive/build/Ractive.js in 1712_PROFILING_INFO_
​ _PROFILING_INFO_start function null from ../todomvc/examples/ractive/node_modules/ractive/build/Ractive.js in 1767_PROFILING_INFO_
​ _PROFILING_INFO_start function null from ../todomvc/examples/ractive/node_modules/ractive/build/Ractive.js in 1803_PROFILING_INFO_
​ _PROFILING_INFO_start function null from ../todomvc/examples/ractive/node_modules/ractive/build/Ractive.js in 1884_PROFILING_INFO_
​ _PROFILING_INFO_start function null from ../todomvc/examples/ractive/node_modules/ractive/build/Ractive.js in 1915_PROFILING_INFO_
​ _PROFILING_INFO_start function null from ../todomvc/examples/ractive/node_modules/ractive/build/Ractive.js in 1938_PROFILING_INFO_
​ _PROFILING_INFO_start function null from ../todomvc/examples/ractive/node_modules/ractive/build/Ractive.js in 1951_PROFILING_INFO_
​ _PROFILING_INFO_start function null from ../todomvc/examples/ractive/node_modules/ractive/build/Ractive.js in 1960_PROFILING_INFO_
​ _PROFILING_INFO_start function null from ../todomvc/examples/ractive/node_modules/ractive/build/Ractive.js in 1977_PROFILING_INFO_
​ _PROFILING_INFO_start function null from ../todomvc/examples/ractive/node_modules/ractive/build/Ractive.js in 2008_PROFILING_INFO_
​ _PROFILING_INFO_start function null from ../todomvc/examples/ractive/node_modules/ractive/build/Ractive.js in 2021_PROFILING_INFO_
​ _PROFILING_INFO_start function null from ../todomvc/examples/ractive/node_modules/ractive/build/Ractive.js in 2034_PROFILING_INFO_
​ _PROFILING_INFO_start function null from ../todomvc/examples/ractive/node_modules/ractive/build/Ractive.js in 2085_PROFILING_INFO_
​ _PROFILING_INFO_start function null from ../todomvc/examples/ractive/node_modules/ractive/build/Ractive.js in 2096_PROFILING_INFO_
​ _PROFILING_INFO_start function null from ../todomvc/examples/ractive/node_modules/ractive/build/Ractive.js in 2103_PROFILING_INFO_
​ _PROFILING_INFO_start function null from ../todomvc/examples/ractive/node_modules/ractive/build/Ractive.js in 2112_PROFILING_INFO_
​ _PROFILING_INFO_start function null from ../todomvc/examples/ractive/node_modules/ractive/build/Ractive.js in 2121_PROFILING_INFO_
​ _PROFILING_INFO_start function null from ../todomvc/examples/ractive/node_modules/ractive/build/Ractive.js in 2149_PROFILING_INFO_
​ _PROFILING_INFO_start function null from ../todomvc/examples/ractive/node_modules/ractive/build/Ractive.js in 2170_PROFILING_INFO_
​ _PROFILING_INFO_start function null from ../todomvc/examples/ractive/node_modules/ractive/build/Ractive.js in 2176_PROFILING_INFO_
​ _PROFILING_INFO_start function null from ../todomvc/examples/ractive/node_modules/ractive/build/Ractive.js in 2194_PROFILING_INFO_
​ _PROFILING_INFO_start function null from ../todomvc/examples/ractive/node_modules/ractive/build/Ractive.js in 2219_PROFILING_INFO_
​ _PROFILING_INFO_start function null from ../todomvc/examples/ractive/node_modules/ractive/build/Ractive.js in 2258_PROFILING_INFO_
​ _PROFILING_INFO_start function null from ../todomvc/examples/ractive/node_modules/ractive/build/Ractive.js in 2274_PROFILING_INFO_
​ _PROFILING_INFO_start function null from ../todomvc/examples/ractive/node_modules/ractive/build/Ractive.js in 2306_PROFILING_INFO_
​ _PROFILING_INFO_start function null from ../todomvc/examples/ractive/node_modules/ractive/build/Ractive.js in 2319_PROFILING_INFO_
​ _PROFILING_INFO_start function null from ../todomvc/examples/ractive/node_modules/ractive/build/Ractive.js in 2397_PROFILING_INFO_
​ _PROFILING_INFO_start function null from ../todomvc/examples/ractive/node_modules/ractive/build/Ractive.js in 2420_PROFILING_INFO_
​ _PROFILING_INFO_start function null from ../todomvc/examples/ractive/node_modules/ractive/build/Ractive.js in 2542_PROFILING_INFO_
​ _PROFILING_INFO_start function null from ../todomvc/examples/ractive/node_modules/ractive/build/Ractive.js in 2571_PROFILING_INFO_
​ _PROFILING_INFO_start function null from ../todomvc/examples/ractive/node_modules/ractive/build/Ractive.js in 2587_PROFILING_INFO_
​ _PROFILING_INFO_start function null from ../todomvc/examples/ractive/node_modules/ractive/build/Ractive.js in 2601_PROFILING_INFO_
​ _PROFILING_INFO_start function null from ../todomvc/examples/ractive/node_modules/ractive/build/Ractive.js in 2645_PROFILING_INFO_
​ _PROFILING_INFO_start function null from ../todomvc/examples/ractive/node_modules/ractive/build/Ractive.js in 2713_PROFILING_INFO_
​ _PROFILING_INFO_start function null from ../todomvc/examples/ractive/node_modules/ractive/build/Ractive.js in 2748_PROFILING_INFO_
​ _PROFILING_INFO_start function null from ../todomvc/examples/ractive/node_modules/ractive/build/Ractive.js in 2768_PROFILING_INFO_
​ _PROFILING_INFO_start function null from ../todomvc/examples/ractive/node_modules/ractive/build/Ractive.js in 2782_PROFILING_INFO_
​ _PROFILING_INFO_start function null from ../todomvc/examples/ractive/node_modules/ractive/build/Ractive.js in 2823_PROFILING_INFO_
​ _PROFILING_INFO_start function null from ../todomvc/examples/ractive/node_modules/ractive/build/Ractive.js in 2926_PROFILING_INFO_
​ _PROFILING_INFO_start function null from ../todomvc/examples/ractive/node_modules/ractive/build/Ractive.js in 3045_PROFILING_INFO_
​ _PROFILING_INFO_start function null from ../todomvc/examples/ractive/node_modules/ractive/build/Ractive.js in 3062_PROFILING_INFO_
​ _PROFILING_INFO_start function null from ../todomvc/examples/ractive/node_modules/ractive/build/Ractive.js in 3124_PROFILING_INFO_
​ _PROFILING_INFO_start function null from ../todomvc/examples/ractive/node_modules/ractive/build/Ractive.js in 3128_PROFILING_INFO_
​ _PROFILING_INFO_start function null from ../todomvc/examples/ractive/node_modules/ractive/build/Ractive.js in 3362_PROFILING_INFO_
​ _PROFILING_INFO_start function null from ../todomvc/examples/ractive/node_modules/ractive/build/Ractive.js in 3461_PROFILING_INFO_
​ _PROFILING_INFO_start function null from ../todomvc/examples/ractive/node_modules/ractive/build/Ractive.js in 3470_PROFILING_INFO_
​ _PROFILING_INFO_start function null from ../todomvc/examples/ractive/node_modules/ractive/build/Ractive.js in 3475_PROFILING_INFO_
​ _PROFILING_INFO_start function null from ../todomvc/examples/ractive/node_modules/ractive/build/Ractive.js in 3488_PROFILING_INFO_
​ _PROFILING_INFO_start function null from ../todomvc/examples/ractive/node_modules/ractive/build/Ractive.js in 3510_PROFILING_INFO_
​ _PROFILING_INFO_start function null from ../todomvc/examples/ractive/node_modules/ractive/build/Ractive.js in 3536_PROFILING_INFO_
​ _PROFILING_INFO_start function null from ../todomvc/examples/ractive/node_modules/ractive/build/Ractive.js in 3572_PROFILING_INFO_
​ _PROFILING_INFO_start function null from ../todomvc/examples/ractive/node_modules/ractive/build/Ractive.js in 3904_PROFILING_INFO_
​ _PROFILING_INFO_start function null from ../todomvc/examples/ractive/node_modules/ractive/build/Ractive.js in 4080_PROFILING_INFO_
​ _PROFILING_INFO_start function null from ../todomvc/examples/ractive/node_modules/ractive/build/Ractive.js in 4092_PROFILING_INFO_
​ _PROFILING_INFO_start function null from ../todomvc/examples/ractive/node_modules/ractive/build/Ractive.js in 4104_PROFILING_INFO_
​ _PROFILING_INFO_start function null from ../todomvc/examples/ractive/node_modules/ractive/build/Ractive.js in 4117_PROFILING_INFO_
​ _PROFILING_INFO_start function null from ../todomvc/examples/ractive/node_modules/ractive/build/Ractive.js in 4138_PROFILING_INFO_
​ _PROFILING_INFO_start function null from ../todomvc/examples/ractive/node_modules/ractive/build/Ractive.js in 4106_PROFILING_INFO_
​ _PROFILING_INFO_start function null from ../todomvc/examples/ractive/node_modules/ractive/build/Ractive.js in 4164_PROFILING_INFO_
​ _PROFILING_INFO_start function null from ../todomvc/examples/ractive/node_modules/ractive/build/Ractive.js in 4194_PROFILING_INFO_
​ _PROFILING_INFO_start function null from ../todomvc/examples/ractive/node_modules/ractive/build/Ractive.js in 4208_PROFILING_INFO_
​ _PROFILING_INFO_start function null from ../todomvc/examples/ractive/node_modules/ractive/build/Ractive.js in 4212_PROFILING_INFO_
​ _PROFILING_INFO_start function null from ../todomvc/examples/ractive/node_modules/ractive/build/Ractive.js in 4228_PROFILING_INFO_
​ _PROFILING_INFO_start function null from ../todomvc/examples/ractive/node_modules/ractive/build/Ractive.js in 4359_PROFILING_INFO_
​ _PROFILING_INFO_start function null from ../todomvc/examples/ractive/node_modules/ractive/build/Ractive.js in 4390_PROFILING_INFO_
​ _PROFILING_INFO_start function null from ../todomvc/examples/ractive/node_modules/ractive/build/Ractive.js in 4436_PROFILING_INFO_
​ _PROFILING_INFO_start function null from ../todomvc/examples/ractive/node_modules/ractive/build/Ractive.js in 4451_PROFILING_INFO_
​ _PROFILING_INFO_start function null from ../todomvc/examples/ractive/node_modules/ractive/build/Ractive.js in 4498_PROFILING_INFO_
​ _PROFILING_INFO_start function null from ../todomvc/examples/ractive/node_modules/ractive/build/Ractive.js in 4579_PROFILING_INFO_
​ _PROFILING_INFO_start function null from ../todomvc/examples/ractive/node_modules/ractive/build/Ractive.js in 4654_PROFILING_INFO_
​ _PROFILING_INFO_start function null from ../todomvc/examples/ractive/node_modules/ractive/build/Ractive.js in 4679_PROFILING_INFO_
​ _PROFILING_INFO_start function null from ../todomvc/examples/ractive/node_modules/ractive/build/Ractive.js in 4749_PROFILING_INFO_
​ _PROFILING_INFO_start function null from ../todomvc/examples/ractive/node_modules/ractive/build/Ractive.js in 4805_PROFILING_INFO_
​ _PROFILING_INFO_start function null from ../todomvc/examples/ractive/node_modules/ractive/build/Ractive.js in 4814_PROFILING_INFO_
​ _PROFILING_INFO_start function null from ../todomvc/examples/ractive/node_modules/ractive/build/Ractive.js in 4950_PROFILING_INFO_
​ _PROFILING_INFO_start function null from ../todomvc/examples/ractive/node_modules/ractive/build/Ractive.js in 4965_PROFILING_INFO_
​ _PROFILING_INFO_start function null from ../todomvc/examples/ractive/node_modules/ractive/build/Ractive.js in 4982_PROFILING_INFO_
​ _PROFILING_INFO_start function null from ../todomvc/examples/ractive/node_modules/ractive/build/Ractive.js in 4990_PROFILING_INFO_
​ _PROFILING_INFO_start function null from ../todomvc/examples/ractive/node_modules/ractive/build/Ractive.js in 5002_PROFILING_INFO_
​ _PROFILING_INFO_start function null from ../todomvc/examples/ractive/node_modules/ractive/build/Ractive.js in 5009_PROFILING_INFO_
​ _PROFILING_INFO_start function null from ../todomvc/examples/ractive/node_modules/ractive/build/Ractive.js in 5261_PROFILING_INFO_
​ _PROFILING_INFO_start function null from ../todomvc/examples/ractive/node_modules/ractive/build/Ractive.js in 5285_PROFILING_INFO_
​ _PROFILING_INFO_start function null from ../todomvc/examples/ractive/node_modules/ractive/build/Ractive.js in 5373_PROFILING_INFO_
​ _PROFILING_INFO_start function null from ../todomvc/examples/ractive/node_modules/ractive/build/Ractive.js in 5417_PROFILING_INFO_
​ _PROFILING_INFO_start function null from ../todomvc/examples/ractive/node_modules/ractive/build/Ractive.js in 5421_PROFILING_INFO_
​ _PROFILING_INFO_start function null from ../todomvc/examples/ractive/node_modules/ractive/build/Ractive.js in 5442_PROFILING_INFO_
​ _PROFILING_INFO_start function null from ../todomvc/examples/ractive/node_modules/ractive/build/Ractive.js in 5457_PROFILING_INFO_
​ _PROFILING_INFO_start function null from ../todomvc/examples/ractive/node_modules/ractive/build/Ractive.js in 5486_PROFILING_INFO_
​ _PROFILING_INFO_start function null from ../todomvc/examples/ractive/node_modules/ractive/build/Ractive.js in 5494_PROFILING_INFO_
​ _PROFILING_INFO_start function null from ../todomvc/examples/ractive/node_modules/ractive/build/Ractive.js in 5502_PROFILING_INFO_
​ _PROFILING_INFO_start function null from ../todomvc/examples/ractive/node_modules/ractive/build/Ractive.js in 5538_PROFILING_INFO_
​ _PROFILING_INFO_start function null from ../todomvc/examples/ractive/node_modules/ractive/build/Ractive.js in 5572_PROFILING_INFO_
​ _PROFILING_INFO_start function null from ../todomvc/examples/ractive/node_modules/ractive/build/Ractive.js in 5596_PROFILING_INFO_
​ _PROFILING_INFO_start function null from ../todomvc/examples/ractive/node_modules/ractive/build/Ractive.js in 5621_PROFILING_INFO_
​ _PROFILING_INFO_start function null from ../todomvc/examples/ractive/node_modules/ractive/build/Ractive.js in 5643_PROFILING_INFO_
​ _PROFILING_INFO_start function null from ../todomvc/examples/ractive/node_modules/ractive/build/Ractive.js in 5675_PROFILING_INFO_
​ _PROFILING_INFO_start function null from ../todomvc/examples/ractive/node_modules/ractive/build/Ractive.js in 5694_PROFILING_INFO_
​ _PROFILING_INFO_start function null from ../todomvc/examples/ractive/node_modules/ractive/build/Ractive.js in 5751_PROFILING_INFO_
​ _PROFILING_INFO_start function null from ../todomvc/examples/ractive/node_modules/ractive/build/Ractive.js in 5789_PROFILING_INFO_
​ _PROFILING_INFO_start function null from ../todomvc/examples/ractive/node_modules/ractive/build/Ractive.js in 5809_PROFILING_INFO_
​ _PROFILING_INFO_start function null from ../todomvc/examples/ractive/node_modules/ractive/build/Ractive.js in 5829_PROFILING_INFO_
​ _PROFILING_INFO_start function null from ../todomvc/examples/ractive/node_modules/ractive/build/Ractive.js in 6022_PROFILING_INFO_
​ _PROFILING_INFO_start function null from ../todomvc/examples/ractive/node_modules/ractive/build/Ractive.js in 6046_PROFILING_INFO_
​ _PROFILING_INFO_start function null from ../todomvc/examples/ractive/node_modules/ractive/build/Ractive.js in 6067_PROFILING_INFO_
​ _PROFILING_INFO_start function null from ../todomvc/examples/ractive/node_modules/ractive/build/Ractive.js in 6096_PROFILING_INFO_
​ _PROFILING_INFO_start function null from ../todomvc/examples/ractive/node_modules/ractive/build/Ractive.js in 6117_PROFILING_INFO_
​ _PROFILING_INFO_start function null from ../todomvc/examples/ractive/node_modules/ractive/build/Ractive.js in 6139_PROFILING_INFO_
​ _PROFILING_INFO_start function null from ../todomvc/examples/ractive/node_modules/ractive/build/Ractive.js in 6162_PROFILING_INFO_
​ _PROFILING_INFO_start function null from ../todomvc/examples/ractive/node_modules/ractive/build/Ractive.js in 6183_PROFILING_INFO_
​ _PROFILING_INFO_start function null from ../todomvc/examples/ractive/node_modules/ractive/build/Ractive.js in 6190_PROFILING_INFO_
​ _PROFILING_INFO_start function null from ../todomvc/examples/ractive/node_modules/ractive/build/Ractive.js in 6246_PROFILING_INFO_
​ _PROFILING_INFO_start function null from ../todomvc/examples/ractive/node_modules/ractive/build/Ractive.js in 6271_PROFILING_INFO_
​ _PROFILING_INFO_start function null from ../todomvc/examples/ractive/node_modules/ractive/build/Ractive.js in 6277_PROFILING_INFO_
​ _PROFILING_INFO_start function null from ../todomvc/examples/ractive/node_modules/ractive/build/Ractive.js in 6311_PROFILING_INFO_
​ _PROFILING_INFO_start function null from ../todomvc/examples/ractive/node_modules/ractive/build/Ractive.js in 6349_PROFILING_INFO_
​ _PROFILING_INFO_start function null from ../todomvc/examples/ractive/node_modules/ractive/build/Ractive.js in 6371_PROFILING_INFO_
​ _PROFILING_INFO_start function null from ../todomvc/examples/ractive/node_modules/ractive/build/Ractive.js in 6352_PROFILING_INFO_
​ _PROFILING_INFO_start function null from ../todomvc/examples/ractive/node_modules/ractive/build/Ractive.js in 6383_PROFILING_INFO_
​ _PROFILING_INFO_start function null from ../todomvc/examples/ractive/node_modules/ractive/build/Ractive.js in 6419_PROFILING_INFO_
​ _PROFILING_INFO_start function null from ../todomvc/examples/ractive/node_modules/ractive/build/Ractive.js in 6386_PROFILING_INFO_
​ _PROFILING_INFO_start function null from ../todomvc/examples/ractive/node_modules/ractive/build/Ractive.js in 6431_PROFILING_INFO_
​ _PROFILING_INFO_start function null from ../todomvc/examples/ractive/node_modules/ractive/build/Ractive.js in 6472_PROFILING_INFO_
​ _PROFILING_INFO_start function null from ../todomvc/examples/ractive/node_modules/ractive/build/Ractive.js in 6478_PROFILING_INFO_
​ _PROFILING_INFO_start function null from ../todomvc/examples/ractive/node_modules/ractive/build/Ractive.js in 6533_PROFILING_INFO_
​ _PROFILING_INFO_start function null from ../todomvc/examples/ractive/node_modules/ractive/build/Ractive.js in 6562_PROFILING_INFO_
​ _PROFILING_INFO_start function null from ../todomvc/examples/ractive/node_modules/ractive/build/Ractive.js in 6912_PROFILING_INFO_
​ _PROFILING_INFO_start function null from ../todomvc/examples/ractive/node_modules/ractive/build/Ractive.js in 6922_PROFILING_INFO_
​ _PROFILING_INFO_start function null from ../todomvc/examples/ractive/node_modules/ractive/build/Ractive.js in 6941_PROFILING_INFO_
​ _PROFILING_INFO_start function null from ../todomvc/examples/ractive/node_modules/ractive/build/Ractive.js in 6951_PROFILING_INFO_
​ _PROFILING_INFO_start function null from ../todomvc/examples/ractive/node_modules/ractive/build/Ractive.js in 7038_PROFILING_INFO_
​ _PROFILING_INFO_start function null from ../todomvc/examples/ractive/node_modules/ractive/build/Ractive.js in 7072_PROFILING_INFO_
​ _PROFILING_INFO_start function null from ../todomvc/examples/ractive/node_modules/ractive/build/Ractive.js in 7089_PROFILING_INFO_
​ _PROFILING_INFO_start function null from ../todomvc/examples/ractive/node_modules/ractive/build/Ractive.js in 7105_PROFILING_INFO_
​ _PROFILING_INFO_start function null from ../todomvc/examples/ractive/node_modules/ractive/build/Ractive.js in 7162_PROFILING_INFO_
​ _PROFILING_INFO_start function null from ../todomvc/examples/ractive/node_modules/ractive/build/Ractive.js in 7173_PROFILING_INFO_
​ _PROFILING_INFO_start function null from ../todomvc/examples/ractive/node_modules/ractive/build/Ractive.js in 7218_PROFILING_INFO_
​ _PROFILING_INFO_start function null from ../todomvc/examples/ractive/node_modules/ractive/build/Ractive.js in 7277_PROFILING_INFO_
​ _PROFILING_INFO_start function null from ../todomvc/examples/ractive/node_modules/ractive/build/Ractive.js in 7333_PROFILING_INFO_
​ _PROFILING_INFO_start function null from ../todomvc/examples/ractive/node_modules/ractive/build/Ractive.js in 7362_PROFILING_INFO_
​ _PROFILING_INFO_start function null from ../todomvc/examples/ractive/node_modules/ractive/build/Ractive.js in 7388_PROFILING_INFO_
​ _PROFILING_INFO_start function null from ../todomvc/examples/ractive/node_modules/ractive/build/Ractive.js in 7411_PROFILING_INFO_
​ _PROFILING_INFO_start function null from ../todomvc/examples/ractive/node_modules/ractive/build/Ractive.js in 7473_PROFILING_INFO_
​ _PROFILING_INFO_start function null from ../todomvc/examples/ractive/node_modules/ractive/build/Ractive.js in 7537_PROFILING_INFO_
​ _PROFILING_INFO_start function null from ../todomvc/examples/ractive/node_modules/ractive/build/Ractive.js in 7641_PROFILING_INFO_
​ _PROFILING_INFO_start function null from ../todomvc/examples/ractive/node_modules/ractive/build/Ractive.js in 7652_PROFILING_INFO_
​ _PROFILING_INFO_start function null from ../todomvc/examples/ractive/node_modules/ractive/build/Ractive.js in 7685_PROFILING_INFO_
​ _PROFILING_INFO_start function null from ../todomvc/examples/ractive/node_modules/ractive/build/Ractive.js in 7743_PROFILING_INFO_
​ _PROFILING_INFO_start function null from ../todomvc/examples/ractive/node_modules/ractive/build/Ractive.js in 7806_PROFILING_INFO_
​ _PROFILING_INFO_start function null from ../todomvc/examples/ractive/node_modules/ractive/build/Ractive.js in 7863_PROFILING_INFO_
​ _PROFILING_INFO_start function null from ../todomvc/examples/ractive/node_modules/ractive/build/Ractive.js in 7898_PROFILING_INFO_
​ _PROFILING_INFO_start function null from ../todomvc/examples/ractive/node_modules/ractive/build/Ractive.js in 7941_PROFILING_INFO_
​ _PROFILING_INFO_start function null from ../todomvc/examples/ractive/node_modules/ractive/build/Ractive.js in 7962_PROFILING_INFO_
​ _PROFILING_INFO_start function null from ../todomvc/examples/ractive/node_modules/ractive/build/Ractive.js in 8006_PROFILING_INFO_
​ _PROFILING_INFO_start function null from ../todomvc/examples/ractive/node_modules/ractive/build/Ractive.js in 8033_PROFILING_INFO_
​ _PROFILING_INFO_start function null from ../todomvc/examples/ractive/node_modules/ractive/build/Ractive.js in 8046_PROFILING_INFO_
​ _PROFILING_INFO_start function null from ../todomvc/examples/ractive/node_modules/ractive/build/Ractive.js in 8072_PROFILING_INFO_
​ _PROFILING_INFO_start function null from ../todomvc/examples/ractive/node_modules/ractive/build/Ractive.js in 8124_PROFILING_INFO_
​ _PROFILING_INFO_start function null from ../todomvc/examples/ractive/node_modules/ractive/build/Ractive.js in 8153_PROFILING_INFO_
​ _PROFILING_INFO_start function null from ../todomvc/examples/ractive/node_modules/ractive/build/Ractive.js in 8347_PROFILING_INFO_
​ _PROFILING_INFO_start function null from ../todomvc/examples/ractive/node_modules/ractive/build/Ractive.js in 8371_PROFILING_INFO_
​ _PROFILING_INFO_start function null from ../todomvc/examples/ractive/node_modules/ractive/build/Ractive.js in 8378_PROFILING_INFO_
​ _PROFILING_INFO_start function null from ../todomvc/examples/ractive/node_modules/ractive/build/Ractive.js in 8384_PROFILING_INFO_
​ _PROFILING_INFO_start function null from ../todomvc/examples/ractive/node_modules/ractive/build/Ractive.js in 8402_PROFILING_INFO_
​ _PROFILING_INFO_start function null from ../todomvc/examples/ractive/node_modules/ractive/build/Ractive.js in 8425_PROFILING_INFO_
​ _PROFILING_INFO_start function null from ../todomvc/examples/ractive/node_modules/ractive/build/Ractive.js in 8431_PROFILING_INFO_
​ _PROFILING_INFO_start function null from ../todomvc/examples/ractive/node_modules/ractive/build/Ractive.js in 8437_PROFILING_INFO_
​ _PROFILING_INFO_start function null from ../todomvc/examples/ractive/node_modules/ractive/build/Ractive.js in 8451_PROFILING_INFO_
​ _PROFILING_INFO_start function null from ../todomvc/examples/ractive/node_modules/ractive/build/Ractive.js in 8483_PROFILING_INFO_
​ _PROFILING_INFO_start function null from ../todomvc/examples/ractive/node_modules/ractive/build/Ractive.js in 8500_PROFILING_INFO_
​ _PROFILING_INFO_start function null from ../todomvc/examples/ractive/node_modules/ractive/build/Ractive.js in 8589_PROFILING_INFO_
​ _PROFILING_INFO_start function null from ../todomvc/examples/ractive/node_modules/ractive/build/Ractive.js in 8595_PROFILING_INFO_
​ _PROFILING_INFO_start function null from ../todomvc/examples/ractive/node_modules/ractive/build/Ractive.js in 8607_PROFILING_INFO_
​ _PROFILING_INFO_start function null from ../todomvc/examples/ractive/node_modules/ractive/build/Ractive.js in 8635_PROFILING_INFO_
​ _PROFILING_INFO_start function null from ../todomvc/examples/ractive/node_modules/ractive/build/Ractive.js in 8646_PROFILING_INFO_
​ _PROFILING_INFO_start function null from ../todomvc/examples/ractive/node_modules/ractive/build/Ractive.js in 8665_PROFILING_INFO_
​ _PROFILING_INFO_start function null from ../todomvc/examples/ractive/node_modules/ractive/build/Ractive.js in 8678_PROFILING_INFO_
​ _PROFILING_INFO_start function null from ../todomvc/examples/ractive/node_modules/ractive/build/Ractive.js in 8694_PROFILING_INFO_
​ _PROFILING_INFO_start function null from ../todomvc/examples/ractive/node_modules/ractive/build/Ractive.js in 8706_PROFILING_INFO_
​ _PROFILING_INFO_start function null from ../todomvc/examples/ractive/node_modules/ractive/build/Ractive.js in 8711_PROFILING_INFO_
​ _PROFILING_INFO_start function null from ../todomvc/examples/ractive/node_modules/ractive/build/Ractive.js in 8748_PROFILING_INFO_
​ _PROFILING_INFO_start function null from ../todomvc/examples/ractive/node_modules/ractive/build/Ractive.js in 8763_PROFILING_INFO_
​ _PROFILING_INFO_start function null from ../todomvc/examples/ractive/node_modules/ractive/build/Ractive.js in 8784_PROFILING_INFO_
​ _PROFILING_INFO_start function null from ../todomvc/examples/ractive/node_modules/ractive/build/Ractive.js in 8800_PROFILING_INFO_
​ _PROFILING_INFO_start function null from ../todomvc/examples/ractive/node_modules/ractive/build/Ractive.js in 8812_PROFILING_INFO_
​ _PROFILING_INFO_start function null from ../todomvc/examples/ractive/node_modules/ractive/build/Ractive.js in 8826_PROFILING_INFO_
​ _PROFILING_INFO_start function null from ../todomvc/examples/ractive/node_modules/ractive/build/Ractive.js in 9033_PROFILING_INFO_
​ _PROFILING_INFO_start function null from ../todomvc/examples/ractive/node_modules/ractive/build/Ractive.js in 9053_PROFILING_INFO_
​ _PROFILING_INFO_start function null from ../todomvc/examples/ractive/node_modules/ractive/build/Ractive.js in 9075_PROFILING_INFO_
​ _PROFILING_INFO_start function null from ../todomvc/examples/ractive/node_modules/ractive/build/Ractive.js in 9107_PROFILING_INFO_
​ _PROFILING_INFO_start function null from ../todomvc/examples/ractive/node_modules/ractive/build/Ractive.js in 9056_PROFILING_INFO_
​ _PROFILING_INFO_start function null from ../todomvc/examples/ractive/node_modules/ractive/build/Ractive.js in 7809_PROFILING_INFO_
​ _PROFILING_INFO_start function null from ../todomvc/examples/ractive/node_modules/ractive/build/Ractive.js in 6536_PROFILING_INFO_
​ _PROFILING_INFO_start function null from ../todomvc/examples/ractive/node_modules/ractive/build/Ractive.js in 4682_PROFILING_INFO_
​ _PROFILING_INFO_start function null from ../todomvc/examples/ractive/node_modules/ractive/build/Ractive.js in 4393_PROFILING_INFO_
​ _PROFILING_INFO_start function null from ../todomvc/examples/ractive/node_modules/ractive/build/Ractive.js in 3131_PROFILING_INFO_
​ _PROFILING_INFO_start function null from ../todomvc/examples/ractive/node_modules/director/build/director.js in 8_PROFILING_INFO_
​ _PROFILING_INFO_start function null from ../todomvc/examples/ractive/js/app.js in 2_PROFILING_INFO_
​ _PROFILING_INFO_start function null from ../todomvc/examples/ractive/js/app.js in 61_PROFILING_INFO_
​ _PROFILING_INFO_start function null from ../todomvc/examples/ractive/js/app.js in 62_PROFILING_INFO_
​ _PROFILING_INFO_start function null from ../todomvc/examples/ractive/node_modules/ractive/build/Ractive.js in 9077_PROFILING_INFO_
​ _PROFILING_INFO_start function null from ../todomvc/examples/ractive/node_modules/ractive/build/Ractive.js in 8902_PROFILING_INFO_
​ _PROFILING_INFO_start function null from ../todomvc/examples/ractive/node_modules/ractive/build/Ractive.js in 8829_PROFILING_INFO_
​ _PROFILING_INFO_start function null from ../todomvc/examples/ractive/node_modules/ractive/build/Ractive.js in 8832_PROFILING_INFO_
​ _PROFILING_INFO_start function null from ../todomvc/examples/ractive/node_modules/ractive/build/Ractive.js in 8915_PROFILING_INFO_
​ _PROFILING_INFO_start function null from ../todomvc/examples/ractive/node_modules/ractive/build/Ractive.js in 2196_PROFILING_INFO_
​ _PROFILING_INFO_start function null from ../todomvc/examples/ractive/node_modules/ractive/build/Ractive.js in 8982_PROFILING_INFO_
​ _PROFILING_INFO_start function null from ../todomvc/examples/ractive/node_modules/ractive/build/Ractive.js in 8814_PROFILING_INFO_
​ _PROFILING_INFO_start function null from ../todomvc/examples/ractive/node_modules/ractive/build/Ractive.js in 7691_PROFILING_INFO_
​ _PROFILING_INFO_start function null from ../todomvc/examples/ractive/node_modules/ractive/build/Ractive.js in 6539_PROFILING_INFO_
​ _PROFILING_INFO_start function null from ../todomvc/examples/ractive/node_modules/ractive/build/Ractive.js in 5574_PROFILING_INFO_
​ _PROFILING_INFO_start function null from ../todomvc/examples/ractive/node_modules/ractive/build/Ractive.js in 6481_PROFILING_INFO_
​ _PROFILING_INFO_start function null from ../todomvc/examples/ractive/node_modules/ractive/build/Ractive.js in 6497_PROFILING_INFO_
​ _PROFILING_INFO_start function null from ../todomvc/examples/ractive/node_modules/ractive/build/Ractive.js in 5753_PROFILING_INFO_
​ _PROFILING_INFO_start function getMustache from ../todomvc/examples/ractive/node_modules/ractive/build/Ractive.js in 5757_PROFILING_INFO_
​ _PROFILING_INFO_start function null from ../todomvc/examples/ractive/node_modules/ractive/build/Ractive.js in 4082_PROFILING_INFO_
​ _PROFILING_INFO_start function null from ../todomvc/examples/ractive/node_modules/ractive/build/Ractive.js in 5791_PROFILING_INFO_
​ _PROFILING_INFO_start function null from ../todomvc/examples/ractive/node_modules/ractive/build/Ractive.js in 5832_PROFILING_INFO_
​ _PROFILING_INFO_start function null from ../todomvc/examples/ractive/node_modules/ractive/build/Ractive.js in 5835_PROFILING_INFO_
​ _PROFILING_INFO_start function null from ../todomvc/examples/ractive/node_modules/ractive/build/Ractive.js in 5871_PROFILING_INFO_
​ _PROFILING_INFO_start function null from ../todomvc/examples/ractive/node_modules/ractive/build/Ractive.js in 6024_PROFILING_INFO_
​ _PROFILING_INFO_start function null from ../todomvc/examples/ractive/node_modules/ractive/build/Ractive.js in 6508_PROFILING_INFO_
​ _PROFILING_INFO_start function null from ../todomvc/examples/ractive/node_modules/ractive/build/Ractive.js in 5811_PROFILING_INFO_
​ _PROFILING_INFO_start function null from ../todomvc/examples/ractive/node_modules/ractive/build/Ractive.js in 4107_PROFILING_INFO_
​ _PROFILING_INFO_start function null from ../todomvc/examples/ractive/node_modules/ractive/build/Ractive.js in 5904_PROFILING_INFO_
​ _PROFILING_INFO_start function null from ../todomvc/examples/ractive/node_modules/ractive/build/Ractive.js in 4095_PROFILING_INFO_
​ _PROFILING_INFO_start function null from ../todomvc/examples/ractive/node_modules/ractive/build/Ractive.js in 5921_PROFILING_INFO_
​ _PROFILING_INFO_start function null from ../todomvc/examples/ractive/node_modules/ractive/build/Ractive.js in 5935_PROFILING_INFO_
​ _PROFILING_INFO_start function null from ../todomvc/examples/ractive/node_modules/ractive/build/Ractive.js in 5981_PROFILING_INFO_
​ _PROFILING_INFO_start function null from ../todomvc/examples/ractive/node_modules/ractive/build/Ractive.js in 5999_PROFILING_INFO_
​ _PROFILING_INFO_start function null from ../todomvc/examples/ractive/node_modules/ractive/build/Ractive.js in 5646_PROFILING_INFO_
​ _PROFILING_INFO_start function null from ../todomvc/examples/ractive/node_modules/ractive/build/Ractive.js in 5697_PROFILING_INFO_
​ _PROFILING_INFO_start function null from ../todomvc/examples/ractive/node_modules/ractive/build/Ractive.js in 6474_PROFILING_INFO_
​ _PROFILING_INFO_start function null from ../todomvc/examples/ractive/node_modules/ractive/build/Ractive.js in 6433_PROFILING_INFO_
​ _PROFILING_INFO_start function null from ../todomvc/examples/ractive/node_modules/ractive/build/Ractive.js in 6387_PROFILING_INFO_
​ _PROFILING_INFO_start function null from ../todomvc/examples/ractive/node_modules/ractive/build/Ractive.js in 6353_PROFILING_INFO_
​ _PROFILING_INFO_start function null from ../todomvc/examples/ractive/node_modules/ractive/build/Ractive.js in 6313_PROFILING_INFO_
​ _PROFILING_INFO_start function null from ../todomvc/examples/ractive/node_modules/ractive/build/Ractive.js in 6273_PROFILING_INFO_
​ _PROFILING_INFO_start function null from ../todomvc/examples/ractive/node_modules/ractive/build/Ractive.js in 6185_PROFILING_INFO_
​ _PROFILING_INFO_start function null from ../todomvc/examples/ractive/node_modules/ractive/build/Ractive.js in 4197_PROFILING_INFO_
​ _PROFILING_INFO_start function null from ../todomvc/examples/ractive/node_modules/ractive/build/Ractive.js in 6048_PROFILING_INFO_
​ _PROFILING_INFO_start function null from ../todomvc/examples/ractive/node_modules/ractive/build/Ractive.js in 4166_PROFILING_INFO_
​ _PROFILING_INFO_start function null from ../todomvc/examples/ractive/node_modules/ractive/build/Ractive.js in 6119_PROFILING_INFO_
​ _PROFILING_INFO_start function null from ../todomvc/examples/ractive/node_modules/ractive/build/Ractive.js in 6164_PROFILING_INFO_
​ _PROFILING_INFO_start function null from ../todomvc/examples/ractive/node_modules/ractive/build/Ractive.js in 6203_PROFILING_INFO_
​ _PROFILING_INFO_start function null from ../todomvc/examples/ractive/node_modules/ractive/build/Ractive.js in 6248_PROFILING_INFO_
​ _PROFILING_INFO_start function null from ../todomvc/examples/ractive/node_modules/ractive/build/Ractive.js in 5685_PROFILING_INFO_
​ _PROFILING_INFO_start function null from ../todomvc/examples/ractive/node_modules/ractive/build/Ractive.js in 6194_PROFILING_INFO_
​ _PROFILING_INFO_start function getRefinement from ../todomvc/examples/ractive/node_modules/ractive/build/Ractive.js in 6279_PROFILING_INFO_
​ _PROFILING_INFO_start function getExpressionList from ../todomvc/examples/ractive/node_modules/ractive/build/Ractive.js in 6141_PROFILING_INFO_
​ _PROFILING_INFO_start function getQuotedString from ../todomvc/examples/ractive/node_modules/ractive/build/Ractive.js in 4141_PROFILING_INFO_
​ _PROFILING_INFO_start function null from ../todomvc/examples/ractive/node_modules/ractive/build/Ractive.js in 4119_PROFILING_INFO_
​ _PROFILING_INFO_start function getEscapedChar from ../todomvc/examples/ractive/node_modules/ractive/build/Ractive.js in 4128_PROFILING_INFO_
​ _PROFILING_INFO_start function null from ../todomvc/examples/ractive/node_modules/ractive/build/Ractive.js in 5598_PROFILING_INFO_
​ _PROFILING_INFO_start function null from ../todomvc/examples/ractive/node_modules/ractive/build/Ractive.js in 5623_PROFILING_INFO_
​ _PROFILING_INFO_start function null from ../todomvc/examples/ractive/node_modules/ractive/build/Ractive.js in 7655_PROFILING_INFO_
​ _PROFILING_INFO_start function null from ../todomvc/examples/ractive/node_modules/ractive/build/Ractive.js in 7668_PROFILING_INFO_
​ _PROFILING_INFO_start function null from ../todomvc/examples/ractive/node_modules/ractive/build/Ractive.js in 7679_PROFILING_INFO_
​ _PROFILING_INFO_start function null from ../todomvc/examples/ractive/node_modules/ractive/build/Ractive.js in 6914_PROFILING_INFO_
​ _PROFILING_INFO_start function null from ../todomvc/examples/ractive/node_modules/ractive/build/Ractive.js in 6943_PROFILING_INFO_
​ _PROFILING_INFO_start function null from ../todomvc/examples/ractive/node_modules/ractive/build/Ractive.js in 7164_PROFILING_INFO_
​ _PROFILING_INFO_start function null from ../todomvc/examples/ractive/node_modules/ractive/build/Ractive.js in 7643_PROFILING_INFO_
​ _PROFILING_INFO_start function null from ../todomvc/examples/ractive/node_modules/ractive/build/Ractive.js in 7540_PROFILING_INFO_
​ _PROFILING_INFO_start function null from ../todomvc/examples/ractive/node_modules/ractive/build/Ractive.js in 7220_PROFILING_INFO_
​ _PROFILING_INFO_start function null from ../todomvc/examples/ractive/node_modules/ractive/build/Ractive.js in 7543_PROFILING_INFO_
​ _PROFILING_INFO_start function null from ../todomvc/examples/ractive/node_modules/ractive/build/Ractive.js in 7365_PROFILING_INFO_
​ _PROFILING_INFO_start function null from ../todomvc/examples/ractive/node_modules/ractive/build/Ractive.js in 7336_PROFILING_INFO_
​ _PROFILING_INFO_start function null from ../todomvc/examples/ractive/node_modules/ractive/build/Ractive.js in 7347_PROFILING_INFO_
​ _PROFILING_INFO_start function null from ../todomvc/examples/ractive/node_modules/ractive/build/Ractive.js in 7356_PROFILING_INFO_
​ _PROFILING_INFO_start function null from ../todomvc/examples/ractive/node_modules/ractive/build/Ractive.js in 6565_PROFILING_INFO_
​ _PROFILING_INFO_start function null from ../todomvc/examples/ractive/node_modules/ractive/build/Ractive.js in 7279_PROFILING_INFO_
​ _PROFILING_INFO_start function null from ../todomvc/examples/ractive/node_modules/ractive/build/Ractive.js in 7107_PROFILING_INFO_
​ _PROFILING_INFO_start function null from ../todomvc/examples/ractive/node_modules/ractive/build/Ractive.js in 7040_PROFILING_INFO_
​ _PROFILING_INFO_start function null from ../todomvc/examples/ractive/node_modules/ractive/build/Ractive.js in 6954_PROFILING_INFO_
​ _PROFILING_INFO_start function null from ../todomvc/examples/ractive/node_modules/ractive/build/Ractive.js in 6971_PROFILING_INFO_
​ _PROFILING_INFO_start function null from ../todomvc/examples/ractive/node_modules/ractive/build/Ractive.js in 886_PROFILING_INFO_
​ _PROFILING_INFO_start function null from ../todomvc/examples/ractive/node_modules/ractive/build/Ractive.js in 6999_PROFILING_INFO_
​ _PROFILING_INFO_start function null from ../todomvc/examples/ractive/node_modules/ractive/build/Ractive.js in 7091_PROFILING_INFO_
​ _PROFILING_INFO_start function null from ../todomvc/examples/ractive/node_modules/ractive/build/Ractive.js in 7074_PROFILING_INFO_
​ _PROFILING_INFO_start function null from ../todomvc/examples/ractive/node_modules/ractive/build/Ractive.js in 7477_PROFILING_INFO_
​ _PROFILING_INFO_start function null from ../todomvc/examples/ractive/node_modules/ractive/build/Ractive.js in 6573_PROFILING_INFO_
​ _PROFILING_INFO_start function null from ../todomvc/examples/ractive/node_modules/ractive/build/Ractive.js in 7099_PROFILING_INFO_
​ _PROFILING_INFO_start function null from ../todomvc/examples/ractive/node_modules/ractive/build/Ractive.js in 7413_PROFILING_INFO_
​ _PROFILING_INFO_start function null from ../todomvc/examples/ractive/node_modules/ractive/build/Ractive.js in 7370_PROFILING_INFO_
​ _PROFILING_INFO_start function null from ../todomvc/examples/ractive/node_modules/ractive/build/Ractive.js in 6570_PROFILING_INFO_
​ _PROFILING_INFO_start function null from ../todomvc/examples/ractive/node_modules/ractive/build/Ractive.js in 6893_PROFILING_INFO_
​ _PROFILING_INFO_start function null from ../todomvc/examples/ractive/node_modules/ractive/build/Ractive.js in 7390_PROFILING_INFO_
​ _PROFILING_INFO_start function null from ../todomvc/examples/ractive/node_modules/ractive/build/Ractive.js in 7132_PROFILING_INFO_
​ _PROFILING_INFO_start function null from ../todomvc/examples/ractive/node_modules/ractive/build/Ractive.js in 7066_PROFILING_INFO_
​ _PROFILING_INFO_start function null from ../todomvc/examples/ractive/node_modules/ractive/build/Ractive.js in 7051_PROFILING_INFO_
​ _PROFILING_INFO_start function null from ../todomvc/examples/ractive/node_modules/ractive/build/Ractive.js in 6960_PROFILING_INFO_
​ _PROFILING_INFO_start function null from ../todomvc/examples/ractive/node_modules/ractive/build/Ractive.js in 7156_PROFILING_INFO_
​ _PROFILING_INFO_start function null from ../todomvc/examples/ractive/node_modules/ractive/build/Ractive.js in 7378_PROFILING_INFO_
​ _PROFILING_INFO_start function null from ../todomvc/examples/ractive/node_modules/ractive/build/Ractive.js in 8349_PROFILING_INFO_
​ _PROFILING_INFO_start function null from ../todomvc/examples/ractive/node_modules/ractive/build/Ractive.js in 270_PROFILING_INFO_
​ _PROFILING_INFO_start function null from ../todomvc/examples/ractive/node_modules/ractive/build/Ractive.js in 8155_PROFILING_INFO_
​ _PROFILING_INFO_start function null from ../todomvc/examples/ractive/node_modules/ractive/build/Ractive.js in 2221_PROFILING_INFO_
​ _PROFILING_INFO_start function null from ../todomvc/examples/ractive/node_modules/ractive/build/Ractive.js in 8184_PROFILING_INFO_
​ _PROFILING_INFO_start function null from ../todomvc/examples/ractive/node_modules/ractive/build/Ractive.js in 5540_PROFILING_INFO_
​ _PROFILING_INFO_start function null from ../todomvc/examples/ractive/node_modules/ractive/build/Ractive.js in 5287_PROFILING_INFO_
​ _PROFILING_INFO_start function null from ../todomvc/examples/ractive/node_modules/ractive/build/Ractive.js in 3463_PROFILING_INFO_
​ _PROFILING_INFO_start function null from ../todomvc/examples/ractive/node_modules/ractive/build/Ractive.js in 91_PROFILING_INFO_
​ _PROFILING_INFO_start function null from ../todomvc/examples/ractive/node_modules/ractive/build/Ractive.js in 4656_PROFILING_INFO_
​ _PROFILING_INFO_start function null from ../todomvc/examples/ractive/node_modules/ractive/build/Ractive.js in 4581_PROFILING_INFO_
​ _PROFILING_INFO_start function null from ../todomvc/examples/ractive/node_modules/ractive/build/Ractive.js in 3490_PROFILING_INFO_
​ _PROFILING_INFO_start function null from ../todomvc/examples/ractive/node_modules/ractive/build/Ractive.js in 3512_PROFILING_INFO_
​ _PROFILING_INFO_start function null from ../todomvc/examples/ractive/node_modules/ractive/build/Ractive.js in 3907_PROFILING_INFO_
​ _PROFILING_INFO_start function null from ../todomvc/examples/ractive/node_modules/ractive/build/Ractive.js in 4698_PROFILING_INFO_
​ _PROFILING_INFO_start function null from ../todomvc/examples/ractive/node_modules/ractive/build/Ractive.js in 5504_PROFILING_INFO_
​ _PROFILING_INFO_start function null from ../todomvc/examples/ractive/node_modules/ractive/build/Ractive.js in 4967_PROFILING_INFO_
​ _PROFILING_INFO_start function null from ../todomvc/examples/ractive/node_modules/ractive/build/Ractive.js in 2279_PROFILING_INFO_
​ _PROFILING_INFO_start function null from ../todomvc/examples/ractive/node_modules/ractive/build/Ractive.js in 4952_PROFILING_INFO_
​ _PROFILING_INFO_start function null from ../todomvc/examples/ractive/node_modules/ractive/build/Ractive.js in 4817_PROFILING_INFO_
​ _PROFILING_INFO_start function null from ../todomvc/examples/ractive/node_modules/ractive/build/Ractive.js in 4823_PROFILING_INFO_
​ _PROFILING_INFO_start function null from ../todomvc/examples/ractive/node_modules/ractive/build/Ractive.js in 4936_PROFILING_INFO_
​ _PROFILING_INFO_start function null from ../todomvc/examples/ractive/js/app.js in 63_PROFILING_INFO_
​ _PROFILING_INFO_start function null from ../todomvc/examples/ractive/node_modules/ractive/build/Ractive.js in 4841_PROFILING_INFO_
​ _PROFILING_INFO_start function null from ../todomvc/examples/ractive/node_modules/ractive/build/Ractive.js in 4863_PROFILING_INFO_
​ _PROFILING_INFO_start function null from ../todomvc/examples/ractive/node_modules/ractive/build/Ractive.js in 3134_PROFILING_INFO_
​ _PROFILING_INFO_start function null from ../todomvc/examples/ractive/node_modules/ractive/build/Ractive.js in 2715_PROFILING_INFO_
​ _PROFILING_INFO_start function null from ../todomvc/examples/ractive/node_modules/ractive/build/Ractive.js in 905_PROFILING_INFO_
​ _PROFILING_INFO_start function null from ../todomvc/examples/ractive/node_modules/ractive/build/Ractive.js in 830_PROFILING_INFO_
​ _PROFILING_INFO_start function null from ../todomvc/examples/ractive/node_modules/ractive/build/Ractive.js in 837_PROFILING_INFO_
​ _PROFILING_INFO_start function null from ../todomvc/examples/ractive/node_modules/ractive/build/Ractive.js in 146_PROFILING_INFO_
​ _PROFILING_INFO_start function null from ../todomvc/examples/ractive/node_modules/ractive/build/Ractive.js in 857_PROFILING_INFO_
​ _PROFILING_INFO_start function null from ../todomvc/examples/ractive/node_modules/ractive/build/Ractive.js in 770_PROFILING_INFO_
​ _PROFILING_INFO_start function null from ../todomvc/examples/ractive/node_modules/ractive/build/Ractive.js in 471_PROFILING_INFO_
​ _PROFILING_INFO_start function null from ../todomvc/examples/ractive/node_modules/ractive/build/Ractive.js in 185_PROFILING_INFO_
​ _PROFILING_INFO_start function null from ../todomvc/examples/ractive/node_modules/ractive/build/Ractive.js in 225_PROFILING_INFO_
Ractive-instrumented.js:301 _PROFILING_INFO_start function null from ../todomvc/examples/ractive/node_modules/ractive/build/Ractive.js in 247_PROFILING_INFO_
Ractive-instrumented.js:405 _PROFILING_INFO_start function null from ../todomvc/examples/ractive/node_modules/ractive/build/Ractive.js in 320_PROFILING_INFO_
Ractive-instrumented.js:341 _PROFILING_INFO_start function null from ../todomvc/examples/ractive/node_modules/ractive/build/Ractive.js in 276_PROFILING_INFO_
Ractive-instrumented.js:396 _PROFILING_INFO_start function null from ../todomvc/examples/ractive/node_modules/ractive/build/Ractive.js in 315_PROFILING_INFO_
Ractive-instrumented.js:2123 _PROFILING_INFO_start function null from ../todomvc/examples/ractive/node_modules/ractive/build/Ractive.js in 1602_PROFILING_INFO_
persistence-instrumented.js:5 _PROFILING_INFO_start function null from ../todomvc/examples/ractive/js/persistence.js in 2_PROFILING_INFO_
Ractive-instrumented.js:2554 _PROFILING_INFO_start function observe from ../todomvc/examples/ractive/node_modules/ractive/build/Ractive.js in 1917_PROFILING_INFO_
Ractive-instrumented.js:1161 _PROFILING_INFO_start function null from ../todomvc/examples/ractive/node_modules/ractive/build/Ractive.js in 886_PROFILING_INFO_
Ractive-instrumented.js:2513 _PROFILING_INFO_start function getObserverFacade from ../todomvc/examples/ractive/node_modules/ractive/build/Ractive.js in 1887_PROFILING_INFO_
Ractive-instrumented.js:165 _PROFILING_INFO_start function null from ../todomvc/examples/ractive/node_modules/ractive/build/Ractive.js in 146_PROFILING_INFO_
Ractive-instrumented.js:2271 _PROFILING_INFO_start function null from ../todomvc/examples/ractive/node_modules/ractive/build/Ractive.js in 1714_PROFILING_INFO_
Ractive-instrumented.js:2198 _PROFILING_INFO_start function null from ../todomvc/examples/ractive/node_modules/ractive/build/Ractive.js in 1655_PROFILING_INFO_
Ractive-instrumented.js:2295 _PROFILING_INFO_start function null from ../todomvc/examples/ractive/node_modules/ractive/build/Ractive.js in 1730_PROFILING_INFO_
Ractive-instrumented.js:2306 _PROFILING_INFO_start function null from ../todomvc/examples/ractive/node_modules/ractive/build/Ractive.js in 1737_PROFILING_INFO_
Ractive-instrumented.js:2317 _PROFILING_INFO_start function null from ../todomvc/examples/ractive/node_modules/ractive/build/Ractive.js in 1744_PROFILING_INFO_
Ractive-instrumented.js:1090 _PROFILING_INFO_start function null from ../todomvc/examples/ractive/node_modules/ractive/build/Ractive.js in 830_PROFILING_INFO_
Ractive-instrumented.js:1101 _PROFILING_INFO_start function null from ../todomvc/examples/ractive/node_modules/ractive/build/Ractive.js in 837_PROFILING_INFO_
Ractive-instrumented.js:1125 _PROFILING_INFO_start function null from ../todomvc/examples/ractive/node_modules/ractive/build/Ractive.js in 857_PROFILING_INFO_
Ractive-instrumented.js:1011 _PROFILING_INFO_start function null from ../todomvc/examples/ractive/node_modules/ractive/build/Ractive.js in 770_PROFILING_INFO_
Ractive-instrumented.js:614 _PROFILING_INFO_start function null from ../todomvc/examples/ractive/node_modules/ractive/build/Ractive.js in 471_PROFILING_INFO_
Ractive-instrumented.js:211 _PROFILING_INFO_start function null from ../todomvc/examples/ractive/node_modules/ractive/build/Ractive.js in 185_PROFILING_INFO_
Ractive-instrumented.js:1174 _PROFILING_INFO_start function null from ../todomvc/examples/ractive/node_modules/ractive/build/Ractive.js in 892_PROFILING_INFO_
persistence-instrumented.js:30 _PROFILING_INFO_start function null from ../todomvc/examples/ractive/js/persistence.js in 34_PROFILING_INFO_
Ractive-instrumented.js:1338 _PROFILING_INFO_start function null from ../todomvc/examples/ractive/node_modules/ractive/build/Ractive.js in 1021_PROFILING_INFO_
Ractive-instrumented.js:1389 _PROFILING_INFO_start function null from ../todomvc/examples/ractive/node_modules/ractive/build/Ractive.js in 1068_PROFILING_INFO_
Ractive-instrumented.js:1293 _PROFILING_INFO_start function null from ../todomvc/examples/ractive/node_modules/ractive/build/Ractive.js in 983_PROFILING_INFO_
Ractive-instrumented.js:224 _PROFILING_INFO_start function clearCache from ../todomvc/examples/ractive/node_modules/ractive/build/Ractive.js in 191_PROFILING_INFO_
Ractive-instrumented.js:331 _PROFILING_INFO_start function null from ../todomvc/examples/ractive/node_modules/ractive/build/Ractive.js in 270_PROFILING_INFO_
Ractive-instrumented.js:1415 _PROFILING_INFO_start function null from ../todomvc/examples/ractive/node_modules/ractive/build/Ractive.js in 1090_PROFILING_INFO_
Ractive-instrumented.js:448 _PROFILING_INFO_start function null from ../todomvc/examples/ractive/node_modules/ractive/build/Ractive.js in 348_PROFILING_INFO_
Ractive-instrumented.js:471 _PROFILING_INFO_start function notifyDependantsAtPriority from ../todomvc/examples/ractive/node_modules/ractive/build/Ractive.js in 367_PROFILING_INFO_
Ractive-instrumented.js:486 _PROFILING_INFO_start function updateAll from ../todomvc/examples/ractive/node_modules/ractive/build/Ractive.js in 378_PROFILING_INFO_
Ractive-instrumented.js:621 _PROFILING_INFO_start function null from ../todomvc/examples/ractive/node_modules/ractive/build/Ractive.js in 474_PROFILING_INFO_
Ractive-instrumented.js:629 _PROFILING_INFO_start function null from ../todomvc/examples/ractive/node_modules/ractive/build/Ractive.js in 478_PROFILING_INFO_
Ractive-instrumented.js:833 _PROFILING_INFO_start function null from ../todomvc/examples/ractive/node_modules/ractive/build/Ractive.js in 646_PROFILING_INFO_
Ractive-instrumented.js:499 _PROFILING_INFO_start function cascade from ../todomvc/examples/ractive/node_modules/ractive/build/Ractive.js in 387_PROFILING_INFO_
Ractive-instrumented.js:1255 _PROFILING_INFO_start function null from ../todomvc/examples/ractive/node_modules/ractive/build/Ractive.js in 959_PROFILING_INFO_
Ractive-instrumented.js:1194 _PROFILING_INFO_start function null from ../todomvc/examples/ractive/node_modules/ractive/build/Ractive.js in 905_PROFILING_INFO_
Ractive-instrumented.js:656 _PROFILING_INFO_start function null from ../todomvc/examples/ractive/node_modules/ractive/build/Ractive.js in 501_PROFILING_INFO_
Ractive-instrumented.js:3710 _PROFILING_INFO_start function null from ../todomvc/examples/ractive/node_modules/ractive/build/Ractive.js in 2750_PROFILING_INFO_
Ractive-instrumented.js:3737 _PROFILING_INFO_start function null from ../todomvc/examples/ractive/node_modules/ractive/build/Ractive.js in 2770_PROFILING_INFO_
Ractive-instrumented.js:4390 _PROFILING_INFO_start function null from ../todomvc/examples/ractive/node_modules/ractive/build/Ractive.js in 3278_PROFILING_INFO_
Ractive-instrumented.js:3826 _PROFILING_INFO_start function null from ../todomvc/examples/ractive/node_modules/ractive/build/Ractive.js in 2825_PROFILING_INFO_
Ractive-instrumented.js:3916 _PROFILING_INFO_start function updateConditionalSection from ../todomvc/examples/ractive/node_modules/ractive/build/Ractive.js in 2899_PROFILING_INFO_
Ractive-instrumented.js:1279 _PROFILING_INFO_start function null from ../todomvc/examples/ractive/node_modules/ractive/build/Ractive.js in 976_PROFILING_INFO_
Ractive-instrumented.js:272 _PROFILING_INFO_start function null from ../todomvc/examples/ractive/node_modules/ractive/build/Ractive.js in 225_PROFILING_INFO_
Ractive-instrumented.js:301 _PROFILING_INFO_start function null from ../todomvc/examples/ractive/node_modules/ractive/build/Ractive.js in 247_PROFILING_INFO_
Ractive-instrumented.js:405 _PROFILING_INFO_start function null from ../todomvc/examples/ractive/node_modules/ractive/build/Ractive.js in 320_PROFILING_INFO_
Ractive-instrumented.js:341 _PROFILING_INFO_start function null from ../todomvc/examples/ractive/node_modules/ractive/build/Ractive.js in 276_PROFILING_INFO_
Ractive-instrumented.js:396 _PROFILING_INFO_start function null from ../todomvc/examples/ractive/node_modules/ractive/build/Ractive.js in 315_PROFILING_INFO_
Ractive-instrumented.js:2588 _PROFILING_INFO_start function null from ../todomvc/examples/ractive/node_modules/ractive/build/Ractive.js in 1940_PROFILING_INFO_
routes-instrumented.js:5 _PROFILING_INFO_start function null from ../todomvc/examples/ractive/js/routes.js in 2_PROFILING_INFO_
director-instrumented.js:166 _PROFILING_INFO_start function null from ../todomvc/examples/ractive/node_modules/director/build/director.js in 162_PROFILING_INFO_
director-instrumented.js:441 _PROFILING_INFO_start function null from ../todomvc/examples/ractive/node_modules/director/build/director.js in 392_PROFILING_INFO_
director-instrumented.js:843 _PROFILING_INFO_start function null from ../todomvc/examples/ractive/node_modules/director/build/director.js in 690_PROFILING_INFO_
director-instrumented.js:856 _PROFILING_INFO_start function insertOrMount from ../todomvc/examples/ractive/node_modules/director/build/director.js in 699_PROFILING_INFO_
director-instrumented.js:417 _PROFILING_INFO_start function terminator from ../todomvc/examples/ractive/node_modules/director/build/director.js in 370_PROFILING_INFO_
director-instrumented.js:253 _PROFILING_INFO_start function null from ../todomvc/examples/ractive/node_modules/director/build/director.js in 252_PROFILING_INFO_
director-instrumented.js:736 _PROFILING_INFO_start function null from ../todomvc/examples/ractive/node_modules/director/build/director.js in 611_PROFILING_INFO_
director-instrumented.js:742 _PROFILING_INFO_start function null from ../todomvc/examples/ractive/node_modules/director/build/director.js in 613_PROFILING_INFO_
director-instrumented.js:189 _PROFILING_INFO_start function null from ../todomvc/examples/ractive/node_modules/director/build/director.js in 180_PROFILING_INFO_
director-instrumented.js:44 _PROFILING_INFO_start function null from ../todomvc/examples/ractive/node_modules/director/build/director.js in 48_PROFILING_INFO_
director-instrumented.js:11 _PROFILING_INFO_start function dlocHashEmpty from ../todomvc/examples/ractive/node_modules/director/build/director.js in 20_PROFILING_INFO_
localhost/:101 Autofocus processing was blocked because a document already has a focused element.
