base-instrumented.js:5 _PROFILING_INFO_start function null from ../todomvc/examples/serenadejs/node_modules/todomvc-common/base.js in 2_PROFILING_INFO_
base-instrumented.js:11 _PROFILING_INFO_start function null from ../todomvc/examples/serenadejs/node_modules/todomvc-common/base.js in 8_PROFILING_INFO_
base-instrumented.js:132 _PROFILING_INFO_start function redirect from ../todomvc/examples/serenadejs/node_modules/todomvc-common/base.js in 121_PROFILING_INFO_
base-instrumented.js:149 _PROFILING_INFO_start function getFile from ../todomvc/examples/serenadejs/node_modules/todomvc-common/base.js in 132_PROFILING_INFO_
base-instrumented.js:141 _PROFILING_INFO_start function findRoot from ../todomvc/examples/serenadejs/node_modules/todomvc-common/base.js in 127_PROFILING_INFO_
director-instrumented.js:5 _PROFILING_INFO_start function null from ../todomvc/examples/serenadejs/node_modules/director/build/director.js in 8_PROFILING_INFO_
base-instrumented.js:160 _PROFILING_INFO_start function null from ../todomvc/examples/serenadejs/node_modules/todomvc-common/base.js in 142_PROFILING_INFO_
base-instrumented.js:170 _PROFILING_INFO_start function Learn from ../todomvc/examples/serenadejs/node_modules/todomvc-common/base.js in 149_PROFILING_INFO_
base-instrumented.js:208 _PROFILING_INFO_start function null from ../todomvc/examples/serenadejs/node_modules/todomvc-common/base.js in 194_PROFILING_INFO_
base-instrumented.js:52 _PROFILING_INFO_start function null from ../todomvc/examples/serenadejs/node_modules/todomvc-common/base.js in 56_PROFILING_INFO_
base-instrumented.js:16 _PROFILING_INFO_start function null from ../todomvc/examples/serenadejs/node_modules/todomvc-common/base.js in 9_PROFILING_INFO_
base-instrumented.js:66 _PROFILING_INFO_start function null from ../todomvc/examples/serenadejs/node_modules/todomvc-common/base.js in 70_PROFILING_INFO_
base-instrumented.js:238 _PROFILING_INFO_start function null from ../todomvc/examples/serenadejs/node_modules/todomvc-common/base.js in 222_PROFILING_INFO_
serenade-instrumented.js:5 _PROFILING_INFO_start function null from ../todomvc/examples/serenadejs/js/lib/serenade.js in 9_PROFILING_INFO_
serenade-instrumented.js:15 _PROFILING_INFO_start function t from ../todomvc/examples/serenadejs/js/lib/serenade.js in 9_PROFILING_INFO_
serenade-instrumented.js:2845 _PROFILING_INFO_start function r from ../todomvc/examples/serenadejs/js/lib/serenade.js in 9_PROFILING_INFO_
serenade-instrumented.js:3516 _PROFILING_INFO_start function e from ../todomvc/examples/serenadejs/js/lib/serenade.js in 9_PROFILING_INFO_
app-instrumented.js:5 _PROFILING_INFO_start function null from ../todomvc/examples/serenadejs/js/app.js in 2_PROFILING_INFO_
app-instrumented.js:31 _PROFILING_INFO_start function null from ../todomvc/examples/serenadejs/js/app.js in 7_PROFILING_INFO_
app-instrumented.js:10 _PROFILING_INFO_start function null from ../todomvc/examples/serenadejs/js/app.js in 5_PROFILING_INFO_
app-instrumented.js:19 _PROFILING_INFO_start function ctor from ../todomvc/examples/serenadejs/js/app.js in 5_PROFILING_INFO_
serenade-instrumented.js:3894 _PROFILING_INFO_start function null from ../todomvc/examples/serenadejs/js/lib/serenade.js in 9_PROFILING_INFO_
serenade-instrumented.js:3516 _PROFILING_INFO_start function e from ../todomvc/examples/serenadejs/js/lib/serenade.js in 9_PROFILING_INFO_
app-instrumented.js:76 _PROFILING_INFO_start function null from ../todomvc/examples/serenadejs/js/app.js in 46_PROFILING_INFO_
app-instrumented.js:185 _PROFILING_INFO_start function null from ../todomvc/examples/serenadejs/js/app.js in 132_PROFILING_INFO_
app-instrumented.js:218 _PROFILING_INFO_start function null from ../todomvc/examples/serenadejs/js/app.js in 156_PROFILING_INFO_
app-instrumented.js:82 _PROFILING_INFO_start function App from ../todomvc/examples/serenadejs/js/app.js in 49_PROFILING_INFO_
director-instrumented.js:166 _PROFILING_INFO_start function null from ../todomvc/examples/serenadejs/node_modules/director/build/director.js in 162_PROFILING_INFO_
director-instrumented.js:441 _PROFILING_INFO_start function null from ../todomvc/examples/serenadejs/node_modules/director/build/director.js in 392_PROFILING_INFO_
director-instrumented.js:843 _PROFILING_INFO_start function null from ../todomvc/examples/serenadejs/node_modules/director/build/director.js in 690_PROFILING_INFO_
director-instrumented.js:856 _PROFILING_INFO_start function insertOrMount from ../todomvc/examples/serenadejs/node_modules/director/build/director.js in 699_PROFILING_INFO_
director-instrumented.js:417 _PROFILING_INFO_start function terminator from ../todomvc/examples/serenadejs/node_modules/director/build/director.js in 370_PROFILING_INFO_
director-instrumented.js:253 _PROFILING_INFO_start function null from ../todomvc/examples/serenadejs/node_modules/director/build/director.js in 252_PROFILING_INFO_
director-instrumented.js:736 _PROFILING_INFO_start function null from ../todomvc/examples/serenadejs/node_modules/director/build/director.js in 611_PROFILING_INFO_
director-instrumented.js:742 _PROFILING_INFO_start function null from ../todomvc/examples/serenadejs/node_modules/director/build/director.js in 613_PROFILING_INFO_
director-instrumented.js:189 _PROFILING_INFO_start function null from ../todomvc/examples/serenadejs/node_modules/director/build/director.js in 180_PROFILING_INFO_
director-instrumented.js:44 _PROFILING_INFO_start function null from ../todomvc/examples/serenadejs/node_modules/director/build/director.js in 48_PROFILING_INFO_
director-instrumented.js:11 _PROFILING_INFO_start function dlocHashEmpty from ../todomvc/examples/serenadejs/node_modules/director/build/director.js in 20_PROFILING_INFO_
app-instrumented.js:190 _PROFILING_INFO_start function AppController from ../todomvc/examples/serenadejs/js/app.js in 133_PROFILING_INFO_
serenade-instrumented.js:2769 _PROFILING_INFO_start function m from ../todomvc/examples/serenadejs/js/lib/serenade.js in 9_PROFILING_INFO_
serenade-instrumented.js:3144 _PROFILING_INFO_start function i from ../todomvc/examples/serenadejs/js/lib/serenade.js in 9_PROFILING_INFO_
serenade-instrumented.js:4335 _PROFILING_INFO_start function t from ../todomvc/examples/serenadejs/js/lib/serenade.js in 9_PROFILING_INFO_
