base-instrumented.js:5 _PROFILING_INFO_start function null from ../todomvc/examples/somajs/node_modules/todomvc-common/base.js in 2_PROFILING_INFO_
base-instrumented.js:11 _PROFILING_INFO_start function null from ../todomvc/examples/somajs/node_modules/todomvc-common/base.js in 8_PROFILING_INFO_
base-instrumented.js:132 _PROFILING_INFO_start function redirect from ../todomvc/examples/somajs/node_modules/todomvc-common/base.js in 121_PROFILING_INFO_
base-instrumented.js:149 _PROFILING_INFO_start function getFile from ../todomvc/examples/somajs/node_modules/todomvc-common/base.js in 132_PROFILING_INFO_
base-instrumented.js:141 _PROFILING_INFO_start function findRoot from ../todomvc/examples/somajs/node_modules/todomvc-common/base.js in 127_PROFILING_INFO_
director-instrumented.js:5 _PROFILING_INFO_start function null from ../todomvc/examples/somajs/node_modules/director/build/director.js in 8_PROFILING_INFO_
​ _PROFILING_INFO_start function null from ../todomvc/examples/somajs/node_modules/soma-template/build/soma-template.js in 1_PROFILING_INFO_
​ _PROFILING_INFO_start function null from ../todomvc/examples/somajs/node_modules/soma-template/build/soma-template.js in 90_PROFILING_INFO_
​ _PROFILING_INFO_start function HashMap from ../todomvc/examples/somajs/node_modules/soma-template/build/soma-template.js in 238_PROFILING_INFO_
​ _PROFILING_INFO_start function null from ../todomvc/examples/somajs/node_modules/soma-template/build/soma-template.js in 1440_PROFILING_INFO_
​ _PROFILING_INFO_start function null from ../todomvc/examples/somajs/node_modules/soma-template/build/soma-template.js in 23_PROFILING_INFO_
​ _PROFILING_INFO_start function isDefined from ../todomvc/examples/somajs/node_modules/soma-template/build/soma-template.js in 123_PROFILING_INFO_
​ _PROFILING_INFO_start function escapeRegExp from ../todomvc/examples/somajs/node_modules/soma-template/build/soma-template.js in 150_PROFILING_INFO_
​ _PROFILING_INFO_start function setRegEX from ../todomvc/examples/somajs/node_modules/soma-template/build/soma-template.js in 153_PROFILING_INFO_
​ _PROFILING_INFO_start function null from ../todomvc/examples/somajs/node_modules/soma-template/build/soma-template.js in 30_PROFILING_INFO_
​ _PROFILING_INFO_start function null from ../todomvc/examples/somajs/js/models/todos.js in 1_PROFILING_INFO_
​ _PROFILING_INFO_start function null from ../todomvc/examples/somajs/node_modules/todomvc-common/base.js in 142_PROFILING_INFO_
​ _PROFILING_INFO_start function Learn from ../todomvc/examples/somajs/node_modules/todomvc-common/base.js in 149_PROFILING_INFO_
​ _PROFILING_INFO_start function null from ../todomvc/examples/somajs/node_modules/todomvc-common/base.js in 194_PROFILING_INFO_
​ _PROFILING_INFO_start function null from ../todomvc/examples/somajs/node_modules/todomvc-common/base.js in 56_PROFILING_INFO_
​ _PROFILING_INFO_start function null from ../todomvc/examples/somajs/node_modules/todomvc-common/base.js in 9_PROFILING_INFO_
​ _PROFILING_INFO_start function null from ../todomvc/examples/somajs/node_modules/todomvc-common/base.js in 70_PROFILING_INFO_
​ _PROFILING_INFO_start function null from ../todomvc/examples/somajs/node_modules/todomvc-common/base.js in 211_PROFILING_INFO_
​ _PROFILING_INFO_start function findRoot from ../todomvc/examples/somajs/node_modules/todomvc-common/base.js in 127_PROFILING_INFO_
​ _PROFILING_INFO_start function null from ../todomvc/examples/somajs/node_modules/todomvc-common/base.js in 222_PROFILING_INFO_
​ _PROFILING_INFO_start function null from ../todomvc/examples/somajs/js/models/router.js in 2_PROFILING_INFO_
​ _PROFILING_INFO_start function null from ../todomvc/examples/somajs/js/views/header.js in 1_PROFILING_INFO_
​ _PROFILING_INFO_start function null from ../todomvc/examples/somajs/js/views/main.js in 1_PROFILING_INFO_
​ _PROFILING_INFO_start function null from ../todomvc/examples/somajs/js/views/footer.js in 1_PROFILING_INFO_
​ _PROFILING_INFO_start function null from ../todomvc/examples/somajs/js/app.js in 2_PROFILING_INFO_
​ _PROFILING_INFO_start function null from ../todomvc/examples/somajs/node_modules/soma-template/build/soma-template.js in 1540_PROFILING_INFO_
​ _PROFILING_INFO_start function null from ../todomvc/examples/somajs/js/app.js in 7_PROFILING_INFO_
​ _PROFILING_INFO_start function null from ../todomvc/examples/somajs/node_modules/soma-template/build/soma-template.js in 1541_PROFILING_INFO_
​ _PROFILING_INFO_start function isElement from ../todomvc/examples/somajs/node_modules/soma-template/build/soma-template.js in 114_PROFILING_INFO_
​ _PROFILING_INFO_start function createTemplate from ../todomvc/examples/somajs/node_modules/soma-template/build/soma-template.js in 1469_PROFILING_INFO_
​ _PROFILING_INFO_start function isString from ../todomvc/examples/somajs/node_modules/soma-template/build/soma-template.js in 111_PROFILING_INFO_
​ _PROFILING_INFO_start function getTemplate from ../todomvc/examples/somajs/node_modules/soma-template/build/soma-template.js in 1504_PROFILING_INFO_
​ _PROFILING_INFO_start function null from ../todomvc/examples/somajs/node_modules/soma-template/build/soma-template.js in 260_PROFILING_INFO_
​ _PROFILING_INFO_start function getKey from ../todomvc/examples/somajs/node_modules/soma-template/build/soma-template.js in 243_PROFILING_INFO_
​ _PROFILING_INFO_start function uuid from ../todomvc/examples/somajs/node_modules/soma-template/build/soma-template.js in 242_PROFILING_INFO_
​ _PROFILING_INFO_start function null from ../todomvc/examples/somajs/node_modules/soma-template/build/soma-template.js in 1223_PROFILING_INFO_
​ _PROFILING_INFO_start function HashMap from ../todomvc/examples/somajs/node_modules/soma-template/build/soma-template.js in 238_PROFILING_INFO_
​ _PROFILING_INFO_start function null from ../todomvc/examples/somajs/node_modules/soma-template/build/soma-template.js in 1233_PROFILING_INFO_
​ _PROFILING_INFO_start function compile from ../todomvc/examples/somajs/node_modules/soma-template/build/soma-template.js in 516_PROFILING_INFO_
​ _PROFILING_INFO_start function isElementValid from ../todomvc/examples/somajs/node_modules/soma-template/build/soma-template.js in 496_PROFILING_INFO_
​ _PROFILING_INFO_start function null from ../todomvc/examples/somajs/node_modules/soma-template/build/soma-template.js in 718_PROFILING_INFO_
​ _PROFILING_INFO_start function createObject from ../todomvc/examples/somajs/node_modules/soma-template/build/soma-template.js in 726_PROFILING_INFO_
​ _PROFILING_INFO_start function null from ../todomvc/examples/somajs/node_modules/soma-template/build/soma-template.js in 730_PROFILING_INFO_
​ _PROFILING_INFO_start function createChild from ../todomvc/examples/somajs/node_modules/soma-template/build/soma-template.js in 720_PROFILING_INFO_
​ _PROFILING_INFO_start function getNodeFromElement from ../todomvc/examples/somajs/node_modules/soma-template/build/soma-template.js in 465_PROFILING_INFO_
​ _PROFILING_INFO_start function null from ../todomvc/examples/somajs/node_modules/soma-template/build/soma-template.js in 738_PROFILING_INFO_
​ _PROFILING_INFO_start function isTextNode from ../todomvc/examples/somajs/node_modules/soma-template/build/soma-template.js in 117_PROFILING_INFO_
​ _PROFILING_INFO_start function addAttribute from ../todomvc/examples/somajs/node_modules/soma-template/build/soma-template.js in 428_PROFILING_INFO_
​ _PROFILING_INFO_start function hasInterpolation from ../todomvc/examples/somajs/node_modules/soma-template/build/soma-template.js in 487_PROFILING_INFO_
​ _PROFILING_INFO_start function hasContent from ../todomvc/examples/somajs/node_modules/soma-template/build/soma-template.js in 492_PROFILING_INFO_
​ _PROFILING_INFO_start function null from ../todomvc/examples/somajs/node_modules/soma-template/build/soma-template.js in 1090_PROFILING_INFO_
​ _PROFILING_INFO_start function trimArray from ../todomvc/examples/somajs/node_modules/soma-template/build/soma-template.js in 174_PROFILING_INFO_
​ _PROFILING_INFO_start function null from ../todomvc/examples/somajs/node_modules/soma-template/build/soma-template.js in 939_PROFILING_INFO_
​ _PROFILING_INFO_start function null from ../todomvc/examples/somajs/node_modules/soma-template/build/soma-template.js in 866_PROFILING_INFO_
​ _PROFILING_INFO_start function addEvent from ../todomvc/examples/somajs/node_modules/soma-template/build/soma-template.js in 1298_PROFILING_INFO_
​ _PROFILING_INFO_start function null from ../todomvc/examples/somajs/node_modules/soma-template/build/soma-template.js in 263_PROFILING_INFO_
​ _PROFILING_INFO_start function null from ../todomvc/examples/somajs/js/models/todos.js in 5_PROFILING_INFO_
​ _PROFILING_INFO_start function null from ../todomvc/examples/somajs/js/views/header.js in 7_PROFILING_INFO_
​ _PROFILING_INFO_start function null from ../todomvc/examples/somajs/js/models/todos.js in 10_PROFILING_INFO_
​ _PROFILING_INFO_start function trimTokens from ../todomvc/examples/somajs/node_modules/soma-template/build/soma-template.js in 183_PROFILING_INFO_
soma-template-instrumented.js:1419 _PROFILING_INFO_start function null from ../todomvc/examples/somajs/node_modules/soma-template/build/soma-template.js in 1154_PROFILING_INFO_
soma-template-instrumented.js:153 _PROFILING_INFO_start function isDefined from ../todomvc/examples/somajs/node_modules/soma-template/build/soma-template.js in 123_PROFILING_INFO_
soma-template-instrumented.js:183 _PROFILING_INFO_start function isExpFunction from ../todomvc/examples/somajs/node_modules/soma-template/build/soma-template.js in 141_PROFILING_INFO_
soma-template-instrumented.js:577 _PROFILING_INFO_start function getScopeDepth from ../todomvc/examples/somajs/node_modules/soma-template/build/soma-template.js in 422_PROFILING_INFO_
soma-template-instrumented.js:561 _PROFILING_INFO_start function getExpressionPath from ../todomvc/examples/somajs/node_modules/soma-template/build/soma-template.js in 412_PROFILING_INFO_
soma-template-instrumented.js:259 _PROFILING_INFO_start function trimScopeDepth from ../todomvc/examples/somajs/node_modules/soma-template/build/soma-template.js in 186_PROFILING_INFO_
soma-template-instrumented.js:570 _PROFILING_INFO_start function getParamsFromString from ../todomvc/examples/somajs/node_modules/soma-template/build/soma-template.js in 418_PROFILING_INFO_
router-instrumented.js:11 _PROFILING_INFO_start function null from ../todomvc/examples/somajs/js/models/router.js in 6_PROFILING_INFO_
director-instrumented.js:166 _PROFILING_INFO_start function null from ../todomvc/examples/somajs/node_modules/director/build/director.js in 162_PROFILING_INFO_
director-instrumented.js:441 _PROFILING_INFO_start function null from ../todomvc/examples/somajs/node_modules/director/build/director.js in 392_PROFILING_INFO_
director-instrumented.js:843 _PROFILING_INFO_start function null from ../todomvc/examples/somajs/node_modules/director/build/director.js in 690_PROFILING_INFO_
director-instrumented.js:189 _PROFILING_INFO_start function null from ../todomvc/examples/somajs/node_modules/director/build/director.js in 180_PROFILING_INFO_
director-instrumented.js:44 _PROFILING_INFO_start function null from ../todomvc/examples/somajs/node_modules/director/build/director.js in 48_PROFILING_INFO_
director-instrumented.js:11 _PROFILING_INFO_start function dlocHashEmpty from ../todomvc/examples/somajs/node_modules/director/build/director.js in 20_PROFILING_INFO_
director-instrumented.js:484 _PROFILING_INFO_start function null from ../todomvc/examples/somajs/node_modules/director/build/director.js in 425_PROFILING_INFO_
director-instrumented.js:417 _PROFILING_INFO_start function terminator from ../todomvc/examples/somajs/node_modules/director/build/director.js in 370_PROFILING_INFO_
director-instrumented.js:253 _PROFILING_INFO_start function null from ../todomvc/examples/somajs/node_modules/director/build/director.js in 252_PROFILING_INFO_
director-instrumented.js:736 _PROFILING_INFO_start function null from ../todomvc/examples/somajs/node_modules/director/build/director.js in 611_PROFILING_INFO_
director-instrumented.js:742 _PROFILING_INFO_start function null from ../todomvc/examples/somajs/node_modules/director/build/director.js in 613_PROFILING_INFO_
director-instrumented.js:391 _PROFILING_INFO_start function regifyString from ../todomvc/examples/somajs/node_modules/director/build/director.js in 347_PROFILING_INFO_
main-instrumented.js:13 _PROFILING_INFO_start function null from ../todomvc/examples/somajs/js/views/main.js in 7_PROFILING_INFO_
footer-instrumented.js:11 _PROFILING_INFO_start function null from ../todomvc/examples/somajs/js/views/footer.js in 5_PROFILING_INFO_
app-instrumented.js:23 _PROFILING_INFO_start function null from ../todomvc/examples/somajs/js/app.js in 16_PROFILING_INFO_
header-instrumented.js:48 _PROFILING_INFO_start function null from ../todomvc/examples/somajs/js/views/header.js in 37_PROFILING_INFO_
soma-template-instrumented.js:1550 _PROFILING_INFO_start function null from ../todomvc/examples/somajs/node_modules/soma-template/build/soma-template.js in 1252_PROFILING_INFO_
soma-template-instrumented.js:1538 _PROFILING_INFO_start function null from ../todomvc/examples/somajs/node_modules/soma-template/build/soma-template.js in 1244_PROFILING_INFO_
soma-template-instrumented.js:1038 _PROFILING_INFO_start function null from ../todomvc/examples/somajs/node_modules/soma-template/build/soma-template.js in 834_PROFILING_INFO_
soma-template-instrumented.js:193 _PROFILING_INFO_start function childNodeIsTemplate from ../todomvc/examples/somajs/node_modules/soma-template/build/soma-template.js in 147_PROFILING_INFO_
soma-template-instrumented.js:735 _PROFILING_INFO_start function updateNodeChildren from ../todomvc/examples/somajs/node_modules/soma-template/build/soma-template.js in 569_PROFILING_INFO_
soma-template-instrumented.js:1386 _PROFILING_INFO_start function null from ../todomvc/examples/somajs/node_modules/soma-template/build/soma-template.js in 1127_PROFILING_INFO_
soma-template-instrumented.js:1207 _PROFILING_INFO_start function null from ../todomvc/examples/somajs/node_modules/soma-template/build/soma-template.js in 965_PROFILING_INFO_
soma-template-instrumented.js:1139 _PROFILING_INFO_start function null from ../todomvc/examples/somajs/node_modules/soma-template/build/soma-template.js in 911_PROFILING_INFO_
soma-template-instrumented.js:747 _PROFILING_INFO_start function renderNodeChildren from ../todomvc/examples/somajs/node_modules/soma-template/build/soma-template.js in 578_PROFILING_INFO_
soma-template-instrumented.js:1218 _PROFILING_INFO_start function null from ../todomvc/examples/somajs/node_modules/soma-template/build/soma-template.js in 972_PROFILING_INFO_
main-instrumented.js:126 _PROFILING_INFO_start function null from ../todomvc/examples/somajs/js/views/main.js in 97_PROFILING_INFO_
todos-instrumented.js:32 _PROFILING_INFO_start function null from ../todomvc/examples/somajs/js/models/todos.js in 18_PROFILING_INFO_
main-instrumented.js:19 _PROFILING_INFO_start function null from ../todomvc/examples/somajs/js/views/main.js in 14_PROFILING_INFO_
router-instrumented.js:26 _PROFILING_INFO_start function null from ../todomvc/examples/somajs/js/models/router.js in 21_PROFILING_INFO_
director-instrumented.js:280 _PROFILING_INFO_start function null from ../todomvc/examples/somajs/node_modules/director/build/director.js in 267_PROFILING_INFO_
director-instrumented.js:226 _PROFILING_INFO_start function null from ../todomvc/examples/somajs/node_modules/director/build/director.js in 221_PROFILING_INFO_
soma-template-instrumented.js:1464 _PROFILING_INFO_start function null from ../todomvc/examples/somajs/node_modules/soma-template/build/soma-template.js in 1188_PROFILING_INFO_
soma-template-instrumented.js:1483 _PROFILING_INFO_start function null from ../todomvc/examples/somajs/node_modules/soma-template/build/soma-template.js in 1203_PROFILING_INFO_
soma-template-instrumented.js:495 _PROFILING_INFO_start function getValue from ../todomvc/examples/somajs/node_modules/soma-template/build/soma-template.js in 336_PROFILING_INFO_
soma-template-instrumented.js:474 _PROFILING_INFO_start function getScopeFromPattern from ../todomvc/examples/somajs/node_modules/soma-template/build/soma-template.js in 321_PROFILING_INFO_
soma-template-instrumented.js:146 _PROFILING_INFO_start function isFunction from ../todomvc/examples/somajs/node_modules/soma-template/build/soma-template.js in 120_PROFILING_INFO_
soma-template-instrumented.js:450 _PROFILING_INFO_start function getWatcherValue from ../todomvc/examples/somajs/node_modules/soma-template/build/soma-template.js in 300_PROFILING_INFO_
soma-template-instrumented.js:1396 _PROFILING_INFO_start function null from ../todomvc/examples/somajs/node_modules/soma-template/build/soma-template.js in 1133_PROFILING_INFO_
soma-template-instrumented.js:176 _PROFILING_INFO_start function isExpression from ../todomvc/examples/somajs/node_modules/soma-template/build/soma-template.js in 138_PROFILING_INFO_
soma-template-instrumented.js:1445 _PROFILING_INFO_start function null from ../todomvc/examples/somajs/node_modules/soma-template/build/soma-template.js in 1177_PROFILING_INFO_
soma-template-instrumented.js:1226 _PROFILING_INFO_start function renderAttribute from ../todomvc/examples/somajs/node_modules/soma-template/build/soma-template.js in 977_PROFILING_INFO_
soma-template-instrumented.js:160 _PROFILING_INFO_start function normalizeBoolean from ../todomvc/examples/somajs/node_modules/soma-template/build/soma-template.js in 126_PROFILING_INFO_
soma-template-instrumented.js:1246 _PROFILING_INFO_start function renderSpecialAttribute from ../todomvc/examples/somajs/node_modules/soma-template/build/soma-template.js in 993_PROFILING_INFO_
soma-template-instrumented.js:286 _PROFILING_INFO_start function removeClass from ../todomvc/examples/somajs/node_modules/soma-template/build/soma-template.js in 201_PROFILING_INFO_
soma-template-instrumented.js:293 _PROFILING_INFO_start function null from ../todomvc/examples/somajs/node_modules/soma-template/build/soma-template.js in 204_PROFILING_INFO_
soma-template-instrumented.js:759 _PROFILING_INFO_start function renderNodeRepeater from ../todomvc/examples/somajs/node_modules/soma-template/build/soma-template.js in 587_PROFILING_INFO_
soma-template-instrumented.js:425 _PROFILING_INFO_start function getRepeaterData from ../todomvc/examples/somajs/node_modules/soma-template/build/soma-template.js in 282_PROFILING_INFO_
soma-template-instrumented.js:111 _PROFILING_INFO_start function isArray from ../todomvc/examples/somajs/node_modules/soma-template/build/soma-template.js in 105_PROFILING_INFO_
footer-instrumented.js:47 _PROFILING_INFO_start function null from ../todomvc/examples/somajs/js/views/footer.js in 31_PROFILING_INFO_
soma-template-instrumented.js:487 _PROFILING_INFO_start function getValueFromPattern from ../todomvc/examples/somajs/node_modules/soma-template/build/soma-template.js in 331_PROFILING_INFO_
soma-template-instrumented.js:229 _PROFILING_INFO_start function trimQuotes from ../todomvc/examples/somajs/node_modules/soma-template/build/soma-template.js in 168_PROFILING_INFO_
footer-instrumented.js:17 _PROFILING_INFO_start function null from ../todomvc/examples/somajs/js/views/footer.js in 11_PROFILING_INFO_
soma-template-instrumented.js:1805 _PROFILING_INFO_start function null from ../todomvc/examples/somajs/node_modules/soma-template/build/soma-template.js in 1440_PROFILING_INFO_
soma-template-instrumented.js:1796 _PROFILING_INFO_start function l from ../todomvc/examples/somajs/node_modules/soma-template/build/soma-template.js in 1440_PROFILING_INFO_
soma-template-instrumented.js:1849 _PROFILING_INFO_start function null from ../todomvc/examples/somajs/node_modules/soma-template/build/soma-template.js in 1442_PROFILING_INFO_
soma-template-instrumented.js:1091 _PROFILING_INFO_start function null from ../todomvc/examples/somajs/node_modules/soma-template/build/soma-template.js in 875_PROFILING_INFO_
header-instrumented.js:33 _PROFILING_INFO_start function null from ../todomvc/examples/somajs/js/views/header.js in 26_PROFILING_INFO_
