base-instrumented.js:5 _PROFILING_INFO_start function null from ../todomvc/examples/spine/node_modules/todomvc-common/base.js in 2_PROFILING_INFO_
base-instrumented.js:11 _PROFILING_INFO_start function null from ../todomvc/examples/spine/node_modules/todomvc-common/base.js in 8_PROFILING_INFO_
base-instrumented.js:132 _PROFILING_INFO_start function redirect from ../todomvc/examples/spine/node_modules/todomvc-common/base.js in 121_PROFILING_INFO_
base-instrumented.js:149 _PROFILING_INFO_start function getFile from ../todomvc/examples/spine/node_modules/todomvc-common/base.js in 132_PROFILING_INFO_
base-instrumented.js:141 _PROFILING_INFO_start function findRoot from ../todomvc/examples/spine/node_modules/todomvc-common/base.js in 127_PROFILING_INFO_
​ _PROFILING_INFO_start function null from ../todomvc/examples/spine/node_modules/todomvc-common/base.js in 142_PROFILING_INFO_
​ _PROFILING_INFO_start function Learn from ../todomvc/examples/spine/node_modules/todomvc-common/base.js in 149_PROFILING_INFO_
​ _PROFILING_INFO_start function null from ../todomvc/examples/spine/node_modules/todomvc-common/base.js in 194_PROFILING_INFO_
​ _PROFILING_INFO_start function null from ../todomvc/examples/spine/node_modules/todomvc-common/base.js in 56_PROFILING_INFO_
​ _PROFILING_INFO_start function null from ../todomvc/examples/spine/node_modules/todomvc-common/base.js in 9_PROFILING_INFO_
​ _PROFILING_INFO_start function null from ../todomvc/examples/spine/node_modules/todomvc-common/base.js in 70_PROFILING_INFO_
​ _PROFILING_INFO_start function null from ../todomvc/examples/spine/node_modules/todomvc-common/base.js in 222_PROFILING_INFO_
​ _PROFILING_INFO_start function null from ../todomvc/examples/spine/node_modules/jquery/dist/jquery.js in 15_PROFILING_INFO_
​ _PROFILING_INFO_start function null from ../todomvc/examples/spine/node_modules/jquery/dist/jquery.js in 38_PROFILING_INFO_
​ _PROFILING_INFO_start function null from ../todomvc/examples/spine/node_modules/jquery/dist/jquery.js in 174_PROFILING_INFO_
​ _PROFILING_INFO_start function null from ../todomvc/examples/spine/node_modules/jquery/dist/jquery.js in 355_PROFILING_INFO_
​ _PROFILING_INFO_start function isArraylike from ../todomvc/examples/spine/node_modules/jquery/dist/jquery.js in 571_PROFILING_INFO_
​ _PROFILING_INFO_start function null from ../todomvc/examples/spine/node_modules/jquery/dist/jquery.js in 321_PROFILING_INFO_
​ _PROFILING_INFO_start function null from ../todomvc/examples/spine/node_modules/jquery/dist/jquery.js in 263_PROFILING_INFO_
​ _PROFILING_INFO_start function null from ../todomvc/examples/spine/node_modules/jquery/dist/jquery.js in 567_PROFILING_INFO_
​ _PROFILING_INFO_start function null from ../todomvc/examples/spine/node_modules/jquery/dist/jquery.js in 597_PROFILING_INFO_
​ _PROFILING_INFO_start function createCache from ../todomvc/examples/spine/node_modules/jquery/dist/jquery.js in 897_PROFILING_INFO_
​ _PROFILING_INFO_start function markFunction from ../todomvc/examples/spine/node_modules/jquery/dist/jquery.js in 915_PROFILING_INFO_
​ _PROFILING_INFO_start function createPositionalPseudo from ../todomvc/examples/spine/node_modules/jquery/dist/jquery.js in 1010_PROFILING_INFO_
​ _PROFILING_INFO_start function createInputPseudo from ../todomvc/examples/spine/node_modules/jquery/dist/jquery.js in 988_PROFILING_INFO_
​ _PROFILING_INFO_start function createButtonPseudo from ../todomvc/examples/spine/node_modules/jquery/dist/jquery.js in 999_PROFILING_INFO_
​ _PROFILING_INFO_start function setFilters from ../todomvc/examples/spine/node_modules/jquery/dist/jquery.js in 2042_PROFILING_INFO_
​ _PROFILING_INFO_start function null from ../todomvc/examples/spine/node_modules/jquery/dist/jquery.js in 629_PROFILING_INFO_
​ _PROFILING_INFO_start function null from ../todomvc/examples/spine/node_modules/jquery/dist/jquery.js in 1057_PROFILING_INFO_
​ _PROFILING_INFO_start function null from ../todomvc/examples/spine/node_modules/jquery/dist/jquery.js in 1045_PROFILING_INFO_
​ _PROFILING_INFO_start function assert from ../todomvc/examples/spine/node_modules/jquery/dist/jquery.js in 924_PROFILING_INFO_
​ _PROFILING_INFO_start function null from ../todomvc/examples/spine/node_modules/jquery/dist/jquery.js in 1094_PROFILING_INFO_
​ _PROFILING_INFO_start function null from ../todomvc/examples/spine/node_modules/jquery/dist/jquery.js in 1103_PROFILING_INFO_
​ _PROFILING_INFO_start function null from ../todomvc/examples/spine/node_modules/jquery/dist/jquery.js in 1115_PROFILING_INFO_
​ _PROFILING_INFO_start function null from ../todomvc/examples/spine/node_modules/jquery/dist/jquery.js in 1207_PROFILING_INFO_
​ _PROFILING_INFO_start function null from ../todomvc/examples/spine/node_modules/jquery/dist/jquery.js in 1251_PROFILING_INFO_
​ _PROFILING_INFO_start function null from ../todomvc/examples/spine/node_modules/jquery/dist/jquery.js in 1282_PROFILING_INFO_
​ _PROFILING_INFO_start function null from ../todomvc/examples/spine/node_modules/jquery/dist/jquery.js in 2593_PROFILING_INFO_
​ _PROFILING_INFO_start function null from ../todomvc/examples/spine/node_modules/jquery/dist/jquery.js in 2601_PROFILING_INFO_
​ _PROFILING_INFO_start function null from ../todomvc/examples/spine/node_modules/jquery/dist/jquery.js in 2614_PROFILING_INFO_
​ _PROFILING_INFO_start function null from ../todomvc/examples/spine/node_modules/jquery/dist/jquery.js in 2628_PROFILING_INFO_
​ _PROFILING_INFO_start function null from ../todomvc/examples/spine/node_modules/jquery/dist/jquery.js in 70_PROFILING_INFO_
​ _PROFILING_INFO_start function null from ../todomvc/examples/spine/node_modules/jquery/dist/jquery.js in 2771_PROFILING_INFO_
​ _PROFILING_INFO_start function null from ../todomvc/examples/spine/node_modules/jquery/dist/jquery.js in 3045_PROFILING_INFO_
​ _PROFILING_INFO_start function null from ../todomvc/examples/spine/node_modules/jquery/dist/jquery.js in 255_PROFILING_INFO_
​ _PROFILING_INFO_start function null from ../todomvc/examples/spine/node_modules/jquery/dist/jquery.js in 412_PROFILING_INFO_
​ _PROFILING_INFO_start function null from ../todomvc/examples/spine/node_modules/jquery/dist/jquery.js in 3421_PROFILING_INFO_
​ _PROFILING_INFO_start function null from ../todomvc/examples/spine/node_modules/jquery/dist/jquery.js in 3502_PROFILING_INFO_
​ _PROFILING_INFO_start function null from ../todomvc/examples/spine/node_modules/jquery/dist/jquery.js in 3277_PROFILING_INFO_
​ _PROFILING_INFO_start function null from ../todomvc/examples/spine/node_modules/jquery/dist/jquery.js in 3110_PROFILING_INFO_
​ _PROFILING_INFO_start function createOptions from ../todomvc/examples/spine/node_modules/jquery/dist/jquery.js in 3080_PROFILING_INFO_
​ _PROFILING_INFO_start function null from ../todomvc/examples/spine/node_modules/jquery/dist/jquery.js in 3082_PROFILING_INFO_
​ _PROFILING_INFO_start function null from ../todomvc/examples/spine/node_modules/jquery/dist/jquery.js in 3326_PROFILING_INFO_
​ _PROFILING_INFO_start function null from ../todomvc/examples/spine/node_modules/jquery/dist/jquery.js in 3164_PROFILING_INFO_
​ _PROFILING_INFO_start function add from ../todomvc/examples/spine/node_modules/jquery/dist/jquery.js in 3168_PROFILING_INFO_
​ _PROFILING_INFO_start function null from ../todomvc/examples/spine/node_modules/jquery/dist/jquery.js in 3169_PROFILING_INFO_
​ _PROFILING_INFO_start function null from ../todomvc/examples/spine/node_modules/jquery/dist/jquery.js in 3316_PROFILING_INFO_
​ _PROFILING_INFO_start function null from ../todomvc/examples/spine/node_modules/jquery/dist/jquery.js in 3619_PROFILING_INFO_
​ _PROFILING_INFO_start function null from ../todomvc/examples/spine/node_modules/jquery/dist/jquery.js in 4183_PROFILING_INFO_
​ _PROFILING_INFO_start function null from ../todomvc/examples/spine/node_modules/jquery/dist/jquery.js in 4253_PROFILING_INFO_
​ _PROFILING_INFO_start function null from ../todomvc/examples/spine/node_modules/jquery/dist/jquery.js in 5029_PROFILING_INFO_
​ _PROFILING_INFO_start function null from ../todomvc/examples/spine/node_modules/jquery/dist/jquery.js in 5160_PROFILING_INFO_
​ _PROFILING_INFO_start function createSafeFragment from ../todomvc/examples/spine/node_modules/jquery/dist/jquery.js in 5296_PROFILING_INFO_
​ _PROFILING_INFO_start function null from ../todomvc/examples/spine/node_modules/jquery/dist/jquery.js in 6001_PROFILING_INFO_
​ _PROFILING_INFO_start function null from ../todomvc/examples/spine/node_modules/jquery/dist/jquery.js in 6085_PROFILING_INFO_
​ _PROFILING_INFO_start function null from ../todomvc/examples/spine/node_modules/jquery/dist/jquery.js in 6280_PROFILING_INFO_
​ _PROFILING_INFO_start function null from ../todomvc/examples/spine/node_modules/jquery/dist/jquery.js in 6768_PROFILING_INFO_
​ _PROFILING_INFO_start function addGetHookIf from ../todomvc/examples/spine/node_modules/jquery/dist/jquery.js in 6252_PROFILING_INFO_
​ _PROFILING_INFO_start function null from ../todomvc/examples/spine/node_modules/jquery/dist/jquery.js in 6857_PROFILING_INFO_
​ _PROFILING_INFO_start function null from ../todomvc/examples/spine/node_modules/jquery/dist/jquery.js in 7600_PROFILING_INFO_
​ _PROFILING_INFO_start function genFx from ../todomvc/examples/spine/node_modules/jquery/dist/jquery.js in 7102_PROFILING_INFO_
​ _PROFILING_INFO_start function null from ../todomvc/examples/spine/node_modules/jquery/dist/jquery.js in 7617_PROFILING_INFO_
​ _PROFILING_INFO_start function null from ../todomvc/examples/spine/node_modules/jquery/dist/jquery.js in 7690_PROFILING_INFO_
​ _PROFILING_INFO_start function null from ../todomvc/examples/spine/node_modules/jquery/dist/jquery.js in 7900_PROFILING_INFO_
​ _PROFILING_INFO_start function null from ../todomvc/examples/spine/node_modules/jquery/dist/jquery.js in 8056_PROFILING_INFO_
​ _PROFILING_INFO_start function null from ../todomvc/examples/spine/node_modules/jquery/dist/jquery.js in 8301_PROFILING_INFO_
​ _PROFILING_INFO_start function null from ../todomvc/examples/spine/node_modules/jquery/dist/jquery.js in 8470_PROFILING_INFO_
​ _PROFILING_INFO_start function null from ../todomvc/examples/spine/node_modules/jquery/dist/jquery.js in 557_PROFILING_INFO_
​ _PROFILING_INFO_start function addToPrefiltersOrTransports from ../todomvc/examples/spine/node_modules/jquery/dist/jquery.js in 8629_PROFILING_INFO_
​ _PROFILING_INFO_start function null from ../todomvc/examples/spine/node_modules/jquery/dist/jquery.js in 9347_PROFILING_INFO_
​ _PROFILING_INFO_start function createStandardXHR from ../todomvc/examples/spine/node_modules/jquery/dist/jquery.js in 9741_PROFILING_INFO_
​ _PROFILING_INFO_start function null from ../todomvc/examples/spine/node_modules/jquery/dist/jquery.js in 8632_PROFILING_INFO_
​ _PROFILING_INFO_start function null from ../todomvc/examples/spine/node_modules/jquery/dist/jquery.js in 8933_PROFILING_INFO_
​ _PROFILING_INFO_start function ajaxExtend from ../todomvc/examples/spine/node_modules/jquery/dist/jquery.js in 8688_PROFILING_INFO_
​ _PROFILING_INFO_start function null from ../todomvc/examples/spine/node_modules/jquery/dist/jquery.js in 284_PROFILING_INFO_
​ _PROFILING_INFO_start function null from ../todomvc/examples/spine/node_modules/jquery/dist/jquery.js in 10028_PROFILING_INFO_
​ _PROFILING_INFO_start function null from ../todomvc/examples/spine/node_modules/jquery/dist/jquery.js in 10195_PROFILING_INFO_
​ _PROFILING_INFO_start function null from ../todomvc/examples/spine/node_modules/jquery/dist/jquery.js in 10225_PROFILING_INFO_
​ _PROFILING_INFO_start function null from ../todomvc/examples/spine/node_modules/jquery/dist/jquery.js in 10241_PROFILING_INFO_
​ _PROFILING_INFO_start function null from ../todomvc/examples/spine/node_modules/jquery/dist/jquery.js in 10242_PROFILING_INFO_
​ _PROFILING_INFO_start function null from ../todomvc/examples/spine/node_modules/handlebars/dist/handlebars.js in 28_PROFILING_INFO_
​ _PROFILING_INFO_start function null from ../todomvc/examples/spine/node_modules/handlebars/dist/handlebars.js in 30_PROFILING_INFO_
​ _PROFILING_INFO_start function null from ../todomvc/examples/spine/node_modules/handlebars/dist/handlebars.js in 47_PROFILING_INFO_
​ _PROFILING_INFO_start function null from ../todomvc/examples/spine/node_modules/handlebars/dist/handlebars.js in 81_PROFILING_INFO_
​ _PROFILING_INFO_start function null from ../todomvc/examples/spine/node_modules/handlebars/dist/handlebars.js in 129_PROFILING_INFO_
​ _PROFILING_INFO_start function null from ../todomvc/examples/spine/node_modules/handlebars/dist/handlebars.js in 163_PROFILING_INFO_
​ _PROFILING_INFO_start function null from ../todomvc/examples/spine/node_modules/handlebars/dist/handlebars.js in 349_PROFILING_INFO_
​ _PROFILING_INFO_start function null from ../todomvc/examples/spine/node_modules/handlebars/dist/handlebars.js in 492_PROFILING_INFO_
​ _PROFILING_INFO_start function null from ../todomvc/examples/spine/node_modules/handlebars/dist/handlebars.js in 506_PROFILING_INFO_
​ _PROFILING_INFO_start function HandlebarsEnvironment from ../todomvc/examples/spine/node_modules/handlebars/dist/handlebars.js in 184_PROFILING_INFO_
​ _PROFILING_INFO_start function registerDefaultHelpers from ../todomvc/examples/spine/node_modules/handlebars/dist/handlebars.js in 216_PROFILING_INFO_
​ _PROFILING_INFO_start function null from ../todomvc/examples/spine/node_modules/handlebars/dist/handlebars.js in 197_PROFILING_INFO_
​ _PROFILING_INFO_start function extend from ../todomvc/examples/spine/node_modules/handlebars/dist/handlebars.js in 69_PROFILING_INFO_
​ _PROFILING_INFO_start function null from ../todomvc/examples/spine/node_modules/handlebars/dist/handlebars.js in 530_PROFILING_INFO_
​ _PROFILING_INFO_start function null from ../todomvc/examples/spine/node_modules/handlebars/dist/handlebars.js in 763_PROFILING_INFO_
​ _PROFILING_INFO_start function null from ../todomvc/examples/spine/node_modules/handlebars/dist/handlebars.js in 768_PROFILING_INFO_
​ _PROFILING_INFO_start function null from ../todomvc/examples/spine/node_modules/handlebars/dist/handlebars.js in 987_PROFILING_INFO_
​ _PROFILING_INFO_start function Parser from ../todomvc/examples/spine/node_modules/handlebars/dist/handlebars.js in 1251_PROFILING_INFO_
​ _PROFILING_INFO_start function null from ../todomvc/examples/spine/node_modules/handlebars/dist/handlebars.js in 1259_PROFILING_INFO_
​ _PROFILING_INFO_start function null from ../todomvc/examples/spine/node_modules/handlebars/dist/handlebars.js in 1280_PROFILING_INFO_
​ _PROFILING_INFO_start function null from ../todomvc/examples/spine/node_modules/handlebars/dist/handlebars.js in 1755_PROFILING_INFO_
​ _PROFILING_INFO_start function null from ../todomvc/examples/spine/node_modules/handlebars/dist/handlebars.js in 2703_PROFILING_INFO_
​ _PROFILING_INFO_start function null from ../todomvc/examples/spine/node_modules/handlebars/dist/handlebars.js in 2719_PROFILING_INFO_
​ _PROFILING_INFO_start function null from ../todomvc/examples/spine/node_modules/spine/lib/spine.js in 8_PROFILING_INFO_
​ _PROFILING_INFO_start function null from ../todomvc/examples/spine/node_modules/spine/lib/spine.js in 215_PROFILING_INFO_
​ _PROFILING_INFO_start function null from ../todomvc/examples/spine/node_modules/spine/lib/spine.js in 276_PROFILING_INFO_
​ _PROFILING_INFO_start function null from ../todomvc/examples/spine/node_modules/spine/lib/spine.js in 13_PROFILING_INFO_
​ _PROFILING_INFO_start function ctor from ../todomvc/examples/spine/node_modules/spine/lib/spine.js in 13_PROFILING_INFO_
​ _PROFILING_INFO_start function null from ../todomvc/examples/spine/node_modules/spine/lib/spine.js in 233_PROFILING_INFO_
​ _PROFILING_INFO_start function null from ../todomvc/examples/spine/node_modules/spine/lib/spine.js in 216_PROFILING_INFO_
​ _PROFILING_INFO_start function null from ../todomvc/examples/spine/node_modules/spine/lib/spine.js in 873_PROFILING_INFO_
​ _PROFILING_INFO_start function null from ../todomvc/examples/spine/node_modules/spine/lib/route.js in 2_PROFILING_INFO_
​ _PROFILING_INFO_start function null from ../todomvc/examples/spine/node_modules/spine/lib/route.js in 20_PROFILING_INFO_
​ _PROFILING_INFO_start function null from ../todomvc/examples/spine/node_modules/spine/lib/route.js in 5_PROFILING_INFO_
​ _PROFILING_INFO_start function ctor from ../todomvc/examples/spine/node_modules/spine/lib/route.js in 5_PROFILING_INFO_
​ _PROFILING_INFO_start function null from ../todomvc/examples/spine/node_modules/spine/lib/route.js in 68_PROFILING_INFO_
​ _PROFILING_INFO_start function null from ../todomvc/examples/spine/node_modules/spine/lib/spine.js in 233_PROFILING_INFO_
​ _PROFILING_INFO_start function Route from ../todomvc/examples/spine/node_modules/spine/lib/route.js in 253_PROFILING_INFO_
​ _PROFILING_INFO_start function null from ../todomvc/examples/spine/node_modules/spine/lib/spine.js in 216_PROFILING_INFO_
​ _PROFILING_INFO_start function null from ../todomvc/examples/spine/node_modules/spine/lib/local.js in 2_PROFILING_INFO_
​ _PROFILING_INFO_start function null from ../todomvc/examples/spine/js/controllers/todos.js in 2_PROFILING_INFO_
​ _PROFILING_INFO_start function null from ../todomvc/examples/spine/js/controllers/todos.js in 7_PROFILING_INFO_
​ _PROFILING_INFO_start function null from ../todomvc/examples/spine/js/controllers/todos.js in 4_PROFILING_INFO_
​ _PROFILING_INFO_start function ctor from ../todomvc/examples/spine/js/controllers/todos.js in 4_PROFILING_INFO_
​ _PROFILING_INFO_start function null from ../todomvc/examples/spine/node_modules/jquery/dist/jquery.js in 70_PROFILING_INFO_
​ _PROFILING_INFO_start function null from ../todomvc/examples/spine/node_modules/jquery/dist/jquery.js in 2771_PROFILING_INFO_
​ _PROFILING_INFO_start function null from ../todomvc/examples/spine/node_modules/jquery/dist/jquery.js in 5842_PROFILING_INFO_
​ _PROFILING_INFO_start function null from ../todomvc/examples/spine/node_modules/jquery/dist/jquery.js in 4129_PROFILING_INFO_
​ _PROFILING_INFO_start function null from ../todomvc/examples/spine/node_modules/jquery/dist/jquery.js in 321_PROFILING_INFO_
​ _PROFILING_INFO_start function null from ../todomvc/examples/spine/node_modules/jquery/dist/jquery.js in 5843_PROFILING_INFO_
​ _PROFILING_INFO_start function null from ../todomvc/examples/spine/node_modules/handlebars/dist/handlebars.js in 2722_PROFILING_INFO_
​ _PROFILING_INFO_start function compile from ../todomvc/examples/spine/node_modules/handlebars/dist/handlebars.js in 1721_PROFILING_INFO_
​ _PROFILING_INFO_start function null from ../todomvc/examples/spine/js/models/todo.js in 2_PROFILING_INFO_
​ _PROFILING_INFO_start function null from ../todomvc/examples/spine/js/models/todo.js in 6_PROFILING_INFO_
​ _PROFILING_INFO_start function null from ../todomvc/examples/spine/js/models/todo.js in 3_PROFILING_INFO_
​ _PROFILING_INFO_start function ctor from ../todomvc/examples/spine/js/models/todo.js in 3_PROFILING_INFO_
​ _PROFILING_INFO_start function null from ../todomvc/examples/spine/node_modules/spine/lib/spine.js in 289_PROFILING_INFO_
​ _PROFILING_INFO_start function null from ../todomvc/examples/spine/node_modules/spine/lib/spine.js in 447_PROFILING_INFO_
​ _PROFILING_INFO_start function null from ../todomvc/examples/spine/node_modules/spine/lib/spine.js in 1082_PROFILING_INFO_
​ _PROFILING_INFO_start function null from ../todomvc/examples/spine/node_modules/spine/lib/spine.js in 153_PROFILING_INFO_
​ _PROFILING_INFO_start function null from ../todomvc/examples/spine/node_modules/spine/lib/spine.js in 233_PROFILING_INFO_
​ _PROFILING_INFO_start function null from ../todomvc/examples/spine/node_modules/spine/lib/local.js in 8_PROFILING_INFO_
​ _PROFILING_INFO_start function null from ../todomvc/examples/spine/node_modules/spine/lib/spine.js in 477_PROFILING_INFO_
​ _PROFILING_INFO_start function null from ../todomvc/examples/spine/node_modules/spine/lib/spine.js in 17_PROFILING_INFO_
​ _PROFILING_INFO_start function null from ../todomvc/examples/spine/node_modules/spine/lib/spine.js in 485_PROFILING_INFO_
​ _PROFILING_INFO_start function null from ../todomvc/examples/spine/js/app.js in 2_PROFILING_INFO_
​ _PROFILING_INFO_start function null from ../todomvc/examples/spine/js/app.js in 8_PROFILING_INFO_
​ _PROFILING_INFO_start function null from ../todomvc/examples/spine/js/app.js in 5_PROFILING_INFO_
​ _PROFILING_INFO_start function ctor from ../todomvc/examples/spine/js/app.js in 5_PROFILING_INFO_
​ _PROFILING_INFO_start function null from ../todomvc/examples/spine/node_modules/jquery/dist/jquery.js in 70_PROFILING_INFO_
​ _PROFILING_INFO_start function null from ../todomvc/examples/spine/node_modules/jquery/dist/jquery.js in 2771_PROFILING_INFO_
​ _PROFILING_INFO_start function null from ../todomvc/examples/spine/node_modules/jquery/dist/jquery.js in 255_PROFILING_INFO_
​ _PROFILING_INFO_start function null from ../todomvc/examples/spine/node_modules/jquery/dist/jquery.js in 321_PROFILING_INFO_
​ _PROFILING_INFO_start function null from ../todomvc/examples/spine/node_modules/jquery/dist/jquery.js in 3421_PROFILING_INFO_
​ _PROFILING_INFO_start function null from ../todomvc/examples/spine/node_modules/jquery/dist/jquery.js in 3502_PROFILING_INFO_
​ _PROFILING_INFO_start function null from ../todomvc/examples/spine/node_modules/jquery/dist/jquery.js in 3316_PROFILING_INFO_
​ _PROFILING_INFO_start function null from ../todomvc/examples/spine/node_modules/jquery/dist/jquery.js in 3164_PROFILING_INFO_
​ _PROFILING_INFO_start function add from ../todomvc/examples/spine/node_modules/jquery/dist/jquery.js in 3168_PROFILING_INFO_
​ _PROFILING_INFO_start function null from ../todomvc/examples/spine/node_modules/jquery/dist/jquery.js in 355_PROFILING_INFO_
​ _PROFILING_INFO_start function isArraylike from ../todomvc/examples/spine/node_modules/jquery/dist/jquery.js in 571_PROFILING_INFO_
​ _PROFILING_INFO_start function null from ../todomvc/examples/spine/node_modules/jquery/dist/jquery.js in 263_PROFILING_INFO_
​ _PROFILING_INFO_start function null from ../todomvc/examples/spine/node_modules/jquery/dist/jquery.js in 3169_PROFILING_INFO_
​ _PROFILING_INFO_start function completed from ../todomvc/examples/spine/node_modules/jquery/dist/jquery.js in 3494_PROFILING_INFO_
​ _PROFILING_INFO_start function detach from ../todomvc/examples/spine/node_modules/jquery/dist/jquery.js in 3480_PROFILING_INFO_
​ _PROFILING_INFO_start function null from ../todomvc/examples/spine/node_modules/jquery/dist/jquery.js in 3446_PROFILING_INFO_
​ _PROFILING_INFO_start function null from ../todomvc/examples/spine/node_modules/jquery/dist/jquery.js in 3248_PROFILING_INFO_
​ _PROFILING_INFO_start function null from ../todomvc/examples/spine/node_modules/jquery/dist/jquery.js in 3135_PROFILING_INFO_
​ _PROFILING_INFO_start function null from ../todomvc/examples/spine/node_modules/jquery/dist/jquery.js in 3335_PROFILING_INFO_
​ _PROFILING_INFO_start function null from ../todomvc/examples/spine/node_modules/jquery/dist/jquery.js in 3227_PROFILING_INFO_
​ _PROFILING_INFO_start function null from ../todomvc/examples/spine/node_modules/jquery/dist/jquery.js in 3236_PROFILING_INFO_
​ _PROFILING_INFO_start function null from ../todomvc/examples/spine/node_modules/jquery/dist/jquery.js in 3581_PROFILING_INFO_
​ _PROFILING_INFO_start function null from ../todomvc/examples/spine/js/app.js in 144_PROFILING_INFO_
​ _PROFILING_INFO_start function TodoApp from ../todomvc/examples/spine/js/app.js in 32_PROFILING_INFO_
​ _PROFILING_INFO_start function null from ../todomvc/examples/spine/js/app.js in 4_PROFILING_INFO_
​ _PROFILING_INFO_start function Controller from ../todomvc/examples/spine/node_modules/spine/lib/spine.js in 884_PROFILING_INFO_
​ _PROFILING_INFO_start function null from ../todomvc/examples/spine/node_modules/spine/lib/spine.js in 14_PROFILING_INFO_
​ _PROFILING_INFO_start function null from ../todomvc/examples/spine/node_modules/jquery/dist/jquery.js in 412_PROFILING_INFO_
​ _PROFILING_INFO_start function null from ../todomvc/examples/spine/node_modules/jquery/dist/jquery.js in 451_PROFILING_INFO_
​ _PROFILING_INFO_start function null from ../todomvc/examples/spine/node_modules/spine/lib/spine.js in 939_PROFILING_INFO_
​ _PROFILING_INFO_start function null from ../todomvc/examples/spine/node_modules/spine/lib/spine.js in 957_PROFILING_INFO_
​ _PROFILING_INFO_start function null from ../todomvc/examples/spine/node_modules/spine/lib/spine.js in 958_PROFILING_INFO_
​ _PROFILING_INFO_start function null from ../todomvc/examples/spine/node_modules/jquery/dist/jquery.js in 5194_PROFILING_INFO_
​ _PROFILING_INFO_start function null from ../todomvc/examples/spine/node_modules/jquery/dist/jquery.js in 135_PROFILING_INFO_
​ _PROFILING_INFO_start function null from ../todomvc/examples/spine/node_modules/jquery/dist/jquery.js in 5243_PROFILING_INFO_
​ _PROFILING_INFO_start function null from ../todomvc/examples/spine/node_modules/jquery/dist/jquery.js in 4301_PROFILING_INFO_
​ _PROFILING_INFO_start function null from ../todomvc/examples/spine/node_modules/jquery/dist/jquery.js in 3910_PROFILING_INFO_
​ _PROFILING_INFO_start function internalData from ../todomvc/examples/spine/node_modules/jquery/dist/jquery.js in 3705_PROFILING_INFO_
​ _PROFILING_INFO_start function null from ../todomvc/examples/spine/node_modules/jquery/dist/jquery.js in 3641_PROFILING_INFO_
​ _PROFILING_INFO_start function null from ../todomvc/examples/spine/node_modules/jquery/dist/jquery.js in 174_PROFILING_INFO_
​ _PROFILING_INFO_start function null from ../todomvc/examples/spine/node_modules/spine/lib/spine.js in 978_PROFILING_INFO_
​ _PROFILING_INFO_start function null from ../todomvc/examples/spine/node_modules/spine/lib/spine.js in 935_PROFILING_INFO_
​ _PROFILING_INFO_start function null from ../todomvc/examples/spine/node_modules/jquery/dist/jquery.js in 2711_PROFILING_INFO_
​ _PROFILING_INFO_start function Sizzle from ../todomvc/examples/spine/node_modules/jquery/dist/jquery.js in 783_PROFILING_INFO_
​ _PROFILING_INFO_start function null from ../todomvc/examples/spine/node_modules/jquery/dist/jquery.js in 1305_PROFILING_INFO_
​ _PROFILING_INFO_start function null from ../todomvc/examples/spine/node_modules/jquery/dist/jquery.js in 119_PROFILING_INFO_
​ _PROFILING_INFO_start function null from ../todomvc/examples/spine/node_modules/jquery/dist/jquery.js in 2046_PROFILING_INFO_
​ _PROFILING_INFO_start function cache from ../todomvc/examples/spine/node_modules/jquery/dist/jquery.js in 900_PROFILING_INFO_
​ _PROFILING_INFO_start function toSelector from ../todomvc/examples/spine/node_modules/jquery/dist/jquery.js in 2113_PROFILING_INFO_
​ _PROFILING_INFO_start function Module from ../todomvc/examples/spine/node_modules/spine/lib/spine.js in 266_PROFILING_INFO_
spine-instrumented.js:54 _PROFILING_INFO_start function null from ../todomvc/examples/spine/node_modules/spine/lib/spine.js in 17_PROFILING_INFO_
spine-instrumented.js:674 _PROFILING_INFO_start function null from ../todomvc/examples/spine/node_modules/spine/lib/spine.js in 485_PROFILING_INFO_
spine-instrumented.js:86 _PROFILING_INFO_start function null from ../todomvc/examples/spine/node_modules/spine/lib/spine.js in 37_PROFILING_INFO_
local-instrumented.js:30 _PROFILING_INFO_start function null from ../todomvc/examples/spine/node_modules/spine/lib/local.js in 17_PROFILING_INFO_
spine-instrumented.js:484 _PROFILING_INFO_start function null from ../todomvc/examples/spine/node_modules/spine/lib/spine.js in 347_PROFILING_INFO_
spine-instrumented.js:618 _PROFILING_INFO_start function null from ../todomvc/examples/spine/node_modules/spine/lib/spine.js in 447_PROFILING_INFO_
spine-instrumented.js:699 _PROFILING_INFO_start function null from ../todomvc/examples/spine/node_modules/spine/lib/spine.js in 501_PROFILING_INFO_
spine-instrumented.js:692 _PROFILING_INFO_start function null from ../todomvc/examples/spine/node_modules/spine/lib/spine.js in 497_PROFILING_INFO_
spine-instrumented.js:1437 _PROFILING_INFO_start function null from ../todomvc/examples/spine/node_modules/spine/lib/spine.js in 1067_PROFILING_INFO_
spine-instrumented.js:738 _PROFILING_INFO_start function null from ../todomvc/examples/spine/node_modules/spine/lib/spine.js in 534_PROFILING_INFO_
spine-instrumented.js:748 _PROFILING_INFO_start function null from ../todomvc/examples/spine/node_modules/spine/lib/spine.js in 541_PROFILING_INFO_
app-instrumented.js:128 _PROFILING_INFO_start function null from ../todomvc/examples/spine/js/app.js in 86_PROFILING_INFO_
jquery-instrumented.js:4810 _PROFILING_INFO_start function null from ../todomvc/examples/spine/node_modules/jquery/dist/jquery.js in 5808_PROFILING_INFO_
jquery-instrumented.js:4441 _PROFILING_INFO_start function getAll from ../todomvc/examples/spine/node_modules/jquery/dist/jquery.js in 5348_PROFILING_INFO_
jquery-instrumented.js:4679 _PROFILING_INFO_start function null from ../todomvc/examples/spine/node_modules/jquery/dist/jquery.js in 5690_PROFILING_INFO_
app-instrumented.js:105 _PROFILING_INFO_start function null from ../todomvc/examples/spine/js/app.js in 67_PROFILING_INFO_
spine-instrumented.js:567 _PROFILING_INFO_start function null from ../todomvc/examples/spine/node_modules/spine/lib/spine.js in 411_PROFILING_INFO_
app-instrumented.js:166 _PROFILING_INFO_start function null from ../todomvc/examples/spine/js/app.js in 116_PROFILING_INFO_
todo-instrumented.js:59 _PROFILING_INFO_start function null from ../todomvc/examples/spine/js/models/todo.js in 23_PROFILING_INFO_
spine-instrumented.js:509 _PROFILING_INFO_start function null from ../todomvc/examples/spine/node_modules/spine/lib/spine.js in 369_PROFILING_INFO_
spine-instrumented.js:611 _PROFILING_INFO_start function null from ../todomvc/examples/spine/node_modules/spine/lib/spine.js in 443_PROFILING_INFO_
jquery-instrumented.js:6264 _PROFILING_INFO_start function null from ../todomvc/examples/spine/node_modules/jquery/dist/jquery.js in 7602_PROFILING_INFO_
jquery-instrumented.js:5619 _PROFILING_INFO_start function null from ../todomvc/examples/spine/node_modules/jquery/dist/jquery.js in 6909_PROFILING_INFO_
jquery-instrumented.js:5612 _PROFILING_INFO_start function null from ../todomvc/examples/spine/node_modules/jquery/dist/jquery.js in 6906_PROFILING_INFO_
jquery-instrumented.js:5300 _PROFILING_INFO_start function showHide from ../todomvc/examples/spine/node_modules/jquery/dist/jquery.js in 6488_PROFILING_INFO_
jquery-instrumented.js:3405 _PROFILING_INFO_start function null from ../todomvc/examples/spine/node_modules/jquery/dist/jquery.js in 4118_PROFILING_INFO_
jquery-instrumented.js:5460 _PROFILING_INFO_start function null from ../todomvc/examples/spine/node_modules/jquery/dist/jquery.js in 6733_PROFILING_INFO_
jquery-instrumented.js:287 _PROFILING_INFO_start function null from ../todomvc/examples/spine/node_modules/jquery/dist/jquery.js in 346_PROFILING_INFO_
jquery-instrumented.js:5283 _PROFILING_INFO_start function vendorPropName from ../todomvc/examples/spine/node_modules/jquery/dist/jquery.js in 6466_PROFILING_INFO_
jquery-instrumented.js:5069 _PROFILING_INFO_start function null from ../todomvc/examples/spine/node_modules/jquery/dist/jquery.js in 6152_PROFILING_INFO_
jquery-instrumented.js:5059 _PROFILING_INFO_start function null from ../todomvc/examples/spine/node_modules/jquery/dist/jquery.js in 6141_PROFILING_INFO_
jquery-instrumented.js:1064 _PROFILING_INFO_start function null from ../todomvc/examples/spine/node_modules/jquery/dist/jquery.js in 1461_PROFILING_INFO_
jquery-instrumented.js:6785 _PROFILING_INFO_start function null from ../todomvc/examples/spine/node_modules/jquery/dist/jquery.js in 8187_PROFILING_INFO_
jquery-instrumented.js:3413 _PROFILING_INFO_start function null from ../todomvc/examples/spine/node_modules/jquery/dist/jquery.js in 4129_PROFILING_INFO_
jquery-instrumented.js:6816 _PROFILING_INFO_start function null from ../todomvc/examples/spine/node_modules/jquery/dist/jquery.js in 8209_PROFILING_INFO_
jquery-instrumented.js:774 _PROFILING_INFO_start function null from ../todomvc/examples/spine/node_modules/jquery/dist/jquery.js in 1045_PROFILING_INFO_
app-instrumented.js:179 _PROFILING_INFO_start function null from ../todomvc/examples/spine/js/app.js in 126_PROFILING_INFO_
todo-instrumented.js:46 _PROFILING_INFO_start function null from ../todomvc/examples/spine/js/models/todo.js in 17_PROFILING_INFO_
app-instrumented.js:185 _PROFILING_INFO_start function null from ../todomvc/examples/spine/js/app.js in 128_PROFILING_INFO_
jquery-instrumented.js:4844 _PROFILING_INFO_start function null from ../todomvc/examples/spine/node_modules/jquery/dist/jquery.js in 5842_PROFILING_INFO_
jquery-instrumented.js:4849 _PROFILING_INFO_start function null from ../todomvc/examples/spine/node_modules/jquery/dist/jquery.js in 5843_PROFILING_INFO_
route-instrumented.js:364 _PROFILING_INFO_start function null from ../todomvc/examples/spine/node_modules/spine/lib/route.js in 289_PROFILING_INFO_
route-instrumented.js:353 _PROFILING_INFO_start function null from ../todomvc/examples/spine/node_modules/spine/lib/route.js in 282_PROFILING_INFO_
spine-instrumented.js:364 _PROFILING_INFO_start function null from ../todomvc/examples/spine/node_modules/spine/lib/spine.js in 258_PROFILING_INFO_
spine-instrumented.js:369 _PROFILING_INFO_start function null from ../todomvc/examples/spine/node_modules/spine/lib/spine.js in 259_PROFILING_INFO_
route-instrumented.js:206 _PROFILING_INFO_start function null from ../todomvc/examples/spine/node_modules/spine/lib/route.js in 169_PROFILING_INFO_
route-instrumented.js:213 _PROFILING_INFO_start function null from ../todomvc/examples/spine/node_modules/spine/lib/route.js in 173_PROFILING_INFO_
route-instrumented.js:43 _PROFILING_INFO_start function Path from ../todomvc/examples/spine/node_modules/spine/lib/route.js in 23_PROFILING_INFO_
route-instrumented.js:109 _PROFILING_INFO_start function null from ../todomvc/examples/spine/node_modules/spine/lib/route.js in 87_PROFILING_INFO_
jquery-instrumented.js:7057 _PROFILING_INFO_start function null from ../todomvc/examples/spine/node_modules/jquery/dist/jquery.js in 8485_PROFILING_INFO_
route-instrumented.js:278 _PROFILING_INFO_start function null from ../todomvc/examples/spine/node_modules/spine/lib/route.js in 222_PROFILING_INFO_
route-instrumented.js:254 _PROFILING_INFO_start function null from ../todomvc/examples/spine/node_modules/spine/lib/route.js in 204_PROFILING_INFO_
route-instrumented.js:291 _PROFILING_INFO_start function null from ../todomvc/examples/spine/node_modules/spine/lib/route.js in 232_PROFILING_INFO_
route-instrumented.js:325 _PROFILING_INFO_start function null from ../todomvc/examples/spine/node_modules/spine/lib/route.js in 257_PROFILING_INFO_
route-instrumented.js:67 _PROFILING_INFO_start function null from ../todomvc/examples/spine/node_modules/spine/lib/route.js in 44_PROFILING_INFO_
jquery-instrumented.js:4363 _PROFILING_INFO_start function null from ../todomvc/examples/spine/node_modules/jquery/dist/jquery.js in 5287_PROFILING_INFO_
jquery-instrumented.js:3667 _PROFILING_INFO_start function null from ../todomvc/examples/spine/node_modules/jquery/dist/jquery.js in 4488_PROFILING_INFO_
jquery-instrumented.js:3992 _PROFILING_INFO_start function null from ../todomvc/examples/spine/node_modules/jquery/dist/jquery.js in 4932_PROFILING_INFO_
jquery-instrumented.js:464 _PROFILING_INFO_start function null from ../todomvc/examples/spine/node_modules/jquery/dist/jquery.js in 557_PROFILING_INFO_
jquery-instrumented.js:3520 _PROFILING_INFO_start function returnFalse from ../todomvc/examples/spine/node_modules/jquery/dist/jquery.js in 4283_PROFILING_INFO_
jquery-instrumented.js:4318 _PROFILING_INFO_start function null from ../todomvc/examples/spine/node_modules/jquery/dist/jquery.js in 5250_PROFILING_INFO_
jquery-instrumented.js:4342 _PROFILING_INFO_start function null from ../todomvc/examples/spine/node_modules/jquery/dist/jquery.js in 5277_PROFILING_INFO_
jquery-instrumented.js:3617 _PROFILING_INFO_start function null from ../todomvc/examples/spine/node_modules/jquery/dist/jquery.js in 4415_PROFILING_INFO_
jquery-instrumented.js:3161 _PROFILING_INFO_start function null from ../todomvc/examples/spine/node_modules/jquery/dist/jquery.js in 3896_PROFILING_INFO_
