base-instrumented.js:5 _PROFILING_INFO_start function null from ../todomvc/examples/troopjs_require/node_modules/todomvc-common/base.js in 2_PROFILING_INFO_
base-instrumented.js:11 _PROFILING_INFO_start function null from ../todomvc/examples/troopjs_require/node_modules/todomvc-common/base.js in 8_PROFILING_INFO_
base-instrumented.js:136 _PROFILING_INFO_start function redirect from ../todomvc/examples/troopjs_require/node_modules/todomvc-common/base.js in 126_PROFILING_INFO_
base-instrumented.js:153 _PROFILING_INFO_start function getFile from ../todomvc/examples/troopjs_require/node_modules/todomvc-common/base.js in 137_PROFILING_INFO_
base-instrumented.js:145 _PROFILING_INFO_start function findRoot from ../todomvc/examples/troopjs_require/node_modules/todomvc-common/base.js in 132_PROFILING_INFO_
​ _PROFILING_INFO_start function null from ../todomvc/examples/troopjs_require/node_modules/requirejs/require.js in 12_PROFILING_INFO_
​ _PROFILING_INFO_start function null from ../todomvc/examples/troopjs_require/node_modules/requirejs/require.js in 1732_PROFILING_INFO_
​ _PROFILING_INFO_start function isArray from ../todomvc/examples/troopjs_require/node_modules/requirejs/require.js in 44_PROFILING_INFO_
​ _PROFILING_INFO_start function getOwn from ../todomvc/examples/troopjs_require/node_modules/requirejs/require.js in 82_PROFILING_INFO_
​ _PROFILING_INFO_start function hasProp from ../todomvc/examples/troopjs_require/node_modules/requirejs/require.js in 78_PROFILING_INFO_
​ _PROFILING_INFO_start function newContext from ../todomvc/examples/troopjs_require/node_modules/requirejs/require.js in 196_PROFILING_INFO_
​ _PROFILING_INFO_start function null from ../todomvc/examples/troopjs_require/node_modules/requirejs/require.js in 1383_PROFILING_INFO_
​ _PROFILING_INFO_start function mixin from ../todomvc/examples/troopjs_require/node_modules/requirejs/require.js in 106_PROFILING_INFO_
​ _PROFILING_INFO_start function eachProp from ../todomvc/examples/troopjs_require/node_modules/requirejs/require.js in 91_PROFILING_INFO_
​ _PROFILING_INFO_start function null from ../todomvc/examples/troopjs_require/node_modules/requirejs/require.js in 108_PROFILING_INFO_
​ _PROFILING_INFO_start function null from ../todomvc/examples/troopjs_require/node_modules/requirejs/require.js in 1271_PROFILING_INFO_
​ _PROFILING_INFO_start function localRequire from ../todomvc/examples/troopjs_require/node_modules/requirejs/require.js in 1386_PROFILING_INFO_
​ _PROFILING_INFO_start function intakeDefines from ../todomvc/examples/troopjs_require/node_modules/requirejs/require.js in 1233_PROFILING_INFO_
​ _PROFILING_INFO_start function takeGlobalQueue from ../todomvc/examples/troopjs_require/node_modules/requirejs/require.js in 553_PROFILING_INFO_
​ _PROFILING_INFO_start function null from ../todomvc/examples/troopjs_require/node_modules/requirejs/require.js in 1782_PROFILING_INFO_
​ _PROFILING_INFO_start function each from ../todomvc/examples/troopjs_require/node_modules/requirejs/require.js in 52_PROFILING_INFO_
​ _PROFILING_INFO_start function null from ../todomvc/examples/troopjs_require/node_modules/requirejs/require.js in 1812_PROFILING_INFO_
​ _PROFILING_INFO_start function scripts from ../todomvc/examples/troopjs_require/node_modules/requirejs/require.js in 135_PROFILING_INFO_
​ _PROFILING_INFO_start function eachReverse from ../todomvc/examples/troopjs_require/node_modules/requirejs/require.js in 67_PROFILING_INFO_
​ _PROFILING_INFO_start function null from ../todomvc/examples/troopjs_require/node_modules/requirejs/require.js in 1969_PROFILING_INFO_
​ _PROFILING_INFO_start function null from ../todomvc/examples/troopjs_require/node_modules/requirejs/require.js in 1289_PROFILING_INFO_
​ _PROFILING_INFO_start function null from ../todomvc/examples/troopjs_require/node_modules/todomvc-common/base.js in 147_PROFILING_INFO_
​ _PROFILING_INFO_start function Learn from ../todomvc/examples/troopjs_require/node_modules/todomvc-common/base.js in 154_PROFILING_INFO_
​ _PROFILING_INFO_start function null from ../todomvc/examples/troopjs_require/node_modules/todomvc-common/base.js in 199_PROFILING_INFO_
​ _PROFILING_INFO_start function null from ../todomvc/examples/troopjs_require/node_modules/todomvc-common/base.js in 56_PROFILING_INFO_
​ _PROFILING_INFO_start function null from ../todomvc/examples/troopjs_require/node_modules/todomvc-common/base.js in 9_PROFILING_INFO_
​ _PROFILING_INFO_start function null from ../todomvc/examples/troopjs_require/node_modules/todomvc-common/base.js in 70_PROFILING_INFO_
​ _PROFILING_INFO_start function null from ../todomvc/examples/troopjs_require/node_modules/todomvc-common/base.js in 227_PROFILING_INFO_
​ _PROFILING_INFO_start function null from ../todomvc/examples/troopjs_require/node_modules/requirejs/require.js in 1430_PROFILING_INFO_
​ _PROFILING_INFO_start function makeModuleMap from ../todomvc/examples/troopjs_require/node_modules/requirejs/require.js in 413_PROFILING_INFO_
​ _PROFILING_INFO_start function splitPrefix from ../todomvc/examples/troopjs_require/node_modules/requirejs/require.js in 388_PROFILING_INFO_
​ _PROFILING_INFO_start function normalize from ../todomvc/examples/troopjs_require/node_modules/requirejs/require.js in 266_PROFILING_INFO_
​ _PROFILING_INFO_start function trimDots from ../todomvc/examples/troopjs_require/node_modules/requirejs/require.js in 233_PROFILING_INFO_
​ _PROFILING_INFO_start function null from ../todomvc/examples/troopjs_require/node_modules/requirejs/require.js in 1606_PROFILING_INFO_
​ _PROFILING_INFO_start function getModule from ../todomvc/examples/troopjs_require/node_modules/requirejs/require.js in 494_PROFILING_INFO_
​ _PROFILING_INFO_start function null from ../todomvc/examples/troopjs_require/node_modules/requirejs/require.js in 722_PROFILING_INFO_
​ _PROFILING_INFO_start function null from ../todomvc/examples/troopjs_require/node_modules/requirejs/require.js in 739_PROFILING_INFO_
​ _PROFILING_INFO_start function null from ../todomvc/examples/troopjs_require/node_modules/requirejs/require.js in 1091_PROFILING_INFO_
​ _PROFILING_INFO_start function bind from ../todomvc/examples/troopjs_require/node_modules/requirejs/require.js in 129_PROFILING_INFO_
​ _PROFILING_INFO_start function null from ../todomvc/examples/troopjs_require/node_modules/requirejs/require.js in 837_PROFILING_INFO_
​ _PROFILING_INFO_start function isFunction from ../todomvc/examples/troopjs_require/node_modules/requirejs/require.js in 40_PROFILING_INFO_
​ _PROFILING_INFO_start function cleanRegistry from ../todomvc/examples/troopjs_require/node_modules/requirejs/require.js in 601_PROFILING_INFO_
​ _PROFILING_INFO_start function null from ../todomvc/examples/troopjs_require/node_modules/requirejs/require.js in 1176_PROFILING_INFO_
​ _PROFILING_INFO_start function checkLoaded from ../todomvc/examples/troopjs_require/node_modules/requirejs/require.js in 635_PROFILING_INFO_
​ _PROFILING_INFO_start function null from ../todomvc/examples/troopjs_require/node_modules/requirejs/require.js in 130_PROFILING_INFO_
​ _PROFILING_INFO_start function null from ../todomvc/examples/troopjs_require/node_modules/requirejs/require.js in 1102_PROFILING_INFO_
​ _PROFILING_INFO_start function on from ../todomvc/examples/troopjs_require/node_modules/requirejs/require.js in 505_PROFILING_INFO_
​ _PROFILING_INFO_start function null from ../todomvc/examples/troopjs_require/node_modules/requirejs/require.js in 1168_PROFILING_INFO_
require-instrumented.js:1251 _PROFILING_INFO_start function null from ../todomvc/examples/troopjs_require/node_modules/requirejs/require.js in 1535_PROFILING_INFO_
require-instrumented.js:652 _PROFILING_INFO_start function null from ../todomvc/examples/troopjs_require/node_modules/requirejs/require.js in 799_PROFILING_INFO_
require-instrumented.js:675 _PROFILING_INFO_start function null from ../todomvc/examples/troopjs_require/node_modules/requirejs/require.js in 823_PROFILING_INFO_
require-instrumented.js:1335 _PROFILING_INFO_start function null from ../todomvc/examples/troopjs_require/node_modules/requirejs/require.js in 1666_PROFILING_INFO_
require-instrumented.js:1471 _PROFILING_INFO_start function null from ../todomvc/examples/troopjs_require/node_modules/requirejs/require.js in 1862_PROFILING_INFO_
require-instrumented.js:1460 _PROFILING_INFO_start function null from ../todomvc/examples/troopjs_require/node_modules/requirejs/require.js in 1843_PROFILING_INFO_
require-instrumented.js:538 _PROFILING_INFO_start function null from ../todomvc/examples/troopjs_require/node_modules/requirejs/require.js in 653_PROFILING_INFO_
require-instrumented.js:1374 _PROFILING_INFO_start function null from ../todomvc/examples/troopjs_require/node_modules/requirejs/require.js in 1732_PROFILING_INFO_
require-instrumented.js:19 _PROFILING_INFO_start function isArray from ../todomvc/examples/troopjs_require/node_modules/requirejs/require.js in 44_PROFILING_INFO_
require-instrumented.js:61 _PROFILING_INFO_start function getOwn from ../todomvc/examples/troopjs_require/node_modules/requirejs/require.js in 82_PROFILING_INFO_
require-instrumented.js:54 _PROFILING_INFO_start function hasProp from ../todomvc/examples/troopjs_require/node_modules/requirejs/require.js in 78_PROFILING_INFO_
require-instrumented.js:1032 _PROFILING_INFO_start function null from ../todomvc/examples/troopjs_require/node_modules/requirejs/require.js in 1271_PROFILING_INFO_
require-instrumented.js:68 _PROFILING_INFO_start function eachProp from ../todomvc/examples/troopjs_require/node_modules/requirejs/require.js in 91_PROFILING_INFO_
require-instrumented.js:1048 _PROFILING_INFO_start function null from ../todomvc/examples/troopjs_require/node_modules/requirejs/require.js in 1289_PROFILING_INFO_
require-instrumented.js:82 _PROFILING_INFO_start function mixin from ../todomvc/examples/troopjs_require/node_modules/requirejs/require.js in 106_PROFILING_INFO_
require-instrumented.js:88 _PROFILING_INFO_start function null from ../todomvc/examples/troopjs_require/node_modules/requirejs/require.js in 108_PROFILING_INFO_
require-instrumented.js:26 _PROFILING_INFO_start function each from ../todomvc/examples/troopjs_require/node_modules/requirejs/require.js in 52_PROFILING_INFO_
require-instrumented.js:1096 _PROFILING_INFO_start function null from ../todomvc/examples/troopjs_require/node_modules/requirejs/require.js in 1330_PROFILING_INFO_
require-instrumented.js:1111 _PROFILING_INFO_start function null from ../todomvc/examples/troopjs_require/node_modules/requirejs/require.js in 1355_PROFILING_INFO_
require-instrumented.js:314 _PROFILING_INFO_start function makeModuleMap from ../todomvc/examples/troopjs_require/node_modules/requirejs/require.js in 413_PROFILING_INFO_
require-instrumented.js:299 _PROFILING_INFO_start function splitPrefix from ../todomvc/examples/troopjs_require/node_modules/requirejs/require.js in 388_PROFILING_INFO_
require-instrumented.js:214 _PROFILING_INFO_start function normalize from ../todomvc/examples/troopjs_require/node_modules/requirejs/require.js in 266_PROFILING_INFO_
require-instrumented.js:193 _PROFILING_INFO_start function trimDots from ../todomvc/examples/troopjs_require/node_modules/requirejs/require.js in 233_PROFILING_INFO_
require-instrumented.js:1300 _PROFILING_INFO_start function null from ../todomvc/examples/troopjs_require/node_modules/requirejs/require.js in 1606_PROFILING_INFO_
require-instrumented.js:1148 _PROFILING_INFO_start function localRequire from ../todomvc/examples/troopjs_require/node_modules/requirejs/require.js in 1386_PROFILING_INFO_
require-instrumented.js:1003 _PROFILING_INFO_start function intakeDefines from ../todomvc/examples/troopjs_require/node_modules/requirejs/require.js in 1233_PROFILING_INFO_
require-instrumented.js:423 _PROFILING_INFO_start function takeGlobalQueue from ../todomvc/examples/troopjs_require/node_modules/requirejs/require.js in 553_PROFILING_INFO_
require-instrumented.js:1409 _PROFILING_INFO_start function null from ../todomvc/examples/troopjs_require/node_modules/requirejs/require.js in 1782_PROFILING_INFO_
require-instrumented.js:1349 _PROFILING_INFO_start function null from ../todomvc/examples/troopjs_require/node_modules/requirejs/require.js in 1687_PROFILING_INFO_
require-instrumented.js:990 _PROFILING_INFO_start function getScriptData from ../todomvc/examples/troopjs_require/node_modules/requirejs/require.js in 1217_PROFILING_INFO_
require-instrumented.js:977 _PROFILING_INFO_start function removeListener from ../todomvc/examples/troopjs_require/node_modules/requirejs/require.js in 1196_PROFILING_INFO_
require-instrumented.js:1261 _PROFILING_INFO_start function null from ../todomvc/examples/troopjs_require/node_modules/requirejs/require.js in 1548_PROFILING_INFO_
require-instrumented.js:968 _PROFILING_INFO_start function callGetModule from ../todomvc/examples/troopjs_require/node_modules/requirejs/require.js in 1189_PROFILING_INFO_
require-instrumented.js:365 _PROFILING_INFO_start function getModule from ../todomvc/examples/troopjs_require/node_modules/requirejs/require.js in 494_PROFILING_INFO_
require-instrumented.js:610 _PROFILING_INFO_start function null from ../todomvc/examples/troopjs_require/node_modules/requirejs/require.js in 739_PROFILING_INFO_
require-instrumented.js:875 _PROFILING_INFO_start function null from ../todomvc/examples/troopjs_require/node_modules/requirejs/require.js in 1091_PROFILING_INFO_
require-instrumented.js:107 _PROFILING_INFO_start function bind from ../todomvc/examples/troopjs_require/node_modules/requirejs/require.js in 129_PROFILING_INFO_
require-instrumented.js:686 _PROFILING_INFO_start function null from ../todomvc/examples/troopjs_require/node_modules/requirejs/require.js in 837_PROFILING_INFO_
require-instrumented.js:12 _PROFILING_INFO_start function isFunction from ../todomvc/examples/troopjs_require/node_modules/requirejs/require.js in 40_PROFILING_INFO_
require-instrumented.js:492 _PROFILING_INFO_start function cleanRegistry from ../todomvc/examples/troopjs_require/node_modules/requirejs/require.js in 601_PROFILING_INFO_
require-instrumented.js:951 _PROFILING_INFO_start function null from ../todomvc/examples/troopjs_require/node_modules/requirejs/require.js in 1176_PROFILING_INFO_
require-instrumented.js:956 _PROFILING_INFO_start function null from ../todomvc/examples/troopjs_require/node_modules/requirejs/require.js in 1177_PROFILING_INFO_
require-instrumented.js:112 _PROFILING_INFO_start function null from ../todomvc/examples/troopjs_require/node_modules/requirejs/require.js in 130_PROFILING_INFO_
require-instrumented.js:898 _PROFILING_INFO_start function null from ../todomvc/examples/troopjs_require/node_modules/requirejs/require.js in 1123_PROFILING_INFO_
require-instrumented.js:641 _PROFILING_INFO_start function null from ../todomvc/examples/troopjs_require/node_modules/requirejs/require.js in 789_PROFILING_INFO_
require-instrumented.js:528 _PROFILING_INFO_start function checkLoaded from ../todomvc/examples/troopjs_require/node_modules/requirejs/require.js in 635_PROFILING_INFO_
require-instrumented.js:1175 _PROFILING_INFO_start function null from ../todomvc/examples/troopjs_require/node_modules/requirejs/require.js in 1430_PROFILING_INFO_
require-instrumented.js:595 _PROFILING_INFO_start function null from ../todomvc/examples/troopjs_require/node_modules/requirejs/require.js in 722_PROFILING_INFO_
require-instrumented.js:883 _PROFILING_INFO_start function null from ../todomvc/examples/troopjs_require/node_modules/requirejs/require.js in 1102_PROFILING_INFO_
require-instrumented.js:444 _PROFILING_INFO_start function null from ../todomvc/examples/troopjs_require/node_modules/requirejs/require.js in 568_PROFILING_INFO_
require-instrumented.js:1142 _PROFILING_INFO_start function null from ../todomvc/examples/troopjs_require/node_modules/requirejs/require.js in 1383_PROFILING_INFO_
require-instrumented.js:376 _PROFILING_INFO_start function on from ../todomvc/examples/troopjs_require/node_modules/requirejs/require.js in 505_PROFILING_INFO_
require-instrumented.js:940 _PROFILING_INFO_start function null from ../todomvc/examples/troopjs_require/node_modules/requirejs/require.js in 1168_PROFILING_INFO_
require-instrumented.js:1251 _PROFILING_INFO_start function null from ../todomvc/examples/troopjs_require/node_modules/requirejs/require.js in 1535_PROFILING_INFO_
require-instrumented.js:652 _PROFILING_INFO_start function null from ../todomvc/examples/troopjs_require/node_modules/requirejs/require.js in 799_PROFILING_INFO_
require-instrumented.js:675 _PROFILING_INFO_start function null from ../todomvc/examples/troopjs_require/node_modules/requirejs/require.js in 823_PROFILING_INFO_
require-instrumented.js:1335 _PROFILING_INFO_start function null from ../todomvc/examples/troopjs_require/node_modules/requirejs/require.js in 1666_PROFILING_INFO_
require-instrumented.js:1471 _PROFILING_INFO_start function null from ../todomvc/examples/troopjs_require/node_modules/requirejs/require.js in 1862_PROFILING_INFO_
require-instrumented.js:1460 _PROFILING_INFO_start function null from ../todomvc/examples/troopjs_require/node_modules/requirejs/require.js in 1843_PROFILING_INFO_
require-instrumented.js:538 _PROFILING_INFO_start function null from ../todomvc/examples/troopjs_require/node_modules/requirejs/require.js in 653_PROFILING_INFO_
require-instrumented.js:1555 _PROFILING_INFO_start function null from ../todomvc/examples/troopjs_require/node_modules/requirejs/require.js in 2019_PROFILING_INFO_
require-instrumented.js:429 _PROFILING_INFO_start function null from ../todomvc/examples/troopjs_require/node_modules/requirejs/require.js in 556_PROFILING_INFO_
require-instrumented.js:1342 _PROFILING_INFO_start function null from ../todomvc/examples/troopjs_require/node_modules/requirejs/require.js in 1677_PROFILING_INFO_
index-instrumented.js:19 _PROFILING_INFO_start function null from ../todomvc/examples/troopjs_require/index.js in 21_PROFILING_INFO_
require-instrumented.js:469 _PROFILING_INFO_start function null from ../todomvc/examples/troopjs_require/node_modules/requirejs/require.js in 585_PROFILING_INFO_
require-instrumented.js:583 _PROFILING_INFO_start function null from ../todomvc/examples/troopjs_require/node_modules/requirejs/require.js in 712_PROFILING_INFO_
require-instrumented.js:480 _PROFILING_INFO_start function null from ../todomvc/examples/troopjs_require/node_modules/requirejs/require.js in 592_PROFILING_INFO_
require-instrumented.js:1573 _PROFILING_INFO_start function null from ../todomvc/examples/troopjs_require/node_modules/requirejs/require.js in 2047_PROFILING_INFO_
index-instrumented.js:27 _PROFILING_INFO_start function null from ../todomvc/examples/troopjs_require/index.js in 26_PROFILING_INFO_
index-instrumented.js:32 _PROFILING_INFO_start function null from ../todomvc/examples/troopjs_require/index.js in 28_PROFILING_INFO_
require-instrumented.js:455 _PROFILING_INFO_start function null from ../todomvc/examples/troopjs_require/node_modules/requirejs/require.js in 575_PROFILING_INFO_
