base-instrumented.js:5 _PROFILING_INFO_start function null from ../todomvc/examples/typescript-backbone/node_modules/todomvc-common/base.js in 2_PROFILING_INFO_
base-instrumented.js:11 _PROFILING_INFO_start function null from ../todomvc/examples/typescript-backbone/node_modules/todomvc-common/base.js in 8_PROFILING_INFO_
base-instrumented.js:136 _PROFILING_INFO_start function redirect from ../todomvc/examples/typescript-backbone/node_modules/todomvc-common/base.js in 126_PROFILING_INFO_
base-instrumented.js:153 _PROFILING_INFO_start function getFile from ../todomvc/examples/typescript-backbone/node_modules/todomvc-common/base.js in 137_PROFILING_INFO_
base-instrumented.js:145 _PROFILING_INFO_start function findRoot from ../todomvc/examples/typescript-backbone/node_modules/todomvc-common/base.js in 132_PROFILING_INFO_
​ _PROFILING_INFO_start function null from ../todomvc/examples/typescript-backbone/node_modules/todomvc-common/base.js in 147_PROFILING_INFO_
​ _PROFILING_INFO_start function Learn from ../todomvc/examples/typescript-backbone/node_modules/todomvc-common/base.js in 154_PROFILING_INFO_
​ _PROFILING_INFO_start function null from ../todomvc/examples/typescript-backbone/node_modules/todomvc-common/base.js in 199_PROFILING_INFO_
​ _PROFILING_INFO_start function null from ../todomvc/examples/typescript-backbone/node_modules/todomvc-common/base.js in 56_PROFILING_INFO_
​ _PROFILING_INFO_start function null from ../todomvc/examples/typescript-backbone/node_modules/todomvc-common/base.js in 9_PROFILING_INFO_
​ _PROFILING_INFO_start function null from ../todomvc/examples/typescript-backbone/node_modules/todomvc-common/base.js in 70_PROFILING_INFO_
​ _PROFILING_INFO_start function null from ../todomvc/examples/typescript-backbone/node_modules/todomvc-common/base.js in 216_PROFILING_INFO_
​ _PROFILING_INFO_start function null from ../todomvc/examples/typescript-backbone/node_modules/todomvc-common/base.js in 227_PROFILING_INFO_
​ _PROFILING_INFO_start function null from ../todomvc/examples/typescript-backbone/node_modules/jquery/dist/jquery.js in 15_PROFILING_INFO_
​ _PROFILING_INFO_start function null from ../todomvc/examples/typescript-backbone/node_modules/jquery/dist/jquery.js in 38_PROFILING_INFO_
​ _PROFILING_INFO_start function null from ../todomvc/examples/typescript-backbone/node_modules/jquery/dist/jquery.js in 177_PROFILING_INFO_
​ _PROFILING_INFO_start function null from ../todomvc/examples/typescript-backbone/node_modules/jquery/dist/jquery.js in 345_PROFILING_INFO_
​ _PROFILING_INFO_start function isArraylike from ../todomvc/examples/typescript-backbone/node_modules/jquery/dist/jquery.js in 533_PROFILING_INFO_
​ _PROFILING_INFO_start function null from ../todomvc/examples/typescript-backbone/node_modules/jquery/dist/jquery.js in 300_PROFILING_INFO_
​ _PROFILING_INFO_start function null from ../todomvc/examples/typescript-backbone/node_modules/jquery/dist/jquery.js in 261_PROFILING_INFO_
​ _PROFILING_INFO_start function null from ../todomvc/examples/typescript-backbone/node_modules/jquery/dist/jquery.js in 529_PROFILING_INFO_
​ _PROFILING_INFO_start function null from ../todomvc/examples/typescript-backbone/node_modules/jquery/dist/jquery.js in 564_PROFILING_INFO_
​ _PROFILING_INFO_start function createCache from ../todomvc/examples/typescript-backbone/node_modules/jquery/dist/jquery.js in 864_PROFILING_INFO_
​ _PROFILING_INFO_start function markFunction from ../todomvc/examples/typescript-backbone/node_modules/jquery/dist/jquery.js in 882_PROFILING_INFO_
​ _PROFILING_INFO_start function createPositionalPseudo from ../todomvc/examples/typescript-backbone/node_modules/jquery/dist/jquery.js in 977_PROFILING_INFO_
​ _PROFILING_INFO_start function createInputPseudo from ../todomvc/examples/typescript-backbone/node_modules/jquery/dist/jquery.js in 955_PROFILING_INFO_
​ _PROFILING_INFO_start function createButtonPseudo from ../todomvc/examples/typescript-backbone/node_modules/jquery/dist/jquery.js in 966_PROFILING_INFO_
​ _PROFILING_INFO_start function setFilters from ../todomvc/examples/typescript-backbone/node_modules/jquery/dist/jquery.js in 2009_PROFILING_INFO_
​ _PROFILING_INFO_start function null from ../todomvc/examples/typescript-backbone/node_modules/jquery/dist/jquery.js in 596_PROFILING_INFO_
​ _PROFILING_INFO_start function null from ../todomvc/examples/typescript-backbone/node_modules/jquery/dist/jquery.js in 1024_PROFILING_INFO_
​ _PROFILING_INFO_start function null from ../todomvc/examples/typescript-backbone/node_modules/jquery/dist/jquery.js in 1012_PROFILING_INFO_
​ _PROFILING_INFO_start function assert from ../todomvc/examples/typescript-backbone/node_modules/jquery/dist/jquery.js in 891_PROFILING_INFO_
​ _PROFILING_INFO_start function null from ../todomvc/examples/typescript-backbone/node_modules/jquery/dist/jquery.js in 1061_PROFILING_INFO_
​ _PROFILING_INFO_start function null from ../todomvc/examples/typescript-backbone/node_modules/jquery/dist/jquery.js in 1070_PROFILING_INFO_
​ _PROFILING_INFO_start function null from ../todomvc/examples/typescript-backbone/node_modules/jquery/dist/jquery.js in 1082_PROFILING_INFO_
​ _PROFILING_INFO_start function null from ../todomvc/examples/typescript-backbone/node_modules/jquery/dist/jquery.js in 1174_PROFILING_INFO_
​ _PROFILING_INFO_start function null from ../todomvc/examples/typescript-backbone/node_modules/jquery/dist/jquery.js in 1218_PROFILING_INFO_
​ _PROFILING_INFO_start function null from ../todomvc/examples/typescript-backbone/node_modules/jquery/dist/jquery.js in 1249_PROFILING_INFO_
​ _PROFILING_INFO_start function null from ../todomvc/examples/typescript-backbone/node_modules/jquery/dist/jquery.js in 2560_PROFILING_INFO_
​ _PROFILING_INFO_start function null from ../todomvc/examples/typescript-backbone/node_modules/jquery/dist/jquery.js in 2568_PROFILING_INFO_
​ _PROFILING_INFO_start function null from ../todomvc/examples/typescript-backbone/node_modules/jquery/dist/jquery.js in 2581_PROFILING_INFO_
​ _PROFILING_INFO_start function null from ../todomvc/examples/typescript-backbone/node_modules/jquery/dist/jquery.js in 2595_PROFILING_INFO_
​ _PROFILING_INFO_start function null from ../todomvc/examples/typescript-backbone/node_modules/jquery/dist/jquery.js in 73_PROFILING_INFO_
​ _PROFILING_INFO_start function null from ../todomvc/examples/typescript-backbone/node_modules/jquery/dist/jquery.js in 2735_PROFILING_INFO_
​ _PROFILING_INFO_start function null from ../todomvc/examples/typescript-backbone/node_modules/jquery/dist/jquery.js in 3001_PROFILING_INFO_
​ _PROFILING_INFO_start function null from ../todomvc/examples/typescript-backbone/node_modules/jquery/dist/jquery.js in 3436_PROFILING_INFO_
​ _PROFILING_INFO_start function null from ../todomvc/examples/typescript-backbone/node_modules/jquery/dist/jquery.js in 3233_PROFILING_INFO_
​ _PROFILING_INFO_start function null from ../todomvc/examples/typescript-backbone/node_modules/jquery/dist/jquery.js in 3066_PROFILING_INFO_
​ _PROFILING_INFO_start function createOptions from ../todomvc/examples/typescript-backbone/node_modules/jquery/dist/jquery.js in 3036_PROFILING_INFO_
​ _PROFILING_INFO_start function null from ../todomvc/examples/typescript-backbone/node_modules/jquery/dist/jquery.js in 3038_PROFILING_INFO_
​ _PROFILING_INFO_start function null from ../todomvc/examples/typescript-backbone/node_modules/jquery/dist/jquery.js in 3282_PROFILING_INFO_
​ _PROFILING_INFO_start function null from ../todomvc/examples/typescript-backbone/node_modules/jquery/dist/jquery.js in 3120_PROFILING_INFO_
​ _PROFILING_INFO_start function add from ../todomvc/examples/typescript-backbone/node_modules/jquery/dist/jquery.js in 3124_PROFILING_INFO_
​ _PROFILING_INFO_start function null from ../todomvc/examples/typescript-backbone/node_modules/jquery/dist/jquery.js in 3125_PROFILING_INFO_
​ _PROFILING_INFO_start function null from ../todomvc/examples/typescript-backbone/node_modules/jquery/dist/jquery.js in 3272_PROFILING_INFO_
​ _PROFILING_INFO_start function Data from ../todomvc/examples/typescript-backbone/node_modules/jquery/dist/jquery.js in 3535_PROFILING_INFO_
​ _PROFILING_INFO_start function null from ../todomvc/examples/typescript-backbone/node_modules/jquery/dist/jquery.js in 4029_PROFILING_INFO_
​ _PROFILING_INFO_start function null from ../todomvc/examples/typescript-backbone/node_modules/jquery/dist/jquery.js in 4750_PROFILING_INFO_
​ _PROFILING_INFO_start function null from ../todomvc/examples/typescript-backbone/node_modules/jquery/dist/jquery.js in 4776_PROFILING_INFO_
​ _PROFILING_INFO_start function null from ../todomvc/examples/typescript-backbone/node_modules/jquery/dist/jquery.js in 5453_PROFILING_INFO_
​ _PROFILING_INFO_start function null from ../todomvc/examples/typescript-backbone/node_modules/jquery/dist/jquery.js in 5619_PROFILING_INFO_
​ _PROFILING_INFO_start function null from ../todomvc/examples/typescript-backbone/node_modules/jquery/dist/jquery.js in 6044_PROFILING_INFO_
​ _PROFILING_INFO_start function addGetHookIf from ../todomvc/examples/typescript-backbone/node_modules/jquery/dist/jquery.js in 5601_PROFILING_INFO_
​ _PROFILING_INFO_start function null from ../todomvc/examples/typescript-backbone/node_modules/jquery/dist/jquery.js in 6089_PROFILING_INFO_
​ _PROFILING_INFO_start function null from ../todomvc/examples/typescript-backbone/node_modules/jquery/dist/jquery.js in 255_PROFILING_INFO_
​ _PROFILING_INFO_start function null from ../todomvc/examples/typescript-backbone/node_modules/jquery/dist/jquery.js in 6824_PROFILING_INFO_
​ _PROFILING_INFO_start function genFx from ../todomvc/examples/typescript-backbone/node_modules/jquery/dist/jquery.js in 6334_PROFILING_INFO_
​ _PROFILING_INFO_start function null from ../todomvc/examples/typescript-backbone/node_modules/jquery/dist/jquery.js in 6841_PROFILING_INFO_
​ _PROFILING_INFO_start function null from ../todomvc/examples/typescript-backbone/node_modules/jquery/dist/jquery.js in 6914_PROFILING_INFO_
​ _PROFILING_INFO_start function null from ../todomvc/examples/typescript-backbone/node_modules/jquery/dist/jquery.js in 7056_PROFILING_INFO_
​ _PROFILING_INFO_start function null from ../todomvc/examples/typescript-backbone/node_modules/jquery/dist/jquery.js in 7160_PROFILING_INFO_
​ _PROFILING_INFO_start function null from ../todomvc/examples/typescript-backbone/node_modules/jquery/dist/jquery.js in 7458_PROFILING_INFO_
​ _PROFILING_INFO_start function null from ../todomvc/examples/typescript-backbone/node_modules/jquery/dist/jquery.js in 7481_PROFILING_INFO_
​ _PROFILING_INFO_start function addToPrefiltersOrTransports from ../todomvc/examples/typescript-backbone/node_modules/jquery/dist/jquery.js in 7586_PROFILING_INFO_
​ _PROFILING_INFO_start function null from ../todomvc/examples/typescript-backbone/node_modules/jquery/dist/jquery.js in 8302_PROFILING_INFO_
​ _PROFILING_INFO_start function null from ../todomvc/examples/typescript-backbone/node_modules/jquery/dist/jquery.js in 8519_PROFILING_INFO_
​ _PROFILING_INFO_start function null from ../todomvc/examples/typescript-backbone/node_modules/jquery/dist/jquery.js in 7589_PROFILING_INFO_
​ _PROFILING_INFO_start function null from ../todomvc/examples/typescript-backbone/node_modules/jquery/dist/jquery.js in 7891_PROFILING_INFO_
​ _PROFILING_INFO_start function ajaxExtend from ../todomvc/examples/typescript-backbone/node_modules/jquery/dist/jquery.js in 7645_PROFILING_INFO_
​ _PROFILING_INFO_start function null from ../todomvc/examples/typescript-backbone/node_modules/jquery/dist/jquery.js in 273_PROFILING_INFO_
​ _PROFILING_INFO_start function null from ../todomvc/examples/typescript-backbone/node_modules/jquery/dist/jquery.js in 8894_PROFILING_INFO_
​ _PROFILING_INFO_start function null from ../todomvc/examples/typescript-backbone/node_modules/jquery/dist/jquery.js in 9059_PROFILING_INFO_
​ _PROFILING_INFO_start function null from ../todomvc/examples/typescript-backbone/node_modules/jquery/dist/jquery.js in 9089_PROFILING_INFO_
​ _PROFILING_INFO_start function null from ../todomvc/examples/typescript-backbone/node_modules/jquery/dist/jquery.js in 9105_PROFILING_INFO_
​ _PROFILING_INFO_start function null from ../todomvc/examples/typescript-backbone/node_modules/jquery/dist/jquery.js in 9106_PROFILING_INFO_
​ _PROFILING_INFO_start function null from ../todomvc/examples/typescript-backbone/node_modules/lodash/index.js in 10_PROFILING_INFO_
​ _PROFILING_INFO_start function null from ../todomvc/examples/typescript-backbone/node_modules/lodash/index.js in 135_PROFILING_INFO_
​ _PROFILING_INFO_start function runInContext from ../todomvc/examples/typescript-backbone/node_modules/lodash/index.js in 698_PROFILING_INFO_
​ _PROFILING_INFO_start function getNative from ../todomvc/examples/typescript-backbone/node_modules/lodash/index.js in 3942_PROFILING_INFO_
​ _PROFILING_INFO_start function isNative from ../todomvc/examples/typescript-backbone/node_modules/lodash/index.js in 8834_PROFILING_INFO_
​ _PROFILING_INFO_start function isFunction from ../todomvc/examples/typescript-backbone/node_modules/lodash/index.js in 8709_PROFILING_INFO_
​ _PROFILING_INFO_start function isObject from ../todomvc/examples/typescript-backbone/node_modules/lodash/index.js in 8736_PROFILING_INFO_
​ _PROFILING_INFO_start function null from ../todomvc/examples/typescript-backbone/node_modules/lodash/index.js in 1747_PROFILING_INFO_
​ _PROFILING_INFO_start function createBaseEach from ../todomvc/examples/typescript-backbone/node_modules/lodash/index.js in 3039_PROFILING_INFO_
​ _PROFILING_INFO_start function createBaseFor from ../todomvc/examples/typescript-backbone/node_modules/lodash/index.js in 3064_PROFILING_INFO_
​ _PROFILING_INFO_start function baseProperty from ../todomvc/examples/typescript-backbone/node_modules/lodash/index.js in 2450_PROFILING_INFO_
​ _PROFILING_INFO_start function null from ../todomvc/examples/typescript-backbone/node_modules/lodash/index.js in 4341_PROFILING_INFO_
​ _PROFILING_INFO_start function restParam from ../todomvc/examples/typescript-backbone/node_modules/lodash/index.js in 8136_PROFILING_INFO_
​ _PROFILING_INFO_start function createFindIndex from ../todomvc/examples/typescript-backbone/node_modules/lodash/index.js in 3255_PROFILING_INFO_
​ _PROFILING_INFO_start function createSortedIndex from ../todomvc/examples/typescript-backbone/node_modules/lodash/index.js in 3623_PROFILING_INFO_
​ _PROFILING_INFO_start function createAggregator from ../todomvc/examples/typescript-backbone/node_modules/lodash/index.js in 2973_PROFILING_INFO_
​ _PROFILING_INFO_start function createFind from ../todomvc/examples/typescript-backbone/node_modules/lodash/index.js in 3237_PROFILING_INFO_
​ _PROFILING_INFO_start function createForEach from ../todomvc/examples/typescript-backbone/node_modules/lodash/index.js in 3342_PROFILING_INFO_
​ _PROFILING_INFO_start function createReduce from ../todomvc/examples/typescript-backbone/node_modules/lodash/index.js in 3441_PROFILING_INFO_
​ _PROFILING_INFO_start function createCurry from ../todomvc/examples/typescript-backbone/node_modules/lodash/index.js in 3173_PROFILING_INFO_
​ _PROFILING_INFO_start function createFlow from ../todomvc/examples/typescript-backbone/node_modules/lodash/index.js in 3286_PROFILING_INFO_
​ _PROFILING_INFO_start function createPartial from ../todomvc/examples/typescript-backbone/node_modules/lodash/index.js in 3425_PROFILING_INFO_
​ _PROFILING_INFO_start function createAssigner from ../todomvc/examples/typescript-backbone/node_modules/lodash/index.js in 3002_PROFILING_INFO_
​ _PROFILING_INFO_start function createDefaults from ../todomvc/examples/typescript-backbone/node_modules/lodash/index.js in 3193_PROFILING_INFO_
​ _PROFILING_INFO_start function createFindKey from ../todomvc/examples/typescript-backbone/node_modules/lodash/index.js in 3272_PROFILING_INFO_
​ _PROFILING_INFO_start function createForIn from ../todomvc/examples/typescript-backbone/node_modules/lodash/index.js in 3357_PROFILING_INFO_
​ _PROFILING_INFO_start function createForOwn from ../todomvc/examples/typescript-backbone/node_modules/lodash/index.js in 3373_PROFILING_INFO_
​ _PROFILING_INFO_start function createObjectMapper from ../todomvc/examples/typescript-backbone/node_modules/lodash/index.js in 3389_PROFILING_INFO_
​ _PROFILING_INFO_start function createCompounder from ../todomvc/examples/typescript-backbone/node_modules/lodash/index.js in 3119_PROFILING_INFO_
​ _PROFILING_INFO_start function createPadDir from ../todomvc/examples/typescript-backbone/node_modules/lodash/index.js in 3411_PROFILING_INFO_
​ _PROFILING_INFO_start function createRound from ../todomvc/examples/typescript-backbone/node_modules/lodash/index.js in 3604_PROFILING_INFO_
​ _PROFILING_INFO_start function createExtremum from ../todomvc/examples/typescript-backbone/node_modules/lodash/index.js in 3212_PROFILING_INFO_
​ _PROFILING_INFO_start function null from ../todomvc/examples/typescript-backbone/node_modules/lodash/index.js in 1749_PROFILING_INFO_
​ _PROFILING_INFO_start function object from ../todomvc/examples/typescript-backbone/node_modules/lodash/index.js in 1748_PROFILING_INFO_
​ _PROFILING_INFO_start function mixin from ../todomvc/examples/typescript-backbone/node_modules/lodash/index.js in 11326_PROFILING_INFO_
​ _PROFILING_INFO_start function null from ../todomvc/examples/typescript-backbone/node_modules/lodash/index.js in 9671_PROFILING_INFO_
​ _PROFILING_INFO_start function baseFunctions from ../todomvc/examples/typescript-backbone/node_modules/lodash/index.js in 2071_PROFILING_INFO_
​ _PROFILING_INFO_start function null from ../todomvc/examples/typescript-backbone/node_modules/lodash/index.js in 11358_PROFILING_INFO_
​ _PROFILING_INFO_start function null from ../todomvc/examples/typescript-backbone/node_modules/lodash/index.js in 12073_PROFILING_INFO_
​ _PROFILING_INFO_start function baseForOwn from ../todomvc/examples/typescript-backbone/node_modules/lodash/index.js in 2045_PROFILING_INFO_
​ _PROFILING_INFO_start function null from ../todomvc/examples/typescript-backbone/node_modules/lodash/index.js in 3065_PROFILING_INFO_
​ _PROFILING_INFO_start function toObject from ../todomvc/examples/typescript-backbone/node_modules/lodash/index.js in 4413_PROFILING_INFO_
​ _PROFILING_INFO_start function null from ../todomvc/examples/typescript-backbone/node_modules/lodash/index.js in 12075_PROFILING_INFO_
​ _PROFILING_INFO_start function isArrayLike from ../todomvc/examples/typescript-backbone/node_modules/lodash/index.js in 4074_PROFILING_INFO_
​ _PROFILING_INFO_start function null from ../todomvc/examples/typescript-backbone/node_modules/lodash/index.js in 2451_PROFILING_INFO_
​ _PROFILING_INFO_start function isLength from ../todomvc/examples/typescript-backbone/node_modules/lodash/index.js in 4164_PROFILING_INFO_
​ _PROFILING_INFO_start function arrayEach from ../todomvc/examples/typescript-backbone/node_modules/lodash/index.js in 1284_PROFILING_INFO_
​ _PROFILING_INFO_start function null from ../todomvc/examples/typescript-backbone/node_modules/lodash/index.js in 12109_PROFILING_INFO_
​ _PROFILING_INFO_start function null from ../todomvc/examples/typescript-backbone/node_modules/lodash/index.js in 12114_PROFILING_INFO_
​ _PROFILING_INFO_start function null from ../todomvc/examples/typescript-backbone/node_modules/lodash/index.js in 12137_PROFILING_INFO_
​ _PROFILING_INFO_start function null from ../todomvc/examples/typescript-backbone/node_modules/lodash/index.js in 12150_PROFILING_INFO_
​ _PROFILING_INFO_start function null from ../todomvc/examples/typescript-backbone/node_modules/lodash/index.js in 12159_PROFILING_INFO_
​ _PROFILING_INFO_start function null from ../todomvc/examples/typescript-backbone/node_modules/lodash/index.js in 12168_PROFILING_INFO_
​ _PROFILING_INFO_start function shimKeys from ../todomvc/examples/typescript-backbone/node_modules/lodash/index.js in 4369_PROFILING_INFO_
​ _PROFILING_INFO_start function keysIn from ../todomvc/examples/typescript-backbone/node_modules/lodash/index.js in 9702_PROFILING_INFO_
​ _PROFILING_INFO_start function null from ../todomvc/examples/typescript-backbone/node_modules/lodash/index.js in 12216_PROFILING_INFO_
​ _PROFILING_INFO_start function null from ../todomvc/examples/typescript-backbone/node_modules/lodash/index.js in 12265_PROFILING_INFO_
​ _PROFILING_INFO_start function null from ../todomvc/examples/typescript-backbone/node_modules/lodash/index.js in 12282_PROFILING_INFO_
​ _PROFILING_INFO_start function createHybridWrapper from ../todomvc/examples/typescript-backbone/node_modules/lodash/index.js in 3467_PROFILING_INFO_
​ _PROFILING_INFO_start function null from ../todomvc/examples/typescript-backbone/node_modules/backbone/backbone.js in 8_PROFILING_INFO_
​ _PROFILING_INFO_start function null from ../todomvc/examples/typescript-backbone/node_modules/backbone/backbone.js in 34_PROFILING_INFO_
​ _PROFILING_INFO_start function null from ../todomvc/examples/typescript-backbone/node_modules/lodash/index.js in 8141_PROFILING_INFO_
​ _PROFILING_INFO_start function null from ../todomvc/examples/typescript-backbone/node_modules/lodash/index.js in 3003_PROFILING_INFO_
​ _PROFILING_INFO_start function null from ../todomvc/examples/typescript-backbone/node_modules/lodash/index.js in 9206_PROFILING_INFO_
​ _PROFILING_INFO_start function baseAssign from ../todomvc/examples/typescript-backbone/node_modules/lodash/index.js in 1588_PROFILING_INFO_
​ _PROFILING_INFO_start function null from ../todomvc/examples/typescript-backbone/node_modules/lodash/index.js in 9671_PROFILING_INFO_
​ _PROFILING_INFO_start function isArrayLike from ../todomvc/examples/typescript-backbone/node_modules/lodash/index.js in 4074_PROFILING_INFO_
​ _PROFILING_INFO_start function null from ../todomvc/examples/typescript-backbone/node_modules/lodash/index.js in 2451_PROFILING_INFO_
​ _PROFILING_INFO_start function isLength from ../todomvc/examples/typescript-backbone/node_modules/lodash/index.js in 4164_PROFILING_INFO_
​ _PROFILING_INFO_start function isObject from ../todomvc/examples/typescript-backbone/node_modules/lodash/index.js in 8736_PROFILING_INFO_
​ _PROFILING_INFO_start function baseCopy from ../todomvc/examples/typescript-backbone/node_modules/lodash/index.js in 1631_PROFILING_INFO_
​ _PROFILING_INFO_start function null from ../todomvc/examples/typescript-backbone/node_modules/backbone/backbone.js in 94_PROFILING_INFO_
​ _PROFILING_INFO_start function null from ../todomvc/examples/typescript-backbone/node_modules/lodash/index.js in 3343_PROFILING_INFO_
​ _PROFILING_INFO_start function bindCallback from ../todomvc/examples/typescript-backbone/node_modules/lodash/index.js in 2862_PROFILING_INFO_
​ _PROFILING_INFO_start function null from ../todomvc/examples/typescript-backbone/node_modules/lodash/index.js in 3040_PROFILING_INFO_
​ _PROFILING_INFO_start function baseForOwn from ../todomvc/examples/typescript-backbone/node_modules/lodash/index.js in 2045_PROFILING_INFO_
​ _PROFILING_INFO_start function null from ../todomvc/examples/typescript-backbone/node_modules/lodash/index.js in 3065_PROFILING_INFO_
​ _PROFILING_INFO_start function toObject from ../todomvc/examples/typescript-backbone/node_modules/lodash/index.js in 4413_PROFILING_INFO_
​ _PROFILING_INFO_start function null from ../todomvc/examples/typescript-backbone/node_modules/backbone/backbone.js in 95_PROFILING_INFO_
​ _PROFILING_INFO_start function null from ../todomvc/examples/typescript-backbone/node_modules/backbone/backbone.js in 73_PROFILING_INFO_
​ _PROFILING_INFO_start function arrayEach from ../todomvc/examples/typescript-backbone/node_modules/lodash/index.js in 1284_PROFILING_INFO_
​ _PROFILING_INFO_start function null from ../todomvc/examples/typescript-backbone/node_modules/backbone/backbone.js in 1144_PROFILING_INFO_
​ _PROFILING_INFO_start function null from ../todomvc/examples/typescript-backbone/node_modules/backbone/backbone.js in 1519_PROFILING_INFO_
​ _PROFILING_INFO_start function null from ../todomvc/examples/typescript-backbone/node_modules/lodash/index.js in 7444_PROFILING_INFO_
​ _PROFILING_INFO_start function baseFlatten from ../todomvc/examples/typescript-backbone/node_modules/lodash/index.js in 1974_PROFILING_INFO_
​ _PROFILING_INFO_start function isObjectLike from ../todomvc/examples/typescript-backbone/node_modules/lodash/index.js in 550_PROFILING_INFO_
​ _PROFILING_INFO_start function createWrapper from ../todomvc/examples/typescript-backbone/node_modules/lodash/index.js in 3657_PROFILING_INFO_
​ _PROFILING_INFO_start function null from ../todomvc/examples/typescript-backbone/node_modules/lodash/index.js in 3864_PROFILING_INFO_
​ _PROFILING_INFO_start function createBindWrapper from ../todomvc/examples/typescript-backbone/node_modules/lodash/index.js in 3090_PROFILING_INFO_
​ _PROFILING_INFO_start function createCtorWrapper from ../todomvc/examples/typescript-backbone/node_modules/lodash/index.js in 3141_PROFILING_INFO_
​ _PROFILING_INFO_start function null from ../todomvc/examples/typescript-backbone/node_modules/lodash/index.js in 4345_PROFILING_INFO_
​ _PROFILING_INFO_start function null from ../todomvc/examples/typescript-backbone/node_modules/lodash/index.js in 2536_PROFILING_INFO_
​ _PROFILING_INFO_start function null from ../todomvc/examples/typescript-backbone/node_modules/backbone.localstorage/backbone.localStorage.js in 7_PROFILING_INFO_
​ _PROFILING_INFO_start function null from ../todomvc/examples/typescript-backbone/node_modules/backbone.localstorage/backbone.localStorage.js in 19_PROFILING_INFO_
​ _PROFILING_INFO_start function extend from ../todomvc/examples/typescript-backbone/node_modules/backbone.localstorage/backbone.localStorage.js in 44_PROFILING_INFO_
​ _PROFILING_INFO_start function null from ../todomvc/examples/typescript-backbone/js/app.js in 50_PROFILING_INFO_
​ _PROFILING_INFO_start function null from ../todomvc/examples/typescript-backbone/js/app.js in 42_PROFILING_INFO_
​ _PROFILING_INFO_start function __ from ../todomvc/examples/typescript-backbone/js/app.js in 44_PROFILING_INFO_
​ _PROFILING_INFO_start function null from ../todomvc/examples/typescript-backbone/js/app.js in 82_PROFILING_INFO_
​ _PROFILING_INFO_start function TodoList from ../todomvc/examples/typescript-backbone/js/app.js in 84_PROFILING_INFO_
​ _PROFILING_INFO_start function null from ../todomvc/examples/typescript-backbone/node_modules/backbone/backbone.js in 736_PROFILING_INFO_
​ _PROFILING_INFO_start function null from ../todomvc/examples/typescript-backbone/node_modules/backbone/backbone.js in 1039_PROFILING_INFO_
​ _PROFILING_INFO_start function null from ../todomvc/examples/typescript-backbone/node_modules/backbone/backbone.js in 758_PROFILING_INFO_
​ _PROFILING_INFO_start function null from ../todomvc/examples/typescript-backbone/node_modules/backbone.localstorage/backbone.localStorage.js in 58_PROFILING_INFO_
​ _PROFILING_INFO_start function null from ../todomvc/examples/typescript-backbone/node_modules/backbone.localstorage/backbone.localStorage.js in 136_PROFILING_INFO_
​ _PROFILING_INFO_start function null from ../todomvc/examples/typescript-backbone/js/app.js in 118_PROFILING_INFO_
​ _PROFILING_INFO_start function null from ../todomvc/examples/typescript-backbone/js/app.js in 199_PROFILING_INFO_
​ _PROFILING_INFO_start function null from ../todomvc/examples/typescript-backbone/js/app.js in 219_PROFILING_INFO_
​ _PROFILING_INFO_start function null from ../todomvc/examples/typescript-backbone/node_modules/jquery/dist/jquery.js in 73_PROFILING_INFO_
​ _PROFILING_INFO_start function null from ../todomvc/examples/typescript-backbone/node_modules/jquery/dist/jquery.js in 2735_PROFILING_INFO_
​ _PROFILING_INFO_start function null from ../todomvc/examples/typescript-backbone/node_modules/jquery/dist/jquery.js in 255_PROFILING_INFO_
​ _PROFILING_INFO_start function null from ../todomvc/examples/typescript-backbone/node_modules/jquery/dist/jquery.js in 300_PROFILING_INFO_
​ _PROFILING_INFO_start function null from ../todomvc/examples/typescript-backbone/node_modules/jquery/dist/jquery.js in 3376_PROFILING_INFO_
​ _PROFILING_INFO_start function null from ../todomvc/examples/typescript-backbone/node_modules/jquery/dist/jquery.js in 3436_PROFILING_INFO_
​ _PROFILING_INFO_start function null from ../todomvc/examples/typescript-backbone/node_modules/jquery/dist/jquery.js in 3272_PROFILING_INFO_
​ _PROFILING_INFO_start function null from ../todomvc/examples/typescript-backbone/node_modules/jquery/dist/jquery.js in 3120_PROFILING_INFO_
​ _PROFILING_INFO_start function add from ../todomvc/examples/typescript-backbone/node_modules/jquery/dist/jquery.js in 3124_PROFILING_INFO_
​ _PROFILING_INFO_start function null from ../todomvc/examples/typescript-backbone/node_modules/jquery/dist/jquery.js in 345_PROFILING_INFO_
​ _PROFILING_INFO_start function isArraylike from ../todomvc/examples/typescript-backbone/node_modules/jquery/dist/jquery.js in 533_PROFILING_INFO_
​ _PROFILING_INFO_start function null from ../todomvc/examples/typescript-backbone/node_modules/jquery/dist/jquery.js in 261_PROFILING_INFO_
​ _PROFILING_INFO_start function null from ../todomvc/examples/typescript-backbone/node_modules/jquery/dist/jquery.js in 3125_PROFILING_INFO_
​ _PROFILING_INFO_start function completed from ../todomvc/examples/typescript-backbone/node_modules/jquery/dist/jquery.js in 3430_PROFILING_INFO_
​ _PROFILING_INFO_start function null from ../todomvc/examples/typescript-backbone/node_modules/jquery/dist/jquery.js in 3401_PROFILING_INFO_
​ _PROFILING_INFO_start function null from ../todomvc/examples/typescript-backbone/node_modules/jquery/dist/jquery.js in 3204_PROFILING_INFO_
​ _PROFILING_INFO_start function null from ../todomvc/examples/typescript-backbone/node_modules/jquery/dist/jquery.js in 3091_PROFILING_INFO_
​ _PROFILING_INFO_start function null from ../todomvc/examples/typescript-backbone/node_modules/jquery/dist/jquery.js in 3291_PROFILING_INFO_
​ _PROFILING_INFO_start function null from ../todomvc/examples/typescript-backbone/node_modules/jquery/dist/jquery.js in 3183_PROFILING_INFO_
​ _PROFILING_INFO_start function null from ../todomvc/examples/typescript-backbone/node_modules/jquery/dist/jquery.js in 3192_PROFILING_INFO_
​ _PROFILING_INFO_start function null from ../todomvc/examples/typescript-backbone/js/app.js in 324_PROFILING_INFO_
​ _PROFILING_INFO_start function AppView from ../todomvc/examples/typescript-backbone/js/app.js in 221_PROFILING_INFO_
​ _PROFILING_INFO_start function null from ../todomvc/examples/typescript-backbone/node_modules/backbone/backbone.js in 1167_PROFILING_INFO_
​ _PROFILING_INFO_start function uniqueId from ../todomvc/examples/typescript-backbone/node_modules/lodash/index.js in 11588_PROFILING_INFO_
​ _PROFILING_INFO_start function baseToString from ../todomvc/examples/typescript-backbone/node_modules/lodash/index.js in 379_PROFILING_INFO_
​ _PROFILING_INFO_start function null from ../todomvc/examples/typescript-backbone/node_modules/lodash/index.js in 8141_PROFILING_INFO_
​ _PROFILING_INFO_start function null from ../todomvc/examples/typescript-backbone/node_modules/lodash/index.js in 9888_PROFILING_INFO_
​ _PROFILING_INFO_start function null from ../todomvc/examples/typescript-backbone/node_modules/lodash/index.js in 3003_PROFILING_INFO_
​ _PROFILING_INFO_start function null from ../todomvc/examples/typescript-backbone/node_modules/lodash/index.js in 9206_PROFILING_INFO_
​ _PROFILING_INFO_start function baseAssign from ../todomvc/examples/typescript-backbone/node_modules/lodash/index.js in 1588_PROFILING_INFO_
​ _PROFILING_INFO_start function null from ../todomvc/examples/typescript-backbone/node_modules/lodash/index.js in 9671_PROFILING_INFO_
​ _PROFILING_INFO_start function isArrayLike from ../todomvc/examples/typescript-backbone/node_modules/lodash/index.js in 4074_PROFILING_INFO_
​ _PROFILING_INFO_start function null from ../todomvc/examples/typescript-backbone/node_modules/lodash/index.js in 2451_PROFILING_INFO_
​ _PROFILING_INFO_start function isLength from ../todomvc/examples/typescript-backbone/node_modules/lodash/index.js in 4164_PROFILING_INFO_
​ _PROFILING_INFO_start function isObject from ../todomvc/examples/typescript-backbone/node_modules/lodash/index.js in 8736_PROFILING_INFO_
​ _PROFILING_INFO_start function baseCopy from ../todomvc/examples/typescript-backbone/node_modules/lodash/index.js in 1631_PROFILING_INFO_
​ _PROFILING_INFO_start function null from ../todomvc/examples/typescript-backbone/node_modules/backbone/backbone.js in 1297_PROFILING_INFO_
​ _PROFILING_INFO_start function result from ../todomvc/examples/typescript-backbone/node_modules/lodash/index.js in 9925_PROFILING_INFO_
​ _PROFILING_INFO_start function isKey from ../todomvc/examples/typescript-backbone/node_modules/lodash/index.js in 4123_PROFILING_INFO_
​ _PROFILING_INFO_start function isFunction from ../todomvc/examples/typescript-backbone/node_modules/lodash/index.js in 8709_PROFILING_INFO_
​ _PROFILING_INFO_start function null from ../todomvc/examples/typescript-backbone/node_modules/backbone/backbone.js in 1289_PROFILING_INFO_
​ _PROFILING_INFO_start function null from ../todomvc/examples/typescript-backbone/node_modules/backbone/backbone.js in 1220_PROFILING_INFO_
​ _PROFILING_INFO_start function null from ../todomvc/examples/typescript-backbone/node_modules/backbone/backbone.js in 1275_PROFILING_INFO_
​ _PROFILING_INFO_start function null from ../todomvc/examples/typescript-backbone/node_modules/backbone/backbone.js in 1232_PROFILING_INFO_
​ _PROFILING_INFO_start function null from ../todomvc/examples/typescript-backbone/node_modules/backbone/backbone.js in 1250_PROFILING_INFO_
​ _PROFILING_INFO_start function null from ../todomvc/examples/typescript-backbone/node_modules/backbone/backbone.js in 1311_PROFILING_INFO_
​ _PROFILING_INFO_start function null from ../todomvc/examples/typescript-backbone/node_modules/jquery/dist/jquery.js in 6947_PROFILING_INFO_
​ _PROFILING_INFO_start function null from ../todomvc/examples/typescript-backbone/node_modules/jquery/dist/jquery.js in 3468_PROFILING_INFO_
​ _PROFILING_INFO_start function null from ../todomvc/examples/typescript-backbone/node_modules/backbone/backbone.js in 1194_PROFILING_INFO_
​ _PROFILING_INFO_start function null from ../todomvc/examples/typescript-backbone/node_modules/jquery/dist/jquery.js in 2678_PROFILING_INFO_
​ _PROFILING_INFO_start function Sizzle from ../todomvc/examples/typescript-backbone/node_modules/jquery/dist/jquery.js in 750_PROFILING_INFO_
​ _PROFILING_INFO_start function null from ../todomvc/examples/typescript-backbone/node_modules/jquery/dist/jquery.js in 122_PROFILING_INFO_
​ _PROFILING_INFO_start function null from ../todomvc/examples/typescript-backbone/node_modules/jquery/dist/jquery.js in 423_PROFILING_INFO_
​ _PROFILING_INFO_start function null from ../todomvc/examples/typescript-backbone/node_modules/jquery/dist/jquery.js in 4867_PROFILING_INFO_
​ _PROFILING_INFO_start function null from ../todomvc/examples/typescript-backbone/node_modules/jquery/dist/jquery.js in 138_PROFILING_INFO_
​ _PROFILING_INFO_start function null from ../todomvc/examples/typescript-backbone/node_modules/jquery/dist/jquery.js in 4894_PROFILING_INFO_
​ _PROFILING_INFO_start function null from ../todomvc/examples/typescript-backbone/node_modules/jquery/dist/jquery.js in 4194_PROFILING_INFO_
​ _PROFILING_INFO_start function null from ../todomvc/examples/typescript-backbone/node_modules/jquery/dist/jquery.js in 3696_PROFILING_INFO_
​ _PROFILING_INFO_start function null from ../todomvc/examples/typescript-backbone/node_modules/jquery/dist/jquery.js in 292_PROFILING_INFO_
​ _PROFILING_INFO_start function null from ../todomvc/examples/typescript-backbone/node_modules/lodash/index.js in 7407_PROFILING_INFO_
​ _PROFILING_INFO_start function createWrapper from ../todomvc/examples/typescript-backbone/node_modules/lodash/index.js in 3657_PROFILING_INFO_
​ _PROFILING_INFO_start function null from ../todomvc/examples/typescript-backbone/node_modules/lodash/index.js in 3864_PROFILING_INFO_
​ _PROFILING_INFO_start function createBindWrapper from ../todomvc/examples/typescript-backbone/node_modules/lodash/index.js in 3090_PROFILING_INFO_
​ _PROFILING_INFO_start function createCtorWrapper from ../todomvc/examples/typescript-backbone/node_modules/lodash/index.js in 3141_PROFILING_INFO_
​ _PROFILING_INFO_start function null from ../todomvc/examples/typescript-backbone/node_modules/lodash/index.js in 4345_PROFILING_INFO_
​ _PROFILING_INFO_start function null from ../todomvc/examples/typescript-backbone/node_modules/lodash/index.js in 2536_PROFILING_INFO_
​ _PROFILING_INFO_start function null from ../todomvc/examples/typescript-backbone/node_modules/backbone/backbone.js in 1267_PROFILING_INFO_
​ _PROFILING_INFO_start function null from ../todomvc/examples/typescript-backbone/node_modules/jquery/dist/jquery.js in 4811_PROFILING_INFO_
​ _PROFILING_INFO_start function null from ../todomvc/examples/typescript-backbone/node_modules/jquery/dist/jquery.js in 4860_PROFILING_INFO_
​ _PROFILING_INFO_start function null from ../todomvc/examples/typescript-backbone/node_modules/jquery/dist/jquery.js in 4088_PROFILING_INFO_
​ _PROFILING_INFO_start function null from ../todomvc/examples/typescript-backbone/node_modules/jquery/dist/jquery.js in 3614_PROFILING_INFO_
​ _PROFILING_INFO_start function null from ../todomvc/examples/typescript-backbone/node_modules/jquery/dist/jquery.js in 3552_PROFILING_INFO_
​ _PROFILING_INFO_start function null from ../todomvc/examples/typescript-backbone/node_modules/jquery/dist/jquery.js in 3523_PROFILING_INFO_
​ _PROFILING_INFO_start function null from ../todomvc/examples/typescript-backbone/node_modules/jquery/dist/jquery.js in 177_PROFILING_INFO_
​ _PROFILING_INFO_start function null from ../todomvc/examples/typescript-backbone/node_modules/lodash/index.js in 7444_PROFILING_INFO_
​ _PROFILING_INFO_start function baseFlatten from ../todomvc/examples/typescript-backbone/node_modules/lodash/index.js in 1974_PROFILING_INFO_
​ _PROFILING_INFO_start function isObjectLike from ../todomvc/examples/typescript-backbone/node_modules/lodash/index.js in 550_PROFILING_INFO_
​ _PROFILING_INFO_start function null from ../todomvc/examples/typescript-backbone/node_modules/backbone/backbone.js in 1188_PROFILING_INFO_
​ _PROFILING_INFO_start function null from ../todomvc/examples/typescript-backbone/node_modules/jquery/dist/jquery.js in 5299_PROFILING_INFO_
​ _PROFILING_INFO_start function null from ../todomvc/examples/typescript-backbone/node_modules/jquery/dist/jquery.js in 5300_PROFILING_INFO_
​ _PROFILING_INFO_start function template from ../todomvc/examples/typescript-backbone/node_modules/lodash/index.js in 10715_PROFILING_INFO_
​ _PROFILING_INFO_start function assignWith from ../todomvc/examples/typescript-backbone/node_modules/lodash/index.js in 1561_PROFILING_INFO_
​ _PROFILING_INFO_start function assignOwnDefaults from ../todomvc/examples/typescript-backbone/node_modules/lodash/index.js in 1544_PROFILING_INFO_
​ _PROFILING_INFO_start function baseValues from ../todomvc/examples/typescript-backbone/node_modules/lodash/index.js in 2716_PROFILING_INFO_
​ _PROFILING_INFO_start function null from ../todomvc/examples/typescript-backbone/node_modules/lodash/index.js in 10751_PROFILING_INFO_
​ _PROFILING_INFO_start function escapeStringChar from ../todomvc/examples/typescript-backbone/node_modules/lodash/index.js in 517_PROFILING_INFO_
​ _PROFILING_INFO_start function null from ../todomvc/examples/typescript-backbone/node_modules/lodash/index.js in 11080_PROFILING_INFO_
​ _PROFILING_INFO_start function null from ../todomvc/examples/typescript-backbone/node_modules/lodash/index.js in 10808_PROFILING_INFO_
​ _PROFILING_INFO_start function isError from ../todomvc/examples/typescript-backbone/node_modules/lodash/index.js in 8658_PROFILING_INFO_
​ _PROFILING_INFO_start function null from ../todomvc/examples/typescript-backbone/node_modules/backbone/backbone.js in 144_PROFILING_INFO_
​ _PROFILING_INFO_start function null from ../todomvc/examples/typescript-backbone/node_modules/backbone/backbone.js in 150_PROFILING_INFO_
​ _PROFILING_INFO_start function null from ../todomvc/examples/typescript-backbone/node_modules/backbone/backbone.js in 123_PROFILING_INFO_
​ _PROFILING_INFO_start function null from ../todomvc/examples/typescript-backbone/node_modules/backbone/backbone.js in 186_PROFILING_INFO_
​ _PROFILING_INFO_start function null from ../todomvc/examples/typescript-backbone/node_modules/backbone/backbone.js in 985_PROFILING_INFO_
​ _PROFILING_INFO_start function null from ../todomvc/examples/typescript-backbone/node_modules/backbone/backbone.js in 1863_PROFILING_INFO_
​ _PROFILING_INFO_start function null from ../todomvc/examples/typescript-backbone/node_modules/backbone/backbone.js in 767_PROFILING_INFO_
backbone.localStorage-instrumented.js:283 _PROFILING_INFO_start function null from ../todomvc/examples/typescript-backbone/node_modules/backbone.localstorage/backbone.localStorage.js in 253_PROFILING_INFO_
backbone.localStorage-instrumented.js:272 _PROFILING_INFO_start function null from ../todomvc/examples/typescript-backbone/node_modules/backbone.localstorage/backbone.localStorage.js in 241_PROFILING_INFO_
backbone.localStorage-instrumented.js:71 _PROFILING_INFO_start function result from ../todomvc/examples/typescript-backbone/node_modules/backbone.localstorage/backbone.localStorage.js in 49_PROFILING_INFO_
backbone.localStorage-instrumented.js:216 _PROFILING_INFO_start function null from ../todomvc/examples/typescript-backbone/node_modules/backbone.localstorage/backbone.localStorage.js in 172_PROFILING_INFO_
jquery-instrumented.js:2657 _PROFILING_INFO_start function null from ../todomvc/examples/typescript-backbone/node_modules/jquery/dist/jquery.js in 3233_PROFILING_INFO_
jquery-instrumented.js:2471 _PROFILING_INFO_start function null from ../todomvc/examples/typescript-backbone/node_modules/jquery/dist/jquery.js in 3066_PROFILING_INFO_
jquery-instrumented.js:2738 _PROFILING_INFO_start function null from ../todomvc/examples/typescript-backbone/node_modules/jquery/dist/jquery.js in 3282_PROFILING_INFO_
backbone.localStorage-instrumented.js:151 _PROFILING_INFO_start function null from ../todomvc/examples/typescript-backbone/node_modules/backbone.localstorage/backbone.localStorage.js in 113_PROFILING_INFO_
backbone-instrumented.js:1042 _PROFILING_INFO_start function null from ../todomvc/examples/typescript-backbone/node_modules/backbone/backbone.js in 989_PROFILING_INFO_
backbone-instrumented.js:823 _PROFILING_INFO_start function null from ../todomvc/examples/typescript-backbone/node_modules/backbone/backbone.js in 790_PROFILING_INFO_
index-instrumented.js:2000 _PROFILING_INFO_start function null from ../todomvc/examples/typescript-backbone/node_modules/lodash/index.js in 3194_PROFILING_INFO_
index-instrumented.js:2683 _PROFILING_INFO_start function isIterateeCall from ../todomvc/examples/typescript-backbone/node_modules/lodash/index.js in 4101_PROFILING_INFO_
index-instrumented.js:804 _PROFILING_INFO_start function assignDefaults from ../todomvc/examples/typescript-backbone/node_modules/lodash/index.js in 1527_PROFILING_INFO_
backbone-instrumented.js:1156 _PROFILING_INFO_start function null from ../todomvc/examples/typescript-backbone/node_modules/backbone/backbone.js in 1085_PROFILING_INFO_
backbone-instrumented.js:1083 _PROFILING_INFO_start function null from ../todomvc/examples/typescript-backbone/node_modules/backbone/backbone.js in 1020_PROFILING_INFO_
index-instrumented.js:4343 _PROFILING_INFO_start function isString from ../todomvc/examples/typescript-backbone/node_modules/lodash/index.js in 8977_PROFILING_INFO_
backbone-instrumented.js:316 _PROFILING_INFO_start function null from ../todomvc/examples/typescript-backbone/node_modules/backbone/backbone.js in 322_PROFILING_INFO_
backbone-instrumented.js:330 _PROFILING_INFO_start function null from ../todomvc/examples/typescript-backbone/node_modules/backbone/backbone.js in 334_PROFILING_INFO_
backbone-instrumented.js:347 _PROFILING_INFO_start function null from ../todomvc/examples/typescript-backbone/node_modules/backbone/backbone.js in 348_PROFILING_INFO_
index-instrumented.js:1909 _PROFILING_INFO_start function wrapper from ../todomvc/examples/typescript-backbone/node_modules/lodash/index.js in 3093_PROFILING_INFO_
app-instrumented.js:288 _PROFILING_INFO_start function null from ../todomvc/examples/typescript-backbone/js/app.js in 253_PROFILING_INFO_
app-instrumented.js:85 _PROFILING_INFO_start function null from ../todomvc/examples/typescript-backbone/js/app.js in 92_PROFILING_INFO_
backbone-instrumented.js:75 _PROFILING_INFO_start function null from ../todomvc/examples/typescript-backbone/node_modules/backbone/backbone.js in 81_PROFILING_INFO_
index-instrumented.js:3523 _PROFILING_INFO_start function filter from ../todomvc/examples/typescript-backbone/node_modules/lodash/index.js in 6306_PROFILING_INFO_
index-instrumented.js:2512 _PROFILING_INFO_start function getCallback from ../todomvc/examples/typescript-backbone/node_modules/lodash/index.js in 3851_PROFILING_INFO_
index-instrumented.js:868 _PROFILING_INFO_start function baseCallback from ../todomvc/examples/typescript-backbone/node_modules/lodash/index.js in 1654_PROFILING_INFO_
index-instrumented.js:716 _PROFILING_INFO_start function arrayFilter from ../todomvc/examples/typescript-backbone/node_modules/lodash/index.js in 1376_PROFILING_INFO_
app-instrumented.js:98 _PROFILING_INFO_start function null from ../todomvc/examples/typescript-backbone/js/app.js in 96_PROFILING_INFO_
backbone-instrumented.js:91 _PROFILING_INFO_start function null from ../todomvc/examples/typescript-backbone/node_modules/backbone/backbone.js in 87_PROFILING_INFO_
index-instrumented.js:3326 _PROFILING_INFO_start function null from ../todomvc/examples/typescript-backbone/node_modules/lodash/index.js in 5719_PROFILING_INFO_
index-instrumented.js:976 _PROFILING_INFO_start function baseDifference from ../todomvc/examples/typescript-backbone/node_modules/lodash/index.js in 1785_PROFILING_INFO_
jquery-instrumented.js:2754 _PROFILING_INFO_start function null from ../todomvc/examples/typescript-backbone/node_modules/jquery/dist/jquery.js in 3300_PROFILING_INFO_
app-instrumented.js:234 _PROFILING_INFO_start function TodoRouter from ../todomvc/examples/typescript-backbone/js/app.js in 201_PROFILING_INFO_
backbone-instrumented.js:1508 _PROFILING_INFO_start function null from ../todomvc/examples/typescript-backbone/node_modules/backbone/backbone.js in 1415_PROFILING_INFO_
backbone-instrumented.js:1574 _PROFILING_INFO_start function null from ../todomvc/examples/typescript-backbone/node_modules/backbone/backbone.js in 1476_PROFILING_INFO_
backbone-instrumented.js:1524 _PROFILING_INFO_start function null from ../todomvc/examples/typescript-backbone/node_modules/backbone/backbone.js in 1434_PROFILING_INFO_
backbone-instrumented.js:1530 _PROFILING_INFO_start function null from ../todomvc/examples/typescript-backbone/node_modules/backbone/backbone.js in 1442_PROFILING_INFO_
index-instrumented.js:4336 _PROFILING_INFO_start function isRegExp from ../todomvc/examples/typescript-backbone/node_modules/lodash/index.js in 8957_PROFILING_INFO_
backbone-instrumented.js:1587 _PROFILING_INFO_start function null from ../todomvc/examples/typescript-backbone/node_modules/backbone/backbone.js in 1487_PROFILING_INFO_
backbone-instrumented.js:1778 _PROFILING_INFO_start function null from ../todomvc/examples/typescript-backbone/node_modules/backbone/backbone.js in 1706_PROFILING_INFO_
backbone-instrumented.js:1698 _PROFILING_INFO_start function null from ../todomvc/examples/typescript-backbone/node_modules/backbone/backbone.js in 1605_PROFILING_INFO_
backbone-instrumented.js:1684 _PROFILING_INFO_start function null from ../todomvc/examples/typescript-backbone/node_modules/backbone/backbone.js in 1592_PROFILING_INFO_
backbone-instrumented.js:1668 _PROFILING_INFO_start function null from ../todomvc/examples/typescript-backbone/node_modules/backbone/backbone.js in 1578_PROFILING_INFO_
backbone-instrumented.js:1803 _PROFILING_INFO_start function null from ../todomvc/examples/typescript-backbone/node_modules/backbone/backbone.js in 1729_PROFILING_INFO_
backbone-instrumented.js:1644 _PROFILING_INFO_start function null from ../todomvc/examples/typescript-backbone/node_modules/backbone/backbone.js in 1556_PROFILING_INFO_
backbone-instrumented.js:1653 _PROFILING_INFO_start function null from ../todomvc/examples/typescript-backbone/node_modules/backbone/backbone.js in 1565_PROFILING_INFO_
index-instrumented.js:3678 _PROFILING_INFO_start function some from ../todomvc/examples/typescript-backbone/node_modules/lodash/index.js in 7043_PROFILING_INFO_
index-instrumented.js:780 _PROFILING_INFO_start function arraySome from ../todomvc/examples/typescript-backbone/node_modules/lodash/index.js in 1488_PROFILING_INFO_
backbone-instrumented.js:1811 _PROFILING_INFO_start function null from ../todomvc/examples/typescript-backbone/node_modules/backbone/backbone.js in 1733_PROFILING_INFO_
backbone-instrumented.js:1544 _PROFILING_INFO_start function null from ../todomvc/examples/typescript-backbone/node_modules/backbone/backbone.js in 1450_PROFILING_INFO_
backbone-instrumented.js:1601 _PROFILING_INFO_start function null from ../todomvc/examples/typescript-backbone/node_modules/backbone/backbone.js in 1500_PROFILING_INFO_
index-instrumented.js:3594 _PROFILING_INFO_start function map from ../todomvc/examples/typescript-backbone/node_modules/lodash/index.js in 6707_PROFILING_INFO_
index-instrumented.js:730 _PROFILING_INFO_start function arrayMap from ../todomvc/examples/typescript-backbone/node_modules/lodash/index.js in 1400_PROFILING_INFO_
backbone-instrumented.js:1607 _PROFILING_INFO_start function null from ../todomvc/examples/typescript-backbone/node_modules/backbone/backbone.js in 1502_PROFILING_INFO_
backbone-instrumented.js:1558 _PROFILING_INFO_start function null from ../todomvc/examples/typescript-backbone/node_modules/backbone/backbone.js in 1463_PROFILING_INFO_
app-instrumented.js:243 _PROFILING_INFO_start function null from ../todomvc/examples/typescript-backbone/js/app.js in 208_PROFILING_INFO_
app-instrumented.js:325 _PROFILING_INFO_start function null from ../todomvc/examples/typescript-backbone/js/app.js in 286_PROFILING_INFO_
app-instrumented.js:340 _PROFILING_INFO_start function null from ../todomvc/examples/typescript-backbone/js/app.js in 293_PROFILING_INFO_
index-instrumented.js:2138 _PROFILING_INFO_start function null from ../todomvc/examples/typescript-backbone/node_modules/lodash/index.js in 3343_PROFILING_INFO_
index-instrumented.js:662 _PROFILING_INFO_start function arrayEach from ../todomvc/examples/typescript-backbone/node_modules/lodash/index.js in 1284_PROFILING_INFO_
jquery-instrumented.js:4069 _PROFILING_INFO_start function null from ../todomvc/examples/typescript-backbone/node_modules/jquery/dist/jquery.js in 4904_PROFILING_INFO_
jquery-instrumented.js:3527 _PROFILING_INFO_start function null from ../todomvc/examples/typescript-backbone/node_modules/jquery/dist/jquery.js in 4264_PROFILING_INFO_
jquery-instrumented.js:3830 _PROFILING_INFO_start function null from ../todomvc/examples/typescript-backbone/node_modules/jquery/dist/jquery.js in 4668_PROFILING_INFO_
jquery-instrumented.js:3384 _PROFILING_INFO_start function returnFalse from ../todomvc/examples/typescript-backbone/node_modules/jquery/dist/jquery.js in 4070_PROFILING_INFO_
