base-instrumented.js:5 _PROFILING_INFO_start function null from ../todomvc/examples/typescript-react/node_modules/todomvc-common/base.js in 2_PROFILING_INFO_
base-instrumented.js:11 _PROFILING_INFO_start function null from ../todomvc/examples/typescript-react/node_modules/todomvc-common/base.js in 8_PROFILING_INFO_
base-instrumented.js:136 _PROFILING_INFO_start function redirect from ../todomvc/examples/typescript-react/node_modules/todomvc-common/base.js in 126_PROFILING_INFO_
base-instrumented.js:153 _PROFILING_INFO_start function getFile from ../todomvc/examples/typescript-react/node_modules/todomvc-common/base.js in 137_PROFILING_INFO_
base-instrumented.js:145 _PROFILING_INFO_start function findRoot from ../todomvc/examples/typescript-react/node_modules/todomvc-common/base.js in 132_PROFILING_INFO_
​ _PROFILING_INFO_start function null from ../todomvc/examples/typescript-react/node_modules/todomvc-common/base.js in 147_PROFILING_INFO_
​ _PROFILING_INFO_start function Learn from ../todomvc/examples/typescript-react/node_modules/todomvc-common/base.js in 154_PROFILING_INFO_
​ _PROFILING_INFO_start function null from ../todomvc/examples/typescript-react/node_modules/todomvc-common/base.js in 199_PROFILING_INFO_
​ _PROFILING_INFO_start function null from ../todomvc/examples/typescript-react/node_modules/todomvc-common/base.js in 56_PROFILING_INFO_
​ _PROFILING_INFO_start function null from ../todomvc/examples/typescript-react/node_modules/todomvc-common/base.js in 9_PROFILING_INFO_
​ _PROFILING_INFO_start function null from ../todomvc/examples/typescript-react/node_modules/todomvc-common/base.js in 70_PROFILING_INFO_
​ _PROFILING_INFO_start function null from ../todomvc/examples/typescript-react/node_modules/todomvc-common/base.js in 216_PROFILING_INFO_
​ _PROFILING_INFO_start function null from ../todomvc/examples/typescript-react/node_modules/todomvc-common/base.js in 227_PROFILING_INFO_
​ _PROFILING_INFO_start function null from ../todomvc/examples/typescript-react/node_modules/react/dist/react-with-addons.js in 4_PROFILING_INFO_
​ _PROFILING_INFO_start function e from ../todomvc/examples/typescript-react/node_modules/react/dist/react-with-addons.js in 4_PROFILING_INFO_
​ _PROFILING_INFO_start function s from ../todomvc/examples/typescript-react/node_modules/react/dist/react-with-addons.js in 4_PROFILING_INFO_
​ _PROFILING_INFO_start function null from ../todomvc/examples/typescript-react/node_modules/react/dist/react-with-addons.js in 3906_PROFILING_INFO_
​ _PROFILING_INFO_start function null from ../todomvc/examples/typescript-react/node_modules/react/dist/react-with-addons.js in 12212_PROFILING_INFO_
​ _PROFILING_INFO_start function null from ../todomvc/examples/typescript-react/node_modules/react/dist/react-with-addons.js in 4377_PROFILING_INFO_
​ _PROFILING_INFO_start function null from ../todomvc/examples/typescript-react/node_modules/react/dist/react-with-addons.js in 3201_PROFILING_INFO_
​ _PROFILING_INFO_start function null from ../todomvc/examples/typescript-react/node_modules/react/dist/react-with-addons.js in 2487_PROFILING_INFO_
​ _PROFILING_INFO_start function null from ../todomvc/examples/typescript-react/node_modules/react/dist/react-with-addons.js in 20516_PROFILING_INFO_
​ _PROFILING_INFO_start function null from ../todomvc/examples/typescript-react/node_modules/react/dist/react-with-addons.js in 20260_PROFILING_INFO_
​ _PROFILING_INFO_start function null from ../todomvc/examples/typescript-react/node_modules/react/dist/react-with-addons.js in 20551_PROFILING_INFO_
​ _PROFILING_INFO_start function null from ../todomvc/examples/typescript-react/node_modules/react/dist/react-with-addons.js in 20285_PROFILING_INFO_
​ _PROFILING_INFO_start function null from ../todomvc/examples/typescript-react/node_modules/react/dist/react-with-addons.js in 5254_PROFILING_INFO_
​ _PROFILING_INFO_start function null from ../todomvc/examples/typescript-react/node_modules/react/dist/react-with-addons.js in 4263_PROFILING_INFO_
​ _PROFILING_INFO_start function null from ../todomvc/examples/typescript-react/node_modules/react/dist/react-with-addons.js in 11432_PROFILING_INFO_
​ _PROFILING_INFO_start function null from ../todomvc/examples/typescript-react/node_modules/react/dist/react-with-addons.js in 10305_PROFILING_INFO_
​ _PROFILING_INFO_start function null from ../todomvc/examples/typescript-react/node_modules/react/dist/react-with-addons.js in 7567_PROFILING_INFO_
​ _PROFILING_INFO_start function null from ../todomvc/examples/typescript-react/node_modules/react/dist/react-with-addons.js in 4214_PROFILING_INFO_
​ _PROFILING_INFO_start function null from ../todomvc/examples/typescript-react/node_modules/react/dist/react-with-addons.js in 19189_PROFILING_INFO_
​ _PROFILING_INFO_start function null from ../todomvc/examples/typescript-react/node_modules/react/dist/react-with-addons.js in 21580_PROFILING_INFO_
​ _PROFILING_INFO_start function null from ../todomvc/examples/typescript-react/node_modules/react/dist/react-with-addons.js in 19155_PROFILING_INFO_
​ _PROFILING_INFO_start function makeEmptyFunction from ../todomvc/examples/typescript-react/node_modules/react/dist/react-with-addons.js in 19167_PROFILING_INFO_
​ _PROFILING_INFO_start function null from ../todomvc/examples/typescript-react/node_modules/react/dist/react-with-addons.js in 7643_PROFILING_INFO_
​ _PROFILING_INFO_start function defineMutationMembrane from ../todomvc/examples/typescript-react/node_modules/react/dist/react-with-addons.js in 10374_PROFILING_INFO_
​ _PROFILING_INFO_start function defineWarningProperty from ../todomvc/examples/typescript-react/node_modules/react/dist/react-with-addons.js in 10337_PROFILING_INFO_
​ _PROFILING_INFO_start function null from ../todomvc/examples/typescript-react/node_modules/react/dist/react-with-addons.js in 21160_PROFILING_INFO_
​ _PROFILING_INFO_start function null from ../todomvc/examples/typescript-react/node_modules/react/dist/react-with-addons.js in 11792_PROFILING_INFO_
​ _PROFILING_INFO_start function null from ../todomvc/examples/typescript-react/node_modules/react/dist/react-with-addons.js in 14936_PROFILING_INFO_
​ _PROFILING_INFO_start function null from ../todomvc/examples/typescript-react/node_modules/react/dist/react-with-addons.js in 19702_PROFILING_INFO_
​ _PROFILING_INFO_start function null from ../todomvc/examples/typescript-react/node_modules/react/dist/react-with-addons.js in 4356_PROFILING_INFO_
​ _PROFILING_INFO_start function null from ../todomvc/examples/typescript-react/node_modules/react/dist/react-with-addons.js in 6349_PROFILING_INFO_
​ _PROFILING_INFO_start function null from ../todomvc/examples/typescript-react/node_modules/react/dist/react-with-addons.js in 16226_PROFILING_INFO_
​ _PROFILING_INFO_start function null from ../todomvc/examples/typescript-react/node_modules/react/dist/react-with-addons.js in 12175_PROFILING_INFO_
​ _PROFILING_INFO_start function null from ../todomvc/examples/typescript-react/node_modules/react/dist/react-with-addons.js in 12126_PROFILING_INFO_
​ _PROFILING_INFO_start function null from ../todomvc/examples/typescript-react/node_modules/react/dist/react-with-addons.js in 16523_PROFILING_INFO_
​ _PROFILING_INFO_start function null from ../todomvc/examples/typescript-react/node_modules/react/dist/react-with-addons.js in 995_PROFILING_INFO_
​ _PROFILING_INFO_start function assign from ../todomvc/examples/typescript-react/node_modules/react/dist/react-with-addons.js in 4230_PROFILING_INFO_
​ _PROFILING_INFO_start function null from ../todomvc/examples/typescript-react/node_modules/react/dist/react-with-addons.js in 13900_PROFILING_INFO_
​ _PROFILING_INFO_start function null from ../todomvc/examples/typescript-react/node_modules/react/dist/react-with-addons.js in 14743_PROFILING_INFO_
​ _PROFILING_INFO_start function null from ../todomvc/examples/typescript-react/node_modules/react/dist/react-with-addons.js in 14865_PROFILING_INFO_
​ _PROFILING_INFO_start function null from ../todomvc/examples/typescript-react/node_modules/react/dist/react-with-addons.js in 13790_PROFILING_INFO_
​ _PROFILING_INFO_start function null from ../todomvc/examples/typescript-react/node_modules/react/dist/react-with-addons.js in 10611_PROFILING_INFO_
​ _PROFILING_INFO_start function null from ../todomvc/examples/typescript-react/node_modules/react/dist/react-with-addons.js in 14138_PROFILING_INFO_
​ _PROFILING_INFO_start function null from ../todomvc/examples/typescript-react/node_modules/react/dist/react-with-addons.js in 14112_PROFILING_INFO_
​ _PROFILING_INFO_start function null from ../todomvc/examples/typescript-react/node_modules/react/dist/react-with-addons.js in 13685_PROFILING_INFO_
​ _PROFILING_INFO_start function null from ../todomvc/examples/typescript-react/node_modules/react/dist/react-with-addons.js in 18268_PROFILING_INFO_
​ _PROFILING_INFO_start function null from ../todomvc/examples/typescript-react/node_modules/react/dist/react-with-addons.js in 4286_PROFILING_INFO_
​ _PROFILING_INFO_start function CallbackQueue from ../todomvc/examples/typescript-react/node_modules/react/dist/react-with-addons.js in 1025_PROFILING_INFO_
​ _PROFILING_INFO_start function null from ../todomvc/examples/typescript-react/node_modules/react/dist/react-with-addons.js in 13960_PROFILING_INFO_
​ _PROFILING_INFO_start function null from ../todomvc/examples/typescript-react/node_modules/react/dist/react-with-addons.js in 6475_PROFILING_INFO_
​ _PROFILING_INFO_start function null from ../todomvc/examples/typescript-react/node_modules/react/dist/react-with-addons.js in 5405_PROFILING_INFO_
​ _PROFILING_INFO_start function null from ../todomvc/examples/typescript-react/node_modules/react/dist/react-with-addons.js in 11167_PROFILING_INFO_
​ _PROFILING_INFO_start function null from ../todomvc/examples/typescript-react/node_modules/react/dist/react-with-addons.js in 20569_PROFILING_INFO_
​ _PROFILING_INFO_start function null from ../todomvc/examples/typescript-react/node_modules/react/dist/react-with-addons.js in 20591_PROFILING_INFO_
​ _PROFILING_INFO_start function null from ../todomvc/examples/typescript-react/node_modules/react/dist/react-with-addons.js in 7677_PROFILING_INFO_
​ _PROFILING_INFO_start function null from ../todomvc/examples/typescript-react/node_modules/react/dist/react-with-addons.js in 20605_PROFILING_INFO_
​ _PROFILING_INFO_start function mapObject from ../todomvc/examples/typescript-react/node_modules/react/dist/react-with-addons.js in 20643_PROFILING_INFO_
​ _PROFILING_INFO_start function createDOMFactory from ../todomvc/examples/typescript-react/node_modules/react/dist/react-with-addons.js in 7703_PROFILING_INFO_
​ _PROFILING_INFO_start function null from ../todomvc/examples/typescript-react/node_modules/react/dist/react-with-addons.js in 11024_PROFILING_INFO_
​ _PROFILING_INFO_start function null from ../todomvc/examples/typescript-react/node_modules/react/dist/react-with-addons.js in 9348_PROFILING_INFO_
​ _PROFILING_INFO_start function null from ../todomvc/examples/typescript-react/node_modules/react/dist/react-with-addons.js in 1933_PROFILING_INFO_
​ _PROFILING_INFO_start function null from ../todomvc/examples/typescript-react/node_modules/react/dist/react-with-addons.js in 1636_PROFILING_INFO_
​ _PROFILING_INFO_start function null from ../todomvc/examples/typescript-react/node_modules/react/dist/react-with-addons.js in 20785_PROFILING_INFO_
​ _PROFILING_INFO_start function null from ../todomvc/examples/typescript-react/node_modules/react/dist/react-with-addons.js in 19211_PROFILING_INFO_
​ _PROFILING_INFO_start function null from ../todomvc/examples/typescript-react/node_modules/react/dist/react-with-addons.js in 6501_PROFILING_INFO_
​ _PROFILING_INFO_start function null from ../todomvc/examples/typescript-react/node_modules/react/dist/react-with-addons.js in 8475_PROFILING_INFO_
​ _PROFILING_INFO_start function null from ../todomvc/examples/typescript-react/node_modules/react/dist/react-with-addons.js in 815_PROFILING_INFO_
​ _PROFILING_INFO_start function null from ../todomvc/examples/typescript-react/node_modules/react/dist/react-with-addons.js in 690_PROFILING_INFO_
​ _PROFILING_INFO_start function null from ../todomvc/examples/typescript-react/node_modules/react/dist/react-with-addons.js in 751_PROFILING_INFO_
​ _PROFILING_INFO_start function null from ../todomvc/examples/typescript-react/node_modules/react/dist/react-with-addons.js in 752_PROFILING_INFO_
​ _PROFILING_INFO_start function prefixKey from ../todomvc/examples/typescript-react/node_modules/react/dist/react-with-addons.js in 739_PROFILING_INFO_
​ _PROFILING_INFO_start function null from ../todomvc/examples/typescript-react/node_modules/react/dist/react-with-addons.js in 3560_PROFILING_INFO_
​ _PROFILING_INFO_start function null from ../todomvc/examples/typescript-react/node_modules/react/dist/react-with-addons.js in 18666_PROFILING_INFO_
​ _PROFILING_INFO_start function null from ../todomvc/examples/typescript-react/node_modules/react/dist/react-with-addons.js in 18634_PROFILING_INFO_
​ _PROFILING_INFO_start function null from ../todomvc/examples/typescript-react/node_modules/react/dist/react-with-addons.js in 19097_PROFILING_INFO_
​ _PROFILING_INFO_start function null from ../todomvc/examples/typescript-react/node_modules/react/dist/react-with-addons.js in 20083_PROFILING_INFO_
​ _PROFILING_INFO_start function null from ../todomvc/examples/typescript-react/node_modules/react/dist/react-with-addons.js in 20050_PROFILING_INFO_
​ _PROFILING_INFO_start function null from ../todomvc/examples/typescript-react/node_modules/react/dist/react-with-addons.js in 20658_PROFILING_INFO_
​ _PROFILING_INFO_start function memoizeStringOnly from ../todomvc/examples/typescript-react/node_modules/react/dist/react-with-addons.js in 20679_PROFILING_INFO_
​ _PROFILING_INFO_start function null from ../todomvc/examples/typescript-react/node_modules/react/dist/react-with-addons.js in 1500_PROFILING_INFO_
​ _PROFILING_INFO_start function null from ../todomvc/examples/typescript-react/node_modules/react/dist/react-with-addons.js in 2123_PROFILING_INFO_
​ _PROFILING_INFO_start function null from ../todomvc/examples/typescript-react/node_modules/react/dist/react-with-addons.js in 18955_PROFILING_INFO_
​ _PROFILING_INFO_start function null from ../todomvc/examples/typescript-react/node_modules/react/dist/react-with-addons.js in 18809_PROFILING_INFO_
​ _PROFILING_INFO_start function null from ../todomvc/examples/typescript-react/node_modules/react/dist/react-with-addons.js in 21090_PROFILING_INFO_
​ _PROFILING_INFO_start function null from ../todomvc/examples/typescript-react/node_modules/react/dist/react-with-addons.js in 19746_PROFILING_INFO_
​ _PROFILING_INFO_start function null from ../todomvc/examples/typescript-react/node_modules/react/dist/react-with-addons.js in 13652_PROFILING_INFO_
​ _PROFILING_INFO_start function null from ../todomvc/examples/typescript-react/node_modules/react/dist/react-with-addons.js in 20902_PROFILING_INFO_
​ _PROFILING_INFO_start function null from ../todomvc/examples/typescript-react/node_modules/react/dist/react-with-addons.js in 20813_PROFILING_INFO_
​ _PROFILING_INFO_start function null from ../todomvc/examples/typescript-react/node_modules/react/dist/react-with-addons.js in 12333_PROFILING_INFO_
​ _PROFILING_INFO_start function null from ../todomvc/examples/typescript-react/node_modules/react/dist/react-with-addons.js in 4558_PROFILING_INFO_
​ _PROFILING_INFO_start function null from ../todomvc/examples/typescript-react/node_modules/react/dist/react-with-addons.js in 2647_PROFILING_INFO_
​ _PROFILING_INFO_start function null from ../todomvc/examples/typescript-react/node_modules/react/dist/react-with-addons.js in 2923_PROFILING_INFO_
​ _PROFILING_INFO_start function null from ../todomvc/examples/typescript-react/node_modules/react/dist/react-with-addons.js in 18536_PROFILING_INFO_
​ _PROFILING_INFO_start function null from ../todomvc/examples/typescript-react/node_modules/react/dist/react-with-addons.js in 19407_PROFILING_INFO_
​ _PROFILING_INFO_start function null from ../todomvc/examples/typescript-react/node_modules/react/dist/react-with-addons.js in 11199_PROFILING_INFO_
​ _PROFILING_INFO_start function null from ../todomvc/examples/typescript-react/node_modules/react/dist/react-with-addons.js in 18507_PROFILING_INFO_
​ _PROFILING_INFO_start function null from ../todomvc/examples/typescript-react/node_modules/react/dist/react-with-addons.js in 20315_PROFILING_INFO_
​ _PROFILING_INFO_start function null from ../todomvc/examples/typescript-react/node_modules/react/dist/react-with-addons.js in 11074_PROFILING_INFO_
​ _PROFILING_INFO_start function null from ../todomvc/examples/typescript-react/node_modules/react/dist/react-with-addons.js in 10454_PROFILING_INFO_
​ _PROFILING_INFO_start function null from ../todomvc/examples/typescript-react/node_modules/react/dist/react-with-addons.js in 10398_PROFILING_INFO_
​ _PROFILING_INFO_start function null from ../todomvc/examples/typescript-react/node_modules/react/dist/react-with-addons.js in 12285_PROFILING_INFO_
​ _PROFILING_INFO_start function null from ../todomvc/examples/typescript-react/node_modules/react/dist/react-with-addons.js in 18600_PROFILING_INFO_
​ _PROFILING_INFO_start function null from ../todomvc/examples/typescript-react/node_modules/react/dist/react-with-addons.js in 18765_PROFILING_INFO_
​ _PROFILING_INFO_start function null from ../todomvc/examples/typescript-react/node_modules/react/dist/react-with-addons.js in 20450_PROFILING_INFO_
​ _PROFILING_INFO_start function null from ../todomvc/examples/typescript-react/node_modules/react/dist/react-with-addons.js in 20380_PROFILING_INFO_
​ _PROFILING_INFO_start function null from ../todomvc/examples/typescript-react/node_modules/react/dist/react-with-addons.js in 19938_PROFILING_INFO_
​ _PROFILING_INFO_start function null from ../todomvc/examples/typescript-react/node_modules/react/dist/react-with-addons.js in 20124_PROFILING_INFO_
​ _PROFILING_INFO_start function null from ../todomvc/examples/typescript-react/node_modules/react/dist/react-with-addons.js in 6656_PROFILING_INFO_
​ _PROFILING_INFO_start function null from ../todomvc/examples/typescript-react/node_modules/react/dist/react-with-addons.js in 6548_PROFILING_INFO_
​ _PROFILING_INFO_start function null from ../todomvc/examples/typescript-react/node_modules/react/dist/react-with-addons.js in 20988_PROFILING_INFO_
​ _PROFILING_INFO_start function null from ../todomvc/examples/typescript-react/node_modules/react/dist/react-with-addons.js in 13937_PROFILING_INFO_
​ _PROFILING_INFO_start function null from ../todomvc/examples/typescript-react/node_modules/react/dist/react-with-addons.js in 7918_PROFILING_INFO_
​ _PROFILING_INFO_start function null from ../todomvc/examples/typescript-react/node_modules/react/dist/react-with-addons.js in 13222_PROFILING_INFO_
​ _PROFILING_INFO_start function null from ../todomvc/examples/typescript-react/node_modules/react/dist/react-with-addons.js in 5127_PROFILING_INFO_
​ _PROFILING_INFO_start function null from ../todomvc/examples/typescript-react/node_modules/react/dist/react-with-addons.js in 19322_PROFILING_INFO_
​ _PROFILING_INFO_start function null from ../todomvc/examples/typescript-react/node_modules/react/dist/react-with-addons.js in 9676_PROFILING_INFO_
​ _PROFILING_INFO_start function null from ../todomvc/examples/typescript-react/node_modules/react/dist/react-with-addons.js in 85_PROFILING_INFO_
​ _PROFILING_INFO_start function null from ../todomvc/examples/typescript-react/node_modules/react/dist/react-with-addons.js in 3420_PROFILING_INFO_
​ _PROFILING_INFO_start function null from ../todomvc/examples/typescript-react/node_modules/react/dist/react-with-addons.js in 3604_PROFILING_INFO_
​ _PROFILING_INFO_start function null from ../todomvc/examples/typescript-react/node_modules/react/dist/react-with-addons.js in 19973_PROFILING_INFO_
​ _PROFILING_INFO_start function null from ../todomvc/examples/typescript-react/node_modules/react/dist/react-with-addons.js in 17594_PROFILING_INFO_
​ _PROFILING_INFO_start function null from ../todomvc/examples/typescript-react/node_modules/react/dist/react-with-addons.js in 17678_PROFILING_INFO_
​ _PROFILING_INFO_start function null from ../todomvc/examples/typescript-react/node_modules/react/dist/react-with-addons.js in 19671_PROFILING_INFO_
​ _PROFILING_INFO_start function null from ../todomvc/examples/typescript-react/node_modules/react/dist/react-with-addons.js in 17826_PROFILING_INFO_
​ _PROFILING_INFO_start function null from ../todomvc/examples/typescript-react/node_modules/react/dist/react-with-addons.js in 17883_PROFILING_INFO_
​ _PROFILING_INFO_start function isPresto from ../todomvc/examples/typescript-react/node_modules/react/dist/react-with-addons.js in 146_PROFILING_INFO_
​ _PROFILING_INFO_start function null from ../todomvc/examples/typescript-react/node_modules/react/dist/react-with-addons.js in 1093_PROFILING_INFO_
​ _PROFILING_INFO_start function null from ../todomvc/examples/typescript-react/node_modules/react/dist/react-with-addons.js in 20407_PROFILING_INFO_
​ _PROFILING_INFO_start function isEventSupported from ../todomvc/examples/typescript-react/node_modules/react/dist/react-with-addons.js in 20355_PROFILING_INFO_
​ _PROFILING_INFO_start function null from ../todomvc/examples/typescript-react/node_modules/react/dist/react-with-addons.js in 1475_PROFILING_INFO_
​ _PROFILING_INFO_start function null from ../todomvc/examples/typescript-react/node_modules/react/dist/react-with-addons.js in 2308_PROFILING_INFO_
​ _PROFILING_INFO_start function null from ../todomvc/examples/typescript-react/node_modules/react/dist/react-with-addons.js in 2347_PROFILING_INFO_
​ _PROFILING_INFO_start function null from ../todomvc/examples/typescript-react/node_modules/react/dist/react-with-addons.js in 18016_PROFILING_INFO_
​ _PROFILING_INFO_start function null from ../todomvc/examples/typescript-react/node_modules/react/dist/react-with-addons.js in 18145_PROFILING_INFO_
​ _PROFILING_INFO_start function null from ../todomvc/examples/typescript-react/node_modules/react/dist/react-with-addons.js in 19624_PROFILING_INFO_
​ _PROFILING_INFO_start function null from ../todomvc/examples/typescript-react/node_modules/react/dist/react-with-addons.js in 3695_PROFILING_INFO_
​ _PROFILING_INFO_start function null from ../todomvc/examples/typescript-react/node_modules/react/dist/react-with-addons.js in 4156_PROFILING_INFO_
​ _PROFILING_INFO_start function null from ../todomvc/examples/typescript-react/node_modules/react/dist/react-with-addons.js in 4527_PROFILING_INFO_
​ _PROFILING_INFO_start function null from ../todomvc/examples/typescript-react/node_modules/react/dist/react-with-addons.js in 19251_PROFILING_INFO_
​ _PROFILING_INFO_start function null from ../todomvc/examples/typescript-react/node_modules/react/dist/react-with-addons.js in 9603_PROFILING_INFO_
​ _PROFILING_INFO_start function ReactDefaultBatchingStrategyTransaction from ../todomvc/examples/typescript-react/node_modules/react/dist/react-with-addons.js in 9637_PROFILING_INFO_
​ _PROFILING_INFO_start function null from ../todomvc/examples/typescript-react/node_modules/react/dist/react-with-addons.js in 18353_PROFILING_INFO_
​ _PROFILING_INFO_start function null from ../todomvc/examples/typescript-react/node_modules/react/dist/react-with-addons.js in 9645_PROFILING_INFO_
​ _PROFILING_INFO_start function null from ../todomvc/examples/typescript-react/node_modules/react/dist/react-with-addons.js in 7854_PROFILING_INFO_
​ _PROFILING_INFO_start function null from ../todomvc/examples/typescript-react/node_modules/react/dist/react-with-addons.js in 58_PROFILING_INFO_
​ _PROFILING_INFO_start function null from ../todomvc/examples/typescript-react/node_modules/react/dist/react-with-addons.js in 19378_PROFILING_INFO_
​ _PROFILING_INFO_start function null from ../todomvc/examples/typescript-react/node_modules/react/dist/react-with-addons.js in 10508_PROFILING_INFO_
​ _PROFILING_INFO_start function null from ../todomvc/examples/typescript-react/node_modules/react/dist/react-with-addons.js in 6233_PROFILING_INFO_
​ _PROFILING_INFO_start function null from ../todomvc/examples/typescript-react/node_modules/react/dist/react-with-addons.js in 6212_PROFILING_INFO_
​ _PROFILING_INFO_start function mixSpecIntoComponent from ../todomvc/examples/typescript-react/node_modules/react/dist/react-with-addons.js in 5846_PROFILING_INFO_
​ _PROFILING_INFO_start function null from ../todomvc/examples/typescript-react/node_modules/react/dist/react-with-addons.js in 10595_PROFILING_INFO_
​ _PROFILING_INFO_start function null from ../todomvc/examples/typescript-react/node_modules/react/dist/react-with-addons.js in 5727_PROFILING_INFO_
​ _PROFILING_INFO_start function validateMethodOverride from ../todomvc/examples/typescript-react/node_modules/react/dist/react-with-addons.js in 5812_PROFILING_INFO_
​ _PROFILING_INFO_start function null from ../todomvc/examples/typescript-react/node_modules/react/dist/react-with-addons.js in 5724_PROFILING_INFO_
​ _PROFILING_INFO_start function null from ../todomvc/examples/typescript-react/node_modules/react/dist/react-with-addons.js in 21606_PROFILING_INFO_
​ _PROFILING_INFO_start function null from ../todomvc/examples/typescript-react/node_modules/react/dist/react-with-addons.js in 8426_PROFILING_INFO_
​ _PROFILING_INFO_start function null from ../todomvc/examples/typescript-react/node_modules/react/dist/react-with-addons.js in 4101_PROFILING_INFO_
​ _PROFILING_INFO_start function null from ../todomvc/examples/typescript-react/node_modules/react/dist/react-with-addons.js in 8686_PROFILING_INFO_
​ _PROFILING_INFO_start function null from ../todomvc/examples/typescript-react/node_modules/react/dist/react-with-addons.js in 8641_PROFILING_INFO_
​ _PROFILING_INFO_start function null from ../todomvc/examples/typescript-react/node_modules/react/dist/react-with-addons.js in 8732_PROFILING_INFO_
​ _PROFILING_INFO_start function null from ../todomvc/examples/typescript-react/node_modules/react/dist/react-with-addons.js in 3947_PROFILING_INFO_
​ _PROFILING_INFO_start function null from ../todomvc/examples/typescript-react/node_modules/react/dist/react-with-addons.js in 14162_PROFILING_INFO_
​ _PROFILING_INFO_start function createElementTypeChecker from ../todomvc/examples/typescript-react/node_modules/react/dist/react-with-addons.js in 14323_PROFILING_INFO_
​ _PROFILING_INFO_start function createChainableTypeChecker from ../todomvc/examples/typescript-react/node_modules/react/dist/react-with-addons.js in 14253_PROFILING_INFO_
​ _PROFILING_INFO_start function createNodeChecker from ../todomvc/examples/typescript-react/node_modules/react/dist/react-with-addons.js in 14413_PROFILING_INFO_
​ _PROFILING_INFO_start function createPrimitiveTypeChecker from ../todomvc/examples/typescript-react/node_modules/react/dist/react-with-addons.js in 14276_PROFILING_INFO_
​ _PROFILING_INFO_start function createAnyTypeChecker from ../todomvc/examples/typescript-react/node_modules/react/dist/react-with-addons.js in 14297_PROFILING_INFO_
​ _PROFILING_INFO_start function null from ../todomvc/examples/typescript-react/node_modules/react/dist/react-with-addons.js in 5776_PROFILING_INFO_
​ _PROFILING_INFO_start function validateTypeDef from ../todomvc/examples/typescript-react/node_modules/react/dist/react-with-addons.js in 5795_PROFILING_INFO_
​ _PROFILING_INFO_start function createChainedFunction from ../todomvc/examples/typescript-react/node_modules/react/dist/react-with-addons.js in 6041_PROFILING_INFO_
​ _PROFILING_INFO_start function null from ../todomvc/examples/typescript-react/node_modules/react/dist/react-with-addons.js in 8907_PROFILING_INFO_
​ _PROFILING_INFO_start function null from ../todomvc/examples/typescript-react/node_modules/react/dist/react-with-addons.js in 8957_PROFILING_INFO_
​ _PROFILING_INFO_start function null from ../todomvc/examples/typescript-react/node_modules/react/dist/react-with-addons.js in 9465_PROFILING_INFO_
​ _PROFILING_INFO_start function null from ../todomvc/examples/typescript-react/node_modules/react/dist/react-with-addons.js in 11249_PROFILING_INFO_
​ _PROFILING_INFO_start function null from ../todomvc/examples/typescript-react/node_modules/react/dist/react-with-addons.js in 2559_PROFILING_INFO_
​ _PROFILING_INFO_start function null from ../todomvc/examples/typescript-react/node_modules/react/dist/react-with-addons.js in 20010_PROFILING_INFO_
​ _PROFILING_INFO_start function null from ../todomvc/examples/typescript-react/node_modules/react/dist/react-with-addons.js in 11615_PROFILING_INFO_
​ _PROFILING_INFO_start function null from ../todomvc/examples/typescript-react/node_modules/react/dist/react-with-addons.js in 14567_PROFILING_INFO_
​ _PROFILING_INFO_start function null from ../todomvc/examples/typescript-react/node_modules/react/dist/react-with-addons.js in 11657_PROFILING_INFO_
​ _PROFILING_INFO_start function null from ../todomvc/examples/typescript-react/node_modules/react/dist/react-with-addons.js in 9135_PROFILING_INFO_
​ _PROFILING_INFO_start function null from ../todomvc/examples/typescript-react/node_modules/react/dist/react-with-addons.js in 19863_PROFILING_INFO_
​ _PROFILING_INFO_start function null from ../todomvc/examples/typescript-react/node_modules/react/dist/react-with-addons.js in 19438_PROFILING_INFO_
​ _PROFILING_INFO_start function null from ../todomvc/examples/typescript-react/node_modules/react/dist/react-with-addons.js in 14511_PROFILING_INFO_
​ _PROFILING_INFO_start function null from ../todomvc/examples/typescript-react/node_modules/react/dist/react-with-addons.js in 16897_PROFILING_INFO_
​ _PROFILING_INFO_start function null from ../todomvc/examples/typescript-react/node_modules/react/dist/react-with-addons.js in 20944_PROFILING_INFO_
​ _PROFILING_INFO_start function null from ../todomvc/examples/typescript-react/node_modules/react/dist/react-with-addons.js in 17092_PROFILING_INFO_
​ _PROFILING_INFO_start function null from ../todomvc/examples/typescript-react/node_modules/react/dist/react-with-addons.js in 17123_PROFILING_INFO_
​ _PROFILING_INFO_start function null from ../todomvc/examples/typescript-react/node_modules/react/dist/react-with-addons.js in 17549_PROFILING_INFO_
​ _PROFILING_INFO_start function null from ../todomvc/examples/typescript-react/node_modules/react/dist/react-with-addons.js in 17844_PROFILING_INFO_
​ _PROFILING_INFO_start function null from ../todomvc/examples/typescript-react/node_modules/react/dist/react-with-addons.js in 17929_PROFILING_INFO_
​ _PROFILING_INFO_start function null from ../todomvc/examples/typescript-react/node_modules/react/dist/react-with-addons.js in 19467_PROFILING_INFO_
react-with-addons-instrumented.js:13694 _PROFILING_INFO_start function null from ../todomvc/examples/typescript-react/node_modules/react/dist/react-with-addons.js in 19519_PROFILING_INFO_
react-with-addons-instrumented.js:12439 _PROFILING_INFO_start function null from ../todomvc/examples/typescript-react/node_modules/react/dist/react-with-addons.js in 17639_PROFILING_INFO_
react-with-addons-instrumented.js:12775 _PROFILING_INFO_start function null from ../todomvc/examples/typescript-react/node_modules/react/dist/react-with-addons.js in 18097_PROFILING_INFO_
react-with-addons-instrumented.js:12861 _PROFILING_INFO_start function null from ../todomvc/examples/typescript-react/node_modules/react/dist/react-with-addons.js in 18207_PROFILING_INFO_
react-with-addons-instrumented.js:11766 _PROFILING_INFO_start function null from ../todomvc/examples/typescript-react/node_modules/react/dist/react-with-addons.js in 16803_PROFILING_INFO_
react-with-addons-instrumented.js:13247 _PROFILING_INFO_start function null from ../todomvc/examples/typescript-react/node_modules/react/dist/react-with-addons.js in 18895_PROFILING_INFO_
react-with-addons-instrumented.js:10285 _PROFILING_INFO_start function null from ../todomvc/examples/typescript-react/node_modules/react/dist/react-with-addons.js in 14967_PROFILING_INFO_
react-with-addons-instrumented.js:10359 _PROFILING_INFO_start function null from ../todomvc/examples/typescript-react/node_modules/react/dist/react-with-addons.js in 15047_PROFILING_INFO_
react-with-addons-instrumented.js:14525 _PROFILING_INFO_start function null from ../todomvc/examples/typescript-react/node_modules/react/dist/react-with-addons.js in 20691_PROFILING_INFO_
react-with-addons-instrumented.js:6545 _PROFILING_INFO_start function inject from ../todomvc/examples/typescript-react/node_modules/react/dist/react-with-addons.js in 9743_PROFILING_INFO_
react-with-addons-instrumented.js:3236 _PROFILING_INFO_start function null from ../todomvc/examples/typescript-react/node_modules/react/dist/react-with-addons.js in 4720_PROFILING_INFO_
react-with-addons-instrumented.js:7809 _PROFILING_INFO_start function null from ../todomvc/examples/typescript-react/node_modules/react/dist/react-with-addons.js in 11349_PROFILING_INFO_
react-with-addons-instrumented.js:2014 _PROFILING_INFO_start function null from ../todomvc/examples/typescript-react/node_modules/react/dist/react-with-addons.js in 3096_PROFILING_INFO_
react-with-addons-instrumented.js:1955 _PROFILING_INFO_start function recomputePluginOrdering from ../todomvc/examples/typescript-react/node_modules/react/dist/react-with-addons.js in 2955_PROFILING_INFO_
react-with-addons-instrumented.js:1822 _PROFILING_INFO_start function null from ../todomvc/examples/typescript-react/node_modules/react/dist/react-with-addons.js in 2757_PROFILING_INFO_
react-with-addons-instrumented.js:1811 _PROFILING_INFO_start function validateInstanceHandle from ../todomvc/examples/typescript-react/node_modules/react/dist/react-with-addons.js in 2707_PROFILING_INFO_
react-with-addons-instrumented.js:2105 _PROFILING_INFO_start function null from ../todomvc/examples/typescript-react/node_modules/react/dist/react-with-addons.js in 3229_PROFILING_INFO_
react-with-addons-instrumented.js:2023 _PROFILING_INFO_start function null from ../todomvc/examples/typescript-react/node_modules/react/dist/react-with-addons.js in 3117_PROFILING_INFO_
react-with-addons-instrumented.js:1978 _PROFILING_INFO_start function publishEventForPlugin from ../todomvc/examples/typescript-react/node_modules/react/dist/react-with-addons.js in 3007_PROFILING_INFO_
react-with-addons-instrumented.js:2000 _PROFILING_INFO_start function publishRegistrationName from ../todomvc/examples/typescript-react/node_modules/react/dist/react-with-addons.js in 3048_PROFILING_INFO_
react-with-addons-instrumented.js:9298 _PROFILING_INFO_start function null from ../todomvc/examples/typescript-react/node_modules/react/dist/react-with-addons.js in 13711_PROFILING_INFO_
react-with-addons-instrumented.js:9305 _PROFILING_INFO_start function null from ../todomvc/examples/typescript-react/node_modules/react/dist/react-with-addons.js in 13716_PROFILING_INFO_
react-with-addons-instrumented.js:9319 _PROFILING_INFO_start function null from ../todomvc/examples/typescript-react/node_modules/react/dist/react-with-addons.js in 13726_PROFILING_INFO_
react-with-addons-instrumented.js:4192 _PROFILING_INFO_start function null from ../todomvc/examples/typescript-react/node_modules/react/dist/react-with-addons.js in 6340_PROFILING_INFO_
react-with-addons-instrumented.js:13256 _PROFILING_INFO_start function createFullPageComponent from ../todomvc/examples/typescript-react/node_modules/react/dist/react-with-addons.js in 18927_PROFILING_INFO_
react-with-addons-instrumented.js:9312 _PROFILING_INFO_start function null from ../todomvc/examples/typescript-react/node_modules/react/dist/react-with-addons.js in 13721_PROFILING_INFO_
react-with-addons-instrumented.js:1208 _PROFILING_INFO_start function null from ../todomvc/examples/typescript-react/node_modules/react/dist/react-with-addons.js in 1697_PROFILING_INFO_
react-with-addons-instrumented.js:1193 _PROFILING_INFO_start function checkMask from ../todomvc/examples/typescript-react/node_modules/react/dist/react-with-addons.js in 1655_PROFILING_INFO_
react-with-addons-instrumented.js:7603 _PROFILING_INFO_start function null from ../todomvc/examples/typescript-react/node_modules/react/dist/react-with-addons.js in 11099_PROFILING_INFO_
react-with-addons-instrumented.js:11724 _PROFILING_INFO_start function null from ../todomvc/examples/typescript-react/node_modules/react/dist/react-with-addons.js in 16760_PROFILING_INFO_
react-with-addons-instrumented.js:11732 _PROFILING_INFO_start function null from ../todomvc/examples/typescript-react/node_modules/react/dist/react-with-addons.js in 16768_PROFILING_INFO_
react-with-addons-instrumented.js:10268 _PROFILING_INFO_start function null from ../todomvc/examples/typescript-react/node_modules/react/dist/react-with-addons.js in 14955_PROFILING_INFO_
react-with-addons-instrumented.js:4359 _PROFILING_INFO_start function null from ../todomvc/examples/typescript-react/node_modules/react/dist/react-with-addons.js in 6588_PROFILING_INFO_
react-with-addons-instrumented.js:5484 _PROFILING_INFO_start function null from ../todomvc/examples/typescript-react/node_modules/react/dist/react-with-addons.js in 8419_PROFILING_INFO_
react-with-addons-instrumented.js:10452 _PROFILING_INFO_start function null from ../todomvc/examples/typescript-react/node_modules/react/dist/react-with-addons.js in 15160_PROFILING_INFO_
react-with-addons-instrumented.js:4377 _PROFILING_INFO_start function null from ../todomvc/examples/typescript-react/node_modules/react/dist/react-with-addons.js in 6607_PROFILING_INFO_
react-with-addons-instrumented.js:3349 _PROFILING_INFO_start function null from ../todomvc/examples/typescript-react/node_modules/react/dist/react-with-addons.js in 4911_PROFILING_INFO_
react-with-addons-instrumented.js:11172 _PROFILING_INFO_start function null from ../todomvc/examples/typescript-react/node_modules/react/dist/react-with-addons.js in 15996_PROFILING_INFO_
react-with-addons-instrumented.js:10988 _PROFILING_INFO_start function null from ../todomvc/examples/typescript-react/node_modules/react/dist/react-with-addons.js in 15780_PROFILING_INFO_
react-with-addons-instrumented.js:13149 _PROFILING_INFO_start function null from ../todomvc/examples/typescript-react/node_modules/react/dist/react-with-addons.js in 18708_PROFILING_INFO_
react-with-addons-instrumented.js:9488 _PROFILING_INFO_start function null from ../todomvc/examples/typescript-react/node_modules/react/dist/react-with-addons.js in 14002_PROFILING_INFO_
react-with-addons-instrumented.js:14386 _PROFILING_INFO_start function null from ../todomvc/examples/typescript-react/node_modules/react/dist/react-with-addons.js in 20475_PROFILING_INFO_
react-with-addons-instrumented.js:9497 _PROFILING_INFO_start function createTransferStrategy from ../todomvc/examples/typescript-react/node_modules/react/dist/react-with-addons.js in 14027_PROFILING_INFO_
react-with-addons-instrumented.js:3834 _PROFILING_INFO_start function null from ../todomvc/examples/typescript-react/node_modules/react/dist/react-with-addons.js in 5766_PROFILING_INFO_
react-with-addons-instrumented.js:11189 _PROFILING_INFO_start function null from ../todomvc/examples/typescript-react/node_modules/react/dist/react-with-addons.js in 16025_PROFILING_INFO_
react-with-addons-instrumented.js:3408 _PROFILING_INFO_start function null from ../todomvc/examples/typescript-react/node_modules/react/dist/react-with-addons.js in 4981_PROFILING_INFO_
react-with-addons-instrumented.js:434 _PROFILING_INFO_start function null from ../todomvc/examples/typescript-react/node_modules/react/dist/react-with-addons.js in 580_PROFILING_INFO_
react-with-addons-instrumented.js:11068 _PROFILING_INFO_start function null from ../todomvc/examples/typescript-react/node_modules/react/dist/react-with-addons.js in 15885_PROFILING_INFO_
react-with-addons-instrumented.js:11092 _PROFILING_INFO_start function detectEvents from ../todomvc/examples/typescript-react/node_modules/react/dist/react-with-addons.js in 15926_PROFILING_INFO_
react-with-addons-instrumented.js:3367 _PROFILING_INFO_start function null from ../todomvc/examples/typescript-react/node_modules/react/dist/react-with-addons.js in 4947_PROFILING_INFO_
react-with-addons-instrumented.js:13349 _PROFILING_INFO_start function null from ../todomvc/examples/typescript-react/node_modules/react/dist/react-with-addons.js in 19043_PROFILING_INFO_
react-with-addons-instrumented.js:14961 _PROFILING_INFO_start function null from ../todomvc/examples/typescript-react/node_modules/react/dist/react-with-addons.js in 21411_PROFILING_INFO_
react-with-addons-instrumented.js:14999 _PROFILING_INFO_start function null from ../todomvc/examples/typescript-react/node_modules/react/dist/react-with-addons.js in 21460_PROFILING_INFO_
react-with-addons-instrumented.js:6636 _PROFILING_INFO_start function null from ../todomvc/examples/typescript-react/node_modules/react/dist/react-with-addons.js in 9833_PROFILING_INFO_
react-with-addons-instrumented.js:6903 _PROFILING_INFO_start function null from ../todomvc/examples/typescript-react/node_modules/react/dist/react-with-addons.js in 10099_PROFILING_INFO_
react-with-addons-instrumented.js:14565 _PROFILING_INFO_start function null from ../todomvc/examples/typescript-react/node_modules/react/dist/react-with-addons.js in 20757_PROFILING_INFO_
react-with-addons-instrumented.js:14549 _PROFILING_INFO_start function null from ../todomvc/examples/typescript-react/node_modules/react/dist/react-with-addons.js in 20729_PROFILING_INFO_
react-with-addons-instrumented.js:10520 _PROFILING_INFO_start function null from ../todomvc/examples/typescript-react/node_modules/react/dist/react-with-addons.js in 15266_PROFILING_INFO_
react-with-addons-instrumented.js:10913 _PROFILING_INFO_start function buildSimulators from ../todomvc/examples/typescript-react/node_modules/react/dist/react-with-addons.js in 15701_PROFILING_INFO_
react-with-addons-instrumented.js:10882 _PROFILING_INFO_start function makeSimulator from ../todomvc/examples/typescript-react/node_modules/react/dist/react-with-addons.js in 15673_PROFILING_INFO_
react-with-addons-instrumented.js:10943 _PROFILING_INFO_start function makeNativeSimulator from ../todomvc/examples/typescript-react/node_modules/react/dist/react-with-addons.js in 15744_PROFILING_INFO_
index-instrumented.js:5 _PROFILING_INFO_start function null from ../todomvc/examples/typescript-react/node_modules/classnames/index.js in 8_PROFILING_INFO_
director-instrumented.js:5 _PROFILING_INFO_start function null from ../todomvc/examples/typescript-react/node_modules/director/build/director.js in 8_PROFILING_INFO_
bundle-instrumented.js:5 _PROFILING_INFO_start function e from ../todomvc/examples/typescript-react/js/bundle.js in 1_PROFILING_INFO_
​ _PROFILING_INFO_start function s from ../todomvc/examples/typescript-react/js/bundle.js in 1_PROFILING_INFO_
​ _PROFILING_INFO_start function null from ../todomvc/examples/typescript-react/js/bundle.js in 66_PROFILING_INFO_
​ _PROFILING_INFO_start function null from ../todomvc/examples/typescript-react/js/bundle.js in 1_PROFILING_INFO_
​ _PROFILING_INFO_start function null from ../todomvc/examples/typescript-react/js/bundle.js in 291_PROFILING_INFO_
​ _PROFILING_INFO_start function null from ../todomvc/examples/typescript-react/js/bundle.js in 292_PROFILING_INFO_
​ _PROFILING_INFO_start function null from ../todomvc/examples/typescript-react/js/bundle.js in 9_PROFILING_INFO_
​ _PROFILING_INFO_start function null from ../todomvc/examples/typescript-react/js/bundle.js in 188_PROFILING_INFO_
​ _PROFILING_INFO_start function null from ../todomvc/examples/typescript-react/js/bundle.js in 176_PROFILING_INFO_
​ _PROFILING_INFO_start function null from ../todomvc/examples/typescript-react/js/bundle.js in 203_PROFILING_INFO_
​ _PROFILING_INFO_start function null from ../todomvc/examples/typescript-react/js/bundle.js in 194_PROFILING_INFO_
​ _PROFILING_INFO_start function __ from ../todomvc/examples/typescript-react/js/bundle.js in 196_PROFILING_INFO_
​ _PROFILING_INFO_start function null from ../todomvc/examples/typescript-react/js/bundle.js in 221_PROFILING_INFO_
​ _PROFILING_INFO_start function null from ../todomvc/examples/typescript-react/js/bundle.js in 235_PROFILING_INFO_
​ _PROFILING_INFO_start function null from ../todomvc/examples/typescript-react/js/bundle.js in 227_PROFILING_INFO_
​ _PROFILING_INFO_start function __ from ../todomvc/examples/typescript-react/js/bundle.js in 229_PROFILING_INFO_
​ _PROFILING_INFO_start function null from ../todomvc/examples/typescript-react/js/bundle.js in 83_PROFILING_INFO_
​ _PROFILING_INFO_start function null from ../todomvc/examples/typescript-react/js/bundle.js in 72_PROFILING_INFO_
​ _PROFILING_INFO_start function __ from ../todomvc/examples/typescript-react/js/bundle.js in 74_PROFILING_INFO_
​ _PROFILING_INFO_start function TodoModel from ../todomvc/examples/typescript-react/js/bundle.js in 10_PROFILING_INFO_
​ _PROFILING_INFO_start function null from ../todomvc/examples/typescript-react/js/bundle.js in 311_PROFILING_INFO_
​ _PROFILING_INFO_start function null from ../todomvc/examples/typescript-react/js/bundle.js in 15_PROFILING_INFO_
​ _PROFILING_INFO_start function render from ../todomvc/examples/typescript-react/js/bundle.js in 170_PROFILING_INFO_
​ _PROFILING_INFO_start function null from ../todomvc/examples/typescript-react/node_modules/react/dist/react-with-addons.js in 10997_PROFILING_INFO_
​ _PROFILING_INFO_start function null from ../todomvc/examples/typescript-react/node_modules/react/dist/react-with-addons.js in 21606_PROFILING_INFO_
​ _PROFILING_INFO_start function null from ../todomvc/examples/typescript-react/node_modules/react/dist/react-with-addons.js in 10454_PROFILING_INFO_
​ _PROFILING_INFO_start function null from ../todomvc/examples/typescript-react/node_modules/react/dist/react-with-addons.js in 10398_PROFILING_INFO_
​ _PROFILING_INFO_start function assign from ../todomvc/examples/typescript-react/node_modules/react/dist/react-with-addons.js in 4230_PROFILING_INFO_
​ _PROFILING_INFO_start function validatePropTypes from ../todomvc/examples/typescript-react/node_modules/react/dist/react-with-addons.js in 10963_PROFILING_INFO_
​ _PROFILING_INFO_start function getComponentClassForElement from ../todomvc/examples/typescript-react/node_modules/react/dist/react-with-addons.js in 13737_PROFILING_INFO_
​ _PROFILING_INFO_start function null from ../todomvc/examples/typescript-react/node_modules/react/dist/react-with-addons.js in 13963_PROFILING_INFO_
​ _PROFILING_INFO_start function null from ../todomvc/examples/typescript-react/node_modules/react/dist/react-with-addons.js in 12766_PROFILING_INFO_
​ _PROFILING_INFO_start function null from ../todomvc/examples/typescript-react/node_modules/react/dist/react-with-addons.js in 10595_PROFILING_INFO_
​ _PROFILING_INFO_start function null from ../todomvc/examples/typescript-react/node_modules/react/dist/react-with-addons.js in 10343_PROFILING_INFO_
​ _PROFILING_INFO_start function null from ../todomvc/examples/typescript-react/node_modules/react/dist/react-with-addons.js in 20285_PROFILING_INFO_
​ _PROFILING_INFO_start function getReactRootID from ../todomvc/examples/typescript-react/node_modules/react/dist/react-with-addons.js in 12412_PROFILING_INFO_
​ _PROFILING_INFO_start function getReactRootElementInContainer from ../todomvc/examples/typescript-react/node_modules/react/dist/react-with-addons.js in 19959_PROFILING_INFO_
​ _PROFILING_INFO_start function null from ../todomvc/examples/typescript-react/node_modules/react/dist/react-with-addons.js in 12711_PROFILING_INFO_
​ _PROFILING_INFO_start function instantiateReactComponent from ../todomvc/examples/typescript-react/node_modules/react/dist/react-with-addons.js in 20181_PROFILING_INFO_
​ _PROFILING_INFO_start function isInternalComponentType from ../todomvc/examples/typescript-react/node_modules/react/dist/react-with-addons.js in 20164_PROFILING_INFO_
​ _PROFILING_INFO_start function null from ../todomvc/examples/typescript-react/node_modules/react/dist/react-with-addons.js in 20148_PROFILING_INFO_
​ _PROFILING_INFO_start function null from ../todomvc/examples/typescript-react/node_modules/react/dist/react-with-addons.js in 6748_PROFILING_INFO_
​ _PROFILING_INFO_start function null from ../todomvc/examples/typescript-react/node_modules/react/dist/react-with-addons.js in 12687_PROFILING_INFO_
​ _PROFILING_INFO_start function null from ../todomvc/examples/typescript-react/node_modules/react/dist/react-with-addons.js in 4887_PROFILING_INFO_
​ _PROFILING_INFO_start function null from ../todomvc/examples/typescript-react/node_modules/react/dist/react-with-addons.js in 11406_PROFILING_INFO_
​ _PROFILING_INFO_start function null from ../todomvc/examples/typescript-react/node_modules/react/dist/react-with-addons.js in 2594_PROFILING_INFO_
​ _PROFILING_INFO_start function null from ../todomvc/examples/typescript-react/node_modules/react/dist/react-with-addons.js in 12878_PROFILING_INFO_
​ _PROFILING_INFO_start function null from ../todomvc/examples/typescript-react/node_modules/react/dist/react-with-addons.js in 12017_PROFILING_INFO_
​ _PROFILING_INFO_start function null from ../todomvc/examples/typescript-react/node_modules/react/dist/react-with-addons.js in 1493_PROFILING_INFO_
​ _PROFILING_INFO_start function getReactRootIDString from ../todomvc/examples/typescript-react/node_modules/react/dist/react-with-addons.js in 11826_PROFILING_INFO_
​ _PROFILING_INFO_start function batchedUpdates from ../todomvc/examples/typescript-react/node_modules/react/dist/react-with-addons.js in 16631_PROFILING_INFO_
​ _PROFILING_INFO_start function ensureInjected from ../todomvc/examples/typescript-react/node_modules/react/dist/react-with-addons.js in 16554_PROFILING_INFO_
​ _PROFILING_INFO_start function null from ../todomvc/examples/typescript-react/node_modules/react/dist/react-with-addons.js in 9660_PROFILING_INFO_
​ _PROFILING_INFO_start function null from ../todomvc/examples/typescript-react/node_modules/react/dist/react-with-addons.js in 18386_PROFILING_INFO_
​ _PROFILING_INFO_start function null from ../todomvc/examples/typescript-react/node_modules/react/dist/react-with-addons.js in 18371_PROFILING_INFO_
​ _PROFILING_INFO_start function null from ../todomvc/examples/typescript-react/node_modules/react/dist/react-with-addons.js in 18425_PROFILING_INFO_
​ _PROFILING_INFO_start function emptyFunction from ../todomvc/examples/typescript-react/node_modules/react/dist/react-with-addons.js in 19178_PROFILING_INFO_
​ _PROFILING_INFO_start function batchedMountComponentIntoNode from ../todomvc/examples/typescript-react/node_modules/react/dist/react-with-addons.js in 12596_PROFILING_INFO_
​ _PROFILING_INFO_start function null from ../todomvc/examples/typescript-react/node_modules/react/dist/react-with-addons.js in 4286_PROFILING_INFO_
​ _PROFILING_INFO_start function ReactReconcileTransaction from ../todomvc/examples/typescript-react/node_modules/react/dist/react-with-addons.js in 14688_PROFILING_INFO_
​ _PROFILING_INFO_start function null from ../todomvc/examples/typescript-react/node_modules/react/dist/react-with-addons.js in 18353_PROFILING_INFO_
​ _PROFILING_INFO_start function null from ../todomvc/examples/typescript-react/node_modules/react/dist/react-with-addons.js in 14708_PROFILING_INFO_
​ _PROFILING_INFO_start function CallbackQueue from ../todomvc/examples/typescript-react/node_modules/react/dist/react-with-addons.js in 1025_PROFILING_INFO_
​ _PROFILING_INFO_start function ReactPutListenerQueue from ../todomvc/examples/typescript-react/node_modules/react/dist/react-with-addons.js in 14530_PROFILING_INFO_
​ _PROFILING_INFO_start function null from ../todomvc/examples/typescript-react/node_modules/react/dist/react-with-addons.js in 14653_PROFILING_INFO_
​ _PROFILING_INFO_start function null from ../todomvc/examples/typescript-react/node_modules/react/dist/react-with-addons.js in 14554_PROFILING_INFO_
​ _PROFILING_INFO_start function null from ../todomvc/examples/typescript-react/node_modules/react/dist/react-with-addons.js in 11696_PROFILING_INFO_
​ _PROFILING_INFO_start function getActiveElement from ../todomvc/examples/typescript-react/node_modules/react/dist/react-with-addons.js in 19457_PROFILING_INFO_
​ _PROFILING_INFO_start function null from ../todomvc/examples/typescript-react/node_modules/react/dist/react-with-addons.js in 11689_PROFILING_INFO_
​ _PROFILING_INFO_start function null from ../todomvc/examples/typescript-react/node_modules/react/dist/react-with-addons.js in 14616_PROFILING_INFO_
​ _PROFILING_INFO_start function null from ../todomvc/examples/typescript-react/node_modules/react/dist/react-with-addons.js in 4742_PROFILING_INFO_
​ _PROFILING_INFO_start function null from ../todomvc/examples/typescript-react/node_modules/react/dist/react-with-addons.js in 11357_PROFILING_INFO_
​ _PROFILING_INFO_start function null from ../todomvc/examples/typescript-react/node_modules/react/dist/react-with-addons.js in 4733_PROFILING_INFO_
​ _PROFILING_INFO_start function null from ../todomvc/examples/typescript-react/node_modules/react/dist/react-with-addons.js in 11353_PROFILING_INFO_
​ _PROFILING_INFO_start function null from ../todomvc/examples/typescript-react/node_modules/react/dist/react-with-addons.js in 14640_PROFILING_INFO_
​ _PROFILING_INFO_start function null from ../todomvc/examples/typescript-react/node_modules/react/dist/react-with-addons.js in 1075_PROFILING_INFO_
​ _PROFILING_INFO_start function mountComponentIntoNode from ../todomvc/examples/typescript-react/node_modules/react/dist/react-with-addons.js in 12575_PROFILING_INFO_
​ _PROFILING_INFO_start function null from ../todomvc/examples/typescript-react/node_modules/react/dist/react-with-addons.js in 14780_PROFILING_INFO_
​ _PROFILING_INFO_start function null from ../todomvc/examples/typescript-react/node_modules/react/dist/react-with-addons.js in 6778_PROFILING_INFO_
​ _PROFILING_INFO_start function null from ../todomvc/examples/typescript-react/node_modules/react/dist/react-with-addons.js in 7083_PROFILING_INFO_
​ _PROFILING_INFO_start function null from ../todomvc/examples/typescript-react/node_modules/react/dist/react-with-addons.js in 7015_PROFILING_INFO_
​ _PROFILING_INFO_start function null from ../todomvc/examples/typescript-react/node_modules/react/dist/react-with-addons.js in 6989_PROFILING_INFO_
​ _PROFILING_INFO_start function TodoApp from ../todomvc/examples/typescript-react/js/bundle.js in 85_PROFILING_INFO_
​ _PROFILING_INFO_start function ReactComponent from ../todomvc/examples/typescript-react/node_modules/react/dist/react-with-addons.js in 6371_PROFILING_INFO_
​ _PROFILING_INFO_start function null from ../todomvc/examples/typescript-react/node_modules/react/dist/react-with-addons.js in 12167_PROFILING_INFO_
​ _PROFILING_INFO_start function null from ../todomvc/examples/typescript-react/node_modules/react/dist/react-with-addons.js in 7209_PROFILING_INFO_
​ _PROFILING_INFO_start function null from ../todomvc/examples/typescript-react/node_modules/react/dist/react-with-addons.js in 7522_PROFILING_INFO_
​ _PROFILING_INFO_start function null from ../todomvc/examples/typescript-react/node_modules/react/dist/react-with-addons.js in 7037_PROFILING_INFO_
​ _PROFILING_INFO_start function null from ../todomvc/examples/typescript-react/node_modules/react/dist/react-with-addons.js in 7462_PROFILING_INFO_
​ _PROFILING_INFO_start function null from ../todomvc/examples/typescript-react/node_modules/react/dist/react-with-addons.js in 7067_PROFILING_INFO_
​ _PROFILING_INFO_start function null from ../todomvc/examples/typescript-react/node_modules/react/dist/react-with-addons.js in 7443_PROFILING_INFO_
​ _PROFILING_INFO_start function null from ../todomvc/examples/typescript-react/js/bundle.js in 136_PROFILING_INFO_
​ _PROFILING_INFO_start function validateChildKeys from ../todomvc/examples/typescript-react/node_modules/react/dist/react-with-addons.js in 10795_PROFILING_INFO_
​ _PROFILING_INFO_start function getIteratorFn from ../todomvc/examples/typescript-react/node_modules/react/dist/react-with-addons.js in 19735_PROFILING_INFO_
​ _PROFILING_INFO_start function autoGenerateWrapperClass from ../todomvc/examples/typescript-react/node_modules/react/dist/react-with-addons.js in 9727_PROFILING_INFO_
​ _PROFILING_INFO_start function null from ../todomvc/examples/typescript-react/node_modules/react/dist/react-with-addons.js in 6233_PROFILING_INFO_
​ _PROFILING_INFO_start function null from ../todomvc/examples/typescript-react/node_modules/react/dist/react-with-addons.js in 6212_PROFILING_INFO_
​ _PROFILING_INFO_start function mixSpecIntoComponent from ../todomvc/examples/typescript-react/node_modules/react/dist/react-with-addons.js in 5846_PROFILING_INFO_
​ _PROFILING_INFO_start function validateMethodOverride from ../todomvc/examples/typescript-react/node_modules/react/dist/react-with-addons.js in 5812_PROFILING_INFO_
​ _PROFILING_INFO_start function checkPropTypes from ../todomvc/examples/typescript-react/node_modules/react/dist/react-with-addons.js in 10839_PROFILING_INFO_
​ _PROFILING_INFO_start function null from ../todomvc/examples/typescript-react/node_modules/react/dist/react-with-addons.js in 4025_PROFILING_INFO_
​ _PROFILING_INFO_start function null from ../todomvc/examples/typescript-react/node_modules/react/dist/react-with-addons.js in 4040_PROFILING_INFO_
​ _PROFILING_INFO_start function checkType from ../todomvc/examples/typescript-react/node_modules/react/dist/react-with-addons.js in 14254_PROFILING_INFO_
​ _PROFILING_INFO_start function null from ../todomvc/examples/typescript-react/node_modules/react/dist/react-with-addons.js in 6234_PROFILING_INFO_
​ _PROFILING_INFO_start function bindAutoBindMethods from ../todomvc/examples/typescript-react/node_modules/react/dist/react-with-addons.js in 6101_PROFILING_INFO_
​ _PROFILING_INFO_start function null from ../todomvc/examples/typescript-react/node_modules/react/dist/react-with-addons.js in 11192_PROFILING_INFO_
​ _PROFILING_INFO_start function bindAutoBindMethod from ../todomvc/examples/typescript-react/node_modules/react/dist/react-with-addons.js in 6055_PROFILING_INFO_
​ _PROFILING_INFO_start function null from ../todomvc/examples/typescript-react/node_modules/react/dist/react-with-addons.js in 9730_PROFILING_INFO_
​ _PROFILING_INFO_start function createInternalComponent from ../todomvc/examples/typescript-react/node_modules/react/dist/react-with-addons.js in 13755_PROFILING_INFO_
​ _PROFILING_INFO_start function ReactDOMComponent from ../todomvc/examples/typescript-react/node_modules/react/dist/react-with-addons.js in 8086_PROFILING_INFO_
​ _PROFILING_INFO_start function validateDangerousTag from ../todomvc/examples/typescript-react/node_modules/react/dist/react-with-addons.js in 8065_PROFILING_INFO_
​ _PROFILING_INFO_start function null from ../todomvc/examples/typescript-react/node_modules/react/dist/react-with-addons.js in 8098_PROFILING_INFO_
​ _PROFILING_INFO_start function null from ../todomvc/examples/typescript-react/node_modules/react/dist/react-with-addons.js in 8111_PROFILING_INFO_
​ _PROFILING_INFO_start function assertValidProps from ../todomvc/examples/typescript-react/node_modules/react/dist/react-with-addons.js in 7971_PROFILING_INFO_
​ _PROFILING_INFO_start function null from ../todomvc/examples/typescript-react/node_modules/react/dist/react-with-addons.js in 8134_PROFILING_INFO_
​ _PROFILING_INFO_start function null from ../todomvc/examples/typescript-react/node_modules/react/dist/react-with-addons.js in 2023_PROFILING_INFO_
​ _PROFILING_INFO_start function null from ../todomvc/examples/typescript-react/node_modules/react/dist/react-with-addons.js in 1897_PROFILING_INFO_
​ _PROFILING_INFO_start function null from ../todomvc/examples/typescript-react/node_modules/react/dist/react-with-addons.js in 1970_PROFILING_INFO_
​ _PROFILING_INFO_start function null from ../todomvc/examples/typescript-react/node_modules/react/dist/react-with-addons.js in 2011_PROFILING_INFO_
​ _PROFILING_INFO_start function quoteAttributeValueForBrowser from ../todomvc/examples/typescript-react/node_modules/react/dist/react-with-addons.js in 20807_PROFILING_INFO_
​ _PROFILING_INFO_start function escapeTextContentForBrowser from ../todomvc/examples/typescript-react/node_modules/react/dist/react-with-addons.js in 19245_PROFILING_INFO_
​ _PROFILING_INFO_start function null from ../todomvc/examples/typescript-react/node_modules/react/dist/react-with-addons.js in 8181_PROFILING_INFO_
​ _PROFILING_INFO_start function null from ../todomvc/examples/typescript-react/node_modules/react/dist/react-with-addons.js in 13402_PROFILING_INFO_
​ _PROFILING_INFO_start function null from ../todomvc/examples/typescript-react/node_modules/react/dist/react-with-addons.js in 5163_PROFILING_INFO_
​ _PROFILING_INFO_start function flattenChildren from ../todomvc/examples/typescript-react/node_modules/react/dist/react-with-addons.js in 19367_PROFILING_INFO_
​ _PROFILING_INFO_start function traverseAllChildren from ../todomvc/examples/typescript-react/node_modules/react/dist/react-with-addons.js in 21401_PROFILING_INFO_
​ _PROFILING_INFO_start function traverseAllChildrenImpl from ../todomvc/examples/typescript-react/node_modules/react/dist/react-with-addons.js in 21253_PROFILING_INFO_
​ _PROFILING_INFO_start function getComponentKey from ../todomvc/examples/typescript-react/node_modules/react/dist/react-with-addons.js in 21211_PROFILING_INFO_
​ _PROFILING_INFO_start function flattenSingleChildIntoContext from ../todomvc/examples/typescript-react/node_modules/react/dist/react-with-addons.js in 19344_PROFILING_INFO_
​ _PROFILING_INFO_start function shouldIgnoreValue from ../todomvc/examples/typescript-react/node_modules/react/dist/react-with-addons.js in 1953_PROFILING_INFO_
​ _PROFILING_INFO_start function checkAndWarnForMutatedProps from ../todomvc/examples/typescript-react/node_modules/react/dist/react-with-addons.js in 10934_PROFILING_INFO_
​ _PROFILING_INFO_start function is from ../todomvc/examples/typescript-react/node_modules/react/dist/react-with-addons.js in 10914_PROFILING_INFO_
​ _PROFILING_INFO_start function null from ../todomvc/examples/typescript-react/node_modules/react/dist/react-with-addons.js in 14715_PROFILING_INFO_
​ _PROFILING_INFO_start function null from ../todomvc/examples/typescript-react/node_modules/react/dist/react-with-addons.js in 1039_PROFILING_INFO_
​ _PROFILING_INFO_start function null from ../todomvc/examples/typescript-react/node_modules/react/dist/react-with-addons.js in 7107_PROFILING_INFO_
​ _PROFILING_INFO_start function null from ../todomvc/examples/typescript-react/node_modules/react/dist/react-with-addons.js in 8791_PROFILING_INFO_
​ _PROFILING_INFO_start function null from ../todomvc/examples/typescript-react/node_modules/react/dist/react-with-addons.js in 8799_PROFILING_INFO_
​ _PROFILING_INFO_start function null from ../todomvc/examples/typescript-react/node_modules/react/dist/react-with-addons.js in 4062_PROFILING_INFO_
​ _PROFILING_INFO_start function null from ../todomvc/examples/typescript-react/node_modules/react/dist/react-with-addons.js in 4075_PROFILING_INFO_
​ _PROFILING_INFO_start function putListener from ../todomvc/examples/typescript-react/node_modules/react/dist/react-with-addons.js in 8012_PROFILING_INFO_
​ _PROFILING_INFO_start function null from ../todomvc/examples/typescript-react/node_modules/react/dist/react-with-addons.js in 12964_PROFILING_INFO_
​ _PROFILING_INFO_start function null from ../todomvc/examples/typescript-react/node_modules/react/dist/react-with-addons.js in 12041_PROFILING_INFO_
​ _PROFILING_INFO_start function null from ../todomvc/examples/typescript-react/node_modules/react/dist/react-with-addons.js in 4769_PROFILING_INFO_
​ _PROFILING_INFO_start function getListeningForDocument from ../todomvc/examples/typescript-react/node_modules/react/dist/react-with-addons.js in 4689_PROFILING_INFO_
​ _PROFILING_INFO_start function null from ../todomvc/examples/typescript-react/node_modules/react/dist/react-with-addons.js in 11372_PROFILING_INFO_
​ _PROFILING_INFO_start function null from ../todomvc/examples/typescript-react/node_modules/react/dist/react-with-addons.js in 14719_PROFILING_INFO_
​ _PROFILING_INFO_start function null from ../todomvc/examples/typescript-react/node_modules/react/dist/react-with-addons.js in 14535_PROFILING_INFO_
​ _PROFILING_INFO_start function isEventSupported from ../todomvc/examples/typescript-react/node_modules/react/dist/react-with-addons.js in 20355_PROFILING_INFO_
​ _PROFILING_INFO_start function null from ../todomvc/examples/typescript-react/node_modules/react/dist/react-with-addons.js in 11394_PROFILING_INFO_
​ _PROFILING_INFO_start function null from ../todomvc/examples/typescript-react/node_modules/react/dist/react-with-addons.js in 2620_PROFILING_INFO_
​ _PROFILING_INFO_start function null from ../todomvc/examples/typescript-react/node_modules/react/dist/react-with-addons.js in 13126_PROFILING_INFO_
​ _PROFILING_INFO_start function null from ../todomvc/examples/typescript-react/node_modules/react/dist/react-with-addons.js in 20842_PROFILING_INFO_
​ _PROFILING_INFO_start function null from ../todomvc/examples/typescript-react/node_modules/react/dist/react-with-addons.js in 18458_PROFILING_INFO_
​ _PROFILING_INFO_start function null from ../todomvc/examples/typescript-react/node_modules/react/dist/react-with-addons.js in 14657_PROFILING_INFO_
​ _PROFILING_INFO_start function null from ../todomvc/examples/typescript-react/node_modules/react/dist/react-with-addons.js in 14543_PROFILING_INFO_
​ _PROFILING_INFO_start function null from ../todomvc/examples/typescript-react/node_modules/react/dist/react-with-addons.js in 2795_PROFILING_INFO_
​ _PROFILING_INFO_start function null from ../todomvc/examples/typescript-react/node_modules/react/dist/react-with-addons.js in 11712_PROFILING_INFO_
​ _PROFILING_INFO_start function null from ../todomvc/examples/typescript-react/node_modules/react/dist/react-with-addons.js in 14627_PROFILING_INFO_
​ _PROFILING_INFO_start function null from ../todomvc/examples/typescript-react/node_modules/react/dist/react-with-addons.js in 14647_PROFILING_INFO_
​ _PROFILING_INFO_start function null from ../todomvc/examples/typescript-react/node_modules/react/dist/react-with-addons.js in 1052_PROFILING_INFO_
​ _PROFILING_INFO_start function attachRefs from ../todomvc/examples/typescript-react/node_modules/react/dist/react-with-addons.js in 14764_PROFILING_INFO_
​ _PROFILING_INFO_start function null from ../todomvc/examples/typescript-react/node_modules/react/dist/react-with-addons.js in 14901_PROFILING_INFO_
​ _PROFILING_INFO_start function chainedFunction from ../todomvc/examples/typescript-react/node_modules/react/dist/react-with-addons.js in 6042_PROFILING_INFO_
​ _PROFILING_INFO_start function null from ../todomvc/examples/typescript-react/node_modules/react/dist/react-with-addons.js in 76_PROFILING_INFO_
​ _PROFILING_INFO_start function null from ../todomvc/examples/typescript-react/node_modules/react/dist/react-with-addons.js in 4551_PROFILING_INFO_
​ _PROFILING_INFO_start function findDOMNode from ../todomvc/examples/typescript-react/node_modules/react/dist/react-with-addons.js in 19280_PROFILING_INFO_
​ _PROFILING_INFO_start function isNode from ../todomvc/examples/typescript-react/node_modules/react/dist/react-with-addons.js in 20397_PROFILING_INFO_
​ _PROFILING_INFO_start function null from ../todomvc/examples/typescript-react/node_modules/react/dist/react-with-addons.js in 12163_PROFILING_INFO_
​ _PROFILING_INFO_start function getNodeFromInstance from ../todomvc/examples/typescript-react/node_modules/react/dist/react-with-addons.js in 12492_PROFILING_INFO_
​ _PROFILING_INFO_start function null from ../todomvc/examples/typescript-react/node_modules/react/dist/react-with-addons.js in 12159_PROFILING_INFO_
​ _PROFILING_INFO_start function isNullComponentID from ../todomvc/examples/typescript-react/node_modules/react/dist/react-with-addons.js in 11155_PROFILING_INFO_
​ _PROFILING_INFO_start function null from ../todomvc/examples/typescript-react/node_modules/react/dist/react-with-addons.js in 13007_PROFILING_INFO_
​ _PROFILING_INFO_start function null from ../todomvc/examples/typescript-react/node_modules/react/dist/react-with-addons.js in 13057_PROFILING_INFO_
​ _PROFILING_INFO_start function findDeepestCachedAncestor from ../todomvc/examples/typescript-react/node_modules/react/dist/react-with-addons.js in 12554_PROFILING_INFO_
​ _PROFILING_INFO_start function null from ../todomvc/examples/typescript-react/node_modules/react/dist/react-with-addons.js in 12102_PROFILING_INFO_
​ _PROFILING_INFO_start function traverseParentPath from ../todomvc/examples/typescript-react/node_modules/react/dist/react-with-addons.js in 11967_PROFILING_INFO_
​ _PROFILING_INFO_start function isAncestorIDOf from ../todomvc/examples/typescript-react/node_modules/react/dist/react-with-addons.js in 11863_PROFILING_INFO_
​ _PROFILING_INFO_start function isBoundary from ../todomvc/examples/typescript-react/node_modules/react/dist/react-with-addons.js in 11838_PROFILING_INFO_
​ _PROFILING_INFO_start function getNextDescendantID from ../todomvc/examples/typescript-react/node_modules/react/dist/react-with-addons.js in 11890_PROFILING_INFO_
​ _PROFILING_INFO_start function isValidID from ../todomvc/examples/typescript-react/node_modules/react/dist/react-with-addons.js in 11849_PROFILING_INFO_
​ _PROFILING_INFO_start function findDeepestCachedAncestorImpl from ../todomvc/examples/typescript-react/node_modules/react/dist/react-with-addons.js in 12540_PROFILING_INFO_
​ _PROFILING_INFO_start function getID from ../todomvc/examples/typescript-react/node_modules/react/dist/react-with-addons.js in 12427_PROFILING_INFO_
​ _PROFILING_INFO_start function internalGetID from ../todomvc/examples/typescript-react/node_modules/react/dist/react-with-addons.js in 12449_PROFILING_INFO_
​ _PROFILING_INFO_start function focusNode from ../todomvc/examples/typescript-react/node_modules/react/dist/react-with-addons.js in 19395_PROFILING_INFO_
​ _PROFILING_INFO_start function null from ../todomvc/examples/typescript-react/node_modules/react/dist/react-with-addons.js in 11411_PROFILING_INFO_
​ _PROFILING_INFO_start function null from ../todomvc/examples/typescript-react/node_modules/react/dist/react-with-addons.js in 4297_PROFILING_INFO_
​ _PROFILING_INFO_start function TopLevelCallbackBookKeeping from ../todomvc/examples/typescript-react/node_modules/react/dist/react-with-addons.js in 11294_PROFILING_INFO_
​ _PROFILING_INFO_start function handleTopLevelImpl from ../todomvc/examples/typescript-react/node_modules/react/dist/react-with-addons.js in 11311_PROFILING_INFO_
​ _PROFILING_INFO_start function getEventTarget from ../todomvc/examples/typescript-react/node_modules/react/dist/react-with-addons.js in 19693_PROFILING_INFO_
​ _PROFILING_INFO_start function null from ../todomvc/examples/typescript-react/node_modules/react/dist/react-with-addons.js in 13036_PROFILING_INFO_
​ _PROFILING_INFO_start function null from ../todomvc/examples/typescript-react/node_modules/react/dist/react-with-addons.js in 13019_PROFILING_INFO_
​ _PROFILING_INFO_start function findParent from ../todomvc/examples/typescript-react/node_modules/react/dist/react-with-addons.js in 11282_PROFILING_INFO_
​ _PROFILING_INFO_start function null from ../todomvc/examples/typescript-react/node_modules/react/dist/react-with-addons.js in 11231_PROFILING_INFO_
​ _PROFILING_INFO_start function null from ../todomvc/examples/typescript-react/node_modules/react/dist/react-with-addons.js in 2852_PROFILING_INFO_
​ _PROFILING_INFO_start function null from ../todomvc/examples/typescript-react/node_modules/react/dist/react-with-addons.js in 17451_PROFILING_INFO_
​ _PROFILING_INFO_start function null from ../todomvc/examples/typescript-react/node_modules/react/dist/react-with-addons.js in 4308_PROFILING_INFO_
​ _PROFILING_INFO_start function SyntheticFocusEvent from ../todomvc/examples/typescript-react/node_modules/react/dist/react-with-addons.js in 17875_PROFILING_INFO_
​ _PROFILING_INFO_start function SyntheticUIEvent from ../todomvc/examples/typescript-react/node_modules/react/dist/react-with-addons.js in 18199_PROFILING_INFO_
​ _PROFILING_INFO_start function SyntheticEvent from ../todomvc/examples/typescript-react/node_modules/react/dist/react-with-addons.js in 17735_PROFILING_INFO_
​ _PROFILING_INFO_start function null from ../todomvc/examples/typescript-react/node_modules/react/dist/react-with-addons.js in 19168_PROFILING_INFO_
​ _PROFILING_INFO_start function null from ../todomvc/examples/typescript-react/node_modules/react/dist/react-with-addons.js in 17711_PROFILING_INFO_
​ _PROFILING_INFO_start function null from ../todomvc/examples/typescript-react/node_modules/react/dist/react-with-addons.js in 18169_PROFILING_INFO_
​ _PROFILING_INFO_start function null from ../todomvc/examples/typescript-react/node_modules/react/dist/react-with-addons.js in 18188_PROFILING_INFO_
​ _PROFILING_INFO_start function accumulateTwoPhaseDispatches from ../todomvc/examples/typescript-react/node_modules/react/dist/react-with-addons.js in 3520_PROFILING_INFO_
​ _PROFILING_INFO_start function null from ../todomvc/examples/typescript-react/node_modules/react/dist/react-with-addons.js in 19428_PROFILING_INFO_
​ _PROFILING_INFO_start function accumulateTwoPhaseDispatchesSingle from ../todomvc/examples/typescript-react/node_modules/react/dist/react-with-addons.js in 3481_PROFILING_INFO_
​ _PROFILING_INFO_start function null from ../todomvc/examples/typescript-react/node_modules/react/dist/react-with-addons.js in 2764_PROFILING_INFO_
​ _PROFILING_INFO_start function validateInstanceHandle from ../todomvc/examples/typescript-react/node_modules/react/dist/react-with-addons.js in 2707_PROFILING_INFO_
​ _PROFILING_INFO_start function null from ../todomvc/examples/typescript-react/node_modules/react/dist/react-with-addons.js in 12083_PROFILING_INFO_
​ _PROFILING_INFO_start function accumulateDirectionalDispatches from ../todomvc/examples/typescript-react/node_modules/react/dist/react-with-addons.js in 3459_PROFILING_INFO_
​ _PROFILING_INFO_start function listenerAtPhase from ../todomvc/examples/typescript-react/node_modules/react/dist/react-with-addons.js in 3447_PROFILING_INFO_
​ _PROFILING_INFO_start function null from ../todomvc/examples/typescript-react/node_modules/react/dist/react-with-addons.js in 2812_PROFILING_INFO_
​ _PROFILING_INFO_start function getParentID from ../todomvc/examples/typescript-react/node_modules/react/dist/react-with-addons.js in 11877_PROFILING_INFO_
​ _PROFILING_INFO_start function accumulateInto from ../todomvc/examples/typescript-react/node_modules/react/dist/react-with-addons.js in 18566_PROFILING_INFO_
​ _PROFILING_INFO_start function null from ../todomvc/examples/typescript-react/node_modules/react/dist/react-with-addons.js in 2409_PROFILING_INFO_
​ _PROFILING_INFO_start function null from ../todomvc/examples/typescript-react/node_modules/react/dist/react-with-addons.js in 1421_PROFILING_INFO_
​ _PROFILING_INFO_start function shouldUseChangeEvent from ../todomvc/examples/typescript-react/node_modules/react/dist/react-with-addons.js in 1150_PROFILING_INFO_
​ _PROFILING_INFO_start function isTextInputElement from ../todomvc/examples/typescript-react/node_modules/react/dist/react-with-addons.js in 20442_PROFILING_INFO_
​ _PROFILING_INFO_start function getTargetIDForInputEvent from ../todomvc/examples/typescript-react/node_modules/react/dist/react-with-addons.js in 1314_PROFILING_INFO_
​ _PROFILING_INFO_start function null from ../todomvc/examples/typescript-react/node_modules/react/dist/react-with-addons.js in 17044_PROFILING_INFO_
​ _PROFILING_INFO_start function null from ../todomvc/examples/typescript-react/node_modules/react/dist/react-with-addons.js in 555_PROFILING_INFO_
​ _PROFILING_INFO_start function extractCompositionEvent from ../todomvc/examples/typescript-react/node_modules/react/dist/react-with-addons.js in 320_PROFILING_INFO_
​ _PROFILING_INFO_start function getCompositionEventType from ../todomvc/examples/typescript-react/node_modules/react/dist/react-with-addons.js in 241_PROFILING_INFO_
​ _PROFILING_INFO_start function extractBeforeInputEvent from ../todomvc/examples/typescript-react/node_modules/react/dist/react-with-addons.js in 494_PROFILING_INFO_
​ _PROFILING_INFO_start function getNativeBeforeInputChars from ../todomvc/examples/typescript-react/node_modules/react/dist/react-with-addons.js in 381_PROFILING_INFO_
​ _PROFILING_INFO_start function null from ../todomvc/examples/typescript-react/node_modules/react/dist/react-with-addons.js in 4197_PROFILING_INFO_
​ _PROFILING_INFO_start function runEventQueueInBatch from ../todomvc/examples/typescript-react/node_modules/react/dist/react-with-addons.js in 11215_PROFILING_INFO_
​ _PROFILING_INFO_start function null from ../todomvc/examples/typescript-react/node_modules/react/dist/react-with-addons.js in 2884_PROFILING_INFO_
​ _PROFILING_INFO_start function null from ../todomvc/examples/typescript-react/node_modules/react/dist/react-with-addons.js in 2895_PROFILING_INFO_
​ _PROFILING_INFO_start function null from ../todomvc/examples/typescript-react/node_modules/react/dist/react-with-addons.js in 2685_PROFILING_INFO_
​ _PROFILING_INFO_start function null from ../todomvc/examples/typescript-react/node_modules/react/dist/react-with-addons.js in 3148_PROFILING_INFO_
​ _PROFILING_INFO_start function executeDispatchesInOrder from ../todomvc/examples/typescript-react/node_modules/react/dist/react-with-addons.js in 3319_PROFILING_INFO_
​ _PROFILING_INFO_start function forEachEventDispatch from ../todomvc/examples/typescript-react/node_modules/react/dist/react-with-addons.js in 3284_PROFILING_INFO_
​ _PROFILING_INFO_start function null from ../todomvc/examples/typescript-react/node_modules/react/dist/react-with-addons.js in 3261_PROFILING_INFO_
​ _PROFILING_INFO_start function null from ../todomvc/examples/typescript-react/node_modules/react/dist/react-with-addons.js in 4330_PROFILING_INFO_
​ _PROFILING_INFO_start function null from ../todomvc/examples/typescript-react/node_modules/react/dist/react-with-addons.js in 17806_PROFILING_INFO_
​ _PROFILING_INFO_start function null from ../todomvc/examples/typescript-react/node_modules/react/dist/react-with-addons.js in 11300_PROFILING_INFO_
​ _PROFILING_INFO_start function null from ../todomvc/examples/typescript-react/node_modules/react/dist/react-with-addons.js in 8817_PROFILING_INFO_
​ _PROFILING_INFO_start function isValid from ../todomvc/examples/typescript-react/node_modules/react/dist/react-with-addons.js in 12513_PROFILING_INFO_
​ _PROFILING_INFO_start function containsNode from ../todomvc/examples/typescript-react/node_modules/react/dist/react-with-addons.js in 18789_PROFILING_INFO_
​ _PROFILING_INFO_start function isTextNode from ../todomvc/examples/typescript-react/node_modules/react/dist/react-with-addons.js in 20469_PROFILING_INFO_
​ _PROFILING_INFO_start function attachRef from ../todomvc/examples/typescript-react/node_modules/react/dist/react-with-addons.js in 14883_PROFILING_INFO_
​ _PROFILING_INFO_start function null from ../todomvc/examples/typescript-react/node_modules/react/dist/react-with-addons.js in 13859_PROFILING_INFO_
​ _PROFILING_INFO_start function null from ../todomvc/examples/typescript-react/node_modules/react/dist/react-with-addons.js in 13843_PROFILING_INFO_
​ _PROFILING_INFO_start function null from ../todomvc/examples/typescript-react/node_modules/react/dist/react-with-addons.js in 7498_PROFILING_INFO_
​ _PROFILING_INFO_start function null from ../todomvc/examples/typescript-react/node_modules/react/dist/react-with-addons.js in 7540_PROFILING_INFO_
​ _PROFILING_INFO_start function null from ../todomvc/examples/typescript-react/js/bundle.js in 92_PROFILING_INFO_
​ _PROFILING_INFO_start function null from ../todomvc/examples/typescript-react/node_modules/director/build/director.js in 162_PROFILING_INFO_
director-instrumented.js:441 _PROFILING_INFO_start function null from ../todomvc/examples/typescript-react/node_modules/director/build/director.js in 392_PROFILING_INFO_
director-instrumented.js:843 _PROFILING_INFO_start function null from ../todomvc/examples/typescript-react/node_modules/director/build/director.js in 690_PROFILING_INFO_
director-instrumented.js:856 _PROFILING_INFO_start function insertOrMount from ../todomvc/examples/typescript-react/node_modules/director/build/director.js in 699_PROFILING_INFO_
director-instrumented.js:417 _PROFILING_INFO_start function terminator from ../todomvc/examples/typescript-react/node_modules/director/build/director.js in 370_PROFILING_INFO_
director-instrumented.js:253 _PROFILING_INFO_start function null from ../todomvc/examples/typescript-react/node_modules/director/build/director.js in 252_PROFILING_INFO_
director-instrumented.js:736 _PROFILING_INFO_start function null from ../todomvc/examples/typescript-react/node_modules/director/build/director.js in 611_PROFILING_INFO_
director-instrumented.js:742 _PROFILING_INFO_start function null from ../todomvc/examples/typescript-react/node_modules/director/build/director.js in 613_PROFILING_INFO_
director-instrumented.js:189 _PROFILING_INFO_start function null from ../todomvc/examples/typescript-react/node_modules/director/build/director.js in 180_PROFILING_INFO_
director-instrumented.js:44 _PROFILING_INFO_start function null from ../todomvc/examples/typescript-react/node_modules/director/build/director.js in 48_PROFILING_INFO_
director-instrumented.js:11 _PROFILING_INFO_start function dlocHashEmpty from ../todomvc/examples/typescript-react/node_modules/director/build/director.js in 20_PROFILING_INFO_
react-with-addons-instrumented.js:10100 _PROFILING_INFO_start function null from ../todomvc/examples/typescript-react/node_modules/react/dist/react-with-addons.js in 14727_PROFILING_INFO_
react-with-addons-instrumented.js:799 _PROFILING_INFO_start function null from ../todomvc/examples/typescript-react/node_modules/react/dist/react-with-addons.js in 1083_PROFILING_INFO_
react-with-addons-instrumented.js:9977 _PROFILING_INFO_start function null from ../todomvc/examples/typescript-react/node_modules/react/dist/react-with-addons.js in 14558_PROFILING_INFO_
react-with-addons-instrumented.js:11680 _PROFILING_INFO_start function null from ../todomvc/examples/typescript-react/node_modules/react/dist/react-with-addons.js in 16690_PROFILING_INFO_
react-with-addons-instrumented.js:6430 _PROFILING_INFO_start function null from ../todomvc/examples/typescript-react/node_modules/react/dist/react-with-addons.js in 9625_PROFILING_INFO_
react-with-addons-instrumented.js:1021 _PROFILING_INFO_start function shouldUseClickEvent from ../todomvc/examples/typescript-react/node_modules/react/dist/react-with-addons.js in 1380_PROFILING_INFO_
react-with-addons-instrumented.js:11914 _PROFILING_INFO_start function constructSelectEvent from ../todomvc/examples/typescript-react/node_modules/react/dist/react-with-addons.js in 16987_PROFILING_INFO_
react-with-addons-instrumented.js:11886 _PROFILING_INFO_start function getSelection from ../todomvc/examples/typescript-react/node_modules/react/dist/react-with-addons.js in 16955_PROFILING_INFO_
director-instrumented.js:54 _PROFILING_INFO_start function onchange from ../todomvc/examples/typescript-react/node_modules/director/build/director.js in 56_PROFILING_INFO_
director-instrumented.js:195 _PROFILING_INFO_start function null from ../todomvc/examples/typescript-react/node_modules/director/build/director.js in 183_PROFILING_INFO_
director-instrumented.js:535 _PROFILING_INFO_start function null from ../todomvc/examples/typescript-react/node_modules/director/build/director.js in 462_PROFILING_INFO_
director-instrumented.js:621 _PROFILING_INFO_start function null from ../todomvc/examples/typescript-react/node_modules/director/build/director.js in 526_PROFILING_INFO_
director-instrumented.js:627 _PROFILING_INFO_start function filterRoutes from ../todomvc/examples/typescript-react/node_modules/director/build/director.js in 528_PROFILING_INFO_
director-instrumented.js:555 _PROFILING_INFO_start function updateAndInvoke from ../todomvc/examples/typescript-react/node_modules/director/build/director.js in 478_PROFILING_INFO_
director-instrumented.js:830 _PROFILING_INFO_start function null from ../todomvc/examples/typescript-react/node_modules/director/build/director.js in 680_PROFILING_INFO_
director-instrumented.js:326 _PROFILING_INFO_start function _flatten from ../todomvc/examples/typescript-react/node_modules/director/build/director.js in 304_PROFILING_INFO_
director-instrumented.js:576 _PROFILING_INFO_start function null from ../todomvc/examples/typescript-react/node_modules/director/build/director.js in 496_PROFILING_INFO_
director-instrumented.js:315 _PROFILING_INFO_start function _every from ../todomvc/examples/typescript-react/node_modules/director/build/director.js in 296_PROFILING_INFO_
director-instrumented.js:605 _PROFILING_INFO_start function null from ../todomvc/examples/typescript-react/node_modules/director/build/director.js in 513_PROFILING_INFO_
react-with-addons-instrumented.js:4238 _PROFILING_INFO_start function null from ../todomvc/examples/typescript-react/node_modules/react/dist/react-with-addons.js in 6401_PROFILING_INFO_
react-with-addons-instrumented.js:11475 _PROFILING_INFO_start function null from ../todomvc/examples/typescript-react/node_modules/react/dist/react-with-addons.js in 16419_PROFILING_INFO_
react-with-addons-instrumented.js:11401 _PROFILING_INFO_start function getInternalInstanceReadyForUpdate from ../todomvc/examples/typescript-react/node_modules/react/dist/react-with-addons.js in 16260_PROFILING_INFO_
react-with-addons-instrumented.js:11392 _PROFILING_INFO_start function enqueueUpdate from ../todomvc/examples/typescript-react/node_modules/react/dist/react-with-addons.js in 16250_PROFILING_INFO_
react-with-addons-instrumented.js:11701 _PROFILING_INFO_start function enqueueUpdate from ../todomvc/examples/typescript-react/node_modules/react/dist/react-with-addons.js in 16721_PROFILING_INFO_
react-with-addons-instrumented.js:11607 _PROFILING_INFO_start function ReactUpdatesFlushTransaction from ../todomvc/examples/typescript-react/node_modules/react/dist/react-with-addons.js in 16592_PROFILING_INFO_
react-with-addons-instrumented.js:11618 _PROFILING_INFO_start function null from ../todomvc/examples/typescript-react/node_modules/react/dist/react-with-addons.js in 16603_PROFILING_INFO_
react-with-addons-instrumented.js:11636 _PROFILING_INFO_start function null from ../todomvc/examples/typescript-react/node_modules/react/dist/react-with-addons.js in 16615_PROFILING_INFO_
react-with-addons-instrumented.js:11567 _PROFILING_INFO_start function null from ../todomvc/examples/typescript-react/node_modules/react/dist/react-with-addons.js in 16563_PROFILING_INFO_
react-with-addons-instrumented.js:11588 _PROFILING_INFO_start function null from ../todomvc/examples/typescript-react/node_modules/react/dist/react-with-addons.js in 16582_PROFILING_INFO_
react-with-addons-instrumented.js:8141 _PROFILING_INFO_start function null from ../todomvc/examples/typescript-react/node_modules/react/dist/react-with-addons.js in 11734_PROFILING_INFO_
react-with-addons-instrumented.js:11660 _PROFILING_INFO_start function runBatchedUpdates from ../todomvc/examples/typescript-react/node_modules/react/dist/react-with-addons.js in 16647_PROFILING_INFO_
react-with-addons-instrumented.js:10183 _PROFILING_INFO_start function null from ../todomvc/examples/typescript-react/node_modules/react/dist/react-with-addons.js in 14854_PROFILING_INFO_
react-with-addons-instrumented.js:4663 _PROFILING_INFO_start function null from ../todomvc/examples/typescript-react/node_modules/react/dist/react-with-addons.js in 7178_PROFILING_INFO_
react-with-addons-instrumented.js:4692 _PROFILING_INFO_start function null from ../todomvc/examples/typescript-react/node_modules/react/dist/react-with-addons.js in 7244_PROFILING_INFO_
react-with-addons-instrumented.js:4728 _PROFILING_INFO_start function null from ../todomvc/examples/typescript-react/node_modules/react/dist/react-with-addons.js in 7317_PROFILING_INFO_
react-with-addons-instrumented.js:4751 _PROFILING_INFO_start function null from ../todomvc/examples/typescript-react/node_modules/react/dist/react-with-addons.js in 7358_PROFILING_INFO_
react-with-addons-instrumented.js:4773 _PROFILING_INFO_start function null from ../todomvc/examples/typescript-react/node_modules/react/dist/react-with-addons.js in 7398_PROFILING_INFO_
react-with-addons-instrumented.js:14736 _PROFILING_INFO_start function shouldUpdateReactComponent from ../todomvc/examples/typescript-react/node_modules/react/dist/react-with-addons.js in 21016_PROFILING_INFO_
react-with-addons-instrumented.js:10162 _PROFILING_INFO_start function null from ../todomvc/examples/typescript-react/node_modules/react/dist/react-with-addons.js in 14811_PROFILING_INFO_
react-with-addons-instrumented.js:10239 _PROFILING_INFO_start function null from ../todomvc/examples/typescript-react/node_modules/react/dist/react-with-addons.js in 14908_PROFILING_INFO_
react-with-addons-instrumented.js:4653 _PROFILING_INFO_start function null from ../todomvc/examples/typescript-react/node_modules/react/dist/react-with-addons.js in 7156_PROFILING_INFO_
react-with-addons-instrumented.js:5352 _PROFILING_INFO_start function null from ../todomvc/examples/typescript-react/node_modules/react/dist/react-with-addons.js in 8218_PROFILING_INFO_
react-with-addons-instrumented.js:5361 _PROFILING_INFO_start function null from ../todomvc/examples/typescript-react/node_modules/react/dist/react-with-addons.js in 8234_PROFILING_INFO_
react-with-addons-instrumented.js:5370 _PROFILING_INFO_start function null from ../todomvc/examples/typescript-react/node_modules/react/dist/react-with-addons.js in 8255_PROFILING_INFO_
react-with-addons-instrumented.js:5436 _PROFILING_INFO_start function null from ../todomvc/examples/typescript-react/node_modules/react/dist/react-with-addons.js in 8347_PROFILING_INFO_
react-with-addons-instrumented.js:9138 _PROFILING_INFO_start function null from ../todomvc/examples/typescript-react/node_modules/react/dist/react-with-addons.js in 13469_PROFILING_INFO_
react-with-addons-instrumented.js:9159 _PROFILING_INFO_start function null from ../todomvc/examples/typescript-react/node_modules/react/dist/react-with-addons.js in 13497_PROFILING_INFO_
react-with-addons-instrumented.js:3582 _PROFILING_INFO_start function null from ../todomvc/examples/typescript-react/node_modules/react/dist/react-with-addons.js in 5187_PROFILING_INFO_
react-with-addons-instrumented.js:9207 _PROFILING_INFO_start function null from ../todomvc/examples/typescript-react/node_modules/react/dist/react-with-addons.js in 13563_PROFILING_INFO_
react-with-addons-instrumented.js:9069 _PROFILING_INFO_start function processQueue from ../todomvc/examples/typescript-react/node_modules/react/dist/react-with-addons.js in 13357_PROFILING_INFO_
react-with-addons-instrumented.js:5832 _PROFILING_INFO_start function null from ../todomvc/examples/typescript-react/node_modules/react/dist/react-with-addons.js in 8828_PROFILING_INFO_
react-with-addons-instrumented.js:11574 _PROFILING_INFO_start function null from ../todomvc/examples/typescript-react/node_modules/react/dist/react-with-addons.js in 16566_PROFILING_INFO_
react-with-addons-instrumented.js:11595 _PROFILING_INFO_start function null from ../todomvc/examples/typescript-react/node_modules/react/dist/react-with-addons.js in 16585_PROFILING_INFO_
react-with-addons-instrumented.js:11625 _PROFILING_INFO_start function null from ../todomvc/examples/typescript-react/node_modules/react/dist/react-with-addons.js in 16607_PROFILING_INFO_
