bundle-instrumented.js:263 _PROFILING_INFO_start function J from ../todomvc/examples/vanilla-es6/dist/bundle.js in 4_PROFILING_INFO_
bundle-instrumented.js:130 _PROFILING_INFO_start function B from ../todomvc/examples/vanilla-es6/dist/bundle.js in 2_PROFILING_INFO_
bundle-instrumented.js:63 _PROFILING_INFO_start function r from ../todomvc/examples/vanilla-es6/dist/bundle.js in 1_PROFILING_INFO_
bundle-instrumented.js:77 _PROFILING_INFO_start function w from ../todomvc/examples/vanilla-es6/dist/bundle.js in 2_PROFILING_INFO_
bundle-instrumented.js:70 _PROFILING_INFO_start function t from ../todomvc/examples/vanilla-es6/dist/bundle.js in 2_PROFILING_INFO_
bundle-instrumented.js:360 _PROFILING_INFO_start function N from ../todomvc/examples/vanilla-es6/dist/bundle.js in 5_PROFILING_INFO_
bundle-instrumented.js:173 _PROFILING_INFO_start function D from ../todomvc/examples/vanilla-es6/dist/bundle.js in 3_PROFILING_INFO_
bundle-instrumented.js:226 _PROFILING_INFO_start function H from ../todomvc/examples/vanilla-es6/dist/bundle.js in 4_PROFILING_INFO_
bundle-instrumented.js:248 _PROFILING_INFO_start function I from ../todomvc/examples/vanilla-es6/dist/bundle.js in 4_PROFILING_INFO_
bundle-instrumented.js:199 _PROFILING_INFO_start function F from ../todomvc/examples/vanilla-es6/dist/bundle.js in 3_PROFILING_INFO_
bundle-instrumented.js:212 _PROFILING_INFO_start function G from ../todomvc/examples/vanilla-es6/dist/bundle.js in 3_PROFILING_INFO_
bundle-instrumented.js:186 _PROFILING_INFO_start function E from ../todomvc/examples/vanilla-es6/dist/bundle.js in 3_PROFILING_INFO_
base-instrumented.js:5 _PROFILING_INFO_start function null from ../todomvc/examples/vanilla-es6/node_modules/todomvc-common/base.js in 2_PROFILING_INFO_
base-instrumented.js:11 _PROFILING_INFO_start function null from ../todomvc/examples/vanilla-es6/node_modules/todomvc-common/base.js in 8_PROFILING_INFO_
base-instrumented.js:136 _PROFILING_INFO_start function redirect from ../todomvc/examples/vanilla-es6/node_modules/todomvc-common/base.js in 126_PROFILING_INFO_
base-instrumented.js:153 _PROFILING_INFO_start function getFile from ../todomvc/examples/vanilla-es6/node_modules/todomvc-common/base.js in 137_PROFILING_INFO_
base-instrumented.js:145 _PROFILING_INFO_start function findRoot from ../todomvc/examples/vanilla-es6/node_modules/todomvc-common/base.js in 132_PROFILING_INFO_
bundle-instrumented.js:515 _PROFILING_INFO_start function S from ../todomvc/examples/vanilla-es6/dist/bundle.js in 7_PROFILING_INFO_
bundle-instrumented.js:491 _PROFILING_INFO_start function null from ../todomvc/examples/vanilla-es6/dist/bundle.js in 7_PROFILING_INFO_
bundle-instrumented.js:285 _PROFILING_INFO_start function null from ../todomvc/examples/vanilla-es6/dist/bundle.js in 4_PROFILING_INFO_
bundle-instrumented.js:156 _PROFILING_INFO_start function null from ../todomvc/examples/vanilla-es6/dist/bundle.js in 2_PROFILING_INFO_
bundle-instrumented.js:109 _PROFILING_INFO_start function z from ../todomvc/examples/vanilla-es6/dist/bundle.js in 2_PROFILING_INFO_
bundle-instrumented.js:344 _PROFILING_INFO_start function M from ../todomvc/examples/vanilla-es6/dist/bundle.js in 5_PROFILING_INFO_
bundle-instrumented.js:349 _PROFILING_INFO_start function null from ../todomvc/examples/vanilla-es6/dist/bundle.js in 5_PROFILING_INFO_
bundle-instrumented.js:63 _PROFILING_INFO_start function r from ../todomvc/examples/vanilla-es6/dist/bundle.js in 1_PROFILING_INFO_
base-instrumented.js:164 _PROFILING_INFO_start function null from ../todomvc/examples/vanilla-es6/node_modules/todomvc-common/base.js in 147_PROFILING_INFO_
base-instrumented.js:174 _PROFILING_INFO_start function Learn from ../todomvc/examples/vanilla-es6/node_modules/todomvc-common/base.js in 154_PROFILING_INFO_
base-instrumented.js:212 _PROFILING_INFO_start function null from ../todomvc/examples/vanilla-es6/node_modules/todomvc-common/base.js in 199_PROFILING_INFO_
base-instrumented.js:52 _PROFILING_INFO_start function null from ../todomvc/examples/vanilla-es6/node_modules/todomvc-common/base.js in 56_PROFILING_INFO_
base-instrumented.js:16 _PROFILING_INFO_start function null from ../todomvc/examples/vanilla-es6/node_modules/todomvc-common/base.js in 9_PROFILING_INFO_
base-instrumented.js:66 _PROFILING_INFO_start function null from ../todomvc/examples/vanilla-es6/node_modules/todomvc-common/base.js in 70_PROFILING_INFO_
base-instrumented.js:242 _PROFILING_INFO_start function null from ../todomvc/examples/vanilla-es6/node_modules/todomvc-common/base.js in 227_PROFILING_INFO_
