base-instrumented.js:5 _PROFILING_INFO_start function null from ../todomvc/examples/vanillajs/node_modules/todomvc-common/base.js in 2_PROFILING_INFO_
base-instrumented.js:11 _PROFILING_INFO_start function null from ../todomvc/examples/vanillajs/node_modules/todomvc-common/base.js in 8_PROFILING_INFO_
base-instrumented.js:136 _PROFILING_INFO_start function redirect from ../todomvc/examples/vanillajs/node_modules/todomvc-common/base.js in 126_PROFILING_INFO_
base-instrumented.js:153 _PROFILING_INFO_start function getFile from ../todomvc/examples/vanillajs/node_modules/todomvc-common/base.js in 137_PROFILING_INFO_
base-instrumented.js:145 _PROFILING_INFO_start function findRoot from ../todomvc/examples/vanillajs/node_modules/todomvc-common/base.js in 132_PROFILING_INFO_
helpers-instrumented.js:5 _PROFILING_INFO_start function null from ../todomvc/examples/vanillajs/js/helpers.js in 2_PROFILING_INFO_
store-instrumented.js:5 _PROFILING_INFO_start function null from ../todomvc/examples/vanillajs/js/store.js in 2_PROFILING_INFO_
model-instrumented.js:5 _PROFILING_INFO_start function null from ../todomvc/examples/vanillajs/js/model.js in 1_PROFILING_INFO_
template-instrumented.js:5 _PROFILING_INFO_start function null from ../todomvc/examples/vanillajs/js/template.js in 2_PROFILING_INFO_
base-instrumented.js:164 _PROFILING_INFO_start function null from ../todomvc/examples/vanillajs/node_modules/todomvc-common/base.js in 147_PROFILING_INFO_
base-instrumented.js:174 _PROFILING_INFO_start function Learn from ../todomvc/examples/vanillajs/node_modules/todomvc-common/base.js in 154_PROFILING_INFO_
base-instrumented.js:212 _PROFILING_INFO_start function null from ../todomvc/examples/vanillajs/node_modules/todomvc-common/base.js in 199_PROFILING_INFO_
base-instrumented.js:52 _PROFILING_INFO_start function null from ../todomvc/examples/vanillajs/node_modules/todomvc-common/base.js in 56_PROFILING_INFO_
base-instrumented.js:16 _PROFILING_INFO_start function null from ../todomvc/examples/vanillajs/node_modules/todomvc-common/base.js in 9_PROFILING_INFO_
base-instrumented.js:66 _PROFILING_INFO_start function null from ../todomvc/examples/vanillajs/node_modules/todomvc-common/base.js in 70_PROFILING_INFO_
base-instrumented.js:242 _PROFILING_INFO_start function null from ../todomvc/examples/vanillajs/node_modules/todomvc-common/base.js in 227_PROFILING_INFO_
view-instrumented.js:5 _PROFILING_INFO_start function null from ../todomvc/examples/vanillajs/js/view.js in 3_PROFILING_INFO_
controller-instrumented.js:5 _PROFILING_INFO_start function null from ../todomvc/examples/vanillajs/js/controller.js in 1_PROFILING_INFO_
app-instrumented.js:5 _PROFILING_INFO_start function null from ../todomvc/examples/vanillajs/js/app.js in 2_PROFILING_INFO_
app-instrumented.js:11 _PROFILING_INFO_start function Todo from ../todomvc/examples/vanillajs/js/app.js in 10_PROFILING_INFO_
store-instrumented.js:11 _PROFILING_INFO_start function Store from ../todomvc/examples/vanillajs/js/store.js in 13_PROFILING_INFO_
store-instrumented.js:16 _PROFILING_INFO_start function null from ../todomvc/examples/vanillajs/js/store.js in 14_PROFILING_INFO_
model-instrumented.js:11 _PROFILING_INFO_start function Model from ../todomvc/examples/vanillajs/js/model.js in 10_PROFILING_INFO_
template-instrumented.js:35 _PROFILING_INFO_start function Template from ../todomvc/examples/vanillajs/js/template.js in 32_PROFILING_INFO_
view-instrumented.js:11 _PROFILING_INFO_start function View from ../todomvc/examples/vanillajs/js/view.js in 15_PROFILING_INFO_
helpers-instrumented.js:11 _PROFILING_INFO_start function null from ../todomvc/examples/vanillajs/js/helpers.js in 6_PROFILING_INFO_
controller-instrumented.js:11 _PROFILING_INFO_start function Controller from ../todomvc/examples/vanillajs/js/controller.js in 11_PROFILING_INFO_
view-instrumented.js:242 _PROFILING_INFO_start function null from ../todomvc/examples/vanillajs/js/view.js in 173_PROFILING_INFO_
helpers-instrumented.js:25 _PROFILING_INFO_start function null from ../todomvc/examples/vanillajs/js/helpers.js in 14_PROFILING_INFO_
helpers-instrumented.js:32 _PROFILING_INFO_start function null from ../todomvc/examples/vanillajs/js/helpers.js in 20_PROFILING_INFO_
view-instrumented.js:196 _PROFILING_INFO_start function null from ../todomvc/examples/vanillajs/js/view.js in 141_PROFILING_INFO_
view-instrumented.js:224 _PROFILING_INFO_start function null from ../todomvc/examples/vanillajs/js/view.js in 161_PROFILING_INFO_
app-instrumented.js:23 _PROFILING_INFO_start function setView from ../todomvc/examples/vanillajs/js/app.js in 20_PROFILING_INFO_
controller-instrumented.js:76 _PROFILING_INFO_start function null from ../todomvc/examples/vanillajs/js/controller.js in 54_PROFILING_INFO_
controller-instrumented.js:310 _PROFILING_INFO_start function null from ../todomvc/examples/vanillajs/js/controller.js in 253_PROFILING_INFO_
controller-instrumented.js:298 _PROFILING_INFO_start function null from ../todomvc/examples/vanillajs/js/controller.js in 234_PROFILING_INFO_
controller-instrumented.js:278 _PROFILING_INFO_start function null from ../todomvc/examples/vanillajs/js/controller.js in 216_PROFILING_INFO_
model-instrumented.js:79 _PROFILING_INFO_start function null from ../todomvc/examples/vanillajs/js/model.js in 96_PROFILING_INFO_
store-instrumented.js:51 _PROFILING_INFO_start function null from ../todomvc/examples/vanillajs/js/store.js in 64_PROFILING_INFO_
model-instrumented.js:89 _PROFILING_INFO_start function null from ../todomvc/examples/vanillajs/js/model.js in 103_PROFILING_INFO_
controller-instrumented.js:284 _PROFILING_INFO_start function null from ../todomvc/examples/vanillajs/js/controller.js in 218_PROFILING_INFO_
view-instrumented.js:101 _PROFILING_INFO_start function null from ../todomvc/examples/vanillajs/js/view.js in 95_PROFILING_INFO_
view-instrumented.js:122 _PROFILING_INFO_start function null from ../todomvc/examples/vanillajs/js/view.js in 104_PROFILING_INFO_
template-instrumented.js:65 _PROFILING_INFO_start function null from ../todomvc/examples/vanillajs/js/template.js in 91_PROFILING_INFO_
view-instrumented.js:129 _PROFILING_INFO_start function null from ../todomvc/examples/vanillajs/js/view.js in 107_PROFILING_INFO_
view-instrumented.js:37 _PROFILING_INFO_start function null from ../todomvc/examples/vanillajs/js/view.js in 38_PROFILING_INFO_
template-instrumented.js:73 _PROFILING_INFO_start function null from ../todomvc/examples/vanillajs/js/template.js in 103_PROFILING_INFO_
view-instrumented.js:143 _PROFILING_INFO_start function null from ../todomvc/examples/vanillajs/js/view.js in 113_PROFILING_INFO_
view-instrumented.js:136 _PROFILING_INFO_start function null from ../todomvc/examples/vanillajs/js/view.js in 110_PROFILING_INFO_
controller-instrumented.js:85 _PROFILING_INFO_start function null from ../todomvc/examples/vanillajs/js/controller.js in 64_PROFILING_INFO_
model-instrumented.js:36 _PROFILING_INFO_start function null from ../todomvc/examples/vanillajs/js/model.js in 47_PROFILING_INFO_
controller-instrumented.js:91 _PROFILING_INFO_start function null from ../todomvc/examples/vanillajs/js/controller.js in 66_PROFILING_INFO_
view-instrumented.js:108 _PROFILING_INFO_start function null from ../todomvc/examples/vanillajs/js/view.js in 98_PROFILING_INFO_
template-instrumented.js:42 _PROFILING_INFO_start function null from ../todomvc/examples/vanillajs/js/template.js in 60_PROFILING_INFO_
view-instrumented.js:150 _PROFILING_INFO_start function null from ../todomvc/examples/vanillajs/js/view.js in 116_PROFILING_INFO_
view-instrumented.js:45 _PROFILING_INFO_start function null from ../todomvc/examples/vanillajs/js/view.js in 43_PROFILING_INFO_
