base-instrumented.js:5 _PROFILING_INFO_start function null from ../todomvc/examples/angularjs_require/node_modules/todomvc-common/base.js in 2_PROFILING_INFO_
base-instrumented.js:11 _PROFILING_INFO_start function null from ../todomvc/examples/angularjs_require/node_modules/todomvc-common/base.js in 8_PROFILING_INFO_
base-instrumented.js:132 _PROFILING_INFO_start function redirect from ../todomvc/examples/angularjs_require/node_modules/todomvc-common/base.js in 121_PROFILING_INFO_
base-instrumented.js:149 _PROFILING_INFO_start function getFile from ../todomvc/examples/angularjs_require/node_modules/todomvc-common/base.js in 132_PROFILING_INFO_
base-instrumented.js:141 _PROFILING_INFO_start function findRoot from ../todomvc/examples/angularjs_require/node_modules/todomvc-common/base.js in 127_PROFILING_INFO_
require-instrumented.js:6 _PROFILING_INFO_start function null from ../todomvc/examples/angularjs_require/node_modules/requirejs/require.js in 12_PROFILING_INFO_
require-instrumented.js:1349 _PROFILING_INFO_start function null from ../todomvc/examples/angularjs_require/node_modules/requirejs/require.js in 1712_PROFILING_INFO_
require-instrumented.js:19 _PROFILING_INFO_start function isArray from ../todomvc/examples/angularjs_require/node_modules/requirejs/require.js in 45_PROFILING_INFO_
require-instrumented.js:61 _PROFILING_INFO_start function getOwn from ../todomvc/examples/angularjs_require/node_modules/requirejs/require.js in 83_PROFILING_INFO_
require-instrumented.js:54 _PROFILING_INFO_start function hasProp from ../todomvc/examples/angularjs_require/node_modules/requirejs/require.js in 79_PROFILING_INFO_
require-instrumented.js:179 _PROFILING_INFO_start function newContext from ../todomvc/examples/angularjs_require/node_modules/requirejs/require.js in 197_PROFILING_INFO_
require-instrumented.js:1120 _PROFILING_INFO_start function null from ../todomvc/examples/angularjs_require/node_modules/requirejs/require.js in 1366_PROFILING_INFO_
require-instrumented.js:82 _PROFILING_INFO_start function mixin from ../todomvc/examples/angularjs_require/node_modules/requirejs/require.js in 107_PROFILING_INFO_
require-instrumented.js:68 _PROFILING_INFO_start function eachProp from ../todomvc/examples/angularjs_require/node_modules/requirejs/require.js in 92_PROFILING_INFO_
require-instrumented.js:88 _PROFILING_INFO_start function null from ../todomvc/examples/angularjs_require/node_modules/requirejs/require.js in 109_PROFILING_INFO_
require-instrumented.js:1010 _PROFILING_INFO_start function null from ../todomvc/examples/angularjs_require/node_modules/requirejs/require.js in 1254_PROFILING_INFO_
require-instrumented.js:1126 _PROFILING_INFO_start function localRequire from ../todomvc/examples/angularjs_require/node_modules/requirejs/require.js in 1369_PROFILING_INFO_
require-instrumented.js:983 _PROFILING_INFO_start function intakeDefines from ../todomvc/examples/angularjs_require/node_modules/requirejs/require.js in 1219_PROFILING_INFO_
require-instrumented.js:423 _PROFILING_INFO_start function takeGlobalQueue from ../todomvc/examples/angularjs_require/node_modules/requirejs/require.js in 554_PROFILING_INFO_
require-instrumented.js:1384 _PROFILING_INFO_start function null from ../todomvc/examples/angularjs_require/node_modules/requirejs/require.js in 1762_PROFILING_INFO_
require-instrumented.js:26 _PROFILING_INFO_start function each from ../todomvc/examples/angularjs_require/node_modules/requirejs/require.js in 53_PROFILING_INFO_
require-instrumented.js:1413 _PROFILING_INFO_start function null from ../todomvc/examples/angularjs_require/node_modules/requirejs/require.js in 1792_PROFILING_INFO_
require-instrumented.js:120 _PROFILING_INFO_start function scripts from ../todomvc/examples/angularjs_require/node_modules/requirejs/require.js in 136_PROFILING_INFO_
require-instrumented.js:40 _PROFILING_INFO_start function eachReverse from ../todomvc/examples/angularjs_require/node_modules/requirejs/require.js in 68_PROFILING_INFO_
require-instrumented.js:1501 _PROFILING_INFO_start function null from ../todomvc/examples/angularjs_require/node_modules/requirejs/require.js in 1946_PROFILING_INFO_
require-instrumented.js:1026 _PROFILING_INFO_start function null from ../todomvc/examples/angularjs_require/node_modules/requirejs/require.js in 1272_PROFILING_INFO_
base-instrumented.js:160 _PROFILING_INFO_start function null from ../todomvc/examples/angularjs_require/node_modules/todomvc-common/base.js in 142_PROFILING_INFO_
base-instrumented.js:170 _PROFILING_INFO_start function Learn from ../todomvc/examples/angularjs_require/node_modules/todomvc-common/base.js in 149_PROFILING_INFO_
base-instrumented.js:208 _PROFILING_INFO_start function null from ../todomvc/examples/angularjs_require/node_modules/todomvc-common/base.js in 194_PROFILING_INFO_
base-instrumented.js:52 _PROFILING_INFO_start function null from ../todomvc/examples/angularjs_require/node_modules/todomvc-common/base.js in 56_PROFILING_INFO_
base-instrumented.js:16 _PROFILING_INFO_start function null from ../todomvc/examples/angularjs_require/node_modules/todomvc-common/base.js in 9_PROFILING_INFO_
base-instrumented.js:66 _PROFILING_INFO_start function null from ../todomvc/examples/angularjs_require/node_modules/todomvc-common/base.js in 70_PROFILING_INFO_
base-instrumented.js:225 _PROFILING_INFO_start function null from ../todomvc/examples/angularjs_require/node_modules/todomvc-common/base.js in 211_PROFILING_INFO_
base-instrumented.js:141 _PROFILING_INFO_start function findRoot from ../todomvc/examples/angularjs_require/node_modules/todomvc-common/base.js in 127_PROFILING_INFO_
base-instrumented.js:238 _PROFILING_INFO_start function null from ../todomvc/examples/angularjs_require/node_modules/todomvc-common/base.js in 222_PROFILING_INFO_
require-instrumented.js:1153 _PROFILING_INFO_start function null from ../todomvc/examples/angularjs_require/node_modules/requirejs/require.js in 1413_PROFILING_INFO_
require-instrumented.js:314 _PROFILING_INFO_start function makeModuleMap from ../todomvc/examples/angularjs_require/node_modules/requirejs/require.js in 414_PROFILING_INFO_
require-instrumented.js:299 _PROFILING_INFO_start function splitPrefix from ../todomvc/examples/angularjs_require/node_modules/requirejs/require.js in 389_PROFILING_INFO_
require-instrumented.js:214 _PROFILING_INFO_start function normalize from ../todomvc/examples/angularjs_require/node_modules/requirejs/require.js in 267_PROFILING_INFO_
require-instrumented.js:193 _PROFILING_INFO_start function trimDots from ../todomvc/examples/angularjs_require/node_modules/requirejs/require.js in 234_PROFILING_INFO_
require-instrumented.js:1275 _PROFILING_INFO_start function null from ../todomvc/examples/angularjs_require/node_modules/requirejs/require.js in 1586_PROFILING_INFO_
require-instrumented.js:365 _PROFILING_INFO_start function getModule from ../todomvc/examples/angularjs_require/node_modules/requirejs/require.js in 495_PROFILING_INFO_
require-instrumented.js:588 _PROFILING_INFO_start function null from ../todomvc/examples/angularjs_require/node_modules/requirejs/require.js in 721_PROFILING_INFO_
require-instrumented.js:603 _PROFILING_INFO_start function null from ../todomvc/examples/angularjs_require/node_modules/requirejs/require.js in 738_PROFILING_INFO_
require-instrumented.js:866 _PROFILING_INFO_start function null from ../todomvc/examples/angularjs_require/node_modules/requirejs/require.js in 1087_PROFILING_INFO_
require-instrumented.js:107 _PROFILING_INFO_start function bind from ../todomvc/examples/angularjs_require/node_modules/requirejs/require.js in 130_PROFILING_INFO_
require-instrumented.js:679 _PROFILING_INFO_start function null from ../todomvc/examples/angularjs_require/node_modules/requirejs/require.js in 836_PROFILING_INFO_
require-instrumented.js:12 _PROFILING_INFO_start function isFunction from ../todomvc/examples/angularjs_require/node_modules/requirejs/require.js in 41_PROFILING_INFO_
require-instrumented.js:485 _PROFILING_INFO_start function cleanRegistry from ../todomvc/examples/angularjs_require/node_modules/requirejs/require.js in 600_PROFILING_INFO_
require-instrumented.js:931 _PROFILING_INFO_start function null from ../todomvc/examples/angularjs_require/node_modules/requirejs/require.js in 1162_PROFILING_INFO_
require-instrumented.js:521 _PROFILING_INFO_start function checkLoaded from ../todomvc/examples/angularjs_require/node_modules/requirejs/require.js in 634_PROFILING_INFO_
require-instrumented.js:112 _PROFILING_INFO_start function null from ../todomvc/examples/angularjs_require/node_modules/requirejs/require.js in 131_PROFILING_INFO_
require-instrumented.js:874 _PROFILING_INFO_start function null from ../todomvc/examples/angularjs_require/node_modules/requirejs/require.js in 1098_PROFILING_INFO_
require-instrumented.js:376 _PROFILING_INFO_start function on from ../todomvc/examples/angularjs_require/node_modules/requirejs/require.js in 506_PROFILING_INFO_
require-instrumented.js:920 _PROFILING_INFO_start function null from ../todomvc/examples/angularjs_require/node_modules/requirejs/require.js in 1154_PROFILING_INFO_
require-instrumented.js:1227 _PROFILING_INFO_start function null from ../todomvc/examples/angularjs_require/node_modules/requirejs/require.js in 1516_PROFILING_INFO_
require-instrumented.js:645 _PROFILING_INFO_start function null from ../todomvc/examples/angularjs_require/node_modules/requirejs/require.js in 798_PROFILING_INFO_
require-instrumented.js:668 _PROFILING_INFO_start function null from ../todomvc/examples/angularjs_require/node_modules/requirejs/require.js in 822_PROFILING_INFO_
require-instrumented.js:1310 _PROFILING_INFO_start function null from ../todomvc/examples/angularjs_require/node_modules/requirejs/require.js in 1646_PROFILING_INFO_
require-instrumented.js:1446 _PROFILING_INFO_start function null from ../todomvc/examples/angularjs_require/node_modules/requirejs/require.js in 1842_PROFILING_INFO_
require-instrumented.js:1435 _PROFILING_INFO_start function null from ../todomvc/examples/angularjs_require/node_modules/requirejs/require.js in 1823_PROFILING_INFO_
require-instrumented.js:531 _PROFILING_INFO_start function null from ../todomvc/examples/angularjs_require/node_modules/requirejs/require.js in 652_PROFILING_INFO_
require-instrumented.js:1377 _PROFILING_INFO_start function null from ../todomvc/examples/angularjs_require/node_modules/requirejs/require.js in 1752_PROFILING_INFO_
require-instrumented.js:1058 _PROFILING_INFO_start function null from ../todomvc/examples/angularjs_require/node_modules/requirejs/require.js in 1296_PROFILING_INFO_
require-instrumented.js:1102 _PROFILING_INFO_start function null from ../todomvc/examples/angularjs_require/node_modules/requirejs/require.js in 1355_PROFILING_INFO_
require-instrumented.js:1089 _PROFILING_INFO_start function null from ../todomvc/examples/angularjs_require/node_modules/requirejs/require.js in 1338_PROFILING_INFO_
require-instrumented.js:1324 _PROFILING_INFO_start function null from ../todomvc/examples/angularjs_require/node_modules/requirejs/require.js in 1667_PROFILING_INFO_
require-instrumented.js:970 _PROFILING_INFO_start function getScriptData from ../todomvc/examples/angularjs_require/node_modules/requirejs/require.js in 1203_PROFILING_INFO_
require-instrumented.js:957 _PROFILING_INFO_start function removeListener from ../todomvc/examples/angularjs_require/node_modules/requirejs/require.js in 1182_PROFILING_INFO_
require-instrumented.js:1237 _PROFILING_INFO_start function null from ../todomvc/examples/angularjs_require/node_modules/requirejs/require.js in 1529_PROFILING_INFO_
require-instrumented.js:948 _PROFILING_INFO_start function callGetModule from ../todomvc/examples/angularjs_require/node_modules/requirejs/require.js in 1175_PROFILING_INFO_
require-instrumented.js:936 _PROFILING_INFO_start function null from ../todomvc/examples/angularjs_require/node_modules/requirejs/require.js in 1163_PROFILING_INFO_
require-instrumented.js:889 _PROFILING_INFO_start function null from ../todomvc/examples/angularjs_require/node_modules/requirejs/require.js in 1119_PROFILING_INFO_
require-instrumented.js:634 _PROFILING_INFO_start function null from ../todomvc/examples/angularjs_require/node_modules/requirejs/require.js in 788_PROFILING_INFO_
require-instrumented.js:1317 _PROFILING_INFO_start function null from ../todomvc/examples/angularjs_require/node_modules/requirejs/require.js in 1657_PROFILING_INFO_
require-instrumented.js:657 _PROFILING_INFO_start function null from ../todomvc/examples/angularjs_require/node_modules/requirejs/require.js in 813_PROFILING_INFO_
require-instrumented.js:1107 _PROFILING_INFO_start function fn from ../todomvc/examples/angularjs_require/node_modules/requirejs/require.js in 1356_PROFILING_INFO_
require-instrumented.js:134 _PROFILING_INFO_start function getGlobal from ../todomvc/examples/angularjs_require/node_modules/requirejs/require.js in 146_PROFILING_INFO_
require-instrumented.js:143 _PROFILING_INFO_start function null from ../todomvc/examples/angularjs_require/node_modules/requirejs/require.js in 151_PROFILING_INFO_
require-instrumented.js:1527 _PROFILING_INFO_start function null from ../todomvc/examples/angularjs_require/node_modules/requirejs/require.js in 1996_PROFILING_INFO_
require-instrumented.js:576 _PROFILING_INFO_start function null from ../todomvc/examples/angularjs_require/node_modules/requirejs/require.js in 711_PROFILING_INFO_
