base-instrumented.js:6 _PROFILING_INFO_start function null from ../todomvc/examples/aurelia/jspm_packages/npm/todomvc-common@1.0.2/base.js in 4_PROFILING_INFO_
base-instrumented.js:12 _PROFILING_INFO_start function null from ../todomvc/examples/aurelia/jspm_packages/npm/todomvc-common@1.0.2/base.js in 10_PROFILING_INFO_
base-instrumented.js:137 _PROFILING_INFO_start function redirect from ../todomvc/examples/aurelia/jspm_packages/npm/todomvc-common@1.0.2/base.js in 128_PROFILING_INFO_
base-instrumented.js:154 _PROFILING_INFO_start function getFile from ../todomvc/examples/aurelia/jspm_packages/npm/todomvc-common@1.0.2/base.js in 139_PROFILING_INFO_
base-instrumented.js:146 _PROFILING_INFO_start function findRoot from ../todomvc/examples/aurelia/jspm_packages/npm/todomvc-common@1.0.2/base.js in 134_PROFILING_INFO_
system-instrumented.js:5 _PROFILING_INFO_start function null from ../todomvc/examples/aurelia/jspm_packages/system.js in 4_PROFILING_INFO_
system-instrumented.js:10 _PROFILING_INFO_start function e from ../todomvc/examples/aurelia/jspm_packages/system.js in 4_PROFILING_INFO_
system-instrumented.js:101 _PROFILING_INFO_start function i from ../todomvc/examples/aurelia/jspm_packages/system.js in 4_PROFILING_INFO_
system-instrumented.js:114 _PROFILING_INFO_start function u from ../todomvc/examples/aurelia/jspm_packages/system.js in 4_PROFILING_INFO_
system-instrumented.js:120 _PROFILING_INFO_start function d from ../todomvc/examples/aurelia/jspm_packages/system.js in 4_PROFILING_INFO_
system-instrumented.js:132 _PROFILING_INFO_start function c from ../todomvc/examples/aurelia/jspm_packages/system.js in 4_PROFILING_INFO_
system-instrumented.js:1578 _PROFILING_INFO_start function s from ../todomvc/examples/aurelia/jspm_packages/system.js in 4_PROFILING_INFO_
system-instrumented.js:2103 _PROFILING_INFO_start function null from ../todomvc/examples/aurelia/jspm_packages/system.js in 5_PROFILING_INFO_
system-instrumented.js:107 _PROFILING_INFO_start function l from ../todomvc/examples/aurelia/jspm_packages/system.js in 4_PROFILING_INFO_
system-instrumented.js:71 _PROFILING_INFO_start function o from ../todomvc/examples/aurelia/jspm_packages/system.js in 4_PROFILING_INFO_
system-instrumented.js:50 _PROFILING_INFO_start function a from ../todomvc/examples/aurelia/jspm_packages/system.js in 4_PROFILING_INFO_
system-instrumented.js:44 _PROFILING_INFO_start function r from ../todomvc/examples/aurelia/jspm_packages/system.js in 4_PROFILING_INFO_
system-instrumented.js:1382 _PROFILING_INFO_start function null from ../todomvc/examples/aurelia/jspm_packages/system.js in 4_PROFILING_INFO_
system-instrumented.js:195 _PROFILING_INFO_start function g from ../todomvc/examples/aurelia/jspm_packages/system.js in 4_PROFILING_INFO_
system-instrumented.js:2874 _PROFILING_INFO_start function null from ../todomvc/examples/aurelia/jspm_packages/system.js in 5_PROFILING_INFO_
system-instrumented.js:2822 _PROFILING_INFO_start function e from ../todomvc/examples/aurelia/jspm_packages/system.js in 5_PROFILING_INFO_
system-instrumented.js:78 _PROFILING_INFO_start function s from ../todomvc/examples/aurelia/jspm_packages/system.js in 4_PROFILING_INFO_
system-instrumented.js:211 _PROFILING_INFO_start function y from ../todomvc/examples/aurelia/jspm_packages/system.js in 4_PROFILING_INFO_
system-instrumented.js:1588 _PROFILING_INFO_start function c from ../todomvc/examples/aurelia/jspm_packages/system.js in 4_PROFILING_INFO_
system-instrumented.js:1474 _PROFILING_INFO_start function e from ../todomvc/examples/aurelia/jspm_packages/system.js in 4_PROFILING_INFO_
system-instrumented.js:1541 _PROFILING_INFO_start function o from ../todomvc/examples/aurelia/jspm_packages/system.js in 4_PROFILING_INFO_
system-instrumented.js:1499 _PROFILING_INFO_start function n from ../todomvc/examples/aurelia/jspm_packages/system.js in 4_PROFILING_INFO_
system-instrumented.js:1484 _PROFILING_INFO_start function t from ../todomvc/examples/aurelia/jspm_packages/system.js in 4_PROFILING_INFO_
system-instrumented.js:1529 _PROFILING_INFO_start function a from ../todomvc/examples/aurelia/jspm_packages/system.js in 4_PROFILING_INFO_
system-instrumented.js:1507 _PROFILING_INFO_start function r from ../todomvc/examples/aurelia/jspm_packages/system.js in 4_PROFILING_INFO_
system-instrumented.js:301 _PROFILING_INFO_start function k from ../todomvc/examples/aurelia/jspm_packages/system.js in 4_PROFILING_INFO_
system-instrumented.js:1654 _PROFILING_INFO_start function i from ../todomvc/examples/aurelia/jspm_packages/system.js in 4_PROFILING_INFO_
system-instrumented.js:274 _PROFILING_INFO_start function E from ../todomvc/examples/aurelia/jspm_packages/system.js in 4_PROFILING_INFO_
system-instrumented.js:617 _PROFILING_INFO_start function f from ../todomvc/examples/aurelia/jspm_packages/system.js in 4_PROFILING_INFO_
system-instrumented.js:636 _PROFILING_INFO_start function m from ../todomvc/examples/aurelia/jspm_packages/system.js in 4_PROFILING_INFO_
system-instrumented.js:462 _PROFILING_INFO_start function l from ../todomvc/examples/aurelia/jspm_packages/system.js in 4_PROFILING_INFO_
system-instrumented.js:478 _PROFILING_INFO_start function u from ../todomvc/examples/aurelia/jspm_packages/system.js in 4_PROFILING_INFO_
system-instrumented.js:495 _PROFILING_INFO_start function d from ../todomvc/examples/aurelia/jspm_packages/system.js in 4_PROFILING_INFO_
system-instrumented.js:782 _PROFILING_INFO_start function b from ../todomvc/examples/aurelia/jspm_packages/system.js in 4_PROFILING_INFO_
system-instrumented.js:324 _PROFILING_INFO_start function _ from ../todomvc/examples/aurelia/jspm_packages/system.js in 4_PROFILING_INFO_
base-instrumented.js:165 _PROFILING_INFO_start function null from ../todomvc/examples/aurelia/jspm_packages/npm/todomvc-common@1.0.2/base.js in 149_PROFILING_INFO_
base-instrumented.js:175 _PROFILING_INFO_start function Learn from ../todomvc/examples/aurelia/jspm_packages/npm/todomvc-common@1.0.2/base.js in 156_PROFILING_INFO_
base-instrumented.js:213 _PROFILING_INFO_start function null from ../todomvc/examples/aurelia/jspm_packages/npm/todomvc-common@1.0.2/base.js in 201_PROFILING_INFO_
base-instrumented.js:53 _PROFILING_INFO_start function null from ../todomvc/examples/aurelia/jspm_packages/npm/todomvc-common@1.0.2/base.js in 58_PROFILING_INFO_
base-instrumented.js:17 _PROFILING_INFO_start function null from ../todomvc/examples/aurelia/jspm_packages/npm/todomvc-common@1.0.2/base.js in 11_PROFILING_INFO_
base-instrumented.js:67 _PROFILING_INFO_start function null from ../todomvc/examples/aurelia/jspm_packages/npm/todomvc-common@1.0.2/base.js in 72_PROFILING_INFO_
base-instrumented.js:243 _PROFILING_INFO_start function null from ../todomvc/examples/aurelia/jspm_packages/npm/todomvc-common@1.0.2/base.js in 229_PROFILING_INFO_
system-instrumented.js:2072 _PROFILING_INFO_start function p from ../todomvc/examples/aurelia/jspm_packages/system.js in 5_PROFILING_INFO_
system-instrumented.js:826 _PROFILING_INFO_start function S from ../todomvc/examples/aurelia/jspm_packages/system.js in 4_PROFILING_INFO_
system-instrumented.js:2720 _PROFILING_INFO_start function o from ../todomvc/examples/aurelia/jspm_packages/system.js in 5_PROFILING_INFO_
system-instrumented.js:2658 _PROFILING_INFO_start function a from ../todomvc/examples/aurelia/jspm_packages/system.js in 5_PROFILING_INFO_
system-instrumented.js:677 _PROFILING_INFO_start function h from ../todomvc/examples/aurelia/jspm_packages/system.js in 4_PROFILING_INFO_
system-instrumented.js:658 _PROFILING_INFO_start function p from ../todomvc/examples/aurelia/jspm_packages/system.js in 4_PROFILING_INFO_
system-instrumented.js:802 _PROFILING_INFO_start function w from ../todomvc/examples/aurelia/jspm_packages/system.js in 4_PROFILING_INFO_
system-instrumented.js:733 _PROFILING_INFO_start function v from ../todomvc/examples/aurelia/jspm_packages/system.js in 4_PROFILING_INFO_
system-instrumented.js:819 _PROFILING_INFO_start function x from ../todomvc/examples/aurelia/jspm_packages/system.js in 4_PROFILING_INFO_
system-instrumented.js:2663 _PROFILING_INFO_start function i from ../todomvc/examples/aurelia/jspm_packages/system.js in 5_PROFILING_INFO_
system-instrumented.js:2473 _PROFILING_INFO_start function t from ../todomvc/examples/aurelia/jspm_packages/system.js in 5_PROFILING_INFO_
