base-instrumented.js:5 _PROFILING_INFO_start function null from ../todomvc/examples/backbone/node_modules/todomvc-common/base.js in 2_PROFILING_INFO_
base-instrumented.js:11 _PROFILING_INFO_start function null from ../todomvc/examples/backbone/node_modules/todomvc-common/base.js in 8_PROFILING_INFO_
base-instrumented.js:136 _PROFILING_INFO_start function redirect from ../todomvc/examples/backbone/node_modules/todomvc-common/base.js in 126_PROFILING_INFO_
base-instrumented.js:153 _PROFILING_INFO_start function getFile from ../todomvc/examples/backbone/node_modules/todomvc-common/base.js in 137_PROFILING_INFO_
base-instrumented.js:145 _PROFILING_INFO_start function findRoot from ../todomvc/examples/backbone/node_modules/todomvc-common/base.js in 132_PROFILING_INFO_
base-instrumented.js:164 _PROFILING_INFO_start function null from ../todomvc/examples/backbone/node_modules/todomvc-common/base.js in 147_PROFILING_INFO_
base-instrumented.js:174 _PROFILING_INFO_start function Learn from ../todomvc/examples/backbone/node_modules/todomvc-common/base.js in 154_PROFILING_INFO_
base-instrumented.js:212 _PROFILING_INFO_start function null from ../todomvc/examples/backbone/node_modules/todomvc-common/base.js in 199_PROFILING_INFO_
base-instrumented.js:52 _PROFILING_INFO_start function null from ../todomvc/examples/backbone/node_modules/todomvc-common/base.js in 56_PROFILING_INFO_
base-instrumented.js:16 _PROFILING_INFO_start function null from ../todomvc/examples/backbone/node_modules/todomvc-common/base.js in 9_PROFILING_INFO_
base-instrumented.js:66 _PROFILING_INFO_start function null from ../todomvc/examples/backbone/node_modules/todomvc-common/base.js in 70_PROFILING_INFO_
base-instrumented.js:229 _PROFILING_INFO_start function null from ../todomvc/examples/backbone/node_modules/todomvc-common/base.js in 216_PROFILING_INFO_
base-instrumented.js:242 _PROFILING_INFO_start function null from ../todomvc/examples/backbone/node_modules/todomvc-common/base.js in 227_PROFILING_INFO_
jquery-instrumented.js:5 _PROFILING_INFO_start function null from ../todomvc/examples/backbone/node_modules/jquery/dist/jquery.js in 15_PROFILING_INFO_
jquery-instrumented.js:24 _PROFILING_INFO_start function null from ../todomvc/examples/backbone/node_modules/jquery/dist/jquery.js in 38_PROFILING_INFO_
jquery-instrumented.js:140 _PROFILING_INFO_start function null from ../todomvc/examples/backbone/node_modules/jquery/dist/jquery.js in 177_PROFILING_INFO_
jquery-instrumented.js:285 _PROFILING_INFO_start function null from ../todomvc/examples/backbone/node_modules/jquery/dist/jquery.js in 345_PROFILING_INFO_
jquery-instrumented.js:440 _PROFILING_INFO_start function isArraylike from ../todomvc/examples/backbone/node_modules/jquery/dist/jquery.js in 533_PROFILING_INFO_
jquery-instrumented.js:244 _PROFILING_INFO_start function null from ../todomvc/examples/backbone/node_modules/jquery/dist/jquery.js in 300_PROFILING_INFO_
jquery-instrumented.js:206 _PROFILING_INFO_start function null from ../todomvc/examples/backbone/node_modules/jquery/dist/jquery.js in 261_PROFILING_INFO_
jquery-instrumented.js:433 _PROFILING_INFO_start function null from ../todomvc/examples/backbone/node_modules/jquery/dist/jquery.js in 529_PROFILING_INFO_
jquery-instrumented.js:454 _PROFILING_INFO_start function null from ../todomvc/examples/backbone/node_modules/jquery/dist/jquery.js in 564_PROFILING_INFO_
jquery-instrumented.js:602 _PROFILING_INFO_start function createCache from ../todomvc/examples/backbone/node_modules/jquery/dist/jquery.js in 864_PROFILING_INFO_
jquery-instrumented.js:620 _PROFILING_INFO_start function markFunction from ../todomvc/examples/backbone/node_modules/jquery/dist/jquery.js in 882_PROFILING_INFO_
jquery-instrumented.js:701 _PROFILING_INFO_start function createPositionalPseudo from ../todomvc/examples/backbone/node_modules/jquery/dist/jquery.js in 977_PROFILING_INFO_
jquery-instrumented.js:673 _PROFILING_INFO_start function createInputPseudo from ../todomvc/examples/backbone/node_modules/jquery/dist/jquery.js in 955_PROFILING_INFO_
jquery-instrumented.js:687 _PROFILING_INFO_start function createButtonPseudo from ../todomvc/examples/backbone/node_modules/jquery/dist/jquery.js in 966_PROFILING_INFO_
jquery-instrumented.js:1592 _PROFILING_INFO_start function setFilters from ../todomvc/examples/backbone/node_modules/jquery/dist/jquery.js in 2009_PROFILING_INFO_
jquery-instrumented.js:459 _PROFILING_INFO_start function null from ../todomvc/examples/backbone/node_modules/jquery/dist/jquery.js in 596_PROFILING_INFO_
jquery-instrumented.js:742 _PROFILING_INFO_start function null from ../todomvc/examples/backbone/node_modules/jquery/dist/jquery.js in 1024_PROFILING_INFO_
jquery-instrumented.js:734 _PROFILING_INFO_start function null from ../todomvc/examples/backbone/node_modules/jquery/dist/jquery.js in 1012_PROFILING_INFO_
jquery-instrumented.js:628 _PROFILING_INFO_start function assert from ../todomvc/examples/backbone/node_modules/jquery/dist/jquery.js in 891_PROFILING_INFO_
jquery-instrumented.js:762 _PROFILING_INFO_start function null from ../todomvc/examples/backbone/node_modules/jquery/dist/jquery.js in 1061_PROFILING_INFO_
jquery-instrumented.js:770 _PROFILING_INFO_start function null from ../todomvc/examples/backbone/node_modules/jquery/dist/jquery.js in 1070_PROFILING_INFO_
jquery-instrumented.js:779 _PROFILING_INFO_start function null from ../todomvc/examples/backbone/node_modules/jquery/dist/jquery.js in 1082_PROFILING_INFO_
jquery-instrumented.js:868 _PROFILING_INFO_start function null from ../todomvc/examples/backbone/node_modules/jquery/dist/jquery.js in 1174_PROFILING_INFO_
jquery-instrumented.js:890 _PROFILING_INFO_start function null from ../todomvc/examples/backbone/node_modules/jquery/dist/jquery.js in 1218_PROFILING_INFO_
jquery-instrumented.js:909 _PROFILING_INFO_start function null from ../todomvc/examples/backbone/node_modules/jquery/dist/jquery.js in 1249_PROFILING_INFO_
jquery-instrumented.js:1990 _PROFILING_INFO_start function null from ../todomvc/examples/backbone/node_modules/jquery/dist/jquery.js in 2560_PROFILING_INFO_
jquery-instrumented.js:1997 _PROFILING_INFO_start function null from ../todomvc/examples/backbone/node_modules/jquery/dist/jquery.js in 2568_PROFILING_INFO_
jquery-instrumented.js:2015 _PROFILING_INFO_start function null from ../todomvc/examples/backbone/node_modules/jquery/dist/jquery.js in 2581_PROFILING_INFO_
jquery-instrumented.js:2034 _PROFILING_INFO_start function null from ../todomvc/examples/backbone/node_modules/jquery/dist/jquery.js in 2595_PROFILING_INFO_
jquery-instrumented.js:38 _PROFILING_INFO_start function null from ../todomvc/examples/backbone/node_modules/jquery/dist/jquery.js in 73_PROFILING_INFO_
jquery-instrumented.js:2167 _PROFILING_INFO_start function null from ../todomvc/examples/backbone/node_modules/jquery/dist/jquery.js in 2735_PROFILING_INFO_
jquery-instrumented.js:2426 _PROFILING_INFO_start function null from ../todomvc/examples/backbone/node_modules/jquery/dist/jquery.js in 3001_PROFILING_INFO_
jquery-instrumented.js:2863 _PROFILING_INFO_start function null from ../todomvc/examples/backbone/node_modules/jquery/dist/jquery.js in 3436_PROFILING_INFO_
jquery-instrumented.js:2657 _PROFILING_INFO_start function null from ../todomvc/examples/backbone/node_modules/jquery/dist/jquery.js in 3233_PROFILING_INFO_
jquery-instrumented.js:2471 _PROFILING_INFO_start function null from ../todomvc/examples/backbone/node_modules/jquery/dist/jquery.js in 3066_PROFILING_INFO_
jquery-instrumented.js:2456 _PROFILING_INFO_start function createOptions from ../todomvc/examples/backbone/node_modules/jquery/dist/jquery.js in 3036_PROFILING_INFO_
jquery-instrumented.js:2462 _PROFILING_INFO_start function null from ../todomvc/examples/backbone/node_modules/jquery/dist/jquery.js in 3038_PROFILING_INFO_
jquery-instrumented.js:2738 _PROFILING_INFO_start function null from ../todomvc/examples/backbone/node_modules/jquery/dist/jquery.js in 3282_PROFILING_INFO_
jquery-instrumented.js:2507 _PROFILING_INFO_start function null from ../todomvc/examples/backbone/node_modules/jquery/dist/jquery.js in 3120_PROFILING_INFO_
jquery-instrumented.js:2514 _PROFILING_INFO_start function add from ../todomvc/examples/backbone/node_modules/jquery/dist/jquery.js in 3124_PROFILING_INFO_
jquery-instrumented.js:2519 _PROFILING_INFO_start function null from ../todomvc/examples/backbone/node_modules/jquery/dist/jquery.js in 3125_PROFILING_INFO_
jquery-instrumented.js:2729 _PROFILING_INFO_start function null from ../todomvc/examples/backbone/node_modules/jquery/dist/jquery.js in 3272_PROFILING_INFO_
jquery-instrumented.js:2926 _PROFILING_INFO_start function Data from ../todomvc/examples/backbone/node_modules/jquery/dist/jquery.js in 3535_PROFILING_INFO_
jquery-instrumented.js:3360 _PROFILING_INFO_start function null from ../todomvc/examples/backbone/node_modules/jquery/dist/jquery.js in 4029_PROFILING_INFO_
jquery-instrumented.js:3895 _PROFILING_INFO_start function null from ../todomvc/examples/backbone/node_modules/jquery/dist/jquery.js in 4750_PROFILING_INFO_
jquery-instrumented.js:3922 _PROFILING_INFO_start function null from ../todomvc/examples/backbone/node_modules/jquery/dist/jquery.js in 4776_PROFILING_INFO_
jquery-instrumented.js:4574 _PROFILING_INFO_start function null from ../todomvc/examples/backbone/node_modules/jquery/dist/jquery.js in 5453_PROFILING_INFO_
jquery-instrumented.js:4681 _PROFILING_INFO_start function null from ../todomvc/examples/backbone/node_modules/jquery/dist/jquery.js in 5619_PROFILING_INFO_
jquery-instrumented.js:4976 _PROFILING_INFO_start function null from ../todomvc/examples/backbone/node_modules/jquery/dist/jquery.js in 6044_PROFILING_INFO_
jquery-instrumented.js:4662 _PROFILING_INFO_start function addGetHookIf from ../todomvc/examples/backbone/node_modules/jquery/dist/jquery.js in 5601_PROFILING_INFO_
jquery-instrumented.js:5023 _PROFILING_INFO_start function null from ../todomvc/examples/backbone/node_modules/jquery/dist/jquery.js in 6089_PROFILING_INFO_
jquery-instrumented.js:198 _PROFILING_INFO_start function null from ../todomvc/examples/backbone/node_modules/jquery/dist/jquery.js in 255_PROFILING_INFO_
jquery-instrumented.js:5715 _PROFILING_INFO_start function null from ../todomvc/examples/backbone/node_modules/jquery/dist/jquery.js in 6824_PROFILING_INFO_
jquery-instrumented.js:5255 _PROFILING_INFO_start function genFx from ../todomvc/examples/backbone/node_modules/jquery/dist/jquery.js in 6334_PROFILING_INFO_
jquery-instrumented.js:5736 _PROFILING_INFO_start function null from ../todomvc/examples/backbone/node_modules/jquery/dist/jquery.js in 6841_PROFILING_INFO_
jquery-instrumented.js:5825 _PROFILING_INFO_start function null from ../todomvc/examples/backbone/node_modules/jquery/dist/jquery.js in 6914_PROFILING_INFO_
jquery-instrumented.js:5946 _PROFILING_INFO_start function null from ../todomvc/examples/backbone/node_modules/jquery/dist/jquery.js in 7056_PROFILING_INFO_
jquery-instrumented.js:6053 _PROFILING_INFO_start function null from ../todomvc/examples/backbone/node_modules/jquery/dist/jquery.js in 7160_PROFILING_INFO_
jquery-instrumented.js:6296 _PROFILING_INFO_start function null from ../todomvc/examples/backbone/node_modules/jquery/dist/jquery.js in 7458_PROFILING_INFO_
jquery-instrumented.js:6322 _PROFILING_INFO_start function null from ../todomvc/examples/backbone/node_modules/jquery/dist/jquery.js in 7481_PROFILING_INFO_
jquery-instrumented.js:6402 _PROFILING_INFO_start function addToPrefiltersOrTransports from ../todomvc/examples/backbone/node_modules/jquery/dist/jquery.js in 7586_PROFILING_INFO_
jquery-instrumented.js:6921 _PROFILING_INFO_start function null from ../todomvc/examples/backbone/node_modules/jquery/dist/jquery.js in 8302_PROFILING_INFO_
jquery-instrumented.js:7172 _PROFILING_INFO_start function null from ../todomvc/examples/backbone/node_modules/jquery/dist/jquery.js in 8519_PROFILING_INFO_
jquery-instrumented.js:6407 _PROFILING_INFO_start function null from ../todomvc/examples/backbone/node_modules/jquery/dist/jquery.js in 7589_PROFILING_INFO_
jquery-instrumented.js:6622 _PROFILING_INFO_start function null from ../todomvc/examples/backbone/node_modules/jquery/dist/jquery.js in 7891_PROFILING_INFO_
jquery-instrumented.js:6460 _PROFILING_INFO_start function ajaxExtend from ../todomvc/examples/backbone/node_modules/jquery/dist/jquery.js in 7645_PROFILING_INFO_
jquery-instrumented.js:220 _PROFILING_INFO_start function null from ../todomvc/examples/backbone/node_modules/jquery/dist/jquery.js in 273_PROFILING_INFO_
jquery-instrumented.js:7482 _PROFILING_INFO_start function null from ../todomvc/examples/backbone/node_modules/jquery/dist/jquery.js in 8894_PROFILING_INFO_
jquery-instrumented.js:7638 _PROFILING_INFO_start function null from ../todomvc/examples/backbone/node_modules/jquery/dist/jquery.js in 9059_PROFILING_INFO_
jquery-instrumented.js:7669 _PROFILING_INFO_start function null from ../todomvc/examples/backbone/node_modules/jquery/dist/jquery.js in 9089_PROFILING_INFO_
jquery-instrumented.js:7688 _PROFILING_INFO_start function null from ../todomvc/examples/backbone/node_modules/jquery/dist/jquery.js in 9105_PROFILING_INFO_
jquery-instrumented.js:7697 _PROFILING_INFO_start function null from ../todomvc/examples/backbone/node_modules/jquery/dist/jquery.js in 9106_PROFILING_INFO_
underscore-instrumented.js:5 _PROFILING_INFO_start function null from ../todomvc/examples/backbone/node_modules/underscore/underscore.js in 6_PROFILING_INFO_
underscore-instrumented.js:148 _PROFILING_INFO_start function null from ../todomvc/examples/backbone/node_modules/underscore/underscore.js in 125_PROFILING_INFO_
underscore-instrumented.js:203 _PROFILING_INFO_start function createReduce from ../todomvc/examples/backbone/node_modules/underscore/underscore.js in 178_PROFILING_INFO_
underscore-instrumented.js:469 _PROFILING_INFO_start function null from ../todomvc/examples/backbone/node_modules/underscore/underscore.js in 394_PROFILING_INFO_
underscore-instrumented.js:745 _PROFILING_INFO_start function createPredicateIndexFinder from ../todomvc/examples/backbone/node_modules/underscore/underscore.js in 614_PROFILING_INFO_
underscore-instrumented.js:784 _PROFILING_INFO_start function createIndexFinder from ../todomvc/examples/backbone/node_modules/underscore/underscore.js in 644_PROFILING_INFO_
underscore-instrumented.js:867 _PROFILING_INFO_start function null from ../todomvc/examples/backbone/node_modules/underscore/underscore.js in 724_PROFILING_INFO_
underscore-instrumented.js:110 _PROFILING_INFO_start function null from ../todomvc/examples/backbone/node_modules/underscore/underscore.js in 98_PROFILING_INFO_
underscore-instrumented.js:171 _PROFILING_INFO_start function null from ../todomvc/examples/backbone/node_modules/underscore/underscore.js in 148_PROFILING_INFO_
underscore-instrumented.js:41 _PROFILING_INFO_start function null from ../todomvc/examples/backbone/node_modules/underscore/underscore.js in 63_PROFILING_INFO_
underscore-instrumented.js:163 _PROFILING_INFO_start function null from ../todomvc/examples/backbone/node_modules/underscore/underscore.js in 137_PROFILING_INFO_
underscore-instrumented.js:153 _PROFILING_INFO_start function null from ../todomvc/examples/backbone/node_modules/underscore/underscore.js in 126_PROFILING_INFO_
underscore-instrumented.js:1448 _PROFILING_INFO_start function null from ../todomvc/examples/backbone/node_modules/underscore/underscore.js in 1218_PROFILING_INFO_
underscore-instrumented.js:1453 _PROFILING_INFO_start function null from ../todomvc/examples/backbone/node_modules/underscore/underscore.js in 1219_PROFILING_INFO_
underscore-instrumented.js:1199 _PROFILING_INFO_start function null from ../todomvc/examples/backbone/node_modules/underscore/underscore.js in 986_PROFILING_INFO_
underscore-instrumented.js:1126 _PROFILING_INFO_start function null from ../todomvc/examples/backbone/node_modules/underscore/underscore.js in 928_PROFILING_INFO_
underscore-instrumented.js:1432 _PROFILING_INFO_start function null from ../todomvc/examples/backbone/node_modules/underscore/underscore.js in 1212_PROFILING_INFO_
underscore-instrumented.js:1626 _PROFILING_INFO_start function null from ../todomvc/examples/backbone/node_modules/underscore/underscore.js in 1347_PROFILING_INFO_
underscore-instrumented.js:1762 _PROFILING_INFO_start function null from ../todomvc/examples/backbone/node_modules/underscore/underscore.js in 1490_PROFILING_INFO_
underscore-instrumented.js:1211 _PROFILING_INFO_start function null from ../todomvc/examples/backbone/node_modules/underscore/underscore.js in 997_PROFILING_INFO_
underscore-instrumented.js:1471 _PROFILING_INFO_start function null from ../todomvc/examples/backbone/node_modules/underscore/underscore.js in 1235_PROFILING_INFO_
underscore-instrumented.js:1767 _PROFILING_INFO_start function null from ../todomvc/examples/backbone/node_modules/underscore/underscore.js in 1491_PROFILING_INFO_
underscore-instrumented.js:1793 _PROFILING_INFO_start function null from ../todomvc/examples/backbone/node_modules/underscore/underscore.js in 1505_PROFILING_INFO_
underscore-instrumented.js:1815 _PROFILING_INFO_start function null from ../todomvc/examples/backbone/node_modules/underscore/underscore.js in 1516_PROFILING_INFO_
backbone-instrumented.js:5 _PROFILING_INFO_start function null from ../todomvc/examples/backbone/node_modules/backbone/backbone.js in 8_PROFILING_INFO_
backbone-instrumented.js:33 _PROFILING_INFO_start function null from ../todomvc/examples/backbone/node_modules/backbone/backbone.js in 34_PROFILING_INFO_
underscore-instrumented.js:115 _PROFILING_INFO_start function null from ../todomvc/examples/backbone/node_modules/underscore/underscore.js in 99_PROFILING_INFO_
underscore-instrumented.js:1143 _PROFILING_INFO_start function null from ../todomvc/examples/backbone/node_modules/underscore/underscore.js in 939_PROFILING_INFO_
underscore-instrumented.js:1432 _PROFILING_INFO_start function null from ../todomvc/examples/backbone/node_modules/underscore/underscore.js in 1212_PROFILING_INFO_
backbone-instrumented.js:102 _PROFILING_INFO_start function null from ../todomvc/examples/backbone/node_modules/backbone/backbone.js in 99_PROFILING_INFO_
underscore-instrumented.js:171 _PROFILING_INFO_start function null from ../todomvc/examples/backbone/node_modules/underscore/underscore.js in 148_PROFILING_INFO_
underscore-instrumented.js:41 _PROFILING_INFO_start function null from ../todomvc/examples/backbone/node_modules/underscore/underscore.js in 63_PROFILING_INFO_
underscore-instrumented.js:163 _PROFILING_INFO_start function null from ../todomvc/examples/backbone/node_modules/underscore/underscore.js in 137_PROFILING_INFO_
underscore-instrumented.js:153 _PROFILING_INFO_start function null from ../todomvc/examples/backbone/node_modules/underscore/underscore.js in 126_PROFILING_INFO_
underscore-instrumented.js:1126 _PROFILING_INFO_start function null from ../todomvc/examples/backbone/node_modules/underscore/underscore.js in 928_PROFILING_INFO_
backbone-instrumented.js:107 _PROFILING_INFO_start function null from ../todomvc/examples/backbone/node_modules/backbone/backbone.js in 100_PROFILING_INFO_
backbone-instrumented.js:52 _PROFILING_INFO_start function null from ../todomvc/examples/backbone/node_modules/backbone/backbone.js in 78_PROFILING_INFO_
backbone-instrumented.js:1643 _PROFILING_INFO_start function null from ../todomvc/examples/backbone/node_modules/backbone/backbone.js in 1539_PROFILING_INFO_
underscore-instrumented.js:848 _PROFILING_INFO_start function null from ../todomvc/examples/backbone/node_modules/underscore/underscore.js in 711_PROFILING_INFO_
backbone.localStorage-instrumented.js:5 _PROFILING_INFO_start function null from ../todomvc/examples/backbone/node_modules/backbone.localstorage/backbone.localStorage.js in 7_PROFILING_INFO_
backbone.localStorage-instrumented.js:23 _PROFILING_INFO_start function null from ../todomvc/examples/backbone/node_modules/backbone.localstorage/backbone.localStorage.js in 19_PROFILING_INFO_
backbone.localStorage-instrumented.js:62 _PROFILING_INFO_start function extend from ../todomvc/examples/backbone/node_modules/backbone.localstorage/backbone.localStorage.js in 44_PROFILING_INFO_
todo-instrumented.js:6 _PROFILING_INFO_start function null from ../todomvc/examples/backbone/js/models/todo.js in 4_PROFILING_INFO_
backbone-instrumented.js:1898 _PROFILING_INFO_start function null from ../todomvc/examples/backbone/node_modules/backbone/backbone.js in 1841_PROFILING_INFO_
underscore-instrumented.js:1514 _PROFILING_INFO_start function null from ../todomvc/examples/backbone/node_modules/underscore/underscore.js in 1267_PROFILING_INFO_
underscore-instrumented.js:115 _PROFILING_INFO_start function null from ../todomvc/examples/backbone/node_modules/underscore/underscore.js in 99_PROFILING_INFO_
underscore-instrumented.js:1143 _PROFILING_INFO_start function null from ../todomvc/examples/backbone/node_modules/underscore/underscore.js in 939_PROFILING_INFO_
underscore-instrumented.js:1432 _PROFILING_INFO_start function null from ../todomvc/examples/backbone/node_modules/underscore/underscore.js in 1212_PROFILING_INFO_
backbone-instrumented.js:1917 _PROFILING_INFO_start function null from ../todomvc/examples/backbone/node_modules/backbone/backbone.js in 1859_PROFILING_INFO_
todos-instrumented.js:6 _PROFILING_INFO_start function null from ../todomvc/examples/backbone/js/collections/todos.js in 4_PROFILING_INFO_
backbone.localStorage-instrumented.js:81 _PROFILING_INFO_start function null from ../todomvc/examples/backbone/node_modules/backbone.localstorage/backbone.localStorage.js in 58_PROFILING_INFO_
backbone.localStorage-instrumented.js:180 _PROFILING_INFO_start function null from ../todomvc/examples/backbone/node_modules/backbone.localstorage/backbone.localStorage.js in 136_PROFILING_INFO_
backbone-instrumented.js:1898 _PROFILING_INFO_start function null from ../todomvc/examples/backbone/node_modules/backbone/backbone.js in 1841_PROFILING_INFO_
underscore-instrumented.js:1514 _PROFILING_INFO_start function null from ../todomvc/examples/backbone/node_modules/underscore/underscore.js in 1267_PROFILING_INFO_
underscore-instrumented.js:115 _PROFILING_INFO_start function null from ../todomvc/examples/backbone/node_modules/underscore/underscore.js in 99_PROFILING_INFO_
underscore-instrumented.js:1143 _PROFILING_INFO_start function null from ../todomvc/examples/backbone/node_modules/underscore/underscore.js in 939_PROFILING_INFO_
underscore-instrumented.js:1432 _PROFILING_INFO_start function null from ../todomvc/examples/backbone/node_modules/underscore/underscore.js in 1212_PROFILING_INFO_
backbone-instrumented.js:1917 _PROFILING_INFO_start function null from ../todomvc/examples/backbone/node_modules/backbone/backbone.js in 1859_PROFILING_INFO_
backbone-instrumented.js:1908 _PROFILING_INFO_start function null from ../todomvc/examples/backbone/node_modules/backbone/backbone.js in 1851_PROFILING_INFO_
backbone-instrumented.js:783 _PROFILING_INFO_start function null from ../todomvc/examples/backbone/node_modules/backbone/backbone.js in 754_PROFILING_INFO_
backbone-instrumented.js:1155 _PROFILING_INFO_start function null from ../todomvc/examples/backbone/node_modules/backbone/backbone.js in 1073_PROFILING_INFO_
backbone-instrumented.js:823 _PROFILING_INFO_start function null from ../todomvc/examples/backbone/node_modules/backbone/backbone.js in 785_PROFILING_INFO_
todo-view-instrumented.js:6 _PROFILING_INFO_start function null from ../todomvc/examples/backbone/js/views/todo-view.js in 4_PROFILING_INFO_
jquery-instrumented.js:38 _PROFILING_INFO_start function null from ../todomvc/examples/backbone/node_modules/jquery/dist/jquery.js in 73_PROFILING_INFO_
jquery-instrumented.js:2167 _PROFILING_INFO_start function null from ../todomvc/examples/backbone/node_modules/jquery/dist/jquery.js in 2735_PROFILING_INFO_
jquery-instrumented.js:4446 _PROFILING_INFO_start function null from ../todomvc/examples/backbone/node_modules/jquery/dist/jquery.js in 5299_PROFILING_INFO_
jquery-instrumented.js:2880 _PROFILING_INFO_start function null from ../todomvc/examples/backbone/node_modules/jquery/dist/jquery.js in 3468_PROFILING_INFO_
jquery-instrumented.js:244 _PROFILING_INFO_start function null from ../todomvc/examples/backbone/node_modules/jquery/dist/jquery.js in 300_PROFILING_INFO_
jquery-instrumented.js:4451 _PROFILING_INFO_start function null from ../todomvc/examples/backbone/node_modules/jquery/dist/jquery.js in 5300_PROFILING_INFO_
underscore-instrumented.js:1694 _PROFILING_INFO_start function null from ../todomvc/examples/backbone/node_modules/underscore/underscore.js in 1415_PROFILING_INFO_
underscore-instrumented.js:115 _PROFILING_INFO_start function null from ../todomvc/examples/backbone/node_modules/underscore/underscore.js in 99_PROFILING_INFO_
underscore-instrumented.js:1143 _PROFILING_INFO_start function null from ../todomvc/examples/backbone/node_modules/underscore/underscore.js in 939_PROFILING_INFO_
underscore-instrumented.js:1432 _PROFILING_INFO_start function null from ../todomvc/examples/backbone/node_modules/underscore/underscore.js in 1212_PROFILING_INFO_
underscore-instrumented.js:1709 _PROFILING_INFO_start function null from ../todomvc/examples/backbone/node_modules/underscore/underscore.js in 1429_PROFILING_INFO_
underscore-instrumented.js:1687 _PROFILING_INFO_start function null from ../todomvc/examples/backbone/node_modules/underscore/underscore.js in 1407_PROFILING_INFO_
backbone-instrumented.js:1898 _PROFILING_INFO_start function null from ../todomvc/examples/backbone/node_modules/backbone/backbone.js in 1841_PROFILING_INFO_
underscore-instrumented.js:1514 _PROFILING_INFO_start function null from ../todomvc/examples/backbone/node_modules/underscore/underscore.js in 1267_PROFILING_INFO_
backbone-instrumented.js:1917 _PROFILING_INFO_start function null from ../todomvc/examples/backbone/node_modules/backbone/backbone.js in 1859_PROFILING_INFO_
app-view-instrumented.js:6 _PROFILING_INFO_start function null from ../todomvc/examples/backbone/js/views/app-view.js in 4_PROFILING_INFO_
jquery-instrumented.js:38 _PROFILING_INFO_start function null from ../todomvc/examples/backbone/node_modules/jquery/dist/jquery.js in 73_PROFILING_INFO_
jquery-instrumented.js:2167 _PROFILING_INFO_start function null from ../todomvc/examples/backbone/node_modules/jquery/dist/jquery.js in 2735_PROFILING_INFO_
jquery-instrumented.js:4446 _PROFILING_INFO_start function null from ../todomvc/examples/backbone/node_modules/jquery/dist/jquery.js in 5299_PROFILING_INFO_
jquery-instrumented.js:2880 _PROFILING_INFO_start function null from ../todomvc/examples/backbone/node_modules/jquery/dist/jquery.js in 3468_PROFILING_INFO_
jquery-instrumented.js:244 _PROFILING_INFO_start function null from ../todomvc/examples/backbone/node_modules/jquery/dist/jquery.js in 300_PROFILING_INFO_
jquery-instrumented.js:4451 _PROFILING_INFO_start function null from ../todomvc/examples/backbone/node_modules/jquery/dist/jquery.js in 5300_PROFILING_INFO_
underscore-instrumented.js:1694 _PROFILING_INFO_start function null from ../todomvc/examples/backbone/node_modules/underscore/underscore.js in 1415_PROFILING_INFO_
underscore-instrumented.js:115 _PROFILING_INFO_start function null from ../todomvc/examples/backbone/node_modules/underscore/underscore.js in 99_PROFILING_INFO_
underscore-instrumented.js:1143 _PROFILING_INFO_start function null from ../todomvc/examples/backbone/node_modules/underscore/underscore.js in 939_PROFILING_INFO_
underscore-instrumented.js:1432 _PROFILING_INFO_start function null from ../todomvc/examples/backbone/node_modules/underscore/underscore.js in 1212_PROFILING_INFO_
underscore-instrumented.js:1709 _PROFILING_INFO_start function null from ../todomvc/examples/backbone/node_modules/underscore/underscore.js in 1429_PROFILING_INFO_
underscore-instrumented.js:1687 _PROFILING_INFO_start function null from ../todomvc/examples/backbone/node_modules/underscore/underscore.js in 1407_PROFILING_INFO_
backbone-instrumented.js:1898 _PROFILING_INFO_start function null from ../todomvc/examples/backbone/node_modules/backbone/backbone.js in 1841_PROFILING_INFO_
underscore-instrumented.js:1514 _PROFILING_INFO_start function null from ../todomvc/examples/backbone/node_modules/underscore/underscore.js in 1267_PROFILING_INFO_
backbone-instrumented.js:1917 _PROFILING_INFO_start function null from ../todomvc/examples/backbone/node_modules/backbone/backbone.js in 1859_PROFILING_INFO_
router-instrumented.js:6 _PROFILING_INFO_start function null from ../todomvc/examples/backbone/js/routers/router.js in 4_PROFILING_INFO_
backbone-instrumented.js:1898 _PROFILING_INFO_start function null from ../todomvc/examples/backbone/node_modules/backbone/backbone.js in 1841_PROFILING_INFO_
underscore-instrumented.js:1514 _PROFILING_INFO_start function null from ../todomvc/examples/backbone/node_modules/underscore/underscore.js in 1267_PROFILING_INFO_
underscore-instrumented.js:115 _PROFILING_INFO_start function null from ../todomvc/examples/backbone/node_modules/underscore/underscore.js in 99_PROFILING_INFO_
underscore-instrumented.js:1143 _PROFILING_INFO_start function null from ../todomvc/examples/backbone/node_modules/underscore/underscore.js in 939_PROFILING_INFO_
underscore-instrumented.js:1432 _PROFILING_INFO_start function null from ../todomvc/examples/backbone/node_modules/underscore/underscore.js in 1212_PROFILING_INFO_
backbone-instrumented.js:1917 _PROFILING_INFO_start function null from ../todomvc/examples/backbone/node_modules/backbone/backbone.js in 1859_PROFILING_INFO_
backbone-instrumented.js:1908 _PROFILING_INFO_start function null from ../todomvc/examples/backbone/node_modules/backbone/backbone.js in 1851_PROFILING_INFO_
backbone-instrumented.js:1533 _PROFILING_INFO_start function null from ../todomvc/examples/backbone/node_modules/backbone/backbone.js in 1435_PROFILING_INFO_
backbone-instrumented.js:1599 _PROFILING_INFO_start function null from ../todomvc/examples/backbone/node_modules/backbone/backbone.js in 1496_PROFILING_INFO_
underscore-instrumented.js:1652 _PROFILING_INFO_start function null from ../todomvc/examples/backbone/node_modules/underscore/underscore.js in 1365_PROFILING_INFO_
underscore-instrumented.js:1471 _PROFILING_INFO_start function null from ../todomvc/examples/backbone/node_modules/underscore/underscore.js in 1235_PROFILING_INFO_
underscore-instrumented.js:1126 _PROFILING_INFO_start function null from ../todomvc/examples/backbone/node_modules/underscore/underscore.js in 928_PROFILING_INFO_
backbone-instrumented.js:1555 _PROFILING_INFO_start function null from ../todomvc/examples/backbone/node_modules/backbone/backbone.js in 1462_PROFILING_INFO_
underscore-instrumented.js:1453 _PROFILING_INFO_start function null from ../todomvc/examples/backbone/node_modules/underscore/underscore.js in 1219_PROFILING_INFO_
backbone-instrumented.js:1612 _PROFILING_INFO_start function null from ../todomvc/examples/backbone/node_modules/backbone/backbone.js in 1507_PROFILING_INFO_
backbone-instrumented.js:1803 _PROFILING_INFO_start function null from ../todomvc/examples/backbone/node_modules/backbone/backbone.js in 1726_PROFILING_INFO_
backbone-instrumented.js:1549 _PROFILING_INFO_start function null from ../todomvc/examples/backbone/node_modules/backbone/backbone.js in 1454_PROFILING_INFO_
backbone-instrumented.js:1723 _PROFILING_INFO_start function null from ../todomvc/examples/backbone/node_modules/backbone/backbone.js in 1625_PROFILING_INFO_
backbone-instrumented.js:1709 _PROFILING_INFO_start function null from ../todomvc/examples/backbone/node_modules/backbone/backbone.js in 1612_PROFILING_INFO_
backbone-instrumented.js:1693 _PROFILING_INFO_start function null from ../todomvc/examples/backbone/node_modules/backbone/backbone.js in 1598_PROFILING_INFO_
backbone-instrumented.js:1828 _PROFILING_INFO_start function null from ../todomvc/examples/backbone/node_modules/backbone/backbone.js in 1749_PROFILING_INFO_
backbone-instrumented.js:1669 _PROFILING_INFO_start function null from ../todomvc/examples/backbone/node_modules/backbone/backbone.js in 1576_PROFILING_INFO_
backbone-instrumented.js:1678 _PROFILING_INFO_start function null from ../todomvc/examples/backbone/node_modules/backbone/backbone.js in 1585_PROFILING_INFO_
underscore-instrumented.js:287 _PROFILING_INFO_start function null from ../todomvc/examples/backbone/node_modules/underscore/underscore.js in 252_PROFILING_INFO_
underscore-instrumented.js:90 _PROFILING_INFO_start function null from ../todomvc/examples/backbone/node_modules/underscore/underscore.js in 87_PROFILING_INFO_
underscore-instrumented.js:41 _PROFILING_INFO_start function null from ../todomvc/examples/backbone/node_modules/underscore/underscore.js in 63_PROFILING_INFO_
underscore-instrumented.js:163 _PROFILING_INFO_start function null from ../todomvc/examples/backbone/node_modules/underscore/underscore.js in 137_PROFILING_INFO_
underscore-instrumented.js:153 _PROFILING_INFO_start function null from ../todomvc/examples/backbone/node_modules/underscore/underscore.js in 126_PROFILING_INFO_
backbone-instrumented.js:1836 _PROFILING_INFO_start function null from ../todomvc/examples/backbone/node_modules/backbone/backbone.js in 1753_PROFILING_INFO_
backbone-instrumented.js:1569 _PROFILING_INFO_start function null from ../todomvc/examples/backbone/node_modules/backbone/backbone.js in 1470_PROFILING_INFO_
backbone-instrumented.js:1626 _PROFILING_INFO_start function null from ../todomvc/examples/backbone/node_modules/backbone/backbone.js in 1520_PROFILING_INFO_
underscore-instrumented.js:190 _PROFILING_INFO_start function null from ../todomvc/examples/backbone/node_modules/underscore/underscore.js in 165_PROFILING_INFO_
backbone-instrumented.js:1632 _PROFILING_INFO_start function null from ../todomvc/examples/backbone/node_modules/backbone/backbone.js in 1522_PROFILING_INFO_
backbone-instrumented.js:1583 _PROFILING_INFO_start function null from ../todomvc/examples/backbone/node_modules/backbone/backbone.js in 1483_PROFILING_INFO_
router-instrumented.js:14 _PROFILING_INFO_start function null from ../todomvc/examples/backbone/js/routers/router.js in 14_PROFILING_INFO_
backbone-instrumented.js:349 _PROFILING_INFO_start function null from ../todomvc/examples/backbone/node_modules/backbone/backbone.js in 339_PROFILING_INFO_
jquery-instrumented.js:38 _PROFILING_INFO_start function null from ../todomvc/examples/backbone/node_modules/jquery/dist/jquery.js in 73_PROFILING_INFO_
jquery-instrumented.js:2167 _PROFILING_INFO_start function null from ../todomvc/examples/backbone/node_modules/jquery/dist/jquery.js in 2735_PROFILING_INFO_
jquery-instrumented.js:198 _PROFILING_INFO_start function null from ../todomvc/examples/backbone/node_modules/jquery/dist/jquery.js in 255_PROFILING_INFO_
jquery-instrumented.js:244 _PROFILING_INFO_start function null from ../todomvc/examples/backbone/node_modules/jquery/dist/jquery.js in 300_PROFILING_INFO_
jquery-instrumented.js:2813 _PROFILING_INFO_start function null from ../todomvc/examples/backbone/node_modules/jquery/dist/jquery.js in 3376_PROFILING_INFO_
jquery-instrumented.js:2863 _PROFILING_INFO_start function null from ../todomvc/examples/backbone/node_modules/jquery/dist/jquery.js in 3436_PROFILING_INFO_
jquery-instrumented.js:2729 _PROFILING_INFO_start function null from ../todomvc/examples/backbone/node_modules/jquery/dist/jquery.js in 3272_PROFILING_INFO_
jquery-instrumented.js:2507 _PROFILING_INFO_start function null from ../todomvc/examples/backbone/node_modules/jquery/dist/jquery.js in 3120_PROFILING_INFO_
jquery-instrumented.js:2514 _PROFILING_INFO_start function add from ../todomvc/examples/backbone/node_modules/jquery/dist/jquery.js in 3124_PROFILING_INFO_
jquery-instrumented.js:285 _PROFILING_INFO_start function null from ../todomvc/examples/backbone/node_modules/jquery/dist/jquery.js in 345_PROFILING_INFO_
jquery-instrumented.js:440 _PROFILING_INFO_start function isArraylike from ../todomvc/examples/backbone/node_modules/jquery/dist/jquery.js in 533_PROFILING_INFO_
jquery-instrumented.js:206 _PROFILING_INFO_start function null from ../todomvc/examples/backbone/node_modules/jquery/dist/jquery.js in 261_PROFILING_INFO_
jquery-instrumented.js:2519 _PROFILING_INFO_start function null from ../todomvc/examples/backbone/node_modules/jquery/dist/jquery.js in 3125_PROFILING_INFO_
jquery-instrumented.js:2854 _PROFILING_INFO_start function completed from ../todomvc/examples/backbone/node_modules/jquery/dist/jquery.js in 3430_PROFILING_INFO_
jquery-instrumented.js:2835 _PROFILING_INFO_start function null from ../todomvc/examples/backbone/node_modules/jquery/dist/jquery.js in 3401_PROFILING_INFO_
jquery-instrumented.js:2619 _PROFILING_INFO_start function null from ../todomvc/examples/backbone/node_modules/jquery/dist/jquery.js in 3204_PROFILING_INFO_
jquery-instrumented.js:2477 _PROFILING_INFO_start function null from ../todomvc/examples/backbone/node_modules/jquery/dist/jquery.js in 3091_PROFILING_INFO_
jquery-instrumented.js:2746 _PROFILING_INFO_start function null from ../todomvc/examples/backbone/node_modules/jquery/dist/jquery.js in 3291_PROFILING_INFO_
jquery-instrumented.js:2586 _PROFILING_INFO_start function null from ../todomvc/examples/backbone/node_modules/jquery/dist/jquery.js in 3183_PROFILING_INFO_
jquery-instrumented.js:2601 _PROFILING_INFO_start function null from ../todomvc/examples/backbone/node_modules/jquery/dist/jquery.js in 3192_PROFILING_INFO_
app-instrumented.js:8 _PROFILING_INFO_start function null from ../todomvc/examples/backbone/js/app.js in 7_PROFILING_INFO_
backbone-instrumented.js:1908 _PROFILING_INFO_start function null from ../todomvc/examples/backbone/node_modules/backbone/backbone.js in 1851_PROFILING_INFO_
backbone-instrumented.js:1307 _PROFILING_INFO_start function null from ../todomvc/examples/backbone/node_modules/backbone/backbone.js in 1187_PROFILING_INFO_
underscore-instrumented.js:1664 _PROFILING_INFO_start function null from ../todomvc/examples/backbone/node_modules/underscore/underscore.js in 1376_PROFILING_INFO_
underscore-instrumented.js:1238 _PROFILING_INFO_start function null from ../todomvc/examples/backbone/node_modules/underscore/underscore.js in 1023_PROFILING_INFO_
underscore-instrumented.js:115 _PROFILING_INFO_start function null from ../todomvc/examples/backbone/node_modules/underscore/underscore.js in 99_PROFILING_INFO_
underscore-instrumented.js:1143 _PROFILING_INFO_start function null from ../todomvc/examples/backbone/node_modules/underscore/underscore.js in 939_PROFILING_INFO_
underscore-instrumented.js:1432 _PROFILING_INFO_start function null from ../todomvc/examples/backbone/node_modules/underscore/underscore.js in 1212_PROFILING_INFO_
backbone-instrumented.js:1436 _PROFILING_INFO_start function null from ../todomvc/examples/backbone/node_modules/backbone/backbone.js in 1317_PROFILING_INFO_
underscore-instrumented.js:1652 _PROFILING_INFO_start function null from ../todomvc/examples/backbone/node_modules/underscore/underscore.js in 1365_PROFILING_INFO_
underscore-instrumented.js:1471 _PROFILING_INFO_start function null from ../todomvc/examples/backbone/node_modules/underscore/underscore.js in 1235_PROFILING_INFO_
backbone-instrumented.js:1366 _PROFILING_INFO_start function null from ../todomvc/examples/backbone/node_modules/backbone/backbone.js in 1240_PROFILING_INFO_
backbone-instrumented.js:1412 _PROFILING_INFO_start function null from ../todomvc/examples/backbone/node_modules/backbone/backbone.js in 1295_PROFILING_INFO_
backbone-instrumented.js:1376 _PROFILING_INFO_start function null from ../todomvc/examples/backbone/node_modules/backbone/backbone.js in 1252_PROFILING_INFO_
jquery-instrumented.js:2119 _PROFILING_INFO_start function null from ../todomvc/examples/backbone/node_modules/jquery/dist/jquery.js in 2678_PROFILING_INFO_
jquery-instrumented.js:526 _PROFILING_INFO_start function Sizzle from ../todomvc/examples/backbone/node_modules/jquery/dist/jquery.js in 750_PROFILING_INFO_
jquery-instrumented.js:70 _PROFILING_INFO_start function null from ../todomvc/examples/backbone/node_modules/jquery/dist/jquery.js in 122_PROFILING_INFO_
jquery-instrumented.js:355 _PROFILING_INFO_start function null from ../todomvc/examples/backbone/node_modules/jquery/dist/jquery.js in 423_PROFILING_INFO_
backbone-instrumented.js:1384 _PROFILING_INFO_start function null from ../todomvc/examples/backbone/node_modules/backbone/backbone.js in 1270_PROFILING_INFO_
jquery-instrumented.js:4024 _PROFILING_INFO_start function null from ../todomvc/examples/backbone/node_modules/jquery/dist/jquery.js in 4867_PROFILING_INFO_
jquery-instrumented.js:80 _PROFILING_INFO_start function null from ../todomvc/examples/backbone/node_modules/jquery/dist/jquery.js in 138_PROFILING_INFO_
jquery-instrumented.js:4048 _PROFILING_INFO_start function null from ../todomvc/examples/backbone/node_modules/jquery/dist/jquery.js in 4894_PROFILING_INFO_
jquery-instrumented.js:3477 _PROFILING_INFO_start function null from ../todomvc/examples/backbone/node_modules/jquery/dist/jquery.js in 4194_PROFILING_INFO_
jquery-instrumented.js:3038 _PROFILING_INFO_start function null from ../todomvc/examples/backbone/node_modules/jquery/dist/jquery.js in 3696_PROFILING_INFO_
jquery-instrumented.js:233 _PROFILING_INFO_start function null from ../todomvc/examples/backbone/node_modules/jquery/dist/jquery.js in 292_PROFILING_INFO_
underscore-instrumented.js:848 _PROFILING_INFO_start function null from ../todomvc/examples/backbone/node_modules/underscore/underscore.js in 711_PROFILING_INFO_
backbone-instrumented.js:1404 _PROFILING_INFO_start function null from ../todomvc/examples/backbone/node_modules/backbone/backbone.js in 1287_PROFILING_INFO_
jquery-instrumented.js:3963 _PROFILING_INFO_start function null from ../todomvc/examples/backbone/node_modules/jquery/dist/jquery.js in 4811_PROFILING_INFO_
jquery-instrumented.js:4009 _PROFILING_INFO_start function null from ../todomvc/examples/backbone/node_modules/jquery/dist/jquery.js in 4860_PROFILING_INFO_
jquery-instrumented.js:3403 _PROFILING_INFO_start function null from ../todomvc/examples/backbone/node_modules/jquery/dist/jquery.js in 4088_PROFILING_INFO_
jquery-instrumented.js:2988 _PROFILING_INFO_start function null from ../todomvc/examples/backbone/node_modules/jquery/dist/jquery.js in 3614_PROFILING_INFO_
jquery-instrumented.js:2945 _PROFILING_INFO_start function null from ../todomvc/examples/backbone/node_modules/jquery/dist/jquery.js in 3552_PROFILING_INFO_
jquery-instrumented.js:2919 _PROFILING_INFO_start function null from ../todomvc/examples/backbone/node_modules/jquery/dist/jquery.js in 3523_PROFILING_INFO_
jquery-instrumented.js:140 _PROFILING_INFO_start function null from ../todomvc/examples/backbone/node_modules/jquery/dist/jquery.js in 177_PROFILING_INFO_
app-view-instrumented.js:20 _PROFILING_INFO_start function null from ../todomvc/examples/backbone/js/views/app-view.js in 30_PROFILING_INFO_
backbone-instrumented.js:1330 _PROFILING_INFO_start function null from ../todomvc/examples/backbone/node_modules/backbone/backbone.js in 1208_PROFILING_INFO_
backbone-instrumented.js:195 _PROFILING_INFO_start function null from ../todomvc/examples/backbone/node_modules/backbone/backbone.js in 185_PROFILING_INFO_
backbone-instrumented.js:179 _PROFILING_INFO_start function null from ../todomvc/examples/backbone/node_modules/backbone/backbone.js in 167_PROFILING_INFO_
backbone-instrumented.js:151 _PROFILING_INFO_start function null from ../todomvc/examples/backbone/node_modules/backbone/backbone.js in 140_PROFILING_INFO_
backbone-instrumented.js:218 _PROFILING_INFO_start function null from ../todomvc/examples/backbone/node_modules/backbone/backbone.js in 204_PROFILING_INFO_
underscore-instrumented.js:984 _PROFILING_INFO_start function null from ../todomvc/examples/backbone/node_modules/underscore/underscore.js in 817_PROFILING_INFO_
backbone-instrumented.js:1082 _PROFILING_INFO_start function null from ../todomvc/examples/backbone/node_modules/backbone/backbone.js in 1019_PROFILING_INFO_
backbone-instrumented.js:1939 _PROFILING_INFO_start function null from ../todomvc/examples/backbone/node_modules/backbone/backbone.js in 1883_PROFILING_INFO_
backbone-instrumented.js:842 _PROFILING_INFO_start function null from ../todomvc/examples/backbone/node_modules/backbone/backbone.js in 794_PROFILING_INFO_
backbone.localStorage-instrumented.js:283 _PROFILING_INFO_start function null from ../todomvc/examples/backbone/node_modules/backbone.localstorage/backbone.localStorage.js in 253_PROFILING_INFO_
backbone.localStorage-instrumented.js:272 _PROFILING_INFO_start function null from ../todomvc/examples/backbone/node_modules/backbone.localstorage/backbone.localStorage.js in 241_PROFILING_INFO_
backbone.localStorage-instrumented.js:71 _PROFILING_INFO_start function result from ../todomvc/examples/backbone/node_modules/backbone.localstorage/backbone.localStorage.js in 49_PROFILING_INFO_
backbone.localStorage-instrumented.js:216 _PROFILING_INFO_start function null from ../todomvc/examples/backbone/node_modules/backbone.localstorage/backbone.localStorage.js in 172_PROFILING_INFO_
jquery-instrumented.js:2657 _PROFILING_INFO_start function null from ../todomvc/examples/backbone/node_modules/jquery/dist/jquery.js in 3233_PROFILING_INFO_
jquery-instrumented.js:2471 _PROFILING_INFO_start function null from ../todomvc/examples/backbone/node_modules/jquery/dist/jquery.js in 3066_PROFILING_INFO_
jquery-instrumented.js:2738 _PROFILING_INFO_start function null from ../todomvc/examples/backbone/node_modules/jquery/dist/jquery.js in 3282_PROFILING_INFO_
backbone.localStorage-instrumented.js:151 _PROFILING_INFO_start function null from ../todomvc/examples/backbone/node_modules/backbone.localstorage/backbone.localStorage.js in 113_PROFILING_INFO_
backbone-instrumented.js:1090 _PROFILING_INFO_start function null from ../todomvc/examples/backbone/node_modules/backbone/backbone.js in 1023_PROFILING_INFO_
backbone-instrumented.js:968 _PROFILING_INFO_start function null from ../todomvc/examples/backbone/node_modules/backbone/backbone.js in 926_PROFILING_INFO_
underscore-instrumented.js:1298 _PROFILING_INFO_start function null from ../todomvc/examples/backbone/node_modules/underscore/underscore.js in 1068_PROFILING_INFO_
backbone-instrumented.js:1155 _PROFILING_INFO_start function null from ../todomvc/examples/backbone/node_modules/backbone/backbone.js in 1073_PROFILING_INFO_
backbone-instrumented.js:849 _PROFILING_INFO_start function null from ../todomvc/examples/backbone/node_modules/backbone/backbone.js in 801_PROFILING_INFO_
backbone-instrumented.js:869 _PROFILING_INFO_start function null from ../todomvc/examples/backbone/node_modules/backbone/backbone.js in 819_PROFILING_INFO_
backbone-instrumented.js:1204 _PROFILING_INFO_start function null from ../todomvc/examples/backbone/node_modules/backbone/backbone.js in 1118_PROFILING_INFO_
backbone-instrumented.js:1131 _PROFILING_INFO_start function null from ../todomvc/examples/backbone/node_modules/backbone/backbone.js in 1054_PROFILING_INFO_
underscore-instrumented.js:1453 _PROFILING_INFO_start function null from ../todomvc/examples/backbone/node_modules/underscore/underscore.js in 1219_PROFILING_INFO_
backbone-instrumented.js:349 _PROFILING_INFO_start function null from ../todomvc/examples/backbone/node_modules/backbone/backbone.js in 339_PROFILING_INFO_
backbone-instrumented.js:363 _PROFILING_INFO_start function null from ../todomvc/examples/backbone/node_modules/backbone/backbone.js in 351_PROFILING_INFO_
backbone-instrumented.js:380 _PROFILING_INFO_start function null from ../todomvc/examples/backbone/node_modules/backbone/backbone.js in 365_PROFILING_INFO_
app-view-instrumented.js:66 _PROFILING_INFO_start function null from ../todomvc/examples/backbone/js/views/app-view.js in 84_PROFILING_INFO_
jquery-instrumented.js:4446 _PROFILING_INFO_start function null from ../todomvc/examples/backbone/node_modules/jquery/dist/jquery.js in 5299_PROFILING_INFO_
jquery-instrumented.js:2880 _PROFILING_INFO_start function null from ../todomvc/examples/backbone/node_modules/jquery/dist/jquery.js in 3468_PROFILING_INFO_
jquery-instrumented.js:4451 _PROFILING_INFO_start function null from ../todomvc/examples/backbone/node_modules/jquery/dist/jquery.js in 5300_PROFILING_INFO_
jquery-instrumented.js:4182 _PROFILING_INFO_start function getAll from ../todomvc/examples/backbone/node_modules/jquery/dist/jquery.js in 5018_PROFILING_INFO_
jquery-instrumented.js:4286 _PROFILING_INFO_start function null from ../todomvc/examples/backbone/node_modules/jquery/dist/jquery.js in 5171_PROFILING_INFO_
backbone-instrumented.js:75 _PROFILING_INFO_start function null from ../todomvc/examples/backbone/node_modules/backbone/backbone.js in 86_PROFILING_INFO_
backbone-instrumented.js:116 _PROFILING_INFO_start function null from ../todomvc/examples/backbone/node_modules/backbone/backbone.js in 106_PROFILING_INFO_
underscore-instrumented.js:171 _PROFILING_INFO_start function null from ../todomvc/examples/backbone/node_modules/underscore/underscore.js in 148_PROFILING_INFO_
underscore-instrumented.js:41 _PROFILING_INFO_start function null from ../todomvc/examples/backbone/node_modules/underscore/underscore.js in 63_PROFILING_INFO_
underscore-instrumented.js:163 _PROFILING_INFO_start function null from ../todomvc/examples/backbone/node_modules/underscore/underscore.js in 137_PROFILING_INFO_
underscore-instrumented.js:153 _PROFILING_INFO_start function null from ../todomvc/examples/backbone/node_modules/underscore/underscore.js in 126_PROFILING_INFO_
underscore-instrumented.js:1007 _PROFILING_INFO_start function null from ../todomvc/examples/backbone/node_modules/underscore/underscore.js in 834_PROFILING_INFO_
jquery-instrumented.js:2754 _PROFILING_INFO_start function null from ../todomvc/examples/backbone/node_modules/jquery/dist/jquery.js in 3300_PROFILING_INFO_
jquery-instrumented.js:4069 _PROFILING_INFO_start function null from ../todomvc/examples/backbone/node_modules/jquery/dist/jquery.js in 4904_PROFILING_INFO_
jquery-instrumented.js:3527 _PROFILING_INFO_start function null from ../todomvc/examples/backbone/node_modules/jquery/dist/jquery.js in 4264_PROFILING_INFO_
jquery-instrumented.js:3830 _PROFILING_INFO_start function null from ../todomvc/examples/backbone/node_modules/jquery/dist/jquery.js in 4668_PROFILING_INFO_
jquery-instrumented.js:3384 _PROFILING_INFO_start function returnFalse from ../todomvc/examples/backbone/node_modules/jquery/dist/jquery.js in 4070_PROFILING_INFO_
underscore-instrumented.js:990 _PROFILING_INFO_start function null from ../todomvc/examples/backbone/node_modules/underscore/underscore.js in 820_PROFILING_INFO_
app-view-instrumented.js:37 _PROFILING_INFO_start function null from ../todomvc/examples/backbone/js/views/app-view.js in 51_PROFILING_INFO_
todos-instrumented.js:15 _PROFILING_INFO_start function null from ../todomvc/examples/backbone/js/collections/todos.js in 20_PROFILING_INFO_
backbone-instrumented.js:1040 _PROFILING_INFO_start function null from ../todomvc/examples/backbone/node_modules/backbone/backbone.js in 980_PROFILING_INFO_
backbone-instrumented.js:135 _PROFILING_INFO_start function null from ../todomvc/examples/backbone/node_modules/backbone/backbone.js in 112_PROFILING_INFO_
underscore-instrumented.js:1574 _PROFILING_INFO_start function null from ../todomvc/examples/backbone/node_modules/underscore/underscore.js in 1306_PROFILING_INFO_
underscore-instrumented.js:1126 _PROFILING_INFO_start function null from ../todomvc/examples/backbone/node_modules/underscore/underscore.js in 928_PROFILING_INFO_
underscore-instrumented.js:249 _PROFILING_INFO_start function null from ../todomvc/examples/backbone/node_modules/underscore/underscore.js in 223_PROFILING_INFO_
underscore-instrumented.js:90 _PROFILING_INFO_start function null from ../todomvc/examples/backbone/node_modules/underscore/underscore.js in 87_PROFILING_INFO_
todos-instrumented.js:22 _PROFILING_INFO_start function null from ../todomvc/examples/backbone/js/collections/todos.js in 25_PROFILING_INFO_
jquery-instrumented.js:5721 _PROFILING_INFO_start function null from ../todomvc/examples/backbone/node_modules/jquery/dist/jquery.js in 6826_PROFILING_INFO_
jquery-instrumented.js:5075 _PROFILING_INFO_start function null from ../todomvc/examples/backbone/node_modules/jquery/dist/jquery.js in 6138_PROFILING_INFO_
jquery-instrumented.js:4845 _PROFILING_INFO_start function showHide from ../todomvc/examples/backbone/node_modules/jquery/dist/jquery.js in 5859_PROFILING_INFO_
jquery-instrumented.js:3351 _PROFILING_INFO_start function null from ../todomvc/examples/backbone/node_modules/jquery/dist/jquery.js in 4018_PROFILING_INFO_
jquery-instrumented.js:4949 _PROFILING_INFO_start function null from ../todomvc/examples/backbone/node_modules/jquery/dist/jquery.js in 6010_PROFILING_INFO_
jquery-instrumented.js:271 _PROFILING_INFO_start function null from ../todomvc/examples/backbone/node_modules/jquery/dist/jquery.js in 336_PROFILING_INFO_
jquery-instrumented.js:4775 _PROFILING_INFO_start function vendorPropName from ../todomvc/examples/backbone/node_modules/jquery/dist/jquery.js in 5746_PROFILING_INFO_
jquery-instrumented.js:4635 _PROFILING_INFO_start function curCSS from ../todomvc/examples/backbone/node_modules/jquery/dist/jquery.js in 5553_PROFILING_INFO_
jquery-instrumented.js:4625 _PROFILING_INFO_start function null from ../todomvc/examples/backbone/node_modules/jquery/dist/jquery.js in 5540_PROFILING_INFO_
jquery-instrumented.js:1024 _PROFILING_INFO_start function null from ../todomvc/examples/backbone/node_modules/jquery/dist/jquery.js in 1428_PROFILING_INFO_
jquery-instrumented.js:922 _PROFILING_INFO_start function null from ../todomvc/examples/backbone/node_modules/jquery/dist/jquery.js in 1272_PROFILING_INFO_
jquery-instrumented.js:2969 _PROFILING_INFO_start function null from ../todomvc/examples/backbone/node_modules/jquery/dist/jquery.js in 3588_PROFILING_INFO_
jquery-instrumented.js:3424 _PROFILING_INFO_start function null from ../todomvc/examples/backbone/node_modules/jquery/dist/jquery.js in 4117_PROFILING_INFO_
jquery-instrumented.js:3606 _PROFILING_INFO_start function null from ../todomvc/examples/backbone/node_modules/jquery/dist/jquery.js in 4396_PROFILING_INFO_
jquery-instrumented.js:3715 _PROFILING_INFO_start function null from ../todomvc/examples/backbone/node_modules/jquery/dist/jquery.js in 4545_PROFILING_INFO_
jquery-instrumented.js:3683 _PROFILING_INFO_start function null from ../todomvc/examples/backbone/node_modules/jquery/dist/jquery.js in 4508_PROFILING_INFO_
jquery-instrumented.js:3642 _PROFILING_INFO_start function null from ../todomvc/examples/backbone/node_modules/jquery/dist/jquery.js in 4455_PROFILING_INFO_
jquery-instrumented.js:1947 _PROFILING_INFO_start function null from ../todomvc/examples/backbone/node_modules/jquery/dist/jquery.js in 2476_PROFILING_INFO_
jquery-instrumented.js:1923 _PROFILING_INFO_start function null from ../todomvc/examples/backbone/node_modules/jquery/dist/jquery.js in 2437_PROFILING_INFO_
jquery-instrumented.js:1600 _PROFILING_INFO_start function null from ../todomvc/examples/backbone/node_modules/jquery/dist/jquery.js in 2013_PROFILING_INFO_
jquery-instrumented.js:608 _PROFILING_INFO_start function cache from ../todomvc/examples/backbone/node_modules/jquery/dist/jquery.js in 867_PROFILING_INFO_
jquery-instrumented.js:1813 _PROFILING_INFO_start function matcherFromTokens from ../todomvc/examples/backbone/node_modules/jquery/dist/jquery.js in 2280_PROFILING_INFO_
jquery-instrumented.js:1656 _PROFILING_INFO_start function addCombinator from ../todomvc/examples/backbone/node_modules/jquery/dist/jquery.js in 2090_PROFILING_INFO_
jquery-instrumented.js:1184 _PROFILING_INFO_start function null from ../todomvc/examples/backbone/node_modules/jquery/dist/jquery.js in 1635_PROFILING_INFO_
jquery-instrumented.js:1706 _PROFILING_INFO_start function elementMatcher from ../todomvc/examples/backbone/node_modules/jquery/dist/jquery.js in 2143_PROFILING_INFO_
jquery-instrumented.js:1858 _PROFILING_INFO_start function matcherFromGroupMatchers from ../todomvc/examples/backbone/node_modules/jquery/dist/jquery.js in 2338_PROFILING_INFO_
jquery-instrumented.js:1863 _PROFILING_INFO_start function null from ../todomvc/examples/backbone/node_modules/jquery/dist/jquery.js in 2341_PROFILING_INFO_
jquery-instrumented.js:1711 _PROFILING_INFO_start function null from ../todomvc/examples/backbone/node_modules/jquery/dist/jquery.js in 2145_PROFILING_INFO_
jquery-instrumented.js:1190 _PROFILING_INFO_start function null from ../todomvc/examples/backbone/node_modules/jquery/dist/jquery.js in 1640_PROFILING_INFO_
jquery-instrumented.js:1830 _PROFILING_INFO_start function null from ../todomvc/examples/backbone/node_modules/jquery/dist/jquery.js in 2294_PROFILING_INFO_
jquery-instrumented.js:1672 _PROFILING_INFO_start function null from ../todomvc/examples/backbone/node_modules/jquery/dist/jquery.js in 2106_PROFILING_INFO_
jquery-instrumented.js:1818 _PROFILING_INFO_start function null from ../todomvc/examples/backbone/node_modules/jquery/dist/jquery.js in 2288_PROFILING_INFO_
app-view-instrumented.js:99 _PROFILING_INFO_start function null from ../todomvc/examples/backbone/js/views/app-view.js in 108_PROFILING_INFO_
jquery-instrumented.js:6190 _PROFILING_INFO_start function null from ../todomvc/examples/backbone/node_modules/jquery/dist/jquery.js in 7322_PROFILING_INFO_
app-view-instrumented.js:88 _PROFILING_INFO_start function null from ../todomvc/examples/backbone/js/views/app-view.js in 98_PROFILING_INFO_
todos-instrumented.js:29 _PROFILING_INFO_start function null from ../todomvc/examples/backbone/js/collections/todos.js in 31_PROFILING_INFO_
backbone-instrumented.js:1104 _PROFILING_INFO_start function null from ../todomvc/examples/backbone/node_modules/backbone/backbone.js in 1036_PROFILING_INFO_
backbone-instrumented.js:1164 _PROFILING_INFO_start function null from ../todomvc/examples/backbone/node_modules/backbone/backbone.js in 1081_PROFILING_INFO_
backbone-instrumented.js:412 _PROFILING_INFO_start function null from ../todomvc/examples/backbone/node_modules/backbone/backbone.js in 394_PROFILING_INFO_
backbone-instrumented.js:483 _PROFILING_INFO_start function null from ../todomvc/examples/backbone/node_modules/backbone/backbone.js in 463_PROFILING_INFO_
backbone-instrumented.js:757 _PROFILING_INFO_start function null from ../todomvc/examples/backbone/node_modules/backbone/backbone.js in 722_PROFILING_INFO_
underscore-instrumented.js:1400 _PROFILING_INFO_start function null from ../todomvc/examples/backbone/node_modules/underscore/underscore.js in 1188_PROFILING_INFO_
underscore-instrumented.js:1331 _PROFILING_INFO_start function null from ../todomvc/examples/backbone/node_modules/underscore/underscore.js in 1095_PROFILING_INFO_
backbone-instrumented.js:455 _PROFILING_INFO_start function null from ../todomvc/examples/backbone/node_modules/backbone/backbone.js in 440_PROFILING_INFO_
backbone-instrumented.js:435 _PROFILING_INFO_start function null from ../todomvc/examples/backbone/node_modules/backbone/backbone.js in 426_PROFILING_INFO_
backbone-instrumented.js:1021 _PROFILING_INFO_start function null from ../todomvc/examples/backbone/node_modules/backbone/backbone.js in 966_PROFILING_INFO_
backbone-instrumented.js:1148 _PROFILING_INFO_start function null from ../todomvc/examples/backbone/node_modules/backbone/backbone.js in 1067_PROFILING_INFO_
backbone-instrumented.js:1211 _PROFILING_INFO_start function null from ../todomvc/examples/backbone/node_modules/backbone/backbone.js in 1123_PROFILING_INFO_
backbone-instrumented.js:172 _PROFILING_INFO_start function null from ../todomvc/examples/backbone/node_modules/backbone/backbone.js in 162_PROFILING_INFO_
backbone-instrumented.js:807 _PROFILING_INFO_start function null from ../todomvc/examples/backbone/node_modules/backbone/backbone.js in 768_PROFILING_INFO_
backbone-instrumented.js:1054 _PROFILING_INFO_start function null from ../todomvc/examples/backbone/node_modules/backbone/backbone.js in 993_PROFILING_INFO_
underscore-instrumented.js:437 _PROFILING_INFO_start function null from ../todomvc/examples/backbone/node_modules/underscore/underscore.js in 374_PROFILING_INFO_
underscore-instrumented.js:190 _PROFILING_INFO_start function null from ../todomvc/examples/backbone/node_modules/underscore/underscore.js in 165_PROFILING_INFO_
underscore-instrumented.js:443 _PROFILING_INFO_start function null from ../todomvc/examples/backbone/node_modules/underscore/underscore.js in 376_PROFILING_INFO_
backbone-instrumented.js:126 _PROFILING_INFO_start function null from ../todomvc/examples/backbone/node_modules/backbone/backbone.js in 109_PROFILING_INFO_
underscore-instrumented.js:328 _PROFILING_INFO_start function null from ../todomvc/examples/backbone/node_modules/underscore/underscore.js in 282_PROFILING_INFO_
underscore-instrumented.js:148 _PROFILING_INFO_start function null from ../todomvc/examples/backbone/node_modules/underscore/underscore.js in 125_PROFILING_INFO_
backbone-instrumented.js:1235 _PROFILING_INFO_start function null from ../todomvc/examples/backbone/node_modules/backbone/backbone.js in 1143_PROFILING_INFO_
app-view-instrumented.js:58 _PROFILING_INFO_start function null from ../todomvc/examples/backbone/js/views/app-view.js in 78_PROFILING_INFO_
underscore-instrumented.js:603 _PROFILING_INFO_start function null from ../todomvc/examples/backbone/node_modules/underscore/underscore.js in 490_PROFILING_INFO_
underscore-instrumented.js:1251 _PROFILING_INFO_start function null from ../todomvc/examples/backbone/node_modules/underscore/underscore.js in 1031_PROFILING_INFO_
backbone-instrumented.js:1429 _PROFILING_INFO_start function null from ../todomvc/examples/backbone/node_modules/backbone/backbone.js in 1309_PROFILING_INFO_
jquery-instrumented.js:3935 _PROFILING_INFO_start function null from ../todomvc/examples/backbone/node_modules/jquery/dist/jquery.js in 4784_PROFILING_INFO_
jquery-instrumented.js:2996 _PROFILING_INFO_start function null from ../todomvc/examples/backbone/node_modules/jquery/dist/jquery.js in 3624_PROFILING_INFO_
backbone-instrumented.js:1453 _PROFILING_INFO_start function null from ../todomvc/examples/backbone/node_modules/backbone/backbone.js in 1331_PROFILING_INFO_
jquery-instrumented.js:5843 _PROFILING_INFO_start function null from ../todomvc/examples/backbone/node_modules/jquery/dist/jquery.js in 6947_PROFILING_INFO_
todo-view-instrumented.js:23 _PROFILING_INFO_start function null from ../todomvc/examples/backbone/js/views/todo-view.js in 32_PROFILING_INFO_
todo-view-instrumented.js:32 _PROFILING_INFO_start function null from ../todomvc/examples/backbone/js/views/todo-view.js in 39_PROFILING_INFO_
backbone-instrumented.js:441 _PROFILING_INFO_start function null from ../todomvc/examples/backbone/node_modules/backbone/backbone.js in 429_PROFILING_INFO_
underscore-instrumented.js:1735 _PROFILING_INFO_start function null from ../todomvc/examples/backbone/node_modules/underscore/underscore.js in 1460_PROFILING_INFO_
underscore-instrumented.js:1641 _PROFILING_INFO_start function null from ../todomvc/examples/backbone/node_modules/underscore/underscore.js in 1355_PROFILING_INFO_
jquery-instrumented.js:6134 _PROFILING_INFO_start function null from ../todomvc/examples/backbone/node_modules/jquery/dist/jquery.js in 7256_PROFILING_INFO_
jquery-instrumented.js:6098 _PROFILING_INFO_start function null from ../todomvc/examples/backbone/node_modules/jquery/dist/jquery.js in 7213_PROFILING_INFO_
todo-view-instrumented.js:46 _PROFILING_INFO_start function null from ../todomvc/examples/backbone/js/views/todo-view.js in 58_PROFILING_INFO_
todo-view-instrumented.js:53 _PROFILING_INFO_start function null from ../todomvc/examples/backbone/js/views/todo-view.js in 62_PROFILING_INFO_
jquery-instrumented.js:4336 _PROFILING_INFO_start function null from ../todomvc/examples/backbone/node_modules/jquery/dist/jquery.js in 5217_PROFILING_INFO_
jquery-instrumented.js:4508 _PROFILING_INFO_start function null from ../todomvc/examples/backbone/node_modules/jquery/dist/jquery.js in 5360_PROFILING_INFO_
jquery-instrumented.js:4233 _PROFILING_INFO_start function null from ../todomvc/examples/backbone/node_modules/jquery/dist/jquery.js in 5085_PROFILING_INFO_
jquery-instrumented.js:348 _PROFILING_INFO_start function null from ../todomvc/examples/backbone/node_modules/jquery/dist/jquery.js in 419_PROFILING_INFO_
jquery-instrumented.js:278 _PROFILING_INFO_start function null from ../todomvc/examples/backbone/node_modules/jquery/dist/jquery.js in 340_PROFILING_INFO_
jquery-instrumented.js:381 _PROFILING_INFO_start function null from ../todomvc/examples/backbone/node_modules/jquery/dist/jquery.js in 457_PROFILING_INFO_
jquery-instrumented.js:4341 _PROFILING_INFO_start function null from ../todomvc/examples/backbone/node_modules/jquery/dist/jquery.js in 5218_PROFILING_INFO_
jquery-instrumented.js:4115 _PROFILING_INFO_start function manipulationTarget from ../todomvc/examples/backbone/node_modules/jquery/dist/jquery.js in 4946_PROFILING_INFO_
backbone-instrumented.js:626 _PROFILING_INFO_start function null from ../todomvc/examples/backbone/node_modules/backbone/backbone.js in 604_PROFILING_INFO_
backbone-instrumented.js:743 _PROFILING_INFO_start function null from ../todomvc/examples/backbone/node_modules/backbone/backbone.js in 711_PROFILING_INFO_
backbone-instrumented.js:469 _PROFILING_INFO_start function null from ../todomvc/examples/backbone/node_modules/backbone/backbone.js in 451_PROFILING_INFO_
backbone-instrumented.js:448 _PROFILING_INFO_start function null from ../todomvc/examples/backbone/node_modules/backbone/backbone.js in 435_PROFILING_INFO_
backbone.localStorage-instrumented.js:117 _PROFILING_INFO_start function null from ../todomvc/examples/backbone/node_modules/backbone.localstorage/backbone.localStorage.js in 85_PROFILING_INFO_
backbone.localStorage-instrumented.js:36 _PROFILING_INFO_start function guid from ../todomvc/examples/backbone/node_modules/backbone.localstorage/backbone.localStorage.js in 30_PROFILING_INFO_
backbone.localStorage-instrumented.js:28 _PROFILING_INFO_start function S4 from ../todomvc/examples/backbone/node_modules/backbone.localstorage/backbone.localStorage.js in 25_PROFILING_INFO_
backbone-instrumented.js:596 _PROFILING_INFO_start function null from ../todomvc/examples/backbone/node_modules/backbone/backbone.js in 581_PROFILING_INFO_
backbone.localStorage-instrumented.js:180 _PROFILING_INFO_start function null from ../todomvc/examples/backbone/node_modules/backbone.localstorage/backbone.localStorage.js in 136_PROFILING_INFO_
backbone.localStorage-instrumented.js:208 _PROFILING_INFO_start function null from ../todomvc/examples/backbone/node_modules/backbone.localstorage/backbone.localStorage.js in 163_PROFILING_INFO_
backbone.localStorage-instrumented.js:91 _PROFILING_INFO_start function null from ../todomvc/examples/backbone/node_modules/backbone.localstorage/backbone.localStorage.js in 64_PROFILING_INFO_
backbone.localStorage-instrumented.js:44 _PROFILING_INFO_start function isObject from ../todomvc/examples/backbone/node_modules/backbone.localstorage/backbone.localStorage.js in 34_PROFILING_INFO_
backbone.localStorage-instrumented.js:110 _PROFILING_INFO_start function null from ../todomvc/examples/backbone/node_modules/backbone.localstorage/backbone.localStorage.js in 79_PROFILING_INFO_
backbone.localStorage-instrumented.js:144 _PROFILING_INFO_start function null from ../todomvc/examples/backbone/node_modules/backbone.localstorage/backbone.localStorage.js in 108_PROFILING_INFO_
backbone.localStorage-instrumented.js:98 _PROFILING_INFO_start function null from ../todomvc/examples/backbone/node_modules/backbone.localstorage/backbone.localStorage.js in 68_PROFILING_INFO_
backbone-instrumented.js:653 _PROFILING_INFO_start function null from ../todomvc/examples/backbone/node_modules/backbone/backbone.js in 631_PROFILING_INFO_
backbone-instrumented.js:729 _PROFILING_INFO_start function null from ../todomvc/examples/backbone/node_modules/backbone/backbone.js in 701_PROFILING_INFO_
backbone-instrumented.js:1118 _PROFILING_INFO_start function null from ../todomvc/examples/backbone/node_modules/backbone/backbone.js in 1044_PROFILING_INFO_
jquery-instrumented.js:6208 _PROFILING_INFO_start function null from ../todomvc/examples/backbone/node_modules/jquery/dist/jquery.js in 7348_PROFILING_INFO_
underscore-instrumented.js:256 _PROFILING_INFO_start function null from ../todomvc/examples/backbone/node_modules/underscore/underscore.js in 226_PROFILING_INFO_
backbone-instrumented.js:141 _PROFILING_INFO_start function null from ../todomvc/examples/backbone/node_modules/backbone/backbone.js in 114_PROFILING_INFO_
underscore-instrumented.js:1580 _PROFILING_INFO_start function null from ../todomvc/examples/backbone/node_modules/underscore/underscore.js in 1308_PROFILING_INFO_
underscore-instrumented.js:1315 _PROFILING_INFO_start function null from ../todomvc/examples/backbone/node_modules/underscore/underscore.js in 1082_PROFILING_INFO_
jquery-instrumented.js:5068 _PROFILING_INFO_start function null from ../todomvc/examples/backbone/node_modules/jquery/dist/jquery.js in 6135_PROFILING_INFO_
jquery-instrumented.js:1645 _PROFILING_INFO_start function toSelector from ../todomvc/examples/backbone/node_modules/jquery/dist/jquery.js in 2080_PROFILING_INFO_
jquery-instrumented.js:326 _PROFILING_INFO_start function null from ../todomvc/examples/backbone/node_modules/jquery/dist/jquery.js in 395_PROFILING_INFO_
jquery-instrumented.js:2145 _PROFILING_INFO_start function null from ../todomvc/examples/backbone/node_modules/jquery/dist/jquery.js in 2703_PROFILING_INFO_
jquery-instrumented.js:2064 _PROFILING_INFO_start function winnow from ../todomvc/examples/backbone/node_modules/jquery/dist/jquery.js in 2634_PROFILING_INFO_
jquery-instrumented.js:2101 _PROFILING_INFO_start function null from ../todomvc/examples/backbone/node_modules/jquery/dist/jquery.js in 2663_PROFILING_INFO_
jquery-instrumented.js:367 _PROFILING_INFO_start function null from ../todomvc/examples/backbone/node_modules/jquery/dist/jquery.js in 437_PROFILING_INFO_
jquery-instrumented.js:2110 _PROFILING_INFO_start function null from ../todomvc/examples/backbone/node_modules/jquery/dist/jquery.js in 2672_PROFILING_INFO_
jquery-instrumented.js:997 _PROFILING_INFO_start function null from ../todomvc/examples/backbone/node_modules/jquery/dist/jquery.js in 1395_PROFILING_INFO_
jquery-instrumented.js:1116 _PROFILING_INFO_start function null from ../todomvc/examples/backbone/node_modules/jquery/dist/jquery.js in 1550_PROFILING_INFO_
jquery-instrumented.js:1198 _PROFILING_INFO_start function null from ../todomvc/examples/backbone/node_modules/jquery/dist/jquery.js in 1645_PROFILING_INFO_
jquery-instrumented.js:1203 _PROFILING_INFO_start function null from ../todomvc/examples/backbone/node_modules/jquery/dist/jquery.js in 1646_PROFILING_INFO_
jquery-instrumented.js:1034 _PROFILING_INFO_start function null from ../todomvc/examples/backbone/node_modules/jquery/dist/jquery.js in 1436_PROFILING_INFO_
jquery-instrumented.js:2093 _PROFILING_INFO_start function null from ../todomvc/examples/backbone/node_modules/jquery/dist/jquery.js in 2658_PROFILING_INFO_
jquery-instrumented.js:6062 _PROFILING_INFO_start function null from ../todomvc/examples/backbone/node_modules/jquery/dist/jquery.js in 7170_PROFILING_INFO_
underscore-instrumented.js:578 _PROFILING_INFO_start function null from ../todomvc/examples/backbone/node_modules/underscore/underscore.js in 471_PROFILING_INFO_
underscore-instrumented.js:453 _PROFILING_INFO_start function null from ../todomvc/examples/backbone/node_modules/underscore/underscore.js in 382_PROFILING_INFO_
jquery-instrumented.js:3927 _PROFILING_INFO_start function null from ../todomvc/examples/backbone/node_modules/jquery/dist/jquery.js in 4779_PROFILING_INFO_
jquery-instrumented.js:3801 _PROFILING_INFO_start function null from ../todomvc/examples/backbone/node_modules/jquery/dist/jquery.js in 4638_PROFILING_INFO_
jquery-instrumented.js:3696 _PROFILING_INFO_start function null from ../todomvc/examples/backbone/node_modules/jquery/dist/jquery.js in 4521_PROFILING_INFO_
app-view-instrumented.js:117 _PROFILING_INFO_start function null from ../todomvc/examples/backbone/js/views/app-view.js in 121_PROFILING_INFO_
app-view-instrumented.js:123 _PROFILING_INFO_start function null from ../todomvc/examples/backbone/js/views/app-view.js in 124_PROFILING_INFO_
app-view-instrumented.js:74 _PROFILING_INFO_start function null from ../todomvc/examples/backbone/js/views/app-view.js in 89_PROFILING_INFO_
backbone.localStorage-instrumented.js:131 _PROFILING_INFO_start function null from ../todomvc/examples/backbone/node_modules/backbone.localstorage/backbone.localStorage.js in 97_PROFILING_INFO_
backbone.localStorage-instrumented.js:51 _PROFILING_INFO_start function contains from ../todomvc/examples/backbone/node_modules/backbone.localstorage/backbone.localStorage.js in 38_PROFILING_INFO_
todo-view-instrumented.js:60 _PROFILING_INFO_start function null from ../todomvc/examples/backbone/js/views/todo-view.js in 69_PROFILING_INFO_
todo-instrumented.js:17 _PROFILING_INFO_start function null from ../todomvc/examples/backbone/js/models/todo.js in 20_PROFILING_INFO_
app-view-instrumented.js:109 _PROFILING_INFO_start function null from ../todomvc/examples/backbone/js/views/app-view.js in 116_PROFILING_INFO_
underscore-instrumented.js:312 _PROFILING_INFO_start function null from ../todomvc/examples/backbone/node_modules/underscore/underscore.js in 272_PROFILING_INFO_
underscore-instrumented.js:319 _PROFILING_INFO_start function null from ../todomvc/examples/backbone/node_modules/underscore/underscore.js in 275_PROFILING_INFO_
backbone-instrumented.js:678 _PROFILING_INFO_start function null from ../todomvc/examples/backbone/node_modules/backbone/backbone.js in 658_PROFILING_INFO_
backbone.localStorage-instrumented.js:165 _PROFILING_INFO_start function null from ../todomvc/examples/backbone/node_modules/backbone.localstorage/backbone.localStorage.js in 124_PROFILING_INFO_
backbone-instrumented.js:695 _PROFILING_INFO_start function null from ../todomvc/examples/backbone/node_modules/backbone/backbone.js in 669_PROFILING_INFO_
backbone-instrumented.js:687 _PROFILING_INFO_start function null from ../todomvc/examples/backbone/node_modules/backbone/backbone.js in 664_PROFILING_INFO_
backbone-instrumented.js:250 _PROFILING_INFO_start function null from ../todomvc/examples/backbone/node_modules/backbone/backbone.js in 230_PROFILING_INFO_
backbone-instrumented.js:1350 _PROFILING_INFO_start function null from ../todomvc/examples/backbone/node_modules/backbone/backbone.js in 1225_PROFILING_INFO_
backbone-instrumented.js:1359 _PROFILING_INFO_start function null from ../todomvc/examples/backbone/node_modules/backbone/backbone.js in 1234_PROFILING_INFO_
jquery-instrumented.js:4398 _PROFILING_INFO_start function null from ../todomvc/examples/backbone/node_modules/jquery/dist/jquery.js in 5251_PROFILING_INFO_
jquery-instrumented.js:3821 _PROFILING_INFO_start function null from ../todomvc/examples/backbone/node_modules/jquery/dist/jquery.js in 4662_PROFILING_INFO_
backbone-instrumented.js:237 _PROFILING_INFO_start function null from ../todomvc/examples/backbone/node_modules/backbone/backbone.js in 219_PROFILING_INFO_
backbone-instrumented.js:269 _PROFILING_INFO_start function null from ../todomvc/examples/backbone/node_modules/backbone/backbone.js in 251_PROFILING_INFO_
underscore-instrumented.js:532 _PROFILING_INFO_start function null from ../todomvc/examples/backbone/node_modules/underscore/underscore.js in 434_PROFILING_INFO_
underscore-instrumented.js:1407 _PROFILING_INFO_start function null from ../todomvc/examples/backbone/node_modules/underscore/underscore.js in 1194_PROFILING_INFO_
backbone-instrumented.js:856 _PROFILING_INFO_start function null from ../todomvc/examples/backbone/node_modules/backbone/backbone.js in 806_PROFILING_INFO_
backbone-instrumented.js:1182 _PROFILING_INFO_start function null from ../todomvc/examples/backbone/node_modules/backbone/backbone.js in 1095_PROFILING_INFO_
underscore-instrumented.js:789 _PROFILING_INFO_start function null from ../todomvc/examples/backbone/node_modules/underscore/underscore.js in 645_PROFILING_INFO_
backbone-instrumented.js:1222 _PROFILING_INFO_start function null from ../todomvc/examples/backbone/node_modules/backbone/backbone.js in 1131_PROFILING_INFO_
jquery-instrumented.js:3855 _PROFILING_INFO_start function null from ../todomvc/examples/backbone/node_modules/jquery/dist/jquery.js in 4712_PROFILING_INFO_
jquery-instrumented.js:3866 _PROFILING_INFO_start function null from ../todomvc/examples/backbone/node_modules/jquery/dist/jquery.js in 4721_PROFILING_INFO_
jquery-instrumented.js:1164 _PROFILING_INFO_start function null from ../todomvc/examples/backbone/node_modules/jquery/dist/jquery.js in 1626_PROFILING_INFO_
jquery-instrumented.js:1176 _PROFILING_INFO_start function null from ../todomvc/examples/backbone/node_modules/jquery/dist/jquery.js in 1630_PROFILING_INFO_
todo-view-instrumented.js:67 _PROFILING_INFO_start function null from ../todomvc/examples/backbone/js/views/todo-view.js in 74_PROFILING_INFO_
jquery-instrumented.js:6327 _PROFILING_INFO_start function null from ../todomvc/examples/backbone/node_modules/jquery/dist/jquery.js in 7484_PROFILING_INFO_
jquery-instrumented.js:4056 _PROFILING_INFO_start function null from ../todomvc/examples/backbone/node_modules/jquery/dist/jquery.js in 4899_PROFILING_INFO_
jquery-instrumented.js:4061 _PROFILING_INFO_start function null from ../todomvc/examples/backbone/node_modules/jquery/dist/jquery.js in 4900_PROFILING_INFO_
jquery-instrumented.js:3745 _PROFILING_INFO_start function null from ../todomvc/examples/backbone/node_modules/jquery/dist/jquery.js in 4594_PROFILING_INFO_
jquery-instrumented.js:3391 _PROFILING_INFO_start function safeActiveElement from ../todomvc/examples/backbone/node_modules/jquery/dist/jquery.js in 4074_PROFILING_INFO_
todo-view-instrumented.js:101 _PROFILING_INFO_start function null from ../todomvc/examples/backbone/js/views/todo-view.js in 110_PROFILING_INFO_
todo-view-instrumented.js:92 _PROFILING_INFO_start function null from ../todomvc/examples/backbone/js/views/todo-view.js in 102_PROFILING_INFO_
todo-view-instrumented.js:75 _PROFILING_INFO_start function null from ../todomvc/examples/backbone/js/views/todo-view.js in 80_PROFILING_INFO_
jquery-instrumented.js:6174 _PROFILING_INFO_start function null from ../todomvc/examples/backbone/node_modules/jquery/dist/jquery.js in 7302_PROFILING_INFO_
todo-view-instrumented.js:111 _PROFILING_INFO_start function null from ../todomvc/examples/backbone/js/views/todo-view.js in 119_PROFILING_INFO_
backbone-instrumented.js:1813 _PROFILING_INFO_start function null from ../todomvc/examples/backbone/node_modules/backbone/backbone.js in 1732_PROFILING_INFO_
backbone-instrumented.js:1709 _PROFILING_INFO_start function null from ../todomvc/examples/backbone/node_modules/backbone/backbone.js in 1612_PROFILING_INFO_
backbone-instrumented.js:1693 _PROFILING_INFO_start function null from ../todomvc/examples/backbone/node_modules/backbone/backbone.js in 1598_PROFILING_INFO_
backbone-instrumented.js:1828 _PROFILING_INFO_start function null from ../todomvc/examples/backbone/node_modules/backbone/backbone.js in 1749_PROFILING_INFO_
backbone-instrumented.js:1669 _PROFILING_INFO_start function null from ../todomvc/examples/backbone/node_modules/backbone/backbone.js in 1576_PROFILING_INFO_
backbone-instrumented.js:1678 _PROFILING_INFO_start function null from ../todomvc/examples/backbone/node_modules/backbone/backbone.js in 1585_PROFILING_INFO_
underscore-instrumented.js:287 _PROFILING_INFO_start function null from ../todomvc/examples/backbone/node_modules/underscore/underscore.js in 252_PROFILING_INFO_
backbone-instrumented.js:1836 _PROFILING_INFO_start function null from ../todomvc/examples/backbone/node_modules/backbone/backbone.js in 1753_PROFILING_INFO_
backbone-instrumented.js:1569 _PROFILING_INFO_start function null from ../todomvc/examples/backbone/node_modules/backbone/backbone.js in 1470_PROFILING_INFO_
backbone-instrumented.js:1626 _PROFILING_INFO_start function null from ../todomvc/examples/backbone/node_modules/backbone/backbone.js in 1520_PROFILING_INFO_
backbone-instrumented.js:1632 _PROFILING_INFO_start function null from ../todomvc/examples/backbone/node_modules/backbone/backbone.js in 1522_PROFILING_INFO_
backbone-instrumented.js:1583 _PROFILING_INFO_start function null from ../todomvc/examples/backbone/node_modules/backbone/backbone.js in 1483_PROFILING_INFO_
router-instrumented.js:14 _PROFILING_INFO_start function null from ../todomvc/examples/backbone/js/routers/router.js in 14_PROFILING_INFO_
app-view-instrumented.js:81 _PROFILING_INFO_start function null from ../todomvc/examples/backbone/js/views/app-view.js in 93_PROFILING_INFO_
underscore-instrumented.js:66 _PROFILING_INFO_start function null from ../todomvc/examples/backbone/node_modules/underscore/underscore.js in 72_PROFILING_INFO_
