​ _PROFILING_INFO_start function null from ../todomvc/examples/exoskeleton/node_modules/todomvc-common/base.js in 2_PROFILING_INFO_
​ _PROFILING_INFO_start function null from ../todomvc/examples/exoskeleton/node_modules/todomvc-common/base.js in 8_PROFILING_INFO_
​ _PROFILING_INFO_start function redirect from ../todomvc/examples/exoskeleton/node_modules/todomvc-common/base.js in 121_PROFILING_INFO_
​ _PROFILING_INFO_start function getFile from ../todomvc/examples/exoskeleton/node_modules/todomvc-common/base.js in 132_PROFILING_INFO_
​ _PROFILING_INFO_start function findRoot from ../todomvc/examples/exoskeleton/node_modules/todomvc-common/base.js in 127_PROFILING_INFO_
​ _PROFILING_INFO_start function null from ../todomvc/examples/exoskeleton/node_modules/exoskeleton/exoskeleton.js in 10_PROFILING_INFO_
​ _PROFILING_INFO_start function null from ../todomvc/examples/exoskeleton/node_modules/exoskeleton/exoskeleton.js in 25_PROFILING_INFO_
​ _PROFILING_INFO_start function null from ../todomvc/examples/exoskeleton/node_modules/exoskeleton/exoskeleton.js in 436_PROFILING_INFO_
​ _PROFILING_INFO_start function extend from ../todomvc/examples/exoskeleton/node_modules/exoskeleton/exoskeleton.js in 130_PROFILING_INFO_
​ _PROFILING_INFO_start function null from ../todomvc/examples/exoskeleton/node_modules/exoskeleton/exoskeleton.js in 131_PROFILING_INFO_
​ _PROFILING_INFO_start function null from ../todomvc/examples/exoskeleton/node_modules/exoskeleton/exoskeleton.js in 113_PROFILING_INFO_
​ _PROFILING_INFO_start function null from ../todomvc/examples/exoskeleton/node_modules/exoskeleton/exoskeleton.js in 1207_PROFILING_INFO_
​ _PROFILING_INFO_start function null from ../todomvc/examples/exoskeleton/node_modules/exoskeleton/exoskeleton.js in 1226_PROFILING_INFO_
​ _PROFILING_INFO_start function null from ../todomvc/examples/exoskeleton/node_modules/exoskeleton/exoskeleton.js in 1758_PROFILING_INFO_
​ _PROFILING_INFO_start function null from ../todomvc/examples/exoskeleton/node_modules/exoskeleton/exoskeleton.js in 1567_PROFILING_INFO_
​ _PROFILING_INFO_start function null from ../todomvc/examples/exoskeleton/node_modules/microtemplates/index.js in 5_PROFILING_INFO_
​ _PROFILING_INFO_start function null from ../todomvc/examples/exoskeleton/node_modules/backbone.localstorage/backbone.localStorage.js in 7_PROFILING_INFO_
​ _PROFILING_INFO_start function null from ../todomvc/examples/exoskeleton/node_modules/backbone.localstorage/backbone.localStorage.js in 19_PROFILING_INFO_
​ _PROFILING_INFO_start function extend from ../todomvc/examples/exoskeleton/node_modules/backbone.localstorage/backbone.localStorage.js in 44_PROFILING_INFO_
​ _PROFILING_INFO_start function null from ../todomvc/examples/exoskeleton/node_modules/backbone.nativeview/backbone.nativeview.js in 9_PROFILING_INFO_
​ _PROFILING_INFO_start function null from ../todomvc/examples/exoskeleton/node_modules/backbone.nativeview/backbone.nativeview.js in 13_PROFILING_INFO_
​ _PROFILING_INFO_start function null from ../todomvc/examples/exoskeleton/node_modules/exoskeleton/exoskeleton.js in 65_PROFILING_INFO_
​ _PROFILING_INFO_start function null from ../todomvc/examples/exoskeleton/node_modules/exoskeleton/exoskeleton.js in 183_PROFILING_INFO_
​ _PROFILING_INFO_start function extend from ../todomvc/examples/exoskeleton/node_modules/exoskeleton/exoskeleton.js in 130_PROFILING_INFO_
​ _PROFILING_INFO_start function null from ../todomvc/examples/exoskeleton/node_modules/exoskeleton/exoskeleton.js in 131_PROFILING_INFO_
​ _PROFILING_INFO_start function null from ../todomvc/examples/exoskeleton/node_modules/exoskeleton/exoskeleton.js in 83_PROFILING_INFO_
​ _PROFILING_INFO_start function null from ../todomvc/examples/exoskeleton/js/models/todo.js in 4_PROFILING_INFO_
​ _PROFILING_INFO_start function null from ../todomvc/examples/exoskeleton/node_modules/exoskeleton/exoskeleton.js in 65_PROFILING_INFO_
​ _PROFILING_INFO_start function null from ../todomvc/examples/exoskeleton/node_modules/exoskeleton/exoskeleton.js in 183_PROFILING_INFO_
​ _PROFILING_INFO_start function extend from ../todomvc/examples/exoskeleton/node_modules/exoskeleton/exoskeleton.js in 130_PROFILING_INFO_
​ _PROFILING_INFO_start function null from ../todomvc/examples/exoskeleton/node_modules/exoskeleton/exoskeleton.js in 131_PROFILING_INFO_
​ _PROFILING_INFO_start function null from ../todomvc/examples/exoskeleton/node_modules/exoskeleton/exoskeleton.js in 83_PROFILING_INFO_
​ _PROFILING_INFO_start function null from ../todomvc/examples/exoskeleton/node_modules/todomvc-common/base.js in 142_PROFILING_INFO_
​ _PROFILING_INFO_start function Learn from ../todomvc/examples/exoskeleton/node_modules/todomvc-common/base.js in 149_PROFILING_INFO_
​ _PROFILING_INFO_start function null from ../todomvc/examples/exoskeleton/node_modules/todomvc-common/base.js in 194_PROFILING_INFO_
​ _PROFILING_INFO_start function null from ../todomvc/examples/exoskeleton/node_modules/todomvc-common/base.js in 56_PROFILING_INFO_
​ _PROFILING_INFO_start function null from ../todomvc/examples/exoskeleton/node_modules/todomvc-common/base.js in 9_PROFILING_INFO_
​ _PROFILING_INFO_start function null from ../todomvc/examples/exoskeleton/node_modules/todomvc-common/base.js in 70_PROFILING_INFO_
​ _PROFILING_INFO_start function null from ../todomvc/examples/exoskeleton/node_modules/todomvc-common/base.js in 222_PROFILING_INFO_
​ _PROFILING_INFO_start function null from ../todomvc/examples/exoskeleton/js/collections/todos.js in 4_PROFILING_INFO_
​ _PROFILING_INFO_start function null from ../todomvc/examples/exoskeleton/node_modules/backbone.localstorage/backbone.localStorage.js in 58_PROFILING_INFO_
​ _PROFILING_INFO_start function null from ../todomvc/examples/exoskeleton/node_modules/backbone.localstorage/backbone.localStorage.js in 136_PROFILING_INFO_
​ _PROFILING_INFO_start function null from ../todomvc/examples/exoskeleton/node_modules/exoskeleton/exoskeleton.js in 65_PROFILING_INFO_
​ _PROFILING_INFO_start function null from ../todomvc/examples/exoskeleton/node_modules/exoskeleton/exoskeleton.js in 183_PROFILING_INFO_
​ _PROFILING_INFO_start function extend from ../todomvc/examples/exoskeleton/node_modules/exoskeleton/exoskeleton.js in 130_PROFILING_INFO_
​ _PROFILING_INFO_start function null from ../todomvc/examples/exoskeleton/node_modules/exoskeleton/exoskeleton.js in 131_PROFILING_INFO_
​ _PROFILING_INFO_start function null from ../todomvc/examples/exoskeleton/node_modules/exoskeleton/exoskeleton.js in 83_PROFILING_INFO_
​ _PROFILING_INFO_start function null from ../todomvc/examples/exoskeleton/node_modules/exoskeleton/exoskeleton.js in 75_PROFILING_INFO_
​ _PROFILING_INFO_start function null from ../todomvc/examples/exoskeleton/node_modules/exoskeleton/exoskeleton.js in 821_PROFILING_INFO_
​ _PROFILING_INFO_start function null from ../todomvc/examples/exoskeleton/node_modules/exoskeleton/exoskeleton.js in 1125_PROFILING_INFO_
​ _PROFILING_INFO_start function null from ../todomvc/examples/exoskeleton/node_modules/exoskeleton/exoskeleton.js in 843_PROFILING_INFO_
​ _PROFILING_INFO_start function null from ../todomvc/examples/exoskeleton/js/views/todo-view.js in 4_PROFILING_INFO_
​ _PROFILING_INFO_start function null from ../todomvc/examples/exoskeleton/node_modules/microtemplates/index.js in 56_PROFILING_INFO_
​ _PROFILING_INFO_start function null from ../todomvc/examples/exoskeleton/node_modules/microtemplates/index.js in 69_PROFILING_INFO_
​ _PROFILING_INFO_start function null from ../todomvc/examples/exoskeleton/node_modules/microtemplates/index.js in 71_PROFILING_INFO_
​ _PROFILING_INFO_start function null from ../todomvc/examples/exoskeleton/node_modules/exoskeleton/exoskeleton.js in 65_PROFILING_INFO_
​ _PROFILING_INFO_start function null from ../todomvc/examples/exoskeleton/node_modules/exoskeleton/exoskeleton.js in 183_PROFILING_INFO_
​ _PROFILING_INFO_start function extend from ../todomvc/examples/exoskeleton/node_modules/exoskeleton/exoskeleton.js in 130_PROFILING_INFO_
​ _PROFILING_INFO_start function null from ../todomvc/examples/exoskeleton/node_modules/exoskeleton/exoskeleton.js in 131_PROFILING_INFO_
​ _PROFILING_INFO_start function null from ../todomvc/examples/exoskeleton/node_modules/exoskeleton/exoskeleton.js in 83_PROFILING_INFO_
​ _PROFILING_INFO_start function null from ../todomvc/examples/exoskeleton/js/views/app-view.js in 4_PROFILING_INFO_
​ _PROFILING_INFO_start function null from ../todomvc/examples/exoskeleton/node_modules/microtemplates/index.js in 56_PROFILING_INFO_
​ _PROFILING_INFO_start function null from ../todomvc/examples/exoskeleton/node_modules/microtemplates/index.js in 69_PROFILING_INFO_
​ _PROFILING_INFO_start function null from ../todomvc/examples/exoskeleton/node_modules/microtemplates/index.js in 71_PROFILING_INFO_
​ _PROFILING_INFO_start function null from ../todomvc/examples/exoskeleton/node_modules/exoskeleton/exoskeleton.js in 65_PROFILING_INFO_
​ _PROFILING_INFO_start function null from ../todomvc/examples/exoskeleton/node_modules/exoskeleton/exoskeleton.js in 183_PROFILING_INFO_
​ _PROFILING_INFO_start function extend from ../todomvc/examples/exoskeleton/node_modules/exoskeleton/exoskeleton.js in 130_PROFILING_INFO_
​ _PROFILING_INFO_start function null from ../todomvc/examples/exoskeleton/node_modules/exoskeleton/exoskeleton.js in 131_PROFILING_INFO_
​ _PROFILING_INFO_start function null from ../todomvc/examples/exoskeleton/node_modules/exoskeleton/exoskeleton.js in 83_PROFILING_INFO_
​ _PROFILING_INFO_start function null from ../todomvc/examples/exoskeleton/js/routers/router.js in 4_PROFILING_INFO_
​ _PROFILING_INFO_start function null from ../todomvc/examples/exoskeleton/node_modules/exoskeleton/exoskeleton.js in 65_PROFILING_INFO_
​ _PROFILING_INFO_start function null from ../todomvc/examples/exoskeleton/node_modules/exoskeleton/exoskeleton.js in 183_PROFILING_INFO_
​ _PROFILING_INFO_start function extend from ../todomvc/examples/exoskeleton/node_modules/exoskeleton/exoskeleton.js in 130_PROFILING_INFO_
​ _PROFILING_INFO_start function null from ../todomvc/examples/exoskeleton/node_modules/exoskeleton/exoskeleton.js in 131_PROFILING_INFO_
​ _PROFILING_INFO_start function null from ../todomvc/examples/exoskeleton/node_modules/exoskeleton/exoskeleton.js in 83_PROFILING_INFO_
​ _PROFILING_INFO_start function null from ../todomvc/examples/exoskeleton/node_modules/exoskeleton/exoskeleton.js in 75_PROFILING_INFO_
​ _PROFILING_INFO_start function null from ../todomvc/examples/exoskeleton/node_modules/exoskeleton/exoskeleton.js in 1461_PROFILING_INFO_
​ _PROFILING_INFO_start function null from ../todomvc/examples/exoskeleton/node_modules/exoskeleton/exoskeleton.js in 1525_PROFILING_INFO_
​ _PROFILING_INFO_start function result from ../todomvc/examples/exoskeleton/node_modules/exoskeleton/exoskeleton.js in 117_PROFILING_INFO_
​ _PROFILING_INFO_start function null from ../todomvc/examples/exoskeleton/node_modules/exoskeleton/exoskeleton.js in 1492_PROFILING_INFO_
​ _PROFILING_INFO_start function null from ../todomvc/examples/exoskeleton/node_modules/exoskeleton/exoskeleton.js in 1475_PROFILING_INFO_
​ _PROFILING_INFO_start function null from ../todomvc/examples/exoskeleton/node_modules/exoskeleton/exoskeleton.js in 1536_PROFILING_INFO_
​ _PROFILING_INFO_start function null from ../todomvc/examples/exoskeleton/node_modules/exoskeleton/exoskeleton.js in 1679_PROFILING_INFO_
​ _PROFILING_INFO_start function null from ../todomvc/examples/exoskeleton/node_modules/exoskeleton/exoskeleton.js in 1484_PROFILING_INFO_
​ _PROFILING_INFO_start function null from ../todomvc/examples/exoskeleton/node_modules/exoskeleton/exoskeleton.js in 1625_PROFILING_INFO_
​ _PROFILING_INFO_start function null from ../todomvc/examples/exoskeleton/node_modules/exoskeleton/exoskeleton.js in 1610_PROFILING_INFO_
​ _PROFILING_INFO_start function null from ../todomvc/examples/exoskeleton/node_modules/exoskeleton/exoskeleton.js in 1603_PROFILING_INFO_
​ _PROFILING_INFO_start function null from ../todomvc/examples/exoskeleton/node_modules/exoskeleton/exoskeleton.js in 1694_PROFILING_INFO_
​ _PROFILING_INFO_start function null from ../todomvc/examples/exoskeleton/node_modules/exoskeleton/exoskeleton.js in 1696_PROFILING_INFO_
​ _PROFILING_INFO_start function null from ../todomvc/examples/exoskeleton/node_modules/exoskeleton/exoskeleton.js in 1500_PROFILING_INFO_
​ _PROFILING_INFO_start function null from ../todomvc/examples/exoskeleton/node_modules/exoskeleton/exoskeleton.js in 1549_PROFILING_INFO_
​ _PROFILING_INFO_start function null from ../todomvc/examples/exoskeleton/node_modules/exoskeleton/exoskeleton.js in 1551_PROFILING_INFO_
​ _PROFILING_INFO_start function null from ../todomvc/examples/exoskeleton/node_modules/exoskeleton/exoskeleton.js in 1512_PROFILING_INFO_
​ _PROFILING_INFO_start function null from ../todomvc/examples/exoskeleton/js/routers/router.js in 14_PROFILING_INFO_
​ _PROFILING_INFO_start function null from ../todomvc/examples/exoskeleton/node_modules/exoskeleton/exoskeleton.js in 359_PROFILING_INFO_
​ _PROFILING_INFO_start function null from ../todomvc/examples/exoskeleton/js/app.js in 7_PROFILING_INFO_
​ _PROFILING_INFO_start function null from ../todomvc/examples/exoskeleton/node_modules/exoskeleton/exoskeleton.js in 75_PROFILING_INFO_
​ _PROFILING_INFO_start function null from ../todomvc/examples/exoskeleton/node_modules/backbone.nativeview/backbone.nativeview.js in 59_PROFILING_INFO_
​ _PROFILING_INFO_start function null from ../todomvc/examples/exoskeleton/node_modules/exoskeleton/exoskeleton.js in 1249_PROFILING_INFO_
​ _PROFILING_INFO_start function uniqueId from ../todomvc/examples/exoskeleton/node_modules/exoskeleton/exoskeleton.js in 178_PROFILING_INFO_
​ _PROFILING_INFO_start function null from ../todomvc/examples/exoskeleton/node_modules/exoskeleton/exoskeleton.js in 1381_PROFILING_INFO_
​ _PROFILING_INFO_start function result from ../todomvc/examples/exoskeleton/node_modules/exoskeleton/exoskeleton.js in 117_PROFILING_INFO_
​ _PROFILING_INFO_start function null from ../todomvc/examples/exoskeleton/node_modules/exoskeleton/exoskeleton.js in 1306_PROFILING_INFO_
​ _PROFILING_INFO_start function null from ../todomvc/examples/exoskeleton/node_modules/backbone.nativeview/backbone.nativeview.js in 154_PROFILING_INFO_
​ _PROFILING_INFO_start function null from ../todomvc/examples/exoskeleton/node_modules/backbone.nativeview/backbone.nativeview.js in 75_PROFILING_INFO_
​ _PROFILING_INFO_start function null from ../todomvc/examples/exoskeleton/node_modules/exoskeleton/exoskeleton.js in 1337_PROFILING_INFO_
​ _PROFILING_INFO_start function null from ../todomvc/examples/exoskeleton/node_modules/backbone.nativeview/backbone.nativeview.js in 105_PROFILING_INFO_
​ _PROFILING_INFO_start function null from ../todomvc/examples/exoskeleton/js/views/app-view.js in 40_PROFILING_INFO_
​ _PROFILING_INFO_start function null from ../todomvc/examples/exoskeleton/node_modules/backbone.nativeview/backbone.nativeview.js in 64_PROFILING_INFO_
​ _PROFILING_INFO_start function null from ../todomvc/examples/exoskeleton/node_modules/exoskeleton/exoskeleton.js in 438_PROFILING_INFO_
​ _PROFILING_INFO_start function null from ../todomvc/examples/exoskeleton/node_modules/exoskeleton/exoskeleton.js in 299_PROFILING_INFO_
​ _PROFILING_INFO_start function null from ../todomvc/examples/exoskeleton/node_modules/exoskeleton/exoskeleton.js in 394_PROFILING_INFO_
​ _PROFILING_INFO_start function null from ../todomvc/examples/exoskeleton/node_modules/exoskeleton/exoskeleton.js in 1080_PROFILING_INFO_
​ _PROFILING_INFO_start function extend from ../todomvc/examples/exoskeleton/node_modules/exoskeleton/exoskeleton.js in 130_PROFILING_INFO_
​ _PROFILING_INFO_start function null from ../todomvc/examples/exoskeleton/node_modules/exoskeleton/exoskeleton.js in 131_PROFILING_INFO_
​ _PROFILING_INFO_start function null from ../todomvc/examples/exoskeleton/node_modules/exoskeleton/exoskeleton.js in 104_PROFILING_INFO_
​ _PROFILING_INFO_start function null from ../todomvc/examples/exoskeleton/node_modules/exoskeleton/exoskeleton.js in 852_PROFILING_INFO_
​ _PROFILING_INFO_start function null from ../todomvc/examples/exoskeleton/node_modules/backbone.localstorage/backbone.localStorage.js in 253_PROFILING_INFO_
​ _PROFILING_INFO_start function null from ../todomvc/examples/exoskeleton/node_modules/backbone.localstorage/backbone.localStorage.js in 241_PROFILING_INFO_
​ _PROFILING_INFO_start function result from ../todomvc/examples/exoskeleton/node_modules/backbone.localstorage/backbone.localStorage.js in 49_PROFILING_INFO_
​ _PROFILING_INFO_start function null from ../todomvc/examples/exoskeleton/node_modules/backbone.localstorage/backbone.localStorage.js in 172_PROFILING_INFO_
​ _PROFILING_INFO_start function null from ../todomvc/examples/exoskeleton/node_modules/backbone.localstorage/backbone.localStorage.js in 113_PROFILING_INFO_
​ _PROFILING_INFO_start function null from ../todomvc/examples/exoskeleton/node_modules/exoskeleton/exoskeleton.js in 1085_PROFILING_INFO_
​ _PROFILING_INFO_start function null from ../todomvc/examples/exoskeleton/node_modules/exoskeleton/exoskeleton.js in 982_PROFILING_INFO_
​ _PROFILING_INFO_start function null from ../todomvc/examples/exoskeleton/node_modules/exoskeleton/exoskeleton.js in 1125_PROFILING_INFO_
​ _PROFILING_INFO_start function null from ../todomvc/examples/exoskeleton/node_modules/exoskeleton/exoskeleton.js in 857_PROFILING_INFO_
​ _PROFILING_INFO_start function null from ../todomvc/examples/exoskeleton/node_modules/exoskeleton/exoskeleton.js in 888_PROFILING_INFO_
​ _PROFILING_INFO_start function defaults from ../todomvc/examples/exoskeleton/node_modules/exoskeleton/exoskeleton.js in 122_PROFILING_INFO_
​ _PROFILING_INFO_start function null from ../todomvc/examples/exoskeleton/node_modules/exoskeleton/exoskeleton.js in 123_PROFILING_INFO_
​ _PROFILING_INFO_start function null from ../todomvc/examples/exoskeleton/node_modules/exoskeleton/exoskeleton.js in 1114_PROFILING_INFO_
​ _PROFILING_INFO_start function null from ../todomvc/examples/exoskeleton/node_modules/exoskeleton/exoskeleton.js in 359_PROFILING_INFO_
​ _PROFILING_INFO_start function null from ../todomvc/examples/exoskeleton/node_modules/exoskeleton/exoskeleton.js in 420_PROFILING_INFO_
​ _PROFILING_INFO_start function null from ../todomvc/examples/exoskeleton/js/views/app-view.js in 98_PROFILING_INFO_
​ _PROFILING_INFO_start function null from ../todomvc/examples/exoskeleton/node_modules/exoskeleton/exoskeleton.js in 1208_PROFILING_INFO_
​ _PROFILING_INFO_start function null from ../todomvc/examples/exoskeleton/js/views/app-view.js in 60_PROFILING_INFO_
​ _PROFILING_INFO_start function null from ../todomvc/examples/exoskeleton/js/collections/todos.js in 20_PROFILING_INFO_
​ _PROFILING_INFO_start function null from ../todomvc/examples/exoskeleton/node_modules/exoskeleton/exoskeleton.js in 1036_PROFILING_INFO_
​ _PROFILING_INFO_start function null from ../todomvc/examples/exoskeleton/js/collections/todos.js in 25_PROFILING_INFO_
​ _PROFILING_INFO_start function null from ../todomvc/examples/exoskeleton/js/views/app-view.js in 7_PROFILING_INFO_
​ _PROFILING_INFO_start function null from ../todomvc/examples/exoskeleton/node_modules/backbone.nativeview/backbone.nativeview.js in 112_PROFILING_INFO_
app-view-instrumented.js:128 _PROFILING_INFO_start function null from ../todomvc/examples/exoskeleton/js/views/app-view.js in 122_PROFILING_INFO_
app-view-instrumented.js:117 _PROFILING_INFO_start function null from ../todomvc/examples/exoskeleton/js/views/app-view.js in 112_PROFILING_INFO_
todos-instrumented.js:36 _PROFILING_INFO_start function null from ../todomvc/examples/exoskeleton/js/collections/todos.js in 36_PROFILING_INFO_
exoskeleton-instrumented.js:1209 _PROFILING_INFO_start function null from ../todomvc/examples/exoskeleton/node_modules/exoskeleton/exoskeleton.js in 1098_PROFILING_INFO_
exoskeleton-instrumented.js:1257 _PROFILING_INFO_start function null from ../todomvc/examples/exoskeleton/node_modules/exoskeleton/exoskeleton.js in 1133_PROFILING_INFO_
exoskeleton-instrumented.js:516 _PROFILING_INFO_start function null from ../todomvc/examples/exoskeleton/node_modules/exoskeleton/exoskeleton.js in 466_PROFILING_INFO_
exoskeleton-instrumented.js:579 _PROFILING_INFO_start function null from ../todomvc/examples/exoskeleton/node_modules/exoskeleton/exoskeleton.js in 526_PROFILING_INFO_
exoskeleton-instrumented.js:848 _PROFILING_INFO_start function null from ../todomvc/examples/exoskeleton/node_modules/exoskeleton/exoskeleton.js in 783_PROFILING_INFO_
exoskeleton-instrumented.js:307 _PROFILING_INFO_start function null from ../todomvc/examples/exoskeleton/node_modules/exoskeleton/exoskeleton.js in 278_PROFILING_INFO_
exoskeleton-instrumented.js:241 _PROFILING_INFO_start function null from ../todomvc/examples/exoskeleton/node_modules/exoskeleton/exoskeleton.js in 187_PROFILING_INFO_
exoskeleton-instrumented.js:538 _PROFILING_INFO_start function null from ../todomvc/examples/exoskeleton/node_modules/exoskeleton/exoskeleton.js in 494_PROFILING_INFO_
exoskeleton-instrumented.js:1113 _PROFILING_INFO_start function null from ../todomvc/examples/exoskeleton/node_modules/exoskeleton/exoskeleton.js in 1024_PROFILING_INFO_
exoskeleton-instrumented.js:1272 _PROFILING_INFO_start function null from ../todomvc/examples/exoskeleton/node_modules/exoskeleton/exoskeleton.js in 1144_PROFILING_INFO_
exoskeleton-instrumented.js:1155 _PROFILING_INFO_start function null from ../todomvc/examples/exoskeleton/node_modules/exoskeleton/exoskeleton.js in 1055_PROFILING_INFO_
exoskeleton-instrumented.js:1440 _PROFILING_INFO_start function null from ../todomvc/examples/exoskeleton/node_modules/exoskeleton/exoskeleton.js in 1227_PROFILING_INFO_
exoskeleton-instrumented.js:181 _PROFILING_INFO_start function null from ../todomvc/examples/exoskeleton/node_modules/exoskeleton/exoskeleton.js in 151_PROFILING_INFO_
exoskeleton-instrumented.js:193 _PROFILING_INFO_start function null from ../todomvc/examples/exoskeleton/node_modules/exoskeleton/exoskeleton.js in 154_PROFILING_INFO_
exoskeleton-instrumented.js:1445 _PROFILING_INFO_start function null from ../todomvc/examples/exoskeleton/node_modules/exoskeleton/exoskeleton.js in 1228_PROFILING_INFO_
exoskeleton-instrumented.js:558 _PROFILING_INFO_start function null from ../todomvc/examples/exoskeleton/node_modules/exoskeleton/exoskeleton.js in 508_PROFILING_INFO_
exoskeleton-instrumented.js:217 _PROFILING_INFO_start function null from ../todomvc/examples/exoskeleton/node_modules/exoskeleton/exoskeleton.js in 170_PROFILING_INFO_
exoskeleton-instrumented.js:1293 _PROFILING_INFO_start function null from ../todomvc/examples/exoskeleton/node_modules/exoskeleton/exoskeleton.js in 1161_PROFILING_INFO_
app-view-instrumented.js:87 _PROFILING_INFO_start function null from ../todomvc/examples/exoskeleton/js/views/app-view.js in 92_PROFILING_INFO_
exoskeleton-instrumented.js:1463 _PROFILING_INFO_start function null from ../todomvc/examples/exoskeleton/node_modules/exoskeleton/exoskeleton.js in 1252_PROFILING_INFO_
exoskeleton-instrumented.js:1583 _PROFILING_INFO_start function null from ../todomvc/examples/exoskeleton/node_modules/exoskeleton/exoskeleton.js in 1373_PROFILING_INFO_
backbone.nativeview-instrumented.js:100 _PROFILING_INFO_start function null from ../todomvc/examples/exoskeleton/node_modules/backbone.nativeview/backbone.nativeview.js in 91_PROFILING_INFO_
todo-view-instrumented.js:22 _PROFILING_INFO_start function null from ../todomvc/examples/exoskeleton/js/views/todo-view.js in 32_PROFILING_INFO_
todo-view-instrumented.js:31 _PROFILING_INFO_start function null from ../todomvc/examples/exoskeleton/js/views/todo-view.js in 39_PROFILING_INFO_
exoskeleton-instrumented.js:544 _PROFILING_INFO_start function null from ../todomvc/examples/exoskeleton/node_modules/exoskeleton/exoskeleton.js in 497_PROFILING_INFO_
index-instrumented.js:99 _PROFILING_INFO_start function null from ../todomvc/examples/exoskeleton/node_modules/microtemplates/index.js in 102_PROFILING_INFO_
index-instrumented.js:34 _PROFILING_INFO_start function null from ../todomvc/examples/exoskeleton/node_modules/microtemplates/index.js in 44_PROFILING_INFO_
todo-view-instrumented.js:43 _PROFILING_INFO_start function null from ../todomvc/examples/exoskeleton/js/views/todo-view.js in 48_PROFILING_INFO_
todo-view-instrumented.js:50 _PROFILING_INFO_start function null from ../todomvc/examples/exoskeleton/js/views/todo-view.js in 52_PROFILING_INFO_
exoskeleton-instrumented.js:1136 _PROFILING_INFO_start function null from ../todomvc/examples/exoskeleton/node_modules/exoskeleton/exoskeleton.js in 1038_PROFILING_INFO_
app-view-instrumented.js:71 _PROFILING_INFO_start function null from ../todomvc/examples/exoskeleton/js/views/app-view.js in 75_PROFILING_INFO_
app-view-instrumented.js:19 _PROFILING_INFO_start function null from ../todomvc/examples/exoskeleton/js/views/app-view.js in 11_PROFILING_INFO_
app-view-instrumented.js:24 _PROFILING_INFO_start function null from ../todomvc/examples/exoskeleton/js/views/app-view.js in 12_PROFILING_INFO_
exoskeleton-instrumented.js:721 _PROFILING_INFO_start function null from ../todomvc/examples/exoskeleton/node_modules/exoskeleton/exoskeleton.js in 664_PROFILING_INFO_
exoskeleton-instrumented.js:834 _PROFILING_INFO_start function null from ../todomvc/examples/exoskeleton/node_modules/exoskeleton/exoskeleton.js in 772_PROFILING_INFO_
exoskeleton-instrumented.js:572 _PROFILING_INFO_start function null from ../todomvc/examples/exoskeleton/node_modules/exoskeleton/exoskeleton.js in 519_PROFILING_INFO_
exoskeleton-instrumented.js:551 _PROFILING_INFO_start function null from ../todomvc/examples/exoskeleton/node_modules/exoskeleton/exoskeleton.js in 503_PROFILING_INFO_
backbone.localStorage-instrumented.js:117 _PROFILING_INFO_start function null from ../todomvc/examples/exoskeleton/node_modules/backbone.localstorage/backbone.localStorage.js in 85_PROFILING_INFO_
backbone.localStorage-instrumented.js:36 _PROFILING_INFO_start function guid from ../todomvc/examples/exoskeleton/node_modules/backbone.localstorage/backbone.localStorage.js in 30_PROFILING_INFO_
backbone.localStorage-instrumented.js:28 _PROFILING_INFO_start function S4 from ../todomvc/examples/exoskeleton/node_modules/backbone.localstorage/backbone.localStorage.js in 25_PROFILING_INFO_
exoskeleton-instrumented.js:681 _PROFILING_INFO_start function null from ../todomvc/examples/exoskeleton/node_modules/exoskeleton/exoskeleton.js in 633_PROFILING_INFO_
backbone.localStorage-instrumented.js:180 _PROFILING_INFO_start function null from ../todomvc/examples/exoskeleton/node_modules/backbone.localstorage/backbone.localStorage.js in 136_PROFILING_INFO_
backbone.localStorage-instrumented.js:208 _PROFILING_INFO_start function null from ../todomvc/examples/exoskeleton/node_modules/backbone.localstorage/backbone.localStorage.js in 163_PROFILING_INFO_
backbone.localStorage-instrumented.js:91 _PROFILING_INFO_start function null from ../todomvc/examples/exoskeleton/node_modules/backbone.localstorage/backbone.localStorage.js in 64_PROFILING_INFO_
backbone.localStorage-instrumented.js:44 _PROFILING_INFO_start function isObject from ../todomvc/examples/exoskeleton/node_modules/backbone.localstorage/backbone.localStorage.js in 34_PROFILING_INFO_
backbone.localStorage-instrumented.js:110 _PROFILING_INFO_start function null from ../todomvc/examples/exoskeleton/node_modules/backbone.localstorage/backbone.localStorage.js in 79_PROFILING_INFO_
backbone.localStorage-instrumented.js:144 _PROFILING_INFO_start function null from ../todomvc/examples/exoskeleton/node_modules/backbone.localstorage/backbone.localStorage.js in 108_PROFILING_INFO_
backbone.localStorage-instrumented.js:98 _PROFILING_INFO_start function null from ../todomvc/examples/exoskeleton/node_modules/backbone.localstorage/backbone.localStorage.js in 68_PROFILING_INFO_
exoskeleton-instrumented.js:748 _PROFILING_INFO_start function null from ../todomvc/examples/exoskeleton/node_modules/exoskeleton/exoskeleton.js in 696_PROFILING_INFO_
exoskeleton-instrumented.js:820 _PROFILING_INFO_start function null from ../todomvc/examples/exoskeleton/node_modules/exoskeleton/exoskeleton.js in 762_PROFILING_INFO_
exoskeleton-instrumented.js:1221 _PROFILING_INFO_start function null from ../todomvc/examples/exoskeleton/node_modules/exoskeleton/exoskeleton.js in 1104_PROFILING_INFO_
todos-instrumented.js:29 _PROFILING_INFO_start function null from ../todomvc/examples/exoskeleton/js/collections/todos.js in 30_PROFILING_INFO_
exoskeleton-instrumented.js:1122 _PROFILING_INFO_start function null from ../todomvc/examples/exoskeleton/node_modules/exoskeleton/exoskeleton.js in 1030_PROFILING_INFO_
exoskeleton-instrumented.js:203 _PROFILING_INFO_start function null from ../todomvc/examples/exoskeleton/node_modules/exoskeleton/exoskeleton.js in 161_PROFILING_INFO_
app-view-instrumented.js:153 _PROFILING_INFO_start function null from ../todomvc/examples/exoskeleton/js/views/app-view.js in 139_PROFILING_INFO_
app-view-instrumented.js:159 _PROFILING_INFO_start function null from ../todomvc/examples/exoskeleton/js/views/app-view.js in 142_PROFILING_INFO_
app-view-instrumented.js:103 _PROFILING_INFO_start function null from ../todomvc/examples/exoskeleton/js/views/app-view.js in 103_PROFILING_INFO_
backbone.localStorage-instrumented.js:131 _PROFILING_INFO_start function null from ../todomvc/examples/exoskeleton/node_modules/backbone.localstorage/backbone.localStorage.js in 97_PROFILING_INFO_
backbone.localStorage-instrumented.js:51 _PROFILING_INFO_start function contains from ../todomvc/examples/exoskeleton/node_modules/backbone.localstorage/backbone.localStorage.js in 38_PROFILING_INFO_
todo-view-instrumented.js:58 _PROFILING_INFO_start function null from ../todomvc/examples/exoskeleton/js/views/todo-view.js in 61_PROFILING_INFO_
todo-instrumented.js:17 _PROFILING_INFO_start function null from ../todomvc/examples/exoskeleton/js/models/todo.js in 20_PROFILING_INFO_
app-view-instrumented.js:139 _PROFILING_INFO_start function null from ../todomvc/examples/exoskeleton/js/views/app-view.js in 132_PROFILING_INFO_
app-view-instrumented.js:144 _PROFILING_INFO_start function null from ../todomvc/examples/exoskeleton/js/views/app-view.js in 133_PROFILING_INFO_
exoskeleton-instrumented.js:773 _PROFILING_INFO_start function null from ../todomvc/examples/exoskeleton/node_modules/exoskeleton/exoskeleton.js in 722_PROFILING_INFO_
backbone.localStorage-instrumented.js:165 _PROFILING_INFO_start function null from ../todomvc/examples/exoskeleton/node_modules/backbone.localstorage/backbone.localStorage.js in 124_PROFILING_INFO_
exoskeleton-instrumented.js:788 _PROFILING_INFO_start function null from ../todomvc/examples/exoskeleton/node_modules/exoskeleton/exoskeleton.js in 731_PROFILING_INFO_
exoskeleton-instrumented.js:781 _PROFILING_INFO_start function null from ../todomvc/examples/exoskeleton/node_modules/exoskeleton/exoskeleton.js in 727_PROFILING_INFO_
exoskeleton-instrumented.js:1507 _PROFILING_INFO_start function null from ../todomvc/examples/exoskeleton/node_modules/exoskeleton/exoskeleton.js in 1291_PROFILING_INFO_
backbone.nativeview-instrumented.js:74 _PROFILING_INFO_start function null from ../todomvc/examples/exoskeleton/node_modules/backbone.nativeview/backbone.nativeview.js in 68_PROFILING_INFO_
exoskeleton-instrumented.js:412 _PROFILING_INFO_start function null from ../todomvc/examples/exoskeleton/node_modules/exoskeleton/exoskeleton.js in 372_PROFILING_INFO_
exoskeleton-instrumented.js:360 _PROFILING_INFO_start function null from ../todomvc/examples/exoskeleton/node_modules/exoskeleton/exoskeleton.js in 327_PROFILING_INFO_
exoskeleton-instrumented.js:947 _PROFILING_INFO_start function null from ../todomvc/examples/exoskeleton/node_modules/exoskeleton/exoskeleton.js in 862_PROFILING_INFO_
exoskeleton-instrumented.js:1284 _PROFILING_INFO_start function null from ../todomvc/examples/exoskeleton/node_modules/exoskeleton/exoskeleton.js in 1152_PROFILING_INFO_
todo-view-instrumented.js:65 _PROFILING_INFO_start function null from ../todomvc/examples/exoskeleton/js/views/todo-view.js in 66_PROFILING_INFO_
todo-view-instrumented.js:88 _PROFILING_INFO_start function null from ../todomvc/examples/exoskeleton/js/views/todo-view.js in 90_PROFILING_INFO_
todo-view-instrumented.js:74 _PROFILING_INFO_start function null from ../todomvc/examples/exoskeleton/js/views/todo-view.js in 74_PROFILING_INFO_
todo-view-instrumented.js:99 _PROFILING_INFO_start function null from ../todomvc/examples/exoskeleton/js/views/todo-view.js in 99_PROFILING_INFO_
exoskeleton-instrumented.js:1871 _PROFILING_INFO_start function null from ../todomvc/examples/exoskeleton/node_modules/exoskeleton/exoskeleton.js in 1685_PROFILING_INFO_
exoskeleton-instrumented.js:1805 _PROFILING_INFO_start function null from ../todomvc/examples/exoskeleton/node_modules/exoskeleton/exoskeleton.js in 1610_PROFILING_INFO_
exoskeleton-instrumented.js:1797 _PROFILING_INFO_start function null from ../todomvc/examples/exoskeleton/node_modules/exoskeleton/exoskeleton.js in 1603_PROFILING_INFO_
exoskeleton-instrumented.js:1881 _PROFILING_INFO_start function null from ../todomvc/examples/exoskeleton/node_modules/exoskeleton/exoskeleton.js in 1694_PROFILING_INFO_
exoskeleton-instrumented.js:1887 _PROFILING_INFO_start function null from ../todomvc/examples/exoskeleton/node_modules/exoskeleton/exoskeleton.js in 1696_PROFILING_INFO_
exoskeleton-instrumented.js:1699 _PROFILING_INFO_start function null from ../todomvc/examples/exoskeleton/node_modules/exoskeleton/exoskeleton.js in 1500_PROFILING_INFO_
exoskeleton-instrumented.js:1755 _PROFILING_INFO_start function null from ../todomvc/examples/exoskeleton/node_modules/exoskeleton/exoskeleton.js in 1549_PROFILING_INFO_
exoskeleton-instrumented.js:1761 _PROFILING_INFO_start function null from ../todomvc/examples/exoskeleton/node_modules/exoskeleton/exoskeleton.js in 1551_PROFILING_INFO_
exoskeleton-instrumented.js:1712 _PROFILING_INFO_start function null from ../todomvc/examples/exoskeleton/node_modules/exoskeleton/exoskeleton.js in 1512_PROFILING_INFO_
router-instrumented.js:14 _PROFILING_INFO_start function null from ../todomvc/examples/exoskeleton/js/routers/router.js in 14_PROFILING_INFO_
app-view-instrumented.js:110 _PROFILING_INFO_start function null from ../todomvc/examples/exoskeleton/js/views/app-view.js in 107_PROFILING_INFO_
