base-instrumented.js:5 _PROFILING_INFO_start function null from ../todomvc/examples/knockoutjs_require/node_modules/todomvc-common/base.js in 2_PROFILING_INFO_
base-instrumented.js:11 _PROFILING_INFO_start function null from ../todomvc/examples/knockoutjs_require/node_modules/todomvc-common/base.js in 8_PROFILING_INFO_
base-instrumented.js:132 _PROFILING_INFO_start function redirect from ../todomvc/examples/knockoutjs_require/node_modules/todomvc-common/base.js in 121_PROFILING_INFO_
base-instrumented.js:149 _PROFILING_INFO_start function getFile from ../todomvc/examples/knockoutjs_require/node_modules/todomvc-common/base.js in 132_PROFILING_INFO_
base-instrumented.js:141 _PROFILING_INFO_start function findRoot from ../todomvc/examples/knockoutjs_require/node_modules/todomvc-common/base.js in 127_PROFILING_INFO_
require-instrumented.js:6 _PROFILING_INFO_start function null from ../todomvc/examples/knockoutjs_require/node_modules/requirejs/require.js in 12_PROFILING_INFO_
require-instrumented.js:1357 _PROFILING_INFO_start function null from ../todomvc/examples/knockoutjs_require/node_modules/requirejs/require.js in 1719_PROFILING_INFO_
require-instrumented.js:19 _PROFILING_INFO_start function isArray from ../todomvc/examples/knockoutjs_require/node_modules/requirejs/require.js in 45_PROFILING_INFO_
require-instrumented.js:61 _PROFILING_INFO_start function getOwn from ../todomvc/examples/knockoutjs_require/node_modules/requirejs/require.js in 83_PROFILING_INFO_
require-instrumented.js:54 _PROFILING_INFO_start function hasProp from ../todomvc/examples/knockoutjs_require/node_modules/requirejs/require.js in 79_PROFILING_INFO_
require-instrumented.js:179 _PROFILING_INFO_start function newContext from ../todomvc/examples/knockoutjs_require/node_modules/requirejs/require.js in 197_PROFILING_INFO_
require-instrumented.js:1128 _PROFILING_INFO_start function null from ../todomvc/examples/knockoutjs_require/node_modules/requirejs/require.js in 1373_PROFILING_INFO_
require-instrumented.js:82 _PROFILING_INFO_start function mixin from ../todomvc/examples/knockoutjs_require/node_modules/requirejs/require.js in 107_PROFILING_INFO_
require-instrumented.js:68 _PROFILING_INFO_start function eachProp from ../todomvc/examples/knockoutjs_require/node_modules/requirejs/require.js in 92_PROFILING_INFO_
require-instrumented.js:88 _PROFILING_INFO_start function null from ../todomvc/examples/knockoutjs_require/node_modules/requirejs/require.js in 109_PROFILING_INFO_
require-instrumented.js:1018 _PROFILING_INFO_start function null from ../todomvc/examples/knockoutjs_require/node_modules/requirejs/require.js in 1261_PROFILING_INFO_
require-instrumented.js:1134 _PROFILING_INFO_start function localRequire from ../todomvc/examples/knockoutjs_require/node_modules/requirejs/require.js in 1376_PROFILING_INFO_
require-instrumented.js:991 _PROFILING_INFO_start function intakeDefines from ../todomvc/examples/knockoutjs_require/node_modules/requirejs/require.js in 1226_PROFILING_INFO_
require-instrumented.js:423 _PROFILING_INFO_start function takeGlobalQueue from ../todomvc/examples/knockoutjs_require/node_modules/requirejs/require.js in 554_PROFILING_INFO_
require-instrumented.js:1392 _PROFILING_INFO_start function null from ../todomvc/examples/knockoutjs_require/node_modules/requirejs/require.js in 1769_PROFILING_INFO_
require-instrumented.js:26 _PROFILING_INFO_start function each from ../todomvc/examples/knockoutjs_require/node_modules/requirejs/require.js in 53_PROFILING_INFO_
require-instrumented.js:1421 _PROFILING_INFO_start function null from ../todomvc/examples/knockoutjs_require/node_modules/requirejs/require.js in 1799_PROFILING_INFO_
require-instrumented.js:120 _PROFILING_INFO_start function scripts from ../todomvc/examples/knockoutjs_require/node_modules/requirejs/require.js in 136_PROFILING_INFO_
require-instrumented.js:40 _PROFILING_INFO_start function eachReverse from ../todomvc/examples/knockoutjs_require/node_modules/requirejs/require.js in 68_PROFILING_INFO_
require-instrumented.js:1509 _PROFILING_INFO_start function null from ../todomvc/examples/knockoutjs_require/node_modules/requirejs/require.js in 1953_PROFILING_INFO_
require-instrumented.js:1034 _PROFILING_INFO_start function null from ../todomvc/examples/knockoutjs_require/node_modules/requirejs/require.js in 1279_PROFILING_INFO_
base-instrumented.js:160 _PROFILING_INFO_start function null from ../todomvc/examples/knockoutjs_require/node_modules/todomvc-common/base.js in 142_PROFILING_INFO_
base-instrumented.js:170 _PROFILING_INFO_start function Learn from ../todomvc/examples/knockoutjs_require/node_modules/todomvc-common/base.js in 149_PROFILING_INFO_
base-instrumented.js:208 _PROFILING_INFO_start function null from ../todomvc/examples/knockoutjs_require/node_modules/todomvc-common/base.js in 194_PROFILING_INFO_
base-instrumented.js:52 _PROFILING_INFO_start function null from ../todomvc/examples/knockoutjs_require/node_modules/todomvc-common/base.js in 56_PROFILING_INFO_
base-instrumented.js:16 _PROFILING_INFO_start function null from ../todomvc/examples/knockoutjs_require/node_modules/todomvc-common/base.js in 9_PROFILING_INFO_
base-instrumented.js:66 _PROFILING_INFO_start function null from ../todomvc/examples/knockoutjs_require/node_modules/todomvc-common/base.js in 70_PROFILING_INFO_
base-instrumented.js:225 _PROFILING_INFO_start function null from ../todomvc/examples/knockoutjs_require/node_modules/todomvc-common/base.js in 211_PROFILING_INFO_
base-instrumented.js:141 _PROFILING_INFO_start function findRoot from ../todomvc/examples/knockoutjs_require/node_modules/todomvc-common/base.js in 127_PROFILING_INFO_
base-instrumented.js:238 _PROFILING_INFO_start function null from ../todomvc/examples/knockoutjs_require/node_modules/todomvc-common/base.js in 222_PROFILING_INFO_
require-instrumented.js:1161 _PROFILING_INFO_start function null from ../todomvc/examples/knockoutjs_require/node_modules/requirejs/require.js in 1420_PROFILING_INFO_
require-instrumented.js:314 _PROFILING_INFO_start function makeModuleMap from ../todomvc/examples/knockoutjs_require/node_modules/requirejs/require.js in 414_PROFILING_INFO_
require-instrumented.js:299 _PROFILING_INFO_start function splitPrefix from ../todomvc/examples/knockoutjs_require/node_modules/requirejs/require.js in 389_PROFILING_INFO_
require-instrumented.js:214 _PROFILING_INFO_start function normalize from ../todomvc/examples/knockoutjs_require/node_modules/requirejs/require.js in 267_PROFILING_INFO_
require-instrumented.js:193 _PROFILING_INFO_start function trimDots from ../todomvc/examples/knockoutjs_require/node_modules/requirejs/require.js in 234_PROFILING_INFO_
require-instrumented.js:1283 _PROFILING_INFO_start function null from ../todomvc/examples/knockoutjs_require/node_modules/requirejs/require.js in 1593_PROFILING_INFO_
require-instrumented.js:365 _PROFILING_INFO_start function getModule from ../todomvc/examples/knockoutjs_require/node_modules/requirejs/require.js in 495_PROFILING_INFO_
require-instrumented.js:588 _PROFILING_INFO_start function null from ../todomvc/examples/knockoutjs_require/node_modules/requirejs/require.js in 721_PROFILING_INFO_
require-instrumented.js:603 _PROFILING_INFO_start function null from ../todomvc/examples/knockoutjs_require/node_modules/requirejs/require.js in 738_PROFILING_INFO_
require-instrumented.js:866 _PROFILING_INFO_start function null from ../todomvc/examples/knockoutjs_require/node_modules/requirejs/require.js in 1087_PROFILING_INFO_
require-instrumented.js:107 _PROFILING_INFO_start function bind from ../todomvc/examples/knockoutjs_require/node_modules/requirejs/require.js in 130_PROFILING_INFO_
require-instrumented.js:679 _PROFILING_INFO_start function null from ../todomvc/examples/knockoutjs_require/node_modules/requirejs/require.js in 836_PROFILING_INFO_
require-instrumented.js:12 _PROFILING_INFO_start function isFunction from ../todomvc/examples/knockoutjs_require/node_modules/requirejs/require.js in 41_PROFILING_INFO_
require-instrumented.js:485 _PROFILING_INFO_start function cleanRegistry from ../todomvc/examples/knockoutjs_require/node_modules/requirejs/require.js in 600_PROFILING_INFO_
require-instrumented.js:939 _PROFILING_INFO_start function null from ../todomvc/examples/knockoutjs_require/node_modules/requirejs/require.js in 1169_PROFILING_INFO_
require-instrumented.js:521 _PROFILING_INFO_start function checkLoaded from ../todomvc/examples/knockoutjs_require/node_modules/requirejs/require.js in 634_PROFILING_INFO_
require-instrumented.js:112 _PROFILING_INFO_start function null from ../todomvc/examples/knockoutjs_require/node_modules/requirejs/require.js in 131_PROFILING_INFO_
require-instrumented.js:874 _PROFILING_INFO_start function null from ../todomvc/examples/knockoutjs_require/node_modules/requirejs/require.js in 1098_PROFILING_INFO_
require-instrumented.js:376 _PROFILING_INFO_start function on from ../todomvc/examples/knockoutjs_require/node_modules/requirejs/require.js in 506_PROFILING_INFO_
require-instrumented.js:928 _PROFILING_INFO_start function null from ../todomvc/examples/knockoutjs_require/node_modules/requirejs/require.js in 1161_PROFILING_INFO_
require-instrumented.js:1235 _PROFILING_INFO_start function null from ../todomvc/examples/knockoutjs_require/node_modules/requirejs/require.js in 1523_PROFILING_INFO_
require-instrumented.js:645 _PROFILING_INFO_start function null from ../todomvc/examples/knockoutjs_require/node_modules/requirejs/require.js in 798_PROFILING_INFO_
require-instrumented.js:668 _PROFILING_INFO_start function null from ../todomvc/examples/knockoutjs_require/node_modules/requirejs/require.js in 822_PROFILING_INFO_
require-instrumented.js:1318 _PROFILING_INFO_start function null from ../todomvc/examples/knockoutjs_require/node_modules/requirejs/require.js in 1653_PROFILING_INFO_
require-instrumented.js:1454 _PROFILING_INFO_start function null from ../todomvc/examples/knockoutjs_require/node_modules/requirejs/require.js in 1849_PROFILING_INFO_
require-instrumented.js:1443 _PROFILING_INFO_start function null from ../todomvc/examples/knockoutjs_require/node_modules/requirejs/require.js in 1830_PROFILING_INFO_
require-instrumented.js:531 _PROFILING_INFO_start function null from ../todomvc/examples/knockoutjs_require/node_modules/requirejs/require.js in 652_PROFILING_INFO_
require-instrumented.js:1385 _PROFILING_INFO_start function null from ../todomvc/examples/knockoutjs_require/node_modules/requirejs/require.js in 1759_PROFILING_INFO_
require-instrumented.js:1097 _PROFILING_INFO_start function null from ../todomvc/examples/knockoutjs_require/node_modules/requirejs/require.js in 1345_PROFILING_INFO_
require-instrumented.js:1332 _PROFILING_INFO_start function null from ../todomvc/examples/knockoutjs_require/node_modules/requirejs/require.js in 1674_PROFILING_INFO_
require-instrumented.js:978 _PROFILING_INFO_start function getScriptData from ../todomvc/examples/knockoutjs_require/node_modules/requirejs/require.js in 1210_PROFILING_INFO_
require-instrumented.js:965 _PROFILING_INFO_start function removeListener from ../todomvc/examples/knockoutjs_require/node_modules/requirejs/require.js in 1189_PROFILING_INFO_
require-instrumented.js:1245 _PROFILING_INFO_start function null from ../todomvc/examples/knockoutjs_require/node_modules/requirejs/require.js in 1536_PROFILING_INFO_
require-instrumented.js:956 _PROFILING_INFO_start function callGetModule from ../todomvc/examples/knockoutjs_require/node_modules/requirejs/require.js in 1182_PROFILING_INFO_
require-instrumented.js:944 _PROFILING_INFO_start function null from ../todomvc/examples/knockoutjs_require/node_modules/requirejs/require.js in 1170_PROFILING_INFO_
require-instrumented.js:889 _PROFILING_INFO_start function null from ../todomvc/examples/knockoutjs_require/node_modules/requirejs/require.js in 1119_PROFILING_INFO_
require-instrumented.js:634 _PROFILING_INFO_start function null from ../todomvc/examples/knockoutjs_require/node_modules/requirejs/require.js in 788_PROFILING_INFO_
require-instrumented.js:1535 _PROFILING_INFO_start function null from ../todomvc/examples/knockoutjs_require/node_modules/requirejs/require.js in 2003_PROFILING_INFO_
require-instrumented.js:448 _PROFILING_INFO_start function null from ../todomvc/examples/knockoutjs_require/node_modules/requirejs/require.js in 574_PROFILING_INFO_
require-instrumented.js:437 _PROFILING_INFO_start function null from ../todomvc/examples/knockoutjs_require/node_modules/requirejs/require.js in 567_PROFILING_INFO_
require-instrumented.js:1325 _PROFILING_INFO_start function null from ../todomvc/examples/knockoutjs_require/node_modules/requirejs/require.js in 1664_PROFILING_INFO_
require-instrumented.js:576 _PROFILING_INFO_start function null from ../todomvc/examples/knockoutjs_require/node_modules/requirejs/require.js in 711_PROFILING_INFO_
