base-instrumented.js:5 _PROFILING_INFO_start function null from ../todomvc/examples/rappidjs/node_modules/todomvc-common/base.js in 2_PROFILING_INFO_
base-instrumented.js:11 _PROFILING_INFO_start function null from ../todomvc/examples/rappidjs/node_modules/todomvc-common/base.js in 8_PROFILING_INFO_
base-instrumented.js:132 _PROFILING_INFO_start function redirect from ../todomvc/examples/rappidjs/node_modules/todomvc-common/base.js in 121_PROFILING_INFO_
base-instrumented.js:149 _PROFILING_INFO_start function getFile from ../todomvc/examples/rappidjs/node_modules/todomvc-common/base.js in 132_PROFILING_INFO_
base-instrumented.js:141 _PROFILING_INFO_start function findRoot from ../todomvc/examples/rappidjs/node_modules/todomvc-common/base.js in 127_PROFILING_INFO_
base-instrumented.js:160 _PROFILING_INFO_start function null from ../todomvc/examples/rappidjs/node_modules/todomvc-common/base.js in 142_PROFILING_INFO_
base-instrumented.js:170 _PROFILING_INFO_start function Learn from ../todomvc/examples/rappidjs/node_modules/todomvc-common/base.js in 149_PROFILING_INFO_
base-instrumented.js:208 _PROFILING_INFO_start function null from ../todomvc/examples/rappidjs/node_modules/todomvc-common/base.js in 194_PROFILING_INFO_
base-instrumented.js:52 _PROFILING_INFO_start function null from ../todomvc/examples/rappidjs/node_modules/todomvc-common/base.js in 56_PROFILING_INFO_
base-instrumented.js:16 _PROFILING_INFO_start function null from ../todomvc/examples/rappidjs/node_modules/todomvc-common/base.js in 9_PROFILING_INFO_
base-instrumented.js:66 _PROFILING_INFO_start function null from ../todomvc/examples/rappidjs/node_modules/todomvc-common/base.js in 70_PROFILING_INFO_
base-instrumented.js:238 _PROFILING_INFO_start function null from ../todomvc/examples/rappidjs/node_modules/todomvc-common/base.js in 222_PROFILING_INFO_
rappidjs.min-instrumented.js:6 _PROFILING_INFO_start function null from ../todomvc/examples/rappidjs/app/lib/rappidjs.min.js in 16_PROFILING_INFO_
rappidjs.min-instrumented.js:18 _PROFILING_INFO_start function isArray from ../todomvc/examples/rappidjs/app/lib/rappidjs.min.js in 16_PROFILING_INFO_
rappidjs.min-instrumented.js:162 _PROFILING_INFO_start function newContext from ../todomvc/examples/rappidjs/app/lib/rappidjs.min.js in 16_PROFILING_INFO_
rappidjs.min-instrumented.js:66 _PROFILING_INFO_start function mixin from ../todomvc/examples/rappidjs/app/lib/rappidjs.min.js in 16_PROFILING_INFO_
rappidjs.min-instrumented.js:56 _PROFILING_INFO_start function eachProp from ../todomvc/examples/rappidjs/app/lib/rappidjs.min.js in 16_PROFILING_INFO_
rappidjs.min-instrumented.js:292 _PROFILING_INFO_start function y from ../todomvc/examples/rappidjs/app/lib/rappidjs.min.js in 16_PROFILING_INFO_
rappidjs.min-instrumented.js:238 _PROFILING_INFO_start function u from ../todomvc/examples/rappidjs/app/lib/rappidjs.min.js in 16_PROFILING_INFO_
rappidjs.min-instrumented.js:184 _PROFILING_INFO_start function r from ../todomvc/examples/rappidjs/app/lib/rappidjs.min.js in 16_PROFILING_INFO_
rappidjs.min-instrumented.js:261 _PROFILING_INFO_start function v from ../todomvc/examples/rappidjs/app/lib/rappidjs.min.js in 16_PROFILING_INFO_
rappidjs.min-instrumented.js:80 _PROFILING_INFO_start function bind from ../todomvc/examples/rappidjs/app/lib/rappidjs.min.js in 16_PROFILING_INFO_
rappidjs.min-instrumented.js:25 _PROFILING_INFO_start function each from ../todomvc/examples/rappidjs/app/lib/rappidjs.min.js in 16_PROFILING_INFO_
rappidjs.min-instrumented.js:11 _PROFILING_INFO_start function isFunction from ../todomvc/examples/rappidjs/app/lib/rappidjs.min.js in 16_PROFILING_INFO_
rappidjs.min-instrumented.js:375 _PROFILING_INFO_start function E from ../todomvc/examples/rappidjs/app/lib/rappidjs.min.js in 16_PROFILING_INFO_
rappidjs.min-instrumented.js:130 _PROFILING_INFO_start function addRequireMethods from ../todomvc/examples/rappidjs/app/lib/rappidjs.min.js in 16_PROFILING_INFO_
rappidjs.min-instrumented.js:116 _PROFILING_INFO_start function makeContextModuleFunc from ../todomvc/examples/rappidjs/app/lib/rappidjs.min.js in 16_PROFILING_INFO_
rappidjs.min-instrumented.js:93 _PROFILING_INFO_start function scripts from ../todomvc/examples/rappidjs/app/lib/rappidjs.min.js in 16_PROFILING_INFO_
rappidjs.min-instrumented.js:37 _PROFILING_INFO_start function eachReverse from ../todomvc/examples/rappidjs/app/lib/rappidjs.min.js in 16_PROFILING_INFO_
rappidjs.min-instrumented.js:2446 _PROFILING_INFO_start function g from ../todomvc/examples/rappidjs/app/lib/rappidjs.min.js in 16_PROFILING_INFO_
rappidjs.min-instrumented.js:419 _PROFILING_INFO_start function F from ../todomvc/examples/rappidjs/app/lib/rappidjs.min.js in 16_PROFILING_INFO_
rappidjs.min-instrumented.js:269 _PROFILING_INFO_start function w from ../todomvc/examples/rappidjs/app/lib/rappidjs.min.js in 16_PROFILING_INFO_
rappidjs.min-instrumented.js:49 _PROFILING_INFO_start function hasProp from ../todomvc/examples/rappidjs/app/lib/rappidjs.min.js in 16_PROFILING_INFO_
rappidjs.min-instrumented.js:302 _PROFILING_INFO_start function z from ../todomvc/examples/rappidjs/app/lib/rappidjs.min.js in 16_PROFILING_INFO_
rappidjs.min-instrumented.js:368 _PROFILING_INFO_start function D from ../todomvc/examples/rappidjs/app/lib/rappidjs.min.js in 16_PROFILING_INFO_
rappidjs.min-instrumented.js:8255 _PROFILING_INFO_start function n from ../todomvc/examples/rappidjs/app/lib/rappidjs.min.js in 16_PROFILING_INFO_
rappidjs.min-instrumented.js:8260 _PROFILING_INFO_start function b from ../todomvc/examples/rappidjs/app/lib/rappidjs.min.js in 16_PROFILING_INFO_
rappidjs.min-instrumented.js:324 _PROFILING_INFO_start function B from ../todomvc/examples/rappidjs/app/lib/rappidjs.min.js in 16_PROFILING_INFO_
rappidjs.min-instrumented.js:8614 _PROFILING_INFO_start function k from ../todomvc/examples/rappidjs/app/lib/rappidjs.min.js in 16_PROFILING_INFO_
rappidjs.min-instrumented.js:8579 _PROFILING_INFO_start function i from ../todomvc/examples/rappidjs/app/lib/rappidjs.min.js in 16_PROFILING_INFO_
rappidjs.min-instrumented.js:8645 _PROFILING_INFO_start function l from ../todomvc/examples/rappidjs/app/lib/rappidjs.min.js in 16_PROFILING_INFO_
rappidjs.min-instrumented.js:433 _PROFILING_INFO_start function H from ../todomvc/examples/rappidjs/app/lib/rappidjs.min.js in 16_PROFILING_INFO_
rappidjs.min-instrumented.js:426 _PROFILING_INFO_start function G from ../todomvc/examples/rappidjs/app/lib/rappidjs.min.js in 16_PROFILING_INFO_
rappidjs.min-instrumented.js:8657 _PROFILING_INFO_start function m from ../todomvc/examples/rappidjs/app/lib/rappidjs.min.js in 16_PROFILING_INFO_
rappidjs.min-instrumented.js:2698 _PROFILING_INFO_start function A from ../todomvc/examples/rappidjs/app/lib/rappidjs.min.js in 16_PROFILING_INFO_
rappidjs.min-instrumented.js:8531 _PROFILING_INFO_start function e from ../todomvc/examples/rappidjs/app/lib/rappidjs.min.js in 16_PROFILING_INFO_
rappidjs.min-instrumented.js:8536 _PROFILING_INFO_start function c from ../todomvc/examples/rappidjs/app/lib/rappidjs.min.js in 16_PROFILING_INFO_
rappidjs.min-instrumented.js:4372 _PROFILING_INFO_start function f from ../todomvc/examples/rappidjs/app/lib/rappidjs.min.js in 16_PROFILING_INFO_
rappidjs.min-instrumented.js:1864 _PROFILING_INFO_start function x from ../todomvc/examples/rappidjs/app/lib/rappidjs.min.js in 16_PROFILING_INFO_
rappidjs.min-instrumented.js:1579 _PROFILING_INFO_start function t from ../todomvc/examples/rappidjs/app/lib/rappidjs.min.js in 16_PROFILING_INFO_
rappidjs.min-instrumented.js:1536 _PROFILING_INFO_start function s from ../todomvc/examples/rappidjs/app/lib/rappidjs.min.js in 16_PROFILING_INFO_
rappidjs.min-instrumented.js:1411 _PROFILING_INFO_start function q from ../todomvc/examples/rappidjs/app/lib/rappidjs.min.js in 16_PROFILING_INFO_
rappidjs.min-instrumented.js:1336 _PROFILING_INFO_start function p from ../todomvc/examples/rappidjs/app/lib/rappidjs.min.js in 16_PROFILING_INFO_
rappidjs.min-instrumented.js:1266 _PROFILING_INFO_start function o from ../todomvc/examples/rappidjs/app/lib/rappidjs.min.js in 16_PROFILING_INFO_
rappidjs.min-instrumented.js:5626 _PROFILING_INFO_start function d from ../todomvc/examples/rappidjs/app/lib/rappidjs.min.js in 16_PROFILING_INFO_
