base-instrumented.js:5 _PROFILING_INFO_start function null from ../todomvc/examples/riotjs/node_modules/todomvc-common/base.js in 2_PROFILING_INFO_
base-instrumented.js:11 _PROFILING_INFO_start function null from ../todomvc/examples/riotjs/node_modules/todomvc-common/base.js in 8_PROFILING_INFO_
base-instrumented.js:136 _PROFILING_INFO_start function redirect from ../todomvc/examples/riotjs/node_modules/todomvc-common/base.js in 126_PROFILING_INFO_
base-instrumented.js:153 _PROFILING_INFO_start function getFile from ../todomvc/examples/riotjs/node_modules/todomvc-common/base.js in 137_PROFILING_INFO_
base-instrumented.js:145 _PROFILING_INFO_start function findRoot from ../todomvc/examples/riotjs/node_modules/todomvc-common/base.js in 132_PROFILING_INFO_
riot+compiler.min-instrumented.js:5 _PROFILING_INFO_start function null from ../todomvc/examples/riotjs/node_modules/riot/riot+compiler.min.js in 2_PROFILING_INFO_
store-instrumented.js:5 _PROFILING_INFO_start function null from ../todomvc/examples/riotjs/js/store.js in 1_PROFILING_INFO_
app-instrumented.js:5 _PROFILING_INFO_start function null from ../todomvc/examples/riotjs/js/app.js in 3_PROFILING_INFO_
store-instrumented.js:13 _PROFILING_INFO_start function null from ../todomvc/examples/riotjs/js/store.js in 8_PROFILING_INFO_
riot+compiler.min-instrumented.js:1683 _PROFILING_INFO_start function null from ../todomvc/examples/riotjs/node_modules/riot/riot+compiler.min.js in 2_PROFILING_INFO_
riot+compiler.min-instrumented.js:1606 _PROFILING_INFO_start function ke from ../todomvc/examples/riotjs/node_modules/riot/riot+compiler.min.js in 2_PROFILING_INFO_
riot+compiler.min-instrumented.js:1569 _PROFILING_INFO_start function Te from ../todomvc/examples/riotjs/node_modules/riot/riot+compiler.min.js in 2_PROFILING_INFO_
base-instrumented.js:164 _PROFILING_INFO_start function null from ../todomvc/examples/riotjs/node_modules/todomvc-common/base.js in 147_PROFILING_INFO_
base-instrumented.js:174 _PROFILING_INFO_start function Learn from ../todomvc/examples/riotjs/node_modules/todomvc-common/base.js in 154_PROFILING_INFO_
base-instrumented.js:212 _PROFILING_INFO_start function null from ../todomvc/examples/riotjs/node_modules/todomvc-common/base.js in 199_PROFILING_INFO_
base-instrumented.js:52 _PROFILING_INFO_start function null from ../todomvc/examples/riotjs/node_modules/todomvc-common/base.js in 56_PROFILING_INFO_
base-instrumented.js:16 _PROFILING_INFO_start function null from ../todomvc/examples/riotjs/node_modules/todomvc-common/base.js in 9_PROFILING_INFO_
base-instrumented.js:66 _PROFILING_INFO_start function null from ../todomvc/examples/riotjs/node_modules/todomvc-common/base.js in 70_PROFILING_INFO_
base-instrumented.js:242 _PROFILING_INFO_start function null from ../todomvc/examples/riotjs/node_modules/todomvc-common/base.js in 227_PROFILING_INFO_
riot+compiler.min-instrumented.js:1631 _PROFILING_INFO_start function i from ../todomvc/examples/riotjs/node_modules/riot/riot+compiler.min.js in 2_PROFILING_INFO_
riot+compiler.min-instrumented.js:1596 _PROFILING_INFO_start function Ne from ../todomvc/examples/riotjs/node_modules/riot/riot+compiler.min.js in 2_PROFILING_INFO_
riot+compiler.min-instrumented.js:1514 _PROFILING_INFO_start function we from ../todomvc/examples/riotjs/node_modules/riot/riot+compiler.min.js in 2_PROFILING_INFO_
riot+compiler.min-instrumented.js:1371 _PROFILING_INFO_start function me from ../todomvc/examples/riotjs/node_modules/riot/riot+compiler.min.js in 2_PROFILING_INFO_
riot+compiler.min-instrumented.js:1477 _PROFILING_INFO_start function he from ../todomvc/examples/riotjs/node_modules/riot/riot+compiler.min.js in 2_PROFILING_INFO_
riot+compiler.min-instrumented.js:1425 _PROFILING_INFO_start function ge from ../todomvc/examples/riotjs/node_modules/riot/riot+compiler.min.js in 2_PROFILING_INFO_
riot+compiler.min-instrumented.js:1364 _PROFILING_INFO_start function de from ../todomvc/examples/riotjs/node_modules/riot/riot+compiler.min.js in 2_PROFILING_INFO_
riot+compiler.min-instrumented.js:949 _PROFILING_INFO_start function k from ../todomvc/examples/riotjs/node_modules/riot/riot+compiler.min.js in 2_PROFILING_INFO_
riot+compiler.min-instrumented.js:1612 _PROFILING_INFO_start function r from ../todomvc/examples/riotjs/node_modules/riot/riot+compiler.min.js in 2_PROFILING_INFO_
riot+compiler.min-instrumented.js:1241 _PROFILING_INFO_start function s from ../todomvc/examples/riotjs/node_modules/riot/riot+compiler.min.js in 2_PROFILING_INFO_
riot+compiler.min-instrumented.js:937 _PROFILING_INFO_start function N from ../todomvc/examples/riotjs/node_modules/riot/riot+compiler.min.js in 2_PROFILING_INFO_
riot+compiler.min-instrumented.js:1095 _PROFILING_INFO_start function D from ../todomvc/examples/riotjs/node_modules/riot/riot+compiler.min.js in 2_PROFILING_INFO_
riot+compiler.min-instrumented.js:1264 _PROFILING_INFO_start function l from ../todomvc/examples/riotjs/node_modules/riot/riot+compiler.min.js in 2_PROFILING_INFO_
riot+compiler.min-instrumented.js:1184 _PROFILING_INFO_start function W from ../todomvc/examples/riotjs/node_modules/riot/riot+compiler.min.js in 2_PROFILING_INFO_
riot+compiler.min-instrumented.js:584 _PROFILING_INFO_start function L from ../todomvc/examples/riotjs/node_modules/riot/riot+compiler.min.js in 2_PROFILING_INFO_
riot+compiler.min-instrumented.js:1109 _PROFILING_INFO_start function V from ../todomvc/examples/riotjs/node_modules/riot/riot+compiler.min.js in 2_PROFILING_INFO_
riot+compiler.min-instrumented.js:1114 _PROFILING_INFO_start function t from ../todomvc/examples/riotjs/node_modules/riot/riot+compiler.min.js in 2_PROFILING_INFO_
riot+compiler.min-instrumented.js:1081 _PROFILING_INFO_start function R from ../todomvc/examples/riotjs/node_modules/riot/riot+compiler.min.js in 2_PROFILING_INFO_
riot+compiler.min-instrumented.js:1028 _PROFILING_INFO_start function j from ../todomvc/examples/riotjs/node_modules/riot/riot+compiler.min.js in 2_PROFILING_INFO_
riot+compiler.min-instrumented.js:1013 _PROFILING_INFO_start function $ from ../todomvc/examples/riotjs/node_modules/riot/riot+compiler.min.js in 2_PROFILING_INFO_
riot+compiler.min-instrumented.js:1088 _PROFILING_INFO_start function q from ../todomvc/examples/riotjs/node_modules/riot/riot+compiler.min.js in 2_PROFILING_INFO_
riot+compiler.min-instrumented.js:511 _PROFILING_INFO_start function w from ../todomvc/examples/riotjs/node_modules/riot/riot+compiler.min.js in 2_PROFILING_INFO_
riot+compiler.min-instrumented.js:1042 _PROFILING_INFO_start function H from ../todomvc/examples/riotjs/node_modules/riot/riot+compiler.min.js in 2_PROFILING_INFO_
riot+compiler.min-instrumented.js:963 _PROFILING_INFO_start function E from ../todomvc/examples/riotjs/node_modules/riot/riot+compiler.min.js in 2_PROFILING_INFO_
riot+compiler.min-instrumented.js:1123 _PROFILING_INFO_start function z from ../todomvc/examples/riotjs/node_modules/riot/riot+compiler.min.js in 2_PROFILING_INFO_
riot+compiler.min-instrumented.js:149 _PROFILING_INFO_start function a from ../todomvc/examples/riotjs/node_modules/riot/riot+compiler.min.js in 2_PROFILING_INFO_
riot+compiler.min-instrumented.js:156 _PROFILING_INFO_start function f from ../todomvc/examples/riotjs/node_modules/riot/riot+compiler.min.js in 2_PROFILING_INFO_
riot+compiler.min-instrumented.js:532 _PROFILING_INFO_start function x from ../todomvc/examples/riotjs/node_modules/riot/riot+compiler.min.js in 2_PROFILING_INFO_
riot+compiler.min-instrumented.js:956 _PROFILING_INFO_start function M from ../todomvc/examples/riotjs/node_modules/riot/riot+compiler.min.js in 2_PROFILING_INFO_
riot+compiler.min-instrumented.js:436 _PROFILING_INFO_start function y from ../todomvc/examples/riotjs/node_modules/riot/riot+compiler.min.js in 2_PROFILING_INFO_
riot+compiler.min-instrumented.js:1005 _PROFILING_INFO_start function S from ../todomvc/examples/riotjs/node_modules/riot/riot+compiler.min.js in 2_PROFILING_INFO_
riot+compiler.min-instrumented.js:413 _PROFILING_INFO_start function h from ../todomvc/examples/riotjs/node_modules/riot/riot+compiler.min.js in 2_PROFILING_INFO_
riot+compiler.min-instrumented.js:645 _PROFILING_INFO_start function I from ../todomvc/examples/riotjs/node_modules/riot/riot+compiler.min.js in 2_PROFILING_INFO_
store-instrumented.js:20 _PROFILING_INFO_start function null from ../todomvc/examples/riotjs/js/store.js in 11_PROFILING_INFO_
riot+compiler.min-instrumented.js:301 _PROFILING_INFO_start function o from ../todomvc/examples/riotjs/node_modules/riot/riot+compiler.min.js in 2_PROFILING_INFO_
riot+compiler.min-instrumented.js:321 _PROFILING_INFO_start function u from ../todomvc/examples/riotjs/node_modules/riot/riot+compiler.min.js in 2_PROFILING_INFO_
riot+compiler.min-instrumented.js:853 _PROFILING_INFO_start function C from ../todomvc/examples/riotjs/node_modules/riot/riot+compiler.min.js in 2_PROFILING_INFO_
riot+compiler.min-instrumented.js:806 _PROFILING_INFO_start function _ from ../todomvc/examples/riotjs/node_modules/riot/riot+compiler.min.js in 2_PROFILING_INFO_
riot+compiler.min-instrumented.js:1147 _PROFILING_INFO_start function P from ../todomvc/examples/riotjs/node_modules/riot/riot+compiler.min.js in 2_PROFILING_INFO_
riot+compiler.min-instrumented.js:425 _PROFILING_INFO_start function b from ../todomvc/examples/riotjs/node_modules/riot/riot+compiler.min.js in 2_PROFILING_INFO_
riot+compiler.min-instrumented.js:1059 _PROFILING_INFO_start function F from ../todomvc/examples/riotjs/node_modules/riot/riot+compiler.min.js in 2_PROFILING_INFO_
riot+compiler.min-instrumented.js:992 _PROFILING_INFO_start function O from ../todomvc/examples/riotjs/node_modules/riot/riot+compiler.min.js in 2_PROFILING_INFO_
