​ _PROFILING_INFO_start function null from ../todomvc/examples/spine/node_modules/todomvc-common/base.js in 2_PROFILING_INFO_
​ _PROFILING_INFO_start function null from ../todomvc/examples/spine/node_modules/todomvc-common/base.js in 8_PROFILING_INFO_
​ _PROFILING_INFO_start function redirect from ../todomvc/examples/spine/node_modules/todomvc-common/base.js in 121_PROFILING_INFO_
​ _PROFILING_INFO_start function getFile from ../todomvc/examples/spine/node_modules/todomvc-common/base.js in 132_PROFILING_INFO_
​ _PROFILING_INFO_start function findRoot from ../todomvc/examples/spine/node_modules/todomvc-common/base.js in 127_PROFILING_INFO_
​ _PROFILING_INFO_start function null from ../todomvc/examples/spine/node_modules/todomvc-common/base.js in 142_PROFILING_INFO_
​ _PROFILING_INFO_start function Learn from ../todomvc/examples/spine/node_modules/todomvc-common/base.js in 149_PROFILING_INFO_
​ _PROFILING_INFO_start function null from ../todomvc/examples/spine/node_modules/todomvc-common/base.js in 194_PROFILING_INFO_
​ _PROFILING_INFO_start function null from ../todomvc/examples/spine/node_modules/todomvc-common/base.js in 56_PROFILING_INFO_
​ _PROFILING_INFO_start function null from ../todomvc/examples/spine/node_modules/todomvc-common/base.js in 9_PROFILING_INFO_
​ _PROFILING_INFO_start function null from ../todomvc/examples/spine/node_modules/todomvc-common/base.js in 70_PROFILING_INFO_
​ _PROFILING_INFO_start function null from ../todomvc/examples/spine/node_modules/todomvc-common/base.js in 222_PROFILING_INFO_
​ _PROFILING_INFO_start function null from ../todomvc/examples/spine/node_modules/jquery/dist/jquery.js in 15_PROFILING_INFO_
​ _PROFILING_INFO_start function null from ../todomvc/examples/spine/node_modules/jquery/dist/jquery.js in 38_PROFILING_INFO_
​ _PROFILING_INFO_start function null from ../todomvc/examples/spine/node_modules/jquery/dist/jquery.js in 174_PROFILING_INFO_
​ _PROFILING_INFO_start function null from ../todomvc/examples/spine/node_modules/jquery/dist/jquery.js in 355_PROFILING_INFO_
​ _PROFILING_INFO_start function isArraylike from ../todomvc/examples/spine/node_modules/jquery/dist/jquery.js in 571_PROFILING_INFO_
​ _PROFILING_INFO_start function null from ../todomvc/examples/spine/node_modules/jquery/dist/jquery.js in 321_PROFILING_INFO_
​ _PROFILING_INFO_start function null from ../todomvc/examples/spine/node_modules/jquery/dist/jquery.js in 263_PROFILING_INFO_
​ _PROFILING_INFO_start function null from ../todomvc/examples/spine/node_modules/jquery/dist/jquery.js in 567_PROFILING_INFO_
​ _PROFILING_INFO_start function null from ../todomvc/examples/spine/node_modules/jquery/dist/jquery.js in 597_PROFILING_INFO_
​ _PROFILING_INFO_start function createCache from ../todomvc/examples/spine/node_modules/jquery/dist/jquery.js in 897_PROFILING_INFO_
​ _PROFILING_INFO_start function markFunction from ../todomvc/examples/spine/node_modules/jquery/dist/jquery.js in 915_PROFILING_INFO_
​ _PROFILING_INFO_start function createPositionalPseudo from ../todomvc/examples/spine/node_modules/jquery/dist/jquery.js in 1010_PROFILING_INFO_
​ _PROFILING_INFO_start function createInputPseudo from ../todomvc/examples/spine/node_modules/jquery/dist/jquery.js in 988_PROFILING_INFO_
​ _PROFILING_INFO_start function createButtonPseudo from ../todomvc/examples/spine/node_modules/jquery/dist/jquery.js in 999_PROFILING_INFO_
​ _PROFILING_INFO_start function setFilters from ../todomvc/examples/spine/node_modules/jquery/dist/jquery.js in 2042_PROFILING_INFO_
​ _PROFILING_INFO_start function null from ../todomvc/examples/spine/node_modules/jquery/dist/jquery.js in 629_PROFILING_INFO_
​ _PROFILING_INFO_start function null from ../todomvc/examples/spine/node_modules/jquery/dist/jquery.js in 1057_PROFILING_INFO_
​ _PROFILING_INFO_start function null from ../todomvc/examples/spine/node_modules/jquery/dist/jquery.js in 1045_PROFILING_INFO_
​ _PROFILING_INFO_start function assert from ../todomvc/examples/spine/node_modules/jquery/dist/jquery.js in 924_PROFILING_INFO_
​ _PROFILING_INFO_start function null from ../todomvc/examples/spine/node_modules/jquery/dist/jquery.js in 1094_PROFILING_INFO_
​ _PROFILING_INFO_start function null from ../todomvc/examples/spine/node_modules/jquery/dist/jquery.js in 1103_PROFILING_INFO_
​ _PROFILING_INFO_start function null from ../todomvc/examples/spine/node_modules/jquery/dist/jquery.js in 1115_PROFILING_INFO_
​ _PROFILING_INFO_start function null from ../todomvc/examples/spine/node_modules/jquery/dist/jquery.js in 1207_PROFILING_INFO_
​ _PROFILING_INFO_start function null from ../todomvc/examples/spine/node_modules/jquery/dist/jquery.js in 1251_PROFILING_INFO_
​ _PROFILING_INFO_start function null from ../todomvc/examples/spine/node_modules/jquery/dist/jquery.js in 1282_PROFILING_INFO_
​ _PROFILING_INFO_start function null from ../todomvc/examples/spine/node_modules/jquery/dist/jquery.js in 2593_PROFILING_INFO_
​ _PROFILING_INFO_start function null from ../todomvc/examples/spine/node_modules/jquery/dist/jquery.js in 2601_PROFILING_INFO_
​ _PROFILING_INFO_start function null from ../todomvc/examples/spine/node_modules/jquery/dist/jquery.js in 2614_PROFILING_INFO_
​ _PROFILING_INFO_start function null from ../todomvc/examples/spine/node_modules/jquery/dist/jquery.js in 2628_PROFILING_INFO_
​ _PROFILING_INFO_start function null from ../todomvc/examples/spine/node_modules/jquery/dist/jquery.js in 70_PROFILING_INFO_
​ _PROFILING_INFO_start function null from ../todomvc/examples/spine/node_modules/jquery/dist/jquery.js in 2771_PROFILING_INFO_
​ _PROFILING_INFO_start function null from ../todomvc/examples/spine/node_modules/jquery/dist/jquery.js in 3045_PROFILING_INFO_
​ _PROFILING_INFO_start function null from ../todomvc/examples/spine/node_modules/jquery/dist/jquery.js in 255_PROFILING_INFO_
​ _PROFILING_INFO_start function null from ../todomvc/examples/spine/node_modules/jquery/dist/jquery.js in 412_PROFILING_INFO_
​ _PROFILING_INFO_start function null from ../todomvc/examples/spine/node_modules/jquery/dist/jquery.js in 3421_PROFILING_INFO_
​ _PROFILING_INFO_start function null from ../todomvc/examples/spine/node_modules/jquery/dist/jquery.js in 3502_PROFILING_INFO_
​ _PROFILING_INFO_start function null from ../todomvc/examples/spine/node_modules/jquery/dist/jquery.js in 3277_PROFILING_INFO_
​ _PROFILING_INFO_start function null from ../todomvc/examples/spine/node_modules/jquery/dist/jquery.js in 3110_PROFILING_INFO_
​ _PROFILING_INFO_start function createOptions from ../todomvc/examples/spine/node_modules/jquery/dist/jquery.js in 3080_PROFILING_INFO_
​ _PROFILING_INFO_start function null from ../todomvc/examples/spine/node_modules/jquery/dist/jquery.js in 3082_PROFILING_INFO_
​ _PROFILING_INFO_start function null from ../todomvc/examples/spine/node_modules/jquery/dist/jquery.js in 3326_PROFILING_INFO_
​ _PROFILING_INFO_start function null from ../todomvc/examples/spine/node_modules/jquery/dist/jquery.js in 3164_PROFILING_INFO_
​ _PROFILING_INFO_start function add from ../todomvc/examples/spine/node_modules/jquery/dist/jquery.js in 3168_PROFILING_INFO_
​ _PROFILING_INFO_start function null from ../todomvc/examples/spine/node_modules/jquery/dist/jquery.js in 3169_PROFILING_INFO_
​ _PROFILING_INFO_start function null from ../todomvc/examples/spine/node_modules/jquery/dist/jquery.js in 3316_PROFILING_INFO_
​ _PROFILING_INFO_start function null from ../todomvc/examples/spine/node_modules/jquery/dist/jquery.js in 3619_PROFILING_INFO_
​ _PROFILING_INFO_start function null from ../todomvc/examples/spine/node_modules/jquery/dist/jquery.js in 4183_PROFILING_INFO_
​ _PROFILING_INFO_start function null from ../todomvc/examples/spine/node_modules/jquery/dist/jquery.js in 4253_PROFILING_INFO_
​ _PROFILING_INFO_start function null from ../todomvc/examples/spine/node_modules/jquery/dist/jquery.js in 5029_PROFILING_INFO_
​ _PROFILING_INFO_start function null from ../todomvc/examples/spine/node_modules/jquery/dist/jquery.js in 5160_PROFILING_INFO_
​ _PROFILING_INFO_start function createSafeFragment from ../todomvc/examples/spine/node_modules/jquery/dist/jquery.js in 5296_PROFILING_INFO_
​ _PROFILING_INFO_start function null from ../todomvc/examples/spine/node_modules/jquery/dist/jquery.js in 6001_PROFILING_INFO_
​ _PROFILING_INFO_start function null from ../todomvc/examples/spine/node_modules/jquery/dist/jquery.js in 6085_PROFILING_INFO_
​ _PROFILING_INFO_start function null from ../todomvc/examples/spine/node_modules/jquery/dist/jquery.js in 6280_PROFILING_INFO_
​ _PROFILING_INFO_start function null from ../todomvc/examples/spine/node_modules/jquery/dist/jquery.js in 6768_PROFILING_INFO_
​ _PROFILING_INFO_start function addGetHookIf from ../todomvc/examples/spine/node_modules/jquery/dist/jquery.js in 6252_PROFILING_INFO_
​ _PROFILING_INFO_start function null from ../todomvc/examples/spine/node_modules/jquery/dist/jquery.js in 6857_PROFILING_INFO_
​ _PROFILING_INFO_start function null from ../todomvc/examples/spine/node_modules/jquery/dist/jquery.js in 7600_PROFILING_INFO_
​ _PROFILING_INFO_start function genFx from ../todomvc/examples/spine/node_modules/jquery/dist/jquery.js in 7102_PROFILING_INFO_
​ _PROFILING_INFO_start function null from ../todomvc/examples/spine/node_modules/jquery/dist/jquery.js in 7617_PROFILING_INFO_
​ _PROFILING_INFO_start function null from ../todomvc/examples/spine/node_modules/jquery/dist/jquery.js in 7690_PROFILING_INFO_
​ _PROFILING_INFO_start function null from ../todomvc/examples/spine/node_modules/jquery/dist/jquery.js in 7900_PROFILING_INFO_
​ _PROFILING_INFO_start function null from ../todomvc/examples/spine/node_modules/jquery/dist/jquery.js in 8056_PROFILING_INFO_
​ _PROFILING_INFO_start function null from ../todomvc/examples/spine/node_modules/jquery/dist/jquery.js in 8301_PROFILING_INFO_
​ _PROFILING_INFO_start function null from ../todomvc/examples/spine/node_modules/jquery/dist/jquery.js in 8470_PROFILING_INFO_
​ _PROFILING_INFO_start function null from ../todomvc/examples/spine/node_modules/jquery/dist/jquery.js in 557_PROFILING_INFO_
​ _PROFILING_INFO_start function addToPrefiltersOrTransports from ../todomvc/examples/spine/node_modules/jquery/dist/jquery.js in 8629_PROFILING_INFO_
​ _PROFILING_INFO_start function null from ../todomvc/examples/spine/node_modules/jquery/dist/jquery.js in 9347_PROFILING_INFO_
​ _PROFILING_INFO_start function createStandardXHR from ../todomvc/examples/spine/node_modules/jquery/dist/jquery.js in 9741_PROFILING_INFO_
​ _PROFILING_INFO_start function null from ../todomvc/examples/spine/node_modules/jquery/dist/jquery.js in 8632_PROFILING_INFO_
​ _PROFILING_INFO_start function null from ../todomvc/examples/spine/node_modules/jquery/dist/jquery.js in 8933_PROFILING_INFO_
​ _PROFILING_INFO_start function ajaxExtend from ../todomvc/examples/spine/node_modules/jquery/dist/jquery.js in 8688_PROFILING_INFO_
​ _PROFILING_INFO_start function null from ../todomvc/examples/spine/node_modules/jquery/dist/jquery.js in 284_PROFILING_INFO_
​ _PROFILING_INFO_start function null from ../todomvc/examples/spine/node_modules/jquery/dist/jquery.js in 10028_PROFILING_INFO_
​ _PROFILING_INFO_start function null from ../todomvc/examples/spine/node_modules/jquery/dist/jquery.js in 10195_PROFILING_INFO_
​ _PROFILING_INFO_start function null from ../todomvc/examples/spine/node_modules/jquery/dist/jquery.js in 10225_PROFILING_INFO_
​ _PROFILING_INFO_start function null from ../todomvc/examples/spine/node_modules/jquery/dist/jquery.js in 10241_PROFILING_INFO_
​ _PROFILING_INFO_start function null from ../todomvc/examples/spine/node_modules/jquery/dist/jquery.js in 10242_PROFILING_INFO_
​ _PROFILING_INFO_start function null from ../todomvc/examples/spine/node_modules/handlebars/dist/handlebars.js in 28_PROFILING_INFO_
​ _PROFILING_INFO_start function null from ../todomvc/examples/spine/node_modules/handlebars/dist/handlebars.js in 30_PROFILING_INFO_
​ _PROFILING_INFO_start function null from ../todomvc/examples/spine/node_modules/handlebars/dist/handlebars.js in 47_PROFILING_INFO_
​ _PROFILING_INFO_start function null from ../todomvc/examples/spine/node_modules/handlebars/dist/handlebars.js in 81_PROFILING_INFO_
​ _PROFILING_INFO_start function null from ../todomvc/examples/spine/node_modules/handlebars/dist/handlebars.js in 129_PROFILING_INFO_
​ _PROFILING_INFO_start function null from ../todomvc/examples/spine/node_modules/handlebars/dist/handlebars.js in 163_PROFILING_INFO_
​ _PROFILING_INFO_start function null from ../todomvc/examples/spine/node_modules/handlebars/dist/handlebars.js in 349_PROFILING_INFO_
​ _PROFILING_INFO_start function null from ../todomvc/examples/spine/node_modules/handlebars/dist/handlebars.js in 492_PROFILING_INFO_
​ _PROFILING_INFO_start function null from ../todomvc/examples/spine/node_modules/handlebars/dist/handlebars.js in 506_PROFILING_INFO_
​ _PROFILING_INFO_start function HandlebarsEnvironment from ../todomvc/examples/spine/node_modules/handlebars/dist/handlebars.js in 184_PROFILING_INFO_
​ _PROFILING_INFO_start function registerDefaultHelpers from ../todomvc/examples/spine/node_modules/handlebars/dist/handlebars.js in 216_PROFILING_INFO_
​ _PROFILING_INFO_start function null from ../todomvc/examples/spine/node_modules/handlebars/dist/handlebars.js in 197_PROFILING_INFO_
​ _PROFILING_INFO_start function extend from ../todomvc/examples/spine/node_modules/handlebars/dist/handlebars.js in 69_PROFILING_INFO_
​ _PROFILING_INFO_start function null from ../todomvc/examples/spine/node_modules/handlebars/dist/handlebars.js in 530_PROFILING_INFO_
​ _PROFILING_INFO_start function null from ../todomvc/examples/spine/node_modules/handlebars/dist/handlebars.js in 763_PROFILING_INFO_
​ _PROFILING_INFO_start function null from ../todomvc/examples/spine/node_modules/handlebars/dist/handlebars.js in 768_PROFILING_INFO_
​ _PROFILING_INFO_start function null from ../todomvc/examples/spine/node_modules/handlebars/dist/handlebars.js in 987_PROFILING_INFO_
​ _PROFILING_INFO_start function Parser from ../todomvc/examples/spine/node_modules/handlebars/dist/handlebars.js in 1251_PROFILING_INFO_
​ _PROFILING_INFO_start function null from ../todomvc/examples/spine/node_modules/handlebars/dist/handlebars.js in 1259_PROFILING_INFO_
​ _PROFILING_INFO_start function null from ../todomvc/examples/spine/node_modules/handlebars/dist/handlebars.js in 1280_PROFILING_INFO_
​ _PROFILING_INFO_start function null from ../todomvc/examples/spine/node_modules/handlebars/dist/handlebars.js in 1755_PROFILING_INFO_
​ _PROFILING_INFO_start function null from ../todomvc/examples/spine/node_modules/handlebars/dist/handlebars.js in 2703_PROFILING_INFO_
​ _PROFILING_INFO_start function null from ../todomvc/examples/spine/node_modules/handlebars/dist/handlebars.js in 2719_PROFILING_INFO_
​ _PROFILING_INFO_start function null from ../todomvc/examples/spine/node_modules/spine/lib/spine.js in 8_PROFILING_INFO_
​ _PROFILING_INFO_start function null from ../todomvc/examples/spine/node_modules/spine/lib/spine.js in 215_PROFILING_INFO_
​ _PROFILING_INFO_start function null from ../todomvc/examples/spine/node_modules/spine/lib/spine.js in 276_PROFILING_INFO_
​ _PROFILING_INFO_start function null from ../todomvc/examples/spine/node_modules/spine/lib/spine.js in 13_PROFILING_INFO_
​ _PROFILING_INFO_start function ctor from ../todomvc/examples/spine/node_modules/spine/lib/spine.js in 13_PROFILING_INFO_
​ _PROFILING_INFO_start function null from ../todomvc/examples/spine/node_modules/spine/lib/spine.js in 233_PROFILING_INFO_
​ _PROFILING_INFO_start function null from ../todomvc/examples/spine/node_modules/spine/lib/spine.js in 216_PROFILING_INFO_
​ _PROFILING_INFO_start function null from ../todomvc/examples/spine/node_modules/spine/lib/spine.js in 873_PROFILING_INFO_
​ _PROFILING_INFO_start function null from ../todomvc/examples/spine/node_modules/spine/lib/route.js in 2_PROFILING_INFO_
​ _PROFILING_INFO_start function null from ../todomvc/examples/spine/node_modules/spine/lib/route.js in 20_PROFILING_INFO_
​ _PROFILING_INFO_start function null from ../todomvc/examples/spine/node_modules/spine/lib/route.js in 5_PROFILING_INFO_
​ _PROFILING_INFO_start function ctor from ../todomvc/examples/spine/node_modules/spine/lib/route.js in 5_PROFILING_INFO_
​ _PROFILING_INFO_start function null from ../todomvc/examples/spine/node_modules/spine/lib/route.js in 68_PROFILING_INFO_
​ _PROFILING_INFO_start function null from ../todomvc/examples/spine/node_modules/spine/lib/spine.js in 233_PROFILING_INFO_
​ _PROFILING_INFO_start function Route from ../todomvc/examples/spine/node_modules/spine/lib/route.js in 253_PROFILING_INFO_
​ _PROFILING_INFO_start function null from ../todomvc/examples/spine/node_modules/spine/lib/spine.js in 216_PROFILING_INFO_
​ _PROFILING_INFO_start function null from ../todomvc/examples/spine/node_modules/spine/lib/local.js in 2_PROFILING_INFO_
​ _PROFILING_INFO_start function null from ../todomvc/examples/spine/js/controllers/todos.js in 2_PROFILING_INFO_
​ _PROFILING_INFO_start function null from ../todomvc/examples/spine/js/controllers/todos.js in 7_PROFILING_INFO_
​ _PROFILING_INFO_start function null from ../todomvc/examples/spine/js/controllers/todos.js in 4_PROFILING_INFO_
​ _PROFILING_INFO_start function ctor from ../todomvc/examples/spine/js/controllers/todos.js in 4_PROFILING_INFO_
​ _PROFILING_INFO_start function null from ../todomvc/examples/spine/node_modules/jquery/dist/jquery.js in 70_PROFILING_INFO_
​ _PROFILING_INFO_start function null from ../todomvc/examples/spine/node_modules/jquery/dist/jquery.js in 2771_PROFILING_INFO_
​ _PROFILING_INFO_start function null from ../todomvc/examples/spine/node_modules/jquery/dist/jquery.js in 5842_PROFILING_INFO_
​ _PROFILING_INFO_start function null from ../todomvc/examples/spine/node_modules/jquery/dist/jquery.js in 4129_PROFILING_INFO_
​ _PROFILING_INFO_start function null from ../todomvc/examples/spine/node_modules/jquery/dist/jquery.js in 321_PROFILING_INFO_
​ _PROFILING_INFO_start function null from ../todomvc/examples/spine/node_modules/jquery/dist/jquery.js in 5843_PROFILING_INFO_
​ _PROFILING_INFO_start function null from ../todomvc/examples/spine/node_modules/handlebars/dist/handlebars.js in 2722_PROFILING_INFO_
​ _PROFILING_INFO_start function compile from ../todomvc/examples/spine/node_modules/handlebars/dist/handlebars.js in 1721_PROFILING_INFO_
​ _PROFILING_INFO_start function null from ../todomvc/examples/spine/js/models/todo.js in 2_PROFILING_INFO_
​ _PROFILING_INFO_start function null from ../todomvc/examples/spine/js/models/todo.js in 6_PROFILING_INFO_
​ _PROFILING_INFO_start function null from ../todomvc/examples/spine/js/models/todo.js in 3_PROFILING_INFO_
​ _PROFILING_INFO_start function ctor from ../todomvc/examples/spine/js/models/todo.js in 3_PROFILING_INFO_
​ _PROFILING_INFO_start function null from ../todomvc/examples/spine/node_modules/spine/lib/spine.js in 289_PROFILING_INFO_
​ _PROFILING_INFO_start function null from ../todomvc/examples/spine/node_modules/spine/lib/spine.js in 447_PROFILING_INFO_
​ _PROFILING_INFO_start function null from ../todomvc/examples/spine/node_modules/spine/lib/spine.js in 1082_PROFILING_INFO_
​ _PROFILING_INFO_start function null from ../todomvc/examples/spine/node_modules/spine/lib/spine.js in 153_PROFILING_INFO_
​ _PROFILING_INFO_start function null from ../todomvc/examples/spine/node_modules/spine/lib/spine.js in 233_PROFILING_INFO_
​ _PROFILING_INFO_start function null from ../todomvc/examples/spine/node_modules/spine/lib/local.js in 8_PROFILING_INFO_
​ _PROFILING_INFO_start function null from ../todomvc/examples/spine/node_modules/spine/lib/spine.js in 477_PROFILING_INFO_
​ _PROFILING_INFO_start function null from ../todomvc/examples/spine/node_modules/spine/lib/spine.js in 17_PROFILING_INFO_
​ _PROFILING_INFO_start function null from ../todomvc/examples/spine/node_modules/spine/lib/spine.js in 485_PROFILING_INFO_
​ _PROFILING_INFO_start function null from ../todomvc/examples/spine/js/app.js in 2_PROFILING_INFO_
​ _PROFILING_INFO_start function null from ../todomvc/examples/spine/js/app.js in 8_PROFILING_INFO_
​ _PROFILING_INFO_start function null from ../todomvc/examples/spine/js/app.js in 5_PROFILING_INFO_
​ _PROFILING_INFO_start function ctor from ../todomvc/examples/spine/js/app.js in 5_PROFILING_INFO_
​ _PROFILING_INFO_start function null from ../todomvc/examples/spine/node_modules/jquery/dist/jquery.js in 70_PROFILING_INFO_
​ _PROFILING_INFO_start function null from ../todomvc/examples/spine/node_modules/jquery/dist/jquery.js in 2771_PROFILING_INFO_
​ _PROFILING_INFO_start function null from ../todomvc/examples/spine/node_modules/jquery/dist/jquery.js in 255_PROFILING_INFO_
​ _PROFILING_INFO_start function null from ../todomvc/examples/spine/node_modules/jquery/dist/jquery.js in 321_PROFILING_INFO_
​ _PROFILING_INFO_start function null from ../todomvc/examples/spine/node_modules/jquery/dist/jquery.js in 3421_PROFILING_INFO_
​ _PROFILING_INFO_start function null from ../todomvc/examples/spine/node_modules/jquery/dist/jquery.js in 3502_PROFILING_INFO_
​ _PROFILING_INFO_start function null from ../todomvc/examples/spine/node_modules/jquery/dist/jquery.js in 3316_PROFILING_INFO_
​ _PROFILING_INFO_start function null from ../todomvc/examples/spine/node_modules/jquery/dist/jquery.js in 3164_PROFILING_INFO_
​ _PROFILING_INFO_start function add from ../todomvc/examples/spine/node_modules/jquery/dist/jquery.js in 3168_PROFILING_INFO_
​ _PROFILING_INFO_start function null from ../todomvc/examples/spine/node_modules/jquery/dist/jquery.js in 355_PROFILING_INFO_
​ _PROFILING_INFO_start function isArraylike from ../todomvc/examples/spine/node_modules/jquery/dist/jquery.js in 571_PROFILING_INFO_
​ _PROFILING_INFO_start function null from ../todomvc/examples/spine/node_modules/jquery/dist/jquery.js in 263_PROFILING_INFO_
​ _PROFILING_INFO_start function null from ../todomvc/examples/spine/node_modules/jquery/dist/jquery.js in 3169_PROFILING_INFO_
​ _PROFILING_INFO_start function completed from ../todomvc/examples/spine/node_modules/jquery/dist/jquery.js in 3494_PROFILING_INFO_
​ _PROFILING_INFO_start function detach from ../todomvc/examples/spine/node_modules/jquery/dist/jquery.js in 3480_PROFILING_INFO_
​ _PROFILING_INFO_start function null from ../todomvc/examples/spine/node_modules/jquery/dist/jquery.js in 3446_PROFILING_INFO_
​ _PROFILING_INFO_start function null from ../todomvc/examples/spine/node_modules/jquery/dist/jquery.js in 3248_PROFILING_INFO_
​ _PROFILING_INFO_start function null from ../todomvc/examples/spine/node_modules/jquery/dist/jquery.js in 3135_PROFILING_INFO_
​ _PROFILING_INFO_start function null from ../todomvc/examples/spine/node_modules/jquery/dist/jquery.js in 3335_PROFILING_INFO_
​ _PROFILING_INFO_start function null from ../todomvc/examples/spine/node_modules/jquery/dist/jquery.js in 3227_PROFILING_INFO_
​ _PROFILING_INFO_start function null from ../todomvc/examples/spine/node_modules/jquery/dist/jquery.js in 3236_PROFILING_INFO_
​ _PROFILING_INFO_start function null from ../todomvc/examples/spine/node_modules/jquery/dist/jquery.js in 3581_PROFILING_INFO_
​ _PROFILING_INFO_start function null from ../todomvc/examples/spine/js/app.js in 144_PROFILING_INFO_
​ _PROFILING_INFO_start function TodoApp from ../todomvc/examples/spine/js/app.js in 32_PROFILING_INFO_
​ _PROFILING_INFO_start function null from ../todomvc/examples/spine/js/app.js in 4_PROFILING_INFO_
​ _PROFILING_INFO_start function Controller from ../todomvc/examples/spine/node_modules/spine/lib/spine.js in 884_PROFILING_INFO_
​ _PROFILING_INFO_start function null from ../todomvc/examples/spine/node_modules/spine/lib/spine.js in 14_PROFILING_INFO_
​ _PROFILING_INFO_start function null from ../todomvc/examples/spine/node_modules/jquery/dist/jquery.js in 412_PROFILING_INFO_
​ _PROFILING_INFO_start function null from ../todomvc/examples/spine/node_modules/jquery/dist/jquery.js in 451_PROFILING_INFO_
​ _PROFILING_INFO_start function null from ../todomvc/examples/spine/node_modules/spine/lib/spine.js in 939_PROFILING_INFO_
​ _PROFILING_INFO_start function null from ../todomvc/examples/spine/node_modules/spine/lib/spine.js in 957_PROFILING_INFO_
​ _PROFILING_INFO_start function null from ../todomvc/examples/spine/node_modules/spine/lib/spine.js in 958_PROFILING_INFO_
​ _PROFILING_INFO_start function null from ../todomvc/examples/spine/node_modules/jquery/dist/jquery.js in 5194_PROFILING_INFO_
​ _PROFILING_INFO_start function null from ../todomvc/examples/spine/node_modules/jquery/dist/jquery.js in 135_PROFILING_INFO_
​ _PROFILING_INFO_start function null from ../todomvc/examples/spine/node_modules/jquery/dist/jquery.js in 5243_PROFILING_INFO_
​ _PROFILING_INFO_start function null from ../todomvc/examples/spine/node_modules/jquery/dist/jquery.js in 4301_PROFILING_INFO_
​ _PROFILING_INFO_start function null from ../todomvc/examples/spine/node_modules/jquery/dist/jquery.js in 3910_PROFILING_INFO_
​ _PROFILING_INFO_start function internalData from ../todomvc/examples/spine/node_modules/jquery/dist/jquery.js in 3705_PROFILING_INFO_
​ _PROFILING_INFO_start function null from ../todomvc/examples/spine/node_modules/jquery/dist/jquery.js in 3641_PROFILING_INFO_
​ _PROFILING_INFO_start function null from ../todomvc/examples/spine/node_modules/jquery/dist/jquery.js in 174_PROFILING_INFO_
​ _PROFILING_INFO_start function null from ../todomvc/examples/spine/node_modules/spine/lib/spine.js in 978_PROFILING_INFO_
​ _PROFILING_INFO_start function null from ../todomvc/examples/spine/node_modules/spine/lib/spine.js in 935_PROFILING_INFO_
​ _PROFILING_INFO_start function null from ../todomvc/examples/spine/node_modules/jquery/dist/jquery.js in 2711_PROFILING_INFO_
​ _PROFILING_INFO_start function Sizzle from ../todomvc/examples/spine/node_modules/jquery/dist/jquery.js in 783_PROFILING_INFO_
​ _PROFILING_INFO_start function null from ../todomvc/examples/spine/node_modules/jquery/dist/jquery.js in 1305_PROFILING_INFO_
​ _PROFILING_INFO_start function null from ../todomvc/examples/spine/node_modules/jquery/dist/jquery.js in 119_PROFILING_INFO_
​ _PROFILING_INFO_start function null from ../todomvc/examples/spine/node_modules/jquery/dist/jquery.js in 2046_PROFILING_INFO_
​ _PROFILING_INFO_start function cache from ../todomvc/examples/spine/node_modules/jquery/dist/jquery.js in 900_PROFILING_INFO_
​ _PROFILING_INFO_start function toSelector from ../todomvc/examples/spine/node_modules/jquery/dist/jquery.js in 2113_PROFILING_INFO_
​ _PROFILING_INFO_start function Module from ../todomvc/examples/spine/node_modules/spine/lib/spine.js in 266_PROFILING_INFO_
​ _PROFILING_INFO_start function null from ../todomvc/examples/spine/node_modules/spine/lib/spine.js in 17_PROFILING_INFO_
​ _PROFILING_INFO_start function null from ../todomvc/examples/spine/node_modules/spine/lib/spine.js in 485_PROFILING_INFO_
​ _PROFILING_INFO_start function null from ../todomvc/examples/spine/node_modules/spine/lib/spine.js in 37_PROFILING_INFO_
​ _PROFILING_INFO_start function null from ../todomvc/examples/spine/node_modules/spine/lib/local.js in 17_PROFILING_INFO_
​ _PROFILING_INFO_start function null from ../todomvc/examples/spine/node_modules/spine/lib/spine.js in 347_PROFILING_INFO_
​ _PROFILING_INFO_start function null from ../todomvc/examples/spine/node_modules/spine/lib/spine.js in 447_PROFILING_INFO_
​ _PROFILING_INFO_start function null from ../todomvc/examples/spine/node_modules/spine/lib/spine.js in 501_PROFILING_INFO_
​ _PROFILING_INFO_start function null from ../todomvc/examples/spine/node_modules/spine/lib/spine.js in 497_PROFILING_INFO_
​ _PROFILING_INFO_start function null from ../todomvc/examples/spine/node_modules/spine/lib/spine.js in 1067_PROFILING_INFO_
​ _PROFILING_INFO_start function null from ../todomvc/examples/spine/node_modules/spine/lib/spine.js in 534_PROFILING_INFO_
​ _PROFILING_INFO_start function null from ../todomvc/examples/spine/node_modules/spine/lib/spine.js in 541_PROFILING_INFO_
​ _PROFILING_INFO_start function null from ../todomvc/examples/spine/js/app.js in 86_PROFILING_INFO_
​ _PROFILING_INFO_start function null from ../todomvc/examples/spine/node_modules/jquery/dist/jquery.js in 5808_PROFILING_INFO_
​ _PROFILING_INFO_start function getAll from ../todomvc/examples/spine/node_modules/jquery/dist/jquery.js in 5348_PROFILING_INFO_
​ _PROFILING_INFO_start function null from ../todomvc/examples/spine/node_modules/jquery/dist/jquery.js in 5690_PROFILING_INFO_
​ _PROFILING_INFO_start function null from ../todomvc/examples/spine/js/app.js in 67_PROFILING_INFO_
​ _PROFILING_INFO_start function null from ../todomvc/examples/spine/node_modules/spine/lib/spine.js in 411_PROFILING_INFO_
​ _PROFILING_INFO_start function null from ../todomvc/examples/spine/js/app.js in 116_PROFILING_INFO_
​ _PROFILING_INFO_start function null from ../todomvc/examples/spine/js/models/todo.js in 23_PROFILING_INFO_
​ _PROFILING_INFO_start function null from ../todomvc/examples/spine/node_modules/spine/lib/spine.js in 369_PROFILING_INFO_
​ _PROFILING_INFO_start function null from ../todomvc/examples/spine/node_modules/spine/lib/spine.js in 443_PROFILING_INFO_
​ _PROFILING_INFO_start function null from ../todomvc/examples/spine/node_modules/jquery/dist/jquery.js in 7602_PROFILING_INFO_
​ _PROFILING_INFO_start function null from ../todomvc/examples/spine/node_modules/jquery/dist/jquery.js in 6909_PROFILING_INFO_
​ _PROFILING_INFO_start function null from ../todomvc/examples/spine/node_modules/jquery/dist/jquery.js in 6906_PROFILING_INFO_
​ _PROFILING_INFO_start function showHide from ../todomvc/examples/spine/node_modules/jquery/dist/jquery.js in 6488_PROFILING_INFO_
​ _PROFILING_INFO_start function null from ../todomvc/examples/spine/node_modules/jquery/dist/jquery.js in 4118_PROFILING_INFO_
​ _PROFILING_INFO_start function null from ../todomvc/examples/spine/node_modules/jquery/dist/jquery.js in 6733_PROFILING_INFO_
​ _PROFILING_INFO_start function null from ../todomvc/examples/spine/node_modules/jquery/dist/jquery.js in 346_PROFILING_INFO_
​ _PROFILING_INFO_start function vendorPropName from ../todomvc/examples/spine/node_modules/jquery/dist/jquery.js in 6466_PROFILING_INFO_
​ _PROFILING_INFO_start function null from ../todomvc/examples/spine/node_modules/jquery/dist/jquery.js in 6152_PROFILING_INFO_
​ _PROFILING_INFO_start function null from ../todomvc/examples/spine/node_modules/jquery/dist/jquery.js in 6141_PROFILING_INFO_
​ _PROFILING_INFO_start function null from ../todomvc/examples/spine/node_modules/jquery/dist/jquery.js in 1461_PROFILING_INFO_
​ _PROFILING_INFO_start function null from ../todomvc/examples/spine/node_modules/jquery/dist/jquery.js in 8187_PROFILING_INFO_
​ _PROFILING_INFO_start function null from ../todomvc/examples/spine/node_modules/jquery/dist/jquery.js in 4129_PROFILING_INFO_
​ _PROFILING_INFO_start function null from ../todomvc/examples/spine/node_modules/jquery/dist/jquery.js in 8209_PROFILING_INFO_
​ _PROFILING_INFO_start function null from ../todomvc/examples/spine/node_modules/jquery/dist/jquery.js in 1045_PROFILING_INFO_
​ _PROFILING_INFO_start function null from ../todomvc/examples/spine/js/app.js in 126_PROFILING_INFO_
​ _PROFILING_INFO_start function null from ../todomvc/examples/spine/js/models/todo.js in 17_PROFILING_INFO_
​ _PROFILING_INFO_start function null from ../todomvc/examples/spine/js/app.js in 128_PROFILING_INFO_
​ _PROFILING_INFO_start function null from ../todomvc/examples/spine/node_modules/jquery/dist/jquery.js in 5842_PROFILING_INFO_
​ _PROFILING_INFO_start function null from ../todomvc/examples/spine/node_modules/jquery/dist/jquery.js in 5843_PROFILING_INFO_
​ _PROFILING_INFO_start function null from ../todomvc/examples/spine/node_modules/spine/lib/route.js in 289_PROFILING_INFO_
​ _PROFILING_INFO_start function null from ../todomvc/examples/spine/node_modules/spine/lib/route.js in 282_PROFILING_INFO_
​ _PROFILING_INFO_start function null from ../todomvc/examples/spine/node_modules/spine/lib/spine.js in 258_PROFILING_INFO_
​ _PROFILING_INFO_start function null from ../todomvc/examples/spine/node_modules/spine/lib/spine.js in 259_PROFILING_INFO_
​ _PROFILING_INFO_start function null from ../todomvc/examples/spine/node_modules/spine/lib/route.js in 169_PROFILING_INFO_
​ _PROFILING_INFO_start function null from ../todomvc/examples/spine/node_modules/spine/lib/route.js in 173_PROFILING_INFO_
​ _PROFILING_INFO_start function Path from ../todomvc/examples/spine/node_modules/spine/lib/route.js in 23_PROFILING_INFO_
​ _PROFILING_INFO_start function null from ../todomvc/examples/spine/node_modules/spine/lib/route.js in 87_PROFILING_INFO_
​ _PROFILING_INFO_start function null from ../todomvc/examples/spine/node_modules/jquery/dist/jquery.js in 8485_PROFILING_INFO_
​ _PROFILING_INFO_start function null from ../todomvc/examples/spine/node_modules/spine/lib/route.js in 222_PROFILING_INFO_
​ _PROFILING_INFO_start function null from ../todomvc/examples/spine/node_modules/spine/lib/route.js in 204_PROFILING_INFO_
​ _PROFILING_INFO_start function null from ../todomvc/examples/spine/node_modules/spine/lib/route.js in 232_PROFILING_INFO_
​ _PROFILING_INFO_start function null from ../todomvc/examples/spine/node_modules/spine/lib/route.js in 257_PROFILING_INFO_
​ _PROFILING_INFO_start function null from ../todomvc/examples/spine/node_modules/spine/lib/route.js in 44_PROFILING_INFO_
​ _PROFILING_INFO_start function null from ../todomvc/examples/spine/node_modules/jquery/dist/jquery.js in 5287_PROFILING_INFO_
​ _PROFILING_INFO_start function null from ../todomvc/examples/spine/node_modules/jquery/dist/jquery.js in 4488_PROFILING_INFO_
​ _PROFILING_INFO_start function null from ../todomvc/examples/spine/node_modules/jquery/dist/jquery.js in 4932_PROFILING_INFO_
​ _PROFILING_INFO_start function null from ../todomvc/examples/spine/node_modules/jquery/dist/jquery.js in 557_PROFILING_INFO_
​ _PROFILING_INFO_start function returnFalse from ../todomvc/examples/spine/node_modules/jquery/dist/jquery.js in 4283_PROFILING_INFO_
​ _PROFILING_INFO_start function null from ../todomvc/examples/spine/node_modules/jquery/dist/jquery.js in 5250_PROFILING_INFO_
​ _PROFILING_INFO_start function null from ../todomvc/examples/spine/node_modules/jquery/dist/jquery.js in 5277_PROFILING_INFO_
​ _PROFILING_INFO_start function null from ../todomvc/examples/spine/node_modules/jquery/dist/jquery.js in 4415_PROFILING_INFO_
​ _PROFILING_INFO_start function null from ../todomvc/examples/spine/node_modules/jquery/dist/jquery.js in 3896_PROFILING_INFO_
​ _PROFILING_INFO_start function null from ../todomvc/examples/spine/node_modules/jquery/dist/jquery.js in 4329_PROFILING_INFO_
​ _PROFILING_INFO_start function null from ../todomvc/examples/spine/node_modules/jquery/dist/jquery.js in 4626_PROFILING_INFO_
​ _PROFILING_INFO_start function null from ../todomvc/examples/spine/node_modules/jquery/dist/jquery.js in 4734_PROFILING_INFO_
​ _PROFILING_INFO_start function null from ../todomvc/examples/spine/node_modules/jquery/dist/jquery.js in 4787_PROFILING_INFO_
​ _PROFILING_INFO_start function null from ../todomvc/examples/spine/node_modules/jquery/dist/jquery.js in 4685_PROFILING_INFO_
​ _PROFILING_INFO_start function null from ../todomvc/examples/spine/node_modules/jquery/dist/jquery.js in 2509_PROFILING_INFO_
​ _PROFILING_INFO_start function null from ../todomvc/examples/spine/node_modules/jquery/dist/jquery.js in 2470_PROFILING_INFO_
​ _PROFILING_INFO_start function matcherFromTokens from ../todomvc/examples/spine/node_modules/jquery/dist/jquery.js in 2313_PROFILING_INFO_
​ _PROFILING_INFO_start function addCombinator from ../todomvc/examples/spine/node_modules/jquery/dist/jquery.js in 2123_PROFILING_INFO_
​ _PROFILING_INFO_start function null from ../todomvc/examples/spine/node_modules/jquery/dist/jquery.js in 1130_PROFILING_INFO_
​ _PROFILING_INFO_start function elementMatcher from ../todomvc/examples/spine/node_modules/jquery/dist/jquery.js in 2176_PROFILING_INFO_
​ _PROFILING_INFO_start function matcherFromGroupMatchers from ../todomvc/examples/spine/node_modules/jquery/dist/jquery.js in 2371_PROFILING_INFO_
​ _PROFILING_INFO_start function null from ../todomvc/examples/spine/node_modules/jquery/dist/jquery.js in 2374_PROFILING_INFO_
​ _PROFILING_INFO_start function null from ../todomvc/examples/spine/node_modules/jquery/dist/jquery.js in 2178_PROFILING_INFO_
​ _PROFILING_INFO_start function null from ../todomvc/examples/spine/node_modules/jquery/dist/jquery.js in 1132_PROFILING_INFO_
​ _PROFILING_INFO_start function null from ../todomvc/examples/spine/node_modules/jquery/dist/jquery.js in 2327_PROFILING_INFO_
​ _PROFILING_INFO_start function null from ../todomvc/examples/spine/node_modules/jquery/dist/jquery.js in 2139_PROFILING_INFO_
​ _PROFILING_INFO_start function null from ../todomvc/examples/spine/node_modules/jquery/dist/jquery.js in 2321_PROFILING_INFO_
​ _PROFILING_INFO_start function null from ../todomvc/examples/spine/node_modules/spine/lib/spine.js in 959_PROFILING_INFO_
​ _PROFILING_INFO_start function null from ../todomvc/examples/spine/js/app.js in 56_PROFILING_INFO_
​ _PROFILING_INFO_start function null from ../todomvc/examples/spine/node_modules/jquery/dist/jquery.js in 7749_PROFILING_INFO_
​ _PROFILING_INFO_start function null from ../todomvc/examples/spine/node_modules/jquery/dist/jquery.js in 405_PROFILING_INFO_
​ _PROFILING_INFO_start function null from ../todomvc/examples/spine/node_modules/spine/lib/spine.js in 467_PROFILING_INFO_
​ _PROFILING_INFO_start function Todo from ../todomvc/examples/spine/js/models/todo.js in 9_PROFILING_INFO_
​ _PROFILING_INFO_start function Model from ../todomvc/examples/spine/node_modules/spine/lib/spine.js in 565_PROFILING_INFO_
​ _PROFILING_INFO_start function null from ../todomvc/examples/spine/node_modules/spine/lib/spine.js in 553_PROFILING_INFO_
​ _PROFILING_INFO_start function null from ../todomvc/examples/spine/node_modules/spine/lib/spine.js in 331_PROFILING_INFO_
​ _PROFILING_INFO_start function null from ../todomvc/examples/spine/node_modules/spine/lib/spine.js in 590_PROFILING_INFO_
​ _PROFILING_INFO_start function null from ../todomvc/examples/spine/node_modules/spine/lib/spine.js in 633_PROFILING_INFO_
​ _PROFILING_INFO_start function null from ../todomvc/examples/spine/node_modules/spine/lib/spine.js in 588_PROFILING_INFO_
​ _PROFILING_INFO_start function null from ../todomvc/examples/spine/node_modules/spine/lib/spine.js in 856_PROFILING_INFO_
​ _PROFILING_INFO_start function null from ../todomvc/examples/spine/node_modules/spine/lib/spine.js in 580_PROFILING_INFO_
​ _PROFILING_INFO_start function null from ../todomvc/examples/spine/node_modules/spine/lib/spine.js in 809_PROFILING_INFO_
​ _PROFILING_INFO_start function null from ../todomvc/examples/spine/node_modules/spine/lib/spine.js in 825_PROFILING_INFO_
​ _PROFILING_INFO_start function null from ../todomvc/examples/spine/node_modules/spine/lib/spine.js in 733_PROFILING_INFO_
​ _PROFILING_INFO_start function null from ../todomvc/examples/spine/node_modules/spine/lib/spine.js in 609_PROFILING_INFO_
​ _PROFILING_INFO_start function null from ../todomvc/examples/spine/node_modules/spine/lib/spine.js in 335_PROFILING_INFO_
​ _PROFILING_INFO_start function null from ../todomvc/examples/spine/node_modules/spine/lib/spine.js in 751_PROFILING_INFO_
​ _PROFILING_INFO_start function null from ../todomvc/examples/spine/js/app.js in 78_PROFILING_INFO_
​ _PROFILING_INFO_start function Todos from ../todomvc/examples/spine/js/controllers/todos.js in 31_PROFILING_INFO_
​ _PROFILING_INFO_start function null from ../todomvc/examples/spine/js/controllers/todos.js in 3_PROFILING_INFO_
​ _PROFILING_INFO_start function null from ../todomvc/examples/spine/node_modules/jquery/dist/jquery.js in 5168_PROFILING_INFO_
​ _PROFILING_INFO_start function null from ../todomvc/examples/spine/node_modules/spine/lib/spine.js in 838_PROFILING_INFO_
​ _PROFILING_INFO_start function null from ../todomvc/examples/spine/js/controllers/todos.js in 38_PROFILING_INFO_
​ _PROFILING_INFO_start function null from ../todomvc/examples/spine/node_modules/handlebars/dist/handlebars.js in 1742_PROFILING_INFO_
​ _PROFILING_INFO_start function compileInput from ../todomvc/examples/spine/node_modules/handlebars/dist/handlebars.js in 1734_PROFILING_INFO_
​ _PROFILING_INFO_start function parse from ../todomvc/examples/spine/node_modules/handlebars/dist/handlebars.js in 1267_PROFILING_INFO_
​ _PROFILING_INFO_start function parse from ../todomvc/examples/spine/node_modules/handlebars/dist/handlebars.js in 873_PROFILING_INFO_
​ _PROFILING_INFO_start function null from ../todomvc/examples/spine/node_modules/handlebars/dist/handlebars.js in 996_PROFILING_INFO_
​ _PROFILING_INFO_start function lex from ../todomvc/examples/spine/node_modules/handlebars/dist/handlebars.js in 891_PROFILING_INFO_
​ _PROFILING_INFO_start function lex from ../todomvc/examples/spine/node_modules/handlebars/dist/handlebars.js in 1131_PROFILING_INFO_
​ _PROFILING_INFO_start function null from ../todomvc/examples/spine/node_modules/handlebars/dist/handlebars.js in 1077_PROFILING_INFO_
​ _PROFILING_INFO_start function _currentRules from ../todomvc/examples/spine/node_modules/handlebars/dist/handlebars.js in 1145_PROFILING_INFO_
​ _PROFILING_INFO_start function anonymous from ../todomvc/examples/spine/node_modules/handlebars/dist/handlebars.js in 1155_PROFILING_INFO_
​ _PROFILING_INFO_start function begin from ../todomvc/examples/spine/node_modules/handlebars/dist/handlebars.js in 1139_PROFILING_INFO_
​ _PROFILING_INFO_start function anonymous from ../todomvc/examples/spine/node_modules/handlebars/dist/handlebars.js in 774_PROFILING_INFO_
​ _PROFILING_INFO_start function null from ../todomvc/examples/spine/node_modules/handlebars/dist/handlebars.js in 665_PROFILING_INFO_
​ _PROFILING_INFO_start function LocationInfo from ../todomvc/examples/spine/node_modules/handlebars/dist/handlebars.js in 535_PROFILING_INFO_
​ _PROFILING_INFO_start function popState from ../todomvc/examples/spine/node_modules/handlebars/dist/handlebars.js in 1142_PROFILING_INFO_
​ _PROFILING_INFO_start function null from ../todomvc/examples/spine/node_modules/handlebars/dist/handlebars.js in 677_PROFILING_INFO_
​ _PROFILING_INFO_start function null from ../todomvc/examples/spine/node_modules/handlebars/dist/handlebars.js in 609_PROFILING_INFO_
​ _PROFILING_INFO_start function stripFlags from ../todomvc/examples/spine/node_modules/handlebars/dist/handlebars.js in 979_PROFILING_INFO_
​ _PROFILING_INFO_start function null from ../todomvc/examples/spine/node_modules/handlebars/dist/handlebars.js in 578_PROFILING_INFO_
​ _PROFILING_INFO_start function null from ../todomvc/examples/spine/node_modules/handlebars/dist/handlebars.js in 544_PROFILING_INFO_
​ _PROFILING_INFO_start function null from ../todomvc/examples/spine/node_modules/handlebars/dist/handlebars.js in 640_PROFILING_INFO_
​ _PROFILING_INFO_start function Compiler from ../todomvc/examples/spine/node_modules/handlebars/dist/handlebars.js in 1285_PROFILING_INFO_
​ _PROFILING_INFO_start function null from ../todomvc/examples/spine/node_modules/handlebars/dist/handlebars.js in 1353_PROFILING_INFO_
​ _PROFILING_INFO_start function null from ../todomvc/examples/spine/node_modules/handlebars/dist/handlebars.js in 1379_PROFILING_INFO_
​ _PROFILING_INFO_start function null from ../todomvc/examples/spine/node_modules/handlebars/dist/handlebars.js in 1395_PROFILING_INFO_
​ _PROFILING_INFO_start function null from ../todomvc/examples/spine/node_modules/handlebars/dist/handlebars.js in 1513_PROFILING_INFO_
​ _PROFILING_INFO_start function null from ../todomvc/examples/spine/node_modules/handlebars/dist/handlebars.js in 1626_PROFILING_INFO_
​ _PROFILING_INFO_start function null from ../todomvc/examples/spine/node_modules/handlebars/dist/handlebars.js in 1428_PROFILING_INFO_
​ _PROFILING_INFO_start function null from ../todomvc/examples/spine/node_modules/handlebars/dist/handlebars.js in 1410_PROFILING_INFO_
​ _PROFILING_INFO_start function null from ../todomvc/examples/spine/node_modules/handlebars/dist/handlebars.js in 1643_PROFILING_INFO_
​ _PROFILING_INFO_start function null from ../todomvc/examples/spine/node_modules/handlebars/dist/handlebars.js in 1557_PROFILING_INFO_
​ _PROFILING_INFO_start function null from ../todomvc/examples/spine/node_modules/handlebars/dist/handlebars.js in 1689_PROFILING_INFO_
​ _PROFILING_INFO_start function null from ../todomvc/examples/spine/node_modules/handlebars/dist/handlebars.js in 1664_PROFILING_INFO_
​ _PROFILING_INFO_start function null from ../todomvc/examples/spine/node_modules/handlebars/dist/handlebars.js in 1582_PROFILING_INFO_
​ _PROFILING_INFO_start function null from ../todomvc/examples/spine/node_modules/handlebars/dist/handlebars.js in 1634_PROFILING_INFO_
​ _PROFILING_INFO_start function null from ../todomvc/examples/spine/node_modules/handlebars/dist/handlebars.js in 1517_PROFILING_INFO_
​ _PROFILING_INFO_start function null from ../todomvc/examples/spine/node_modules/handlebars/dist/handlebars.js in 1570_PROFILING_INFO_
​ _PROFILING_INFO_start function null from ../todomvc/examples/spine/node_modules/handlebars/dist/handlebars.js in 1527_PROFILING_INFO_
​ _PROFILING_INFO_start function null from ../todomvc/examples/spine/node_modules/handlebars/dist/handlebars.js in 1540_PROFILING_INFO_
​ _PROFILING_INFO_start function JavaScriptCompiler from ../todomvc/examples/spine/node_modules/handlebars/dist/handlebars.js in 1767_PROFILING_INFO_
​ _PROFILING_INFO_start function null from ../todomvc/examples/spine/node_modules/handlebars/dist/handlebars.js in 1820_PROFILING_INFO_
​ _PROFILING_INFO_start function null from ../todomvc/examples/spine/node_modules/handlebars/dist/handlebars.js in 1295_PROFILING_INFO_
​ _PROFILING_INFO_start function log from ../todomvc/examples/spine/node_modules/handlebars/dist/handlebars.js in 337_PROFILING_INFO_
​ _PROFILING_INFO_start function null from ../todomvc/examples/spine/node_modules/handlebars/dist/handlebars.js in 327_PROFILING_INFO_
​ _PROFILING_INFO_start function null from ../todomvc/examples/spine/node_modules/handlebars/dist/handlebars.js in 1874_PROFILING_INFO_
​ _PROFILING_INFO_start function null from ../todomvc/examples/spine/node_modules/handlebars/dist/handlebars.js in 1813_PROFILING_INFO_
​ _PROFILING_INFO_start function null from ../todomvc/examples/spine/node_modules/handlebars/dist/handlebars.js in 2575_PROFILING_INFO_
​ _PROFILING_INFO_start function null from ../todomvc/examples/spine/node_modules/handlebars/dist/handlebars.js in 2377_PROFILING_INFO_
​ _PROFILING_INFO_start function null from ../todomvc/examples/spine/node_modules/handlebars/dist/handlebars.js in 2399_PROFILING_INFO_
​ _PROFILING_INFO_start function null from ../todomvc/examples/spine/node_modules/handlebars/dist/handlebars.js in 2021_PROFILING_INFO_
​ _PROFILING_INFO_start function null from ../todomvc/examples/spine/node_modules/handlebars/dist/handlebars.js in 2446_PROFILING_INFO_
​ _PROFILING_INFO_start function null from ../todomvc/examples/spine/node_modules/handlebars/dist/handlebars.js in 1801_PROFILING_INFO_
​ _PROFILING_INFO_start function null from ../todomvc/examples/spine/node_modules/handlebars/dist/handlebars.js in 1900_PROFILING_INFO_
​ _PROFILING_INFO_start function null from ../todomvc/examples/spine/node_modules/handlebars/dist/handlebars.js in 1952_PROFILING_INFO_
​ _PROFILING_INFO_start function null from ../todomvc/examples/spine/node_modules/handlebars/dist/handlebars.js in 1319_PROFILING_INFO_
​ _PROFILING_INFO_start function null from ../todomvc/examples/spine/node_modules/handlebars/dist/handlebars.js in 2085_PROFILING_INFO_
​ _PROFILING_INFO_start function null from ../todomvc/examples/spine/node_modules/handlebars/dist/handlebars.js in 2098_PROFILING_INFO_
​ _PROFILING_INFO_start function null from ../todomvc/examples/spine/node_modules/handlebars/dist/handlebars.js in 1772_PROFILING_INFO_
​ _PROFILING_INFO_start function null from ../todomvc/examples/spine/node_modules/handlebars/dist/handlebars.js in 2691_PROFILING_INFO_
​ _PROFILING_INFO_start function null from ../todomvc/examples/spine/node_modules/handlebars/dist/handlebars.js in 2216_PROFILING_INFO_
​ _PROFILING_INFO_start function null from ../todomvc/examples/spine/node_modules/handlebars/dist/handlebars.js in 2241_PROFILING_INFO_
​ _PROFILING_INFO_start function null from ../todomvc/examples/spine/node_modules/handlebars/dist/handlebars.js in 2408_PROFILING_INFO_
​ _PROFILING_INFO_start function null from ../todomvc/examples/spine/node_modules/handlebars/dist/handlebars.js in 2442_PROFILING_INFO_
​ _PROFILING_INFO_start function Literal from ../todomvc/examples/spine/node_modules/handlebars/dist/handlebars.js in 1763_PROFILING_INFO_
​ _PROFILING_INFO_start function null from ../todomvc/examples/spine/node_modules/handlebars/dist/handlebars.js in 2174_PROFILING_INFO_
​ _PROFILING_INFO_start function null from ../todomvc/examples/spine/node_modules/handlebars/dist/handlebars.js in 2292_PROFILING_INFO_
​ _PROFILING_INFO_start function null from ../todomvc/examples/spine/node_modules/handlebars/dist/handlebars.js in 2585_PROFILING_INFO_
​ _PROFILING_INFO_start function null from ../todomvc/examples/spine/node_modules/handlebars/dist/handlebars.js in 2653_PROFILING_INFO_
​ _PROFILING_INFO_start function null from ../todomvc/examples/spine/node_modules/handlebars/dist/handlebars.js in 2599_PROFILING_INFO_
​ _PROFILING_INFO_start function null from ../todomvc/examples/spine/node_modules/handlebars/dist/handlebars.js in 2547_PROFILING_INFO_
​ _PROFILING_INFO_start function null from ../todomvc/examples/spine/node_modules/handlebars/dist/handlebars.js in 2543_PROFILING_INFO_
​ _PROFILING_INFO_start function null from ../todomvc/examples/spine/node_modules/handlebars/dist/handlebars.js in 2055_PROFILING_INFO_
​ _PROFILING_INFO_start function null from ../todomvc/examples/spine/node_modules/handlebars/dist/handlebars.js in 2529_PROFILING_INFO_
​ _PROFILING_INFO_start function null from ../todomvc/examples/spine/node_modules/handlebars/dist/handlebars.js in 2457_PROFILING_INFO_
​ _PROFILING_INFO_start function null from ../todomvc/examples/spine/node_modules/handlebars/dist/handlebars.js in 2521_PROFILING_INFO_
​ _PROFILING_INFO_start function null from ../todomvc/examples/spine/node_modules/handlebars/dist/handlebars.js in 2526_PROFILING_INFO_
​ _PROFILING_INFO_start function null from ../todomvc/examples/spine/node_modules/handlebars/dist/handlebars.js in 1808_PROFILING_INFO_
​ _PROFILING_INFO_start function null from ../todomvc/examples/spine/node_modules/handlebars/dist/handlebars.js in 2309_PROFILING_INFO_
​ _PROFILING_INFO_start function null from ../todomvc/examples/spine/node_modules/handlebars/dist/handlebars.js in 2435_PROFILING_INFO_
​ _PROFILING_INFO_start function null from ../todomvc/examples/spine/node_modules/handlebars/dist/handlebars.js in 2517_PROFILING_INFO_
​ _PROFILING_INFO_start function null from ../todomvc/examples/spine/node_modules/handlebars/dist/handlebars.js in 2072_PROFILING_INFO_
​ _PROFILING_INFO_start function null from ../todomvc/examples/spine/node_modules/handlebars/dist/handlebars.js in 2108_PROFILING_INFO_
​ _PROFILING_INFO_start function null from ../todomvc/examples/spine/node_modules/handlebars/dist/handlebars.js in 2119_PROFILING_INFO_
​ _PROFILING_INFO_start function null from ../todomvc/examples/spine/node_modules/handlebars/dist/handlebars.js in 2468_PROFILING_INFO_
​ _PROFILING_INFO_start function null from ../todomvc/examples/spine/node_modules/handlebars/dist/handlebars.js in 2122_PROFILING_INFO_
handlebars-instrumented.js:4593 _PROFILING_INFO_start function null from ../todomvc/examples/spine/node_modules/handlebars/dist/handlebars.js in 1985_PROFILING_INFO_
handlebars-instrumented.js:5106 _PROFILING_INFO_start function null from ../todomvc/examples/spine/node_modules/handlebars/dist/handlebars.js in 2564_PROFILING_INFO_
handlebars-instrumented.js:4601 _PROFILING_INFO_start function null from ../todomvc/examples/spine/node_modules/handlebars/dist/handlebars.js in 1991_PROFILING_INFO_
handlebars-instrumented.js:4412 _PROFILING_INFO_start function null from ../todomvc/examples/spine/node_modules/handlebars/dist/handlebars.js in 1795_PROFILING_INFO_
handlebars-instrumented.js:612 _PROFILING_INFO_start function null from ../todomvc/examples/spine/node_modules/handlebars/dist/handlebars.js in 515_PROFILING_INFO_
handlebars-instrumented.js:439 _PROFILING_INFO_start function template from ../todomvc/examples/spine/node_modules/handlebars/dist/handlebars.js in 377_PROFILING_INFO_
handlebars-instrumented.js:502 _PROFILING_INFO_start function null from ../todomvc/examples/spine/node_modules/handlebars/dist/handlebars.js in 426_PROFILING_INFO_
handlebars-instrumented.js:485 _PROFILING_INFO_start function null from ../todomvc/examples/spine/node_modules/handlebars/dist/handlebars.js in 411_PROFILING_INFO_
handlebars-instrumented.js:472 _PROFILING_INFO_start function null from ../todomvc/examples/spine/node_modules/handlebars/dist/handlebars.js in 402_PROFILING_INFO_
handlebars-instrumented.js:543 _PROFILING_INFO_start function program from ../todomvc/examples/spine/node_modules/handlebars/dist/handlebars.js in 464_PROFILING_INFO_
handlebars-instrumented.js:251 _PROFILING_INFO_start function null from ../todomvc/examples/spine/node_modules/handlebars/dist/handlebars.js in 225_PROFILING_INFO_
handlebars-instrumented.js:73 _PROFILING_INFO_start function null from ../todomvc/examples/spine/node_modules/handlebars/dist/handlebars.js in 81_PROFILING_INFO_
handlebars-instrumented.js:548 _PROFILING_INFO_start function null from ../todomvc/examples/spine/node_modules/handlebars/dist/handlebars.js in 465_PROFILING_INFO_
handlebars-instrumented.js:321 _PROFILING_INFO_start function null from ../todomvc/examples/spine/node_modules/handlebars/dist/handlebars.js in 287_PROFILING_INFO_
handlebars-instrumented.js:579 _PROFILING_INFO_start function noop from ../todomvc/examples/spine/node_modules/handlebars/dist/handlebars.js in 485_PROFILING_INFO_
handlebars-instrumented.js:99 _PROFILING_INFO_start function escapeExpression from ../todomvc/examples/spine/node_modules/handlebars/dist/handlebars.js in 97_PROFILING_INFO_
handlebars-instrumented.js:423 _PROFILING_INFO_start function checkRevision from ../todomvc/examples/spine/node_modules/handlebars/dist/handlebars.js in 357_PROFILING_INFO_
spine-instrumented.js:1394 _PROFILING_INFO_start function null from ../todomvc/examples/spine/node_modules/spine/lib/spine.js in 1039_PROFILING_INFO_
jquery-instrumented.js:8188 _PROFILING_INFO_start function null from ../todomvc/examples/spine/node_modules/jquery/dist/jquery.js in 9933_PROFILING_INFO_
jquery-instrumented.js:4605 _PROFILING_INFO_start function null from ../todomvc/examples/spine/node_modules/jquery/dist/jquery.js in 5563_PROFILING_INFO_
jquery-instrumented.js:4374 _PROFILING_INFO_start function createSafeFragment from ../todomvc/examples/spine/node_modules/jquery/dist/jquery.js in 5296_PROFILING_INFO_
jquery-instrumented.js:294 _PROFILING_INFO_start function null from ../todomvc/examples/spine/node_modules/jquery/dist/jquery.js in 350_PROFILING_INFO_
jquery-instrumented.js:4880 _PROFILING_INFO_start function null from ../todomvc/examples/spine/node_modules/jquery/dist/jquery.js in 5884_PROFILING_INFO_
jquery-instrumented.js:4906 _PROFILING_INFO_start function null from ../todomvc/examples/spine/node_modules/jquery/dist/jquery.js in 5906_PROFILING_INFO_
jquery-instrumented.js:364 _PROFILING_INFO_start function null from ../todomvc/examples/spine/node_modules/jquery/dist/jquery.js in 429_PROFILING_INFO_
jquery-instrumented.js:415 _PROFILING_INFO_start function null from ../todomvc/examples/spine/node_modules/jquery/dist/jquery.js in 493_PROFILING_INFO_
jquery-instrumented.js:4886 _PROFILING_INFO_start function null from ../todomvc/examples/spine/node_modules/jquery/dist/jquery.js in 5888_PROFILING_INFO_
jquery-instrumented.js:3037 _PROFILING_INFO_start function isEmptyDataObject from ../todomvc/examples/spine/node_modules/jquery/dist/jquery.js in 3689_PROFILING_INFO_
jquery-instrumented.js:3971 _PROFILING_INFO_start function null from ../todomvc/examples/spine/node_modules/jquery/dist/jquery.js in 4912_PROFILING_INFO_
jquery-instrumented.js:226 _PROFILING_INFO_start function null from ../todomvc/examples/spine/node_modules/jquery/dist/jquery.js in 276_PROFILING_INFO_
jquery-instrumented.js:4791 _PROFILING_INFO_start function null from ../todomvc/examples/spine/node_modules/jquery/dist/jquery.js in 5786_PROFILING_INFO_
jquery-instrumented.js:4729 _PROFILING_INFO_start function null from ../todomvc/examples/spine/node_modules/jquery/dist/jquery.js in 5752_PROFILING_INFO_
jquery-instrumented.js:4734 _PROFILING_INFO_start function null from ../todomvc/examples/spine/node_modules/jquery/dist/jquery.js in 5753_PROFILING_INFO_
jquery-instrumented.js:4467 _PROFILING_INFO_start function manipulationTarget from ../todomvc/examples/spine/node_modules/jquery/dist/jquery.js in 5379_PROFILING_INFO_
local-instrumented.js:21 _PROFILING_INFO_start function null from ../todomvc/examples/spine/node_modules/spine/lib/local.js in 12_PROFILING_INFO_
spine-instrumented.js:685 _PROFILING_INFO_start function null from ../todomvc/examples/spine/node_modules/spine/lib/spine.js in 493_PROFILING_INFO_
spine-instrumented.js:1044 _PROFILING_INFO_start function null from ../todomvc/examples/spine/node_modules/spine/lib/spine.js in 776_PROFILING_INFO_
todo-instrumented.js:64 _PROFILING_INFO_start function null from ../todomvc/examples/spine/js/models/todo.js in 24_PROFILING_INFO_
jquery-instrumented.js:5605 _PROFILING_INFO_start function null from ../todomvc/examples/spine/node_modules/jquery/dist/jquery.js in 6903_PROFILING_INFO_
todo-instrumented.js:51 _PROFILING_INFO_start function null from ../todomvc/examples/spine/js/models/todo.js in 18_PROFILING_INFO_
spine-instrumented.js:889 _PROFILING_INFO_start function null from ../todomvc/examples/spine/node_modules/spine/lib/spine.js in 652_PROFILING_INFO_
jquery-instrumented.js:6417 _PROFILING_INFO_start function null from ../todomvc/examples/spine/node_modules/jquery/dist/jquery.js in 7775_PROFILING_INFO_
jquery-instrumented.js:4221 _PROFILING_INFO_start function null from ../todomvc/examples/spine/node_modules/jquery/dist/jquery.js in 5163_PROFILING_INFO_
jquery-instrumented.js:3951 _PROFILING_INFO_start function null from ../todomvc/examples/spine/node_modules/jquery/dist/jquery.js in 4887_PROFILING_INFO_
jquery-instrumented.js:3867 _PROFILING_INFO_start function null from ../todomvc/examples/spine/node_modules/jquery/dist/jquery.js in 4800_PROFILING_INFO_
app-instrumented.js:143 _PROFILING_INFO_start function null from ../todomvc/examples/spine/js/app.js in 98_PROFILING_INFO_
spine-instrumented.js:553 _PROFILING_INFO_start function null from ../todomvc/examples/spine/node_modules/spine/lib/spine.js in 400_PROFILING_INFO_
app-instrumented.js:150 _PROFILING_INFO_start function null from ../todomvc/examples/spine/js/app.js in 101_PROFILING_INFO_
spine-instrumented.js:908 _PROFILING_INFO_start function null from ../todomvc/examples/spine/node_modules/spine/lib/spine.js in 667_PROFILING_INFO_
spine-instrumented.js:918 _PROFILING_INFO_start function null from ../todomvc/examples/spine/node_modules/spine/lib/spine.js in 674_PROFILING_INFO_
spine-instrumented.js:1093 _PROFILING_INFO_start function null from ../todomvc/examples/spine/node_modules/spine/lib/spine.js in 813_PROFILING_INFO_
handlebars-instrumented.js:116 _PROFILING_INFO_start function isEmpty from ../todomvc/examples/spine/node_modules/handlebars/dist/handlebars.js in 114_PROFILING_INFO_
jquery-instrumented.js:1224 _PROFILING_INFO_start function null from ../todomvc/examples/spine/node_modules/jquery/dist/jquery.js in 1668_PROFILING_INFO_
jquery-instrumented.js:1230 _PROFILING_INFO_start function null from ../todomvc/examples/spine/node_modules/jquery/dist/jquery.js in 1673_PROFILING_INFO_
todos-instrumented.js:87 _PROFILING_INFO_start function null from ../todomvc/examples/spine/js/controllers/todos.js in 47_PROFILING_INFO_
app-instrumented.js:159 _PROFILING_INFO_start function null from ../todomvc/examples/spine/js/app.js in 112_PROFILING_INFO_
todo-instrumented.js:72 _PROFILING_INFO_start function null from ../todomvc/examples/spine/js/models/todo.js in 29_PROFILING_INFO_
spine-instrumented.js:967 _PROFILING_INFO_start function null from ../todomvc/examples/spine/node_modules/spine/lib/spine.js in 714_PROFILING_INFO_
spine-instrumented.js:943 _PROFILING_INFO_start function null from ../todomvc/examples/spine/node_modules/spine/lib/spine.js in 693_PROFILING_INFO_
spine-instrumented.js:860 _PROFILING_INFO_start function null from ../todomvc/examples/spine/node_modules/spine/lib/spine.js in 629_PROFILING_INFO_
spine-instrumented.js:1224 _PROFILING_INFO_start function null from ../todomvc/examples/spine/node_modules/spine/lib/spine.js in 928_PROFILING_INFO_
spine-instrumented.js:232 _PROFILING_INFO_start function null from ../todomvc/examples/spine/node_modules/spine/lib/spine.js in 153_PROFILING_INFO_
spine-instrumented.js:155 _PROFILING_INFO_start function null from ../todomvc/examples/spine/node_modules/spine/lib/spine.js in 90_PROFILING_INFO_
spine-instrumented.js:1142 _PROFILING_INFO_start function null from ../todomvc/examples/spine/node_modules/spine/lib/spine.js in 850_PROFILING_INFO_
jquery-instrumented.js:1204 _PROFILING_INFO_start function null from ../todomvc/examples/spine/node_modules/jquery/dist/jquery.js in 1659_PROFILING_INFO_
jquery-instrumented.js:1216 _PROFILING_INFO_start function null from ../todomvc/examples/spine/node_modules/jquery/dist/jquery.js in 1663_PROFILING_INFO_
todos-instrumented.js:94 _PROFILING_INFO_start function null from ../todomvc/examples/spine/js/controllers/todos.js in 51_PROFILING_INFO_
jquery-instrumented.js:6910 _PROFILING_INFO_start function null from ../todomvc/examples/spine/node_modules/jquery/dist/jquery.js in 8316_PROFILING_INFO_
jquery-instrumented.js:7041 _PROFILING_INFO_start function null from ../todomvc/examples/spine/node_modules/jquery/dist/jquery.js in 8473_PROFILING_INFO_
jquery-instrumented.js:4350 _PROFILING_INFO_start function null from ../todomvc/examples/spine/node_modules/jquery/dist/jquery.js in 5282_PROFILING_INFO_
jquery-instrumented.js:4355 _PROFILING_INFO_start function null from ../todomvc/examples/spine/node_modules/jquery/dist/jquery.js in 5283_PROFILING_INFO_
jquery-instrumented.js:3892 _PROFILING_INFO_start function null from ../todomvc/examples/spine/node_modules/jquery/dist/jquery.js in 4837_PROFILING_INFO_
jquery-instrumented.js:3527 _PROFILING_INFO_start function safeActiveElement from ../todomvc/examples/spine/node_modules/jquery/dist/jquery.js in 4287_PROFILING_INFO_
todos-instrumented.js:133 _PROFILING_INFO_start function null from ../todomvc/examples/spine/js/controllers/todos.js in 78_PROFILING_INFO_
todos-instrumented.js:116 _PROFILING_INFO_start function null from ../todomvc/examples/spine/js/controllers/todos.js in 67_PROFILING_INFO_
todos-instrumented.js:102 _PROFILING_INFO_start function null from ../todomvc/examples/spine/js/controllers/todos.js in 56_PROFILING_INFO_
jquery-instrumented.js:6946 _PROFILING_INFO_start function null from ../todomvc/examples/spine/node_modules/jquery/dist/jquery.js in 8359_PROFILING_INFO_
todos-instrumented.js:80 _PROFILING_INFO_start function null from ../todomvc/examples/spine/js/controllers/todos.js in 43_PROFILING_INFO_
spine-instrumented.js:374 _PROFILING_INFO_start function null from ../todomvc/examples/spine/node_modules/spine/lib/spine.js in 260_PROFILING_INFO_
app-instrumented.js:82 _PROFILING_INFO_start function null from ../todomvc/examples/spine/js/app.js in 44_PROFILING_INFO_
jquery-instrumented.js:2185 _PROFILING_INFO_start function null from ../todomvc/examples/spine/node_modules/jquery/dist/jquery.js in 2736_PROFILING_INFO_
jquery-instrumented.js:2104 _PROFILING_INFO_start function winnow from ../todomvc/examples/spine/node_modules/jquery/dist/jquery.js in 2667_PROFILING_INFO_
jquery-instrumented.js:2141 _PROFILING_INFO_start function null from ../todomvc/examples/spine/node_modules/jquery/dist/jquery.js in 2696_PROFILING_INFO_
jquery-instrumented.js:401 _PROFILING_INFO_start function null from ../todomvc/examples/spine/node_modules/jquery/dist/jquery.js in 473_PROFILING_INFO_
jquery-instrumented.js:2150 _PROFILING_INFO_start function null from ../todomvc/examples/spine/node_modules/jquery/dist/jquery.js in 2705_PROFILING_INFO_
jquery-instrumented.js:1037 _PROFILING_INFO_start function null from ../todomvc/examples/spine/node_modules/jquery/dist/jquery.js in 1428_PROFILING_INFO_
jquery-instrumented.js:1156 _PROFILING_INFO_start function null from ../todomvc/examples/spine/node_modules/jquery/dist/jquery.js in 1583_PROFILING_INFO_
jquery-instrumented.js:1238 _PROFILING_INFO_start function null from ../todomvc/examples/spine/node_modules/jquery/dist/jquery.js in 1678_PROFILING_INFO_
jquery-instrumented.js:1243 _PROFILING_INFO_start function null from ../todomvc/examples/spine/node_modules/jquery/dist/jquery.js in 1679_PROFILING_INFO_
jquery-instrumented.js:1074 _PROFILING_INFO_start function null from ../todomvc/examples/spine/node_modules/jquery/dist/jquery.js in 1469_PROFILING_INFO_
jquery-instrumented.js:2133 _PROFILING_INFO_start function null from ../todomvc/examples/spine/node_modules/jquery/dist/jquery.js in 2691_PROFILING_INFO_
