base-instrumented.js:5 _PROFILING_INFO_start function null from ../subjects/ampersand/node_modules/todomvc-common/base.js in 2_PROFILING_INFO_
base-instrumented.js:11 _PROFILING_INFO_start function null from ../subjects/ampersand/node_modules/todomvc-common/base.js in 8_PROFILING_INFO_
base-instrumented.js:136 _PROFILING_INFO_start function redirect from ../subjects/ampersand/node_modules/todomvc-common/base.js in 126_PROFILING_INFO_
base-instrumented.js:153 _PROFILING_INFO_start function getFile from ../subjects/ampersand/node_modules/todomvc-common/base.js in 137_PROFILING_INFO_
base-instrumented.js:145 _PROFILING_INFO_start function findRoot from ../subjects/ampersand/node_modules/todomvc-common/base.js in 132_PROFILING_INFO_
todomvc.bundle-instrumented.js:5 _PROFILING_INFO_start function e from ../subjects/ampersand/todomvc.bundle.js in 1_PROFILING_INFO_
todomvc.bundle-instrumented.js:10 _PROFILING_INFO_start function s from ../subjects/ampersand/todomvc.bundle.js in 1_PROFILING_INFO_
todomvc.bundle-instrumented.js:43 _PROFILING_INFO_start function null from ../subjects/ampersand/todomvc.bundle.js in 1_PROFILING_INFO_
todomvc.bundle-instrumented.js:343 _PROFILING_INFO_start function null from ../subjects/ampersand/todomvc.bundle.js in 260_PROFILING_INFO_
todomvc.bundle-instrumented.js:6688 _PROFILING_INFO_start function null from ../subjects/ampersand/todomvc.bundle.js in 5389_PROFILING_INFO_
todomvc.bundle-instrumented.js:3473 _PROFILING_INFO_start function null from ../subjects/ampersand/todomvc.bundle.js in 2876_PROFILING_INFO_
todomvc.bundle-instrumented.js:4522 _PROFILING_INFO_start function null from ../subjects/ampersand/todomvc.bundle.js in 3700_PROFILING_INFO_
todomvc.bundle-instrumented.js:4527 _PROFILING_INFO_start function null from ../subjects/ampersand/todomvc.bundle.js in 3706_PROFILING_INFO_
todomvc.bundle-instrumented.js:4940 _PROFILING_INFO_start function null from ../subjects/ampersand/todomvc.bundle.js in 4058_PROFILING_INFO_
todomvc.bundle-instrumented.js:5324 _PROFILING_INFO_start function null from ../subjects/ampersand/todomvc.bundle.js in 4366_PROFILING_INFO_
todomvc.bundle-instrumented.js:4619 _PROFILING_INFO_start function null from ../subjects/ampersand/todomvc.bundle.js in 3797_PROFILING_INFO_
todomvc.bundle-instrumented.js:4557 _PROFILING_INFO_start function null from ../subjects/ampersand/todomvc.bundle.js in 3760_PROFILING_INFO_
todomvc.bundle-instrumented.js:5844 _PROFILING_INFO_start function null from ../subjects/ampersand/todomvc.bundle.js in 4795_PROFILING_INFO_
todomvc.bundle-instrumented.js:5849 _PROFILING_INFO_start function null from ../subjects/ampersand/todomvc.bundle.js in 4796_PROFILING_INFO_
todomvc.bundle-instrumented.js:5607 _PROFILING_INFO_start function null from ../subjects/ampersand/todomvc.bundle.js in 4579_PROFILING_INFO_
todomvc.bundle-instrumented.js:5563 _PROFILING_INFO_start function null from ../subjects/ampersand/todomvc.bundle.js in 4548_PROFILING_INFO_
todomvc.bundle-instrumented.js:5829 _PROFILING_INFO_start function null from ../subjects/ampersand/todomvc.bundle.js in 4789_PROFILING_INFO_
todomvc.bundle-instrumented.js:6024 _PROFILING_INFO_start function null from ../subjects/ampersand/todomvc.bundle.js in 4924_PROFILING_INFO_
todomvc.bundle-instrumented.js:6159 _PROFILING_INFO_start function null from ../subjects/ampersand/todomvc.bundle.js in 5065_PROFILING_INFO_
todomvc.bundle-instrumented.js:5619 _PROFILING_INFO_start function null from ../subjects/ampersand/todomvc.bundle.js in 4590_PROFILING_INFO_
todomvc.bundle-instrumented.js:5867 _PROFILING_INFO_start function null from ../subjects/ampersand/todomvc.bundle.js in 4811_PROFILING_INFO_
todomvc.bundle-instrumented.js:6164 _PROFILING_INFO_start function null from ../subjects/ampersand/todomvc.bundle.js in 5066_PROFILING_INFO_
todomvc.bundle-instrumented.js:6190 _PROFILING_INFO_start function null from ../subjects/ampersand/todomvc.bundle.js in 5080_PROFILING_INFO_
todomvc.bundle-instrumented.js:6212 _PROFILING_INFO_start function null from ../subjects/ampersand/todomvc.bundle.js in 5091_PROFILING_INFO_
todomvc.bundle-instrumented.js:4453 _PROFILING_INFO_start function null from ../subjects/ampersand/todomvc.bundle.js in 3657_PROFILING_INFO_
todomvc.bundle-instrumented.js:1361 _PROFILING_INFO_start function null from ../subjects/ampersand/todomvc.bundle.js in 1128_PROFILING_INFO_
todomvc.bundle-instrumented.js:1043 _PROFILING_INFO_start function null from ../subjects/ampersand/todomvc.bundle.js in 860_PROFILING_INFO_
todomvc.bundle-instrumented.js:1048 _PROFILING_INFO_start function null from ../subjects/ampersand/todomvc.bundle.js in 882_PROFILING_INFO_
todomvc.bundle-instrumented.js:1054 _PROFILING_INFO_start function miniscore from ../subjects/ampersand/todomvc.bundle.js in 892_PROFILING_INFO_
todomvc.bundle-instrumented.js:1076 _PROFILING_INFO_start function null from ../subjects/ampersand/todomvc.bundle.js in 905_PROFILING_INFO_
todomvc.bundle-instrumented.js:1069 _PROFILING_INFO_start function null from ../subjects/ampersand/todomvc.bundle.js in 901_PROFILING_INFO_
todomvc.bundle-instrumented.js:1294 _PROFILING_INFO_start function null from ../subjects/ampersand/todomvc.bundle.js in 1088_PROFILING_INFO_
todomvc.bundle-instrumented.js:4463 _PROFILING_INFO_start function null from ../subjects/ampersand/todomvc.bundle.js in 3659_PROFILING_INFO_
todomvc.bundle-instrumented.js:4423 _PROFILING_INFO_start function null from ../subjects/ampersand/todomvc.bundle.js in 3647_PROFILING_INFO_
todomvc.bundle-instrumented.js:5631 _PROFILING_INFO_start function null from ../subjects/ampersand/todomvc.bundle.js in 4599_PROFILING_INFO_
todomvc.bundle-instrumented.js:7099 _PROFILING_INFO_start function null from ../subjects/ampersand/todomvc.bundle.js in 5757_PROFILING_INFO_
todomvc.bundle-instrumented.js:8704 _PROFILING_INFO_start function null from ../subjects/ampersand/todomvc.bundle.js in 7061_PROFILING_INFO_
todomvc.bundle-instrumented.js:1803 _PROFILING_INFO_start function null from ../subjects/ampersand/todomvc.bundle.js in 1531_PROFILING_INFO_
todomvc.bundle-instrumented.js:1808 _PROFILING_INFO_start function null from ../subjects/ampersand/todomvc.bundle.js in 1537_PROFILING_INFO_
todomvc.bundle-instrumented.js:2210 _PROFILING_INFO_start function null from ../subjects/ampersand/todomvc.bundle.js in 1869_PROFILING_INFO_
todomvc.bundle-instrumented.js:1839 _PROFILING_INFO_start function null from ../subjects/ampersand/todomvc.bundle.js in 1607_PROFILING_INFO_
todomvc.bundle-instrumented.js:3067 _PROFILING_INFO_start function null from ../subjects/ampersand/todomvc.bundle.js in 2556_PROFILING_INFO_
todomvc.bundle-instrumented.js:3072 _PROFILING_INFO_start function null from ../subjects/ampersand/todomvc.bundle.js in 2557_PROFILING_INFO_
todomvc.bundle-instrumented.js:2840 _PROFILING_INFO_start function null from ../subjects/ampersand/todomvc.bundle.js in 2356_PROFILING_INFO_
todomvc.bundle-instrumented.js:2796 _PROFILING_INFO_start function null from ../subjects/ampersand/todomvc.bundle.js in 2325_PROFILING_INFO_
todomvc.bundle-instrumented.js:3053 _PROFILING_INFO_start function null from ../subjects/ampersand/todomvc.bundle.js in 2551_PROFILING_INFO_
todomvc.bundle-instrumented.js:3245 _PROFILING_INFO_start function null from ../subjects/ampersand/todomvc.bundle.js in 2685_PROFILING_INFO_
todomvc.bundle-instrumented.js:3276 _PROFILING_INFO_start function null from ../subjects/ampersand/todomvc.bundle.js in 2703_PROFILING_INFO_
todomvc.bundle-instrumented.js:2852 _PROFILING_INFO_start function null from ../subjects/ampersand/todomvc.bundle.js in 2367_PROFILING_INFO_
todomvc.bundle-instrumented.js:3090 _PROFILING_INFO_start function null from ../subjects/ampersand/todomvc.bundle.js in 2572_PROFILING_INFO_
todomvc.bundle-instrumented.js:3281 _PROFILING_INFO_start function null from ../subjects/ampersand/todomvc.bundle.js in 2704_PROFILING_INFO_
todomvc.bundle-instrumented.js:3406 _PROFILING_INFO_start function null from ../subjects/ampersand/todomvc.bundle.js in 2829_PROFILING_INFO_
todomvc.bundle-instrumented.js:3428 _PROFILING_INFO_start function null from ../subjects/ampersand/todomvc.bundle.js in 2840_PROFILING_INFO_
todomvc.bundle-instrumented.js:2864 _PROFILING_INFO_start function null from ../subjects/ampersand/todomvc.bundle.js in 2376_PROFILING_INFO_
todomvc.bundle-instrumented.js:2869 _PROFILING_INFO_start function null from ../subjects/ampersand/todomvc.bundle.js in 2377_PROFILING_INFO_
todomvc.bundle-instrumented.js:7671 _PROFILING_INFO_start function null from ../subjects/ampersand/todomvc.bundle.js in 6189_PROFILING_INFO_
todomvc.bundle-instrumented.js:7338 _PROFILING_INFO_start function null from ../subjects/ampersand/todomvc.bundle.js in 5910_PROFILING_INFO_
todomvc.bundle-instrumented.js:7343 _PROFILING_INFO_start function null from ../subjects/ampersand/todomvc.bundle.js in 5932_PROFILING_INFO_
todomvc.bundle-instrumented.js:7349 _PROFILING_INFO_start function miniscore from ../subjects/ampersand/todomvc.bundle.js in 5942_PROFILING_INFO_
todomvc.bundle-instrumented.js:7386 _PROFILING_INFO_start function null from ../subjects/ampersand/todomvc.bundle.js in 5966_PROFILING_INFO_
todomvc.bundle-instrumented.js:7379 _PROFILING_INFO_start function null from ../subjects/ampersand/todomvc.bundle.js in 5962_PROFILING_INFO_
todomvc.bundle-instrumented.js:7604 _PROFILING_INFO_start function null from ../subjects/ampersand/todomvc.bundle.js in 6149_PROFILING_INFO_
todomvc.bundle-instrumented.js:7318 _PROFILING_INFO_start function null from ../subjects/ampersand/todomvc.bundle.js in 5906_PROFILING_INFO_
todomvc.bundle-instrumented.js:996 _PROFILING_INFO_start function null from ../subjects/ampersand/todomvc.bundle.js in 810_PROFILING_INFO_
todomvc.bundle-instrumented.js:1371 _PROFILING_INFO_start function null from ../subjects/ampersand/todomvc.bundle.js in 1131_PROFILING_INFO_
todomvc.bundle-instrumented.js:8311 _PROFILING_INFO_start function null from ../subjects/ampersand/todomvc.bundle.js in 6578_PROFILING_INFO_
todomvc.bundle-instrumented.js:8407 _PROFILING_INFO_start function null from ../subjects/ampersand/todomvc.bundle.js in 6687_PROFILING_INFO_
todomvc.bundle-instrumented.js:8526 _PROFILING_INFO_start function null from ../subjects/ampersand/todomvc.bundle.js in 6867_PROFILING_INFO_
todomvc.bundle-instrumented.js:8552 _PROFILING_INFO_start function null from ../subjects/ampersand/todomvc.bundle.js in 6903_PROFILING_INFO_
todomvc.bundle-instrumented.js:8596 _PROFILING_INFO_start function null from ../subjects/ampersand/todomvc.bundle.js in 6955_PROFILING_INFO_
todomvc.bundle-instrumented.js:8618 _PROFILING_INFO_start function null from ../subjects/ampersand/todomvc.bundle.js in 6967_PROFILING_INFO_
todomvc.bundle-instrumented.js:8677 _PROFILING_INFO_start function null from ../subjects/ampersand/todomvc.bundle.js in 7031_PROFILING_INFO_
todomvc.bundle-instrumented.js:7681 _PROFILING_INFO_start function null from ../subjects/ampersand/todomvc.bundle.js in 6191_PROFILING_INFO_
todomvc.bundle-instrumented.js:8209 _PROFILING_INFO_start function null from ../subjects/ampersand/todomvc.bundle.js in 6496_PROFILING_INFO_
todomvc.bundle-instrumented.js:8028 _PROFILING_INFO_start function null from ../subjects/ampersand/todomvc.bundle.js in 6384_PROFILING_INFO_
todomvc.bundle-instrumented.js:8644 _PROFILING_INFO_start function null from ../subjects/ampersand/todomvc.bundle.js in 7008_PROFILING_INFO_
todomvc.bundle-instrumented.js:4303 _PROFILING_INFO_start function extend from ../subjects/ampersand/todomvc.bundle.js in 3556_PROFILING_INFO_
todomvc.bundle-instrumented.js:4324 _PROFILING_INFO_start function null from ../subjects/ampersand/todomvc.bundle.js in 3578_PROFILING_INFO_
todomvc.bundle-instrumented.js:4340 _PROFILING_INFO_start function processArg from ../subjects/ampersand/todomvc.bundle.js in 3592_PROFILING_INFO_
todomvc.bundle-instrumented.js:4346 _PROFILING_INFO_start function null from ../subjects/ampersand/todomvc.bundle.js in 3594_PROFILING_INFO_
todomvc.bundle-instrumented.js:4356 _PROFILING_INFO_start function null from ../subjects/ampersand/todomvc.bundle.js in 3600_PROFILING_INFO_
todomvc.bundle-instrumented.js:4071 _PROFILING_INFO_start function createPropertyDefinition from ../subjects/ampersand/todomvc.bundle.js in 3368_PROFILING_INFO_
todomvc.bundle-instrumented.js:3863 _PROFILING_INFO_start function null from ../subjects/ampersand/todomvc.bundle.js in 3228_PROFILING_INFO_
todomvc.bundle-instrumented.js:4773 _PROFILING_INFO_start function null from ../subjects/ampersand/todomvc.bundle.js in 3930_PROFILING_INFO_
todomvc.bundle-instrumented.js:5236 _PROFILING_INFO_start function null from ../subjects/ampersand/todomvc.bundle.js in 4292_PROFILING_INFO_
todomvc.bundle-instrumented.js:4376 _PROFILING_INFO_start function null from ../subjects/ampersand/todomvc.bundle.js in 3612_PROFILING_INFO_
todomvc.bundle-instrumented.js:4136 _PROFILING_INFO_start function createDerivedProperty from ../subjects/ampersand/todomvc.bundle.js in 3429_PROFILING_INFO_
todomvc.bundle-instrumented.js:4146 _PROFILING_INFO_start function null from ../subjects/ampersand/todomvc.bundle.js in 3437_PROFILING_INFO_
todomvc.bundle-instrumented.js:4537 _PROFILING_INFO_start function null from ../subjects/ampersand/todomvc.bundle.js in 3736_PROFILING_INFO_
todomvc.bundle-instrumented.js:6170 _PROFILING_INFO_start function null from ../subjects/ampersand/todomvc.bundle.js in 5068_PROFILING_INFO_
todomvc.bundle-instrumented.js:5162 _PROFILING_INFO_start function null from ../subjects/ampersand/todomvc.bundle.js in 4230_PROFILING_INFO_
todomvc.bundle-instrumented.js:5093 _PROFILING_INFO_start function null from ../subjects/ampersand/todomvc.bundle.js in 4170_PROFILING_INFO_
todomvc.bundle-instrumented.js:4741 _PROFILING_INFO_start function null from ../subjects/ampersand/todomvc.bundle.js in 3900_PROFILING_INFO_
todomvc.bundle-instrumented.js:4606 _PROFILING_INFO_start function null from ../subjects/ampersand/todomvc.bundle.js in 3784_PROFILING_INFO_
todomvc.bundle-instrumented.js:5128 _PROFILING_INFO_start function null from ../subjects/ampersand/todomvc.bundle.js in 4200_PROFILING_INFO_
todomvc.bundle-instrumented.js:5889 _PROFILING_INFO_start function null from ../subjects/ampersand/todomvc.bundle.js in 4827_PROFILING_INFO_
todomvc.bundle-instrumented.js:6152 _PROFILING_INFO_start function null from ../subjects/ampersand/todomvc.bundle.js in 5060_PROFILING_INFO_
todomvc.bundle-instrumented.js:440 _PROFILING_INFO_start function null from ../subjects/ampersand/todomvc.bundle.js in 353_PROFILING_INFO_
todomvc.bundle-instrumented.js:321 _PROFILING_INFO_start function null from ../subjects/ampersand/todomvc.bundle.js in 250_PROFILING_INFO_
todomvc.bundle-instrumented.js:8785 _PROFILING_INFO_start function null from ../subjects/ampersand/todomvc.bundle.js in 7125_PROFILING_INFO_
todomvc.bundle-instrumented.js:8790 _PROFILING_INFO_start function null from ../subjects/ampersand/todomvc.bundle.js in 7126_PROFILING_INFO_
todomvc.bundle-instrumented.js:8795 _PROFILING_INFO_start function null from ../subjects/ampersand/todomvc.bundle.js in 7127_PROFILING_INFO_
todomvc.bundle-instrumented.js:8814 _PROFILING_INFO_start function e from ../subjects/ampersand/todomvc.bundle.js in 7127_PROFILING_INFO_
todomvc.bundle-instrumented.js:8819 _PROFILING_INFO_start function s from ../subjects/ampersand/todomvc.bundle.js in 7127_PROFILING_INFO_
todomvc.bundle-instrumented.js:76 _PROFILING_INFO_start function null from ../subjects/ampersand/todomvc.bundle.js in 29_PROFILING_INFO_
todomvc.bundle-instrumented.js:202 _PROFILING_INFO_start function null from ../subjects/ampersand/todomvc.bundle.js in 156_PROFILING_INFO_
todomvc.bundle-instrumented.js:552 _PROFILING_INFO_start function null from ../subjects/ampersand/todomvc.bundle.js in 457_PROFILING_INFO_
todomvc.bundle-instrumented.js:1401 _PROFILING_INFO_start function null from ../subjects/ampersand/todomvc.bundle.js in 1148_PROFILING_INFO_
todomvc.bundle-instrumented.js:1379 _PROFILING_INFO_start function null from ../subjects/ampersand/todomvc.bundle.js in 1137_PROFILING_INFO_
todomvc.bundle-instrumented.js:1384 _PROFILING_INFO_start function null from ../subjects/ampersand/todomvc.bundle.js in 1138_PROFILING_INFO_
todomvc.bundle-instrumented.js:971 _PROFILING_INFO_start function null from ../subjects/ampersand/todomvc.bundle.js in 797_PROFILING_INFO_
todomvc.bundle-instrumented.js:6247 _PROFILING_INFO_start function null from ../subjects/ampersand/todomvc.bundle.js in 5117_PROFILING_INFO_
todomvc.bundle-instrumented.js:6678 _PROFILING_INFO_start function null from ../subjects/ampersand/todomvc.bundle.js in 5387_PROFILING_INFO_
todomvc.bundle-instrumented.js:6668 _PROFILING_INFO_start function null from ../subjects/ampersand/todomvc.bundle.js in 5385_PROFILING_INFO_
todomvc.bundle-instrumented.js:6501 _PROFILING_INFO_start function null from ../subjects/ampersand/todomvc.bundle.js in 5313_PROFILING_INFO_
todomvc.bundle-instrumented.js:6521 _PROFILING_INFO_start function null from ../subjects/ampersand/todomvc.bundle.js in 5317_PROFILING_INFO_
todomvc.bundle-instrumented.js:6573 _PROFILING_INFO_start function null from ../subjects/ampersand/todomvc.bundle.js in 5333_PROFILING_INFO_
todomvc.bundle-instrumented.js:6596 _PROFILING_INFO_start function null from ../subjects/ampersand/todomvc.bundle.js in 5346_PROFILING_INFO_
todomvc.bundle-instrumented.js:8714 _PROFILING_INFO_start function null from ../subjects/ampersand/todomvc.bundle.js in 7063_PROFILING_INFO_
todomvc.bundle-instrumented.js:8768 _PROFILING_INFO_start function null from ../subjects/ampersand/todomvc.bundle.js in 7118_PROFILING_INFO_
todomvc.bundle-instrumented.js:164 _PROFILING_INFO_start function null from ../subjects/ampersand/todomvc.bundle.js in 120_PROFILING_INFO_
todomvc.bundle-instrumented.js:4366 _PROFILING_INFO_start function null from ../subjects/ampersand/todomvc.bundle.js in 3606_PROFILING_INFO_
todomvc.bundle-instrumented.js:1002 _PROFILING_INFO_start function null from ../subjects/ampersand/todomvc.bundle.js in 819_PROFILING_INFO_
todomvc.bundle-instrumented.js:1022 _PROFILING_INFO_start function null from ../subjects/ampersand/todomvc.bundle.js in 840_PROFILING_INFO_
todomvc.bundle-instrumented.js:4386 _PROFILING_INFO_start function null from ../subjects/ampersand/todomvc.bundle.js in 3618_PROFILING_INFO_
todomvc.bundle-instrumented.js:300 _PROFILING_INFO_start function null from ../subjects/ampersand/todomvc.bundle.js in 234_PROFILING_INFO_
todomvc.bundle-instrumented.js:1619 _PROFILING_INFO_start function null from ../subjects/ampersand/todomvc.bundle.js in 1407_PROFILING_INFO_
todomvc.bundle-instrumented.js:1763 _PROFILING_INFO_start function null from ../subjects/ampersand/todomvc.bundle.js in 1523_PROFILING_INFO_
todomvc.bundle-instrumented.js:1793 _PROFILING_INFO_start function null from ../subjects/ampersand/todomvc.bundle.js in 1529_PROFILING_INFO_
todomvc.bundle-instrumented.js:1419 _PROFILING_INFO_start function null from ../subjects/ampersand/todomvc.bundle.js in 1183_PROFILING_INFO_
todomvc.bundle-instrumented.js:1426 _PROFILING_INFO_start function null from ../subjects/ampersand/todomvc.bundle.js in 1192_PROFILING_INFO_
todomvc.bundle-instrumented.js:2548 _PROFILING_INFO_start function null from ../subjects/ampersand/todomvc.bundle.js in 2141_PROFILING_INFO_
todomvc.bundle-instrumented.js:53 _PROFILING_INFO_start function null from ../subjects/ampersand/todomvc.bundle.js in 10_PROFILING_INFO_
todomvc.bundle-instrumented.js:4315 _PROFILING_INFO_start function null from ../subjects/ampersand/todomvc.bundle.js in 3568_PROFILING_INFO_
todomvc.bundle-instrumented.js:3487 _PROFILING_INFO_start function Base from ../subjects/ampersand/todomvc.bundle.js in 2884_PROFILING_INFO_
todomvc.bundle-instrumented.js:6061 _PROFILING_INFO_start function null from ../subjects/ampersand/todomvc.bundle.js in 4951_PROFILING_INFO_
todomvc.bundle-instrumented.js:4468 _PROFILING_INFO_start function KeyTreeStore from ../subjects/ampersand/todomvc.bundle.js in 3660_PROFILING_INFO_
todomvc.bundle-instrumented.js:3973 _PROFILING_INFO_start function null from ../subjects/ampersand/todomvc.bundle.js in 3303_PROFILING_INFO_
todomvc.bundle-instrumented.js:1013 _PROFILING_INFO_start function null from ../subjects/ampersand/todomvc.bundle.js in 830_PROFILING_INFO_
todomvc.bundle-instrumented.js:562 _PROFILING_INFO_start function Collection from ../subjects/ampersand/todomvc.bundle.js in 465_PROFILING_INFO_
todomvc.bundle-instrumented.js:853 _PROFILING_INFO_start function null from ../subjects/ampersand/todomvc.bundle.js in 706_PROFILING_INFO_
todomvc.bundle-instrumented.js:215 _PROFILING_INFO_start function null from ../subjects/ampersand/todomvc.bundle.js in 168_PROFILING_INFO_
todomvc.bundle-instrumented.js:271 _PROFILING_INFO_start function null from ../subjects/ampersand/todomvc.bundle.js in 219_PROFILING_INFO_
todomvc.bundle-instrumented.js:6257 _PROFILING_INFO_start function SubCollection from ../subjects/ampersand/todomvc.bundle.js in 5125_PROFILING_INFO_
todomvc.bundle-instrumented.js:6331 _PROFILING_INFO_start function null from ../subjects/ampersand/todomvc.bundle.js in 5191_PROFILING_INFO_
todomvc.bundle-instrumented.js:6339 _PROFILING_INFO_start function null from ../subjects/ampersand/todomvc.bundle.js in 5197_PROFILING_INFO_
todomvc.bundle-instrumented.js:6370 _PROFILING_INFO_start function null from ../subjects/ampersand/todomvc.bundle.js in 5219_PROFILING_INFO_
todomvc.bundle-instrumented.js:6405 _PROFILING_INFO_start function null from ../subjects/ampersand/todomvc.bundle.js in 5242_PROFILING_INFO_
todomvc.bundle-instrumented.js:5191 _PROFILING_INFO_start function null from ../subjects/ampersand/todomvc.bundle.js in 4253_PROFILING_INFO_
todomvc.bundle-instrumented.js:4715 _PROFILING_INFO_start function null from ../subjects/ampersand/todomvc.bundle.js in 3883_PROFILING_INFO_
todomvc.bundle-instrumented.js:5794 _PROFILING_INFO_start function null from ../subjects/ampersand/todomvc.bundle.js in 4764_PROFILING_INFO_
todomvc.bundle-instrumented.js:5727 _PROFILING_INFO_start function null from ../subjects/ampersand/todomvc.bundle.js in 4674_PROFILING_INFO_
todomvc.bundle-instrumented.js:1299 _PROFILING_INFO_start function null from ../subjects/ampersand/todomvc.bundle.js in 1089_PROFILING_INFO_
todomvc.bundle-instrumented.js:1061 _PROFILING_INFO_start function null from ../subjects/ampersand/todomvc.bundle.js in 896_PROFILING_INFO_
todomvc.bundle-instrumented.js:1122 _PROFILING_INFO_start function null from ../subjects/ampersand/todomvc.bundle.js in 954_PROFILING_INFO_
todomvc.bundle-instrumented.js:1237 _PROFILING_INFO_start function null from ../subjects/ampersand/todomvc.bundle.js in 1046_PROFILING_INFO_
todomvc.bundle-instrumented.js:8720 _PROFILING_INFO_start function debounce from ../subjects/ampersand/todomvc.bundle.js in 7085_PROFILING_INFO_
todomvc.bundle-instrumented.js:3985 _PROFILING_INFO_start function null from ../subjects/ampersand/todomvc.bundle.js in 3311_PROFILING_INFO_
todomvc.bundle-instrumented.js:3907 _PROFILING_INFO_start function null from ../subjects/ampersand/todomvc.bundle.js in 3255_PROFILING_INFO_
todomvc.bundle-instrumented.js:3913 _PROFILING_INFO_start function null from ../subjects/ampersand/todomvc.bundle.js in 3258_PROFILING_INFO_
todomvc.bundle-instrumented.js:3935 _PROFILING_INFO_start function null from ../subjects/ampersand/todomvc.bundle.js in 3276_PROFILING_INFO_
todomvc.bundle-instrumented.js:4475 _PROFILING_INFO_start function null from ../subjects/ampersand/todomvc.bundle.js in 3665_PROFILING_INFO_
todomvc.bundle-instrumented.js:85 _PROFILING_INFO_start function null from ../subjects/ampersand/todomvc.bundle.js in 43_PROFILING_INFO_
todomvc.bundle-instrumented.js:135 _PROFILING_INFO_start function null from ../subjects/ampersand/todomvc.bundle.js in 101_PROFILING_INFO_
todomvc.bundle-instrumented.js:950 _PROFILING_INFO_start function null from ../subjects/ampersand/todomvc.bundle.js in 776_PROFILING_INFO_
todomvc.bundle-instrumented.js:226 _PROFILING_INFO_start function null from ../subjects/ampersand/todomvc.bundle.js in 189_PROFILING_INFO_
todomvc.bundle-instrumented.js:976 _PROFILING_INFO_start function null from ../subjects/ampersand/todomvc.bundle.js in 798_PROFILING_INFO_
todomvc.bundle-instrumented.js:3600 _PROFILING_INFO_start function null from ../subjects/ampersand/todomvc.bundle.js in 2975_PROFILING_INFO_
todomvc.bundle-instrumented.js:3842 _PROFILING_INFO_start function null from ../subjects/ampersand/todomvc.bundle.js in 3213_PROFILING_INFO_
todomvc.bundle-instrumented.js:4031 _PROFILING_INFO_start function null from ../subjects/ampersand/todomvc.bundle.js in 3347_PROFILING_INFO_
todomvc.bundle-instrumented.js:3878 _PROFILING_INFO_start function null from ../subjects/ampersand/todomvc.bundle.js in 3232_PROFILING_INFO_
todomvc.bundle-instrumented.js:5694 _PROFILING_INFO_start function null from ../subjects/ampersand/todomvc.bundle.js in 4648_PROFILING_INFO_
todomvc.bundle-instrumented.js:4118 _PROFILING_INFO_start function null from ../subjects/ampersand/todomvc.bundle.js in 3412_PROFILING_INFO_
todomvc.bundle-instrumented.js:6050 _PROFILING_INFO_start function null from ../subjects/ampersand/todomvc.bundle.js in 4942_PROFILING_INFO_
todomvc.bundle-instrumented.js:3832 _PROFILING_INFO_start function null from ../subjects/ampersand/todomvc.bundle.js in 3205_PROFILING_INFO_
todomvc.bundle-instrumented.js:5903 _PROFILING_INFO_start function null from ../subjects/ampersand/todomvc.bundle.js in 4837_PROFILING_INFO_
todomvc.bundle-instrumented.js:5896 _PROFILING_INFO_start function null from ../subjects/ampersand/todomvc.bundle.js in 4832_PROFILING_INFO_
todomvc.bundle-instrumented.js:3686 _PROFILING_INFO_start function null from ../subjects/ampersand/todomvc.bundle.js in 3085_PROFILING_INFO_
todomvc.bundle-instrumented.js:3701 _PROFILING_INFO_start function null from ../subjects/ampersand/todomvc.bundle.js in 3096_PROFILING_INFO_
todomvc.bundle-instrumented.js:1197 _PROFILING_INFO_start function null from ../subjects/ampersand/todomvc.bundle.js in 1012_PROFILING_INFO_
todomvc.bundle-instrumented.js:1262 _PROFILING_INFO_start function null from ../subjects/ampersand/todomvc.bundle.js in 1072_PROFILING_INFO_
todomvc.bundle-instrumented.js:3943 _PROFILING_INFO_start function null from ../subjects/ampersand/todomvc.bundle.js in 3281_PROFILING_INFO_
todomvc.bundle-instrumented.js:4503 _PROFILING_INFO_start function null from ../subjects/ampersand/todomvc.bundle.js in 3685_PROFILING_INFO_
todomvc.bundle-instrumented.js:3949 _PROFILING_INFO_start function null from ../subjects/ampersand/todomvc.bundle.js in 3283_PROFILING_INFO_
todomvc.bundle-instrumented.js:3920 _PROFILING_INFO_start function null from ../subjects/ampersand/todomvc.bundle.js in 3262_PROFILING_INFO_
todomvc.bundle-instrumented.js:125 _PROFILING_INFO_start function null from ../subjects/ampersand/todomvc.bundle.js in 91_PROFILING_INFO_
todomvc.bundle-instrumented.js:6701 _PROFILING_INFO_start function View from ../subjects/ampersand/todomvc.bundle.js in 5400_PROFILING_INFO_
todomvc.bundle-instrumented.js:3299 _PROFILING_INFO_start function null from ../subjects/ampersand/todomvc.bundle.js in 2717_PROFILING_INFO_
todomvc.bundle-instrumented.js:4111 _PROFILING_INFO_start function null from ../subjects/ampersand/todomvc.bundle.js in 3409_PROFILING_INFO_
todomvc.bundle-instrumented.js:5296 _PROFILING_INFO_start function null from ../subjects/ampersand/todomvc.bundle.js in 4346_PROFILING_INFO_
todomvc.bundle-instrumented.js:6749 _PROFILING_INFO_start function null from ../subjects/ampersand/todomvc.bundle.js in 5434_PROFILING_INFO_
todomvc.bundle-instrumented.js:6759 _PROFILING_INFO_start function null from ../subjects/ampersand/todomvc.bundle.js in 5440_PROFILING_INFO_
todomvc.bundle-instrumented.js:6730 _PROFILING_INFO_start function null from ../subjects/ampersand/todomvc.bundle.js in 5423_PROFILING_INFO_
todomvc.bundle-instrumented.js:6740 _PROFILING_INFO_start function null from ../subjects/ampersand/todomvc.bundle.js in 5429_PROFILING_INFO_
todomvc.bundle-instrumented.js:4267 _PROFILING_INFO_start function null from ../subjects/ampersand/todomvc.bundle.js in 3520_PROFILING_INFO_
todomvc.bundle-instrumented.js:4285 _PROFILING_INFO_start function null from ../subjects/ampersand/todomvc.bundle.js in 3534_PROFILING_INFO_
todomvc.bundle-instrumented.js:3998 _PROFILING_INFO_start function null from ../subjects/ampersand/todomvc.bundle.js in 3322_PROFILING_INFO_
todomvc.bundle-instrumented.js:7689 _PROFILING_INFO_start function null from ../subjects/ampersand/todomvc.bundle.js in 6202_PROFILING_INFO_
todomvc.bundle-instrumented.js:8215 _PROFILING_INFO_start function KeyTreeStore from ../subjects/ampersand/todomvc.bundle.js in 6500_PROFILING_INFO_
todomvc.bundle-instrumented.js:7737 _PROFILING_INFO_start function getBindingFunc from ../subjects/ampersand/todomvc.bundle.js in 6239_PROFILING_INFO_
todomvc.bundle-instrumented.js:7744 _PROFILING_INFO_start function null from ../subjects/ampersand/todomvc.bundle.js in 6242_PROFILING_INFO_
todomvc.bundle-instrumented.js:8222 _PROFILING_INFO_start function null from ../subjects/ampersand/todomvc.bundle.js in 6505_PROFILING_INFO_
todomvc.bundle-instrumented.js:7704 _PROFILING_INFO_start function null from ../subjects/ampersand/todomvc.bundle.js in 6214_PROFILING_INFO_
todomvc.bundle-instrumented.js:6957 _PROFILING_INFO_start function null from ../subjects/ampersand/todomvc.bundle.js in 5622_PROFILING_INFO_
todomvc.bundle-instrumented.js:6881 _PROFILING_INFO_start function null from ../subjects/ampersand/todomvc.bundle.js in 5544_PROFILING_INFO_
todomvc.bundle-instrumented.js:8419 _PROFILING_INFO_start function Events from ../subjects/ampersand/todomvc.bundle.js in 6713_PROFILING_INFO_
todomvc.bundle-instrumented.js:6893 _PROFILING_INFO_start function null from ../subjects/ampersand/todomvc.bundle.js in 5567_PROFILING_INFO_
todomvc.bundle-instrumented.js:3266 _PROFILING_INFO_start function null from ../subjects/ampersand/todomvc.bundle.js in 2696_PROFILING_INFO_
todomvc.bundle-instrumented.js:6906 _PROFILING_INFO_start function null from ../subjects/ampersand/todomvc.bundle.js in 5579_PROFILING_INFO_
todomvc.bundle-instrumented.js:8469 _PROFILING_INFO_start function null from ../subjects/ampersand/todomvc.bundle.js in 6807_PROFILING_INFO_
todomvc.bundle-instrumented.js:8487 _PROFILING_INFO_start function null from ../subjects/ampersand/todomvc.bundle.js in 6829_PROFILING_INFO_
todomvc.bundle-instrumented.js:8442 _PROFILING_INFO_start function null from ../subjects/ampersand/todomvc.bundle.js in 6757_PROFILING_INFO_
todomvc.bundle-instrumented.js:8508 _PROFILING_INFO_start function parse from ../subjects/ampersand/todomvc.bundle.js in 6859_PROFILING_INFO_
todomvc.bundle-instrumented.js:8562 _PROFILING_INFO_start function null from ../subjects/ampersand/todomvc.bundle.js in 6929_PROFILING_INFO_
todomvc.bundle-instrumented.js:8532 _PROFILING_INFO_start function null from ../subjects/ampersand/todomvc.bundle.js in 6883_PROFILING_INFO_
todomvc.bundle-instrumented.js:8434 _PROFILING_INFO_start function null from ../subjects/ampersand/todomvc.bundle.js in 6726_PROFILING_INFO_
todomvc.bundle-instrumented.js:6938 _PROFILING_INFO_start function null from ../subjects/ampersand/todomvc.bundle.js in 5611_PROFILING_INFO_
todomvc.bundle-instrumented.js:8264 _PROFILING_INFO_start function null from ../subjects/ampersand/todomvc.bundle.js in 6539_PROFILING_INFO_
todomvc.bundle-instrumented.js:6948 _PROFILING_INFO_start function null from ../subjects/ampersand/todomvc.bundle.js in 5616_PROFILING_INFO_
todomvc.bundle-instrumented.js:8650 _PROFILING_INFO_start function get from ../subjects/ampersand/todomvc.bundle.js in 7011_PROFILING_INFO_
todomvc.bundle-instrumented.js:2310 _PROFILING_INFO_start function null from ../subjects/ampersand/todomvc.bundle.js in 1950_PROFILING_INFO_
todomvc.bundle-instrumented.js:7945 _PROFILING_INFO_start function null from ../subjects/ampersand/todomvc.bundle.js in 6346_PROFILING_INFO_
todomvc.bundle-instrumented.js:7718 _PROFILING_INFO_start function getMatches from ../subjects/ampersand/todomvc.bundle.js in 6228_PROFILING_INFO_
todomvc.bundle-instrumented.js:8686 _PROFILING_INFO_start function match from ../subjects/ampersand/todomvc.bundle.js in 7053_PROFILING_INFO_
todomvc.bundle-instrumented.js:7950 _PROFILING_INFO_start function null from ../subjects/ampersand/todomvc.bundle.js in 6347_PROFILING_INFO_
todomvc.bundle-instrumented.js:8120 _PROFILING_INFO_start function null from ../subjects/ampersand/todomvc.bundle.js in 6441_PROFILING_INFO_
todomvc.bundle-instrumented.js:8175 _PROFILING_INFO_start function isHidden from ../subjects/ampersand/todomvc.bundle.js in 6478_PROFILING_INFO_
todomvc.bundle-instrumented.js:8113 _PROFILING_INFO_start function null from ../subjects/ampersand/todomvc.bundle.js in 6438_PROFILING_INFO_
todomvc.bundle-instrumented.js:8182 _PROFILING_INFO_start function storeDisplayStyle from ../subjects/ampersand/todomvc.bundle.js in 6482_PROFILING_INFO_
todomvc.bundle-instrumented.js:8106 _PROFILING_INFO_start function null from ../subjects/ampersand/todomvc.bundle.js in 6435_PROFILING_INFO_
todomvc.bundle-instrumented.js:8145 _PROFILING_INFO_start function getString from ../subjects/ampersand/todomvc.bundle.js in 6457_PROFILING_INFO_
todomvc.bundle-instrumented.js:8197 _PROFILING_INFO_start function hide from ../subjects/ampersand/todomvc.bundle.js in 6491_PROFILING_INFO_
todomvc.bundle-instrumented.js:7777 _PROFILING_INFO_start function null from ../subjects/ampersand/todomvc.bundle.js in 6266_PROFILING_INFO_
todomvc.bundle-instrumented.js:4154 _PROFILING_INFO_start function null from ../subjects/ampersand/todomvc.bundle.js in 3443_PROFILING_INFO_
todomvc.bundle-instrumented.js:3959 _PROFILING_INFO_start function null from ../subjects/ampersand/todomvc.bundle.js in 3290_PROFILING_INFO_
todomvc.bundle-instrumented.js:7978 _PROFILING_INFO_start function null from ../subjects/ampersand/todomvc.bundle.js in 6362_PROFILING_INFO_
todomvc.bundle-instrumented.js:7983 _PROFILING_INFO_start function null from ../subjects/ampersand/todomvc.bundle.js in 6363_PROFILING_INFO_
todomvc.bundle-instrumented.js:8137 _PROFILING_INFO_start function null from ../subjects/ampersand/todomvc.bundle.js in 6451_PROFILING_INFO_
todomvc.bundle-instrumented.js:7994 _PROFILING_INFO_start function null from ../subjects/ampersand/todomvc.bundle.js in 6369_PROFILING_INFO_
todomvc.bundle-instrumented.js:7730 _PROFILING_INFO_start function makeArray from ../subjects/ampersand/todomvc.bundle.js in 6235_PROFILING_INFO_
todomvc.bundle-instrumented.js:8001 _PROFILING_INFO_start function null from ../subjects/ampersand/todomvc.bundle.js in 6372_PROFILING_INFO_
todomvc.bundle-instrumented.js:8006 _PROFILING_INFO_start function null from ../subjects/ampersand/todomvc.bundle.js in 6373_PROFILING_INFO_
todomvc.bundle-instrumented.js:8045 _PROFILING_INFO_start function null from ../subjects/ampersand/todomvc.bundle.js in 6391_PROFILING_INFO_
todomvc.bundle-instrumented.js:8065 _PROFILING_INFO_start function null from ../subjects/ampersand/todomvc.bundle.js in 6406_PROFILING_INFO_
todomvc.bundle-instrumented.js:7902 _PROFILING_INFO_start function null from ../subjects/ampersand/todomvc.bundle.js in 6326_PROFILING_INFO_
todomvc.bundle-instrumented.js:7908 _PROFILING_INFO_start function null from ../subjects/ampersand/todomvc.bundle.js in 6328_PROFILING_INFO_
todomvc.bundle-instrumented.js:7913 _PROFILING_INFO_start function null from ../subjects/ampersand/todomvc.bundle.js in 6329_PROFILING_INFO_
todomvc.bundle-instrumented.js:8088 _PROFILING_INFO_start function null from ../subjects/ampersand/todomvc.bundle.js in 6422_PROFILING_INFO_
todomvc.bundle-instrumented.js:8167 _PROFILING_INFO_start function hasBooleanProperty from ../subjects/ampersand/todomvc.bundle.js in 6473_PROFILING_INFO_
todomvc.bundle-instrumented.js:6974 _PROFILING_INFO_start function null from ../subjects/ampersand/todomvc.bundle.js in 5633_PROFILING_INFO_
todomvc.bundle-instrumented.js:392 _PROFILING_INFO_start function null from ../subjects/ampersand/todomvc.bundle.js in 328_PROFILING_INFO_
todomvc.bundle-instrumented.js:6832 _PROFILING_INFO_start function null from ../subjects/ampersand/todomvc.bundle.js in 5507_PROFILING_INFO_
todomvc.bundle-instrumented.js:6804 _PROFILING_INFO_start function null from ../subjects/ampersand/todomvc.bundle.js in 5482_PROFILING_INFO_
todomvc.bundle-instrumented.js:7066 _PROFILING_INFO_start function null from ../subjects/ampersand/todomvc.bundle.js in 5737_PROFILING_INFO_
todomvc.bundle-instrumented.js:7116 _PROFILING_INFO_start function CollectionView from ../subjects/ampersand/todomvc.bundle.js in 5766_PROFILING_INFO_
todomvc.bundle-instrumented.js:2882 _PROFILING_INFO_start function null from ../subjects/ampersand/todomvc.bundle.js in 2388_PROFILING_INFO_
todomvc.bundle-instrumented.js:2889 _PROFILING_INFO_start function null from ../subjects/ampersand/todomvc.bundle.js in 2391_PROFILING_INFO_
todomvc.bundle-instrumented.js:7609 _PROFILING_INFO_start function null from ../subjects/ampersand/todomvc.bundle.js in 6150_PROFILING_INFO_
todomvc.bundle-instrumented.js:7371 _PROFILING_INFO_start function null from ../subjects/ampersand/todomvc.bundle.js in 5957_PROFILING_INFO_
todomvc.bundle-instrumented.js:7138 _PROFILING_INFO_start function null from ../subjects/ampersand/todomvc.bundle.js in 5786_PROFILING_INFO_
todomvc.bundle-instrumented.js:7275 _PROFILING_INFO_start function null from ../subjects/ampersand/todomvc.bundle.js in 5880_PROFILING_INFO_
todomvc.bundle-instrumented.js:6580 _PROFILING_INFO_start function null from ../subjects/ampersand/todomvc.bundle.js in 5335_PROFILING_INFO_
todomvc.bundle-instrumented.js:6914 _PROFILING_INFO_start function null from ../subjects/ampersand/todomvc.bundle.js in 5586_PROFILING_INFO_
todomvc.bundle-instrumented.js:1632 _PROFILING_INFO_start function null from ../subjects/ampersand/todomvc.bundle.js in 1417_PROFILING_INFO_
todomvc.bundle-instrumented.js:1709 _PROFILING_INFO_start function null from ../subjects/ampersand/todomvc.bundle.js in 1485_PROFILING_INFO_
todomvc.bundle-instrumented.js:1655 _PROFILING_INFO_start function null from ../subjects/ampersand/todomvc.bundle.js in 1445_PROFILING_INFO_
todomvc.bundle-instrumented.js:1722 _PROFILING_INFO_start function null from ../subjects/ampersand/todomvc.bundle.js in 1496_PROFILING_INFO_
todomvc.bundle-instrumented.js:1535 _PROFILING_INFO_start function null from ../subjects/ampersand/todomvc.bundle.js in 1328_PROFILING_INFO_
todomvc.bundle-instrumented.js:1649 _PROFILING_INFO_start function null from ../subjects/ampersand/todomvc.bundle.js in 1437_PROFILING_INFO_
todomvc.bundle-instrumented.js:1485 _PROFILING_INFO_start function null from ../subjects/ampersand/todomvc.bundle.js in 1257_PROFILING_INFO_
todomvc.bundle-instrumented.js:1471 _PROFILING_INFO_start function null from ../subjects/ampersand/todomvc.bundle.js in 1244_PROFILING_INFO_
todomvc.bundle-instrumented.js:1452 _PROFILING_INFO_start function null from ../subjects/ampersand/todomvc.bundle.js in 1230_PROFILING_INFO_
todomvc.bundle-instrumented.js:1555 _PROFILING_INFO_start function null from ../subjects/ampersand/todomvc.bundle.js in 1343_PROFILING_INFO_
todomvc.bundle-instrumented.js:1561 _PROFILING_INFO_start function null from ../subjects/ampersand/todomvc.bundle.js in 1345_PROFILING_INFO_
todomvc.bundle-instrumented.js:1669 _PROFILING_INFO_start function null from ../subjects/ampersand/todomvc.bundle.js in 1453_PROFILING_INFO_
todomvc.bundle-instrumented.js:1736 _PROFILING_INFO_start function null from ../subjects/ampersand/todomvc.bundle.js in 1510_PROFILING_INFO_
todomvc.bundle-instrumented.js:1742 _PROFILING_INFO_start function null from ../subjects/ampersand/todomvc.bundle.js in 1512_PROFILING_INFO_
todomvc.bundle-instrumented.js:1683 _PROFILING_INFO_start function null from ../subjects/ampersand/todomvc.bundle.js in 1466_PROFILING_INFO_
todomvc.bundle-instrumented.js:309 _PROFILING_INFO_start function null from ../subjects/ampersand/todomvc.bundle.js in 245_PROFILING_INFO_
todomvc.bundle-instrumented.js:149 _PROFILING_INFO_start function null from ../subjects/ampersand/todomvc.bundle.js in 115_PROFILING_INFO_
todomvc.bundle-instrumented.js:253 _PROFILING_INFO_start function null from ../subjects/ampersand/todomvc.bundle.js in 203_PROFILING_INFO_
todomvc.bundle-instrumented.js:6287 _PROFILING_INFO_start function null from ../subjects/ampersand/todomvc.bundle.js in 5150_PROFILING_INFO_
todomvc.bundle-instrumented.js:4003 _PROFILING_INFO_start function null from ../subjects/ampersand/todomvc.bundle.js in 3323_PROFILING_INFO_
todomvc.bundle-instrumented.js:6964 _PROFILING_INFO_start function null from ../subjects/ampersand/todomvc.bundle.js in 5624_PROFILING_INFO_
base-instrumented.js:160          GET http://localhost:8000/ampersand/learn.json 404 (File not found)
getFile @ base-instrumented.js:160
(anonymous) @ base-instrumented.js:267
(anonymous) @ base-instrumented.js:268
base-instrumented.js:164 _PROFILING_INFO_start function null from ../subjects/ampersand/node_modules/todomvc-common/base.js in 147_PROFILING_INFO_
todomvc.bundle-instrumented.js:8569 _PROFILING_INFO_start function null from ../subjects/ampersand/todomvc.bundle.js in 6932_PROFILING_INFO_
todomvc.bundle-instrumented.js:8602 _PROFILING_INFO_start function null from ../subjects/ampersand/todomvc.bundle.js in 6958_PROFILING_INFO_
todomvc.bundle-instrumented.js:8626 _PROFILING_INFO_start function match from ../subjects/ampersand/todomvc.bundle.js in 7000_PROFILING_INFO_
todomvc.bundle-instrumented.js:8453 _PROFILING_INFO_start function cb from ../subjects/ampersand/todomvc.bundle.js in 6766_PROFILING_INFO_
todomvc.bundle-instrumented.js:400 _PROFILING_INFO_start function null from ../subjects/ampersand/todomvc.bundle.js in 333_PROFILING_INFO_
todomvc.bundle-instrumented.js:598 _PROFILING_INFO_start function null from ../subjects/ampersand/todomvc.bundle.js in 488_PROFILING_INFO_
todomvc.bundle-instrumented.js:643 _PROFILING_INFO_start function null from ../subjects/ampersand/todomvc.bundle.js in 515_PROFILING_INFO_
todomvc.bundle-instrumented.js:591 _PROFILING_INFO_start function null from ../subjects/ampersand/todomvc.bundle.js in 484_PROFILING_INFO_
todomvc.bundle-instrumented.js:743 _PROFILING_INFO_start function null from ../subjects/ampersand/todomvc.bundle.js in 618_PROFILING_INFO_
todomvc.bundle-instrumented.js:869 _PROFILING_INFO_start function null from ../subjects/ampersand/todomvc.bundle.js in 719_PROFILING_INFO_
todomvc.bundle-instrumented.js:3522 _PROFILING_INFO_start function null from ../subjects/ampersand/todomvc.bundle.js in 2916_PROFILING_INFO_
todomvc.bundle-instrumented.js:910 _PROFILING_INFO_start function null from ../subjects/ampersand/todomvc.bundle.js in 750_PROFILING_INFO_
todomvc.bundle-instrumented.js:899 _PROFILING_INFO_start function null from ../subjects/ampersand/todomvc.bundle.js in 742_PROFILING_INFO_
todomvc.bundle-instrumented.js:3721 _PROFILING_INFO_start function null from ../subjects/ampersand/todomvc.bundle.js in 3115_PROFILING_INFO_
todomvc.bundle-instrumented.js:932 _PROFILING_INFO_start function null from ../subjects/ampersand/todomvc.bundle.js in 763_PROFILING_INFO_
todomvc.bundle-instrumented.js:231 _PROFILING_INFO_start function null from ../subjects/ampersand/todomvc.bundle.js in 190_PROFILING_INFO_
todomvc.bundle-instrumented.js:8130 _PROFILING_INFO_start function null from ../subjects/ampersand/todomvc.bundle.js in 6448_PROFILING_INFO_
todomvc.bundle-instrumented.js:8189 _PROFILING_INFO_start function show from ../subjects/ampersand/todomvc.bundle.js in 6486_PROFILING_INFO_
todomvc.bundle-instrumented.js:8097 _PROFILING_INFO_start function null from ../subjects/ampersand/todomvc.bundle.js in 6430_PROFILING_INFO_
todomvc.bundle-instrumented.js:6450 _PROFILING_INFO_start function null from ../subjects/ampersand/todomvc.bundle.js in 5285_PROFILING_INFO_
todomvc.bundle-instrumented.js:4724 _PROFILING_INFO_start function null from ../subjects/ampersand/todomvc.bundle.js in 3887_PROFILING_INFO_
todomvc.bundle-instrumented.js:5197 _PROFILING_INFO_start function null from ../subjects/ampersand/todomvc.bundle.js in 4255_PROFILING_INFO_
todomvc.bundle-instrumented.js:4582 _PROFILING_INFO_start function null from ../subjects/ampersand/todomvc.bundle.js in 3769_PROFILING_INFO_
todomvc.bundle-instrumented.js:6439 _PROFILING_INFO_start function null from ../subjects/ampersand/todomvc.bundle.js in 5275_PROFILING_INFO_
todomvc.bundle-instrumented.js:7189 _PROFILING_INFO_start function null from ../subjects/ampersand/todomvc.bundle.js in 5810_PROFILING_INFO_
todomvc.bundle-instrumented.js:7154 _PROFILING_INFO_start function null from ../subjects/ampersand/todomvc.bundle.js in 5794_PROFILING_INFO_
todomvc.bundle-instrumented.js:1946 _PROFILING_INFO_start function null from ../subjects/ampersand/todomvc.bundle.js in 1687_PROFILING_INFO_
todomvc.bundle-instrumented.js:2018 _PROFILING_INFO_start function null from ../subjects/ampersand/todomvc.bundle.js in 1735_PROFILING_INFO_
todomvc.bundle-instrumented.js:1819 _PROFILING_INFO_start function null from ../subjects/ampersand/todomvc.bundle.js in 1579_PROFILING_INFO_
todomvc.bundle-instrumented.js:3287 _PROFILING_INFO_start function null from ../subjects/ampersand/todomvc.bundle.js in 2706_PROFILING_INFO_
todomvc.bundle-instrumented.js:3390 _PROFILING_INFO_start function null from ../subjects/ampersand/todomvc.bundle.js in 2821_PROFILING_INFO_
todomvc.bundle-instrumented.js:6482 _PROFILING_INFO_start function null from ../subjects/ampersand/todomvc.bundle.js in 5304_PROFILING_INFO_
todomvc.bundle-instrumented.js:6839 _PROFILING_INFO_start function null from ../subjects/ampersand/todomvc.bundle.js in 5513_PROFILING_INFO_
todomvc.bundle-instrumented.js:487 _PROFILING_INFO_start function null from ../subjects/ampersand/todomvc.bundle.js in 416_PROFILING_INFO_
todomvc.bundle-instrumented.js:7022 _PROFILING_INFO_start function null from ../subjects/ampersand/todomvc.bundle.js in 5678_PROFILING_INFO_
todomvc.bundle-instrumented.js:327 _PROFILING_INFO_start function template from ../subjects/ampersand/todomvc.bundle.js in 253_PROFILING_INFO_
todomvc.bundle-instrumented.js:8367 _PROFILING_INFO_start function parse from ../subjects/ampersand/todomvc.bundle.js in 6643_PROFILING_INFO_
todomvc.bundle-instrumented.js:7782 _PROFILING_INFO_start function null from ../subjects/ampersand/todomvc.bundle.js in 6267_PROFILING_INFO_
todomvc.bundle-instrumented.js:8038 _PROFILING_INFO_start function null from ../subjects/ampersand/todomvc.bundle.js in 6387_PROFILING_INFO_
todomvc.bundle-instrumented.js:7830 _PROFILING_INFO_start function null from ../subjects/ampersand/todomvc.bundle.js in 6290_PROFILING_INFO_
todomvc.bundle-instrumented.js:7835 _PROFILING_INFO_start function null from ../subjects/ampersand/todomvc.bundle.js in 6291_PROFILING_INFO_
todomvc.bundle-instrumented.js:7924 _PROFILING_INFO_start function null from ../subjects/ampersand/todomvc.bundle.js in 6337_PROFILING_INFO_
todomvc.bundle-instrumented.js:7929 _PROFILING_INFO_start function null from ../subjects/ampersand/todomvc.bundle.js in 6338_PROFILING_INFO_
todomvc.bundle-instrumented.js:7880 _PROFILING_INFO_start function null from ../subjects/ampersand/todomvc.bundle.js in 6316_PROFILING_INFO_
todomvc.bundle-instrumented.js:7886 _PROFILING_INFO_start function null from ../subjects/ampersand/todomvc.bundle.js in 6318_PROFILING_INFO_
todomvc.bundle-instrumented.js:7891 _PROFILING_INFO_start function null from ../subjects/ampersand/todomvc.bundle.js in 6319_PROFILING_INFO_
todomvc.bundle-instrumented.js:6776 _PROFILING_INFO_start function null from ../subjects/ampersand/todomvc.bundle.js in 5453_PROFILING_INFO_
todomvc.bundle-instrumented.js:7215 _PROFILING_INFO_start function null from ../subjects/ampersand/todomvc.bundle.js in 5829_PROFILING_INFO_
todomvc.bundle-instrumented.js:6305 _PROFILING_INFO_start function null from ../subjects/ampersand/todomvc.bundle.js in 5172_PROFILING_INFO_
todomvc.bundle-instrumented.js:1952 _PROFILING_INFO_start function null from ../subjects/ampersand/todomvc.bundle.js in 1689_PROFILING_INFO_
todomvc.bundle-instrumented.js:7159 _PROFILING_INFO_start function null from ../subjects/ampersand/todomvc.bundle.js in 5795_PROFILING_INFO_
todomvc.bundle-instrumented.js:7282 _PROFILING_INFO_start function null from ../subjects/ampersand/todomvc.bundle.js in 5883_PROFILING_INFO_
todomvc.bundle-instrumented.js:7288 _PROFILING_INFO_start function null from ../subjects/ampersand/todomvc.bundle.js in 5885_PROFILING_INFO_
todomvc.bundle-instrumented.js:7236 _PROFILING_INFO_start function null from ../subjects/ampersand/todomvc.bundle.js in 5851_PROFILING_INFO_
todomvc.bundle-instrumented.js:8746 _PROFILING_INFO_start function debounced from ../subjects/ampersand/todomvc.bundle.js in 7103_PROFILING_INFO_
todomvc.bundle-instrumented.js:8728 _PROFILING_INFO_start function later from ../subjects/ampersand/todomvc.bundle.js in 7089_PROFILING_INFO_
todomvc.bundle-instrumented.js:264 _PROFILING_INFO_start function null from ../subjects/ampersand/todomvc.bundle.js in 216_PROFILING_INFO_
todomvc.bundle-instrumented.js:636 _PROFILING_INFO_start function null from ../subjects/ampersand/todomvc.bundle.js in 511_PROFILING_INFO_
todomvc.bundle-instrumented.js:616 _PROFILING_INFO_start function null from ../subjects/ampersand/todomvc.bundle.js in 498_PROFILING_INFO_
todomvc.bundle-instrumented.js:621 _PROFILING_INFO_start function null from ../subjects/ampersand/todomvc.bundle.js in 499_PROFILING_INFO_
todomvc.bundle-instrumented.js:3578 _PROFILING_INFO_start function null from ../subjects/ampersand/todomvc.bundle.js in 2961_PROFILING_INFO_
todomvc.bundle-instrumented.js:1545 _PROFILING_INFO_start function null from ../subjects/ampersand/todomvc.bundle.js in 1334_PROFILING_INFO_
todomvc.bundle-instrumented.js:6295 _PROFILING_INFO_start function null from ../subjects/ampersand/todomvc.bundle.js in 5165_PROFILING_INFO_
todomvc.bundle-instrumented.js:6376 _PROFILING_INFO_start function null from ../subjects/ampersand/todomvc.bundle.js in 5221_PROFILING_INFO_
todomvc.bundle-instrumented.js:6349 _PROFILING_INFO_start function null from ../subjects/ampersand/todomvc.bundle.js in 5205_PROFILING_INFO_
todomvc.bundle-instrumented.js:6356 _PROFILING_INFO_start function null from ../subjects/ampersand/todomvc.bundle.js in 5210_PROFILING_INFO_
todomvc.bundle-instrumented.js:4656 _PROFILING_INFO_start function null from ../subjects/ampersand/todomvc.bundle.js in 3833_PROFILING_INFO_
todomvc.bundle-instrumented.js:6415 _PROFILING_INFO_start function null from ../subjects/ampersand/todomvc.bundle.js in 5251_PROFILING_INFO_
todomvc.bundle-instrumented.js:6381 _PROFILING_INFO_start function null from ../subjects/ampersand/todomvc.bundle.js in 5222_PROFILING_INFO_
todomvc.bundle-instrumented.js:6432 _PROFILING_INFO_start function null from ../subjects/ampersand/todomvc.bundle.js in 5271_PROFILING_INFO_
todomvc.bundle-instrumented.js:7249 _PROFILING_INFO_start function null from ../subjects/ampersand/todomvc.bundle.js in 5860_PROFILING_INFO_
todomvc.bundle-instrumented.js:7264 _PROFILING_INFO_start function null from ../subjects/ampersand/todomvc.bundle.js in 5873_PROFILING_INFO_
todomvc.bundle-instrumented.js:7059 _PROFILING_INFO_start function null from ../subjects/ampersand/todomvc.bundle.js in 5729_PROFILING_INFO_
todomvc.bundle-instrumented.js:6853 _PROFILING_INFO_start function null from ../subjects/ampersand/todomvc.bundle.js in 5524_PROFILING_INFO_
todomvc.bundle-instrumented.js:1215 _PROFILING_INFO_start function null from ../subjects/ampersand/todomvc.bundle.js in 1025_PROFILING_INFO_
todomvc.bundle-instrumented.js:1163 _PROFILING_INFO_start function null from ../subjects/ampersand/todomvc.bundle.js in 979_PROFILING_INFO_
todomvc.bundle-instrumented.js:6864 _PROFILING_INFO_start function null from ../subjects/ampersand/todomvc.bundle.js in 5532_PROFILING_INFO_
todomvc.bundle-instrumented.js:6869 _PROFILING_INFO_start function null from ../subjects/ampersand/todomvc.bundle.js in 5533_PROFILING_INFO_
todomvc.bundle-instrumented.js:495 _PROFILING_INFO_start function null from ../subjects/ampersand/todomvc.bundle.js in 423_PROFILING_INFO_
todomvc.bundle-instrumented.js:509 _PROFILING_INFO_start function null from ../subjects/ampersand/todomvc.bundle.js in 430_PROFILING_INFO_
todomvc.bundle-instrumented.js:517 _PROFILING_INFO_start function null from ../subjects/ampersand/todomvc.bundle.js in 434_PROFILING_INFO_
todomvc.bundle-instrumented.js:529 _PROFILING_INFO_start function null from ../subjects/ampersand/todomvc.bundle.js in 444_PROFILING_INFO_
todomvc.bundle-instrumented.js:425 _PROFILING_INFO_start function null from ../subjects/ampersand/todomvc.bundle.js in 348_PROFILING_INFO_
todomvc.bundle-instrumented.js:239 _PROFILING_INFO_start function null from ../subjects/ampersand/todomvc.bundle.js in 195_PROFILING_INFO_
todomvc.bundle-instrumented.js:244 _PROFILING_INFO_start function null from ../subjects/ampersand/todomvc.bundle.js in 196_PROFILING_INFO_
todomvc.bundle-instrumented.js:760 _PROFILING_INFO_start function null from ../subjects/ampersand/todomvc.bundle.js in 629_PROFILING_INFO_
todomvc.bundle-instrumented.js:890 _PROFILING_INFO_start function null from ../subjects/ampersand/todomvc.bundle.js in 736_PROFILING_INFO_
todomvc.bundle-instrumented.js:921 _PROFILING_INFO_start function null from ../subjects/ampersand/todomvc.bundle.js in 757_PROFILING_INFO_
todomvc.bundle-instrumented.js:502 _PROFILING_INFO_start function null from ../subjects/ampersand/todomvc.bundle.js in 426_PROFILING_INFO_
todomvc.bundle-instrumented.js:188 _PROFILING_INFO_start function null from ../subjects/ampersand/todomvc.bundle.js in 149_PROFILING_INFO_
todomvc.bundle-instrumented.js:411 _PROFILING_INFO_start function null from ../subjects/ampersand/todomvc.bundle.js in 341_PROFILING_INFO_
todomvc.bundle-instrumented.js:417 _PROFILING_INFO_start function null from ../subjects/ampersand/todomvc.bundle.js in 343_PROFILING_INFO_
