base-instrumented.js:5 _PROFILING_INFO_start function null from ../subjects/ariatemplates/node_modules/todomvc-common/base.js in 2_PROFILING_INFO_
base-instrumented.js:11 _PROFILING_INFO_start function null from ../subjects/ariatemplates/node_modules/todomvc-common/base.js in 8_PROFILING_INFO_
base-instrumented.js:136 _PROFILING_INFO_start function redirect from ../subjects/ariatemplates/node_modules/todomvc-common/base.js in 126_PROFILING_INFO_
base-instrumented.js:153 _PROFILING_INFO_start function getFile from ../subjects/ariatemplates/node_modules/todomvc-common/base.js in 137_PROFILING_INFO_
base-instrumented.js:145 _PROFILING_INFO_start function findRoot from ../subjects/ariatemplates/node_modules/todomvc-common/base.js in 132_PROFILING_INFO_
ariatemplates-1.3.5-instrumented.js:5 _PROFILING_INFO_start function null from ../subjects/ariatemplates/js/lib/aria/ariatemplates-1.3.5.js in 17_PROFILING_INFO_
ariatemplates-1.3.5-instrumented.js:706 _PROFILING_INFO_start function null from ../subjects/ariatemplates/js/lib/aria/ariatemplates-1.3.5.js in 45_PROFILING_INFO_
ariatemplates-1.3.5-instrumented.js:363 _PROFILING_INFO_start function null from ../subjects/ariatemplates/js/lib/aria/ariatemplates-1.3.5.js in 31_PROFILING_INFO_
ariatemplates-1.3.5-instrumented.js:101 _PROFILING_INFO_start function null from ../subjects/ariatemplates/js/lib/aria/ariatemplates-1.3.5.js in 22_PROFILING_INFO_
ariatemplates-1.3.5-instrumented.js:125 _PROFILING_INFO_start function null from ../subjects/ariatemplates/js/lib/aria/ariatemplates-1.3.5.js in 23_PROFILING_INFO_
ariatemplates-1.3.5-instrumented.js:316 _PROFILING_INFO_start function null from ../subjects/ariatemplates/js/lib/aria/ariatemplates-1.3.5.js in 30_PROFILING_INFO_
ariatemplates-1.3.5-instrumented.js:436 _PROFILING_INFO_start function null from ../subjects/ariatemplates/js/lib/aria/ariatemplates-1.3.5.js in 35_PROFILING_INFO_
ariatemplates-1.3.5-instrumented.js:270 _PROFILING_INFO_start function null from ../subjects/ariatemplates/js/lib/aria/ariatemplates-1.3.5.js in 28_PROFILING_INFO_
ariatemplates-1.3.5-instrumented.js:427 _PROFILING_INFO_start function null from ../subjects/ariatemplates/js/lib/aria/ariatemplates-1.3.5.js in 34_PROFILING_INFO_
ariatemplates-1.3.5-instrumented.js:196 _PROFILING_INFO_start function null from ../subjects/ariatemplates/js/lib/aria/ariatemplates-1.3.5.js in 26_PROFILING_INFO_
ariatemplates-1.3.5-instrumented.js:172 _PROFILING_INFO_start function null from ../subjects/ariatemplates/js/lib/aria/ariatemplates-1.3.5.js in 25_PROFILING_INFO_
ariatemplates-1.3.5-instrumented.js:156 _PROFILING_INFO_start function null from ../subjects/ariatemplates/js/lib/aria/ariatemplates-1.3.5.js in 24_PROFILING_INFO_
ariatemplates-1.3.5-instrumented.js:540 _PROFILING_INFO_start function null from ../subjects/ariatemplates/js/lib/aria/ariatemplates-1.3.5.js in 41_PROFILING_INFO_
ariatemplates-1.3.5-instrumented.js:842 _PROFILING_INFO_start function null from ../subjects/ariatemplates/js/lib/aria/ariatemplates-1.3.5.js in 50_PROFILING_INFO_
ariatemplates-1.3.5-instrumented.js:295 _PROFILING_INFO_start function null from ../subjects/ariatemplates/js/lib/aria/ariatemplates-1.3.5.js in 29_PROFILING_INFO_
ariatemplates-1.3.5-instrumented.js:821 _PROFILING_INFO_start function null from ../subjects/ariatemplates/js/lib/aria/ariatemplates-1.3.5.js in 49_PROFILING_INFO_
ariatemplates-1.3.5-instrumented.js:1483 _PROFILING_INFO_start function null from ../subjects/ariatemplates/js/lib/aria/ariatemplates-1.3.5.js in 66_PROFILING_INFO_
ariatemplates-1.3.5-instrumented.js:1575 _PROFILING_INFO_start function null from ../subjects/ariatemplates/js/lib/aria/ariatemplates-1.3.5.js in 68_PROFILING_INFO_
ariatemplates-1.3.5-instrumented.js:1650 _PROFILING_INFO_start function null from ../subjects/ariatemplates/js/lib/aria/ariatemplates-1.3.5.js in 71_PROFILING_INFO_
ariatemplates-1.3.5-instrumented.js:1636 _PROFILING_INFO_start function null from ../subjects/ariatemplates/js/lib/aria/ariatemplates-1.3.5.js in 70_PROFILING_INFO_
ariatemplates-1.3.5-instrumented.js:1684 _PROFILING_INFO_start function null from ../subjects/ariatemplates/js/lib/aria/ariatemplates-1.3.5.js in 72_PROFILING_INFO_
ariatemplates-1.3.5-instrumented.js:1766 _PROFILING_INFO_start function null from ../subjects/ariatemplates/js/lib/aria/ariatemplates-1.3.5.js in 74_PROFILING_INFO_
ariatemplates-1.3.5-instrumented.js:1904 _PROFILING_INFO_start function null from ../subjects/ariatemplates/js/lib/aria/ariatemplates-1.3.5.js in 76_PROFILING_INFO_
ariatemplates-1.3.5-instrumented.js:2181 _PROFILING_INFO_start function null from ../subjects/ariatemplates/js/lib/aria/ariatemplates-1.3.5.js in 86_PROFILING_INFO_
ariatemplates-1.3.5-instrumented.js:2326 _PROFILING_INFO_start function null from ../subjects/ariatemplates/js/lib/aria/ariatemplates-1.3.5.js in 91_PROFILING_INFO_
ariatemplates-1.3.5-instrumented.js:2655 _PROFILING_INFO_start function null from ../subjects/ariatemplates/js/lib/aria/ariatemplates-1.3.5.js in 103_PROFILING_INFO_
ariatemplates-1.3.5-instrumented.js:2671 _PROFILING_INFO_start function null from ../subjects/ariatemplates/js/lib/aria/ariatemplates-1.3.5.js in 105_PROFILING_INFO_
ariatemplates-1.3.5-instrumented.js:2728 _PROFILING_INFO_start function null from ../subjects/ariatemplates/js/lib/aria/ariatemplates-1.3.5.js in 110_PROFILING_INFO_
ariatemplates-1.3.5-instrumented.js:2758 _PROFILING_INFO_start function null from ../subjects/ariatemplates/js/lib/aria/ariatemplates-1.3.5.js in 111_PROFILING_INFO_
ariatemplates-1.3.5-instrumented.js:2859 _PROFILING_INFO_start function null from ../subjects/ariatemplates/js/lib/aria/ariatemplates-1.3.5.js in 115_PROFILING_INFO_
ariatemplates-1.3.5-instrumented.js:3367 _PROFILING_INFO_start function null from ../subjects/ariatemplates/js/lib/aria/ariatemplates-1.3.5.js in 131_PROFILING_INFO_
ariatemplates-1.3.5-instrumented.js:3491 _PROFILING_INFO_start function null from ../subjects/ariatemplates/js/lib/aria/ariatemplates-1.3.5.js in 137_PROFILING_INFO_
ariatemplates-1.3.5-instrumented.js:3639 _PROFILING_INFO_start function null from ../subjects/ariatemplates/js/lib/aria/ariatemplates-1.3.5.js in 143_PROFILING_INFO_
ariatemplates-1.3.5-instrumented.js:1229 _PROFILING_INFO_start function null from ../subjects/ariatemplates/js/lib/aria/ariatemplates-1.3.5.js in 60_PROFILING_INFO_
ariatemplates-1.3.5-instrumented.js:3708 _PROFILING_INFO_start function null from ../subjects/ariatemplates/js/lib/aria/ariatemplates-1.3.5.js in 146_PROFILING_INFO_
ariatemplates-1.3.5-instrumented.js:3739 _PROFILING_INFO_start function null from ../subjects/ariatemplates/js/lib/aria/ariatemplates-1.3.5.js in 147_PROFILING_INFO_
ariatemplates-1.3.5-instrumented.js:3035 _PROFILING_INFO_start function null from ../subjects/ariatemplates/js/lib/aria/ariatemplates-1.3.5.js in 120_PROFILING_INFO_
ariatemplates-1.3.5-instrumented.js:3079 _PROFILING_INFO_start function null from ../subjects/ariatemplates/js/lib/aria/ariatemplates-1.3.5.js in 121_PROFILING_INFO_
ariatemplates-1.3.5-instrumented.js:3659 _PROFILING_INFO_start function null from ../subjects/ariatemplates/js/lib/aria/ariatemplates-1.3.5.js in 144_PROFILING_INFO_
ariatemplates-1.3.5-instrumented.js:1011 _PROFILING_INFO_start function null from ../subjects/ariatemplates/js/lib/aria/ariatemplates-1.3.5.js in 55_PROFILING_INFO_
ariatemplates-1.3.5-instrumented.js:3253 _PROFILING_INFO_start function null from ../subjects/ariatemplates/js/lib/aria/ariatemplates-1.3.5.js in 128_PROFILING_INFO_
ariatemplates-1.3.5-instrumented.js:3690 _PROFILING_INFO_start function null from ../subjects/ariatemplates/js/lib/aria/ariatemplates-1.3.5.js in 145_PROFILING_INFO_
ariatemplates-1.3.5-instrumented.js:3815 _PROFILING_INFO_start function null from ../subjects/ariatemplates/js/lib/aria/ariatemplates-1.3.5.js in 150_PROFILING_INFO_
ariatemplates-1.3.5-instrumented.js:3240 _PROFILING_INFO_start function null from ../subjects/ariatemplates/js/lib/aria/ariatemplates-1.3.5.js in 127_PROFILING_INFO_
ariatemplates-1.3.5-instrumented.js:1128 _PROFILING_INFO_start function null from ../subjects/ariatemplates/js/lib/aria/ariatemplates-1.3.5.js in 58_PROFILING_INFO_
ariatemplates-1.3.5-instrumented.js:903 _PROFILING_INFO_start function null from ../subjects/ariatemplates/js/lib/aria/ariatemplates-1.3.5.js in 51_PROFILING_INFO_
ariatemplates-1.3.5-instrumented.js:3792 _PROFILING_INFO_start function null from ../subjects/ariatemplates/js/lib/aria/ariatemplates-1.3.5.js in 149_PROFILING_INFO_
ariatemplates-1.3.5-instrumented.js:4156 _PROFILING_INFO_start function null from ../subjects/ariatemplates/js/lib/aria/ariatemplates-1.3.5.js in 163_PROFILING_INFO_
ariatemplates-1.3.5-instrumented.js:4257 _PROFILING_INFO_start function null from ../subjects/ariatemplates/js/lib/aria/ariatemplates-1.3.5.js in 167_PROFILING_INFO_
ariatemplates-1.3.5-instrumented.js:4405 _PROFILING_INFO_start function null from ../subjects/ariatemplates/js/lib/aria/ariatemplates-1.3.5.js in 172_PROFILING_INFO_
ariatemplates-1.3.5-instrumented.js:4359 _PROFILING_INFO_start function null from ../subjects/ariatemplates/js/lib/aria/ariatemplates-1.3.5.js in 169_PROFILING_INFO_
ariatemplates-1.3.5-instrumented.js:1176 _PROFILING_INFO_start function null from ../subjects/ariatemplates/js/lib/aria/ariatemplates-1.3.5.js in 59_PROFILING_INFO_
ariatemplates-1.3.5-instrumented.js:4470 _PROFILING_INFO_start function null from ../subjects/ariatemplates/js/lib/aria/ariatemplates-1.3.5.js in 176_PROFILING_INFO_
ariatemplates-1.3.5-instrumented.js:4306 _PROFILING_INFO_start function null from ../subjects/ariatemplates/js/lib/aria/ariatemplates-1.3.5.js in 168_PROFILING_INFO_
ariatemplates-1.3.5-instrumented.js:4726 _PROFILING_INFO_start function null from ../subjects/ariatemplates/js/lib/aria/ariatemplates-1.3.5.js in 185_PROFILING_INFO_
ariatemplates-1.3.5-instrumented.js:5132 _PROFILING_INFO_start function null from ../subjects/ariatemplates/js/lib/aria/ariatemplates-1.3.5.js in 202_PROFILING_INFO_
ariatemplates-1.3.5-instrumented.js:5145 _PROFILING_INFO_start function null from ../subjects/ariatemplates/js/lib/aria/ariatemplates-1.3.5.js in 203_PROFILING_INFO_
ariatemplates-1.3.5-instrumented.js:5487 _PROFILING_INFO_start function null from ../subjects/ariatemplates/js/lib/aria/ariatemplates-1.3.5.js in 220_PROFILING_INFO_
ariatemplates-1.3.5-instrumented.js:6015 _PROFILING_INFO_start function null from ../subjects/ariatemplates/js/lib/aria/ariatemplates-1.3.5.js in 235_PROFILING_INFO_
ariatemplates-1.3.5-instrumented.js:5351 _PROFILING_INFO_start function null from ../subjects/ariatemplates/js/lib/aria/ariatemplates-1.3.5.js in 215_PROFILING_INFO_
ariatemplates-1.3.5-instrumented.js:5441 _PROFILING_INFO_start function null from ../subjects/ariatemplates/js/lib/aria/ariatemplates-1.3.5.js in 218_PROFILING_INFO_
ariatemplates-1.3.5-instrumented.js:5425 _PROFILING_INFO_start function null from ../subjects/ariatemplates/js/lib/aria/ariatemplates-1.3.5.js in 217_PROFILING_INFO_
ariatemplates-1.3.5-instrumented.js:5323 _PROFILING_INFO_start function null from ../subjects/ariatemplates/js/lib/aria/ariatemplates-1.3.5.js in 214_PROFILING_INFO_
ariatemplates-1.3.5-instrumented.js:5275 _PROFILING_INFO_start function null from ../subjects/ariatemplates/js/lib/aria/ariatemplates-1.3.5.js in 210_PROFILING_INFO_
ariatemplates-1.3.5-instrumented.js:5245 _PROFILING_INFO_start function null from ../subjects/ariatemplates/js/lib/aria/ariatemplates-1.3.5.js in 209_PROFILING_INFO_
ariatemplates-1.3.5-instrumented.js:5227 _PROFILING_INFO_start function null from ../subjects/ariatemplates/js/lib/aria/ariatemplates-1.3.5.js in 208_PROFILING_INFO_
ariatemplates-1.3.5-instrumented.js:5401 _PROFILING_INFO_start function null from ../subjects/ariatemplates/js/lib/aria/ariatemplates-1.3.5.js in 216_PROFILING_INFO_
ariatemplates-1.3.5-instrumented.js:5771 _PROFILING_INFO_start function null from ../subjects/ariatemplates/js/lib/aria/ariatemplates-1.3.5.js in 228_PROFILING_INFO_
ariatemplates-1.3.5-instrumented.js:5520 _PROFILING_INFO_start function null from ../subjects/ariatemplates/js/lib/aria/ariatemplates-1.3.5.js in 221_PROFILING_INFO_
ariatemplates-1.3.5-instrumented.js:5870 _PROFILING_INFO_start function null from ../subjects/ariatemplates/js/lib/aria/ariatemplates-1.3.5.js in 232_PROFILING_INFO_
ariatemplates-1.3.5-instrumented.js:5917 _PROFILING_INFO_start function null from ../subjects/ariatemplates/js/lib/aria/ariatemplates-1.3.5.js in 233_PROFILING_INFO_
ariatemplates-1.3.5-instrumented.js:5831 _PROFILING_INFO_start function null from ../subjects/ariatemplates/js/lib/aria/ariatemplates-1.3.5.js in 230_PROFILING_INFO_
ariatemplates-1.3.5-instrumented.js:2355 _PROFILING_INFO_start function null from ../subjects/ariatemplates/js/lib/aria/ariatemplates-1.3.5.js in 93_PROFILING_INFO_
ariatemplates-1.3.5-instrumented.js:2016 _PROFILING_INFO_start function null from ../subjects/ariatemplates/js/lib/aria/ariatemplates-1.3.5.js in 80_PROFILING_INFO_
ariatemplates-1.3.5-instrumented.js:2052 _PROFILING_INFO_start function null from ../subjects/ariatemplates/js/lib/aria/ariatemplates-1.3.5.js in 81_PROFILING_INFO_
ariatemplates-1.3.5-instrumented.js:2060 _PROFILING_INFO_start function null from ../subjects/ariatemplates/js/lib/aria/ariatemplates-1.3.5.js in 82_PROFILING_INFO_
ariatemplates-1.3.5-instrumented.js:2134 _PROFILING_INFO_start function null from ../subjects/ariatemplates/js/lib/aria/ariatemplates-1.3.5.js in 85_PROFILING_INFO_
ariatemplates-1.3.5-instrumented.js:5981 _PROFILING_INFO_start function null from ../subjects/ariatemplates/js/lib/aria/ariatemplates-1.3.5.js in 234_PROFILING_INFO_
ariatemplates-1.3.5-instrumented.js:2096 _PROFILING_INFO_start function null from ../subjects/ariatemplates/js/lib/aria/ariatemplates-1.3.5.js in 84_PROFILING_INFO_
ariatemplates-1.3.5-instrumented.js:2490 _PROFILING_INFO_start function null from ../subjects/ariatemplates/js/lib/aria/ariatemplates-1.3.5.js in 98_PROFILING_INFO_
ariatemplates-1.3.5-instrumented.js:7063 _PROFILING_INFO_start function null from ../subjects/ariatemplates/js/lib/aria/ariatemplates-1.3.5.js in 263_PROFILING_INFO_
ariatemplates-1.3.5-instrumented.js:6976 _PROFILING_INFO_start function null from ../subjects/ariatemplates/js/lib/aria/ariatemplates-1.3.5.js in 260_PROFILING_INFO_
ariatemplates-1.3.5-instrumented.js:5461 _PROFILING_INFO_start function null from ../subjects/ariatemplates/js/lib/aria/ariatemplates-1.3.5.js in 219_PROFILING_INFO_
ariatemplates-1.3.5-instrumented.js:7005 _PROFILING_INFO_start function null from ../subjects/ariatemplates/js/lib/aria/ariatemplates-1.3.5.js in 261_PROFILING_INFO_
ariatemplates-1.3.5-instrumented.js:7151 _PROFILING_INFO_start function null from ../subjects/ariatemplates/js/lib/aria/ariatemplates-1.3.5.js in 266_PROFILING_INFO_
ariatemplates-1.3.5-instrumented.js:7039 _PROFILING_INFO_start function null from ../subjects/ariatemplates/js/lib/aria/ariatemplates-1.3.5.js in 262_PROFILING_INFO_
ariatemplates-1.3.5-instrumented.js:3830 _PROFILING_INFO_start function null from ../subjects/ariatemplates/js/lib/aria/ariatemplates-1.3.5.js in 151_PROFILING_INFO_
ariatemplates-1.3.5-instrumented.js:2533 _PROFILING_INFO_start function null from ../subjects/ariatemplates/js/lib/aria/ariatemplates-1.3.5.js in 100_PROFILING_INFO_
ariatemplates-1.3.5-instrumented.js:2425 _PROFILING_INFO_start function null from ../subjects/ariatemplates/js/lib/aria/ariatemplates-1.3.5.js in 96_PROFILING_INFO_
ariatemplates-1.3.5-instrumented.js:2193 _PROFILING_INFO_start function null from ../subjects/ariatemplates/js/lib/aria/ariatemplates-1.3.5.js in 87_PROFILING_INFO_
ariatemplates-1.3.5-instrumented.js:1251 _PROFILING_INFO_start function null from ../subjects/ariatemplates/js/lib/aria/ariatemplates-1.3.5.js in 61_PROFILING_INFO_
ariatemplates-1.3.5-instrumented.js:2308 _PROFILING_INFO_start function null from ../subjects/ariatemplates/js/lib/aria/ariatemplates-1.3.5.js in 90_PROFILING_INFO_
ariatemplates-1.3.5-instrumented.js:2273 _PROFILING_INFO_start function null from ../subjects/ariatemplates/js/lib/aria/ariatemplates-1.3.5.js in 89_PROFILING_INFO_
base-instrumented.js:160          GET http://localhost:8000/ariatemplates/learn.json 404 (File not found)
getFile @ base-instrumented.js:160
(anonymous) @ base-instrumented.js:267
(anonymous) @ base-instrumented.js:268
base-instrumented.js:164 _PROFILING_INFO_start function null from ../subjects/ariatemplates/node_modules/todomvc-common/base.js in 147_PROFILING_INFO_
ariatemplates-1.3.5-instrumented.js:581 _PROFILING_INFO_start function null from ../subjects/ariatemplates/js/lib/aria/ariatemplates-1.3.5.js in 42_PROFILING_INFO_
ariatemplates-1.3.5-instrumented.js:3543 _PROFILING_INFO_start function null from ../subjects/ariatemplates/js/lib/aria/ariatemplates-1.3.5.js in 140_PROFILING_INFO_
ariatemplates-1.3.5-instrumented.js:3563 _PROFILING_INFO_start function null from ../subjects/ariatemplates/js/lib/aria/ariatemplates-1.3.5.js in 141_PROFILING_INFO_
ariatemplates-1.3.5-instrumented.js:5045 _PROFILING_INFO_start function null from ../subjects/ariatemplates/js/lib/aria/ariatemplates-1.3.5.js in 199_PROFILING_INFO_
ariatemplates-1.3.5-instrumented.js:5057 _PROFILING_INFO_start function null from ../subjects/ariatemplates/js/lib/aria/ariatemplates-1.3.5.js in 200_PROFILING_INFO_
ariatemplates-1.3.5-instrumented.js:3140 _PROFILING_INFO_start function null from ../subjects/ariatemplates/js/lib/aria/ariatemplates-1.3.5.js in 124_PROFILING_INFO_
ariatemplates-1.3.5-instrumented.js:3162 _PROFILING_INFO_start function null from ../subjects/ariatemplates/js/lib/aria/ariatemplates-1.3.5.js in 125_PROFILING_INFO_
ariatemplates-1.3.5-instrumented.js:3093 _PROFILING_INFO_start function null from ../subjects/ariatemplates/js/lib/aria/ariatemplates-1.3.5.js in 123_PROFILING_INFO_
ariatemplates-1.3.5-instrumented.js:3899 _PROFILING_INFO_start function null from ../subjects/ariatemplates/js/lib/aria/ariatemplates-1.3.5.js in 152_PROFILING_INFO_
ariatemplates-1.3.5-instrumented.js:3966 _PROFILING_INFO_start function null from ../subjects/ariatemplates/js/lib/aria/ariatemplates-1.3.5.js in 154_PROFILING_INFO_
ariatemplates-1.3.5-instrumented.js:4048 _PROFILING_INFO_start function null from ../subjects/ariatemplates/js/lib/aria/ariatemplates-1.3.5.js in 159_PROFILING_INFO_
ariatemplates-1.3.5-instrumented.js:4084 _PROFILING_INFO_start function null from ../subjects/ariatemplates/js/lib/aria/ariatemplates-1.3.5.js in 160_PROFILING_INFO_
ariatemplates-1.3.5-instrumented.js:4746 _PROFILING_INFO_start function null from ../subjects/ariatemplates/js/lib/aria/ariatemplates-1.3.5.js in 187_PROFILING_INFO_
ariatemplates-1.3.5-instrumented.js:4791 _PROFILING_INFO_start function null from ../subjects/ariatemplates/js/lib/aria/ariatemplates-1.3.5.js in 189_PROFILING_INFO_
ariatemplates-1.3.5-instrumented.js:1807 _PROFILING_INFO_start function null from ../subjects/ariatemplates/js/lib/aria/ariatemplates-1.3.5.js in 75_PROFILING_INFO_
ariatemplates-1.3.5-instrumented.js:4765 _PROFILING_INFO_start function null from ../subjects/ariatemplates/js/lib/aria/ariatemplates-1.3.5.js in 188_PROFILING_INFO_
ariatemplates-1.3.5-instrumented.js:4822 _PROFILING_INFO_start function null from ../subjects/ariatemplates/js/lib/aria/ariatemplates-1.3.5.js in 191_PROFILING_INFO_
ariatemplates-1.3.5-instrumented.js:4845 _PROFILING_INFO_start function null from ../subjects/ariatemplates/js/lib/aria/ariatemplates-1.3.5.js in 192_PROFILING_INFO_
ariatemplates-1.3.5-instrumented.js:4567 _PROFILING_INFO_start function null from ../subjects/ariatemplates/js/lib/aria/ariatemplates-1.3.5.js in 179_PROFILING_INFO_
ariatemplates-1.3.5-instrumented.js:4585 _PROFILING_INFO_start function null from ../subjects/ariatemplates/js/lib/aria/ariatemplates-1.3.5.js in 180_PROFILING_INFO_
ariatemplates-1.3.5-instrumented.js:4957 _PROFILING_INFO_start function null from ../subjects/ariatemplates/js/lib/aria/ariatemplates-1.3.5.js in 196_PROFILING_INFO_
ariatemplates-1.3.5-instrumented.js:4620 _PROFILING_INFO_start function null from ../subjects/ariatemplates/js/lib/aria/ariatemplates-1.3.5.js in 181_PROFILING_INFO_
ariatemplates-1.3.5-instrumented.js:4973 _PROFILING_INFO_start function null from ../subjects/ariatemplates/js/lib/aria/ariatemplates-1.3.5.js in 197_PROFILING_INFO_
ariatemplates-1.3.5-instrumented.js:4650 _PROFILING_INFO_start function null from ../subjects/ariatemplates/js/lib/aria/ariatemplates-1.3.5.js in 182_PROFILING_INFO_
ariatemplates-1.3.5-instrumented.js:4874 _PROFILING_INFO_start function null from ../subjects/ariatemplates/js/lib/aria/ariatemplates-1.3.5.js in 193_PROFILING_INFO_
ariatemplates-1.3.5-instrumented.js:4888 _PROFILING_INFO_start function null from ../subjects/ariatemplates/js/lib/aria/ariatemplates-1.3.5.js in 194_PROFILING_INFO_
ariatemplates-1.3.5-instrumented.js:5018 _PROFILING_INFO_start function null from ../subjects/ariatemplates/js/lib/aria/ariatemplates-1.3.5.js in 198_PROFILING_INFO_
ariatemplates-1.3.5-instrumented.js:4910 _PROFILING_INFO_start function null from ../subjects/ariatemplates/js/lib/aria/ariatemplates-1.3.5.js in 195_PROFILING_INFO_
ariatemplates-1.3.5-instrumented.js:4109 _PROFILING_INFO_start function null from ../subjects/ariatemplates/js/lib/aria/ariatemplates-1.3.5.js in 161_PROFILING_INFO_
ariatemplates-1.3.5-instrumented.js:3987 _PROFILING_INFO_start function null from ../subjects/ariatemplates/js/lib/aria/ariatemplates-1.3.5.js in 156_PROFILING_INFO_
ariatemplates-1.3.5-instrumented.js:3996 _PROFILING_INFO_start function null from ../subjects/ariatemplates/js/lib/aria/ariatemplates-1.3.5.js in 157_PROFILING_INFO_
ariatemplates-1.3.5-instrumented.js:3197 _PROFILING_INFO_start function null from ../subjects/ariatemplates/js/lib/aria/ariatemplates-1.3.5.js in 126_PROFILING_INFO_
ariatemplates-1.3.5-instrumented.js:5091 _PROFILING_INFO_start function null from ../subjects/ariatemplates/js/lib/aria/ariatemplates-1.3.5.js in 201_PROFILING_INFO_
ariatemplates-1.3.5-instrumented.js:3417 _PROFILING_INFO_start function null from ../subjects/ariatemplates/js/lib/aria/ariatemplates-1.3.5.js in 133_PROFILING_INFO_
ariatemplates-1.3.5-instrumented.js:3610 _PROFILING_INFO_start function null from ../subjects/ariatemplates/js/lib/aria/ariatemplates-1.3.5.js in 142_PROFILING_INFO_
ariatemplates-1.3.5-instrumented.js:1310 _PROFILING_INFO_start function null from ../subjects/ariatemplates/js/lib/aria/ariatemplates-1.3.5.js in 62_PROFILING_INFO_
ariatemplates-1.3.5-instrumented.js:1357 _PROFILING_INFO_start function null from ../subjects/ariatemplates/js/lib/aria/ariatemplates-1.3.5.js in 64_PROFILING_INFO_
ariatemplates-1.3.5-instrumented.js:3322 _PROFILING_INFO_start function null from ../subjects/ariatemplates/js/lib/aria/ariatemplates-1.3.5.js in 130_PROFILING_INFO_
ariatemplates-1.3.5-instrumented.js:3974 _PROFILING_INFO_start function null from ../subjects/ariatemplates/js/lib/aria/ariatemplates-1.3.5.js in 155_PROFILING_INFO_
ariatemplates-1.3.5-instrumented.js:3503 _PROFILING_INFO_start function null from ../subjects/ariatemplates/js/lib/aria/ariatemplates-1.3.5.js in 138_PROFILING_INFO_
ariatemplates-1.3.5-instrumented.js:1594 _PROFILING_INFO_start function null from ../subjects/ariatemplates/js/lib/aria/ariatemplates-1.3.5.js in 69_PROFILING_INFO_
ariatemplates-1.3.5-instrumented.js:1738 _PROFILING_INFO_start function null from ../subjects/ariatemplates/js/lib/aria/ariatemplates-1.3.5.js in 73_PROFILING_INFO_
ariatemplates-1.3.5-instrumented.js:964 _PROFILING_INFO_start function null from ../subjects/ariatemplates/js/lib/aria/ariatemplates-1.3.5.js in 53_PROFILING_INFO_
ariatemplates-1.3.5-instrumented.js:925 _PROFILING_INFO_start function null from ../subjects/ariatemplates/js/lib/aria/ariatemplates-1.3.5.js in 52_PROFILING_INFO_
ariatemplates-1.3.5-instrumented.js:797 _PROFILING_INFO_start function null from ../subjects/ariatemplates/js/lib/aria/ariatemplates-1.3.5.js in 48_PROFILING_INFO_
ariatemplates-1.3.5-instrumented.js:4500 _PROFILING_INFO_start function null from ../subjects/ariatemplates/js/lib/aria/ariatemplates-1.3.5.js in 178_PROFILING_INFO_
ariatemplates-1.3.5-instrumented.js:998 _PROFILING_INFO_start function null from ../subjects/ariatemplates/js/lib/aria/ariatemplates-1.3.5.js in 54_PROFILING_INFO_
ariatemplates-1.3.5-instrumented.js:750 _PROFILING_INFO_start function null from ../subjects/ariatemplates/js/lib/aria/ariatemplates-1.3.5.js in 46_PROFILING_INFO_
ariatemplates-1.3.5-instrumented.js:780 _PROFILING_INFO_start function null from ../subjects/ariatemplates/js/lib/aria/ariatemplates-1.3.5.js in 47_PROFILING_INFO_
ariatemplates-1.3.5-instrumented.js:3389 _PROFILING_INFO_start function null from ../subjects/ariatemplates/js/lib/aria/ariatemplates-1.3.5.js in 132_PROFILING_INFO_
ariatemplates-1.3.5-instrumented.js:664 _PROFILING_INFO_start function null from ../subjects/ariatemplates/js/lib/aria/ariatemplates-1.3.5.js in 44_PROFILING_INFO_
ariatemplates-1.3.5-instrumented.js:2453 _PROFILING_INFO_start function null from ../subjects/ariatemplates/js/lib/aria/ariatemplates-1.3.5.js in 97_PROFILING_INFO_
ariatemplates-1.3.5-instrumented.js:2238 _PROFILING_INFO_start function null from ../subjects/ariatemplates/js/lib/aria/ariatemplates-1.3.5.js in 88_PROFILING_INFO_
ariatemplates-1.3.5-instrumented.js:1119 _PROFILING_INFO_start function null from ../subjects/ariatemplates/js/lib/aria/ariatemplates-1.3.5.js in 57_PROFILING_INFO_
ariatemplates-1.3.5-instrumented.js:1065 _PROFILING_INFO_start function null from ../subjects/ariatemplates/js/lib/aria/ariatemplates-1.3.5.js in 56_PROFILING_INFO_
ariatemplates-1.3.5-instrumented.js:2579 _PROFILING_INFO_start function null from ../subjects/ariatemplates/js/lib/aria/ariatemplates-1.3.5.js in 102_PROFILING_INFO_
ariatemplates-1.3.5-instrumented.js:1337 _PROFILING_INFO_start function null from ../subjects/ariatemplates/js/lib/aria/ariatemplates-1.3.5.js in 63_PROFILING_INFO_
