base-instrumented.js:5 _PROFILING_INFO_start function null from ../subjects/backbone/node_modules/todomvc-common/base.js in 2_PROFILING_INFO_
base-instrumented.js:11 _PROFILING_INFO_start function null from ../subjects/backbone/node_modules/todomvc-common/base.js in 8_PROFILING_INFO_
base-instrumented.js:136 _PROFILING_INFO_start function redirect from ../subjects/backbone/node_modules/todomvc-common/base.js in 126_PROFILING_INFO_
base-instrumented.js:153 _PROFILING_INFO_start function getFile from ../subjects/backbone/node_modules/todomvc-common/base.js in 137_PROFILING_INFO_
base-instrumented.js:145 _PROFILING_INFO_start function findRoot from ../subjects/backbone/node_modules/todomvc-common/base.js in 132_PROFILING_INFO_
jquery-instrumented.js:5 _PROFILING_INFO_start function null from ../subjects/backbone/node_modules/jquery/dist/jquery.js in 15_PROFILING_INFO_
jquery-instrumented.js:24 _PROFILING_INFO_start function null from ../subjects/backbone/node_modules/jquery/dist/jquery.js in 38_PROFILING_INFO_
jquery-instrumented.js:141 _PROFILING_INFO_start function null from ../subjects/backbone/node_modules/jquery/dist/jquery.js in 175_PROFILING_INFO_
jquery-instrumented.js:290 _PROFILING_INFO_start function null from ../subjects/backbone/node_modules/jquery/dist/jquery.js in 359_PROFILING_INFO_
jquery-instrumented.js:430 _PROFILING_INFO_start function isArrayLike from ../subjects/backbone/node_modules/jquery/dist/jquery.js in 529_PROFILING_INFO_
jquery-instrumented.js:249 _PROFILING_INFO_start function null from ../subjects/backbone/node_modules/jquery/dist/jquery.js in 311_PROFILING_INFO_
jquery-instrumented.js:207 _PROFILING_INFO_start function null from ../subjects/backbone/node_modules/jquery/dist/jquery.js in 264_PROFILING_INFO_
jquery-instrumented.js:423 _PROFILING_INFO_start function null from ../subjects/backbone/node_modules/jquery/dist/jquery.js in 525_PROFILING_INFO_
jquery-instrumented.js:441 _PROFILING_INFO_start function null from ../subjects/backbone/node_modules/jquery/dist/jquery.js in 556_PROFILING_INFO_
jquery-instrumented.js:589 _PROFILING_INFO_start function createCache from ../subjects/backbone/node_modules/jquery/dist/jquery.js in 878_PROFILING_INFO_
jquery-instrumented.js:607 _PROFILING_INFO_start function markFunction from ../subjects/backbone/node_modules/jquery/dist/jquery.js in 896_PROFILING_INFO_
jquery-instrumented.js:688 _PROFILING_INFO_start function createPositionalPseudo from ../subjects/backbone/node_modules/jquery/dist/jquery.js in 991_PROFILING_INFO_
jquery-instrumented.js:660 _PROFILING_INFO_start function createInputPseudo from ../subjects/backbone/node_modules/jquery/dist/jquery.js in 969_PROFILING_INFO_
jquery-instrumented.js:674 _PROFILING_INFO_start function createButtonPseudo from ../subjects/backbone/node_modules/jquery/dist/jquery.js in 980_PROFILING_INFO_
jquery-instrumented.js:1590 _PROFILING_INFO_start function setFilters from ../subjects/backbone/node_modules/jquery/dist/jquery.js in 2059_PROFILING_INFO_
jquery-instrumented.js:446 _PROFILING_INFO_start function null from ../subjects/backbone/node_modules/jquery/dist/jquery.js in 588_PROFILING_INFO_
jquery-instrumented.js:729 _PROFILING_INFO_start function null from ../subjects/backbone/node_modules/jquery/dist/jquery.js in 1038_PROFILING_INFO_
jquery-instrumented.js:721 _PROFILING_INFO_start function null from ../subjects/backbone/node_modules/jquery/dist/jquery.js in 1026_PROFILING_INFO_
jquery-instrumented.js:615 _PROFILING_INFO_start function assert from ../subjects/backbone/node_modules/jquery/dist/jquery.js in 905_PROFILING_INFO_
jquery-instrumented.js:748 _PROFILING_INFO_start function null from ../subjects/backbone/node_modules/jquery/dist/jquery.js in 1071_PROFILING_INFO_
jquery-instrumented.js:756 _PROFILING_INFO_start function null from ../subjects/backbone/node_modules/jquery/dist/jquery.js in 1080_PROFILING_INFO_
jquery-instrumented.js:765 _PROFILING_INFO_start function null from ../subjects/backbone/node_modules/jquery/dist/jquery.js in 1092_PROFILING_INFO_
jquery-instrumented.js:854 _PROFILING_INFO_start function null from ../subjects/backbone/node_modules/jquery/dist/jquery.js in 1183_PROFILING_INFO_
jquery-instrumented.js:876 _PROFILING_INFO_start function null from ../subjects/backbone/node_modules/jquery/dist/jquery.js in 1227_PROFILING_INFO_
jquery-instrumented.js:895 _PROFILING_INFO_start function null from ../subjects/backbone/node_modules/jquery/dist/jquery.js in 1258_PROFILING_INFO_
jquery-instrumented.js:1993 _PROFILING_INFO_start function null from ../subjects/backbone/node_modules/jquery/dist/jquery.js in 2628_PROFILING_INFO_
jquery-instrumented.js:2000 _PROFILING_INFO_start function null from ../subjects/backbone/node_modules/jquery/dist/jquery.js in 2636_PROFILING_INFO_
jquery-instrumented.js:2018 _PROFILING_INFO_start function null from ../subjects/backbone/node_modules/jquery/dist/jquery.js in 2649_PROFILING_INFO_
jquery-instrumented.js:2037 _PROFILING_INFO_start function null from ../subjects/backbone/node_modules/jquery/dist/jquery.js in 2663_PROFILING_INFO_
jquery-instrumented.js:39 _PROFILING_INFO_start function null from ../subjects/backbone/node_modules/jquery/dist/jquery.js in 71_PROFILING_INFO_
jquery-instrumented.js:2199 _PROFILING_INFO_start function null from ../subjects/backbone/node_modules/jquery/dist/jquery.js in 2832_PROFILING_INFO_
jquery-instrumented.js:2428 _PROFILING_INFO_start function null from ../subjects/backbone/node_modules/jquery/dist/jquery.js in 3081_PROFILING_INFO_
jquery-instrumented.js:2855 _PROFILING_INFO_start function null from ../subjects/backbone/node_modules/jquery/dist/jquery.js in 3555_PROFILING_INFO_
jquery-instrumented.js:2649 _PROFILING_INFO_start function null from ../subjects/backbone/node_modules/jquery/dist/jquery.js in 3341_PROFILING_INFO_
jquery-instrumented.js:2472 _PROFILING_INFO_start function null from ../subjects/backbone/node_modules/jquery/dist/jquery.js in 3144_PROFILING_INFO_
jquery-instrumented.js:2457 _PROFILING_INFO_start function createOptions from ../subjects/backbone/node_modules/jquery/dist/jquery.js in 3114_PROFILING_INFO_
jquery-instrumented.js:2463 _PROFILING_INFO_start function null from ../subjects/backbone/node_modules/jquery/dist/jquery.js in 3116_PROFILING_INFO_
jquery-instrumented.js:2730 _PROFILING_INFO_start function null from ../subjects/backbone/node_modules/jquery/dist/jquery.js in 3396_PROFILING_INFO_
jquery-instrumented.js:2506 _PROFILING_INFO_start function null from ../subjects/backbone/node_modules/jquery/dist/jquery.js in 3222_PROFILING_INFO_
jquery-instrumented.js:2516 _PROFILING_INFO_start function add from ../subjects/backbone/node_modules/jquery/dist/jquery.js in 3231_PROFILING_INFO_
jquery-instrumented.js:2521 _PROFILING_INFO_start function null from ../subjects/backbone/node_modules/jquery/dist/jquery.js in 3232_PROFILING_INFO_
jquery-instrumented.js:199 _PROFILING_INFO_start function null from ../subjects/backbone/node_modules/jquery/dist/jquery.js in 258_PROFILING_INFO_
jquery-instrumented.js:2721 _PROFILING_INFO_start function null from ../subjects/backbone/node_modules/jquery/dist/jquery.js in 3386_PROFILING_INFO_
jquery-instrumented.js:2918 _PROFILING_INFO_start function Data from ../subjects/backbone/node_modules/jquery/dist/jquery.js in 3660_PROFILING_INFO_
jquery-instrumented.js:3510 _PROFILING_INFO_start function null from ../subjects/backbone/node_modules/jquery/dist/jquery.js in 4399_PROFILING_INFO_
jquery-instrumented.js:4000 _PROFILING_INFO_start function null from ../subjects/backbone/node_modules/jquery/dist/jquery.js in 5055_PROFILING_INFO_
jquery-instrumented.js:4475 _PROFILING_INFO_start function null from ../subjects/backbone/node_modules/jquery/dist/jquery.js in 5555_PROFILING_INFO_
jquery-instrumented.js:4557 _PROFILING_INFO_start function null from ../subjects/backbone/node_modules/jquery/dist/jquery.js in 5683_PROFILING_INFO_
jquery-instrumented.js:4901 _PROFILING_INFO_start function null from ../subjects/backbone/node_modules/jquery/dist/jquery.js in 6205_PROFILING_INFO_
jquery-instrumented.js:4668 _PROFILING_INFO_start function addGetHookIf from ../subjects/backbone/node_modules/jquery/dist/jquery.js in 5845_PROFILING_INFO_
jquery-instrumented.js:4967 _PROFILING_INFO_start function null from ../subjects/backbone/node_modules/jquery/dist/jquery.js in 6273_PROFILING_INFO_
jquery-instrumented.js:5659 _PROFILING_INFO_start function null from ../subjects/backbone/node_modules/jquery/dist/jquery.js in 6990_PROFILING_INFO_
jquery-instrumented.js:5176 _PROFILING_INFO_start function genFx from ../subjects/backbone/node_modules/jquery/dist/jquery.js in 6473_PROFILING_INFO_
jquery-instrumented.js:5680 _PROFILING_INFO_start function null from ../subjects/backbone/node_modules/jquery/dist/jquery.js in 7007_PROFILING_INFO_
jquery-instrumented.js:5769 _PROFILING_INFO_start function null from ../subjects/backbone/node_modules/jquery/dist/jquery.js in 7082_PROFILING_INFO_
jquery-instrumented.js:5891 _PROFILING_INFO_start function null from ../subjects/backbone/node_modules/jquery/dist/jquery.js in 7225_PROFILING_INFO_
jquery-instrumented.js:6016 _PROFILING_INFO_start function null from ../subjects/backbone/node_modules/jquery/dist/jquery.js in 7360_PROFILING_INFO_
jquery-instrumented.js:6276 _PROFILING_INFO_start function null from ../subjects/backbone/node_modules/jquery/dist/jquery.js in 7694_PROFILING_INFO_
jquery-instrumented.js:6420 _PROFILING_INFO_start function null from ../subjects/backbone/node_modules/jquery/dist/jquery.js in 7890_PROFILING_INFO_
jquery-instrumented.js:6447 _PROFILING_INFO_start function null from ../subjects/backbone/node_modules/jquery/dist/jquery.js in 7921_PROFILING_INFO_
jquery-instrumented.js:6518 _PROFILING_INFO_start function addToPrefiltersOrTransports from ../subjects/backbone/node_modules/jquery/dist/jquery.js in 8025_PROFILING_INFO_
jquery-instrumented.js:7046 _PROFILING_INFO_start function null from ../subjects/backbone/node_modules/jquery/dist/jquery.js in 8796_PROFILING_INFO_
jquery-instrumented.js:7297 _PROFILING_INFO_start function null from ../subjects/backbone/node_modules/jquery/dist/jquery.js in 9034_PROFILING_INFO_
jquery-instrumented.js:6523 _PROFILING_INFO_start function null from ../subjects/backbone/node_modules/jquery/dist/jquery.js in 8028_PROFILING_INFO_
jquery-instrumented.js:6738 _PROFILING_INFO_start function null from ../subjects/backbone/node_modules/jquery/dist/jquery.js in 8341_PROFILING_INFO_
jquery-instrumented.js:6576 _PROFILING_INFO_start function ajaxExtend from ../subjects/backbone/node_modules/jquery/dist/jquery.js in 8088_PROFILING_INFO_
jquery-instrumented.js:222 _PROFILING_INFO_start function null from ../subjects/backbone/node_modules/jquery/dist/jquery.js in 278_PROFILING_INFO_
jquery-instrumented.js:7629 _PROFILING_INFO_start function null from ../subjects/backbone/node_modules/jquery/dist/jquery.js in 9469_PROFILING_INFO_
jquery-instrumented.js:7782 _PROFILING_INFO_start function null from ../subjects/backbone/node_modules/jquery/dist/jquery.js in 9643_PROFILING_INFO_
jquery-instrumented.js:7813 _PROFILING_INFO_start function null from ../subjects/backbone/node_modules/jquery/dist/jquery.js in 9673_PROFILING_INFO_
jquery-instrumented.js:7832 _PROFILING_INFO_start function null from ../subjects/backbone/node_modules/jquery/dist/jquery.js in 9690_PROFILING_INFO_
jquery-instrumented.js:7841 _PROFILING_INFO_start function null from ../subjects/backbone/node_modules/jquery/dist/jquery.js in 9692_PROFILING_INFO_
base-instrumented.js:160          GET http://localhost:8000/backbone/learn.json 404 (File not found)
getFile @ base-instrumented.js:160
(anonymous) @ base-instrumented.js:267
(anonymous) @ base-instrumented.js:268
base-instrumented.js:164 _PROFILING_INFO_start function null from ../subjects/backbone/node_modules/todomvc-common/base.js in 147_PROFILING_INFO_
underscore-instrumented.js:5 _PROFILING_INFO_start function null from ../subjects/backbone/node_modules/underscore/underscore.js in 1_PROFILING_INFO_
underscore-instrumented.js:10 _PROFILING_INFO_start function null from ../subjects/backbone/node_modules/underscore/underscore.js in 4_PROFILING_INFO_
underscore-instrumented.js:26 _PROFILING_INFO_start function null from ../subjects/backbone/node_modules/underscore/underscore.js in 9_PROFILING_INFO_
underscore-instrumented.js:116 _PROFILING_INFO_start function tagTester from ../subjects/backbone/node_modules/underscore/underscore.js in 114_PROFILING_INFO_
underscore-instrumented.js:122 _PROFILING_INFO_start function null from ../subjects/backbone/node_modules/underscore/underscore.js in 116_PROFILING_INFO_
underscore-instrumented.js:169 _PROFILING_INFO_start function null from ../subjects/backbone/node_modules/underscore/underscore.js in 181_PROFILING_INFO_
underscore-instrumented.js:226 _PROFILING_INFO_start function shallowProperty from ../subjects/backbone/node_modules/underscore/underscore.js in 217_PROFILING_INFO_
underscore-instrumented.js:212 _PROFILING_INFO_start function createSizePropertyCheck from ../subjects/backbone/node_modules/underscore/underscore.js in 209_PROFILING_INFO_
underscore-instrumented.js:585 _PROFILING_INFO_start function createAssigner from ../subjects/backbone/node_modules/underscore/underscore.js in 575_PROFILING_INFO_
underscore-instrumented.js:888 _PROFILING_INFO_start function createEscaper from ../subjects/backbone/node_modules/underscore/underscore.js in 808_PROFILING_INFO_
underscore-instrumented.js:296 _PROFILING_INFO_start function keys from ../subjects/backbone/node_modules/underscore/underscore.js in 283_PROFILING_INFO_
underscore-instrumented.js:80 _PROFILING_INFO_start function isObject from ../subjects/backbone/node_modules/underscore/underscore.js in 88_PROFILING_INFO_
underscore-instrumented.js:561 _PROFILING_INFO_start function invert from ../subjects/backbone/node_modules/underscore/underscore.js in 556_PROFILING_INFO_
underscore-instrumented.js:49 _PROFILING_INFO_start function restArguments from ../subjects/backbone/node_modules/underscore/underscore.js in 64_PROFILING_INFO_
underscore-instrumented.js:55 _PROFILING_INFO_start function null from ../subjects/backbone/node_modules/underscore/underscore.js in 66_PROFILING_INFO_
underscore-instrumented.js:1055 _PROFILING_INFO_start function null from ../subjects/backbone/node_modules/underscore/underscore.js in 997_PROFILING_INFO_
underscore-instrumented.js:1362 _PROFILING_INFO_start function createPredicateIndexFinder from ../subjects/backbone/node_modules/underscore/underscore.js in 1242_PROFILING_INFO_
underscore-instrumented.js:1401 _PROFILING_INFO_start function createIndexFinder from ../subjects/backbone/node_modules/underscore/underscore.js in 1274_PROFILING_INFO_
underscore-instrumented.js:1484 _PROFILING_INFO_start function createReduce from ../subjects/backbone/node_modules/underscore/underscore.js in 1355_PROFILING_INFO_
underscore-instrumented.js:1762 _PROFILING_INFO_start function group from ../subjects/backbone/node_modules/underscore/underscore.js in 1578_PROFILING_INFO_
underscore-instrumented.js:1452 _PROFILING_INFO_start function each from ../subjects/backbone/node_modules/underscore/underscore.js in 1325_PROFILING_INFO_
underscore-instrumented.js:754 _PROFILING_INFO_start function optimizeCb from ../subjects/backbone/node_modules/underscore/underscore.js in 715_PROFILING_INFO_
underscore-instrumented.js:217 _PROFILING_INFO_start function null from ../subjects/backbone/node_modules/underscore/underscore.js in 210_PROFILING_INFO_
underscore-instrumented.js:231 _PROFILING_INFO_start function null from ../subjects/backbone/node_modules/underscore/underscore.js in 218_PROFILING_INFO_
underscore-instrumented.js:2114 _PROFILING_INFO_start function null from ../subjects/backbone/node_modules/underscore/underscore.js in 1856_PROFILING_INFO_
underscore-instrumented.js:2139 _PROFILING_INFO_start function null from ../subjects/backbone/node_modules/underscore/underscore.js in 1871_PROFILING_INFO_
underscore-instrumented.js:2083 _PROFILING_INFO_start function mixin from ../subjects/backbone/node_modules/underscore/underscore.js in 1843_PROFILING_INFO_
underscore-instrumented.js:573 _PROFILING_INFO_start function functions from ../subjects/backbone/node_modules/underscore/underscore.js in 566_PROFILING_INFO_
underscore-instrumented.js:140 _PROFILING_INFO_start function null from ../subjects/backbone/node_modules/underscore/underscore.js in 141_PROFILING_INFO_
underscore-instrumented.js:2088 _PROFILING_INFO_start function null from ../subjects/backbone/node_modules/underscore/underscore.js in 1844_PROFILING_INFO_
backbone-instrumented.js:5 _PROFILING_INFO_start function null from ../subjects/backbone/node_modules/backbone/backbone.js in 8_PROFILING_INFO_
backbone-instrumented.js:33 _PROFILING_INFO_start function null from ../subjects/backbone/node_modules/backbone/backbone.js in 34_PROFILING_INFO_
underscore-instrumented.js:590 _PROFILING_INFO_start function null from ../subjects/backbone/node_modules/underscore/underscore.js in 576_PROFILING_INFO_
underscore-instrumented.js:482 _PROFILING_INFO_start function allKeys from ../subjects/backbone/node_modules/underscore/underscore.js in 481_PROFILING_INFO_
underscore-instrumented.js:80 _PROFILING_INFO_start function isObject from ../subjects/backbone/node_modules/underscore/underscore.js in 88_PROFILING_INFO_
underscore-instrumented.js:1452 _PROFILING_INFO_start function each from ../subjects/backbone/node_modules/underscore/underscore.js in 1325_PROFILING_INFO_
underscore-instrumented.js:754 _PROFILING_INFO_start function optimizeCb from ../subjects/backbone/node_modules/underscore/underscore.js in 715_PROFILING_INFO_
underscore-instrumented.js:217 _PROFILING_INFO_start function null from ../subjects/backbone/node_modules/underscore/underscore.js in 210_PROFILING_INFO_
underscore-instrumented.js:231 _PROFILING_INFO_start function null from ../subjects/backbone/node_modules/underscore/underscore.js in 218_PROFILING_INFO_
backbone-instrumented.js:1658 _PROFILING_INFO_start function null from ../subjects/backbone/node_modules/backbone/backbone.js in 1532_PROFILING_INFO_
backbone-instrumented.js:1539 _PROFILING_INFO_start function null from ../subjects/backbone/node_modules/backbone/backbone.js in 1489_PROFILING_INFO_
underscore-instrumented.js:296 _PROFILING_INFO_start function keys from ../subjects/backbone/node_modules/underscore/underscore.js in 283_PROFILING_INFO_
backbone-instrumented.js:1544 _PROFILING_INFO_start function null from ../subjects/backbone/node_modules/backbone/backbone.js in 1490_PROFILING_INFO_
backbone-instrumented.js:1489 _PROFILING_INFO_start function null from ../subjects/backbone/node_modules/backbone/backbone.js in 1467_PROFILING_INFO_
backbone-instrumented.js:1870 _PROFILING_INFO_start function null from ../subjects/backbone/node_modules/backbone/backbone.js in 1755_PROFILING_INFO_
backbone.localStorage-instrumented.js:5 _PROFILING_INFO_start function null from ../subjects/backbone/node_modules/backbone.localstorage/backbone.localStorage.js in 7_PROFILING_INFO_
backbone.localStorage-instrumented.js:23 _PROFILING_INFO_start function null from ../subjects/backbone/node_modules/backbone.localstorage/backbone.localStorage.js in 19_PROFILING_INFO_
backbone.localStorage-instrumented.js:62 _PROFILING_INFO_start function extend from ../subjects/backbone/node_modules/backbone.localstorage/backbone.localStorage.js in 44_PROFILING_INFO_
todo-instrumented.js:6 _PROFILING_INFO_start function null from ../subjects/backbone/js/models/todo.js in 4_PROFILING_INFO_
backbone-instrumented.js:2126 _PROFILING_INFO_start function null from ../subjects/backbone/node_modules/backbone/backbone.js in 2060_PROFILING_INFO_
underscore-instrumented.js:704 _PROFILING_INFO_start function has from ../subjects/backbone/node_modules/underscore/underscore.js in 678_PROFILING_INFO_
underscore-instrumented.js:676 _PROFILING_INFO_start function toPath from ../subjects/backbone/node_modules/underscore/underscore.js in 652_PROFILING_INFO_
underscore-instrumented.js:668 _PROFILING_INFO_start function toPath$1 from ../subjects/backbone/node_modules/underscore/underscore.js in 645_PROFILING_INFO_
underscore-instrumented.js:161 _PROFILING_INFO_start function has$1 from ../subjects/backbone/node_modules/underscore/underscore.js in 173_PROFILING_INFO_
underscore-instrumented.js:590 _PROFILING_INFO_start function null from ../subjects/backbone/node_modules/underscore/underscore.js in 576_PROFILING_INFO_
underscore-instrumented.js:482 _PROFILING_INFO_start function allKeys from ../subjects/backbone/node_modules/underscore/underscore.js in 481_PROFILING_INFO_
underscore-instrumented.js:80 _PROFILING_INFO_start function isObject from ../subjects/backbone/node_modules/underscore/underscore.js in 88_PROFILING_INFO_
underscore-instrumented.js:641 _PROFILING_INFO_start function create from ../subjects/backbone/node_modules/underscore/underscore.js in 623_PROFILING_INFO_
underscore-instrumented.js:626 _PROFILING_INFO_start function baseCreate from ../subjects/backbone/node_modules/underscore/underscore.js in 610_PROFILING_INFO_
underscore-instrumented.js:296 _PROFILING_INFO_start function keys from ../subjects/backbone/node_modules/underscore/underscore.js in 283_PROFILING_INFO_
todos-instrumented.js:6 _PROFILING_INFO_start function null from ../subjects/backbone/js/collections/todos.js in 4_PROFILING_INFO_
backbone.localStorage-instrumented.js:81 _PROFILING_INFO_start function null from ../subjects/backbone/node_modules/backbone.localstorage/backbone.localStorage.js in 58_PROFILING_INFO_
backbone.localStorage-instrumented.js:180 _PROFILING_INFO_start function null from ../subjects/backbone/node_modules/backbone.localstorage/backbone.localStorage.js in 136_PROFILING_INFO_
backbone-instrumented.js:2126 _PROFILING_INFO_start function null from ../subjects/backbone/node_modules/backbone/backbone.js in 2060_PROFILING_INFO_
underscore-instrumented.js:704 _PROFILING_INFO_start function has from ../subjects/backbone/node_modules/underscore/underscore.js in 678_PROFILING_INFO_
underscore-instrumented.js:676 _PROFILING_INFO_start function toPath from ../subjects/backbone/node_modules/underscore/underscore.js in 652_PROFILING_INFO_
underscore-instrumented.js:668 _PROFILING_INFO_start function toPath$1 from ../subjects/backbone/node_modules/underscore/underscore.js in 645_PROFILING_INFO_
underscore-instrumented.js:161 _PROFILING_INFO_start function has$1 from ../subjects/backbone/node_modules/underscore/underscore.js in 173_PROFILING_INFO_
underscore-instrumented.js:590 _PROFILING_INFO_start function null from ../subjects/backbone/node_modules/underscore/underscore.js in 576_PROFILING_INFO_
underscore-instrumented.js:482 _PROFILING_INFO_start function allKeys from ../subjects/backbone/node_modules/underscore/underscore.js in 481_PROFILING_INFO_
underscore-instrumented.js:80 _PROFILING_INFO_start function isObject from ../subjects/backbone/node_modules/underscore/underscore.js in 88_PROFILING_INFO_
underscore-instrumented.js:641 _PROFILING_INFO_start function create from ../subjects/backbone/node_modules/underscore/underscore.js in 623_PROFILING_INFO_
underscore-instrumented.js:626 _PROFILING_INFO_start function baseCreate from ../subjects/backbone/node_modules/underscore/underscore.js in 610_PROFILING_INFO_
underscore-instrumented.js:296 _PROFILING_INFO_start function keys from ../subjects/backbone/node_modules/underscore/underscore.js in 283_PROFILING_INFO_
backbone-instrumented.js:2136 _PROFILING_INFO_start function null from ../subjects/backbone/node_modules/backbone/backbone.js in 2070_PROFILING_INFO_
backbone-instrumented.js:732 _PROFILING_INFO_start function null from ../subjects/backbone/node_modules/backbone/backbone.js in 762_PROFILING_INFO_
backbone-instrumented.js:775 _PROFILING_INFO_start function null from ../subjects/backbone/node_modules/backbone/backbone.js in 797_PROFILING_INFO_
backbone-instrumented.js:1157 _PROFILING_INFO_start function null from ../subjects/backbone/node_modules/backbone/backbone.js in 1126_PROFILING_INFO_
backbone-instrumented.js:781 _PROFILING_INFO_start function null from ../subjects/backbone/node_modules/backbone/backbone.js in 801_PROFILING_INFO_
todo-view-instrumented.js:6 _PROFILING_INFO_start function null from ../subjects/backbone/js/views/todo-view.js in 4_PROFILING_INFO_
jquery-instrumented.js:39 _PROFILING_INFO_start function null from ../subjects/backbone/node_modules/jquery/dist/jquery.js in 71_PROFILING_INFO_
jquery-instrumented.js:2199 _PROFILING_INFO_start function null from ../subjects/backbone/node_modules/jquery/dist/jquery.js in 2832_PROFILING_INFO_
jquery-instrumented.js:4412 _PROFILING_INFO_start function null from ../subjects/backbone/node_modules/jquery/dist/jquery.js in 5491_PROFILING_INFO_
jquery-instrumented.js:2872 _PROFILING_INFO_start function null from ../subjects/backbone/node_modules/jquery/dist/jquery.js in 3590_PROFILING_INFO_
jquery-instrumented.js:249 _PROFILING_INFO_start function null from ../subjects/backbone/node_modules/jquery/dist/jquery.js in 311_PROFILING_INFO_
jquery-instrumented.js:4417 _PROFILING_INFO_start function null from ../subjects/backbone/node_modules/jquery/dist/jquery.js in 5492_PROFILING_INFO_
underscore-instrumented.js:946 _PROFILING_INFO_start function template from ../subjects/backbone/node_modules/underscore/underscore.js in 882_PROFILING_INFO_
underscore-instrumented.js:590 _PROFILING_INFO_start function null from ../subjects/backbone/node_modules/underscore/underscore.js in 576_PROFILING_INFO_
underscore-instrumented.js:482 _PROFILING_INFO_start function allKeys from ../subjects/backbone/node_modules/underscore/underscore.js in 481_PROFILING_INFO_
underscore-instrumented.js:80 _PROFILING_INFO_start function isObject from ../subjects/backbone/node_modules/underscore/underscore.js in 88_PROFILING_INFO_
underscore-instrumented.js:961 _PROFILING_INFO_start function null from ../subjects/backbone/node_modules/underscore/underscore.js in 896_PROFILING_INFO_
underscore-instrumented.js:938 _PROFILING_INFO_start function escapeChar from ../subjects/backbone/node_modules/underscore/underscore.js in 867_PROFILING_INFO_
backbone-instrumented.js:2126 _PROFILING_INFO_start function null from ../subjects/backbone/node_modules/backbone/backbone.js in 2060_PROFILING_INFO_
underscore-instrumented.js:704 _PROFILING_INFO_start function has from ../subjects/backbone/node_modules/underscore/underscore.js in 678_PROFILING_INFO_
underscore-instrumented.js:676 _PROFILING_INFO_start function toPath from ../subjects/backbone/node_modules/underscore/underscore.js in 652_PROFILING_INFO_
underscore-instrumented.js:668 _PROFILING_INFO_start function toPath$1 from ../subjects/backbone/node_modules/underscore/underscore.js in 645_PROFILING_INFO_
underscore-instrumented.js:161 _PROFILING_INFO_start function has$1 from ../subjects/backbone/node_modules/underscore/underscore.js in 173_PROFILING_INFO_
underscore-instrumented.js:641 _PROFILING_INFO_start function create from ../subjects/backbone/node_modules/underscore/underscore.js in 623_PROFILING_INFO_
underscore-instrumented.js:626 _PROFILING_INFO_start function baseCreate from ../subjects/backbone/node_modules/underscore/underscore.js in 610_PROFILING_INFO_
underscore-instrumented.js:296 _PROFILING_INFO_start function keys from ../subjects/backbone/node_modules/underscore/underscore.js in 283_PROFILING_INFO_
app-view-instrumented.js:6 _PROFILING_INFO_start function null from ../subjects/backbone/js/views/app-view.js in 4_PROFILING_INFO_
jquery-instrumented.js:39 _PROFILING_INFO_start function null from ../subjects/backbone/node_modules/jquery/dist/jquery.js in 71_PROFILING_INFO_
jquery-instrumented.js:2199 _PROFILING_INFO_start function null from ../subjects/backbone/node_modules/jquery/dist/jquery.js in 2832_PROFILING_INFO_
jquery-instrumented.js:4412 _PROFILING_INFO_start function null from ../subjects/backbone/node_modules/jquery/dist/jquery.js in 5491_PROFILING_INFO_
jquery-instrumented.js:2872 _PROFILING_INFO_start function null from ../subjects/backbone/node_modules/jquery/dist/jquery.js in 3590_PROFILING_INFO_
jquery-instrumented.js:249 _PROFILING_INFO_start function null from ../subjects/backbone/node_modules/jquery/dist/jquery.js in 311_PROFILING_INFO_
jquery-instrumented.js:4417 _PROFILING_INFO_start function null from ../subjects/backbone/node_modules/jquery/dist/jquery.js in 5492_PROFILING_INFO_
underscore-instrumented.js:946 _PROFILING_INFO_start function template from ../subjects/backbone/node_modules/underscore/underscore.js in 882_PROFILING_INFO_
underscore-instrumented.js:590 _PROFILING_INFO_start function null from ../subjects/backbone/node_modules/underscore/underscore.js in 576_PROFILING_INFO_
underscore-instrumented.js:482 _PROFILING_INFO_start function allKeys from ../subjects/backbone/node_modules/underscore/underscore.js in 481_PROFILING_INFO_
underscore-instrumented.js:80 _PROFILING_INFO_start function isObject from ../subjects/backbone/node_modules/underscore/underscore.js in 88_PROFILING_INFO_
underscore-instrumented.js:961 _PROFILING_INFO_start function null from ../subjects/backbone/node_modules/underscore/underscore.js in 896_PROFILING_INFO_
underscore-instrumented.js:938 _PROFILING_INFO_start function escapeChar from ../subjects/backbone/node_modules/underscore/underscore.js in 867_PROFILING_INFO_
backbone-instrumented.js:2126 _PROFILING_INFO_start function null from ../subjects/backbone/node_modules/backbone/backbone.js in 2060_PROFILING_INFO_
underscore-instrumented.js:704 _PROFILING_INFO_start function has from ../subjects/backbone/node_modules/underscore/underscore.js in 678_PROFILING_INFO_
underscore-instrumented.js:676 _PROFILING_INFO_start function toPath from ../subjects/backbone/node_modules/underscore/underscore.js in 652_PROFILING_INFO_
underscore-instrumented.js:668 _PROFILING_INFO_start function toPath$1 from ../subjects/backbone/node_modules/underscore/underscore.js in 645_PROFILING_INFO_
underscore-instrumented.js:161 _PROFILING_INFO_start function has$1 from ../subjects/backbone/node_modules/underscore/underscore.js in 173_PROFILING_INFO_
underscore-instrumented.js:641 _PROFILING_INFO_start function create from ../subjects/backbone/node_modules/underscore/underscore.js in 623_PROFILING_INFO_
underscore-instrumented.js:626 _PROFILING_INFO_start function baseCreate from ../subjects/backbone/node_modules/underscore/underscore.js in 610_PROFILING_INFO_
underscore-instrumented.js:296 _PROFILING_INFO_start function keys from ../subjects/backbone/node_modules/underscore/underscore.js in 283_PROFILING_INFO_
router-instrumented.js:6 _PROFILING_INFO_start function null from ../subjects/backbone/js/routers/router.js in 4_PROFILING_INFO_
backbone-instrumented.js:2126 _PROFILING_INFO_start function null from ../subjects/backbone/node_modules/backbone/backbone.js in 2060_PROFILING_INFO_
underscore-instrumented.js:704 _PROFILING_INFO_start function has from ../subjects/backbone/node_modules/underscore/underscore.js in 678_PROFILING_INFO_
underscore-instrumented.js:676 _PROFILING_INFO_start function toPath from ../subjects/backbone/node_modules/underscore/underscore.js in 652_PROFILING_INFO_
underscore-instrumented.js:668 _PROFILING_INFO_start function toPath$1 from ../subjects/backbone/node_modules/underscore/underscore.js in 645_PROFILING_INFO_
underscore-instrumented.js:161 _PROFILING_INFO_start function has$1 from ../subjects/backbone/node_modules/underscore/underscore.js in 173_PROFILING_INFO_
underscore-instrumented.js:590 _PROFILING_INFO_start function null from ../subjects/backbone/node_modules/underscore/underscore.js in 576_PROFILING_INFO_
underscore-instrumented.js:482 _PROFILING_INFO_start function allKeys from ../subjects/backbone/node_modules/underscore/underscore.js in 481_PROFILING_INFO_
underscore-instrumented.js:80 _PROFILING_INFO_start function isObject from ../subjects/backbone/node_modules/underscore/underscore.js in 88_PROFILING_INFO_
underscore-instrumented.js:641 _PROFILING_INFO_start function create from ../subjects/backbone/node_modules/underscore/underscore.js in 623_PROFILING_INFO_
underscore-instrumented.js:626 _PROFILING_INFO_start function baseCreate from ../subjects/backbone/node_modules/underscore/underscore.js in 610_PROFILING_INFO_
underscore-instrumented.js:296 _PROFILING_INFO_start function keys from ../subjects/backbone/node_modules/underscore/underscore.js in 283_PROFILING_INFO_
backbone-instrumented.js:2136 _PROFILING_INFO_start function null from ../subjects/backbone/node_modules/backbone/backbone.js in 2070_PROFILING_INFO_
backbone-instrumented.js:1753 _PROFILING_INFO_start function null from ../subjects/backbone/node_modules/backbone/backbone.js in 1646_PROFILING_INFO_
backbone-instrumented.js:1770 _PROFILING_INFO_start function null from ../subjects/backbone/node_modules/backbone/backbone.js in 1666_PROFILING_INFO_
backbone-instrumented.js:1826 _PROFILING_INFO_start function null from ../subjects/backbone/node_modules/backbone/backbone.js in 1712_PROFILING_INFO_
underscore-instrumented.js:1004 _PROFILING_INFO_start function result from ../subjects/backbone/node_modules/underscore/underscore.js in 950_PROFILING_INFO_
underscore-instrumented.js:140 _PROFILING_INFO_start function null from ../subjects/backbone/node_modules/underscore/underscore.js in 141_PROFILING_INFO_
backbone-instrumented.js:1782 _PROFILING_INFO_start function null from ../subjects/backbone/node_modules/backbone/backbone.js in 1678_PROFILING_INFO_
underscore-instrumented.js:122 _PROFILING_INFO_start function null from ../subjects/backbone/node_modules/underscore/underscore.js in 116_PROFILING_INFO_
backbone-instrumented.js:1839 _PROFILING_INFO_start function null from ../subjects/backbone/node_modules/backbone/backbone.js in 1723_PROFILING_INFO_
backbone-instrumented.js:2030 _PROFILING_INFO_start function null from ../subjects/backbone/node_modules/backbone/backbone.js in 1942_PROFILING_INFO_
backbone-instrumented.js:1776 _PROFILING_INFO_start function null from ../subjects/backbone/node_modules/backbone/backbone.js in 1670_PROFILING_INFO_
backbone-instrumented.js:1950 _PROFILING_INFO_start function null from ../subjects/backbone/node_modules/backbone/backbone.js in 1841_PROFILING_INFO_
backbone-instrumented.js:1936 _PROFILING_INFO_start function null from ../subjects/backbone/node_modules/backbone/backbone.js in 1828_PROFILING_INFO_
backbone-instrumented.js:1920 _PROFILING_INFO_start function null from ../subjects/backbone/node_modules/backbone/backbone.js in 1814_PROFILING_INFO_
backbone-instrumented.js:2055 _PROFILING_INFO_start function null from ../subjects/backbone/node_modules/backbone/backbone.js in 1965_PROFILING_INFO_
backbone-instrumented.js:1896 _PROFILING_INFO_start function null from ../subjects/backbone/node_modules/backbone/backbone.js in 1792_PROFILING_INFO_
backbone-instrumented.js:1905 _PROFILING_INFO_start function null from ../subjects/backbone/node_modules/backbone/backbone.js in 1801_PROFILING_INFO_
underscore-instrumented.js:1554 _PROFILING_INFO_start function some from ../subjects/backbone/node_modules/underscore/underscore.js in 1414_PROFILING_INFO_
underscore-instrumented.js:816 _PROFILING_INFO_start function cb from ../subjects/backbone/node_modules/underscore/underscore.js in 754_PROFILING_INFO_
underscore-instrumented.js:795 _PROFILING_INFO_start function baseIteratee from ../subjects/backbone/node_modules/underscore/underscore.js in 737_PROFILING_INFO_
underscore-instrumented.js:754 _PROFILING_INFO_start function optimizeCb from ../subjects/backbone/node_modules/underscore/underscore.js in 715_PROFILING_INFO_
underscore-instrumented.js:217 _PROFILING_INFO_start function null from ../subjects/backbone/node_modules/underscore/underscore.js in 210_PROFILING_INFO_
underscore-instrumented.js:231 _PROFILING_INFO_start function null from ../subjects/backbone/node_modules/underscore/underscore.js in 218_PROFILING_INFO_
backbone-instrumented.js:2063 _PROFILING_INFO_start function null from ../subjects/backbone/node_modules/backbone/backbone.js in 1969_PROFILING_INFO_
backbone-instrumented.js:1796 _PROFILING_INFO_start function null from ../subjects/backbone/node_modules/backbone/backbone.js in 1686_PROFILING_INFO_
backbone-instrumented.js:1853 _PROFILING_INFO_start function null from ../subjects/backbone/node_modules/backbone/backbone.js in 1736_PROFILING_INFO_
underscore-instrumented.js:1471 _PROFILING_INFO_start function map from ../subjects/backbone/node_modules/underscore/underscore.js in 1342_PROFILING_INFO_
backbone-instrumented.js:1859 _PROFILING_INFO_start function null from ../subjects/backbone/node_modules/backbone/backbone.js in 1738_PROFILING_INFO_
backbone-instrumented.js:1810 _PROFILING_INFO_start function null from ../subjects/backbone/node_modules/backbone/backbone.js in 1699_PROFILING_INFO_
router-instrumented.js:14 _PROFILING_INFO_start function null from ../subjects/backbone/js/routers/router.js in 14_PROFILING_INFO_
backbone-instrumented.js:255 _PROFILING_INFO_start function null from ../subjects/backbone/node_modules/backbone/backbone.js in 305_PROFILING_INFO_
jquery-instrumented.js:39 _PROFILING_INFO_start function null from ../subjects/backbone/node_modules/jquery/dist/jquery.js in 71_PROFILING_INFO_
jquery-instrumented.js:2199 _PROFILING_INFO_start function null from ../subjects/backbone/node_modules/jquery/dist/jquery.js in 2832_PROFILING_INFO_
jquery-instrumented.js:199 _PROFILING_INFO_start function null from ../subjects/backbone/node_modules/jquery/dist/jquery.js in 258_PROFILING_INFO_
jquery-instrumented.js:249 _PROFILING_INFO_start function null from ../subjects/backbone/node_modules/jquery/dist/jquery.js in 311_PROFILING_INFO_
jquery-instrumented.js:2805 _PROFILING_INFO_start function null from ../subjects/backbone/node_modules/jquery/dist/jquery.js in 3493_PROFILING_INFO_
jquery-instrumented.js:2855 _PROFILING_INFO_start function null from ../subjects/backbone/node_modules/jquery/dist/jquery.js in 3555_PROFILING_INFO_
jquery-instrumented.js:2721 _PROFILING_INFO_start function null from ../subjects/backbone/node_modules/jquery/dist/jquery.js in 3386_PROFILING_INFO_
jquery-instrumented.js:2506 _PROFILING_INFO_start function null from ../subjects/backbone/node_modules/jquery/dist/jquery.js in 3222_PROFILING_INFO_
jquery-instrumented.js:2516 _PROFILING_INFO_start function add from ../subjects/backbone/node_modules/jquery/dist/jquery.js in 3231_PROFILING_INFO_
jquery-instrumented.js:290 _PROFILING_INFO_start function null from ../subjects/backbone/node_modules/jquery/dist/jquery.js in 359_PROFILING_INFO_
jquery-instrumented.js:430 _PROFILING_INFO_start function isArrayLike from ../subjects/backbone/node_modules/jquery/dist/jquery.js in 529_PROFILING_INFO_
jquery-instrumented.js:207 _PROFILING_INFO_start function null from ../subjects/backbone/node_modules/jquery/dist/jquery.js in 264_PROFILING_INFO_
jquery-instrumented.js:2521 _PROFILING_INFO_start function null from ../subjects/backbone/node_modules/jquery/dist/jquery.js in 3232_PROFILING_INFO_
jquery-instrumented.js:2846 _PROFILING_INFO_start function completed from ../subjects/backbone/node_modules/jquery/dist/jquery.js in 3549_PROFILING_INFO_
jquery-instrumented.js:2827 _PROFILING_INFO_start function null from ../subjects/backbone/node_modules/jquery/dist/jquery.js in 3520_PROFILING_INFO_
jquery-instrumented.js:2612 _PROFILING_INFO_start function null from ../subjects/backbone/node_modules/jquery/dist/jquery.js in 3311_PROFILING_INFO_
jquery-instrumented.js:2478 _PROFILING_INFO_start function null from ../subjects/backbone/node_modules/jquery/dist/jquery.js in 3174_PROFILING_INFO_
jquery-instrumented.js:2738 _PROFILING_INFO_start function null from ../subjects/backbone/node_modules/jquery/dist/jquery.js in 3405_PROFILING_INFO_
jquery-instrumented.js:2578 _PROFILING_INFO_start function null from ../subjects/backbone/node_modules/jquery/dist/jquery.js in 3287_PROFILING_INFO_
jquery-instrumented.js:2594 _PROFILING_INFO_start function null from ../subjects/backbone/node_modules/jquery/dist/jquery.js in 3299_PROFILING_INFO_
app-instrumented.js:8 _PROFILING_INFO_start function null from ../subjects/backbone/js/app.js in 7_PROFILING_INFO_
backbone-instrumented.js:2136 _PROFILING_INFO_start function null from ../subjects/backbone/node_modules/backbone/backbone.js in 2070_PROFILING_INFO_
backbone-instrumented.js:1328 _PROFILING_INFO_start function null from ../subjects/backbone/node_modules/backbone/backbone.js in 1305_PROFILING_INFO_
underscore-instrumented.js:1025 _PROFILING_INFO_start function uniqueId from ../subjects/backbone/node_modules/underscore/underscore.js in 970_PROFILING_INFO_
backbone-instrumented.js:1359 _PROFILING_INFO_start function null from ../subjects/backbone/node_modules/backbone/backbone.js in 1333_PROFILING_INFO_
underscore-instrumented.js:55 _PROFILING_INFO_start function null from ../subjects/backbone/node_modules/underscore/underscore.js in 66_PROFILING_INFO_
underscore-instrumented.js:1838 _PROFILING_INFO_start function null from ../subjects/backbone/node_modules/underscore/underscore.js in 1628_PROFILING_INFO_
underscore-instrumented.js:590 _PROFILING_INFO_start function null from ../subjects/backbone/node_modules/underscore/underscore.js in 576_PROFILING_INFO_
underscore-instrumented.js:482 _PROFILING_INFO_start function allKeys from ../subjects/backbone/node_modules/underscore/underscore.js in 481_PROFILING_INFO_
underscore-instrumented.js:80 _PROFILING_INFO_start function isObject from ../subjects/backbone/node_modules/underscore/underscore.js in 88_PROFILING_INFO_
backbone-instrumented.js:1464 _PROFILING_INFO_start function null from ../subjects/backbone/node_modules/backbone/backbone.js in 1440_PROFILING_INFO_
underscore-instrumented.js:1004 _PROFILING_INFO_start function result from ../subjects/backbone/node_modules/underscore/underscore.js in 950_PROFILING_INFO_
underscore-instrumented.js:676 _PROFILING_INFO_start function toPath from ../subjects/backbone/node_modules/underscore/underscore.js in 652_PROFILING_INFO_
underscore-instrumented.js:668 _PROFILING_INFO_start function toPath$1 from ../subjects/backbone/node_modules/underscore/underscore.js in 645_PROFILING_INFO_
underscore-instrumented.js:140 _PROFILING_INFO_start function null from ../subjects/backbone/node_modules/underscore/underscore.js in 141_PROFILING_INFO_
backbone-instrumented.js:1394 _PROFILING_INFO_start function null from ../subjects/backbone/node_modules/backbone/backbone.js in 1363_PROFILING_INFO_
backbone-instrumented.js:1440 _PROFILING_INFO_start function null from ../subjects/backbone/node_modules/backbone/backbone.js in 1418_PROFILING_INFO_
backbone-instrumented.js:1404 _PROFILING_INFO_start function null from ../subjects/backbone/node_modules/backbone/backbone.js in 1375_PROFILING_INFO_
jquery-instrumented.js:2151 _PROFILING_INFO_start function null from ../subjects/backbone/node_modules/jquery/dist/jquery.js in 2775_PROFILING_INFO_
jquery-instrumented.js:513 _PROFILING_INFO_start function Sizzle from ../subjects/backbone/node_modules/jquery/dist/jquery.js in 738_PROFILING_INFO_
jquery-instrumented.js:71 _PROFILING_INFO_start function null from ../subjects/backbone/node_modules/jquery/dist/jquery.js in 122_PROFILING_INFO_
jquery-instrumented.js:341 _PROFILING_INFO_start function null from ../subjects/backbone/node_modules/jquery/dist/jquery.js in 409_PROFILING_INFO_
backbone-instrumented.js:1412 _PROFILING_INFO_start function null from ../subjects/backbone/node_modules/backbone/backbone.js in 1393_PROFILING_INFO_
jquery-instrumented.js:4038 _PROFILING_INFO_start function null from ../subjects/backbone/node_modules/jquery/dist/jquery.js in 5085_PROFILING_INFO_
jquery-instrumented.js:81 _PROFILING_INFO_start function null from ../subjects/backbone/node_modules/jquery/dist/jquery.js in 136_PROFILING_INFO_
jquery-instrumented.js:4062 _PROFILING_INFO_start function null from ../subjects/backbone/node_modules/jquery/dist/jquery.js in 5117_PROFILING_INFO_
jquery-instrumented.js:3679 _PROFILING_INFO_start function null from ../subjects/backbone/node_modules/jquery/dist/jquery.js in 4624_PROFILING_INFO_
jquery-instrumented.js:3042 _PROFILING_INFO_start function null from ../subjects/backbone/node_modules/jquery/dist/jquery.js in 3846_PROFILING_INFO_
backbone-instrumented.js:1432 _PROFILING_INFO_start function null from ../subjects/backbone/node_modules/backbone/backbone.js in 1410_PROFILING_INFO_
jquery-instrumented.js:4024 _PROFILING_INFO_start function null from ../subjects/backbone/node_modules/jquery/dist/jquery.js in 5079_PROFILING_INFO_
jquery-instrumented.js:3549 _PROFILING_INFO_start function on from ../subjects/backbone/node_modules/jquery/dist/jquery.js in 4446_PROFILING_INFO_
jquery-instrumented.js:3595 _PROFILING_INFO_start function null from ../subjects/backbone/node_modules/jquery/dist/jquery.js in 4502_PROFILING_INFO_
jquery-instrumented.js:3605 _PROFILING_INFO_start function null from ../subjects/backbone/node_modules/jquery/dist/jquery.js in 4515_PROFILING_INFO_
jquery-instrumented.js:2983 _PROFILING_INFO_start function null from ../subjects/backbone/node_modules/jquery/dist/jquery.js in 3746_PROFILING_INFO_
jquery-instrumented.js:2944 _PROFILING_INFO_start function null from ../subjects/backbone/node_modules/jquery/dist/jquery.js in 3688_PROFILING_INFO_
jquery-instrumented.js:2911 _PROFILING_INFO_start function null from ../subjects/backbone/node_modules/jquery/dist/jquery.js in 3645_PROFILING_INFO_
jquery-instrumented.js:141 _PROFILING_INFO_start function null from ../subjects/backbone/node_modules/jquery/dist/jquery.js in 175_PROFILING_INFO_
app-view-instrumented.js:20 _PROFILING_INFO_start function null from ../subjects/backbone/js/views/app-view.js in 30_PROFILING_INFO_
backbone-instrumented.js:1352 _PROFILING_INFO_start function null from ../subjects/backbone/node_modules/backbone/backbone.js in 1327_PROFILING_INFO_
backbone-instrumented.js:93 _PROFILING_INFO_start function null from ../subjects/backbone/node_modules/backbone/backbone.js in 138_PROFILING_INFO_
backbone-instrumented.js:315 _PROFILING_INFO_start function null from ../subjects/backbone/node_modules/backbone/backbone.js in 344_PROFILING_INFO_
backbone-instrumented.js:134 _PROFILING_INFO_start function null from ../subjects/backbone/node_modules/backbone/backbone.js in 176_PROFILING_INFO_
backbone-instrumented.js:76 _PROFILING_INFO_start function null from ../subjects/backbone/node_modules/backbone/backbone.js in 117_PROFILING_INFO_
backbone-instrumented.js:55 _PROFILING_INFO_start function null from ../subjects/backbone/node_modules/backbone/backbone.js in 95_PROFILING_INFO_
backbone-instrumented.js:115 _PROFILING_INFO_start function null from ../subjects/backbone/node_modules/backbone/backbone.js in 163_PROFILING_INFO_
underscore-instrumented.js:1228 _PROFILING_INFO_start function debounce from ../subjects/backbone/node_modules/underscore/underscore.js in 1144_PROFILING_INFO_
underscore-instrumented.js:49 _PROFILING_INFO_start function restArguments from ../subjects/backbone/node_modules/underscore/underscore.js in 64_PROFILING_INFO_
backbone-instrumented.js:1063 _PROFILING_INFO_start function null from ../subjects/backbone/node_modules/backbone/backbone.js in 1057_PROFILING_INFO_
backbone-instrumented.js:2158 _PROFILING_INFO_start function null from ../subjects/backbone/node_modules/backbone/backbone.js in 2097_PROFILING_INFO_
backbone-instrumented.js:800 _PROFILING_INFO_start function null from ../subjects/backbone/node_modules/backbone/backbone.js in 810_PROFILING_INFO_
backbone.localStorage-instrumented.js:283 _PROFILING_INFO_start function null from ../subjects/backbone/node_modules/backbone.localstorage/backbone.localStorage.js in 253_PROFILING_INFO_
backbone.localStorage-instrumented.js:272 _PROFILING_INFO_start function null from ../subjects/backbone/node_modules/backbone.localstorage/backbone.localStorage.js in 241_PROFILING_INFO_
backbone.localStorage-instrumented.js:71 _PROFILING_INFO_start function result from ../subjects/backbone/node_modules/backbone.localstorage/backbone.localStorage.js in 49_PROFILING_INFO_
backbone.localStorage-instrumented.js:216 _PROFILING_INFO_start function null from ../subjects/backbone/node_modules/backbone.localstorage/backbone.localStorage.js in 172_PROFILING_INFO_
jquery-instrumented.js:2649 _PROFILING_INFO_start function null from ../subjects/backbone/node_modules/jquery/dist/jquery.js in 3341_PROFILING_INFO_
jquery-instrumented.js:2472 _PROFILING_INFO_start function null from ../subjects/backbone/node_modules/jquery/dist/jquery.js in 3144_PROFILING_INFO_
jquery-instrumented.js:2457 _PROFILING_INFO_start function createOptions from ../subjects/backbone/node_modules/jquery/dist/jquery.js in 3114_PROFILING_INFO_
jquery-instrumented.js:2463 _PROFILING_INFO_start function null from ../subjects/backbone/node_modules/jquery/dist/jquery.js in 3116_PROFILING_INFO_
jquery-instrumented.js:2730 _PROFILING_INFO_start function null from ../subjects/backbone/node_modules/jquery/dist/jquery.js in 3396_PROFILING_INFO_
backbone.localStorage-instrumented.js:151 _PROFILING_INFO_start function null from ../subjects/backbone/node_modules/backbone.localstorage/backbone.localStorage.js in 113_PROFILING_INFO_
backbone-instrumented.js:1071 _PROFILING_INFO_start function null from ../subjects/backbone/node_modules/backbone/backbone.js in 1061_PROFILING_INFO_
backbone-instrumented.js:943 _PROFILING_INFO_start function null from ../subjects/backbone/node_modules/backbone/backbone.js in 957_PROFILING_INFO_
underscore-instrumented.js:651 _PROFILING_INFO_start function clone from ../subjects/backbone/node_modules/underscore/underscore.js in 630_PROFILING_INFO_
backbone-instrumented.js:1157 _PROFILING_INFO_start function null from ../subjects/backbone/node_modules/backbone/backbone.js in 1126_PROFILING_INFO_
backbone-instrumented.js:807 _PROFILING_INFO_start function null from ../subjects/backbone/node_modules/backbone/backbone.js in 817_PROFILING_INFO_
backbone-instrumented.js:833 _PROFILING_INFO_start function null from ../subjects/backbone/node_modules/backbone/backbone.js in 838_PROFILING_INFO_
backbone-instrumented.js:1215 _PROFILING_INFO_start function null from ../subjects/backbone/node_modules/backbone/backbone.js in 1185_PROFILING_INFO_
backbone-instrumented.js:1112 _PROFILING_INFO_start function null from ../subjects/backbone/node_modules/backbone/backbone.js in 1092_PROFILING_INFO_
underscore-instrumented.js:122 _PROFILING_INFO_start function null from ../subjects/backbone/node_modules/underscore/underscore.js in 116_PROFILING_INFO_
backbone-instrumented.js:255 _PROFILING_INFO_start function null from ../subjects/backbone/node_modules/backbone/backbone.js in 305_PROFILING_INFO_
backbone-instrumented.js:269 _PROFILING_INFO_start function null from ../subjects/backbone/node_modules/backbone/backbone.js in 317_PROFILING_INFO_
backbone-instrumented.js:286 _PROFILING_INFO_start function null from ../subjects/backbone/node_modules/backbone/backbone.js in 331_PROFILING_INFO_
app-view-instrumented.js:66 _PROFILING_INFO_start function null from ../subjects/backbone/js/views/app-view.js in 84_PROFILING_INFO_
jquery-instrumented.js:4412 _PROFILING_INFO_start function null from ../subjects/backbone/node_modules/jquery/dist/jquery.js in 5491_PROFILING_INFO_
jquery-instrumented.js:2872 _PROFILING_INFO_start function null from ../subjects/backbone/node_modules/jquery/dist/jquery.js in 3590_PROFILING_INFO_
jquery-instrumented.js:4417 _PROFILING_INFO_start function null from ../subjects/backbone/node_modules/jquery/dist/jquery.js in 5492_PROFILING_INFO_
jquery-instrumented.js:4220 _PROFILING_INFO_start function null from ../subjects/backbone/node_modules/jquery/dist/jquery.js in 5324_PROFILING_INFO_
jquery-instrumented.js:3435 _PROFILING_INFO_start function getAll from ../subjects/backbone/node_modules/jquery/dist/jquery.js in 4276_PROFILING_INFO_
jquery-instrumented.js:4257 _PROFILING_INFO_start function null from ../subjects/backbone/node_modules/jquery/dist/jquery.js in 5370_PROFILING_INFO_
backbone-instrumented.js:1512 _PROFILING_INFO_start function null from ../subjects/backbone/node_modules/backbone/backbone.js in 1475_PROFILING_INFO_
backbone-instrumented.js:1553 _PROFILING_INFO_start function null from ../subjects/backbone/node_modules/backbone/backbone.js in 1496_PROFILING_INFO_
underscore-instrumented.js:1452 _PROFILING_INFO_start function each from ../subjects/backbone/node_modules/underscore/underscore.js in 1325_PROFILING_INFO_
underscore-instrumented.js:754 _PROFILING_INFO_start function optimizeCb from ../subjects/backbone/node_modules/underscore/underscore.js in 715_PROFILING_INFO_
underscore-instrumented.js:217 _PROFILING_INFO_start function null from ../subjects/backbone/node_modules/underscore/underscore.js in 210_PROFILING_INFO_
underscore-instrumented.js:231 _PROFILING_INFO_start function null from ../subjects/backbone/node_modules/underscore/underscore.js in 218_PROFILING_INFO_
underscore-instrumented.js:1250 _PROFILING_INFO_start function null from ../subjects/backbone/node_modules/underscore/underscore.js in 1159_PROFILING_INFO_
jquery-instrumented.js:2746 _PROFILING_INFO_start function null from ../subjects/backbone/node_modules/jquery/dist/jquery.js in 3415_PROFILING_INFO_
jquery-instrumented.js:6409 _PROFILING_INFO_start function null from ../subjects/backbone/node_modules/jquery/dist/jquery.js in 7878_PROFILING_INFO_
jquery-instrumented.js:6304 _PROFILING_INFO_start function null from ../subjects/backbone/node_modules/jquery/dist/jquery.js in 7719_PROFILING_INFO_
jquery-instrumented.js:3933 _PROFILING_INFO_start function null from ../subjects/backbone/node_modules/jquery/dist/jquery.js in 4963_PROFILING_INFO_
jquery-instrumented.js:3532 _PROFILING_INFO_start function returnFalse from ../subjects/backbone/node_modules/jquery/dist/jquery.js in 4434_PROFILING_INFO_
underscore-instrumented.js:1234 _PROFILING_INFO_start function null from ../subjects/backbone/node_modules/underscore/underscore.js in 1147_PROFILING_INFO_
app-view-instrumented.js:37 _PROFILING_INFO_start function null from ../subjects/backbone/js/views/app-view.js in 51_PROFILING_INFO_
todos-instrumented.js:15 _PROFILING_INFO_start function null from ../subjects/backbone/js/collections/todos.js in 20_PROFILING_INFO_
backbone-instrumented.js:1021 _PROFILING_INFO_start function null from ../subjects/backbone/node_modules/backbone/backbone.js in 1018_PROFILING_INFO_
backbone-instrumented.js:1572 _PROFILING_INFO_start function null from ../subjects/backbone/node_modules/backbone/backbone.js in 1502_PROFILING_INFO_
underscore-instrumented.js:726 _PROFILING_INFO_start function matcher from ../subjects/backbone/node_modules/underscore/underscore.js in 696_PROFILING_INFO_
underscore-instrumented.js:296 _PROFILING_INFO_start function keys from ../subjects/backbone/node_modules/underscore/underscore.js in 283_PROFILING_INFO_
underscore-instrumented.js:1516 _PROFILING_INFO_start function filter from ../subjects/backbone/node_modules/underscore/underscore.js in 1387_PROFILING_INFO_
underscore-instrumented.js:816 _PROFILING_INFO_start function cb from ../subjects/backbone/node_modules/underscore/underscore.js in 754_PROFILING_INFO_
underscore-instrumented.js:795 _PROFILING_INFO_start function baseIteratee from ../subjects/backbone/node_modules/underscore/underscore.js in 737_PROFILING_INFO_
todos-instrumented.js:22 _PROFILING_INFO_start function null from ../subjects/backbone/js/collections/todos.js in 25_PROFILING_INFO_
jquery-instrumented.js:5665 _PROFILING_INFO_start function null from ../subjects/backbone/node_modules/jquery/dist/jquery.js in 6992_PROFILING_INFO_
jquery-instrumented.js:5019 _PROFILING_INFO_start function null from ../subjects/backbone/node_modules/jquery/dist/jquery.js in 6322_PROFILING_INFO_
jquery-instrumented.js:4769 _PROFILING_INFO_start function showHide from ../subjects/backbone/node_modules/jquery/dist/jquery.js in 6002_PROFILING_INFO_
jquery-instrumented.js:3350 _PROFILING_INFO_start function null from ../subjects/backbone/node_modules/jquery/dist/jquery.js in 4176_PROFILING_INFO_
jquery-instrumented.js:4874 _PROFILING_INFO_start function null from ../subjects/backbone/node_modules/jquery/dist/jquery.js in 6170_PROFILING_INFO_
jquery-instrumented.js:276 _PROFILING_INFO_start function null from ../subjects/backbone/node_modules/jquery/dist/jquery.js in 351_PROFILING_INFO_
jquery-instrumented.js:4700 _PROFILING_INFO_start function vendorPropName from ../subjects/backbone/node_modules/jquery/dist/jquery.js in 5882_PROFILING_INFO_
jquery-instrumented.js:4643 _PROFILING_INFO_start function curCSS from ../subjects/backbone/node_modules/jquery/dist/jquery.js in 5795_PROFILING_INFO_
jquery-instrumented.js:4529 _PROFILING_INFO_start function null from ../subjects/backbone/node_modules/jquery/dist/jquery.js in 5644_PROFILING_INFO_
jquery-instrumented.js:4606 _PROFILING_INFO_start function null from ../subjects/backbone/node_modules/jquery/dist/jquery.js in 5745_PROFILING_INFO_
jquery-instrumented.js:4571 _PROFILING_INFO_start function computeStyleTests from ../subjects/backbone/node_modules/jquery/dist/jquery.js in 5705_PROFILING_INFO_
jquery-instrumented.js:1010 _PROFILING_INFO_start function null from ../subjects/backbone/node_modules/jquery/dist/jquery.js in 1438_PROFILING_INFO_
jquery-instrumented.js:908 _PROFILING_INFO_start function null from ../subjects/backbone/node_modules/jquery/dist/jquery.js in 1281_PROFILING_INFO_
jquery-instrumented.js:2968 _PROFILING_INFO_start function null from ../subjects/backbone/node_modules/jquery/dist/jquery.js in 3728_PROFILING_INFO_
favicon.ico:1          GET http://localhost:8000/favicon.ico 404 (File not found)
jquery-instrumented.js:3626 _PROFILING_INFO_start function null from ../subjects/backbone/node_modules/jquery/dist/jquery.js in 4544_PROFILING_INFO_
jquery-instrumented.js:3728 _PROFILING_INFO_start function null from ../subjects/backbone/node_modules/jquery/dist/jquery.js in 4697_PROFILING_INFO_
jquery-instrumented.js:3837 _PROFILING_INFO_start function null from ../subjects/backbone/node_modules/jquery/dist/jquery.js in 4858_PROFILING_INFO_
jquery-instrumented.js:3818 _PROFILING_INFO_start function null from ../subjects/backbone/node_modules/jquery/dist/jquery.js in 4830_PROFILING_INFO_
jquery-instrumented.js:3764 _PROFILING_INFO_start function null from ../subjects/backbone/node_modules/jquery/dist/jquery.js in 4757_PROFILING_INFO_
jquery-instrumented.js:1950 _PROFILING_INFO_start function null from ../subjects/backbone/node_modules/jquery/dist/jquery.js in 2543_PROFILING_INFO_
jquery-instrumented.js:1926 _PROFILING_INFO_start function null from ../subjects/backbone/node_modules/jquery/dist/jquery.js in 2504_PROFILING_INFO_
jquery-instrumented.js:1598 _PROFILING_INFO_start function null from ../subjects/backbone/node_modules/jquery/dist/jquery.js in 2063_PROFILING_INFO_
jquery-instrumented.js:595 _PROFILING_INFO_start function cache from ../subjects/backbone/node_modules/jquery/dist/jquery.js in 881_PROFILING_INFO_
jquery-instrumented.js:1812 _PROFILING_INFO_start function matcherFromTokens from ../subjects/backbone/node_modules/jquery/dist/jquery.js in 2335_PROFILING_INFO_
jquery-instrumented.js:1654 _PROFILING_INFO_start function addCombinator from ../subjects/backbone/node_modules/jquery/dist/jquery.js in 2140_PROFILING_INFO_
jquery-instrumented.js:1170 _PROFILING_INFO_start function null from ../subjects/backbone/node_modules/jquery/dist/jquery.js in 1645_PROFILING_INFO_
jquery-instrumented.js:1705 _PROFILING_INFO_start function elementMatcher from ../subjects/backbone/node_modules/jquery/dist/jquery.js in 2198_PROFILING_INFO_
jquery-instrumented.js:1857 _PROFILING_INFO_start function matcherFromGroupMatchers from ../subjects/backbone/node_modules/jquery/dist/jquery.js in 2393_PROFILING_INFO_
jquery-instrumented.js:1862 _PROFILING_INFO_start function null from ../subjects/backbone/node_modules/jquery/dist/jquery.js in 2396_PROFILING_INFO_
jquery-instrumented.js:1710 _PROFILING_INFO_start function null from ../subjects/backbone/node_modules/jquery/dist/jquery.js in 2200_PROFILING_INFO_
jquery-instrumented.js:1176 _PROFILING_INFO_start function null from ../subjects/backbone/node_modules/jquery/dist/jquery.js in 1650_PROFILING_INFO_
jquery-instrumented.js:3805 _PROFILING_INFO_start function null from ../subjects/backbone/node_modules/jquery/dist/jquery.js in 4816_PROFILING_INFO_
jquery-instrumented.js:1829 _PROFILING_INFO_start function null from ../subjects/backbone/node_modules/jquery/dist/jquery.js in 2349_PROFILING_INFO_
jquery-instrumented.js:1670 _PROFILING_INFO_start function null from ../subjects/backbone/node_modules/jquery/dist/jquery.js in 2156_PROFILING_INFO_
jquery-instrumented.js:1817 _PROFILING_INFO_start function null from ../subjects/backbone/node_modules/jquery/dist/jquery.js in 2343_PROFILING_INFO_
app-view-instrumented.js:99 _PROFILING_INFO_start function null from ../subjects/backbone/js/views/app-view.js in 108_PROFILING_INFO_
jquery-instrumented.js:6170 _PROFILING_INFO_start function null from ../subjects/backbone/node_modules/jquery/dist/jquery.js in 7543_PROFILING_INFO_
 _PROFILING_INFO_start function null from ../subjects/backbone/js/views/app-view.js in 98_PROFILING_INFO_
 _PROFILING_INFO_start function null from ../subjects/backbone/js/collections/todos.js in 31_PROFILING_INFO_
 _PROFILING_INFO_start function null from ../subjects/backbone/node_modules/backbone/backbone.js in 1074_PROFILING_INFO_
 _PROFILING_INFO_start function null from ../subjects/backbone/node_modules/backbone/backbone.js in 1134_PROFILING_INFO_
 _PROFILING_INFO_start function null from ../subjects/backbone/node_modules/backbone/backbone.js in 398_PROFILING_INFO_
 _PROFILING_INFO_start function null from ../subjects/backbone/node_modules/backbone/backbone.js in 432_PROFILING_INFO_
 _PROFILING_INFO_start function null from ../subjects/backbone/node_modules/backbone/backbone.js in 473_PROFILING_INFO_
 _PROFILING_INFO_start function null from ../subjects/backbone/node_modules/backbone/backbone.js in 738_PROFILING_INFO_
 _PROFILING_INFO_start function isEqual from ../subjects/backbone/node_modules/underscore/underscore.js in 476_PROFILING_INFO_
 _PROFILING_INFO_start function eq from ../subjects/backbone/node_modules/underscore/underscore.js in 356_PROFILING_INFO_
 _PROFILING_INFO_start function null from ../subjects/backbone/node_modules/backbone/backbone.js in 436_PROFILING_INFO_
 _PROFILING_INFO_start function null from ../subjects/backbone/node_modules/backbone/backbone.js in 998_PROFILING_INFO_
 _PROFILING_INFO_start function null from ../subjects/backbone/node_modules/backbone/backbone.js in 1105_PROFILING_INFO_
 _PROFILING_INFO_start function null from ../subjects/backbone/node_modules/backbone/backbone.js in 1190_PROFILING_INFO_
 _PROFILING_INFO_start function null from ../subjects/backbone/node_modules/backbone/backbone.js in 777_PROFILING_INFO_
 _PROFILING_INFO_start function null from ../subjects/backbone/node_modules/backbone/backbone.js in 1031_PROFILING_INFO_
 _PROFILING_INFO_start function sortBy from ../subjects/backbone/node_modules/underscore/underscore.js in 1557_PROFILING_INFO_
underscore-instrumented.js:1471 _PROFILING_INFO_start function map from ../subjects/backbone/node_modules/underscore/underscore.js in 1342_PROFILING_INFO_
underscore-instrumented.js:1736 _PROFILING_INFO_start function null from ../subjects/backbone/node_modules/underscore/underscore.js in 1560_PROFILING_INFO_
backbone-instrumented.js:1563 _PROFILING_INFO_start function null from ../subjects/backbone/node_modules/backbone/backbone.js in 1499_PROFILING_INFO_
backbone-instrumented.js:410 _PROFILING_INFO_start function null from ../subjects/backbone/node_modules/backbone/backbone.js in 450_PROFILING_INFO_
underscore-instrumented.js:1609 _PROFILING_INFO_start function pluck from ../subjects/backbone/node_modules/underscore/underscore.js in 1456_PROFILING_INFO_
underscore-instrumented.js:740 _PROFILING_INFO_start function property from ../subjects/backbone/node_modules/underscore/underscore.js in 705_PROFILING_INFO_
underscore-instrumented.js:746 _PROFILING_INFO_start function null from ../subjects/backbone/node_modules/underscore/underscore.js in 707_PROFILING_INFO_
underscore-instrumented.js:683 _PROFILING_INFO_start function deepGet from ../subjects/backbone/node_modules/underscore/underscore.js in 657_PROFILING_INFO_
backbone-instrumented.js:1246 _PROFILING_INFO_start function null from ../subjects/backbone/node_modules/backbone/backbone.js in 1210_PROFILING_INFO_
app-view-instrumented.js:58 _PROFILING_INFO_start function null from ../subjects/backbone/js/views/app-view.js in 78_PROFILING_INFO_
underscore-instrumented.js:1095 _PROFILING_INFO_start function flatten$1 from ../subjects/backbone/node_modules/underscore/underscore.js in 1030_PROFILING_INFO_
underscore-instrumented.js:1831 _PROFILING_INFO_start function keyInObj from ../subjects/backbone/node_modules/underscore/underscore.js in 1623_PROFILING_INFO_
backbone-instrumented.js:1457 _PROFILING_INFO_start function null from ../subjects/backbone/node_modules/backbone/backbone.js in 1432_PROFILING_INFO_
jquery-instrumented.js:6460 _PROFILING_INFO_start function null from ../subjects/backbone/node_modules/jquery/dist/jquery.js in 7929_PROFILING_INFO_
jquery-instrumented.js:2990 _PROFILING_INFO_start function null from ../subjects/backbone/node_modules/jquery/dist/jquery.js in 3751_PROFILING_INFO_
backbone-instrumented.js:1481 _PROFILING_INFO_start function null from ../subjects/backbone/node_modules/backbone/backbone.js in 1454_PROFILING_INFO_
jquery-instrumented.js:5787 _PROFILING_INFO_start function null from ../subjects/backbone/node_modules/jquery/dist/jquery.js in 7115_PROFILING_INFO_
todo-view-instrumented.js:23 _PROFILING_INFO_start function null from ../subjects/backbone/js/views/todo-view.js in 32_PROFILING_INFO_
todo-view-instrumented.js:32 _PROFILING_INFO_start function null from ../subjects/backbone/js/views/todo-view.js in 39_PROFILING_INFO_
backbone-instrumented.js:396 _PROFILING_INFO_start function null from ../subjects/backbone/node_modules/backbone/backbone.js in 439_PROFILING_INFO_
underscore-instrumented.js:994 _PROFILING_INFO_start function null from ../subjects/backbone/node_modules/underscore/underscore.js in 937_PROFILING_INFO_
underscore-instrumented.js:903 _PROFILING_INFO_start function null from ../subjects/backbone/node_modules/underscore/underscore.js in 816_PROFILING_INFO_
jquery-instrumented.js:6107 _PROFILING_INFO_start function null from ../subjects/backbone/node_modules/jquery/dist/jquery.js in 7458_PROFILING_INFO_
jquery-instrumented.js:6068 _PROFILING_INFO_start function null from ../subjects/backbone/node_modules/jquery/dist/jquery.js in 7412_PROFILING_INFO_
jquery-instrumented.js:6024 _PROFILING_INFO_start function getClass from ../subjects/backbone/node_modules/jquery/dist/jquery.js in 7369_PROFILING_INFO_
jquery-instrumented.js:312 _PROFILING_INFO_start function null from ../subjects/backbone/node_modules/jquery/dist/jquery.js in 381_PROFILING_INFO_
todo-view-instrumented.js:46 _PROFILING_INFO_start function null from ../subjects/backbone/js/views/todo-view.js in 58_PROFILING_INFO_
todo-view-instrumented.js:53 _PROFILING_INFO_start function null from ../subjects/backbone/js/views/todo-view.js in 62_PROFILING_INFO_
jquery-instrumented.js:4321 _PROFILING_INFO_start function null from ../subjects/backbone/node_modules/jquery/dist/jquery.js in 5430_PROFILING_INFO_
jquery-instrumented.js:4141 _PROFILING_INFO_start function domManip from ../subjects/backbone/node_modules/jquery/dist/jquery.js in 5212_PROFILING_INFO_
jquery-instrumented.js:3454 _PROFILING_INFO_start function buildFragment from ../subjects/backbone/node_modules/jquery/dist/jquery.js in 4309_PROFILING_INFO_
jquery-instrumented.js:334 _PROFILING_INFO_start function null from ../subjects/backbone/node_modules/jquery/dist/jquery.js in 405_PROFILING_INFO_
jquery-instrumented.js:283 _PROFILING_INFO_start function null from ../subjects/backbone/node_modules/jquery/dist/jquery.js in 355_PROFILING_INFO_
jquery-instrumented.js:367 _PROFILING_INFO_start function null from ../subjects/backbone/node_modules/jquery/dist/jquery.js in 443_PROFILING_INFO_
jquery-instrumented.js:4326 _PROFILING_INFO_start function null from ../subjects/backbone/node_modules/jquery/dist/jquery.js in 5431_PROFILING_INFO_
jquery-instrumented.js:4072 _PROFILING_INFO_start function manipulationTarget from ../subjects/backbone/node_modules/jquery/dist/jquery.js in 5138_PROFILING_INFO_
backbone-instrumented.js:587 _PROFILING_INFO_start function null from ../subjects/backbone/node_modules/backbone/backbone.js in 620_PROFILING_INFO_
backbone-instrumented.js:703 _PROFILING_INFO_start function null from ../subjects/backbone/node_modules/backbone/backbone.js in 727_PROFILING_INFO_
backbone-instrumented.js:424 _PROFILING_INFO_start function null from ../subjects/backbone/node_modules/backbone/backbone.js in 461_PROFILING_INFO_
backbone-instrumented.js:403 _PROFILING_INFO_start function null from ../subjects/backbone/node_modules/backbone/backbone.js in 445_PROFILING_INFO_
backbone.localStorage-instrumented.js:117 _PROFILING_INFO_start function null from ../subjects/backbone/node_modules/backbone.localstorage/backbone.localStorage.js in 85_PROFILING_INFO_
backbone.localStorage-instrumented.js:36 _PROFILING_INFO_start function guid from ../subjects/backbone/node_modules/backbone.localstorage/backbone.localStorage.js in 30_PROFILING_INFO_
backbone.localStorage-instrumented.js:28 _PROFILING_INFO_start function S4 from ../subjects/backbone/node_modules/backbone.localstorage/backbone.localStorage.js in 25_PROFILING_INFO_
backbone-instrumented.js:557 _PROFILING_INFO_start function null from ../subjects/backbone/node_modules/backbone/backbone.js in 597_PROFILING_INFO_
backbone.localStorage-instrumented.js:180 _PROFILING_INFO_start function null from ../subjects/backbone/node_modules/backbone.localstorage/backbone.localStorage.js in 136_PROFILING_INFO_
backbone.localStorage-instrumented.js:208 _PROFILING_INFO_start function null from ../subjects/backbone/node_modules/backbone.localstorage/backbone.localStorage.js in 163_PROFILING_INFO_
backbone.localStorage-instrumented.js:91 _PROFILING_INFO_start function null from ../subjects/backbone/node_modules/backbone.localstorage/backbone.localStorage.js in 64_PROFILING_INFO_
backbone.localStorage-instrumented.js:44 _PROFILING_INFO_start function isObject from ../subjects/backbone/node_modules/backbone.localstorage/backbone.localStorage.js in 34_PROFILING_INFO_
backbone.localStorage-instrumented.js:110 _PROFILING_INFO_start function null from ../subjects/backbone/node_modules/backbone.localstorage/backbone.localStorage.js in 79_PROFILING_INFO_
backbone.localStorage-instrumented.js:144 _PROFILING_INFO_start function null from ../subjects/backbone/node_modules/backbone.localstorage/backbone.localStorage.js in 108_PROFILING_INFO_
backbone.localStorage-instrumented.js:98 _PROFILING_INFO_start function null from ../subjects/backbone/node_modules/backbone.localstorage/backbone.localStorage.js in 68_PROFILING_INFO_
backbone-instrumented.js:613 _PROFILING_INFO_start function null from ../subjects/backbone/node_modules/backbone/backbone.js in 647_PROFILING_INFO_
backbone-instrumented.js:689 _PROFILING_INFO_start function null from ../subjects/backbone/node_modules/backbone/backbone.js in 717_PROFILING_INFO_
backbone-instrumented.js:1099 _PROFILING_INFO_start function null from ../subjects/backbone/node_modules/backbone/backbone.js in 1082_PROFILING_INFO_
jquery-instrumented.js:6188 _PROFILING_INFO_start function null from ../subjects/backbone/node_modules/jquery/dist/jquery.js in 7575_PROFILING_INFO_
underscore-instrumented.js:1523 _PROFILING_INFO_start function null from ../subjects/backbone/node_modules/underscore/underscore.js in 1390_PROFILING_INFO_
backbone-instrumented.js:1578 _PROFILING_INFO_start function null from ../subjects/backbone/node_modules/backbone/backbone.js in 1504_PROFILING_INFO_
underscore-instrumented.js:732 _PROFILING_INFO_start function null from ../subjects/backbone/node_modules/underscore/underscore.js in 698_PROFILING_INFO_
underscore-instrumented.js:325 _PROFILING_INFO_start function isMatch from ../subjects/backbone/node_modules/underscore/underscore.js in 307_PROFILING_INFO_
jquery-instrumented.js:5012 _PROFILING_INFO_start function null from ../subjects/backbone/node_modules/jquery/dist/jquery.js in 6319_PROFILING_INFO_
jquery-instrumented.js:1643 _PROFILING_INFO_start function toSelector from ../subjects/backbone/node_modules/jquery/dist/jquery.js in 2130_PROFILING_INFO_
jquery-instrumented.js:2177 _PROFILING_INFO_start function null from ../subjects/backbone/node_modules/jquery/dist/jquery.js in 2800_PROFILING_INFO_
jquery-instrumented.js:2096 _PROFILING_INFO_start function winnow from ../subjects/backbone/node_modules/jquery/dist/jquery.js in 2731_PROFILING_INFO_
jquery-instrumented.js:2133 _PROFILING_INFO_start function null from ../subjects/backbone/node_modules/jquery/dist/jquery.js in 2760_PROFILING_INFO_
jquery-instrumented.js:353 _PROFILING_INFO_start function null from ../subjects/backbone/node_modules/jquery/dist/jquery.js in 423_PROFILING_INFO_
jquery-instrumented.js:2142 _PROFILING_INFO_start function null from ../subjects/backbone/node_modules/jquery/dist/jquery.js in 2769_PROFILING_INFO_
jquery-instrumented.js:983 _PROFILING_INFO_start function null from ../subjects/backbone/node_modules/jquery/dist/jquery.js in 1404_PROFILING_INFO_
jquery-instrumented.js:1102 _PROFILING_INFO_start function null from ../subjects/backbone/node_modules/jquery/dist/jquery.js in 1560_PROFILING_INFO_
jquery-instrumented.js:1184 _PROFILING_INFO_start function null from ../subjects/backbone/node_modules/jquery/dist/jquery.js in 1655_PROFILING_INFO_
jquery-instrumented.js:1189 _PROFILING_INFO_start function null from ../subjects/backbone/node_modules/jquery/dist/jquery.js in 1656_PROFILING_INFO_
jquery-instrumented.js:1020 _PROFILING_INFO_start function null from ../subjects/backbone/node_modules/jquery/dist/jquery.js in 1446_PROFILING_INFO_
jquery-instrumented.js:2125 _PROFILING_INFO_start function null from ../subjects/backbone/node_modules/jquery/dist/jquery.js in 2755_PROFILING_INFO_
jquery-instrumented.js:6032 _PROFILING_INFO_start function null from ../subjects/backbone/node_modules/jquery/dist/jquery.js in 7374_PROFILING_INFO_
underscore-instrumented.js:1910 _PROFILING_INFO_start function last from ../subjects/backbone/node_modules/underscore/underscore.js in 1686_PROFILING_INFO_
underscore-instrumented.js:1746 _PROFILING_INFO_start function null from ../subjects/backbone/node_modules/underscore/underscore.js in 1566_PROFILING_INFO_
jquery-instrumented.js:6452 _PROFILING_INFO_start function null from ../subjects/backbone/node_modules/jquery/dist/jquery.js in 7924_PROFILING_INFO_
jquery-instrumented.js:6383 _PROFILING_INFO_start function null from ../subjects/backbone/node_modules/jquery/dist/jquery.js in 7856_PROFILING_INFO_
backbone-instrumented.js:2040 _PROFILING_INFO_start function null from ../subjects/backbone/node_modules/backbone/backbone.js in 1948_PROFILING_INFO_
backbone-instrumented.js:1936 _PROFILING_INFO_start function null from ../subjects/backbone/node_modules/backbone/backbone.js in 1828_PROFILING_INFO_
backbone-instrumented.js:1920 _PROFILING_INFO_start function null from ../subjects/backbone/node_modules/backbone/backbone.js in 1814_PROFILING_INFO_
backbone-instrumented.js:2055 _PROFILING_INFO_start function null from ../subjects/backbone/node_modules/backbone/backbone.js in 1965_PROFILING_INFO_
backbone-instrumented.js:1896 _PROFILING_INFO_start function null from ../subjects/backbone/node_modules/backbone/backbone.js in 1792_PROFILING_INFO_
backbone-instrumented.js:1905 _PROFILING_INFO_start function null from ../subjects/backbone/node_modules/backbone/backbone.js in 1801_PROFILING_INFO_
underscore-instrumented.js:1554 _PROFILING_INFO_start function some from ../subjects/backbone/node_modules/underscore/underscore.js in 1414_PROFILING_INFO_
backbone-instrumented.js:2063 _PROFILING_INFO_start function null from ../subjects/backbone/node_modules/backbone/backbone.js in 1969_PROFILING_INFO_
backbone-instrumented.js:1796 _PROFILING_INFO_start function null from ../subjects/backbone/node_modules/backbone/backbone.js in 1686_PROFILING_INFO_
backbone-instrumented.js:1853 _PROFILING_INFO_start function null from ../subjects/backbone/node_modules/backbone/backbone.js in 1736_PROFILING_INFO_
backbone-instrumented.js:1859 _PROFILING_INFO_start function null from ../subjects/backbone/node_modules/backbone/backbone.js in 1738_PROFILING_INFO_
backbone-instrumented.js:1810 _PROFILING_INFO_start function null from ../subjects/backbone/node_modules/backbone/backbone.js in 1699_PROFILING_INFO_
router-instrumented.js:14 _PROFILING_INFO_start function null from ../subjects/backbone/js/routers/router.js in 14_PROFILING_INFO_
app-view-instrumented.js:81 _PROFILING_INFO_start function null from ../subjects/backbone/js/views/app-view.js in 93_PROFILING_INFO_
underscore-instrumented.js:771 _PROFILING_INFO_start function null from ../subjects/backbone/node_modules/underscore/underscore.js in 722_PROFILING_INFO_
app-view-instrumented.js:74 _PROFILING_INFO_start function null from ../subjects/backbone/js/views/app-view.js in 89_PROFILING_INFO_
todo-view-instrumented.js:60 _PROFILING_INFO_start function null from ../subjects/backbone/js/views/todo-view.js in 69_PROFILING_INFO_
todo-instrumented.js:17 _PROFILING_INFO_start function null from ../subjects/backbone/js/models/todo.js in 20_PROFILING_INFO_
backbone.localStorage-instrumented.js:131 _PROFILING_INFO_start function null from ../subjects/backbone/node_modules/backbone.localstorage/backbone.localStorage.js in 97_PROFILING_INFO_
backbone.localStorage-instrumented.js:51 _PROFILING_INFO_start function contains from ../subjects/backbone/node_modules/backbone.localstorage/backbone.localStorage.js in 38_PROFILING_INFO_
jquery-instrumented.js:1150 _PROFILING_INFO_start function null from ../subjects/backbone/node_modules/jquery/dist/jquery.js in 1636_PROFILING_INFO_
jquery-instrumented.js:1162 _PROFILING_INFO_start function null from ../subjects/backbone/node_modules/jquery/dist/jquery.js in 1640_PROFILING_INFO_
todo-view-instrumented.js:67 _PROFILING_INFO_start function null from ../subjects/backbone/js/views/todo-view.js in 74_PROFILING_INFO_
jquery-instrumented.js:6425 _PROFILING_INFO_start function null from ../subjects/backbone/node_modules/jquery/dist/jquery.js in 7893_PROFILING_INFO_
jquery-instrumented.js:6396 _PROFILING_INFO_start function null from ../subjects/backbone/node_modules/jquery/dist/jquery.js in 7873_PROFILING_INFO_
jquery-instrumented.js:6401 _PROFILING_INFO_start function null from ../subjects/backbone/node_modules/jquery/dist/jquery.js in 7874_PROFILING_INFO_
jquery-instrumented.js:3867 _PROFILING_INFO_start function null from ../subjects/backbone/node_modules/jquery/dist/jquery.js in 4909_PROFILING_INFO_
jquery-instrumented.js:3539 _PROFILING_INFO_start function safeActiveElement from ../subjects/backbone/node_modules/jquery/dist/jquery.js in 4440_PROFILING_INFO_
todo-view-instrumented.js:101 _PROFILING_INFO_start function null from ../subjects/backbone/js/views/todo-view.js in 110_PROFILING_INFO_
todo-view-instrumented.js:92 _PROFILING_INFO_start function null from ../subjects/backbone/js/views/todo-view.js in 102_PROFILING_INFO_
todo-view-instrumented.js:75 _PROFILING_INFO_start function null from ../subjects/backbone/js/views/todo-view.js in 80_PROFILING_INFO_
jquery-instrumented.js:6153 _PROFILING_INFO_start function null from ../subjects/backbone/node_modules/jquery/dist/jquery.js in 7518_PROFILING_INFO_
app-view-instrumented.js:109 _PROFILING_INFO_start function null from ../subjects/backbone/js/views/app-view.js in 116_PROFILING_INFO_
underscore-instrumented.js:1579 _PROFILING_INFO_start function null from ../subjects/backbone/node_modules/underscore/underscore.js in 1433_PROFILING_INFO_
underscore-instrumented.js:1592 _PROFILING_INFO_start function null from ../subjects/backbone/node_modules/underscore/underscore.js in 1442_PROFILING_INFO_
backbone-instrumented.js:638 _PROFILING_INFO_start function null from ../subjects/backbone/node_modules/backbone/backbone.js in 674_PROFILING_INFO_
backbone.localStorage-instrumented.js:165 _PROFILING_INFO_start function null from ../subjects/backbone/node_modules/backbone.localstorage/backbone.localStorage.js in 124_PROFILING_INFO_
backbone-instrumented.js:655 _PROFILING_INFO_start function null from ../subjects/backbone/node_modules/backbone/backbone.js in 685_PROFILING_INFO_
backbone-instrumented.js:647 _PROFILING_INFO_start function null from ../subjects/backbone/node_modules/backbone/backbone.js in 680_PROFILING_INFO_
backbone-instrumented.js:158 _PROFILING_INFO_start function null from ../subjects/backbone/node_modules/backbone/backbone.js in 200_PROFILING_INFO_
backbone-instrumented.js:1378 _PROFILING_INFO_start function null from ../subjects/backbone/node_modules/backbone/backbone.js in 1348_PROFILING_INFO_
backbone-instrumented.js:1387 _PROFILING_INFO_start function null from ../subjects/backbone/node_modules/backbone/backbone.js in 1357_PROFILING_INFO_
jquery-instrumented.js:4293 _PROFILING_INFO_start function null from ../subjects/backbone/node_modules/jquery/dist/jquery.js in 5414_PROFILING_INFO_
jquery-instrumented.js:4200 _PROFILING_INFO_start function remove from ../subjects/backbone/node_modules/jquery/dist/jquery.js in 5302_PROFILING_INFO_
jquery-instrumented.js:238 _PROFILING_INFO_start function null from ../subjects/backbone/node_modules/jquery/dist/jquery.js in 303_PROFILING_INFO_
jquery-instrumented.js:3924 _PROFILING_INFO_start function null from ../subjects/backbone/node_modules/jquery/dist/jquery.js in 4955_PROFILING_INFO_
backbone-instrumented.js:145 _PROFILING_INFO_start function null from ../subjects/backbone/node_modules/backbone/backbone.js in 188_PROFILING_INFO_
backbone-instrumented.js:179 _PROFILING_INFO_start function null from ../subjects/backbone/node_modules/backbone/backbone.js in 221_PROFILING_INFO_
backbone-instrumented.js:328 _PROFILING_INFO_start function null from ../subjects/backbone/node_modules/backbone/backbone.js in 359_PROFILING_INFO_
backbone-instrumented.js:347 _PROFILING_INFO_start function null from ../subjects/backbone/node_modules/backbone/backbone.js in 375_PROFILING_INFO_
underscore-instrumented.js:313 _PROFILING_INFO_start function isEmpty from ../subjects/backbone/node_modules/underscore/underscore.js in 295_PROFILING_INFO_
backbone-instrumented.js:814 _PROFILING_INFO_start function null from ../subjects/backbone/node_modules/backbone/backbone.js in 822_PROFILING_INFO_
backbone-instrumented.js:1189 _PROFILING_INFO_start function null from ../subjects/backbone/node_modules/backbone/backbone.js in 1156_PROFILING_INFO_
underscore-instrumented.js:1406 _PROFILING_INFO_start function null from ../subjects/backbone/node_modules/underscore/underscore.js in 1275_PROFILING_INFO_
backbone-instrumented.js:1233 _PROFILING_INFO_start function null from ../subjects/backbone/node_modules/backbone/backbone.js in 1198_PROFILING_INFO_
jquery-instrumented.js:3960 _PROFILING_INFO_start function null from ../subjects/backbone/node_modules/jquery/dist/jquery.js in 5011_PROFILING_INFO_
jquery-instrumented.js:3971 _PROFILING_INFO_start function null from ../subjects/backbone/node_modules/jquery/dist/jquery.js in 5020_PROFILING_INFO_
todo-view-instrumented.js:111 _PROFILING_INFO_start function null from ../subjects/backbone/js/views/todo-view.js in 119_PROFILING_INFO_
app-view-instrumented.js:117 _PROFILING_INFO_start function null from ../subjects/backbone/js/views/app-view.js in 121_PROFILING_INFO_
app-view-instrumented.js:123 _PROFILING_INFO_start function null from ../subjects/backbone/js/views/app-view.js in 124_PROFILING_INFO_
