base-instrumented.js:5 _PROFILING_INFO_start function null from ../subjects/closure/node_modules/todomvc-common/base.js in 2_PROFILING_INFO_
base-instrumented.js:11 _PROFILING_INFO_start function null from ../subjects/closure/node_modules/todomvc-common/base.js in 8_PROFILING_INFO_
base-instrumented.js:136 _PROFILING_INFO_start function redirect from ../subjects/closure/node_modules/todomvc-common/base.js in 126_PROFILING_INFO_
​ _PROFILING_INFO_start function getFile from ../subjects/closure/node_modules/todomvc-common/base.js in 137_PROFILING_INFO_
​ _PROFILING_INFO_start function findRoot from ../subjects/closure/node_modules/todomvc-common/base.js in 132_PROFILING_INFO_
​  GET http://localhost:8000/closure/learn.json 404 (File not found)
getFile @ base-instrumented.js:160
(anonymous) @ base-instrumented.js:267
(anonymous) @ base-instrumented.js:268
​ _PROFILING_INFO_start function null from ../subjects/closure/node_modules/todomvc-common/base.js in 147_PROFILING_INFO_
​ _PROFILING_INFO_start function null from ../subjects/closure/js/compiled.js in 1_PROFILING_INFO_
​ _PROFILING_INFO_start function z from ../subjects/closure/js/compiled.js in 5_PROFILING_INFO_
​ _PROFILING_INFO_start function c from ../subjects/closure/js/compiled.js in 5_PROFILING_INFO_
​ _PROFILING_INFO_start function D from ../subjects/closure/js/compiled.js in 10_PROFILING_INFO_
​ _PROFILING_INFO_start function ib from ../subjects/closure/js/compiled.js in 11_PROFILING_INFO_
​ _PROFILING_INFO_start function null from ../subjects/closure/js/compiled.js in 12_PROFILING_INFO_
​ _PROFILING_INFO_start function ob from ../subjects/closure/js/compiled.js in 11_PROFILING_INFO_
​ _PROFILING_INFO_start function pb from ../subjects/closure/js/compiled.js in 11_PROFILING_INFO_
​ _PROFILING_INFO_start function K from ../subjects/closure/js/compiled.js in 13_PROFILING_INFO_
​ _PROFILING_INFO_start function null from ../subjects/closure/js/compiled.js in 5_PROFILING_INFO_
​ _PROFILING_INFO_start function Ba from ../subjects/closure/js/compiled.js in 6_PROFILING_INFO_
​ _PROFILING_INFO_start function hb from ../subjects/closure/js/compiled.js in 11_PROFILING_INFO_
​ _PROFILING_INFO_start function t from ../subjects/closure/js/compiled.js in 3_PROFILING_INFO_
​ _PROFILING_INFO_start function da from ../subjects/closure/js/compiled.js in 2_PROFILING_INFO_
​ _PROFILING_INFO_start function R from ../subjects/closure/js/compiled.js in 28_PROFILING_INFO_
​ _PROFILING_INFO_start function null from ../subjects/closure/js/compiled.js in 28_PROFILING_INFO_
​ _PROFILING_INFO_start function zc from ../subjects/closure/js/compiled.js in 30_PROFILING_INFO_
​ _PROFILING_INFO_start function qc from ../subjects/closure/js/compiled.js in 28_PROFILING_INFO_
​ _PROFILING_INFO_start function null from ../subjects/closure/js/compiled.js in 30_PROFILING_INFO_
​ _PROFILING_INFO_start function null from ../subjects/closure/js/compiled.js in 45_PROFILING_INFO_
​ _PROFILING_INFO_start function null from ../subjects/closure/js/compiled.js in 83_PROFILING_INFO_
​ _PROFILING_INFO_start function aa from ../subjects/closure/js/compiled.js in 1_PROFILING_INFO_
​ _PROFILING_INFO_start function r from ../subjects/closure/js/compiled.js in 1_PROFILING_INFO_
​ _PROFILING_INFO_start function ca from ../subjects/closure/js/compiled.js in 1_PROFILING_INFO_
​ _PROFILING_INFO_start function Gd from ../subjects/closure/js/compiled.js in 105_PROFILING_INFO_
​ _PROFILING_INFO_start function y from ../subjects/closure/js/compiled.js in 3_PROFILING_INFO_
​ _PROFILING_INFO_start function ga from ../subjects/closure/js/compiled.js in 3_PROFILING_INFO_
​ _PROFILING_INFO_start function null from ../subjects/closure/js/compiled.js in 136_PROFILING_INFO_
​ _PROFILING_INFO_start function null from ../subjects/closure/js/compiled.js in 137_PROFILING_INFO_
​ _PROFILING_INFO_start function Le from ../subjects/closure/js/compiled.js in 135_PROFILING_INFO_
​ _PROFILING_INFO_start function P from ../subjects/closure/js/compiled.js in 24_PROFILING_INFO_
​ _PROFILING_INFO_start function E from ../subjects/closure/js/compiled.js in 11_PROFILING_INFO_
​ _PROFILING_INFO_start function Ib from ../subjects/closure/js/compiled.js in 17_PROFILING_INFO_
​ _PROFILING_INFO_start function Cd from ../subjects/closure/js/compiled.js in 105_PROFILING_INFO_
​ _PROFILING_INFO_start function td from ../subjects/closure/js/compiled.js in 103_PROFILING_INFO_
​ _PROFILING_INFO_start function null from ../subjects/closure/js/compiled.js in 26_PROFILING_INFO_
​ _PROFILING_INFO_start function null from ../subjects/closure/js/compiled.js in 17_PROFILING_INFO_
​ _PROFILING_INFO_start function Jb from ../subjects/closure/js/compiled.js in 19_PROFILING_INFO_
​ _PROFILING_INFO_start function Gb from ../subjects/closure/js/compiled.js in 17_PROFILING_INFO_
​ _PROFILING_INFO_start function tf from ../subjects/closure/js/compiled.js in 153_PROFILING_INFO_
​ _PROFILING_INFO_start function sf from ../subjects/closure/js/compiled.js in 153_PROFILING_INFO_
​ _PROFILING_INFO_start function Y from ../subjects/closure/js/compiled.js in 142_PROFILING_INFO_
​ _PROFILING_INFO_start function S from ../subjects/closure/js/compiled.js in 105_PROFILING_INFO_
​ _PROFILING_INFO_start function Ac from ../subjects/closure/js/compiled.js in 34_PROFILING_INFO_
​ _PROFILING_INFO_start function Bc from ../subjects/closure/js/compiled.js in 39_PROFILING_INFO_
​ _PROFILING_INFO_start function null from ../subjects/closure/js/compiled.js in 152_PROFILING_INFO_
​ _PROFILING_INFO_start function null from ../subjects/closure/js/compiled.js in 142_PROFILING_INFO_
​ _PROFILING_INFO_start function null from ../subjects/closure/js/compiled.js in 141_PROFILING_INFO_
​ _PROFILING_INFO_start function null from ../subjects/closure/js/compiled.js in 107_PROFILING_INFO_
​ _PROFILING_INFO_start function bf from ../subjects/closure/js/compiled.js in 140_PROFILING_INFO_
​ _PROFILING_INFO_start function null from ../subjects/closure/js/compiled.js in 108_PROFILING_INFO_
​ _PROFILING_INFO_start function null from ../subjects/closure/js/compiled.js in 153_PROFILING_INFO_
​ _PROFILING_INFO_start function Cc from ../subjects/closure/js/compiled.js in 37_PROFILING_INFO_
​ _PROFILING_INFO_start function null from ../subjects/closure/js/compiled.js in 143_PROFILING_INFO_
​ _PROFILING_INFO_start function null from ../subjects/closure/js/compiled.js in 140_PROFILING_INFO_
​ _PROFILING_INFO_start function ie from ../subjects/closure/js/compiled.js in 117_PROFILING_INFO_
​ _PROFILING_INFO_start function null from ../subjects/closure/js/compiled.js in 6_PROFILING_INFO_
​ _PROFILING_INFO_start function ke from ../subjects/closure/js/compiled.js in 117_PROFILING_INFO_
​ _PROFILING_INFO_start function jf from ../subjects/closure/js/compiled.js in 141_PROFILING_INFO_
​ _PROFILING_INFO_start function null from ../subjects/closure/js/compiled.js in 109_PROFILING_INFO_
​ _PROFILING_INFO_start function Vd from ../subjects/closure/js/compiled.js in 112_PROFILING_INFO_
​ _PROFILING_INFO_start function null from ../subjects/closure/js/compiled.js in 151_PROFILING_INFO_
​ _PROFILING_INFO_start function Dd from ../subjects/closure/js/compiled.js in 105_PROFILING_INFO_
​ _PROFILING_INFO_start function Rd from ../subjects/closure/js/compiled.js in 107_PROFILING_INFO_
​ _PROFILING_INFO_start function Qc from ../subjects/closure/js/compiled.js in 42_PROFILING_INFO_
​ _PROFILING_INFO_start function null from ../subjects/closure/js/compiled.js in 42_PROFILING_INFO_
​ _PROFILING_INFO_start function O from ../subjects/closure/js/compiled.js in 19_PROFILING_INFO_
​ _PROFILING_INFO_start function Ob from ../subjects/closure/js/compiled.js in 24_PROFILING_INFO_
compiled-instrumented.js:1079 _PROFILING_INFO_start function Pb from ../subjects/closure/js/compiled.js in 24_PROFILING_INFO_
compiled-instrumented.js:946 _PROFILING_INFO_start function Qb from ../subjects/closure/js/compiled.js in 20_PROFILING_INFO_
compiled-instrumented.js:5101 _PROFILING_INFO_start function Ye from ../subjects/closure/js/compiled.js in 137_PROFILING_INFO_
compiled-instrumented.js:4389 _PROFILING_INFO_start function V from ../subjects/closure/js/compiled.js in 124_PROFILING_INFO_
compiled-instrumented.js:3587 _PROFILING_INFO_start function Ud from ../subjects/closure/js/compiled.js in 108_PROFILING_INFO_
compiled-instrumented.js:4442 _PROFILING_INFO_start function null from ../subjects/closure/js/compiled.js in 125_PROFILING_INFO_
compiled-instrumented.js:4530 _PROFILING_INFO_start function null from ../subjects/closure/js/compiled.js in 128_PROFILING_INFO_
compiled-instrumented.js:5062 _PROFILING_INFO_start function We from ../subjects/closure/js/compiled.js in 137_PROFILING_INFO_
compiled-instrumented.js:5006 _PROFILING_INFO_start function Ue from ../subjects/closure/js/compiled.js in 136_PROFILING_INFO_
compiled-instrumented.js:246 _PROFILING_INFO_start function sa from ../subjects/closure/js/compiled.js in 6_PROFILING_INFO_
compiled-instrumented.js:4981 _PROFILING_INFO_start function Se from ../subjects/closure/js/compiled.js in 136_PROFILING_INFO_
compiled-instrumented.js:5018 _PROFILING_INFO_start function b from ../subjects/closure/js/compiled.js in 136_PROFILING_INFO_
compiled-instrumented.js:1702 _PROFILING_INFO_start function Gc from ../subjects/closure/js/compiled.js in 36_PROFILING_INFO_
compiled-instrumented.js:4181 _PROFILING_INFO_start function ve from ../subjects/closure/js/compiled.js in 120_PROFILING_INFO_
compiled-instrumented.js:4584 _PROFILING_INFO_start function null from ../subjects/closure/js/compiled.js in 129_PROFILING_INFO_
compiled-instrumented.js:4173 _PROFILING_INFO_start function ue from ../subjects/closure/js/compiled.js in 120_PROFILING_INFO_
compiled-instrumented.js:4097 _PROFILING_INFO_start function null from ../subjects/closure/js/compiled.js in 118_PROFILING_INFO_
compiled-instrumented.js:4201 _PROFILING_INFO_start function null from ../subjects/closure/js/compiled.js in 120_PROFILING_INFO_
compiled-instrumented.js:3443 _PROFILING_INFO_start function Fd from ../subjects/closure/js/compiled.js in 105_PROFILING_INFO_
compiled-instrumented.js:4486 _PROFILING_INFO_start function null from ../subjects/closure/js/compiled.js in 126_PROFILING_INFO_
compiled-instrumented.js:3709 _PROFILING_INFO_start function Xd from ../subjects/closure/js/compiled.js in 111_PROFILING_INFO_
compiled-instrumented.js:4223 _PROFILING_INFO_start function null from ../subjects/closure/js/compiled.js in 121_PROFILING_INFO_
compiled-instrumented.js:4421 _PROFILING_INFO_start function null from ../subjects/closure/js/compiled.js in 124_PROFILING_INFO_
compiled-instrumented.js:4299 _PROFILING_INFO_start function null from ../subjects/closure/js/compiled.js in 122_PROFILING_INFO_
compiled-instrumented.js:1776 _PROFILING_INFO_start function Mc from ../subjects/closure/js/compiled.js in 38_PROFILING_INFO_
compiled-instrumented.js:1790 _PROFILING_INFO_start function Nc from ../subjects/closure/js/compiled.js in 38_PROFILING_INFO_
compiled-instrumented.js:1783 _PROFILING_INFO_start function Pc from ../subjects/closure/js/compiled.js in 38_PROFILING_INFO_
compiled-instrumented.js:4503 _PROFILING_INFO_start function Be from ../subjects/closure/js/compiled.js in 127_PROFILING_INFO_
compiled-instrumented.js:3803 _PROFILING_INFO_start function Zd from ../subjects/closure/js/compiled.js in 113_PROFILING_INFO_
compiled-instrumented.js:3912 _PROFILING_INFO_start function $d from ../subjects/closure/js/compiled.js in 117_PROFILING_INFO_
compiled-instrumented.js:5070 _PROFILING_INFO_start function Xe from ../subjects/closure/js/compiled.js in 137_PROFILING_INFO_
compiled-instrumented.js:2017 _PROFILING_INFO_start function Vc from ../subjects/closure/js/compiled.js in 43_PROFILING_INFO_
compiled-instrumented.js:1321 _PROFILING_INFO_start function ec from ../subjects/closure/js/compiled.js in 28_PROFILING_INFO_
compiled-instrumented.js:1287 _PROFILING_INFO_start function Q from ../subjects/closure/js/compiled.js in 28_PROFILING_INFO_
compiled-instrumented.js:1511 _PROFILING_INFO_start function wc from ../subjects/closure/js/compiled.js in 29_PROFILING_INFO_
compiled-instrumented.js:1566 _PROFILING_INFO_start function xc from ../subjects/closure/js/compiled.js in 31_PROFILING_INFO_
compiled-instrumented.js:1310 _PROFILING_INFO_start function dc from ../subjects/closure/js/compiled.js in 28_PROFILING_INFO_
compiled-instrumented.js:1483 _PROFILING_INFO_start function sc from ../subjects/closure/js/compiled.js in 28_PROFILING_INFO_
compiled-instrumented.js:87 _PROFILING_INFO_start function u from ../subjects/closure/js/compiled.js in 3_PROFILING_INFO_
compiled-instrumented.js:1224 _PROFILING_INFO_start function Zb from ../subjects/closure/js/compiled.js in 27_PROFILING_INFO_
compiled-instrumented.js:151 _PROFILING_INFO_start function la from ../subjects/closure/js/compiled.js in 4_PROFILING_INFO_
compiled-instrumented.js:117 _PROFILING_INFO_start function ja from ../subjects/closure/js/compiled.js in 3_PROFILING_INFO_
compiled-instrumented.js:159 _PROFILING_INFO_start function ma from ../subjects/closure/js/compiled.js in 5_PROFILING_INFO_
compiled-instrumented.js:566 _PROFILING_INFO_start function lb from ../subjects/closure/js/compiled.js in 11_PROFILING_INFO_
compiled-instrumented.js:2164 _PROFILING_INFO_start function $c from ../subjects/closure/js/compiled.js in 47_PROFILING_INFO_
compiled-instrumented.js:2171 _PROFILING_INFO_start function dd from ../subjects/closure/js/compiled.js in 47_PROFILING_INFO_
compiled-instrumented.js:2180 _PROFILING_INFO_start function Zc from ../subjects/closure/js/compiled.js in 47_PROFILING_INFO_
compiled-instrumented.js:4864 _PROFILING_INFO_start function null from ../subjects/closure/js/compiled.js in 135_PROFILING_INFO_
compiled-instrumented.js:408 _PROFILING_INFO_start function Qa from ../subjects/closure/js/compiled.js in 9_PROFILING_INFO_
compiled-instrumented.js:3199 _PROFILING_INFO_start function null from ../subjects/closure/js/compiled.js in 103_PROFILING_INFO_
compiled-instrumented.js:3368 _PROFILING_INFO_start function null from ../subjects/closure/js/compiled.js in 104_PROFILING_INFO_
compiled-instrumented.js:4913 _PROFILING_INFO_start function Me from ../subjects/closure/js/compiled.js in 136_PROFILING_INFO_
compiled-instrumented.js:4949 _PROFILING_INFO_start function Pe from ../subjects/closure/js/compiled.js in 136_PROFILING_INFO_
compiled-instrumented.js:668 _PROFILING_INFO_start function L from ../subjects/closure/js/compiled.js in 14_PROFILING_INFO_
compiled-instrumented.js:1139 _PROFILING_INFO_start function null from ../subjects/closure/js/compiled.js in 25_PROFILING_INFO_
compiled-instrumented.js:1191 _PROFILING_INFO_start function Yb from ../subjects/closure/js/compiled.js in 26_PROFILING_INFO_
compiled-instrumented.js:5990 _PROFILING_INFO_start function uf from ../subjects/closure/js/compiled.js in 155_PROFILING_INFO_
compiled-instrumented.js:3794 _PROFILING_INFO_start function null from ../subjects/closure/js/compiled.js in 113_PROFILING_INFO_
compiled-instrumented.js:354 _PROFILING_INFO_start function null from ../subjects/closure/js/compiled.js in 8_PROFILING_INFO_
compiled-instrumented.js:3960 _PROFILING_INFO_start function he from ../subjects/closure/js/compiled.js in 117_PROFILING_INFO_
compiled-instrumented.js:1798 _PROFILING_INFO_start function Oc from ../subjects/closure/js/compiled.js in 39_PROFILING_INFO_
compiled-instrumented.js:6023 _PROFILING_INFO_start function null from ../subjects/closure/js/compiled.js in 155_PROFILING_INFO_
compiled-instrumented.js:2122 _PROFILING_INFO_start function null from ../subjects/closure/js/compiled.js in 46_PROFILING_INFO_
compiled-instrumented.js:2007 _PROFILING_INFO_start function Uc from ../subjects/closure/js/compiled.js in 43_PROFILING_INFO_
compiled-instrumented.js:1990 _PROFILING_INFO_start function Sc from ../subjects/closure/js/compiled.js in 43_PROFILING_INFO_
compiled-instrumented.js:5975 _PROFILING_INFO_start function null from ../subjects/closure/js/compiled.js in 154_PROFILING_INFO_
compiled-instrumented.js:2226 _PROFILING_INFO_start function null from ../subjects/closure/js/compiled.js in 49_PROFILING_INFO_
compiled-instrumented.js:2239 _PROFILING_INFO_start function ed from ../subjects/closure/js/compiled.js in 50_PROFILING_INFO_
compiled-instrumented.js:951 _PROFILING_INFO_start function null from ../subjects/closure/js/compiled.js in 20_PROFILING_INFO_
compiled-instrumented.js:1025 _PROFILING_INFO_start function Sb from ../subjects/closure/js/compiled.js in 23_PROFILING_INFO_
compiled-instrumented.js:702 _PROFILING_INFO_start function M from ../subjects/closure/js/compiled.js in 14_PROFILING_INFO_
compiled-instrumented.js:1016 _PROFILING_INFO_start function Wb from ../subjects/closure/js/compiled.js in 22_PROFILING_INFO_
compiled-instrumented.js:2156 _PROFILING_INFO_start function null from ../subjects/closure/js/compiled.js in 47_PROFILING_INFO_
compiled-instrumented.js:5576 _PROFILING_INFO_start function null from ../subjects/closure/js/compiled.js in 146_PROFILING_INFO_
compiled-instrumented.js:6049 _PROFILING_INFO_start function null from ../subjects/closure/js/compiled.js in 156_PROFILING_INFO_
compiled-instrumented.js:4819 _PROFILING_INFO_start function Ke from ../subjects/closure/js/compiled.js in 135_PROFILING_INFO_
compiled-instrumented.js:4884 _PROFILING_INFO_start function Ne from ../subjects/closure/js/compiled.js in 136_PROFILING_INFO_
compiled-instrumented.js:391 _PROFILING_INFO_start function Oa from ../subjects/closure/js/compiled.js in 9_PROFILING_INFO_
compiled-instrumented.js:4928 _PROFILING_INFO_start function Oe from ../subjects/closure/js/compiled.js in 136_PROFILING_INFO_
compiled-instrumented.js:3096 _PROFILING_INFO_start function nd from ../subjects/closure/js/compiled.js in 100_PROFILING_INFO_
compiled-instrumented.js:3105 _PROFILING_INFO_start function pd from ../subjects/closure/js/compiled.js in 100_PROFILING_INFO_
compiled-instrumented.js:3112 _PROFILING_INFO_start function od from ../subjects/closure/js/compiled.js in 101_PROFILING_INFO_
compiled-instrumented.js:3169 _PROFILING_INFO_start function qd from ../subjects/closure/js/compiled.js in 103_PROFILING_INFO_
compiled-instrumented.js:5201 _PROFILING_INFO_start function X from ../subjects/closure/js/compiled.js in 138_PROFILING_INFO_
compiled-instrumented.js:5141 _PROFILING_INFO_start function Ze from ../subjects/closure/js/compiled.js in 137_PROFILING_INFO_
compiled-instrumented.js:4648 _PROFILING_INFO_start function Ge from ../subjects/closure/js/compiled.js in 130_PROFILING_INFO_
compiled-instrumented.js:5186 _PROFILING_INFO_start function null from ../subjects/closure/js/compiled.js in 138_PROFILING_INFO_
compiled-instrumented.js:4620 _PROFILING_INFO_start function Ee from ../subjects/closure/js/compiled.js in 130_PROFILING_INFO_
compiled-instrumented.js:4665 _PROFILING_INFO_start function De from ../subjects/closure/js/compiled.js in 131_PROFILING_INFO_
compiled-instrumented.js:5703 _PROFILING_INFO_start function null from ../subjects/closure/js/compiled.js in 149_PROFILING_INFO_
compiled-instrumented.js:3737 _PROFILING_INFO_start function Wd from ../subjects/closure/js/compiled.js in 112_PROFILING_INFO_
compiled-instrumented.js:3682 _PROFILING_INFO_start function null from ../subjects/closure/js/compiled.js in 110_PROFILING_INFO_
compiled-instrumented.js:3511 _PROFILING_INFO_start function null from ../subjects/closure/js/compiled.js in 106_PROFILING_INFO_
compiled-instrumented.js:501 _PROFILING_INFO_start function eb from ../subjects/closure/js/compiled.js in 10_PROFILING_INFO_
compiled-instrumented.js:3545 _PROFILING_INFO_start function Sd from ../subjects/closure/js/compiled.js in 107_PROFILING_INFO_
compiled-instrumented.js:1118 _PROFILING_INFO_start function null from ../subjects/closure/js/compiled.js in 24_PROFILING_INFO_
compiled-instrumented.js:448 _PROFILING_INFO_start function Ua from ../subjects/closure/js/compiled.js in 10_PROFILING_INFO_
compiled-instrumented.js:455 _PROFILING_INFO_start function Va from ../subjects/closure/js/compiled.js in 10_PROFILING_INFO_
compiled-instrumented.js:3753 _PROFILING_INFO_start function U from ../subjects/closure/js/compiled.js in 112_PROFILING_INFO_
compiled-instrumented.js:4260 _PROFILING_INFO_start function we from ../subjects/closure/js/compiled.js in 122_PROFILING_INFO_
compiled-instrumented.js:5193 _PROFILING_INFO_start function $e from ../subjects/closure/js/compiled.js in 138_PROFILING_INFO_
compiled-instrumented.js:5694 _PROFILING_INFO_start function kf from ../subjects/closure/js/compiled.js in 149_PROFILING_INFO_
compiled-instrumented.js:5727 _PROFILING_INFO_start function null from ../subjects/closure/js/compiled.js in 150_PROFILING_INFO_
compiled-instrumented.js:3767 _PROFILING_INFO_start function Yd from ../subjects/closure/js/compiled.js in 112_PROFILING_INFO_
compiled-instrumented.js:3774 _PROFILING_INFO_start function null from ../subjects/closure/js/compiled.js in 112_PROFILING_INFO_
compiled-instrumented.js:3744 _PROFILING_INFO_start function Td from ../subjects/closure/js/compiled.js in 112_PROFILING_INFO_
compiled-instrumented.js:418 _PROFILING_INFO_start function Ra from ../subjects/closure/js/compiled.js in 9_PROFILING_INFO_
compiled-instrumented.js:1967 _PROFILING_INFO_start function null from ../subjects/closure/js/compiled.js in 43_PROFILING_INFO_
compiled-instrumented.js:483 _PROFILING_INFO_start function cb from ../subjects/closure/js/compiled.js in 10_PROFILING_INFO_
compiled-instrumented.js:979 _PROFILING_INFO_start function Ub from ../subjects/closure/js/compiled.js in 21_PROFILING_INFO_
compiled-instrumented.js:853 _PROFILING_INFO_start function Kb from ../subjects/closure/js/compiled.js in 18_PROFILING_INFO_
compiled-instrumented.js:807 _PROFILING_INFO_start function Hb from ../subjects/closure/js/compiled.js in 17_PROFILING_INFO_
compiled-instrumented.js:3923 _PROFILING_INFO_start function null from ../subjects/closure/js/compiled.js in 117_PROFILING_INFO_
compiled-instrumented.js:1726 _PROFILING_INFO_start function Ic from ../subjects/closure/js/compiled.js in 36_PROFILING_INFO_
compiled-instrumented.js:4672 _PROFILING_INFO_start function null from ../subjects/closure/js/compiled.js in 131_PROFILING_INFO_
compiled-instrumented.js:1733 _PROFILING_INFO_start function Jc from ../subjects/closure/js/compiled.js in 37_PROFILING_INFO_
compiled-instrumented.js:5521 _PROFILING_INFO_start function null from ../subjects/closure/js/compiled.js in 144_PROFILING_INFO_
compiled-instrumented.js:4658 _PROFILING_INFO_start function W from ../subjects/closure/js/compiled.js in 130_PROFILING_INFO_
compiled-instrumented.js:3487 _PROFILING_INFO_start function Id from ../subjects/closure/js/compiled.js in 106_PROFILING_INFO_
compiled-instrumented.js:5528 _PROFILING_INFO_start function null from ../subjects/closure/js/compiled.js in 145_PROFILING_INFO_
compiled-instrumented.js:4641 _PROFILING_INFO_start function null from ../subjects/closure/js/compiled.js in 130_PROFILING_INFO_
compiled-instrumented.js:4687 _PROFILING_INFO_start function null from ../subjects/closure/js/compiled.js in 132_PROFILING_INFO_
compiled-instrumented.js:761 _PROFILING_INFO_start function Db from ../subjects/closure/js/compiled.js in 16_PROFILING_INFO_
compiled-instrumented.js:5249 _PROFILING_INFO_start function null from ../subjects/closure/js/compiled.js in 139_PROFILING_INFO_
compiled-instrumented.js:4709 _PROFILING_INFO_start function He from ../subjects/closure/js/compiled.js in 133_PROFILING_INFO_
compiled-instrumented.js:685 _PROFILING_INFO_start function null from ../subjects/closure/js/compiled.js in 14_PROFILING_INFO_
compiled-instrumented.js:4011 _PROFILING_INFO_start function le from ../subjects/closure/js/compiled.js in 117_PROFILING_INFO_
compiled-instrumented.js:4721 _PROFILING_INFO_start function null from ../subjects/closure/js/compiled.js in 133_PROFILING_INFO_
compiled-instrumented.js:3873 _PROFILING_INFO_start function null from ../subjects/closure/js/compiled.js in 115_PROFILING_INFO_
compiled-instrumented.js:2974 _PROFILING_INFO_start function id from ../subjects/closure/js/compiled.js in 98_PROFILING_INFO_
compiled-instrumented.js:3046 _PROFILING_INFO_start function kd from ../subjects/closure/js/compiled.js in 99_PROFILING_INFO_
compiled-instrumented.js:3014 _PROFILING_INFO_start function jd from ../subjects/closure/js/compiled.js in 99_PROFILING_INFO_
compiled-instrumented.js:3890 _PROFILING_INFO_start function null from ../subjects/closure/js/compiled.js in 116_PROFILING_INFO_
compiled-instrumented.js:3940 _PROFILING_INFO_start function ee from ../subjects/closure/js/compiled.js in 117_PROFILING_INFO_
compiled-instrumented.js:768 _PROFILING_INFO_start function null from ../subjects/closure/js/compiled.js in 16_PROFILING_INFO_
compiled-instrumented.js:1718 _PROFILING_INFO_start function Hc from ../subjects/closure/js/compiled.js in 36_PROFILING_INFO_
compiled-instrumented.js:1760 _PROFILING_INFO_start function Lc from ../subjects/closure/js/compiled.js in 38_PROFILING_INFO_
compiled-instrumented.js:4058 _PROFILING_INFO_start function ne from ../subjects/closure/js/compiled.js in 118_PROFILING_INFO_
compiled-instrumented.js:4045 _PROFILING_INFO_start function me from ../subjects/closure/js/compiled.js in 118_PROFILING_INFO_
compiled-instrumented.js:329 _PROFILING_INFO_start function Ka from ../subjects/closure/js/compiled.js in 7_PROFILING_INFO_
compiled-instrumented.js:427 _PROFILING_INFO_start function Sa from ../subjects/closure/js/compiled.js in 9_PROFILING_INFO_
