base-instrumented.js:5 _PROFILING_INFO_start function null from ../subjects/dijon/node_modules/todomvc-common/base.js in 2_PROFILING_INFO_
base-instrumented.js:11 _PROFILING_INFO_start function null from ../subjects/dijon/node_modules/todomvc-common/base.js in 8_PROFILING_INFO_
base-instrumented.js:136 _PROFILING_INFO_start function redirect from ../subjects/dijon/node_modules/todomvc-common/base.js in 126_PROFILING_INFO_
base-instrumented.js:153 _PROFILING_INFO_start function getFile from ../subjects/dijon/node_modules/todomvc-common/base.js in 137_PROFILING_INFO_
​ _PROFILING_INFO_start function findRoot from ../subjects/dijon/node_modules/todomvc-common/base.js in 132_PROFILING_INFO_
​ _PROFILING_INFO_start function null from ../subjects/dijon/node_modules/jquery/dist/jquery.js in 15_PROFILING_INFO_
​ _PROFILING_INFO_start function null from ../subjects/dijon/node_modules/jquery/dist/jquery.js in 38_PROFILING_INFO_
​ _PROFILING_INFO_start function null from ../subjects/dijon/node_modules/jquery/dist/jquery.js in 175_PROFILING_INFO_
​ _PROFILING_INFO_start function null from ../subjects/dijon/node_modules/jquery/dist/jquery.js in 359_PROFILING_INFO_
​ _PROFILING_INFO_start function isArrayLike from ../subjects/dijon/node_modules/jquery/dist/jquery.js in 529_PROFILING_INFO_
​ _PROFILING_INFO_start function null from ../subjects/dijon/node_modules/jquery/dist/jquery.js in 311_PROFILING_INFO_
​ _PROFILING_INFO_start function null from ../subjects/dijon/node_modules/jquery/dist/jquery.js in 264_PROFILING_INFO_
​ _PROFILING_INFO_start function null from ../subjects/dijon/node_modules/jquery/dist/jquery.js in 525_PROFILING_INFO_
​ _PROFILING_INFO_start function null from ../subjects/dijon/node_modules/jquery/dist/jquery.js in 556_PROFILING_INFO_
​ _PROFILING_INFO_start function createCache from ../subjects/dijon/node_modules/jquery/dist/jquery.js in 878_PROFILING_INFO_
​ _PROFILING_INFO_start function markFunction from ../subjects/dijon/node_modules/jquery/dist/jquery.js in 896_PROFILING_INFO_
​ _PROFILING_INFO_start function createPositionalPseudo from ../subjects/dijon/node_modules/jquery/dist/jquery.js in 991_PROFILING_INFO_
​ _PROFILING_INFO_start function createInputPseudo from ../subjects/dijon/node_modules/jquery/dist/jquery.js in 969_PROFILING_INFO_
​ _PROFILING_INFO_start function createButtonPseudo from ../subjects/dijon/node_modules/jquery/dist/jquery.js in 980_PROFILING_INFO_
​ _PROFILING_INFO_start function setFilters from ../subjects/dijon/node_modules/jquery/dist/jquery.js in 2059_PROFILING_INFO_
​ _PROFILING_INFO_start function null from ../subjects/dijon/node_modules/jquery/dist/jquery.js in 588_PROFILING_INFO_
​ _PROFILING_INFO_start function null from ../subjects/dijon/node_modules/jquery/dist/jquery.js in 1038_PROFILING_INFO_
​ _PROFILING_INFO_start function null from ../subjects/dijon/node_modules/jquery/dist/jquery.js in 1026_PROFILING_INFO_
​ _PROFILING_INFO_start function assert from ../subjects/dijon/node_modules/jquery/dist/jquery.js in 905_PROFILING_INFO_
​ _PROFILING_INFO_start function null from ../subjects/dijon/node_modules/jquery/dist/jquery.js in 1071_PROFILING_INFO_
​ _PROFILING_INFO_start function null from ../subjects/dijon/node_modules/jquery/dist/jquery.js in 1080_PROFILING_INFO_
​ _PROFILING_INFO_start function null from ../subjects/dijon/node_modules/jquery/dist/jquery.js in 1092_PROFILING_INFO_
​ _PROFILING_INFO_start function null from ../subjects/dijon/node_modules/jquery/dist/jquery.js in 1183_PROFILING_INFO_
​ _PROFILING_INFO_start function null from ../subjects/dijon/node_modules/jquery/dist/jquery.js in 1227_PROFILING_INFO_
​ _PROFILING_INFO_start function null from ../subjects/dijon/node_modules/jquery/dist/jquery.js in 1258_PROFILING_INFO_
​ _PROFILING_INFO_start function null from ../subjects/dijon/node_modules/jquery/dist/jquery.js in 2628_PROFILING_INFO_
​ _PROFILING_INFO_start function null from ../subjects/dijon/node_modules/jquery/dist/jquery.js in 2636_PROFILING_INFO_
​ _PROFILING_INFO_start function null from ../subjects/dijon/node_modules/jquery/dist/jquery.js in 2649_PROFILING_INFO_
​ _PROFILING_INFO_start function null from ../subjects/dijon/node_modules/jquery/dist/jquery.js in 2663_PROFILING_INFO_
​ _PROFILING_INFO_start function null from ../subjects/dijon/node_modules/jquery/dist/jquery.js in 71_PROFILING_INFO_
​ _PROFILING_INFO_start function null from ../subjects/dijon/node_modules/jquery/dist/jquery.js in 2832_PROFILING_INFO_
​ _PROFILING_INFO_start function null from ../subjects/dijon/node_modules/jquery/dist/jquery.js in 3081_PROFILING_INFO_
​ _PROFILING_INFO_start function null from ../subjects/dijon/node_modules/jquery/dist/jquery.js in 3555_PROFILING_INFO_
​ _PROFILING_INFO_start function null from ../subjects/dijon/node_modules/jquery/dist/jquery.js in 3341_PROFILING_INFO_
​ _PROFILING_INFO_start function null from ../subjects/dijon/node_modules/jquery/dist/jquery.js in 3144_PROFILING_INFO_
​ _PROFILING_INFO_start function createOptions from ../subjects/dijon/node_modules/jquery/dist/jquery.js in 3114_PROFILING_INFO_
​ _PROFILING_INFO_start function null from ../subjects/dijon/node_modules/jquery/dist/jquery.js in 3116_PROFILING_INFO_
​ _PROFILING_INFO_start function null from ../subjects/dijon/node_modules/jquery/dist/jquery.js in 3396_PROFILING_INFO_
​ _PROFILING_INFO_start function null from ../subjects/dijon/node_modules/jquery/dist/jquery.js in 3222_PROFILING_INFO_
​ _PROFILING_INFO_start function add from ../subjects/dijon/node_modules/jquery/dist/jquery.js in 3231_PROFILING_INFO_
​ _PROFILING_INFO_start function null from ../subjects/dijon/node_modules/jquery/dist/jquery.js in 3232_PROFILING_INFO_
​ _PROFILING_INFO_start function null from ../subjects/dijon/node_modules/jquery/dist/jquery.js in 258_PROFILING_INFO_
​ _PROFILING_INFO_start function null from ../subjects/dijon/node_modules/jquery/dist/jquery.js in 3386_PROFILING_INFO_
​ _PROFILING_INFO_start function Data from ../subjects/dijon/node_modules/jquery/dist/jquery.js in 3660_PROFILING_INFO_
​ _PROFILING_INFO_start function null from ../subjects/dijon/node_modules/jquery/dist/jquery.js in 4399_PROFILING_INFO_
​ _PROFILING_INFO_start function null from ../subjects/dijon/node_modules/jquery/dist/jquery.js in 5055_PROFILING_INFO_
​ _PROFILING_INFO_start function null from ../subjects/dijon/node_modules/jquery/dist/jquery.js in 5555_PROFILING_INFO_
​ _PROFILING_INFO_start function null from ../subjects/dijon/node_modules/jquery/dist/jquery.js in 5683_PROFILING_INFO_
​ _PROFILING_INFO_start function null from ../subjects/dijon/node_modules/jquery/dist/jquery.js in 6205_PROFILING_INFO_
​ _PROFILING_INFO_start function addGetHookIf from ../subjects/dijon/node_modules/jquery/dist/jquery.js in 5845_PROFILING_INFO_
​ _PROFILING_INFO_start function null from ../subjects/dijon/node_modules/jquery/dist/jquery.js in 6273_PROFILING_INFO_
​ _PROFILING_INFO_start function null from ../subjects/dijon/node_modules/jquery/dist/jquery.js in 6990_PROFILING_INFO_
​ _PROFILING_INFO_start function genFx from ../subjects/dijon/node_modules/jquery/dist/jquery.js in 6473_PROFILING_INFO_
​ _PROFILING_INFO_start function null from ../subjects/dijon/node_modules/jquery/dist/jquery.js in 7007_PROFILING_INFO_
​ _PROFILING_INFO_start function null from ../subjects/dijon/node_modules/jquery/dist/jquery.js in 7082_PROFILING_INFO_
​ _PROFILING_INFO_start function null from ../subjects/dijon/node_modules/jquery/dist/jquery.js in 7225_PROFILING_INFO_
​ _PROFILING_INFO_start function null from ../subjects/dijon/node_modules/jquery/dist/jquery.js in 7360_PROFILING_INFO_
​ _PROFILING_INFO_start function null from ../subjects/dijon/node_modules/jquery/dist/jquery.js in 7694_PROFILING_INFO_
​ _PROFILING_INFO_start function null from ../subjects/dijon/node_modules/jquery/dist/jquery.js in 7890_PROFILING_INFO_
​ _PROFILING_INFO_start function null from ../subjects/dijon/node_modules/jquery/dist/jquery.js in 7921_PROFILING_INFO_
​ _PROFILING_INFO_start function addToPrefiltersOrTransports from ../subjects/dijon/node_modules/jquery/dist/jquery.js in 8025_PROFILING_INFO_
​ _PROFILING_INFO_start function null from ../subjects/dijon/node_modules/jquery/dist/jquery.js in 8796_PROFILING_INFO_
​ _PROFILING_INFO_start function null from ../subjects/dijon/node_modules/jquery/dist/jquery.js in 9034_PROFILING_INFO_
​ _PROFILING_INFO_start function null from ../subjects/dijon/node_modules/jquery/dist/jquery.js in 8028_PROFILING_INFO_
​ _PROFILING_INFO_start function null from ../subjects/dijon/node_modules/jquery/dist/jquery.js in 8341_PROFILING_INFO_
​ _PROFILING_INFO_start function ajaxExtend from ../subjects/dijon/node_modules/jquery/dist/jquery.js in 8088_PROFILING_INFO_
​ _PROFILING_INFO_start function null from ../subjects/dijon/node_modules/jquery/dist/jquery.js in 278_PROFILING_INFO_
​ _PROFILING_INFO_start function null from ../subjects/dijon/node_modules/jquery/dist/jquery.js in 9469_PROFILING_INFO_
​ _PROFILING_INFO_start function null from ../subjects/dijon/node_modules/jquery/dist/jquery.js in 9643_PROFILING_INFO_
​ _PROFILING_INFO_start function null from ../subjects/dijon/node_modules/jquery/dist/jquery.js in 9673_PROFILING_INFO_
​ _PROFILING_INFO_start function null from ../subjects/dijon/node_modules/jquery/dist/jquery.js in 9690_PROFILING_INFO_
​ _PROFILING_INFO_start function null from ../subjects/dijon/node_modules/jquery/dist/jquery.js in 9692_PROFILING_INFO_
​  GET http://localhost:8000/dijon/learn.json 404 (File not found)
getFile @ base-instrumented.js:160
(anonymous) @ base-instrumented.js:267
(anonymous) @ base-instrumented.js:268
​ _PROFILING_INFO_start function null from ../subjects/dijon/node_modules/todomvc-common/base.js in 147_PROFILING_INFO_
​ _PROFILING_INFO_start function null from ../subjects/dijon/node_modules/handlebars/dist/handlebars.js in 28_PROFILING_INFO_
​ _PROFILING_INFO_start function null from ../subjects/dijon/node_modules/handlebars/dist/handlebars.js in 30_PROFILING_INFO_
​ _PROFILING_INFO_start function null from ../subjects/dijon/node_modules/handlebars/dist/handlebars.js in 47_PROFILING_INFO_
​ _PROFILING_INFO_start function null from ../subjects/dijon/node_modules/handlebars/dist/handlebars.js in 81_PROFILING_INFO_
​ _PROFILING_INFO_start function null from ../subjects/dijon/node_modules/handlebars/dist/handlebars.js in 129_PROFILING_INFO_
​ _PROFILING_INFO_start function null from ../subjects/dijon/node_modules/handlebars/dist/handlebars.js in 163_PROFILING_INFO_
​ _PROFILING_INFO_start function null from ../subjects/dijon/node_modules/handlebars/dist/handlebars.js in 349_PROFILING_INFO_
​ _PROFILING_INFO_start function null from ../subjects/dijon/node_modules/handlebars/dist/handlebars.js in 492_PROFILING_INFO_
​ _PROFILING_INFO_start function null from ../subjects/dijon/node_modules/handlebars/dist/handlebars.js in 506_PROFILING_INFO_
​ _PROFILING_INFO_start function HandlebarsEnvironment from ../subjects/dijon/node_modules/handlebars/dist/handlebars.js in 184_PROFILING_INFO_
​ _PROFILING_INFO_start function registerDefaultHelpers from ../subjects/dijon/node_modules/handlebars/dist/handlebars.js in 216_PROFILING_INFO_
​ _PROFILING_INFO_start function null from ../subjects/dijon/node_modules/handlebars/dist/handlebars.js in 197_PROFILING_INFO_
​ _PROFILING_INFO_start function extend from ../subjects/dijon/node_modules/handlebars/dist/handlebars.js in 69_PROFILING_INFO_
​ _PROFILING_INFO_start function null from ../subjects/dijon/node_modules/handlebars/dist/handlebars.js in 530_PROFILING_INFO_
​ _PROFILING_INFO_start function null from ../subjects/dijon/node_modules/handlebars/dist/handlebars.js in 763_PROFILING_INFO_
​ _PROFILING_INFO_start function null from ../subjects/dijon/node_modules/handlebars/dist/handlebars.js in 768_PROFILING_INFO_
​ _PROFILING_INFO_start function null from ../subjects/dijon/node_modules/handlebars/dist/handlebars.js in 987_PROFILING_INFO_
​ _PROFILING_INFO_start function Parser from ../subjects/dijon/node_modules/handlebars/dist/handlebars.js in 1251_PROFILING_INFO_
​ _PROFILING_INFO_start function null from ../subjects/dijon/node_modules/handlebars/dist/handlebars.js in 1259_PROFILING_INFO_
​ _PROFILING_INFO_start function null from ../subjects/dijon/node_modules/handlebars/dist/handlebars.js in 1280_PROFILING_INFO_
​ _PROFILING_INFO_start function null from ../subjects/dijon/node_modules/handlebars/dist/handlebars.js in 1755_PROFILING_INFO_
​ _PROFILING_INFO_start function null from ../subjects/dijon/node_modules/handlebars/dist/handlebars.js in 2703_PROFILING_INFO_
​ _PROFILING_INFO_start function null from ../subjects/dijon/node_modules/handlebars/dist/handlebars.js in 2719_PROFILING_INFO_
​ _PROFILING_INFO_start function null from ../subjects/dijon/js/lib/dijon-0.5.3.js in 4_PROFILING_INFO_
​ _PROFILING_INFO_start function null from ../subjects/dijon/js/config.js in 8_PROFILING_INFO_
​ _PROFILING_INFO_start function null from ../subjects/dijon/js/models/TodosModel.js in 7_PROFILING_INFO_
​ _PROFILING_INFO_start function null from ../subjects/dijon/js/services/LocalStorageService.js in 7_PROFILING_INFO_
​ _PROFILING_INFO_start function null from ../subjects/dijon/js/utils/Utils.js in 7_PROFILING_INFO_
​ _PROFILING_INFO_start function null from ../subjects/dijon/js/views/FooterView.js in 7_PROFILING_INFO_
​ _PROFILING_INFO_start function null from ../subjects/dijon/js/views/TodoFormView.js in 7_PROFILING_INFO_
​ _PROFILING_INFO_start function null from ../subjects/dijon/js/views/TodoListView.js in 7_PROFILING_INFO_
​ _PROFILING_INFO_start function null from ../subjects/dijon/js/app.js in 2_PROFILING_INFO_
​ _PROFILING_INFO_start function null from ../subjects/dijon/js/app.js in 5_PROFILING_INFO_
​ _PROFILING_INFO_start function null from ../subjects/dijon/js/app.js in 8_PROFILING_INFO_
​ _PROFILING_INFO_start function null from ../subjects/dijon/js/lib/dijon-0.5.3.js in 29_PROFILING_INFO_
​ _PROFILING_INFO_start function null from ../subjects/dijon/js/lib/dijon-0.5.3.js in 212_PROFILING_INFO_
​ _PROFILING_INFO_start function null from ../subjects/dijon/js/lib/dijon-0.5.3.js in 238_PROFILING_INFO_
​ _PROFILING_INFO_start function null from ../subjects/dijon/js/lib/dijon-0.5.3.js in 360_PROFILING_INFO_
​ _PROFILING_INFO_start function null from ../subjects/dijon/js/lib/dijon-0.5.3.js in 173_PROFILING_INFO_
​ _PROFILING_INFO_start function null from ../subjects/dijon/js/config.js in 16_PROFILING_INFO_
​ _PROFILING_INFO_start function null from ../subjects/dijon/js/lib/dijon-0.5.3.js in 196_PROFILING_INFO_
​ _PROFILING_INFO_start function null from ../subjects/dijon/js/lib/dijon-0.5.3.js in 105_PROFILING_INFO_
​ _PROFILING_INFO_start function null from ../subjects/dijon/js/config.js in 19_PROFILING_INFO_
​ _PROFILING_INFO_start function null from ../subjects/dijon/js/lib/dijon-0.5.3.js in 295_PROFILING_INFO_
​ _PROFILING_INFO_start function null from ../subjects/dijon/js/lib/dijon-0.5.3.js in 502_PROFILING_INFO_
​ _PROFILING_INFO_start function null from ../subjects/dijon/js/lib/dijon-0.5.3.js in 566_PROFILING_INFO_
​ _PROFILING_INFO_start function null from ../subjects/dijon/js/lib/dijon-0.5.3.js in 93_PROFILING_INFO_
​ _PROFILING_INFO_start function null from ../subjects/dijon/js/services/LocalStorageService.js in 10_PROFILING_INFO_
​ _PROFILING_INFO_start function null from ../subjects/dijon/js/services/LocalStorageService.js in 16_PROFILING_INFO_
​ _PROFILING_INFO_start function null from ../subjects/dijon/js/models/TodosModel.js in 10_PROFILING_INFO_
​ _PROFILING_INFO_start function null from ../subjects/dijon/js/models/TodosModel.js in 35_PROFILING_INFO_
​ _PROFILING_INFO_start function null from ../subjects/dijon/js/views/TodoListView.js in 10_PROFILING_INFO_
​ _PROFILING_INFO_start function null from ../subjects/dijon/node_modules/jquery/dist/jquery.js in 71_PROFILING_INFO_
​ _PROFILING_INFO_start function null from ../subjects/dijon/node_modules/jquery/dist/jquery.js in 2832_PROFILING_INFO_
​ _PROFILING_INFO_start function null from ../subjects/dijon/node_modules/jquery/dist/jquery.js in 5491_PROFILING_INFO_
​ _PROFILING_INFO_start function null from ../subjects/dijon/node_modules/jquery/dist/jquery.js in 3590_PROFILING_INFO_
​ _PROFILING_INFO_start function null from ../subjects/dijon/node_modules/jquery/dist/jquery.js in 311_PROFILING_INFO_
​ _PROFILING_INFO_start function null from ../subjects/dijon/node_modules/jquery/dist/jquery.js in 5492_PROFILING_INFO_
​ _PROFILING_INFO_start function null from ../subjects/dijon/node_modules/handlebars/dist/handlebars.js in 2722_PROFILING_INFO_
​ _PROFILING_INFO_start function compile from ../subjects/dijon/node_modules/handlebars/dist/handlebars.js in 1721_PROFILING_INFO_
​ _PROFILING_INFO_start function null from ../subjects/dijon/js/views/TodoListView.js in 20_PROFILING_INFO_
​ _PROFILING_INFO_start function null from ../subjects/dijon/node_modules/jquery/dist/jquery.js in 5079_PROFILING_INFO_
​ _PROFILING_INFO_start function on from ../subjects/dijon/node_modules/jquery/dist/jquery.js in 4446_PROFILING_INFO_
​ _PROFILING_INFO_start function null from ../subjects/dijon/node_modules/jquery/dist/jquery.js in 136_PROFILING_INFO_
​ _PROFILING_INFO_start function null from ../subjects/dijon/node_modules/jquery/dist/jquery.js in 359_PROFILING_INFO_
​ _PROFILING_INFO_start function isArrayLike from ../subjects/dijon/node_modules/jquery/dist/jquery.js in 529_PROFILING_INFO_
​ _PROFILING_INFO_start function null from ../subjects/dijon/node_modules/jquery/dist/jquery.js in 264_PROFILING_INFO_
​ _PROFILING_INFO_start function null from ../subjects/dijon/node_modules/jquery/dist/jquery.js in 4502_PROFILING_INFO_
​ _PROFILING_INFO_start function null from ../subjects/dijon/node_modules/jquery/dist/jquery.js in 4515_PROFILING_INFO_
​ _PROFILING_INFO_start function null from ../subjects/dijon/node_modules/jquery/dist/jquery.js in 3746_PROFILING_INFO_
​ _PROFILING_INFO_start function null from ../subjects/dijon/node_modules/jquery/dist/jquery.js in 3688_PROFILING_INFO_
​ _PROFILING_INFO_start function null from ../subjects/dijon/node_modules/jquery/dist/jquery.js in 3645_PROFILING_INFO_
​ _PROFILING_INFO_start function null from ../subjects/dijon/node_modules/jquery/dist/jquery.js in 175_PROFILING_INFO_
​ _PROFILING_INFO_start function null from ../subjects/dijon/node_modules/jquery/dist/jquery.js in 7929_PROFILING_INFO_
​ _PROFILING_INFO_start function null from ../subjects/dijon/node_modules/jquery/dist/jquery.js in 3751_PROFILING_INFO_
​ _PROFILING_INFO_start function null from ../subjects/dijon/node_modules/jquery/dist/jquery.js in 351_PROFILING_INFO_
​ _PROFILING_INFO_start function null from ../subjects/dijon/node_modules/jquery/dist/jquery.js in 3728_PROFILING_INFO_
​ _PROFILING_INFO_start function null from ../subjects/dijon/js/views/TodoListView.js in 52_PROFILING_INFO_
​ _PROFILING_INFO_start function null from ../subjects/dijon/js/models/TodosModel.js in 39_PROFILING_INFO_
​ _PROFILING_INFO_start function null from ../subjects/dijon/node_modules/handlebars/dist/handlebars.js in 1742_PROFILING_INFO_
​ _PROFILING_INFO_start function compileInput from ../subjects/dijon/node_modules/handlebars/dist/handlebars.js in 1734_PROFILING_INFO_
​ _PROFILING_INFO_start function parse from ../subjects/dijon/node_modules/handlebars/dist/handlebars.js in 1267_PROFILING_INFO_
​ _PROFILING_INFO_start function parse from ../subjects/dijon/node_modules/handlebars/dist/handlebars.js in 873_PROFILING_INFO_
​ _PROFILING_INFO_start function null from ../subjects/dijon/node_modules/handlebars/dist/handlebars.js in 996_PROFILING_INFO_
​ _PROFILING_INFO_start function lex from ../subjects/dijon/node_modules/handlebars/dist/handlebars.js in 891_PROFILING_INFO_
​ _PROFILING_INFO_start function lex from ../subjects/dijon/node_modules/handlebars/dist/handlebars.js in 1131_PROFILING_INFO_
​ _PROFILING_INFO_start function null from ../subjects/dijon/node_modules/handlebars/dist/handlebars.js in 1077_PROFILING_INFO_
​ _PROFILING_INFO_start function _currentRules from ../subjects/dijon/node_modules/handlebars/dist/handlebars.js in 1145_PROFILING_INFO_
​ _PROFILING_INFO_start function anonymous from ../subjects/dijon/node_modules/handlebars/dist/handlebars.js in 1155_PROFILING_INFO_
​ _PROFILING_INFO_start function begin from ../subjects/dijon/node_modules/handlebars/dist/handlebars.js in 1139_PROFILING_INFO_
​ _PROFILING_INFO_start function anonymous from ../subjects/dijon/node_modules/handlebars/dist/handlebars.js in 774_PROFILING_INFO_
​ _PROFILING_INFO_start function null from ../subjects/dijon/node_modules/handlebars/dist/handlebars.js in 665_PROFILING_INFO_
​ _PROFILING_INFO_start function LocationInfo from ../subjects/dijon/node_modules/handlebars/dist/handlebars.js in 535_PROFILING_INFO_
​ _PROFILING_INFO_start function popState from ../subjects/dijon/node_modules/handlebars/dist/handlebars.js in 1142_PROFILING_INFO_
​ _PROFILING_INFO_start function null from ../subjects/dijon/node_modules/handlebars/dist/handlebars.js in 677_PROFILING_INFO_
​ _PROFILING_INFO_start function null from ../subjects/dijon/node_modules/handlebars/dist/handlebars.js in 609_PROFILING_INFO_
​ _PROFILING_INFO_start function stripFlags from ../subjects/dijon/node_modules/handlebars/dist/handlebars.js in 979_PROFILING_INFO_
​ _PROFILING_INFO_start function null from ../subjects/dijon/node_modules/handlebars/dist/handlebars.js in 578_PROFILING_INFO_
​ _PROFILING_INFO_start function null from ../subjects/dijon/node_modules/handlebars/dist/handlebars.js in 544_PROFILING_INFO_
​ _PROFILING_INFO_start function null from ../subjects/dijon/node_modules/handlebars/dist/handlebars.js in 640_PROFILING_INFO_
​ _PROFILING_INFO_start function Compiler from ../subjects/dijon/node_modules/handlebars/dist/handlebars.js in 1285_PROFILING_INFO_
​ _PROFILING_INFO_start function null from ../subjects/dijon/node_modules/handlebars/dist/handlebars.js in 1353_PROFILING_INFO_
​ _PROFILING_INFO_start function null from ../subjects/dijon/node_modules/handlebars/dist/handlebars.js in 1379_PROFILING_INFO_
​ _PROFILING_INFO_start function null from ../subjects/dijon/node_modules/handlebars/dist/handlebars.js in 1395_PROFILING_INFO_
​ _PROFILING_INFO_start function null from ../subjects/dijon/node_modules/handlebars/dist/handlebars.js in 1513_PROFILING_INFO_
​ _PROFILING_INFO_start function null from ../subjects/dijon/node_modules/handlebars/dist/handlebars.js in 1626_PROFILING_INFO_
​ _PROFILING_INFO_start function null from ../subjects/dijon/node_modules/handlebars/dist/handlebars.js in 1428_PROFILING_INFO_
​ _PROFILING_INFO_start function null from ../subjects/dijon/node_modules/handlebars/dist/handlebars.js in 1410_PROFILING_INFO_
​ _PROFILING_INFO_start function null from ../subjects/dijon/node_modules/handlebars/dist/handlebars.js in 1643_PROFILING_INFO_
​ _PROFILING_INFO_start function null from ../subjects/dijon/node_modules/handlebars/dist/handlebars.js in 1557_PROFILING_INFO_
​ _PROFILING_INFO_start function null from ../subjects/dijon/node_modules/handlebars/dist/handlebars.js in 1689_PROFILING_INFO_
​ _PROFILING_INFO_start function null from ../subjects/dijon/node_modules/handlebars/dist/handlebars.js in 1664_PROFILING_INFO_
​ _PROFILING_INFO_start function null from ../subjects/dijon/node_modules/handlebars/dist/handlebars.js in 1582_PROFILING_INFO_
​ _PROFILING_INFO_start function null from ../subjects/dijon/node_modules/handlebars/dist/handlebars.js in 1634_PROFILING_INFO_
​ _PROFILING_INFO_start function null from ../subjects/dijon/node_modules/handlebars/dist/handlebars.js in 1517_PROFILING_INFO_
​ _PROFILING_INFO_start function null from ../subjects/dijon/node_modules/handlebars/dist/handlebars.js in 1570_PROFILING_INFO_
​ _PROFILING_INFO_start function null from ../subjects/dijon/node_modules/handlebars/dist/handlebars.js in 1527_PROFILING_INFO_
​ _PROFILING_INFO_start function null from ../subjects/dijon/node_modules/handlebars/dist/handlebars.js in 1540_PROFILING_INFO_
​ _PROFILING_INFO_start function JavaScriptCompiler from ../subjects/dijon/node_modules/handlebars/dist/handlebars.js in 1767_PROFILING_INFO_
​ _PROFILING_INFO_start function null from ../subjects/dijon/node_modules/handlebars/dist/handlebars.js in 1820_PROFILING_INFO_
​ _PROFILING_INFO_start function null from ../subjects/dijon/node_modules/handlebars/dist/handlebars.js in 1295_PROFILING_INFO_
​ _PROFILING_INFO_start function log from ../subjects/dijon/node_modules/handlebars/dist/handlebars.js in 337_PROFILING_INFO_
​ _PROFILING_INFO_start function null from ../subjects/dijon/node_modules/handlebars/dist/handlebars.js in 327_PROFILING_INFO_
​ _PROFILING_INFO_start function null from ../subjects/dijon/node_modules/handlebars/dist/handlebars.js in 1874_PROFILING_INFO_
​ _PROFILING_INFO_start function null from ../subjects/dijon/node_modules/handlebars/dist/handlebars.js in 1813_PROFILING_INFO_
​ _PROFILING_INFO_start function null from ../subjects/dijon/node_modules/handlebars/dist/handlebars.js in 2575_PROFILING_INFO_
​ _PROFILING_INFO_start function null from ../subjects/dijon/node_modules/handlebars/dist/handlebars.js in 2377_PROFILING_INFO_
​ _PROFILING_INFO_start function null from ../subjects/dijon/node_modules/handlebars/dist/handlebars.js in 2399_PROFILING_INFO_
​ _PROFILING_INFO_start function null from ../subjects/dijon/node_modules/handlebars/dist/handlebars.js in 2021_PROFILING_INFO_
​ _PROFILING_INFO_start function null from ../subjects/dijon/node_modules/handlebars/dist/handlebars.js in 2446_PROFILING_INFO_
​ _PROFILING_INFO_start function null from ../subjects/dijon/node_modules/handlebars/dist/handlebars.js in 1801_PROFILING_INFO_
​ _PROFILING_INFO_start function null from ../subjects/dijon/node_modules/handlebars/dist/handlebars.js in 1900_PROFILING_INFO_
​ _PROFILING_INFO_start function null from ../subjects/dijon/node_modules/handlebars/dist/handlebars.js in 1952_PROFILING_INFO_
​ _PROFILING_INFO_start function null from ../subjects/dijon/node_modules/handlebars/dist/handlebars.js in 1319_PROFILING_INFO_
​ _PROFILING_INFO_start function null from ../subjects/dijon/node_modules/handlebars/dist/handlebars.js in 2085_PROFILING_INFO_
​ _PROFILING_INFO_start function null from ../subjects/dijon/node_modules/handlebars/dist/handlebars.js in 2098_PROFILING_INFO_
​ _PROFILING_INFO_start function null from ../subjects/dijon/node_modules/handlebars/dist/handlebars.js in 1772_PROFILING_INFO_
​ _PROFILING_INFO_start function null from ../subjects/dijon/node_modules/handlebars/dist/handlebars.js in 2691_PROFILING_INFO_
​ _PROFILING_INFO_start function null from ../subjects/dijon/node_modules/handlebars/dist/handlebars.js in 2216_PROFILING_INFO_
​ _PROFILING_INFO_start function null from ../subjects/dijon/node_modules/handlebars/dist/handlebars.js in 2241_PROFILING_INFO_
​ _PROFILING_INFO_start function null from ../subjects/dijon/node_modules/handlebars/dist/handlebars.js in 2408_PROFILING_INFO_
​ _PROFILING_INFO_start function null from ../subjects/dijon/node_modules/handlebars/dist/handlebars.js in 2442_PROFILING_INFO_
​ _PROFILING_INFO_start function Literal from ../subjects/dijon/node_modules/handlebars/dist/handlebars.js in 1763_PROFILING_INFO_
​ _PROFILING_INFO_start function null from ../subjects/dijon/node_modules/handlebars/dist/handlebars.js in 2174_PROFILING_INFO_
​ _PROFILING_INFO_start function null from ../subjects/dijon/node_modules/handlebars/dist/handlebars.js in 2292_PROFILING_INFO_
​ _PROFILING_INFO_start function null from ../subjects/dijon/node_modules/handlebars/dist/handlebars.js in 2585_PROFILING_INFO_
​ _PROFILING_INFO_start function null from ../subjects/dijon/node_modules/handlebars/dist/handlebars.js in 2653_PROFILING_INFO_
​ _PROFILING_INFO_start function null from ../subjects/dijon/node_modules/handlebars/dist/handlebars.js in 2599_PROFILING_INFO_
​ _PROFILING_INFO_start function null from ../subjects/dijon/node_modules/handlebars/dist/handlebars.js in 2547_PROFILING_INFO_
​ _PROFILING_INFO_start function null from ../subjects/dijon/node_modules/handlebars/dist/handlebars.js in 2543_PROFILING_INFO_
​ _PROFILING_INFO_start function null from ../subjects/dijon/node_modules/handlebars/dist/handlebars.js in 2055_PROFILING_INFO_
​ _PROFILING_INFO_start function null from ../subjects/dijon/node_modules/handlebars/dist/handlebars.js in 2529_PROFILING_INFO_
​ _PROFILING_INFO_start function null from ../subjects/dijon/node_modules/handlebars/dist/handlebars.js in 2457_PROFILING_INFO_
​ _PROFILING_INFO_start function null from ../subjects/dijon/node_modules/handlebars/dist/handlebars.js in 2521_PROFILING_INFO_
​ _PROFILING_INFO_start function null from ../subjects/dijon/node_modules/handlebars/dist/handlebars.js in 2526_PROFILING_INFO_
​ _PROFILING_INFO_start function null from ../subjects/dijon/node_modules/handlebars/dist/handlebars.js in 1808_PROFILING_INFO_
handlebars-instrumented.js:4834 _PROFILING_INFO_start function null from ../subjects/dijon/node_modules/handlebars/dist/handlebars.js in 2309_PROFILING_INFO_
handlebars-instrumented.js:4958 _PROFILING_INFO_start function null from ../subjects/dijon/node_modules/handlebars/dist/handlebars.js in 2435_PROFILING_INFO_
handlebars-instrumented.js:5038 _PROFILING_INFO_start function null from ../subjects/dijon/node_modules/handlebars/dist/handlebars.js in 2517_PROFILING_INFO_
handlebars-instrumented.js:4657 _PROFILING_INFO_start function null from ../subjects/dijon/node_modules/handlebars/dist/handlebars.js in 2072_PROFILING_INFO_
handlebars-instrumented.js:4681 _PROFILING_INFO_start function null from ../subjects/dijon/node_modules/handlebars/dist/handlebars.js in 2108_PROFILING_INFO_
handlebars-instrumented.js:4688 _PROFILING_INFO_start function null from ../subjects/dijon/node_modules/handlebars/dist/handlebars.js in 2119_PROFILING_INFO_
handlebars-instrumented.js:5001 _PROFILING_INFO_start function null from ../subjects/dijon/node_modules/handlebars/dist/handlebars.js in 2468_PROFILING_INFO_
handlebars-instrumented.js:4694 _PROFILING_INFO_start function null from ../subjects/dijon/node_modules/handlebars/dist/handlebars.js in 2122_PROFILING_INFO_
handlebars-instrumented.js:4593 _PROFILING_INFO_start function null from ../subjects/dijon/node_modules/handlebars/dist/handlebars.js in 1985_PROFILING_INFO_
handlebars-instrumented.js:5106 _PROFILING_INFO_start function null from ../subjects/dijon/node_modules/handlebars/dist/handlebars.js in 2564_PROFILING_INFO_
handlebars-instrumented.js:4601 _PROFILING_INFO_start function null from ../subjects/dijon/node_modules/handlebars/dist/handlebars.js in 1991_PROFILING_INFO_
handlebars-instrumented.js:4412 _PROFILING_INFO_start function null from ../subjects/dijon/node_modules/handlebars/dist/handlebars.js in 1795_PROFILING_INFO_
handlebars-instrumented.js:612 _PROFILING_INFO_start function null from ../subjects/dijon/node_modules/handlebars/dist/handlebars.js in 515_PROFILING_INFO_
handlebars-instrumented.js:439 _PROFILING_INFO_start function template from ../subjects/dijon/node_modules/handlebars/dist/handlebars.js in 377_PROFILING_INFO_
handlebars-instrumented.js:502 _PROFILING_INFO_start function null from ../subjects/dijon/node_modules/handlebars/dist/handlebars.js in 426_PROFILING_INFO_
handlebars-instrumented.js:485 _PROFILING_INFO_start function null from ../subjects/dijon/node_modules/handlebars/dist/handlebars.js in 411_PROFILING_INFO_
handlebars-instrumented.js:472 _PROFILING_INFO_start function null from ../subjects/dijon/node_modules/handlebars/dist/handlebars.js in 402_PROFILING_INFO_
handlebars-instrumented.js:543 _PROFILING_INFO_start function program from ../subjects/dijon/node_modules/handlebars/dist/handlebars.js in 464_PROFILING_INFO_
handlebars-instrumented.js:251 _PROFILING_INFO_start function null from ../subjects/dijon/node_modules/handlebars/dist/handlebars.js in 225_PROFILING_INFO_
handlebars-instrumented.js:73 _PROFILING_INFO_start function null from ../subjects/dijon/node_modules/handlebars/dist/handlebars.js in 81_PROFILING_INFO_
handlebars-instrumented.js:579 _PROFILING_INFO_start function noop from ../subjects/dijon/node_modules/handlebars/dist/handlebars.js in 485_PROFILING_INFO_
handlebars-instrumented.js:423 _PROFILING_INFO_start function checkRevision from ../subjects/dijon/node_modules/handlebars/dist/handlebars.js in 357_PROFILING_INFO_
jquery-instrumented.js:199 _PROFILING_INFO_start function null from ../subjects/dijon/node_modules/jquery/dist/jquery.js in 258_PROFILING_INFO_
jquery-instrumented.js:4220 _PROFILING_INFO_start function null from ../subjects/dijon/node_modules/jquery/dist/jquery.js in 5324_PROFILING_INFO_
jquery-instrumented.js:3435 _PROFILING_INFO_start function getAll from ../subjects/dijon/node_modules/jquery/dist/jquery.js in 4276_PROFILING_INFO_
jquery-instrumented.js:4257 _PROFILING_INFO_start function null from ../subjects/dijon/node_modules/jquery/dist/jquery.js in 5370_PROFILING_INFO_
jquery-instrumented.js:5665 _PROFILING_INFO_start function null from ../subjects/dijon/node_modules/jquery/dist/jquery.js in 6992_PROFILING_INFO_
jquery-instrumented.js:5026 _PROFILING_INFO_start function null from ../subjects/dijon/node_modules/jquery/dist/jquery.js in 6325_PROFILING_INFO_
jquery-instrumented.js:5019 _PROFILING_INFO_start function null from ../subjects/dijon/node_modules/jquery/dist/jquery.js in 6322_PROFILING_INFO_
jquery-instrumented.js:4769 _PROFILING_INFO_start function showHide from ../subjects/dijon/node_modules/jquery/dist/jquery.js in 6002_PROFILING_INFO_
jquery-instrumented.js:3350 _PROFILING_INFO_start function null from ../subjects/dijon/node_modules/jquery/dist/jquery.js in 4176_PROFILING_INFO_
jquery-instrumented.js:4874 _PROFILING_INFO_start function null from ../subjects/dijon/node_modules/jquery/dist/jquery.js in 6170_PROFILING_INFO_
jquery-instrumented.js:4700 _PROFILING_INFO_start function vendorPropName from ../subjects/dijon/node_modules/jquery/dist/jquery.js in 5882_PROFILING_INFO_
jquery-instrumented.js:4643 _PROFILING_INFO_start function curCSS from ../subjects/dijon/node_modules/jquery/dist/jquery.js in 5795_PROFILING_INFO_
jquery-instrumented.js:4529 _PROFILING_INFO_start function null from ../subjects/dijon/node_modules/jquery/dist/jquery.js in 5644_PROFILING_INFO_
jquery-instrumented.js:4606 _PROFILING_INFO_start function null from ../subjects/dijon/node_modules/jquery/dist/jquery.js in 5745_PROFILING_INFO_
jquery-instrumented.js:4571 _PROFILING_INFO_start function computeStyleTests from ../subjects/dijon/node_modules/jquery/dist/jquery.js in 5705_PROFILING_INFO_
jquery-instrumented.js:1010 _PROFILING_INFO_start function null from ../subjects/dijon/node_modules/jquery/dist/jquery.js in 1438_PROFILING_INFO_
jquery-instrumented.js:908 _PROFILING_INFO_start function null from ../subjects/dijon/node_modules/jquery/dist/jquery.js in 1281_PROFILING_INFO_
TodosModel-instrumented.js:127 _PROFILING_INFO_start function null from ../subjects/dijon/js/models/TodosModel.js in 79_PROFILING_INFO_
jquery-instrumented.js:5914 _PROFILING_INFO_start function null from ../subjects/dijon/node_modules/jquery/dist/jquery.js in 7251_PROFILING_INFO_
jquery-instrumented.js:5936 _PROFILING_INFO_start function null from ../subjects/dijon/node_modules/jquery/dist/jquery.js in 7263_PROFILING_INFO_
jquery-instrumented.js:721 _PROFILING_INFO_start function null from ../subjects/dijon/node_modules/jquery/dist/jquery.js in 1026_PROFILING_INFO_
FooterView-instrumented.js:11 _PROFILING_INFO_start function null from ../subjects/dijon/js/views/FooterView.js in 10_PROFILING_INFO_
jquery-instrumented.js:2151 _PROFILING_INFO_start function null from ../subjects/dijon/node_modules/jquery/dist/jquery.js in 2775_PROFILING_INFO_
jquery-instrumented.js:513 _PROFILING_INFO_start function Sizzle from ../subjects/dijon/node_modules/jquery/dist/jquery.js in 738_PROFILING_INFO_
jquery-instrumented.js:71 _PROFILING_INFO_start function null from ../subjects/dijon/node_modules/jquery/dist/jquery.js in 122_PROFILING_INFO_
jquery-instrumented.js:341 _PROFILING_INFO_start function null from ../subjects/dijon/node_modules/jquery/dist/jquery.js in 409_PROFILING_INFO_
FooterView-instrumented.js:21 _PROFILING_INFO_start function null from ../subjects/dijon/js/views/FooterView.js in 19_PROFILING_INFO_
FooterView-instrumented.js:35 _PROFILING_INFO_start function null from ../subjects/dijon/js/views/FooterView.js in 26_PROFILING_INFO_
TodosModel-instrumented.js:120 _PROFILING_INFO_start function null from ../subjects/dijon/js/models/TodosModel.js in 76_PROFILING_INFO_
FooterView-instrumented.js:42 _PROFILING_INFO_start function null from ../subjects/dijon/js/views/FooterView.js in 29_PROFILING_INFO_
Utils-instrumented.js:20 _PROFILING_INFO_start function null from ../subjects/dijon/js/utils/Utils.js in 16_PROFILING_INFO_
LocalStorageService-instrumented.js:18 _PROFILING_INFO_start function null from ../subjects/dijon/js/services/LocalStorageService.js in 13_PROFILING_INFO_
TodoFormView-instrumented.js:11 _PROFILING_INFO_start function null from ../subjects/dijon/js/views/TodoFormView.js in 10_PROFILING_INFO_
TodoFormView-instrumented.js:21 _PROFILING_INFO_start function null from ../subjects/dijon/js/views/TodoFormView.js in 16_PROFILING_INFO_
TodoFormView-instrumented.js:44 _PROFILING_INFO_start function null from ../subjects/dijon/js/views/TodoFormView.js in 35_PROFILING_INFO_
jquery-instrumented.js:2846 _PROFILING_INFO_start function completed from ../subjects/dijon/node_modules/jquery/dist/jquery.js in 3549_PROFILING_INFO_
jquery-instrumented.js:2827 _PROFILING_INFO_start function null from ../subjects/dijon/node_modules/jquery/dist/jquery.js in 3520_PROFILING_INFO_
jquery-instrumented.js:2612 _PROFILING_INFO_start function null from ../subjects/dijon/node_modules/jquery/dist/jquery.js in 3311_PROFILING_INFO_
jquery-instrumented.js:2478 _PROFILING_INFO_start function null from ../subjects/dijon/node_modules/jquery/dist/jquery.js in 3174_PROFILING_INFO_
jquery-instrumented.js:2738 _PROFILING_INFO_start function null from ../subjects/dijon/node_modules/jquery/dist/jquery.js in 3405_PROFILING_INFO_
jquery-instrumented.js:2578 _PROFILING_INFO_start function null from ../subjects/dijon/node_modules/jquery/dist/jquery.js in 3287_PROFILING_INFO_
jquery-instrumented.js:2594 _PROFILING_INFO_start function null from ../subjects/dijon/node_modules/jquery/dist/jquery.js in 3299_PROFILING_INFO_
jquery-instrumented.js:6409 _PROFILING_INFO_start function null from ../subjects/dijon/node_modules/jquery/dist/jquery.js in 7878_PROFILING_INFO_
jquery-instrumented.js:6304 _PROFILING_INFO_start function null from ../subjects/dijon/node_modules/jquery/dist/jquery.js in 7719_PROFILING_INFO_
jquery-instrumented.js:3933 _PROFILING_INFO_start function null from ../subjects/dijon/node_modules/jquery/dist/jquery.js in 4963_PROFILING_INFO_
jquery-instrumented.js:3532 _PROFILING_INFO_start function returnFalse from ../subjects/dijon/node_modules/jquery/dist/jquery.js in 4434_PROFILING_INFO_
jquery-instrumented.js:4038 _PROFILING_INFO_start function null from ../subjects/dijon/node_modules/jquery/dist/jquery.js in 5085_PROFILING_INFO_
jquery-instrumented.js:4062 _PROFILING_INFO_start function null from ../subjects/dijon/node_modules/jquery/dist/jquery.js in 5117_PROFILING_INFO_
jquery-instrumented.js:3679 _PROFILING_INFO_start function null from ../subjects/dijon/node_modules/jquery/dist/jquery.js in 4624_PROFILING_INFO_
jquery-instrumented.js:3042 _PROFILING_INFO_start function null from ../subjects/dijon/node_modules/jquery/dist/jquery.js in 3846_PROFILING_INFO_
jquery-instrumented.js:238 _PROFILING_INFO_start function null from ../subjects/dijon/node_modules/jquery/dist/jquery.js in 303_PROFILING_INFO_
jquery-instrumented.js:3626 _PROFILING_INFO_start function null from ../subjects/dijon/node_modules/jquery/dist/jquery.js in 4544_PROFILING_INFO_
jquery-instrumented.js:3728 _PROFILING_INFO_start function null from ../subjects/dijon/node_modules/jquery/dist/jquery.js in 4697_PROFILING_INFO_
jquery-instrumented.js:3837 _PROFILING_INFO_start function null from ../subjects/dijon/node_modules/jquery/dist/jquery.js in 4858_PROFILING_INFO_
jquery-instrumented.js:3805 _PROFILING_INFO_start function null from ../subjects/dijon/node_modules/jquery/dist/jquery.js in 4816_PROFILING_INFO_
jquery-instrumented.js:3764 _PROFILING_INFO_start function null from ../subjects/dijon/node_modules/jquery/dist/jquery.js in 4757_PROFILING_INFO_
TodoFormView-instrumented.js:27 _PROFILING_INFO_start function null from ../subjects/dijon/js/views/TodoFormView.js in 18_PROFILING_INFO_
jquery-instrumented.js:6170 _PROFILING_INFO_start function null from ../subjects/dijon/node_modules/jquery/dist/jquery.js in 7543_PROFILING_INFO_
jquery-instrumented.js:312 _PROFILING_INFO_start function null from ../subjects/dijon/node_modules/jquery/dist/jquery.js in 381_PROFILING_INFO_
Utils-instrumented.js:12 _PROFILING_INFO_start function null from ../subjects/dijon/js/utils/Utils.js in 12_PROFILING_INFO_
TodosModel-instrumented.js:63 _PROFILING_INFO_start function null from ../subjects/dijon/js/models/TodosModel.js in 42_PROFILING_INFO_
TodosModel-instrumented.js:40 _PROFILING_INFO_start function null from ../subjects/dijon/js/models/TodosModel.js in 31_PROFILING_INFO_
handlebars-instrumented.js:279 _PROFILING_INFO_start function null from ../subjects/dijon/node_modules/handlebars/dist/handlebars.js in 245_PROFILING_INFO_
handlebars-instrumented.js:400 _PROFILING_INFO_start function null from ../subjects/dijon/node_modules/handlebars/dist/handlebars.js in 339_PROFILING_INFO_
handlebars-instrumented.js:59 _PROFILING_INFO_start function extend from ../subjects/dijon/node_modules/handlebars/dist/handlebars.js in 69_PROFILING_INFO_
handlebars-instrumented.js:548 _PROFILING_INFO_start function null from ../subjects/dijon/node_modules/handlebars/dist/handlebars.js in 465_PROFILING_INFO_
handlebars-instrumented.js:321 _PROFILING_INFO_start function null from ../subjects/dijon/node_modules/handlebars/dist/handlebars.js in 287_PROFILING_INFO_
handlebars-instrumented.js:99 _PROFILING_INFO_start function escapeExpression from ../subjects/dijon/node_modules/handlebars/dist/handlebars.js in 97_PROFILING_INFO_
jquery-instrumented.js:5012 _PROFILING_INFO_start function null from ../subjects/dijon/node_modules/jquery/dist/jquery.js in 6319_PROFILING_INFO_
jquery-instrumented.js:6188 _PROFILING_INFO_start function null from ../subjects/dijon/node_modules/jquery/dist/jquery.js in 7575_PROFILING_INFO_
jquery-instrumented.js:6452 _PROFILING_INFO_start function null from ../subjects/dijon/node_modules/jquery/dist/jquery.js in 7924_PROFILING_INFO_
jquery-instrumented.js:6383 _PROFILING_INFO_start function null from ../subjects/dijon/node_modules/jquery/dist/jquery.js in 7856_PROFILING_INFO_
jquery-instrumented.js:3818 _PROFILING_INFO_start function null from ../subjects/dijon/node_modules/jquery/dist/jquery.js in 4830_PROFILING_INFO_
jquery-instrumented.js:1950 _PROFILING_INFO_start function null from ../subjects/dijon/node_modules/jquery/dist/jquery.js in 2543_PROFILING_INFO_
jquery-instrumented.js:1926 _PROFILING_INFO_start function null from ../subjects/dijon/node_modules/jquery/dist/jquery.js in 2504_PROFILING_INFO_
jquery-instrumented.js:1598 _PROFILING_INFO_start function null from ../subjects/dijon/node_modules/jquery/dist/jquery.js in 2063_PROFILING_INFO_
jquery-instrumented.js:595 _PROFILING_INFO_start function cache from ../subjects/dijon/node_modules/jquery/dist/jquery.js in 881_PROFILING_INFO_
jquery-instrumented.js:1812 _PROFILING_INFO_start function matcherFromTokens from ../subjects/dijon/node_modules/jquery/dist/jquery.js in 2335_PROFILING_INFO_
jquery-instrumented.js:1654 _PROFILING_INFO_start function addCombinator from ../subjects/dijon/node_modules/jquery/dist/jquery.js in 2140_PROFILING_INFO_
jquery-instrumented.js:1170 _PROFILING_INFO_start function null from ../subjects/dijon/node_modules/jquery/dist/jquery.js in 1645_PROFILING_INFO_
jquery-instrumented.js:1705 _PROFILING_INFO_start function elementMatcher from ../subjects/dijon/node_modules/jquery/dist/jquery.js in 2198_PROFILING_INFO_
jquery-instrumented.js:1857 _PROFILING_INFO_start function matcherFromGroupMatchers from ../subjects/dijon/node_modules/jquery/dist/jquery.js in 2393_PROFILING_INFO_
jquery-instrumented.js:1862 _PROFILING_INFO_start function null from ../subjects/dijon/node_modules/jquery/dist/jquery.js in 2396_PROFILING_INFO_
jquery-instrumented.js:1710 _PROFILING_INFO_start function null from ../subjects/dijon/node_modules/jquery/dist/jquery.js in 2200_PROFILING_INFO_
jquery-instrumented.js:1176 _PROFILING_INFO_start function null from ../subjects/dijon/node_modules/jquery/dist/jquery.js in 1650_PROFILING_INFO_
jquery-instrumented.js:1829 _PROFILING_INFO_start function null from ../subjects/dijon/node_modules/jquery/dist/jquery.js in 2349_PROFILING_INFO_
jquery-instrumented.js:1670 _PROFILING_INFO_start function null from ../subjects/dijon/node_modules/jquery/dist/jquery.js in 2156_PROFILING_INFO_
jquery-instrumented.js:1817 _PROFILING_INFO_start function null from ../subjects/dijon/node_modules/jquery/dist/jquery.js in 2343_PROFILING_INFO_
TodoListView-instrumented.js:27 _PROFILING_INFO_start function null from ../subjects/dijon/js/views/TodoListView.js in 22_PROFILING_INFO_
jquery-instrumented.js:2289 _PROFILING_INFO_start function null from ../subjects/dijon/node_modules/jquery/dist/jquery.js in 2973_PROFILING_INFO_
jquery-instrumented.js:990 _PROFILING_INFO_start function null from ../subjects/dijon/node_modules/jquery/dist/jquery.js in 1408_PROFILING_INFO_
jquery-instrumented.js:3113 _PROFILING_INFO_start function null from ../subjects/dijon/node_modules/jquery/dist/jquery.js in 3925_PROFILING_INFO_
jquery-instrumented.js:3147 _PROFILING_INFO_start function null from ../subjects/dijon/node_modules/jquery/dist/jquery.js in 3963_PROFILING_INFO_
jquery-instrumented.js:3054 _PROFILING_INFO_start function dataAttr from ../subjects/dijon/node_modules/jquery/dist/jquery.js in 3870_PROFILING_INFO_
TodosModel-instrumented.js:71 _PROFILING_INFO_start function null from ../subjects/dijon/js/models/TodosModel.js in 46_PROFILING_INFO_
TodosModel-instrumented.js:19 _PROFILING_INFO_start function null from ../subjects/dijon/js/models/TodosModel.js in 14_PROFILING_INFO_
TodosModel-instrumented.js:26 _PROFILING_INFO_start function null from ../subjects/dijon/js/models/TodosModel.js in 17_PROFILING_INFO_
handlebars-instrumented.js:116 _PROFILING_INFO_start function isEmpty from ../subjects/dijon/node_modules/handlebars/dist/handlebars.js in 114_PROFILING_INFO_
jquery-instrumented.js:1150 _PROFILING_INFO_start function null from ../subjects/dijon/node_modules/jquery/dist/jquery.js in 1636_PROFILING_INFO_
jquery-instrumented.js:1162 _PROFILING_INFO_start function null from ../subjects/dijon/node_modules/jquery/dist/jquery.js in 1640_PROFILING_INFO_
TodoListView-instrumented.js:35 _PROFILING_INFO_start function null from ../subjects/dijon/js/views/TodoListView.js in 26_PROFILING_INFO_
jquery-instrumented.js:6032 _PROFILING_INFO_start function null from ../subjects/dijon/node_modules/jquery/dist/jquery.js in 7374_PROFILING_INFO_
jquery-instrumented.js:6024 _PROFILING_INFO_start function getClass from ../subjects/dijon/node_modules/jquery/dist/jquery.js in 7369_PROFILING_INFO_
jquery-instrumented.js:6425 _PROFILING_INFO_start function null from ../subjects/dijon/node_modules/jquery/dist/jquery.js in 7893_PROFILING_INFO_
jquery-instrumented.js:6396 _PROFILING_INFO_start function null from ../subjects/dijon/node_modules/jquery/dist/jquery.js in 7873_PROFILING_INFO_
jquery-instrumented.js:6401 _PROFILING_INFO_start function null from ../subjects/dijon/node_modules/jquery/dist/jquery.js in 7874_PROFILING_INFO_
jquery-instrumented.js:3867 _PROFILING_INFO_start function null from ../subjects/dijon/node_modules/jquery/dist/jquery.js in 4909_PROFILING_INFO_
jquery-instrumented.js:3539 _PROFILING_INFO_start function safeActiveElement from ../subjects/dijon/node_modules/jquery/dist/jquery.js in 4440_PROFILING_INFO_
TodoListView-instrumented.js:42 _PROFILING_INFO_start function null from ../subjects/dijon/js/views/TodoListView.js in 29_PROFILING_INFO_
TodoListView-instrumented.js:51 _PROFILING_INFO_start function null from ../subjects/dijon/js/views/TodoListView.js in 34_PROFILING_INFO_
jquery-instrumented.js:6068 _PROFILING_INFO_start function null from ../subjects/dijon/node_modules/jquery/dist/jquery.js in 7412_PROFILING_INFO_
TodosModel-instrumented.js:80 _PROFILING_INFO_start function null from ../subjects/dijon/js/models/TodosModel.js in 51_PROFILING_INFO_
FooterView-instrumented.js:27 _PROFILING_INFO_start function null from ../subjects/dijon/js/views/FooterView.js in 21_PROFILING_INFO_
TodosModel-instrumented.js:107 _PROFILING_INFO_start function null from ../subjects/dijon/js/models/TodosModel.js in 66_PROFILING_INFO_
TodoListView-instrumented.js:63 _PROFILING_INFO_start function null from ../subjects/dijon/js/views/TodoListView.js in 43_PROFILING_INFO_
TodosModel-instrumented.js:88 _PROFILING_INFO_start function null from ../subjects/dijon/js/models/TodosModel.js in 55_PROFILING_INFO_
TodoListView-instrumented.js:71 _PROFILING_INFO_start function null from ../subjects/dijon/js/views/TodoListView.js in 47_PROFILING_INFO_
TodosModel-instrumented.js:96 _PROFILING_INFO_start function null from ../subjects/dijon/js/models/TodosModel.js in 59_PROFILING_INFO_
