base-instrumented.js:5 _PROFILING_INFO_start function null from ../subjects/exoskeleton/node_modules/todomvc-common/base.js in 2_PROFILING_INFO_
base-instrumented.js:11 _PROFILING_INFO_start function null from ../subjects/exoskeleton/node_modules/todomvc-common/base.js in 8_PROFILING_INFO_
base-instrumented.js:136 _PROFILING_INFO_start function redirect from ../subjects/exoskeleton/node_modules/todomvc-common/base.js in 126_PROFILING_INFO_
base-instrumented.js:153 _PROFILING_INFO_start function getFile from ../subjects/exoskeleton/node_modules/todomvc-common/base.js in 137_PROFILING_INFO_
base-instrumented.js:145 _PROFILING_INFO_start function findRoot from ../subjects/exoskeleton/node_modules/todomvc-common/base.js in 132_PROFILING_INFO_
​ _PROFILING_INFO_start function null from ../subjects/exoskeleton/node_modules/exoskeleton/exoskeleton.js in 10_PROFILING_INFO_
​ _PROFILING_INFO_start function null from ../subjects/exoskeleton/node_modules/exoskeleton/exoskeleton.js in 25_PROFILING_INFO_
​ _PROFILING_INFO_start function null from ../subjects/exoskeleton/node_modules/exoskeleton/exoskeleton.js in 434_PROFILING_INFO_
​ _PROFILING_INFO_start function extend from ../subjects/exoskeleton/node_modules/exoskeleton/exoskeleton.js in 129_PROFILING_INFO_
​ _PROFILING_INFO_start function null from ../subjects/exoskeleton/node_modules/exoskeleton/exoskeleton.js in 130_PROFILING_INFO_
​ _PROFILING_INFO_start function null from ../subjects/exoskeleton/node_modules/exoskeleton/exoskeleton.js in 113_PROFILING_INFO_
​ _PROFILING_INFO_start function null from ../subjects/exoskeleton/node_modules/exoskeleton/exoskeleton.js in 1203_PROFILING_INFO_
​ _PROFILING_INFO_start function null from ../subjects/exoskeleton/node_modules/exoskeleton/exoskeleton.js in 1222_PROFILING_INFO_
​ _PROFILING_INFO_start function null from ../subjects/exoskeleton/node_modules/exoskeleton/exoskeleton.js in 1749_PROFILING_INFO_
​ _PROFILING_INFO_start function null from ../subjects/exoskeleton/node_modules/exoskeleton/exoskeleton.js in 1559_PROFILING_INFO_
​ _PROFILING_INFO_start function null from ../subjects/exoskeleton/node_modules/microtemplates/index.js in 5_PROFILING_INFO_
​ _PROFILING_INFO_start function null from ../subjects/exoskeleton/node_modules/backbone.localstorage/backbone.localStorage.js in 7_PROFILING_INFO_
​ _PROFILING_INFO_start function null from ../subjects/exoskeleton/node_modules/backbone.localstorage/backbone.localStorage.js in 19_PROFILING_INFO_
​ _PROFILING_INFO_start function extend from ../subjects/exoskeleton/node_modules/backbone.localstorage/backbone.localStorage.js in 44_PROFILING_INFO_
​  GET http://localhost:8000/exoskeleton/learn.json 404 (File not found)
getFile @ base-instrumented.js:160
(anonymous) @ base-instrumented.js:267
(anonymous) @ base-instrumented.js:268
​ _PROFILING_INFO_start function null from ../subjects/exoskeleton/node_modules/todomvc-common/base.js in 147_PROFILING_INFO_
​ _PROFILING_INFO_start function null from ../subjects/exoskeleton/node_modules/backbone.nativeview/backbone.nativeview.js in 9_PROFILING_INFO_
​ _PROFILING_INFO_start function null from ../subjects/exoskeleton/node_modules/backbone.nativeview/backbone.nativeview.js in 13_PROFILING_INFO_
​ _PROFILING_INFO_start function null from ../subjects/exoskeleton/node_modules/exoskeleton/exoskeleton.js in 65_PROFILING_INFO_
​ _PROFILING_INFO_start function null from ../subjects/exoskeleton/node_modules/exoskeleton/exoskeleton.js in 182_PROFILING_INFO_
​ _PROFILING_INFO_start function extend from ../subjects/exoskeleton/node_modules/exoskeleton/exoskeleton.js in 129_PROFILING_INFO_
​ _PROFILING_INFO_start function null from ../subjects/exoskeleton/node_modules/exoskeleton/exoskeleton.js in 130_PROFILING_INFO_
​ _PROFILING_INFO_start function null from ../subjects/exoskeleton/node_modules/exoskeleton/exoskeleton.js in 83_PROFILING_INFO_
​ _PROFILING_INFO_start function null from ../subjects/exoskeleton/js/models/todo.js in 4_PROFILING_INFO_
​ _PROFILING_INFO_start function null from ../subjects/exoskeleton/node_modules/exoskeleton/exoskeleton.js in 65_PROFILING_INFO_
​ _PROFILING_INFO_start function null from ../subjects/exoskeleton/node_modules/exoskeleton/exoskeleton.js in 182_PROFILING_INFO_
​ _PROFILING_INFO_start function extend from ../subjects/exoskeleton/node_modules/exoskeleton/exoskeleton.js in 129_PROFILING_INFO_
​ _PROFILING_INFO_start function null from ../subjects/exoskeleton/node_modules/exoskeleton/exoskeleton.js in 130_PROFILING_INFO_
​ _PROFILING_INFO_start function null from ../subjects/exoskeleton/node_modules/exoskeleton/exoskeleton.js in 83_PROFILING_INFO_
​ _PROFILING_INFO_start function null from ../subjects/exoskeleton/js/collections/todos.js in 4_PROFILING_INFO_
​ _PROFILING_INFO_start function null from ../subjects/exoskeleton/node_modules/backbone.localstorage/backbone.localStorage.js in 58_PROFILING_INFO_
​ _PROFILING_INFO_start function null from ../subjects/exoskeleton/node_modules/backbone.localstorage/backbone.localStorage.js in 136_PROFILING_INFO_
​ _PROFILING_INFO_start function null from ../subjects/exoskeleton/node_modules/exoskeleton/exoskeleton.js in 65_PROFILING_INFO_
​ _PROFILING_INFO_start function null from ../subjects/exoskeleton/node_modules/exoskeleton/exoskeleton.js in 182_PROFILING_INFO_
​ _PROFILING_INFO_start function extend from ../subjects/exoskeleton/node_modules/exoskeleton/exoskeleton.js in 129_PROFILING_INFO_
​ _PROFILING_INFO_start function null from ../subjects/exoskeleton/node_modules/exoskeleton/exoskeleton.js in 130_PROFILING_INFO_
​ _PROFILING_INFO_start function null from ../subjects/exoskeleton/node_modules/exoskeleton/exoskeleton.js in 83_PROFILING_INFO_
​ _PROFILING_INFO_start function null from ../subjects/exoskeleton/node_modules/exoskeleton/exoskeleton.js in 75_PROFILING_INFO_
​ _PROFILING_INFO_start function null from ../subjects/exoskeleton/node_modules/exoskeleton/exoskeleton.js in 817_PROFILING_INFO_
​ _PROFILING_INFO_start function null from ../subjects/exoskeleton/node_modules/exoskeleton/exoskeleton.js in 1121_PROFILING_INFO_
​ _PROFILING_INFO_start function null from ../subjects/exoskeleton/node_modules/exoskeleton/exoskeleton.js in 839_PROFILING_INFO_
​ _PROFILING_INFO_start function null from ../subjects/exoskeleton/js/views/todo-view.js in 4_PROFILING_INFO_
​ _PROFILING_INFO_start function null from ../subjects/exoskeleton/node_modules/microtemplates/index.js in 56_PROFILING_INFO_
​ _PROFILING_INFO_start function null from ../subjects/exoskeleton/node_modules/microtemplates/index.js in 69_PROFILING_INFO_
​ _PROFILING_INFO_start function null from ../subjects/exoskeleton/node_modules/microtemplates/index.js in 71_PROFILING_INFO_
​ _PROFILING_INFO_start function null from ../subjects/exoskeleton/node_modules/exoskeleton/exoskeleton.js in 65_PROFILING_INFO_
​ _PROFILING_INFO_start function null from ../subjects/exoskeleton/node_modules/exoskeleton/exoskeleton.js in 182_PROFILING_INFO_
​ _PROFILING_INFO_start function extend from ../subjects/exoskeleton/node_modules/exoskeleton/exoskeleton.js in 129_PROFILING_INFO_
​ _PROFILING_INFO_start function null from ../subjects/exoskeleton/node_modules/exoskeleton/exoskeleton.js in 130_PROFILING_INFO_
​ _PROFILING_INFO_start function null from ../subjects/exoskeleton/node_modules/exoskeleton/exoskeleton.js in 83_PROFILING_INFO_
​ _PROFILING_INFO_start function null from ../subjects/exoskeleton/js/views/app-view.js in 4_PROFILING_INFO_
​ _PROFILING_INFO_start function null from ../subjects/exoskeleton/node_modules/microtemplates/index.js in 56_PROFILING_INFO_
​ _PROFILING_INFO_start function null from ../subjects/exoskeleton/node_modules/microtemplates/index.js in 69_PROFILING_INFO_
​ _PROFILING_INFO_start function null from ../subjects/exoskeleton/node_modules/microtemplates/index.js in 71_PROFILING_INFO_
​ _PROFILING_INFO_start function null from ../subjects/exoskeleton/node_modules/exoskeleton/exoskeleton.js in 65_PROFILING_INFO_
​ _PROFILING_INFO_start function null from ../subjects/exoskeleton/node_modules/exoskeleton/exoskeleton.js in 182_PROFILING_INFO_
​ _PROFILING_INFO_start function extend from ../subjects/exoskeleton/node_modules/exoskeleton/exoskeleton.js in 129_PROFILING_INFO_
​ _PROFILING_INFO_start function null from ../subjects/exoskeleton/node_modules/exoskeleton/exoskeleton.js in 130_PROFILING_INFO_
exoskeleton-instrumented.js:78 _PROFILING_INFO_start function null from ../subjects/exoskeleton/node_modules/exoskeleton/exoskeleton.js in 83_PROFILING_INFO_
router-instrumented.js:6 _PROFILING_INFO_start function null from ../subjects/exoskeleton/js/routers/router.js in 4_PROFILING_INFO_
exoskeleton-instrumented.js:59 _PROFILING_INFO_start function null from ../subjects/exoskeleton/node_modules/exoskeleton/exoskeleton.js in 65_PROFILING_INFO_
exoskeleton-instrumented.js:234 _PROFILING_INFO_start function null from ../subjects/exoskeleton/node_modules/exoskeleton/exoskeleton.js in 182_PROFILING_INFO_
exoskeleton-instrumented.js:146 _PROFILING_INFO_start function extend from ../subjects/exoskeleton/node_modules/exoskeleton/exoskeleton.js in 129_PROFILING_INFO_
exoskeleton-instrumented.js:151 _PROFILING_INFO_start function null from ../subjects/exoskeleton/node_modules/exoskeleton/exoskeleton.js in 130_PROFILING_INFO_
exoskeleton-instrumented.js:78 _PROFILING_INFO_start function null from ../subjects/exoskeleton/node_modules/exoskeleton/exoskeleton.js in 83_PROFILING_INFO_
exoskeleton-instrumented.js:69 _PROFILING_INFO_start function null from ../subjects/exoskeleton/node_modules/exoskeleton/exoskeleton.js in 75_PROFILING_INFO_
exoskeleton-instrumented.js:1652 _PROFILING_INFO_start function null from ../subjects/exoskeleton/node_modules/exoskeleton/exoskeleton.js in 1454_PROFILING_INFO_
exoskeleton-instrumented.js:1724 _PROFILING_INFO_start function null from ../subjects/exoskeleton/node_modules/exoskeleton/exoskeleton.js in 1518_PROFILING_INFO_
exoskeleton-instrumented.js:122 _PROFILING_INFO_start function result from ../subjects/exoskeleton/node_modules/exoskeleton/exoskeleton.js in 116_PROFILING_INFO_
exoskeleton-instrumented.js:1681 _PROFILING_INFO_start function null from ../subjects/exoskeleton/node_modules/exoskeleton/exoskeleton.js in 1485_PROFILING_INFO_
exoskeleton-instrumented.js:1667 _PROFILING_INFO_start function null from ../subjects/exoskeleton/node_modules/exoskeleton/exoskeleton.js in 1468_PROFILING_INFO_
exoskeleton-instrumented.js:1737 _PROFILING_INFO_start function null from ../subjects/exoskeleton/node_modules/exoskeleton/exoskeleton.js in 1529_PROFILING_INFO_
exoskeleton-instrumented.js:1857 _PROFILING_INFO_start function null from ../subjects/exoskeleton/node_modules/exoskeleton/exoskeleton.js in 1671_PROFILING_INFO_
exoskeleton-instrumented.js:1675 _PROFILING_INFO_start function null from ../subjects/exoskeleton/node_modules/exoskeleton/exoskeleton.js in 1477_PROFILING_INFO_
exoskeleton-instrumented.js:1818 _PROFILING_INFO_start function null from ../subjects/exoskeleton/node_modules/exoskeleton/exoskeleton.js in 1617_PROFILING_INFO_
exoskeleton-instrumented.js:1801 _PROFILING_INFO_start function null from ../subjects/exoskeleton/node_modules/exoskeleton/exoskeleton.js in 1602_PROFILING_INFO_
exoskeleton-instrumented.js:1793 _PROFILING_INFO_start function null from ../subjects/exoskeleton/node_modules/exoskeleton/exoskeleton.js in 1595_PROFILING_INFO_
exoskeleton-instrumented.js:1877 _PROFILING_INFO_start function null from ../subjects/exoskeleton/node_modules/exoskeleton/exoskeleton.js in 1686_PROFILING_INFO_
exoskeleton-instrumented.js:1883 _PROFILING_INFO_start function null from ../subjects/exoskeleton/node_modules/exoskeleton/exoskeleton.js in 1688_PROFILING_INFO_
exoskeleton-instrumented.js:1695 _PROFILING_INFO_start function null from ../subjects/exoskeleton/node_modules/exoskeleton/exoskeleton.js in 1493_PROFILING_INFO_
exoskeleton-instrumented.js:1751 _PROFILING_INFO_start function null from ../subjects/exoskeleton/node_modules/exoskeleton/exoskeleton.js in 1542_PROFILING_INFO_
exoskeleton-instrumented.js:1757 _PROFILING_INFO_start function null from ../subjects/exoskeleton/node_modules/exoskeleton/exoskeleton.js in 1544_PROFILING_INFO_
exoskeleton-instrumented.js:1708 _PROFILING_INFO_start function null from ../subjects/exoskeleton/node_modules/exoskeleton/exoskeleton.js in 1505_PROFILING_INFO_
router-instrumented.js:14 _PROFILING_INFO_start function null from ../subjects/exoskeleton/js/routers/router.js in 14_PROFILING_INFO_
exoskeleton-instrumented.js:394 _PROFILING_INFO_start function null from ../subjects/exoskeleton/node_modules/exoskeleton/exoskeleton.js in 357_PROFILING_INFO_
app-instrumented.js:8 _PROFILING_INFO_start function null from ../subjects/exoskeleton/js/app.js in 7_PROFILING_INFO_
exoskeleton-instrumented.js:69 _PROFILING_INFO_start function null from ../subjects/exoskeleton/node_modules/exoskeleton/exoskeleton.js in 75_PROFILING_INFO_
backbone.nativeview-instrumented.js:71 _PROFILING_INFO_start function null from ../subjects/exoskeleton/node_modules/backbone.nativeview/backbone.nativeview.js in 64_PROFILING_INFO_
exoskeleton-instrumented.js:1456 _PROFILING_INFO_start function null from ../subjects/exoskeleton/node_modules/exoskeleton/exoskeleton.js in 1244_PROFILING_INFO_
exoskeleton-instrumented.js:226 _PROFILING_INFO_start function uniqueId from ../subjects/exoskeleton/node_modules/exoskeleton/exoskeleton.js in 177_PROFILING_INFO_
exoskeleton-instrumented.js:1588 _PROFILING_INFO_start function null from ../subjects/exoskeleton/node_modules/exoskeleton/exoskeleton.js in 1375_PROFILING_INFO_
exoskeleton-instrumented.js:122 _PROFILING_INFO_start function result from ../subjects/exoskeleton/node_modules/exoskeleton/exoskeleton.js in 116_PROFILING_INFO_
exoskeleton-instrumented.js:1523 _PROFILING_INFO_start function null from ../subjects/exoskeleton/node_modules/exoskeleton/exoskeleton.js in 1301_PROFILING_INFO_
backbone.nativeview-instrumented.js:198 _PROFILING_INFO_start function null from ../subjects/exoskeleton/node_modules/backbone.nativeview/backbone.nativeview.js in 179_PROFILING_INFO_
backbone.nativeview-instrumented.js:95 _PROFILING_INFO_start function null from ../subjects/exoskeleton/node_modules/backbone.nativeview/backbone.nativeview.js in 81_PROFILING_INFO_
exoskeleton-instrumented.js:1541 _PROFILING_INFO_start function null from ../subjects/exoskeleton/node_modules/exoskeleton/exoskeleton.js in 1331_PROFILING_INFO_
backbone.nativeview-instrumented.js:123 _PROFILING_INFO_start function null from ../subjects/exoskeleton/node_modules/backbone.nativeview/backbone.nativeview.js in 113_PROFILING_INFO_
backbone.nativeview-instrumented.js:24 _PROFILING_INFO_start function null from ../subjects/exoskeleton/node_modules/backbone.nativeview/backbone.nativeview.js in 22_PROFILING_INFO_
app-view-instrumented.js:40 _PROFILING_INFO_start function null from ../subjects/exoskeleton/js/views/app-view.js in 40_PROFILING_INFO_
backbone.nativeview-instrumented.js:79 _PROFILING_INFO_start function null from ../subjects/exoskeleton/node_modules/backbone.nativeview/backbone.nativeview.js in 69_PROFILING_INFO_
exoskeleton-instrumented.js:499 _PROFILING_INFO_start function null from ../subjects/exoskeleton/node_modules/exoskeleton/exoskeleton.js in 436_PROFILING_INFO_
exoskeleton-instrumented.js:315 _PROFILING_INFO_start function null from ../subjects/exoskeleton/node_modules/exoskeleton/exoskeleton.js in 297_PROFILING_INFO_
exoskeleton-instrumented.js:435 _PROFILING_INFO_start function null from ../subjects/exoskeleton/node_modules/exoskeleton/exoskeleton.js in 392_PROFILING_INFO_
exoskeleton-instrumented.js:1185 _PROFILING_INFO_start function null from ../subjects/exoskeleton/node_modules/exoskeleton/exoskeleton.js in 1076_PROFILING_INFO_
exoskeleton-instrumented.js:146 _PROFILING_INFO_start function extend from ../subjects/exoskeleton/node_modules/exoskeleton/exoskeleton.js in 129_PROFILING_INFO_
exoskeleton-instrumented.js:151 _PROFILING_INFO_start function null from ../subjects/exoskeleton/node_modules/exoskeleton/exoskeleton.js in 130_PROFILING_INFO_
exoskeleton-instrumented.js:99 _PROFILING_INFO_start function null from ../subjects/exoskeleton/node_modules/exoskeleton/exoskeleton.js in 104_PROFILING_INFO_
exoskeleton-instrumented.js:933 _PROFILING_INFO_start function null from ../subjects/exoskeleton/node_modules/exoskeleton/exoskeleton.js in 848_PROFILING_INFO_
backbone.localStorage-instrumented.js:283 _PROFILING_INFO_start function null from ../subjects/exoskeleton/node_modules/backbone.localstorage/backbone.localStorage.js in 253_PROFILING_INFO_
backbone.localStorage-instrumented.js:272 _PROFILING_INFO_start function null from ../subjects/exoskeleton/node_modules/backbone.localstorage/backbone.localStorage.js in 241_PROFILING_INFO_
backbone.localStorage-instrumented.js:71 _PROFILING_INFO_start function result from ../subjects/exoskeleton/node_modules/backbone.localstorage/backbone.localStorage.js in 49_PROFILING_INFO_
backbone.localStorage-instrumented.js:216 _PROFILING_INFO_start function null from ../subjects/exoskeleton/node_modules/backbone.localstorage/backbone.localStorage.js in 172_PROFILING_INFO_
backbone.localStorage-instrumented.js:151 _PROFILING_INFO_start function null from ../subjects/exoskeleton/node_modules/backbone.localstorage/backbone.localStorage.js in 113_PROFILING_INFO_
exoskeleton-instrumented.js:1195 _PROFILING_INFO_start function null from ../subjects/exoskeleton/node_modules/exoskeleton/exoskeleton.js in 1081_PROFILING_INFO_
exoskeleton-instrumented.js:1058 _PROFILING_INFO_start function null from ../subjects/exoskeleton/node_modules/exoskeleton/exoskeleton.js in 978_PROFILING_INFO_
exoskeleton-instrumented.js:1248 _PROFILING_INFO_start function null from ../subjects/exoskeleton/node_modules/exoskeleton/exoskeleton.js in 1121_PROFILING_INFO_
exoskeleton-instrumented.js:940 _PROFILING_INFO_start function null from ../subjects/exoskeleton/node_modules/exoskeleton/exoskeleton.js in 853_PROFILING_INFO_
exoskeleton-instrumented.js:973 _PROFILING_INFO_start function null from ../subjects/exoskeleton/node_modules/exoskeleton/exoskeleton.js in 884_PROFILING_INFO_
exoskeleton-instrumented.js:130 _PROFILING_INFO_start function defaults from ../subjects/exoskeleton/node_modules/exoskeleton/exoskeleton.js in 121_PROFILING_INFO_
exoskeleton-instrumented.js:135 _PROFILING_INFO_start function null from ../subjects/exoskeleton/node_modules/exoskeleton/exoskeleton.js in 122_PROFILING_INFO_
exoskeleton-instrumented.js:1234 _PROFILING_INFO_start function null from ../subjects/exoskeleton/node_modules/exoskeleton/exoskeleton.js in 1110_PROFILING_INFO_
exoskeleton-instrumented.js:394 _PROFILING_INFO_start function null from ../subjects/exoskeleton/node_modules/exoskeleton/exoskeleton.js in 357_PROFILING_INFO_
exoskeleton-instrumented.js:460 _PROFILING_INFO_start function null from ../subjects/exoskeleton/node_modules/exoskeleton/exoskeleton.js in 418_PROFILING_INFO_
app-view-instrumented.js:95 _PROFILING_INFO_start function null from ../subjects/exoskeleton/js/views/app-view.js in 98_PROFILING_INFO_
exoskeleton-instrumented.js:1409 _PROFILING_INFO_start function null from ../subjects/exoskeleton/node_modules/exoskeleton/exoskeleton.js in 1204_PROFILING_INFO_
app-view-instrumented.js:56 _PROFILING_INFO_start function null from ../subjects/exoskeleton/js/views/app-view.js in 60_PROFILING_INFO_
todos-instrumented.js:15 _PROFILING_INFO_start function null from ../subjects/exoskeleton/js/collections/todos.js in 20_PROFILING_INFO_
exoskeleton-instrumented.js:1129 _PROFILING_INFO_start function null from ../subjects/exoskeleton/node_modules/exoskeleton/exoskeleton.js in 1032_PROFILING_INFO_
todos-instrumented.js:22 _PROFILING_INFO_start function null from ../subjects/exoskeleton/js/collections/todos.js in 25_PROFILING_INFO_
app-view-instrumented.js:12 _PROFILING_INFO_start function null from ../subjects/exoskeleton/js/views/app-view.js in 7_PROFILING_INFO_
backbone.nativeview-instrumented.js:152 _PROFILING_INFO_start function null from ../subjects/exoskeleton/node_modules/backbone.nativeview/backbone.nativeview.js in 136_PROFILING_INFO_
app-view-instrumented.js:128 _PROFILING_INFO_start function null from ../subjects/exoskeleton/js/views/app-view.js in 122_PROFILING_INFO_
app-view-instrumented.js:117 _PROFILING_INFO_start function null from ../subjects/exoskeleton/js/views/app-view.js in 112_PROFILING_INFO_
todos-instrumented.js:36 _PROFILING_INFO_start function null from ../subjects/exoskeleton/js/collections/todos.js in 36_PROFILING_INFO_
exoskeleton-instrumented.js:1209 _PROFILING_INFO_start function null from ../subjects/exoskeleton/node_modules/exoskeleton/exoskeleton.js in 1094_PROFILING_INFO_
exoskeleton-instrumented.js:1257 _PROFILING_INFO_start function null from ../subjects/exoskeleton/node_modules/exoskeleton/exoskeleton.js in 1129_PROFILING_INFO_
exoskeleton-instrumented.js:516 _PROFILING_INFO_start function null from ../subjects/exoskeleton/node_modules/exoskeleton/exoskeleton.js in 463_PROFILING_INFO_
exoskeleton-instrumented.js:579 _PROFILING_INFO_start function null from ../subjects/exoskeleton/node_modules/exoskeleton/exoskeleton.js in 523_PROFILING_INFO_
exoskeleton-instrumented.js:848 _PROFILING_INFO_start function null from ../subjects/exoskeleton/node_modules/exoskeleton/exoskeleton.js in 780_PROFILING_INFO_
exoskeleton-instrumented.js:307 _PROFILING_INFO_start function null from ../subjects/exoskeleton/node_modules/exoskeleton/exoskeleton.js in 277_PROFILING_INFO_
exoskeleton-instrumented.js:241 _PROFILING_INFO_start function null from ../subjects/exoskeleton/node_modules/exoskeleton/exoskeleton.js in 186_PROFILING_INFO_
exoskeleton-instrumented.js:538 _PROFILING_INFO_start function null from ../subjects/exoskeleton/node_modules/exoskeleton/exoskeleton.js in 491_PROFILING_INFO_
exoskeleton-instrumented.js:1113 _PROFILING_INFO_start function null from ../subjects/exoskeleton/node_modules/exoskeleton/exoskeleton.js in 1020_PROFILING_INFO_
exoskeleton-instrumented.js:1272 _PROFILING_INFO_start function null from ../subjects/exoskeleton/node_modules/exoskeleton/exoskeleton.js in 1140_PROFILING_INFO_
exoskeleton-instrumented.js:1155 _PROFILING_INFO_start function null from ../subjects/exoskeleton/node_modules/exoskeleton/exoskeleton.js in 1051_PROFILING_INFO_
exoskeleton-instrumented.js:1440 _PROFILING_INFO_start function null from ../subjects/exoskeleton/node_modules/exoskeleton/exoskeleton.js in 1223_PROFILING_INFO_
exoskeleton-instrumented.js:181 _PROFILING_INFO_start function null from ../subjects/exoskeleton/node_modules/exoskeleton/exoskeleton.js in 150_PROFILING_INFO_
exoskeleton-instrumented.js:193 _PROFILING_INFO_start function null from ../subjects/exoskeleton/node_modules/exoskeleton/exoskeleton.js in 153_PROFILING_INFO_
exoskeleton-instrumented.js:1445 _PROFILING_INFO_start function null from ../subjects/exoskeleton/node_modules/exoskeleton/exoskeleton.js in 1224_PROFILING_INFO_
exoskeleton-instrumented.js:558 _PROFILING_INFO_start function null from ../subjects/exoskeleton/node_modules/exoskeleton/exoskeleton.js in 505_PROFILING_INFO_
exoskeleton-instrumented.js:217 _PROFILING_INFO_start function null from ../subjects/exoskeleton/node_modules/exoskeleton/exoskeleton.js in 169_PROFILING_INFO_
exoskeleton-instrumented.js:1293 _PROFILING_INFO_start function null from ../subjects/exoskeleton/node_modules/exoskeleton/exoskeleton.js in 1157_PROFILING_INFO_
app-view-instrumented.js:87 _PROFILING_INFO_start function null from ../subjects/exoskeleton/js/views/app-view.js in 92_PROFILING_INFO_
exoskeleton-instrumented.js:1463 _PROFILING_INFO_start function null from ../subjects/exoskeleton/node_modules/exoskeleton/exoskeleton.js in 1247_PROFILING_INFO_
exoskeleton-instrumented.js:1581 _PROFILING_INFO_start function null from ../subjects/exoskeleton/node_modules/exoskeleton/exoskeleton.js in 1367_PROFILING_INFO_
backbone.nativeview-instrumented.js:114 _PROFILING_INFO_start function null from ../subjects/exoskeleton/node_modules/backbone.nativeview/backbone.nativeview.js in 99_PROFILING_INFO_
todo-view-instrumented.js:22 _PROFILING_INFO_start function null from ../subjects/exoskeleton/js/views/todo-view.js in 32_PROFILING_INFO_
todo-view-instrumented.js:31 _PROFILING_INFO_start function null from ../subjects/exoskeleton/js/views/todo-view.js in 39_PROFILING_INFO_
exoskeleton-instrumented.js:544 _PROFILING_INFO_start function null from ../subjects/exoskeleton/node_modules/exoskeleton/exoskeleton.js in 494_PROFILING_INFO_
index-instrumented.js:99 _PROFILING_INFO_start function null from ../subjects/exoskeleton/node_modules/microtemplates/index.js in 102_PROFILING_INFO_
index-instrumented.js:34 _PROFILING_INFO_start function null from ../subjects/exoskeleton/node_modules/microtemplates/index.js in 44_PROFILING_INFO_
todo-view-instrumented.js:43 _PROFILING_INFO_start function null from ../subjects/exoskeleton/js/views/todo-view.js in 48_PROFILING_INFO_
todo-view-instrumented.js:50 _PROFILING_INFO_start function null from ../subjects/exoskeleton/js/views/todo-view.js in 52_PROFILING_INFO_
exoskeleton-instrumented.js:1136 _PROFILING_INFO_start function null from ../subjects/exoskeleton/node_modules/exoskeleton/exoskeleton.js in 1034_PROFILING_INFO_
app-view-instrumented.js:71 _PROFILING_INFO_start function null from ../subjects/exoskeleton/js/views/app-view.js in 75_PROFILING_INFO_
app-view-instrumented.js:19 _PROFILING_INFO_start function null from ../subjects/exoskeleton/js/views/app-view.js in 11_PROFILING_INFO_
app-view-instrumented.js:24 _PROFILING_INFO_start function null from ../subjects/exoskeleton/js/views/app-view.js in 12_PROFILING_INFO_
exoskeleton-instrumented.js:721 _PROFILING_INFO_start function null from ../subjects/exoskeleton/node_modules/exoskeleton/exoskeleton.js in 661_PROFILING_INFO_
exoskeleton-instrumented.js:834 _PROFILING_INFO_start function null from ../subjects/exoskeleton/node_modules/exoskeleton/exoskeleton.js in 769_PROFILING_INFO_
exoskeleton-instrumented.js:572 _PROFILING_INFO_start function null from ../subjects/exoskeleton/node_modules/exoskeleton/exoskeleton.js in 516_PROFILING_INFO_
exoskeleton-instrumented.js:551 _PROFILING_INFO_start function null from ../subjects/exoskeleton/node_modules/exoskeleton/exoskeleton.js in 500_PROFILING_INFO_
backbone.localStorage-instrumented.js:117 _PROFILING_INFO_start function null from ../subjects/exoskeleton/node_modules/backbone.localstorage/backbone.localStorage.js in 85_PROFILING_INFO_
backbone.localStorage-instrumented.js:36 _PROFILING_INFO_start function guid from ../subjects/exoskeleton/node_modules/backbone.localstorage/backbone.localStorage.js in 30_PROFILING_INFO_
backbone.localStorage-instrumented.js:28 _PROFILING_INFO_start function S4 from ../subjects/exoskeleton/node_modules/backbone.localstorage/backbone.localStorage.js in 25_PROFILING_INFO_
exoskeleton-instrumented.js:681 _PROFILING_INFO_start function null from ../subjects/exoskeleton/node_modules/exoskeleton/exoskeleton.js in 630_PROFILING_INFO_
backbone.localStorage-instrumented.js:180 _PROFILING_INFO_start function null from ../subjects/exoskeleton/node_modules/backbone.localstorage/backbone.localStorage.js in 136_PROFILING_INFO_
backbone.localStorage-instrumented.js:208 _PROFILING_INFO_start function null from ../subjects/exoskeleton/node_modules/backbone.localstorage/backbone.localStorage.js in 163_PROFILING_INFO_
backbone.localStorage-instrumented.js:91 _PROFILING_INFO_start function null from ../subjects/exoskeleton/node_modules/backbone.localstorage/backbone.localStorage.js in 64_PROFILING_INFO_
backbone.localStorage-instrumented.js:44 _PROFILING_INFO_start function isObject from ../subjects/exoskeleton/node_modules/backbone.localstorage/backbone.localStorage.js in 34_PROFILING_INFO_
backbone.localStorage-instrumented.js:110 _PROFILING_INFO_start function null from ../subjects/exoskeleton/node_modules/backbone.localstorage/backbone.localStorage.js in 79_PROFILING_INFO_
backbone.localStorage-instrumented.js:144 _PROFILING_INFO_start function null from ../subjects/exoskeleton/node_modules/backbone.localstorage/backbone.localStorage.js in 108_PROFILING_INFO_
backbone.localStorage-instrumented.js:98 _PROFILING_INFO_start function null from ../subjects/exoskeleton/node_modules/backbone.localstorage/backbone.localStorage.js in 68_PROFILING_INFO_
exoskeleton-instrumented.js:748 _PROFILING_INFO_start function null from ../subjects/exoskeleton/node_modules/exoskeleton/exoskeleton.js in 693_PROFILING_INFO_
exoskeleton-instrumented.js:820 _PROFILING_INFO_start function null from ../subjects/exoskeleton/node_modules/exoskeleton/exoskeleton.js in 759_PROFILING_INFO_
exoskeleton-instrumented.js:1221 _PROFILING_INFO_start function null from ../subjects/exoskeleton/node_modules/exoskeleton/exoskeleton.js in 1100_PROFILING_INFO_
todos-instrumented.js:29 _PROFILING_INFO_start function null from ../subjects/exoskeleton/js/collections/todos.js in 30_PROFILING_INFO_
exoskeleton-instrumented.js:1122 _PROFILING_INFO_start function null from ../subjects/exoskeleton/node_modules/exoskeleton/exoskeleton.js in 1026_PROFILING_INFO_
exoskeleton-instrumented.js:203 _PROFILING_INFO_start function null from ../subjects/exoskeleton/node_modules/exoskeleton/exoskeleton.js in 160_PROFILING_INFO_
todo-view-instrumented.js:58 _PROFILING_INFO_start function null from ../subjects/exoskeleton/js/views/todo-view.js in 61_PROFILING_INFO_
todo-instrumented.js:17 _PROFILING_INFO_start function null from ../subjects/exoskeleton/js/models/todo.js in 20_PROFILING_INFO_
app-view-instrumented.js:103 _PROFILING_INFO_start function null from ../subjects/exoskeleton/js/views/app-view.js in 103_PROFILING_INFO_
backbone.localStorage-instrumented.js:131 _PROFILING_INFO_start function null from ../subjects/exoskeleton/node_modules/backbone.localstorage/backbone.localStorage.js in 97_PROFILING_INFO_
backbone.localStorage-instrumented.js:51 _PROFILING_INFO_start function contains from ../subjects/exoskeleton/node_modules/backbone.localstorage/backbone.localStorage.js in 38_PROFILING_INFO_
todo-view-instrumented.js:65 _PROFILING_INFO_start function null from ../subjects/exoskeleton/js/views/todo-view.js in 66_PROFILING_INFO_
todo-view-instrumented.js:88 _PROFILING_INFO_start function null from ../subjects/exoskeleton/js/views/todo-view.js in 90_PROFILING_INFO_
todo-view-instrumented.js:74 _PROFILING_INFO_start function null from ../subjects/exoskeleton/js/views/todo-view.js in 74_PROFILING_INFO_
exoskeleton-instrumented.js:1867 _PROFILING_INFO_start function null from ../subjects/exoskeleton/node_modules/exoskeleton/exoskeleton.js in 1677_PROFILING_INFO_
exoskeleton-instrumented.js:1801 _PROFILING_INFO_start function null from ../subjects/exoskeleton/node_modules/exoskeleton/exoskeleton.js in 1602_PROFILING_INFO_
exoskeleton-instrumented.js:1793 _PROFILING_INFO_start function null from ../subjects/exoskeleton/node_modules/exoskeleton/exoskeleton.js in 1595_PROFILING_INFO_
exoskeleton-instrumented.js:1877 _PROFILING_INFO_start function null from ../subjects/exoskeleton/node_modules/exoskeleton/exoskeleton.js in 1686_PROFILING_INFO_
exoskeleton-instrumented.js:1883 _PROFILING_INFO_start function null from ../subjects/exoskeleton/node_modules/exoskeleton/exoskeleton.js in 1688_PROFILING_INFO_
exoskeleton-instrumented.js:1695 _PROFILING_INFO_start function null from ../subjects/exoskeleton/node_modules/exoskeleton/exoskeleton.js in 1493_PROFILING_INFO_
exoskeleton-instrumented.js:1751 _PROFILING_INFO_start function null from ../subjects/exoskeleton/node_modules/exoskeleton/exoskeleton.js in 1542_PROFILING_INFO_
exoskeleton-instrumented.js:1757 _PROFILING_INFO_start function null from ../subjects/exoskeleton/node_modules/exoskeleton/exoskeleton.js in 1544_PROFILING_INFO_
exoskeleton-instrumented.js:1708 _PROFILING_INFO_start function null from ../subjects/exoskeleton/node_modules/exoskeleton/exoskeleton.js in 1505_PROFILING_INFO_
router-instrumented.js:14 _PROFILING_INFO_start function null from ../subjects/exoskeleton/js/routers/router.js in 14_PROFILING_INFO_
app-view-instrumented.js:110 _PROFILING_INFO_start function null from ../subjects/exoskeleton/js/views/app-view.js in 107_PROFILING_INFO_
app-view-instrumented.js:139 _PROFILING_INFO_start function null from ../subjects/exoskeleton/js/views/app-view.js in 132_PROFILING_INFO_
app-view-instrumented.js:144 _PROFILING_INFO_start function null from ../subjects/exoskeleton/js/views/app-view.js in 133_PROFILING_INFO_
exoskeleton-instrumented.js:773 _PROFILING_INFO_start function null from ../subjects/exoskeleton/node_modules/exoskeleton/exoskeleton.js in 719_PROFILING_INFO_
backbone.localStorage-instrumented.js:165 _PROFILING_INFO_start function null from ../subjects/exoskeleton/node_modules/backbone.localstorage/backbone.localStorage.js in 124_PROFILING_INFO_
exoskeleton-instrumented.js:788 _PROFILING_INFO_start function null from ../subjects/exoskeleton/node_modules/exoskeleton/exoskeleton.js in 728_PROFILING_INFO_
exoskeleton-instrumented.js:781 _PROFILING_INFO_start function null from ../subjects/exoskeleton/node_modules/exoskeleton/exoskeleton.js in 724_PROFILING_INFO_
exoskeleton-instrumented.js:1507 _PROFILING_INFO_start function null from ../subjects/exoskeleton/node_modules/exoskeleton/exoskeleton.js in 1286_PROFILING_INFO_
backbone.nativeview-instrumented.js:86 _PROFILING_INFO_start function null from ../subjects/exoskeleton/node_modules/backbone.nativeview/backbone.nativeview.js in 73_PROFILING_INFO_
backbone.nativeview-instrumented.js:37 _PROFILING_INFO_start function null from ../subjects/exoskeleton/node_modules/backbone.nativeview/backbone.nativeview.js in 28_PROFILING_INFO_
exoskeleton-instrumented.js:412 _PROFILING_INFO_start function null from ../subjects/exoskeleton/node_modules/exoskeleton/exoskeleton.js in 370_PROFILING_INFO_
exoskeleton-instrumented.js:360 _PROFILING_INFO_start function null from ../subjects/exoskeleton/node_modules/exoskeleton/exoskeleton.js in 325_PROFILING_INFO_
exoskeleton-instrumented.js:947 _PROFILING_INFO_start function null from ../subjects/exoskeleton/node_modules/exoskeleton/exoskeleton.js in 858_PROFILING_INFO_
exoskeleton-instrumented.js:1284 _PROFILING_INFO_start function null from ../subjects/exoskeleton/node_modules/exoskeleton/exoskeleton.js in 1148_PROFILING_INFO_
todo-view-instrumented.js:99 _PROFILING_INFO_start function null from ../subjects/exoskeleton/js/views/todo-view.js in 99_PROFILING_INFO_
app-view-instrumented.js:153 _PROFILING_INFO_start function null from ../subjects/exoskeleton/js/views/app-view.js in 139_PROFILING_INFO_
app-view-instrumented.js:159 _PROFILING_INFO_start function null from ../subjects/exoskeleton/js/views/app-view.js in 142_PROFILING_INFO_
