base-instrumented.js:5 _PROFILING_INFO_start function null from ../subjects/jquery/node_modules/todomvc-common/base.js in 2_PROFILING_INFO_
base-instrumented.js:11 _PROFILING_INFO_start function null from ../subjects/jquery/node_modules/todomvc-common/base.js in 8_PROFILING_INFO_
​ _PROFILING_INFO_start function redirect from ../subjects/jquery/node_modules/todomvc-common/base.js in 126_PROFILING_INFO_
​ _PROFILING_INFO_start function getFile from ../subjects/jquery/node_modules/todomvc-common/base.js in 137_PROFILING_INFO_
​ _PROFILING_INFO_start function findRoot from ../subjects/jquery/node_modules/todomvc-common/base.js in 132_PROFILING_INFO_
​ _PROFILING_INFO_start function null from ../subjects/jquery/node_modules/jquery/dist/jquery.js in 15_PROFILING_INFO_
​ _PROFILING_INFO_start function null from ../subjects/jquery/node_modules/jquery/dist/jquery.js in 38_PROFILING_INFO_
​ _PROFILING_INFO_start function null from ../subjects/jquery/node_modules/jquery/dist/jquery.js in 177_PROFILING_INFO_
​ _PROFILING_INFO_start function null from ../subjects/jquery/node_modules/jquery/dist/jquery.js in 345_PROFILING_INFO_
​ _PROFILING_INFO_start function isArraylike from ../subjects/jquery/node_modules/jquery/dist/jquery.js in 533_PROFILING_INFO_
​ _PROFILING_INFO_start function null from ../subjects/jquery/node_modules/jquery/dist/jquery.js in 300_PROFILING_INFO_
​ _PROFILING_INFO_start function null from ../subjects/jquery/node_modules/jquery/dist/jquery.js in 261_PROFILING_INFO_
​ _PROFILING_INFO_start function null from ../subjects/jquery/node_modules/jquery/dist/jquery.js in 529_PROFILING_INFO_
​ _PROFILING_INFO_start function null from ../subjects/jquery/node_modules/jquery/dist/jquery.js in 564_PROFILING_INFO_
​ _PROFILING_INFO_start function createCache from ../subjects/jquery/node_modules/jquery/dist/jquery.js in 864_PROFILING_INFO_
​ _PROFILING_INFO_start function markFunction from ../subjects/jquery/node_modules/jquery/dist/jquery.js in 882_PROFILING_INFO_
​ _PROFILING_INFO_start function createPositionalPseudo from ../subjects/jquery/node_modules/jquery/dist/jquery.js in 977_PROFILING_INFO_
​ _PROFILING_INFO_start function createInputPseudo from ../subjects/jquery/node_modules/jquery/dist/jquery.js in 955_PROFILING_INFO_
​ _PROFILING_INFO_start function createButtonPseudo from ../subjects/jquery/node_modules/jquery/dist/jquery.js in 966_PROFILING_INFO_
​ _PROFILING_INFO_start function setFilters from ../subjects/jquery/node_modules/jquery/dist/jquery.js in 2009_PROFILING_INFO_
​ _PROFILING_INFO_start function null from ../subjects/jquery/node_modules/jquery/dist/jquery.js in 596_PROFILING_INFO_
​ _PROFILING_INFO_start function null from ../subjects/jquery/node_modules/jquery/dist/jquery.js in 1024_PROFILING_INFO_
​ _PROFILING_INFO_start function null from ../subjects/jquery/node_modules/jquery/dist/jquery.js in 1012_PROFILING_INFO_
​ _PROFILING_INFO_start function assert from ../subjects/jquery/node_modules/jquery/dist/jquery.js in 891_PROFILING_INFO_
​ _PROFILING_INFO_start function null from ../subjects/jquery/node_modules/jquery/dist/jquery.js in 1061_PROFILING_INFO_
​ _PROFILING_INFO_start function null from ../subjects/jquery/node_modules/jquery/dist/jquery.js in 1070_PROFILING_INFO_
​ _PROFILING_INFO_start function null from ../subjects/jquery/node_modules/jquery/dist/jquery.js in 1082_PROFILING_INFO_
​ _PROFILING_INFO_start function null from ../subjects/jquery/node_modules/jquery/dist/jquery.js in 1174_PROFILING_INFO_
​ _PROFILING_INFO_start function null from ../subjects/jquery/node_modules/jquery/dist/jquery.js in 1218_PROFILING_INFO_
​ _PROFILING_INFO_start function null from ../subjects/jquery/node_modules/jquery/dist/jquery.js in 1249_PROFILING_INFO_
​ _PROFILING_INFO_start function null from ../subjects/jquery/node_modules/jquery/dist/jquery.js in 2560_PROFILING_INFO_
​ _PROFILING_INFO_start function null from ../subjects/jquery/node_modules/jquery/dist/jquery.js in 2568_PROFILING_INFO_
​ _PROFILING_INFO_start function null from ../subjects/jquery/node_modules/jquery/dist/jquery.js in 2581_PROFILING_INFO_
​ _PROFILING_INFO_start function null from ../subjects/jquery/node_modules/jquery/dist/jquery.js in 2595_PROFILING_INFO_
​ _PROFILING_INFO_start function null from ../subjects/jquery/node_modules/jquery/dist/jquery.js in 73_PROFILING_INFO_
​ _PROFILING_INFO_start function null from ../subjects/jquery/node_modules/jquery/dist/jquery.js in 2735_PROFILING_INFO_
​ _PROFILING_INFO_start function null from ../subjects/jquery/node_modules/jquery/dist/jquery.js in 3001_PROFILING_INFO_
​ _PROFILING_INFO_start function null from ../subjects/jquery/node_modules/jquery/dist/jquery.js in 3436_PROFILING_INFO_
​ _PROFILING_INFO_start function null from ../subjects/jquery/node_modules/jquery/dist/jquery.js in 3233_PROFILING_INFO_
​ _PROFILING_INFO_start function null from ../subjects/jquery/node_modules/jquery/dist/jquery.js in 3066_PROFILING_INFO_
​ _PROFILING_INFO_start function createOptions from ../subjects/jquery/node_modules/jquery/dist/jquery.js in 3036_PROFILING_INFO_
​ _PROFILING_INFO_start function null from ../subjects/jquery/node_modules/jquery/dist/jquery.js in 3038_PROFILING_INFO_
​ _PROFILING_INFO_start function null from ../subjects/jquery/node_modules/jquery/dist/jquery.js in 3282_PROFILING_INFO_
​ _PROFILING_INFO_start function null from ../subjects/jquery/node_modules/jquery/dist/jquery.js in 3120_PROFILING_INFO_
​ _PROFILING_INFO_start function add from ../subjects/jquery/node_modules/jquery/dist/jquery.js in 3124_PROFILING_INFO_
​ _PROFILING_INFO_start function null from ../subjects/jquery/node_modules/jquery/dist/jquery.js in 3125_PROFILING_INFO_
​ _PROFILING_INFO_start function null from ../subjects/jquery/node_modules/jquery/dist/jquery.js in 3272_PROFILING_INFO_
​ _PROFILING_INFO_start function Data from ../subjects/jquery/node_modules/jquery/dist/jquery.js in 3535_PROFILING_INFO_
​ _PROFILING_INFO_start function null from ../subjects/jquery/node_modules/jquery/dist/jquery.js in 4029_PROFILING_INFO_
​ _PROFILING_INFO_start function null from ../subjects/jquery/node_modules/jquery/dist/jquery.js in 4750_PROFILING_INFO_
​ _PROFILING_INFO_start function null from ../subjects/jquery/node_modules/jquery/dist/jquery.js in 4776_PROFILING_INFO_
​ _PROFILING_INFO_start function null from ../subjects/jquery/node_modules/jquery/dist/jquery.js in 5453_PROFILING_INFO_
​ _PROFILING_INFO_start function null from ../subjects/jquery/node_modules/jquery/dist/jquery.js in 5619_PROFILING_INFO_
​ _PROFILING_INFO_start function null from ../subjects/jquery/node_modules/jquery/dist/jquery.js in 6044_PROFILING_INFO_
​ _PROFILING_INFO_start function addGetHookIf from ../subjects/jquery/node_modules/jquery/dist/jquery.js in 5601_PROFILING_INFO_
​ _PROFILING_INFO_start function null from ../subjects/jquery/node_modules/jquery/dist/jquery.js in 6089_PROFILING_INFO_
​ _PROFILING_INFO_start function null from ../subjects/jquery/node_modules/jquery/dist/jquery.js in 255_PROFILING_INFO_
​ _PROFILING_INFO_start function null from ../subjects/jquery/node_modules/jquery/dist/jquery.js in 6824_PROFILING_INFO_
​ _PROFILING_INFO_start function genFx from ../subjects/jquery/node_modules/jquery/dist/jquery.js in 6334_PROFILING_INFO_
​ _PROFILING_INFO_start function null from ../subjects/jquery/node_modules/jquery/dist/jquery.js in 6841_PROFILING_INFO_
​ _PROFILING_INFO_start function null from ../subjects/jquery/node_modules/jquery/dist/jquery.js in 6914_PROFILING_INFO_
​ _PROFILING_INFO_start function null from ../subjects/jquery/node_modules/jquery/dist/jquery.js in 7056_PROFILING_INFO_
​ _PROFILING_INFO_start function null from ../subjects/jquery/node_modules/jquery/dist/jquery.js in 7160_PROFILING_INFO_
​ _PROFILING_INFO_start function null from ../subjects/jquery/node_modules/jquery/dist/jquery.js in 7458_PROFILING_INFO_
​ _PROFILING_INFO_start function null from ../subjects/jquery/node_modules/jquery/dist/jquery.js in 7481_PROFILING_INFO_
​ _PROFILING_INFO_start function addToPrefiltersOrTransports from ../subjects/jquery/node_modules/jquery/dist/jquery.js in 7586_PROFILING_INFO_
​ _PROFILING_INFO_start function null from ../subjects/jquery/node_modules/jquery/dist/jquery.js in 8302_PROFILING_INFO_
​ _PROFILING_INFO_start function null from ../subjects/jquery/node_modules/jquery/dist/jquery.js in 8519_PROFILING_INFO_
​ _PROFILING_INFO_start function null from ../subjects/jquery/node_modules/jquery/dist/jquery.js in 7589_PROFILING_INFO_
​ _PROFILING_INFO_start function null from ../subjects/jquery/node_modules/jquery/dist/jquery.js in 7891_PROFILING_INFO_
​ _PROFILING_INFO_start function ajaxExtend from ../subjects/jquery/node_modules/jquery/dist/jquery.js in 7645_PROFILING_INFO_
​ _PROFILING_INFO_start function null from ../subjects/jquery/node_modules/jquery/dist/jquery.js in 273_PROFILING_INFO_
​ _PROFILING_INFO_start function null from ../subjects/jquery/node_modules/jquery/dist/jquery.js in 8894_PROFILING_INFO_
​ _PROFILING_INFO_start function null from ../subjects/jquery/node_modules/jquery/dist/jquery.js in 9059_PROFILING_INFO_
​ _PROFILING_INFO_start function null from ../subjects/jquery/node_modules/jquery/dist/jquery.js in 9089_PROFILING_INFO_
​ _PROFILING_INFO_start function null from ../subjects/jquery/node_modules/jquery/dist/jquery.js in 9105_PROFILING_INFO_
​ _PROFILING_INFO_start function null from ../subjects/jquery/node_modules/jquery/dist/jquery.js in 9106_PROFILING_INFO_
​  GET http://localhost:8000/jquery/learn.json 404 (File not found)
getFile @ base-instrumented.js:160
(anonymous) @ base-instrumented.js:267
(anonymous) @ base-instrumented.js:268
​ _PROFILING_INFO_start function null from ../subjects/jquery/node_modules/todomvc-common/base.js in 147_PROFILING_INFO_
​ _PROFILING_INFO_start function null from ../subjects/jquery/node_modules/handlebars/dist/handlebars.js in 28_PROFILING_INFO_
​ _PROFILING_INFO_start function null from ../subjects/jquery/node_modules/handlebars/dist/handlebars.js in 36_PROFILING_INFO_
​ _PROFILING_INFO_start function null from ../subjects/jquery/node_modules/handlebars/dist/handlebars.js in 38_PROFILING_INFO_
​ _PROFILING_INFO_start function null from ../subjects/jquery/node_modules/handlebars/dist/handlebars.js in 55_PROFILING_INFO_
​ _PROFILING_INFO_start function null from ../subjects/jquery/node_modules/handlebars/dist/handlebars.js in 93_PROFILING_INFO_
​ _PROFILING_INFO_start function null from ../subjects/jquery/node_modules/handlebars/dist/handlebars.js in 149_PROFILING_INFO_
​ _PROFILING_INFO_start function null from ../subjects/jquery/node_modules/handlebars/dist/handlebars.js in 183_PROFILING_INFO_
​ _PROFILING_INFO_start function null from ../subjects/jquery/node_modules/handlebars/dist/handlebars.js in 420_PROFILING_INFO_
​ _PROFILING_INFO_start function null from ../subjects/jquery/node_modules/handlebars/dist/handlebars.js in 619_PROFILING_INFO_
​ _PROFILING_INFO_start function null from ../subjects/jquery/node_modules/handlebars/dist/handlebars.js in 633_PROFILING_INFO_
​ _PROFILING_INFO_start function HandlebarsEnvironment from ../subjects/jquery/node_modules/handlebars/dist/handlebars.js in 206_PROFILING_INFO_
​ _PROFILING_INFO_start function registerDefaultHelpers from ../subjects/jquery/node_modules/handlebars/dist/handlebars.js in 243_PROFILING_INFO_
​ _PROFILING_INFO_start function null from ../subjects/jquery/node_modules/handlebars/dist/handlebars.js in 219_PROFILING_INFO_
​ _PROFILING_INFO_start function extend from ../subjects/jquery/node_modules/handlebars/dist/handlebars.js in 77_PROFILING_INFO_
​ _PROFILING_INFO_start function null from ../subjects/jquery/node_modules/handlebars/dist/handlebars.js in 660_PROFILING_INFO_
​ _PROFILING_INFO_start function null from ../subjects/jquery/node_modules/handlebars/dist/handlebars.js in 880_PROFILING_INFO_
​ _PROFILING_INFO_start function null from ../subjects/jquery/node_modules/handlebars/dist/handlebars.js in 886_PROFILING_INFO_
​ _PROFILING_INFO_start function null from ../subjects/jquery/node_modules/handlebars/dist/handlebars.js in 1094_PROFILING_INFO_
​ _PROFILING_INFO_start function Parser from ../subjects/jquery/node_modules/handlebars/dist/handlebars.js in 1378_PROFILING_INFO_
​ _PROFILING_INFO_start function null from ../subjects/jquery/node_modules/handlebars/dist/handlebars.js in 1386_PROFILING_INFO_
​ _PROFILING_INFO_start function null from ../subjects/jquery/node_modules/handlebars/dist/handlebars.js in 1579_PROFILING_INFO_
​ _PROFILING_INFO_start function null from ../subjects/jquery/node_modules/handlebars/dist/handlebars.js in 1606_PROFILING_INFO_
​ _PROFILING_INFO_start function null from ../subjects/jquery/node_modules/handlebars/dist/handlebars.js in 2064_PROFILING_INFO_
​ _PROFILING_INFO_start function null from ../subjects/jquery/node_modules/handlebars/dist/handlebars.js in 3034_PROFILING_INFO_
​ _PROFILING_INFO_start function null from ../subjects/jquery/node_modules/handlebars/dist/handlebars.js in 3050_PROFILING_INFO_
​ _PROFILING_INFO_start function null from ../subjects/jquery/node_modules/director/build/director.js in 8_PROFILING_INFO_
​ _PROFILING_INFO_start function null from ../subjects/jquery/node_modules/jquery/dist/jquery.js in 73_PROFILING_INFO_
​ _PROFILING_INFO_start function null from ../subjects/jquery/node_modules/jquery/dist/jquery.js in 2735_PROFILING_INFO_
​ _PROFILING_INFO_start function null from ../subjects/jquery/node_modules/jquery/dist/jquery.js in 255_PROFILING_INFO_
​ _PROFILING_INFO_start function null from ../subjects/jquery/node_modules/jquery/dist/jquery.js in 300_PROFILING_INFO_
​ _PROFILING_INFO_start function null from ../subjects/jquery/node_modules/jquery/dist/jquery.js in 3376_PROFILING_INFO_
​ _PROFILING_INFO_start function null from ../subjects/jquery/node_modules/jquery/dist/jquery.js in 3436_PROFILING_INFO_
​ _PROFILING_INFO_start function null from ../subjects/jquery/node_modules/jquery/dist/jquery.js in 3272_PROFILING_INFO_
​ _PROFILING_INFO_start function null from ../subjects/jquery/node_modules/jquery/dist/jquery.js in 3120_PROFILING_INFO_
​ _PROFILING_INFO_start function add from ../subjects/jquery/node_modules/jquery/dist/jquery.js in 3124_PROFILING_INFO_
​ _PROFILING_INFO_start function null from ../subjects/jquery/node_modules/jquery/dist/jquery.js in 345_PROFILING_INFO_
​ _PROFILING_INFO_start function isArraylike from ../subjects/jquery/node_modules/jquery/dist/jquery.js in 533_PROFILING_INFO_
​ _PROFILING_INFO_start function null from ../subjects/jquery/node_modules/jquery/dist/jquery.js in 261_PROFILING_INFO_
​ _PROFILING_INFO_start function null from ../subjects/jquery/node_modules/jquery/dist/jquery.js in 3125_PROFILING_INFO_
​ _PROFILING_INFO_start function completed from ../subjects/jquery/node_modules/jquery/dist/jquery.js in 3430_PROFILING_INFO_
​ _PROFILING_INFO_start function null from ../subjects/jquery/node_modules/jquery/dist/jquery.js in 3401_PROFILING_INFO_
​ _PROFILING_INFO_start function null from ../subjects/jquery/node_modules/jquery/dist/jquery.js in 3204_PROFILING_INFO_
​ _PROFILING_INFO_start function null from ../subjects/jquery/node_modules/jquery/dist/jquery.js in 3091_PROFILING_INFO_
​ _PROFILING_INFO_start function null from ../subjects/jquery/node_modules/jquery/dist/jquery.js in 3291_PROFILING_INFO_
​ _PROFILING_INFO_start function null from ../subjects/jquery/node_modules/jquery/dist/jquery.js in 3183_PROFILING_INFO_
​ _PROFILING_INFO_start function null from ../subjects/jquery/node_modules/jquery/dist/jquery.js in 3192_PROFILING_INFO_
​ _PROFILING_INFO_start function null from ../subjects/jquery/js/app.js in 2_PROFILING_INFO_
​ _PROFILING_INFO_start function null from ../subjects/jquery/node_modules/handlebars/dist/handlebars.js in 219_PROFILING_INFO_
​ _PROFILING_INFO_start function null from ../subjects/jquery/js/app.js in 42_PROFILING_INFO_
​ _PROFILING_INFO_start function null from ../subjects/jquery/js/app.js in 31_PROFILING_INFO_
​ _PROFILING_INFO_start function null from ../subjects/jquery/node_modules/jquery/dist/jquery.js in 5299_PROFILING_INFO_
​ _PROFILING_INFO_start function null from ../subjects/jquery/node_modules/jquery/dist/jquery.js in 3468_PROFILING_INFO_
​ _PROFILING_INFO_start function null from ../subjects/jquery/node_modules/jquery/dist/jquery.js in 5300_PROFILING_INFO_
​ _PROFILING_INFO_start function null from ../subjects/jquery/node_modules/handlebars/dist/handlebars.js in 3053_PROFILING_INFO_
​ _PROFILING_INFO_start function compile from ../subjects/jquery/node_modules/handlebars/dist/handlebars.js in 2001_PROFILING_INFO_
​ _PROFILING_INFO_start function null from ../subjects/jquery/js/app.js in 55_PROFILING_INFO_
​ _PROFILING_INFO_start function null from ../subjects/jquery/node_modules/jquery/dist/jquery.js in 4811_PROFILING_INFO_
​ _PROFILING_INFO_start function null from ../subjects/jquery/node_modules/jquery/dist/jquery.js in 138_PROFILING_INFO_
​ _PROFILING_INFO_start function null from ../subjects/jquery/node_modules/jquery/dist/jquery.js in 4860_PROFILING_INFO_
​ _PROFILING_INFO_start function null from ../subjects/jquery/node_modules/jquery/dist/jquery.js in 4088_PROFILING_INFO_
​ _PROFILING_INFO_start function null from ../subjects/jquery/node_modules/jquery/dist/jquery.js in 3614_PROFILING_INFO_
​ _PROFILING_INFO_start function null from ../subjects/jquery/node_modules/jquery/dist/jquery.js in 3552_PROFILING_INFO_
​ _PROFILING_INFO_start function null from ../subjects/jquery/node_modules/jquery/dist/jquery.js in 3523_PROFILING_INFO_
​ _PROFILING_INFO_start function null from ../subjects/jquery/node_modules/jquery/dist/jquery.js in 177_PROFILING_INFO_
​ _PROFILING_INFO_start function null from ../subjects/jquery/node_modules/jquery/dist/jquery.js in 4784_PROFILING_INFO_
​ _PROFILING_INFO_start function null from ../subjects/jquery/node_modules/jquery/dist/jquery.js in 3624_PROFILING_INFO_
​ _PROFILING_INFO_start function null from ../subjects/jquery/node_modules/jquery/dist/jquery.js in 336_PROFILING_INFO_
​ _PROFILING_INFO_start function null from ../subjects/jquery/node_modules/jquery/dist/jquery.js in 3588_PROFILING_INFO_
​ _PROFILING_INFO_start function null from ../subjects/jquery/node_modules/director/build/director.js in 162_PROFILING_INFO_
​ _PROFILING_INFO_start function null from ../subjects/jquery/node_modules/director/build/director.js in 392_PROFILING_INFO_
​ _PROFILING_INFO_start function null from ../subjects/jquery/node_modules/director/build/director.js in 690_PROFILING_INFO_
​ _PROFILING_INFO_start function insertOrMount from ../subjects/jquery/node_modules/director/build/director.js in 699_PROFILING_INFO_
​ _PROFILING_INFO_start function terminator from ../subjects/jquery/node_modules/director/build/director.js in 370_PROFILING_INFO_
​ _PROFILING_INFO_start function null from ../subjects/jquery/node_modules/director/build/director.js in 252_PROFILING_INFO_
​ _PROFILING_INFO_start function null from ../subjects/jquery/node_modules/director/build/director.js in 611_PROFILING_INFO_
​ _PROFILING_INFO_start function null from ../subjects/jquery/node_modules/director/build/director.js in 613_PROFILING_INFO_
​ _PROFILING_INFO_start function regifyString from ../subjects/jquery/node_modules/director/build/director.js in 347_PROFILING_INFO_
​ _PROFILING_INFO_start function paramifyString from ../subjects/jquery/node_modules/director/build/director.js in 334_PROFILING_INFO_
​ _PROFILING_INFO_start function null from ../subjects/jquery/node_modules/director/build/director.js in 180_PROFILING_INFO_
​ _PROFILING_INFO_start function null from ../subjects/jquery/node_modules/director/build/director.js in 48_PROFILING_INFO_
​ _PROFILING_INFO_start function dlocHashEmpty from ../subjects/jquery/node_modules/director/build/director.js in 20_PROFILING_INFO_
​ _PROFILING_INFO_start function null from ../subjects/jquery/node_modules/jquery/dist/jquery.js in 4904_PROFILING_INFO_
​ _PROFILING_INFO_start function null from ../subjects/jquery/node_modules/jquery/dist/jquery.js in 4264_PROFILING_INFO_
​ _PROFILING_INFO_start function null from ../subjects/jquery/node_modules/jquery/dist/jquery.js in 4668_PROFILING_INFO_
​ _PROFILING_INFO_start function returnFalse from ../subjects/jquery/node_modules/jquery/dist/jquery.js in 4070_PROFILING_INFO_
​ _PROFILING_INFO_start function null from ../subjects/jquery/node_modules/jquery/dist/jquery.js in 4867_PROFILING_INFO_
​ _PROFILING_INFO_start function null from ../subjects/jquery/node_modules/jquery/dist/jquery.js in 4894_PROFILING_INFO_
​ _PROFILING_INFO_start function null from ../subjects/jquery/node_modules/jquery/dist/jquery.js in 4194_PROFILING_INFO_
​ _PROFILING_INFO_start function null from ../subjects/jquery/node_modules/jquery/dist/jquery.js in 3696_PROFILING_INFO_
​ _PROFILING_INFO_start function null from ../subjects/jquery/node_modules/jquery/dist/jquery.js in 292_PROFILING_INFO_
​ _PROFILING_INFO_start function onchange from ../subjects/jquery/node_modules/director/build/director.js in 56_PROFILING_INFO_
​ _PROFILING_INFO_start function null from ../subjects/jquery/node_modules/director/build/director.js in 183_PROFILING_INFO_
​ _PROFILING_INFO_start function null from ../subjects/jquery/node_modules/director/build/director.js in 462_PROFILING_INFO_
​ _PROFILING_INFO_start function null from ../subjects/jquery/node_modules/director/build/director.js in 526_PROFILING_INFO_
​ _PROFILING_INFO_start function filterRoutes from ../subjects/jquery/node_modules/director/build/director.js in 528_PROFILING_INFO_
​ _PROFILING_INFO_start function updateAndInvoke from ../subjects/jquery/node_modules/director/build/director.js in 478_PROFILING_INFO_
​ _PROFILING_INFO_start function null from ../subjects/jquery/node_modules/director/build/director.js in 680_PROFILING_INFO_
​ _PROFILING_INFO_start function _flatten from ../subjects/jquery/node_modules/director/build/director.js in 304_PROFILING_INFO_
​ _PROFILING_INFO_start function null from ../subjects/jquery/node_modules/director/build/director.js in 496_PROFILING_INFO_
​ _PROFILING_INFO_start function _every from ../subjects/jquery/node_modules/director/build/director.js in 296_PROFILING_INFO_
​ _PROFILING_INFO_start function null from ../subjects/jquery/node_modules/director/build/director.js in 513_PROFILING_INFO_
​ _PROFILING_INFO_start function null from ../subjects/jquery/js/app.js in 49_PROFILING_INFO_
​ _PROFILING_INFO_start function null from ../subjects/jquery/js/app.js in 66_PROFILING_INFO_
​ _PROFILING_INFO_start function null from ../subjects/jquery/js/app.js in 106_PROFILING_INFO_
​ _PROFILING_INFO_start function null from ../subjects/jquery/node_modules/handlebars/dist/handlebars.js in 2025_PROFILING_INFO_
​ _PROFILING_INFO_start function compileInput from ../subjects/jquery/node_modules/handlebars/dist/handlebars.js in 2017_PROFILING_INFO_
​ _PROFILING_INFO_start function parse from ../subjects/jquery/node_modules/handlebars/dist/handlebars.js in 1592_PROFILING_INFO_
​ _PROFILING_INFO_start function parse from ../subjects/jquery/node_modules/handlebars/dist/handlebars.js in 989_PROFILING_INFO_
​ _PROFILING_INFO_start function null from ../subjects/jquery/node_modules/handlebars/dist/handlebars.js in 1103_PROFILING_INFO_
​ _PROFILING_INFO_start function lex from ../subjects/jquery/node_modules/handlebars/dist/handlebars.js in 1007_PROFILING_INFO_
​ _PROFILING_INFO_start function lex from ../subjects/jquery/node_modules/handlebars/dist/handlebars.js in 1238_PROFILING_INFO_
​ _PROFILING_INFO_start function null from ../subjects/jquery/node_modules/handlebars/dist/handlebars.js in 1184_PROFILING_INFO_
​ _PROFILING_INFO_start function _currentRules from ../subjects/jquery/node_modules/handlebars/dist/handlebars.js in 1252_PROFILING_INFO_
​ _PROFILING_INFO_start function anonymous from ../subjects/jquery/node_modules/handlebars/dist/handlebars.js in 1262_PROFILING_INFO_
​ _PROFILING_INFO_start function begin from ../subjects/jquery/node_modules/handlebars/dist/handlebars.js in 1246_PROFILING_INFO_
​ _PROFILING_INFO_start function anonymous from ../subjects/jquery/node_modules/handlebars/dist/handlebars.js in 892_PROFILING_INFO_
​ _PROFILING_INFO_start function null from ../subjects/jquery/node_modules/handlebars/dist/handlebars.js in 772_PROFILING_INFO_
​ _PROFILING_INFO_start function LocationInfo from ../subjects/jquery/node_modules/handlebars/dist/handlebars.js in 665_PROFILING_INFO_
​ _PROFILING_INFO_start function popState from ../subjects/jquery/node_modules/handlebars/dist/handlebars.js in 1249_PROFILING_INFO_
​ _PROFILING_INFO_start function null from ../subjects/jquery/node_modules/handlebars/dist/handlebars.js in 784_PROFILING_INFO_
​ _PROFILING_INFO_start function null from ../subjects/jquery/node_modules/handlebars/dist/handlebars.js in 710_PROFILING_INFO_
​ _PROFILING_INFO_start function stripFlags from ../subjects/jquery/node_modules/handlebars/dist/handlebars.js in 1391_PROFILING_INFO_
​ _PROFILING_INFO_start function null from ../subjects/jquery/node_modules/handlebars/dist/handlebars.js in 681_PROFILING_INFO_
​ _PROFILING_INFO_start function prepareProgram from ../subjects/jquery/node_modules/handlebars/dist/handlebars.js in 1455_PROFILING_INFO_
​ _PROFILING_INFO_start function null from ../subjects/jquery/node_modules/handlebars/dist/handlebars.js in 674_PROFILING_INFO_
​ _PROFILING_INFO_start function prepareBlock from ../subjects/jquery/node_modules/handlebars/dist/handlebars.js in 1399_PROFILING_INFO_
​ _PROFILING_INFO_start function isNextWhitespace from ../subjects/jquery/node_modules/handlebars/dist/handlebars.js in 1522_PROFILING_INFO_
​ _PROFILING_INFO_start function isPrevWhitespace from ../subjects/jquery/node_modules/handlebars/dist/handlebars.js in 1505_PROFILING_INFO_
​ _PROFILING_INFO_start function null from ../subjects/jquery/node_modules/handlebars/dist/handlebars.js in 744_PROFILING_INFO_
​ _PROFILING_INFO_start function omitRight from ../subjects/jquery/node_modules/handlebars/dist/handlebars.js in 1545_PROFILING_INFO_
​ _PROFILING_INFO_start function omitLeft from ../subjects/jquery/node_modules/handlebars/dist/handlebars.js in 1563_PROFILING_INFO_
​ _PROFILING_INFO_start function Compiler from ../subjects/jquery/node_modules/handlebars/dist/handlebars.js in 1614_PROFILING_INFO_
​ _PROFILING_INFO_start function null from ../subjects/jquery/node_modules/handlebars/dist/handlebars.js in 1652_PROFILING_INFO_
​ _PROFILING_INFO_start function null from ../subjects/jquery/node_modules/handlebars/dist/handlebars.js in 1681_PROFILING_INFO_
​ _PROFILING_INFO_start function null from ../subjects/jquery/node_modules/handlebars/dist/handlebars.js in 1685_PROFILING_INFO_
​ _PROFILING_INFO_start function null from ../subjects/jquery/node_modules/handlebars/dist/handlebars.js in 1794_PROFILING_INFO_
​ _PROFILING_INFO_start function null from ../subjects/jquery/node_modules/handlebars/dist/handlebars.js in 1904_PROFILING_INFO_
​ _PROFILING_INFO_start function null from ../subjects/jquery/node_modules/handlebars/dist/handlebars.js in 1718_PROFILING_INFO_
​ _PROFILING_INFO_start function null from ../subjects/jquery/node_modules/handlebars/dist/handlebars.js in 1700_PROFILING_INFO_
​ _PROFILING_INFO_start function null from ../subjects/jquery/node_modules/handlebars/dist/handlebars.js in 1917_PROFILING_INFO_
​ _PROFILING_INFO_start function null from ../subjects/jquery/node_modules/handlebars/dist/handlebars.js in 1842_PROFILING_INFO_
​ _PROFILING_INFO_start function null from ../subjects/jquery/node_modules/handlebars/dist/handlebars.js in 1966_PROFILING_INFO_
​ _PROFILING_INFO_start function null from ../subjects/jquery/node_modules/handlebars/dist/handlebars.js in 1939_PROFILING_INFO_
​ _PROFILING_INFO_start function null from ../subjects/jquery/node_modules/handlebars/dist/handlebars.js in 1945_PROFILING_INFO_
​ _PROFILING_INFO_start function null from ../subjects/jquery/node_modules/handlebars/dist/handlebars.js in 1871_PROFILING_INFO_
​ _PROFILING_INFO_start function null from ../subjects/jquery/node_modules/handlebars/dist/handlebars.js in 1908_PROFILING_INFO_
​ _PROFILING_INFO_start function null from ../subjects/jquery/node_modules/handlebars/dist/handlebars.js in 1800_PROFILING_INFO_
​ _PROFILING_INFO_start function null from ../subjects/jquery/node_modules/handlebars/dist/handlebars.js in 1859_PROFILING_INFO_
​ _PROFILING_INFO_start function null from ../subjects/jquery/node_modules/handlebars/dist/handlebars.js in 1810_PROFILING_INFO_
​ _PROFILING_INFO_start function null from ../subjects/jquery/node_modules/handlebars/dist/handlebars.js in 1825_PROFILING_INFO_
​ _PROFILING_INFO_start function JavaScriptCompiler from ../subjects/jquery/node_modules/handlebars/dist/handlebars.js in 2075_PROFILING_INFO_
​ _PROFILING_INFO_start function null from ../subjects/jquery/node_modules/handlebars/dist/handlebars.js in 2118_PROFILING_INFO_
​ _PROFILING_INFO_start function null from ../subjects/jquery/node_modules/handlebars/dist/handlebars.js in 2202_PROFILING_INFO_
​ _PROFILING_INFO_start function null from ../subjects/jquery/node_modules/handlebars/dist/handlebars.js in 2706_PROFILING_INFO_
​ _PROFILING_INFO_start function null from ../subjects/jquery/node_modules/handlebars/dist/handlebars.js in 2730_PROFILING_INFO_
​ _PROFILING_INFO_start function null from ../subjects/jquery/node_modules/handlebars/dist/handlebars.js in 2341_PROFILING_INFO_
​ _PROFILING_INFO_start function null from ../subjects/jquery/node_modules/handlebars/dist/handlebars.js in 2765_PROFILING_INFO_
​ _PROFILING_INFO_start function null from ../subjects/jquery/node_modules/handlebars/dist/handlebars.js in 2887_PROFILING_INFO_
​ _PROFILING_INFO_start function null from ../subjects/jquery/node_modules/handlebars/dist/handlebars.js in 2099_PROFILING_INFO_
​ _PROFILING_INFO_start function null from ../subjects/jquery/node_modules/handlebars/dist/handlebars.js in 2209_PROFILING_INFO_
​ _PROFILING_INFO_start function null from ../subjects/jquery/node_modules/handlebars/dist/handlebars.js in 2241_PROFILING_INFO_
​ _PROFILING_INFO_start function null from ../subjects/jquery/node_modules/handlebars/dist/handlebars.js in 1624_PROFILING_INFO_
​ _PROFILING_INFO_start function argEquals from ../subjects/jquery/node_modules/handlebars/dist/handlebars.js in 2046_PROFILING_INFO_
​ _PROFILING_INFO_start function null from ../subjects/jquery/node_modules/handlebars/dist/handlebars.js in 2388_PROFILING_INFO_
​ _PROFILING_INFO_start function null from ../subjects/jquery/node_modules/handlebars/dist/handlebars.js in 2409_PROFILING_INFO_
​ _PROFILING_INFO_start function null from ../subjects/jquery/node_modules/handlebars/dist/handlebars.js in 2398_PROFILING_INFO_
​ _PROFILING_INFO_start function null from ../subjects/jquery/node_modules/handlebars/dist/handlebars.js in 2879_PROFILING_INFO_
​ _PROFILING_INFO_start function null from ../subjects/jquery/node_modules/handlebars/dist/handlebars.js in 2761_PROFILING_INFO_
​ _PROFILING_INFO_start function Literal from ../subjects/jquery/node_modules/handlebars/dist/handlebars.js in 2071_PROFILING_INFO_
handlebars-instrumented.js:5493 _PROFILING_INFO_start function null from ../subjects/jquery/node_modules/handlebars/dist/handlebars.js in 2543_PROFILING_INFO_
handlebars-instrumented.js:5707 _PROFILING_INFO_start function null from ../subjects/jquery/node_modules/handlebars/dist/handlebars.js in 2785_PROFILING_INFO_
handlebars-instrumented.js:5771 _PROFILING_INFO_start function null from ../subjects/jquery/node_modules/handlebars/dist/handlebars.js in 2846_PROFILING_INFO_
handlebars-instrumented.js:5778 _PROFILING_INFO_start function null from ../subjects/jquery/node_modules/handlebars/dist/handlebars.js in 2850_PROFILING_INFO_
handlebars-instrumented.js:5383 _PROFILING_INFO_start function null from ../subjects/jquery/node_modules/handlebars/dist/handlebars.js in 2423_PROFILING_INFO_
handlebars-instrumented.js:5088 _PROFILING_INFO_start function null from ../subjects/jquery/node_modules/handlebars/dist/handlebars.js in 2080_PROFILING_INFO_
handlebars-instrumented.js:5925 _PROFILING_INFO_start function null from ../subjects/jquery/node_modules/handlebars/dist/handlebars.js in 3025_PROFILING_INFO_
handlebars-instrumented.js:5508 _PROFILING_INFO_start function null from ../subjects/jquery/node_modules/handlebars/dist/handlebars.js in 2568_PROFILING_INFO_
handlebars-instrumented.js:5651 _PROFILING_INFO_start function null from ../subjects/jquery/node_modules/handlebars/dist/handlebars.js in 2739_PROFILING_INFO_
handlebars-instrumented.js:5441 _PROFILING_INFO_start function null from ../subjects/jquery/node_modules/handlebars/dist/handlebars.js in 2495_PROFILING_INFO_
handlebars-instrumented.js:5530 _PROFILING_INFO_start function null from ../subjects/jquery/node_modules/handlebars/dist/handlebars.js in 2602_PROFILING_INFO_
handlebars-instrumented.js:5839 _PROFILING_INFO_start function null from ../subjects/jquery/node_modules/handlebars/dist/handlebars.js in 2909_PROFILING_INFO_
handlebars-instrumented.js:5904 _PROFILING_INFO_start function null from ../subjects/jquery/node_modules/handlebars/dist/handlebars.js in 2987_PROFILING_INFO_
handlebars-instrumented.js:5853 _PROFILING_INFO_start function null from ../subjects/jquery/node_modules/handlebars/dist/handlebars.js in 2922_PROFILING_INFO_
handlebars-instrumented.js:5826 _PROFILING_INFO_start function null from ../subjects/jquery/node_modules/handlebars/dist/handlebars.js in 2897_PROFILING_INFO_
handlebars-instrumented.js:5337 _PROFILING_INFO_start function null from ../subjects/jquery/node_modules/handlebars/dist/handlebars.js in 2358_PROFILING_INFO_
handlebars-instrumented.js:5753 _PROFILING_INFO_start function null from ../subjects/jquery/node_modules/handlebars/dist/handlebars.js in 2832_PROFILING_INFO_
handlebars-instrumented.js:5696 _PROFILING_INFO_start function null from ../subjects/jquery/node_modules/handlebars/dist/handlebars.js in 2776_PROFILING_INFO_
handlebars-instrumented.js:5735 _PROFILING_INFO_start function null from ../subjects/jquery/node_modules/handlebars/dist/handlebars.js in 2824_PROFILING_INFO_
handlebars-instrumented.js:5746 _PROFILING_INFO_start function null from ../subjects/jquery/node_modules/handlebars/dist/handlebars.js in 2829_PROFILING_INFO_
handlebars-instrumented.js:5129 _PROFILING_INFO_start function null from ../subjects/jquery/node_modules/handlebars/dist/handlebars.js in 2106_PROFILING_INFO_
handlebars-instrumented.js:5538 _PROFILING_INFO_start function null from ../subjects/jquery/node_modules/handlebars/dist/handlebars.js in 2619_PROFILING_INFO_
handlebars-instrumented.js:5666 _PROFILING_INFO_start function null from ../subjects/jquery/node_modules/handlebars/dist/handlebars.js in 2754_PROFILING_INFO_
handlebars-instrumented.js:5349 _PROFILING_INFO_start function null from ../subjects/jquery/node_modules/handlebars/dist/handlebars.js in 2375_PROFILING_INFO_
handlebars-instrumented.js:5418 _PROFILING_INFO_start function null from ../subjects/jquery/node_modules/handlebars/dist/handlebars.js in 2466_PROFILING_INFO_
handlebars-instrumented.js:5302 _PROFILING_INFO_start function null from ../subjects/jquery/node_modules/handlebars/dist/handlebars.js in 2302_PROFILING_INFO_
handlebars-instrumented.js:5107 _PROFILING_INFO_start function null from ../subjects/jquery/node_modules/handlebars/dist/handlebars.js in 2093_PROFILING_INFO_
handlebars-instrumented.js:746 _PROFILING_INFO_start function null from ../subjects/jquery/node_modules/handlebars/dist/handlebars.js in 643_PROFILING_INFO_
handlebars-instrumented.js:501 _PROFILING_INFO_start function template from ../subjects/jquery/node_modules/handlebars/dist/handlebars.js in 449_PROFILING_INFO_
handlebars-instrumented.js:485 _PROFILING_INFO_start function checkRevision from ../subjects/jquery/node_modules/handlebars/dist/handlebars.js in 429_PROFILING_INFO_
handlebars-instrumented.js:618 _PROFILING_INFO_start function null from ../subjects/jquery/node_modules/handlebars/dist/handlebars.js in 545_PROFILING_INFO_
handlebars-instrumented.js:636 _PROFILING_INFO_start function null from ../subjects/jquery/node_modules/handlebars/dist/handlebars.js in 562_PROFILING_INFO_
handlebars-instrumented.js:604 _PROFILING_INFO_start function null from ../subjects/jquery/node_modules/handlebars/dist/handlebars.js in 531_PROFILING_INFO_
handlebars-instrumented.js:709 _PROFILING_INFO_start function initData from ../subjects/jquery/node_modules/handlebars/dist/handlebars.js in 608_PROFILING_INFO_
handlebars-instrumented.js:564 _PROFILING_INFO_start function null from ../subjects/jquery/node_modules/handlebars/dist/handlebars.js in 502_PROFILING_INFO_
handlebars-instrumented.js:581 _PROFILING_INFO_start function null from ../subjects/jquery/node_modules/handlebars/dist/handlebars.js in 514_PROFILING_INFO_
handlebars-instrumented.js:573 _PROFILING_INFO_start function null from ../subjects/jquery/node_modules/handlebars/dist/handlebars.js in 509_PROFILING_INFO_
handlebars-instrumented.js:664 _PROFILING_INFO_start function program from ../subjects/jquery/node_modules/handlebars/dist/handlebars.js in 585_PROFILING_INFO_
handlebars-instrumented.js:289 _PROFILING_INFO_start function null from ../subjects/jquery/node_modules/handlebars/dist/handlebars.js in 254_PROFILING_INFO_
handlebars-instrumented.js:701 _PROFILING_INFO_start function noop from ../subjects/jquery/node_modules/handlebars/dist/handlebars.js in 606_PROFILING_INFO_
jquery-instrumented.js:4182 _PROFILING_INFO_start function getAll from ../subjects/jquery/node_modules/jquery/dist/jquery.js in 5018_PROFILING_INFO_
jquery-instrumented.js:4286 _PROFILING_INFO_start function null from ../subjects/jquery/node_modules/jquery/dist/jquery.js in 5171_PROFILING_INFO_
jquery-instrumented.js:5721 _PROFILING_INFO_start function null from ../subjects/jquery/node_modules/jquery/dist/jquery.js in 6826_PROFILING_INFO_
jquery-instrumented.js:5082 _PROFILING_INFO_start function null from ../subjects/jquery/node_modules/jquery/dist/jquery.js in 6141_PROFILING_INFO_
jquery-instrumented.js:5075 _PROFILING_INFO_start function null from ../subjects/jquery/node_modules/jquery/dist/jquery.js in 6138_PROFILING_INFO_
jquery-instrumented.js:4845 _PROFILING_INFO_start function showHide from ../subjects/jquery/node_modules/jquery/dist/jquery.js in 5859_PROFILING_INFO_
jquery-instrumented.js:3351 _PROFILING_INFO_start function null from ../subjects/jquery/node_modules/jquery/dist/jquery.js in 4018_PROFILING_INFO_
jquery-instrumented.js:4949 _PROFILING_INFO_start function null from ../subjects/jquery/node_modules/jquery/dist/jquery.js in 6010_PROFILING_INFO_
jquery-instrumented.js:4775 _PROFILING_INFO_start function vendorPropName from ../subjects/jquery/node_modules/jquery/dist/jquery.js in 5746_PROFILING_INFO_
jquery-instrumented.js:4635 _PROFILING_INFO_start function curCSS from ../subjects/jquery/node_modules/jquery/dist/jquery.js in 5553_PROFILING_INFO_
jquery-instrumented.js:4625 _PROFILING_INFO_start function null from ../subjects/jquery/node_modules/jquery/dist/jquery.js in 5540_PROFILING_INFO_
app-instrumented.js:131 _PROFILING_INFO_start function null from ../subjects/jquery/js/app.js in 96_PROFILING_INFO_
jquery-instrumented.js:5969 _PROFILING_INFO_start function null from ../subjects/jquery/node_modules/jquery/dist/jquery.js in 7080_PROFILING_INFO_
jquery-instrumented.js:5995 _PROFILING_INFO_start function null from ../subjects/jquery/node_modules/jquery/dist/jquery.js in 7097_PROFILING_INFO_
jquery-instrumented.js:734 _PROFILING_INFO_start function null from ../subjects/jquery/node_modules/jquery/dist/jquery.js in 1012_PROFILING_INFO_
app-instrumented.js:101 _PROFILING_INFO_start function null from ../subjects/jquery/js/app.js in 75_PROFILING_INFO_
app-instrumented.js:37 _PROFILING_INFO_start function null from ../subjects/jquery/js/app.js in 28_PROFILING_INFO_
handlebars-instrumented.js:4094 _PROFILING_INFO_start function strip from ../subjects/jquery/node_modules/handlebars/dist/handlebars.js in 1265_PROFILING_INFO_
handlebars-instrumented.js:941 _PROFILING_INFO_start function null from ../subjects/jquery/node_modules/handlebars/dist/handlebars.js in 838_PROFILING_INFO_
handlebars-instrumented.js:4845 _PROFILING_INFO_start function null from ../subjects/jquery/node_modules/handlebars/dist/handlebars.js in 1889_PROFILING_INFO_
handlebars-instrumented.js:5486 _PROFILING_INFO_start function null from ../subjects/jquery/node_modules/handlebars/dist/handlebars.js in 2533_PROFILING_INFO_
handlebars-instrumented.js:5519 _PROFILING_INFO_start function null from ../subjects/jquery/node_modules/handlebars/dist/handlebars.js in 2585_PROFILING_INFO_
handlebars-instrumented.js:114 _PROFILING_INFO_start function escapeExpression from ../subjects/jquery/node_modules/handlebars/dist/handlebars.js in 111_PROFILING_INFO_
app-instrumented.js:11 _PROFILING_INFO_start function null from ../subjects/jquery/js/app.js in 5_PROFILING_INFO_
handlebars-instrumented.js:669 _PROFILING_INFO_start function null from ../subjects/jquery/node_modules/handlebars/dist/handlebars.js in 586_PROFILING_INFO_
handlebars-instrumented.js:372 _PROFILING_INFO_start function null from ../subjects/jquery/node_modules/handlebars/dist/handlebars.js in 342_PROFILING_INFO_
handlebars-instrumented.js:88 _PROFILING_INFO_start function null from ../subjects/jquery/node_modules/handlebars/dist/handlebars.js in 93_PROFILING_INFO_
jquery-instrumented.js:6327 _PROFILING_INFO_start function null from ../subjects/jquery/node_modules/jquery/dist/jquery.js in 7484_PROFILING_INFO_
jquery-instrumented.js:4056 _PROFILING_INFO_start function null from ../subjects/jquery/node_modules/jquery/dist/jquery.js in 4899_PROFILING_INFO_
jquery-instrumented.js:4061 _PROFILING_INFO_start function null from ../subjects/jquery/node_modules/jquery/dist/jquery.js in 4900_PROFILING_INFO_
jquery-instrumented.js:3745 _PROFILING_INFO_start function null from ../subjects/jquery/node_modules/jquery/dist/jquery.js in 4594_PROFILING_INFO_
jquery-instrumented.js:3391 _PROFILING_INFO_start function safeActiveElement from ../subjects/jquery/node_modules/jquery/dist/jquery.js in 4074_PROFILING_INFO_
jquery-instrumented.js:3424 _PROFILING_INFO_start function null from ../subjects/jquery/node_modules/jquery/dist/jquery.js in 4117_PROFILING_INFO_
jquery-instrumented.js:3606 _PROFILING_INFO_start function null from ../subjects/jquery/node_modules/jquery/dist/jquery.js in 4396_PROFILING_INFO_
jquery-instrumented.js:3715 _PROFILING_INFO_start function null from ../subjects/jquery/node_modules/jquery/dist/jquery.js in 4545_PROFILING_INFO_
jquery-instrumented.js:3683 _PROFILING_INFO_start function null from ../subjects/jquery/node_modules/jquery/dist/jquery.js in 4508_PROFILING_INFO_
jquery-instrumented.js:3642 _PROFILING_INFO_start function null from ../subjects/jquery/node_modules/jquery/dist/jquery.js in 4455_PROFILING_INFO_
app-instrumented.js:193 _PROFILING_INFO_start function null from ../subjects/jquery/js/app.js in 135_PROFILING_INFO_
jquery-instrumented.js:6190 _PROFILING_INFO_start function null from ../subjects/jquery/node_modules/jquery/dist/jquery.js in 7322_PROFILING_INFO_
app-instrumented.js:21 _PROFILING_INFO_start function null from ../subjects/jquery/js/app.js in 13_PROFILING_INFO_
jquery-instrumented.js:6208 _PROFILING_INFO_start function null from ../subjects/jquery/node_modules/jquery/dist/jquery.js in 7348_PROFILING_INFO_
handlebars-instrumented.js:317 _PROFILING_INFO_start function null from ../subjects/jquery/node_modules/handlebars/dist/handlebars.js in 283_PROFILING_INFO_
handlebars-instrumented.js:461 _PROFILING_INFO_start function null from ../subjects/jquery/node_modules/handlebars/dist/handlebars.js in 410_PROFILING_INFO_
handlebars-instrumented.js:71 _PROFILING_INFO_start function extend from ../subjects/jquery/node_modules/handlebars/dist/handlebars.js in 77_PROFILING_INFO_
jquery-instrumented.js:5068 _PROFILING_INFO_start function null from ../subjects/jquery/node_modules/jquery/dist/jquery.js in 6135_PROFILING_INFO_
jquery-instrumented.js:4603 _PROFILING_INFO_start function defaultDisplay from ../subjects/jquery/node_modules/jquery/dist/jquery.js in 5506_PROFILING_INFO_
jquery-instrumented.js:4594 _PROFILING_INFO_start function actualDisplay from ../subjects/jquery/node_modules/jquery/dist/jquery.js in 5484_PROFILING_INFO_
jquery-instrumented.js:4579 _PROFILING_INFO_start function null from ../subjects/jquery/node_modules/jquery/dist/jquery.js in 5454_PROFILING_INFO_
jquery-instrumented.js:4336 _PROFILING_INFO_start function null from ../subjects/jquery/node_modules/jquery/dist/jquery.js in 5217_PROFILING_INFO_
jquery-instrumented.js:4508 _PROFILING_INFO_start function null from ../subjects/jquery/node_modules/jquery/dist/jquery.js in 5360_PROFILING_INFO_
jquery-instrumented.js:4233 _PROFILING_INFO_start function null from ../subjects/jquery/node_modules/jquery/dist/jquery.js in 5085_PROFILING_INFO_
jquery-instrumented.js:355 _PROFILING_INFO_start function null from ../subjects/jquery/node_modules/jquery/dist/jquery.js in 423_PROFILING_INFO_
jquery-instrumented.js:348 _PROFILING_INFO_start function null from ../subjects/jquery/node_modules/jquery/dist/jquery.js in 419_PROFILING_INFO_
jquery-instrumented.js:1024 _PROFILING_INFO_start function null from ../subjects/jquery/node_modules/jquery/dist/jquery.js in 1428_PROFILING_INFO_
jquery-instrumented.js:922 _PROFILING_INFO_start function null from ../subjects/jquery/node_modules/jquery/dist/jquery.js in 1272_PROFILING_INFO_
jquery-instrumented.js:278 _PROFILING_INFO_start function null from ../subjects/jquery/node_modules/jquery/dist/jquery.js in 340_PROFILING_INFO_
jquery-instrumented.js:381 _PROFILING_INFO_start function null from ../subjects/jquery/node_modules/jquery/dist/jquery.js in 457_PROFILING_INFO_
jquery-instrumented.js:4341 _PROFILING_INFO_start function null from ../subjects/jquery/node_modules/jquery/dist/jquery.js in 5218_PROFILING_INFO_
jquery-instrumented.js:4115 _PROFILING_INFO_start function manipulationTarget from ../subjects/jquery/node_modules/jquery/dist/jquery.js in 4946_PROFILING_INFO_
jquery-instrumented.js:63 _PROFILING_INFO_start function null from ../subjects/jquery/node_modules/jquery/dist/jquery.js in 110_PROFILING_INFO_
jquery-instrumented.js:70 _PROFILING_INFO_start function null from ../subjects/jquery/node_modules/jquery/dist/jquery.js in 122_PROFILING_INFO_
jquery-instrumented.js:4501 _PROFILING_INFO_start function null from ../subjects/jquery/node_modules/jquery/dist/jquery.js in 5356_PROFILING_INFO_
jquery-instrumented.js:4398 _PROFILING_INFO_start function null from ../subjects/jquery/node_modules/jquery/dist/jquery.js in 5251_PROFILING_INFO_
jquery-instrumented.js:4143 _PROFILING_INFO_start function setGlobalEval from ../subjects/jquery/node_modules/jquery/dist/jquery.js in 4973_PROFILING_INFO_
app-instrumented.js:136 _PROFILING_INFO_start function null from ../subjects/jquery/js/app.js in 97_PROFILING_INFO_
jquery-instrumented.js:3927 _PROFILING_INFO_start function null from ../subjects/jquery/node_modules/jquery/dist/jquery.js in 4779_PROFILING_INFO_
jquery-instrumented.js:3801 _PROFILING_INFO_start function null from ../subjects/jquery/node_modules/jquery/dist/jquery.js in 4638_PROFILING_INFO_
jquery-instrumented.js:3696 _PROFILING_INFO_start function null from ../subjects/jquery/node_modules/jquery/dist/jquery.js in 4521_PROFILING_INFO_
jquery-instrumented.js:526 _PROFILING_INFO_start function Sizzle from ../subjects/jquery/node_modules/jquery/dist/jquery.js in 750_PROFILING_INFO_
jquery-instrumented.js:1947 _PROFILING_INFO_start function null from ../subjects/jquery/node_modules/jquery/dist/jquery.js in 2476_PROFILING_INFO_
jquery-instrumented.js:1923 _PROFILING_INFO_start function null from ../subjects/jquery/node_modules/jquery/dist/jquery.js in 2437_PROFILING_INFO_
jquery-instrumented.js:1600 _PROFILING_INFO_start function null from ../subjects/jquery/node_modules/jquery/dist/jquery.js in 2013_PROFILING_INFO_
jquery-instrumented.js:608 _PROFILING_INFO_start function cache from ../subjects/jquery/node_modules/jquery/dist/jquery.js in 867_PROFILING_INFO_
jquery-instrumented.js:1813 _PROFILING_INFO_start function matcherFromTokens from ../subjects/jquery/node_modules/jquery/dist/jquery.js in 2280_PROFILING_INFO_
jquery-instrumented.js:1656 _PROFILING_INFO_start function addCombinator from ../subjects/jquery/node_modules/jquery/dist/jquery.js in 2090_PROFILING_INFO_
jquery-instrumented.js:1184 _PROFILING_INFO_start function null from ../subjects/jquery/node_modules/jquery/dist/jquery.js in 1635_PROFILING_INFO_
jquery-instrumented.js:1706 _PROFILING_INFO_start function elementMatcher from ../subjects/jquery/node_modules/jquery/dist/jquery.js in 2143_PROFILING_INFO_
jquery-instrumented.js:1858 _PROFILING_INFO_start function matcherFromGroupMatchers from ../subjects/jquery/node_modules/jquery/dist/jquery.js in 2338_PROFILING_INFO_
jquery-instrumented.js:1863 _PROFILING_INFO_start function null from ../subjects/jquery/node_modules/jquery/dist/jquery.js in 2341_PROFILING_INFO_
jquery-instrumented.js:1711 _PROFILING_INFO_start function null from ../subjects/jquery/node_modules/jquery/dist/jquery.js in 2145_PROFILING_INFO_
jquery-instrumented.js:1190 _PROFILING_INFO_start function null from ../subjects/jquery/node_modules/jquery/dist/jquery.js in 1640_PROFILING_INFO_
jquery-instrumented.js:1830 _PROFILING_INFO_start function null from ../subjects/jquery/node_modules/jquery/dist/jquery.js in 2294_PROFILING_INFO_
jquery-instrumented.js:1672 _PROFILING_INFO_start function null from ../subjects/jquery/node_modules/jquery/dist/jquery.js in 2106_PROFILING_INFO_
jquery-instrumented.js:1818 _PROFILING_INFO_start function null from ../subjects/jquery/node_modules/jquery/dist/jquery.js in 2288_PROFILING_INFO_
app-instrumented.js:211 _PROFILING_INFO_start function null from ../subjects/jquery/js/app.js in 153_PROFILING_INFO_
app-instrumented.js:179 _PROFILING_INFO_start function null from ../subjects/jquery/js/app.js in 124_PROFILING_INFO_
jquery-instrumented.js:2287 _PROFILING_INFO_start function null from ../subjects/jquery/node_modules/jquery/dist/jquery.js in 2894_PROFILING_INFO_
jquery-instrumented.js:1004 _PROFILING_INFO_start function null from ../subjects/jquery/node_modules/jquery/dist/jquery.js in 1399_PROFILING_INFO_
jquery-instrumented.js:3117 _PROFILING_INFO_start function null from ../subjects/jquery/node_modules/jquery/dist/jquery.js in 3780_PROFILING_INFO_
jquery-instrumented.js:3151 _PROFILING_INFO_start function null from ../subjects/jquery/node_modules/jquery/dist/jquery.js in 3818_PROFILING_INFO_
jquery-instrumented.js:3058 _PROFILING_INFO_start function dataAttr from ../subjects/jquery/node_modules/jquery/dist/jquery.js in 3726_PROFILING_INFO_
handlebars-instrumented.js:133 _PROFILING_INFO_start function isEmpty from ../subjects/jquery/node_modules/handlebars/dist/handlebars.js in 130_PROFILING_INFO_
jquery-instrumented.js:1164 _PROFILING_INFO_start function null from ../subjects/jquery/node_modules/jquery/dist/jquery.js in 1626_PROFILING_INFO_
jquery-instrumented.js:1176 _PROFILING_INFO_start function null from ../subjects/jquery/node_modules/jquery/dist/jquery.js in 1630_PROFILING_INFO_
app-instrumented.js:220 _PROFILING_INFO_start function null from ../subjects/jquery/js/app.js in 158_PROFILING_INFO_
jquery-instrumented.js:6062 _PROFILING_INFO_start function null from ../subjects/jquery/node_modules/jquery/dist/jquery.js in 7170_PROFILING_INFO_
jquery-instrumented.js:326 _PROFILING_INFO_start function null from ../subjects/jquery/node_modules/jquery/dist/jquery.js in 395_PROFILING_INFO_
jquery-instrumented.js:2119 _PROFILING_INFO_start function null from ../subjects/jquery/node_modules/jquery/dist/jquery.js in 2678_PROFILING_INFO_
app-instrumented.js:228 _PROFILING_INFO_start function null from ../subjects/jquery/js/app.js in 162_PROFILING_INFO_
app-instrumented.js:240 _PROFILING_INFO_start function null from ../subjects/jquery/js/app.js in 171_PROFILING_INFO_
jquery-instrumented.js:798 _PROFILING_INFO_start function null from ../subjects/jquery/node_modules/jquery/dist/jquery.js in 1097_PROFILING_INFO_
jquery-instrumented.js:804 _PROFILING_INFO_start function null from ../subjects/jquery/node_modules/jquery/dist/jquery.js in 1099_PROFILING_INFO_
app-instrumented.js:144 _PROFILING_INFO_start function null from ../subjects/jquery/js/app.js in 101_PROFILING_INFO_
app-instrumented.js:149 _PROFILING_INFO_start function null from ../subjects/jquery/js/app.js in 102_PROFILING_INFO_
app-instrumented.js:170 _PROFILING_INFO_start function null from ../subjects/jquery/js/app.js in 117_PROFILING_INFO_
app-instrumented.js:259 _PROFILING_INFO_start function null from ../subjects/jquery/js/app.js in 189_PROFILING_INFO_
app-instrumented.js:116 _PROFILING_INFO_start function null from ../subjects/jquery/js/app.js in 87_PROFILING_INFO_
app-instrumented.js:122 _PROFILING_INFO_start function null from ../subjects/jquery/js/app.js in 90_PROFILING_INFO_
