base-instrumented.js:5 _PROFILING_INFO_start function null from ../subjects/knockoutjs/node_modules/todomvc-common/base.js in 2_PROFILING_INFO_
base-instrumented.js:11 _PROFILING_INFO_start function null from ../subjects/knockoutjs/node_modules/todomvc-common/base.js in 8_PROFILING_INFO_
base-instrumented.js:136 _PROFILING_INFO_start function redirect from ../subjects/knockoutjs/node_modules/todomvc-common/base.js in 126_PROFILING_INFO_
base-instrumented.js:153 _PROFILING_INFO_start function getFile from ../subjects/knockoutjs/node_modules/todomvc-common/base.js in 137_PROFILING_INFO_
base-instrumented.js:145 _PROFILING_INFO_start function findRoot from ../subjects/knockoutjs/node_modules/todomvc-common/base.js in 132_PROFILING_INFO_
​ _PROFILING_INFO_start function null from ../subjects/knockoutjs/node_modules/knockout/build/output/knockout-latest.js in 7_PROFILING_INFO_
​ _PROFILING_INFO_start function null from ../subjects/knockoutjs/node_modules/knockout/build/output/knockout-latest.js in 8_PROFILING_INFO_
​ _PROFILING_INFO_start function null from ../subjects/knockoutjs/node_modules/knockout/build/output/knockout-latest.js in 9_PROFILING_INFO_
​ _PROFILING_INFO_start function b from ../subjects/knockoutjs/node_modules/knockout/build/output/knockout-latest.js in 9_PROFILING_INFO_
​ _PROFILING_INFO_start function null from ../subjects/knockoutjs/node_modules/knockout/build/output/knockout-latest.js in 10_PROFILING_INFO_
​ _PROFILING_INFO_start function null from ../subjects/knockoutjs/node_modules/knockout/build/output/knockout-latest.js in 25_PROFILING_INFO_
​ _PROFILING_INFO_start function null from ../subjects/knockoutjs/node_modules/knockout/build/output/knockout-latest.js in 26_PROFILING_INFO_
​ _PROFILING_INFO_start function null from ../subjects/knockoutjs/node_modules/knockout/build/output/knockout-latest.js in 29_PROFILING_INFO_
​ _PROFILING_INFO_start function null from ../subjects/knockoutjs/node_modules/knockout/build/output/knockout-latest.js in 31_PROFILING_INFO_
​ _PROFILING_INFO_start function null from ../subjects/knockoutjs/node_modules/knockout/build/output/knockout-latest.js in 33_PROFILING_INFO_
​ _PROFILING_INFO_start function null from ../subjects/knockoutjs/node_modules/knockout/build/output/knockout-latest.js in 34_PROFILING_INFO_
​ _PROFILING_INFO_start function d from ../subjects/knockoutjs/node_modules/knockout/build/output/knockout-latest.js in 9_PROFILING_INFO_
​ _PROFILING_INFO_start function null from ../subjects/knockoutjs/node_modules/knockout/build/output/knockout-latest.js in 41_PROFILING_INFO_
​ _PROFILING_INFO_start function null from ../subjects/knockoutjs/node_modules/knockout/build/output/knockout-latest.js in 20_PROFILING_INFO_
​ _PROFILING_INFO_start function null from ../subjects/knockoutjs/node_modules/knockout/build/output/knockout-latest.js in 11_PROFILING_INFO_
​ _PROFILING_INFO_start function null from ../subjects/knockoutjs/node_modules/knockout/build/output/knockout-latest.js in 47_PROFILING_INFO_
​ _PROFILING_INFO_start function null from ../subjects/knockoutjs/node_modules/knockout/build/output/knockout-latest.js in 59_PROFILING_INFO_
​ _PROFILING_INFO_start function null from ../subjects/knockoutjs/node_modules/knockout/build/output/knockout-latest.js in 61_PROFILING_INFO_
​ _PROFILING_INFO_start function null from ../subjects/knockoutjs/node_modules/knockout/build/output/knockout-latest.js in 63_PROFILING_INFO_
​ _PROFILING_INFO_start function null from ../subjects/knockoutjs/node_modules/knockout/build/output/knockout-latest.js in 68_PROFILING_INFO_
​ _PROFILING_INFO_start function null from ../subjects/knockoutjs/node_modules/knockout/build/output/knockout-latest.js in 72_PROFILING_INFO_
​ _PROFILING_INFO_start function c from ../subjects/knockoutjs/node_modules/knockout/build/output/knockout-latest.js in 9_PROFILING_INFO_
​ _PROFILING_INFO_start function null from ../subjects/knockoutjs/node_modules/knockout/build/output/knockout-latest.js in 74_PROFILING_INFO_
​ _PROFILING_INFO_start function null from ../subjects/knockoutjs/node_modules/knockout/build/output/knockout-latest.js in 86_PROFILING_INFO_
​ _PROFILING_INFO_start function null from ../subjects/knockoutjs/node_modules/knockout/build/output/knockout-latest.js in 88_PROFILING_INFO_
​ _PROFILING_INFO_start function null from ../subjects/knockoutjs/node_modules/knockout/build/output/knockout-latest.js in 92_PROFILING_INFO_
​ _PROFILING_INFO_start function null from ../subjects/knockoutjs/node_modules/knockout/build/output/knockout-latest.js in 94_PROFILING_INFO_
​ _PROFILING_INFO_start function null from ../subjects/knockoutjs/node_modules/knockout/build/output/knockout-latest.js in 97_PROFILING_INFO_
​ _PROFILING_INFO_start function null from ../subjects/knockoutjs/node_modules/knockout/build/output/knockout-latest.js in 103_PROFILING_INFO_
​ _PROFILING_INFO_start function b from ../subjects/knockoutjs/node_modules/knockout/build/output/knockout-latest.js in 103_PROFILING_INFO_
​ _PROFILING_INFO_start function null from ../subjects/knockoutjs/node_modules/knockout/build/output/knockout-latest.js in 111_PROFILING_INFO_
​ _PROFILING_INFO_start function null from ../subjects/knockoutjs/node_modules/knockout/build/output/knockout-latest.js in 117_PROFILING_INFO_
​ _PROFILING_INFO_start function null from ../subjects/knockoutjs/node_modules/knockout/build/output/knockout-latest.js in 119_PROFILING_INFO_
​ _PROFILING_INFO_start function null from ../subjects/knockoutjs/node_modules/knockout/build/output/knockout-latest.js in 121_PROFILING_INFO_
​ _PROFILING_INFO_start function null from ../subjects/knockoutjs/node_modules/knockout/build/output/knockout-latest.js in 124_PROFILING_INFO_
​ _PROFILING_INFO_start function null from ../subjects/knockoutjs/node_modules/knockout/build/output/knockout-latest.js in 132_PROFILING_INFO_
​ _PROFILING_INFO_start function null from ../subjects/knockoutjs/node_modules/knockout/build/output/knockout-latest.js in 133_PROFILING_INFO_
​ _PROFILING_INFO_start function null from ../subjects/knockoutjs/node_modules/knockout/build/output/knockout-latest.js in 118_PROFILING_INFO_
​ _PROFILING_INFO_start function null from ../subjects/knockoutjs/node_modules/knockout/build/output/knockout-latest.js in 137_PROFILING_INFO_
​ _PROFILING_INFO_start function null from ../subjects/knockoutjs/node_modules/knockout/build/output/knockout-latest.js in 126_PROFILING_INFO_
​  GET http://localhost:8000/knockoutjs/learn.json 404 (File not found)
getFile @ base-instrumented.js:160
(anonymous) @ base-instrumented.js:267
(anonymous) @ base-instrumented.js:268
​ _PROFILING_INFO_start function null from ../subjects/knockoutjs/node_modules/todomvc-common/base.js in 147_PROFILING_INFO_
​ _PROFILING_INFO_start function null from ../subjects/knockoutjs/node_modules/director/build/director.js in 8_PROFILING_INFO_
​ _PROFILING_INFO_start function null from ../subjects/knockoutjs/js/app.js in 2_PROFILING_INFO_
​ _PROFILING_INFO_start function keyhandlerBindingFactory from ../subjects/knockoutjs/js/app.js in 10_PROFILING_INFO_
​ _PROFILING_INFO_start function null from ../subjects/knockoutjs/node_modules/knockout/build/output/knockout-latest.js in 21_PROFILING_INFO_
​ _PROFILING_INFO_start function null from ../subjects/knockoutjs/js/app.js in 66_PROFILING_INFO_
​ _PROFILING_INFO_start function null from ../subjects/knockoutjs/node_modules/knockout/build/output/knockout-latest.js in 44_PROFILING_INFO_
​ _PROFILING_INFO_start function null from ../subjects/knockoutjs/node_modules/knockout/build/output/knockout-latest.js in 42_PROFILING_INFO_
​ _PROFILING_INFO_start function null from ../subjects/knockoutjs/node_modules/knockout/build/output/knockout-latest.js in 38_PROFILING_INFO_
​ _PROFILING_INFO_start function d from ../subjects/knockoutjs/node_modules/knockout/build/output/knockout-latest.js in 9_PROFILING_INFO_
​ _PROFILING_INFO_start function null from ../subjects/knockoutjs/node_modules/knockout/build/output/knockout-latest.js in 40_PROFILING_INFO_
​ _PROFILING_INFO_start function b from ../subjects/knockoutjs/node_modules/knockout/build/output/knockout-latest.js in 9_PROFILING_INFO_
​ _PROFILING_INFO_start function null from ../subjects/knockoutjs/node_modules/knockout/build/output/knockout-latest.js in 48_PROFILING_INFO_
​ _PROFILING_INFO_start function null from ../subjects/knockoutjs/node_modules/knockout/build/output/knockout-latest.js in 50_PROFILING_INFO_
​ _PROFILING_INFO_start function null from ../subjects/knockoutjs/node_modules/knockout/build/output/knockout-latest.js in 54_PROFILING_INFO_
​ _PROFILING_INFO_start function b from ../subjects/knockoutjs/node_modules/knockout/build/output/knockout-latest.js in 41_PROFILING_INFO_
​ _PROFILING_INFO_start function null from ../subjects/knockoutjs/node_modules/knockout/build/output/knockout-latest.js in 55_PROFILING_INFO_
​ _PROFILING_INFO_start function null from ../subjects/knockoutjs/js/app.js in 77_PROFILING_INFO_
​ _PROFILING_INFO_start function c from ../subjects/knockoutjs/node_modules/knockout/build/output/knockout-latest.js in 42_PROFILING_INFO_
​ _PROFILING_INFO_start function null from ../subjects/knockoutjs/node_modules/knockout/build/output/knockout-latest.js in 41_PROFILING_INFO_
​ _PROFILING_INFO_start function ba from ../subjects/knockoutjs/node_modules/knockout/build/output/knockout-latest.js in 8_PROFILING_INFO_
​ _PROFILING_INFO_start function null from ../subjects/knockoutjs/node_modules/knockout/build/output/knockout-latest.js in 53_PROFILING_INFO_
​ _PROFILING_INFO_start function null from ../subjects/knockoutjs/node_modules/knockout/build/output/knockout-latest.js in 37_PROFILING_INFO_
​ _PROFILING_INFO_start function null from ../subjects/knockoutjs/node_modules/knockout/build/output/knockout-latest.js in 8_PROFILING_INFO_
​ _PROFILING_INFO_start function null from ../subjects/knockoutjs/node_modules/knockout/build/output/knockout-latest.js in 52_PROFILING_INFO_
​ _PROFILING_INFO_start function null from ../subjects/knockoutjs/node_modules/knockout/build/output/knockout-latest.js in 49_PROFILING_INFO_
​ _PROFILING_INFO_start function c from ../subjects/knockoutjs/node_modules/knockout/build/output/knockout-latest.js in 41_PROFILING_INFO_
​ _PROFILING_INFO_start function K from ../subjects/knockoutjs/node_modules/knockout/build/output/knockout-latest.js in 7_PROFILING_INFO_
​ _PROFILING_INFO_start function null from ../subjects/knockoutjs/node_modules/knockout/build/output/knockout-latest.js in 39_PROFILING_INFO_
​ _PROFILING_INFO_start function null from ../subjects/knockoutjs/js/app.js in 145_PROFILING_INFO_
​ _PROFILING_INFO_start function null from ../subjects/knockoutjs/js/app.js in 152_PROFILING_INFO_
​ _PROFILING_INFO_start function e from ../subjects/knockoutjs/node_modules/knockout/build/output/knockout-latest.js in 50_PROFILING_INFO_
​ _PROFILING_INFO_start function null from ../subjects/knockoutjs/js/app.js in 159_PROFILING_INFO_
​ _PROFILING_INFO_start function null from ../subjects/knockoutjs/js/app.js in 177_PROFILING_INFO_
​ _PROFILING_INFO_start function null from ../subjects/knockoutjs/node_modules/knockout/build/output/knockout-latest.js in 60_PROFILING_INFO_
​ _PROFILING_INFO_start function b from ../subjects/knockoutjs/node_modules/knockout/build/output/knockout-latest.js in 59_PROFILING_INFO_
​ _PROFILING_INFO_start function d from ../subjects/knockoutjs/node_modules/knockout/build/output/knockout-latest.js in 60_PROFILING_INFO_
​ _PROFILING_INFO_start function null from ../subjects/knockoutjs/node_modules/knockout/build/output/knockout-latest.js in 43_PROFILING_INFO_
​ _PROFILING_INFO_start function null from ../subjects/knockoutjs/node_modules/knockout/build/output/knockout-latest.js in 11_PROFILING_INFO_
​ _PROFILING_INFO_start function c from ../subjects/knockoutjs/node_modules/knockout/build/output/knockout-latest.js in 60_PROFILING_INFO_
​ _PROFILING_INFO_start function null from ../subjects/knockoutjs/node_modules/knockout/build/output/knockout-latest.js in 18_PROFILING_INFO_
​ _PROFILING_INFO_start function null from ../subjects/knockoutjs/node_modules/knockout/build/output/knockout-latest.js in 36_PROFILING_INFO_
​ _PROFILING_INFO_start function null from ../subjects/knockoutjs/node_modules/knockout/build/output/knockout-latest.js in 56_PROFILING_INFO_
​ _PROFILING_INFO_start function Y from ../subjects/knockoutjs/node_modules/knockout/build/output/knockout-latest.js in 7_PROFILING_INFO_
​ _PROFILING_INFO_start function null from ../subjects/knockoutjs/node_modules/knockout/build/output/knockout-latest.js in 84_PROFILING_INFO_
​ _PROFILING_INFO_start function q from ../subjects/knockoutjs/node_modules/knockout/build/output/knockout-latest.js in 80_PROFILING_INFO_
​ _PROFILING_INFO_start function null from ../subjects/knockoutjs/node_modules/knockout/build/output/knockout-latest.js in 80_PROFILING_INFO_
​ _PROFILING_INFO_start function null from ../subjects/knockoutjs/node_modules/knockout/build/output/knockout-latest.js in 58_PROFILING_INFO_
​ _PROFILING_INFO_start function c from ../subjects/knockoutjs/node_modules/knockout/build/output/knockout-latest.js in 9_PROFILING_INFO_
​ _PROFILING_INFO_start function k from ../subjects/knockoutjs/node_modules/knockout/build/output/knockout-latest.js in 80_PROFILING_INFO_
​ _PROFILING_INFO_start function k from ../subjects/knockoutjs/node_modules/knockout/build/output/knockout-latest.js in 76_PROFILING_INFO_
​ _PROFILING_INFO_start function null from ../subjects/knockoutjs/node_modules/knockout/build/output/knockout-latest.js in 71_PROFILING_INFO_
​ _PROFILING_INFO_start function null from ../subjects/knockoutjs/node_modules/knockout/build/output/knockout-latest.js in 15_PROFILING_INFO_
​ _PROFILING_INFO_start function p from ../subjects/knockoutjs/node_modules/knockout/build/output/knockout-latest.js in 77_PROFILING_INFO_
​ _PROFILING_INFO_start function null from ../subjects/knockoutjs/node_modules/knockout/build/output/knockout-latest.js in 26_PROFILING_INFO_
knockout-latest-instrumented.js:3087 _PROFILING_INFO_start function null from ../subjects/knockoutjs/node_modules/knockout/build/output/knockout-latest.js in 77_PROFILING_INFO_
knockout-latest-instrumented.js:2888 _PROFILING_INFO_start function null from ../subjects/knockoutjs/node_modules/knockout/build/output/knockout-latest.js in 73_PROFILING_INFO_
knockout-latest-instrumented.js:3813 _PROFILING_INFO_start function null from ../subjects/knockoutjs/node_modules/knockout/build/output/knockout-latest.js in 93_PROFILING_INFO_
knockout-latest-instrumented.js:3678 _PROFILING_INFO_start function null from ../subjects/knockoutjs/node_modules/knockout/build/output/knockout-latest.js in 90_PROFILING_INFO_
knockout-latest-instrumented.js:3009 _PROFILING_INFO_start function m from ../subjects/knockoutjs/node_modules/knockout/build/output/knockout-latest.js in 75_PROFILING_INFO_
knockout-latest-instrumented.js:2780 _PROFILING_INFO_start function null from ../subjects/knockoutjs/node_modules/knockout/build/output/knockout-latest.js in 70_PROFILING_INFO_
knockout-latest-instrumented.js:2690 _PROFILING_INFO_start function b from ../subjects/knockoutjs/node_modules/knockout/build/output/knockout-latest.js in 68_PROFILING_INFO_
knockout-latest-instrumented.js:2697 _PROFILING_INFO_start function c from ../subjects/knockoutjs/node_modules/knockout/build/output/knockout-latest.js in 68_PROFILING_INFO_
knockout-latest-instrumented.js:2866 _PROFILING_INFO_start function null from ../subjects/knockoutjs/node_modules/knockout/build/output/knockout-latest.js in 72_PROFILING_INFO_
knockout-latest-instrumented.js:3326 _PROFILING_INFO_start function null from ../subjects/knockoutjs/node_modules/knockout/build/output/knockout-latest.js in 83_PROFILING_INFO_
knockout-latest-instrumented.js:2910 _PROFILING_INFO_start function null from ../subjects/knockoutjs/node_modules/knockout/build/output/knockout-latest.js in 74_PROFILING_INFO_
knockout-latest-instrumented.js:2622 _PROFILING_INFO_start function null from ../subjects/knockoutjs/node_modules/knockout/build/output/knockout-latest.js in 66_PROFILING_INFO_
knockout-latest-instrumented.js:2570 _PROFILING_INFO_start function b from ../subjects/knockoutjs/node_modules/knockout/build/output/knockout-latest.js in 63_PROFILING_INFO_
knockout-latest-instrumented.js:390 _PROFILING_INFO_start function null from ../subjects/knockoutjs/node_modules/knockout/build/output/knockout-latest.js in 14_PROFILING_INFO_
knockout-latest-instrumented.js:2627 _PROFILING_INFO_start function l from ../subjects/knockoutjs/node_modules/knockout/build/output/knockout-latest.js in 66_PROFILING_INFO_
knockout-latest-instrumented.js:3038 _PROFILING_INFO_start function l from ../subjects/knockoutjs/node_modules/knockout/build/output/knockout-latest.js in 76_PROFILING_INFO_
knockout-latest-instrumented.js:3044 _PROFILING_INFO_start function ca from ../subjects/knockoutjs/node_modules/knockout/build/output/knockout-latest.js in 76_PROFILING_INFO_
knockout-latest-instrumented.js:3163 _PROFILING_INFO_start function null from ../subjects/knockoutjs/node_modules/knockout/build/output/knockout-latest.js in 78_PROFILING_INFO_
knockout-latest-instrumented.js:3172 _PROFILING_INFO_start function null from ../subjects/knockoutjs/node_modules/knockout/build/output/knockout-latest.js in 79_PROFILING_INFO_
knockout-latest-instrumented.js:4699 _PROFILING_INFO_start function null from ../subjects/knockoutjs/node_modules/knockout/build/output/knockout-latest.js in 114_PROFILING_INFO_
knockout-latest-instrumented.js:2969 _PROFILING_INFO_start function e from ../subjects/knockoutjs/node_modules/knockout/build/output/knockout-latest.js in 75_PROFILING_INFO_
knockout-latest-instrumented.js:4737 _PROFILING_INFO_start function null from ../subjects/knockoutjs/node_modules/knockout/build/output/knockout-latest.js in 115_PROFILING_INFO_
knockout-latest-instrumented.js:481 _PROFILING_INFO_start function null from ../subjects/knockoutjs/node_modules/knockout/build/output/knockout-latest.js in 16_PROFILING_INFO_
knockout-latest-instrumented.js:4761 _PROFILING_INFO_start function null from ../subjects/knockoutjs/node_modules/knockout/build/output/knockout-latest.js in 116_PROFILING_INFO_
knockout-latest-instrumented.js:2514 _PROFILING_INFO_start function null from ../subjects/knockoutjs/node_modules/knockout/build/output/knockout-latest.js in 61_PROFILING_INFO_
knockout-latest-instrumented.js:2528 _PROFILING_INFO_start function null from ../subjects/knockoutjs/node_modules/knockout/build/output/knockout-latest.js in 62_PROFILING_INFO_
knockout-latest-instrumented.js:898 _PROFILING_INFO_start function null from ../subjects/knockoutjs/node_modules/knockout/build/output/knockout-latest.js in 27_PROFILING_INFO_
knockout-latest-instrumented.js:857 _PROFILING_INFO_start function b from ../subjects/knockoutjs/node_modules/knockout/build/output/knockout-latest.js in 26_PROFILING_INFO_
knockout-latest-instrumented.js:4786 _PROFILING_INFO_start function null from ../subjects/knockoutjs/node_modules/knockout/build/output/knockout-latest.js in 117_PROFILING_INFO_
app-instrumented.js:19 _PROFILING_INFO_start function null from ../subjects/knockoutjs/js/app.js in 12_PROFILING_INFO_
knockout-latest-instrumented.js:4113 _PROFILING_INFO_start function null from ../subjects/knockoutjs/node_modules/knockout/build/output/knockout-latest.js in 100_PROFILING_INFO_
app-instrumented.js:34 _PROFILING_INFO_start function null from ../subjects/knockoutjs/js/app.js in 23_PROFILING_INFO_
knockout-latest-instrumented.js:3051 _PROFILING_INFO_start function null from ../subjects/knockoutjs/node_modules/knockout/build/output/knockout-latest.js in 76_PROFILING_INFO_
knockout-latest-instrumented.js:3991 _PROFILING_INFO_start function null from ../subjects/knockoutjs/node_modules/knockout/build/output/knockout-latest.js in 97_PROFILING_INFO_
knockout-latest-instrumented.js:3996 _PROFILING_INFO_start function e from ../subjects/knockoutjs/node_modules/knockout/build/output/knockout-latest.js in 97_PROFILING_INFO_
knockout-latest-instrumented.js:4021 _PROFILING_INFO_start function null from ../subjects/knockoutjs/node_modules/knockout/build/output/knockout-latest.js in 98_PROFILING_INFO_
knockout-latest-instrumented.js:2323 _PROFILING_INFO_start function null from ../subjects/knockoutjs/node_modules/knockout/build/output/knockout-latest.js in 57_PROFILING_INFO_
knockout-latest-instrumented.js:4013 _PROFILING_INFO_start function f from ../subjects/knockoutjs/node_modules/knockout/build/output/knockout-latest.js in 98_PROFILING_INFO_
knockout-latest-instrumented.js:4177 _PROFILING_INFO_start function null from ../subjects/knockoutjs/node_modules/knockout/build/output/knockout-latest.js in 101_PROFILING_INFO_
knockout-latest-instrumented.js:5290 _PROFILING_INFO_start function null from ../subjects/knockoutjs/node_modules/knockout/build/output/knockout-latest.js in 129_PROFILING_INFO_
knockout-latest-instrumented.js:2733 _PROFILING_INFO_start function null from ../subjects/knockoutjs/node_modules/knockout/build/output/knockout-latest.js in 69_PROFILING_INFO_
knockout-latest-instrumented.js:319 _PROFILING_INFO_start function null from ../subjects/knockoutjs/node_modules/knockout/build/output/knockout-latest.js in 13_PROFILING_INFO_
knockout-latest-instrumented.js:625 _PROFILING_INFO_start function null from ../subjects/knockoutjs/node_modules/knockout/build/output/knockout-latest.js in 20_PROFILING_INFO_
knockout-latest-instrumented.js:915 _PROFILING_INFO_start function null from ../subjects/knockoutjs/node_modules/knockout/build/output/knockout-latest.js in 28_PROFILING_INFO_
knockout-latest-instrumented.js:866 _PROFILING_INFO_start function c from ../subjects/knockoutjs/node_modules/knockout/build/output/knockout-latest.js in 27_PROFILING_INFO_
knockout-latest-instrumented.js:879 _PROFILING_INFO_start function d from ../subjects/knockoutjs/node_modules/knockout/build/output/knockout-latest.js in 27_PROFILING_INFO_
knockout-latest-instrumented.js:5040 _PROFILING_INFO_start function null from ../subjects/knockoutjs/node_modules/knockout/build/output/knockout-latest.js in 123_PROFILING_INFO_
knockout-latest-instrumented.js:5018 _PROFILING_INFO_start function null from ../subjects/knockoutjs/node_modules/knockout/build/output/knockout-latest.js in 122_PROFILING_INFO_
knockout-latest-instrumented.js:5311 _PROFILING_INFO_start function null from ../subjects/knockoutjs/node_modules/knockout/build/output/knockout-latest.js in 130_PROFILING_INFO_
knockout-latest-instrumented.js:5210 _PROFILING_INFO_start function null from ../subjects/knockoutjs/node_modules/knockout/build/output/knockout-latest.js in 127_PROFILING_INFO_
knockout-latest-instrumented.js:1863 _PROFILING_INFO_start function null from ../subjects/knockoutjs/node_modules/knockout/build/output/knockout-latest.js in 47_PROFILING_INFO_
knockout-latest-instrumented.js:5261 _PROFILING_INFO_start function null from ../subjects/knockoutjs/node_modules/knockout/build/output/knockout-latest.js in 128_PROFILING_INFO_
knockout-latest-instrumented.js:5215 _PROFILING_INFO_start function x from ../subjects/knockoutjs/node_modules/knockout/build/output/knockout-latest.js in 127_PROFILING_INFO_
knockout-latest-instrumented.js:5448 _PROFILING_INFO_start function null from ../subjects/knockoutjs/node_modules/knockout/build/output/knockout-latest.js in 134_PROFILING_INFO_
knockout-latest-instrumented.js:5476 _PROFILING_INFO_start function q from ../subjects/knockoutjs/node_modules/knockout/build/output/knockout-latest.js in 134_PROFILING_INFO_
knockout-latest-instrumented.js:4550 _PROFILING_INFO_start function null from ../subjects/knockoutjs/node_modules/knockout/build/output/knockout-latest.js in 111_PROFILING_INFO_
knockout-latest-instrumented.js:565 _PROFILING_INFO_start function null from ../subjects/knockoutjs/node_modules/knockout/build/output/knockout-latest.js in 19_PROFILING_INFO_
app-instrumented.js:230 _PROFILING_INFO_start function null from ../subjects/knockoutjs/js/app.js in 172_PROFILING_INFO_
knockout-latest-instrumented.js:4071 _PROFILING_INFO_start function null from ../subjects/knockoutjs/node_modules/knockout/build/output/knockout-latest.js in 99_PROFILING_INFO_
director-instrumented.js:166 _PROFILING_INFO_start function null from ../subjects/knockoutjs/node_modules/director/build/director.js in 162_PROFILING_INFO_
director-instrumented.js:441 _PROFILING_INFO_start function null from ../subjects/knockoutjs/node_modules/director/build/director.js in 392_PROFILING_INFO_
director-instrumented.js:843 _PROFILING_INFO_start function null from ../subjects/knockoutjs/node_modules/director/build/director.js in 690_PROFILING_INFO_
director-instrumented.js:856 _PROFILING_INFO_start function insertOrMount from ../subjects/knockoutjs/node_modules/director/build/director.js in 699_PROFILING_INFO_
director-instrumented.js:417 _PROFILING_INFO_start function terminator from ../subjects/knockoutjs/node_modules/director/build/director.js in 370_PROFILING_INFO_
director-instrumented.js:253 _PROFILING_INFO_start function null from ../subjects/knockoutjs/node_modules/director/build/director.js in 252_PROFILING_INFO_
director-instrumented.js:736 _PROFILING_INFO_start function null from ../subjects/knockoutjs/node_modules/director/build/director.js in 611_PROFILING_INFO_
director-instrumented.js:742 _PROFILING_INFO_start function null from ../subjects/knockoutjs/node_modules/director/build/director.js in 613_PROFILING_INFO_
director-instrumented.js:391 _PROFILING_INFO_start function regifyString from ../subjects/knockoutjs/node_modules/director/build/director.js in 347_PROFILING_INFO_
director-instrumented.js:375 _PROFILING_INFO_start function paramifyString from ../subjects/knockoutjs/node_modules/director/build/director.js in 334_PROFILING_INFO_
director-instrumented.js:189 _PROFILING_INFO_start function null from ../subjects/knockoutjs/node_modules/director/build/director.js in 180_PROFILING_INFO_
director-instrumented.js:44 _PROFILING_INFO_start function null from ../subjects/knockoutjs/node_modules/director/build/director.js in 48_PROFILING_INFO_
director-instrumented.js:11 _PROFILING_INFO_start function dlocHashEmpty from ../subjects/knockoutjs/node_modules/director/build/director.js in 20_PROFILING_INFO_
knockout-latest-instrumented.js:2666 _PROFILING_INFO_start function null from ../subjects/knockoutjs/node_modules/knockout/build/output/knockout-latest.js in 67_PROFILING_INFO_
app-instrumented.js:25 _PROFILING_INFO_start function null from ../subjects/knockoutjs/js/app.js in 16_PROFILING_INFO_
app-instrumented.js:126 _PROFILING_INFO_start function null from ../subjects/knockoutjs/js/app.js in 93_PROFILING_INFO_
app-instrumented.js:77 _PROFILING_INFO_start function null from ../subjects/knockoutjs/js/app.js in 59_PROFILING_INFO_
knockout-latest-instrumented.js:5397 _PROFILING_INFO_start function null from ../subjects/knockoutjs/node_modules/knockout/build/output/knockout-latest.js in 133_PROFILING_INFO_
knockout-latest-instrumented.js:5368 _PROFILING_INFO_start function b from ../subjects/knockoutjs/node_modules/knockout/build/output/knockout-latest.js in 132_PROFILING_INFO_
knockout-latest-instrumented.js:5343 _PROFILING_INFO_start function null from ../subjects/knockoutjs/node_modules/knockout/build/output/knockout-latest.js in 131_PROFILING_INFO_
knockout-latest-instrumented.js:5453 _PROFILING_INFO_start function l from ../subjects/knockoutjs/node_modules/knockout/build/output/knockout-latest.js in 134_PROFILING_INFO_
knockout-latest-instrumented.js:5414 _PROFILING_INFO_start function b from ../subjects/knockoutjs/node_modules/knockout/build/output/knockout-latest.js in 133_PROFILING_INFO_
knockout-latest-instrumented.js:5239 _PROFILING_INFO_start function u from ../subjects/knockoutjs/node_modules/knockout/build/output/knockout-latest.js in 128_PROFILING_INFO_
knockout-latest-instrumented.js:3247 _PROFILING_INFO_start function null from ../subjects/knockoutjs/node_modules/knockout/build/output/knockout-latest.js in 81_PROFILING_INFO_
knockout-latest-instrumented.js:3264 _PROFILING_INFO_start function null from ../subjects/knockoutjs/node_modules/knockout/build/output/knockout-latest.js in 82_PROFILING_INFO_
knockout-latest-instrumented.js:5156 _PROFILING_INFO_start function f from ../subjects/knockoutjs/node_modules/knockout/build/output/knockout-latest.js in 126_PROFILING_INFO_
knockout-latest-instrumented.js:5124 _PROFILING_INFO_start function e from ../subjects/knockoutjs/node_modules/knockout/build/output/knockout-latest.js in 125_PROFILING_INFO_
knockout-latest-instrumented.js:5117 _PROFILING_INFO_start function d from ../subjects/knockoutjs/node_modules/knockout/build/output/knockout-latest.js in 125_PROFILING_INFO_
knockout-latest-instrumented.js:4931 _PROFILING_INFO_start function null from ../subjects/knockoutjs/node_modules/knockout/build/output/knockout-latest.js in 121_PROFILING_INFO_
knockout-latest-instrumented.js:4886 _PROFILING_INFO_start function null from ../subjects/knockoutjs/node_modules/knockout/build/output/knockout-latest.js in 119_PROFILING_INFO_
knockout-latest-instrumented.js:4862 _PROFILING_INFO_start function null from ../subjects/knockoutjs/node_modules/knockout/build/output/knockout-latest.js in 118_PROFILING_INFO_
knockout-latest-instrumented.js:5571 _PROFILING_INFO_start function null from ../subjects/knockoutjs/node_modules/knockout/build/output/knockout-latest.js in 137_PROFILING_INFO_
knockout-latest-instrumented.js:274 _PROFILING_INFO_start function null from ../subjects/knockoutjs/node_modules/knockout/build/output/knockout-latest.js in 12_PROFILING_INFO_
knockout-latest-instrumented.js:5230 _PROFILING_INFO_start function r from ../subjects/knockoutjs/node_modules/knockout/build/output/knockout-latest.js in 128_PROFILING_INFO_
knockout-latest-instrumented.js:5079 _PROFILING_INFO_start function c from ../subjects/knockoutjs/node_modules/knockout/build/output/knockout-latest.js in 124_PROFILING_INFO_
knockout-latest-instrumented.js:5070 _PROFILING_INFO_start function b from ../subjects/knockoutjs/node_modules/knockout/build/output/knockout-latest.js in 124_PROFILING_INFO_
knockout-latest-instrumented.js:5100 _PROFILING_INFO_start function null from ../subjects/knockoutjs/node_modules/knockout/build/output/knockout-latest.js in 125_PROFILING_INFO_
app-instrumented.js:48 _PROFILING_INFO_start function null from ../subjects/knockoutjs/js/app.js in 43_PROFILING_INFO_
knockout-latest-instrumented.js:4195 _PROFILING_INFO_start function null from ../subjects/knockoutjs/node_modules/knockout/build/output/knockout-latest.js in 102_PROFILING_INFO_
app-instrumented.js:62 _PROFILING_INFO_start function null from ../subjects/knockoutjs/js/app.js in 49_PROFILING_INFO_
knockout-latest-instrumented.js:1090 _PROFILING_INFO_start function null from ../subjects/knockoutjs/node_modules/knockout/build/output/knockout-latest.js in 32_PROFILING_INFO_
knockout-latest-instrumented.js:1047 _PROFILING_INFO_start function b from ../subjects/knockoutjs/node_modules/knockout/build/output/knockout-latest.js in 31_PROFILING_INFO_
app-instrumented.js:193 _PROFILING_INFO_start function null from ../subjects/knockoutjs/js/app.js in 146_PROFILING_INFO_
knockout-latest-instrumented.js:65 _PROFILING_INFO_start function null from ../subjects/knockoutjs/node_modules/knockout/build/output/knockout-latest.js in 7_PROFILING_INFO_
app-instrumented.js:68 _PROFILING_INFO_start function null from ../subjects/knockoutjs/js/app.js in 52_PROFILING_INFO_
knockout-latest-instrumented.js:5499 _PROFILING_INFO_start function null from ../subjects/knockoutjs/node_modules/knockout/build/output/knockout-latest.js in 135_PROFILING_INFO_
knockout-latest-instrumented.js:5465 _PROFILING_INFO_start function p from ../subjects/knockoutjs/node_modules/knockout/build/output/knockout-latest.js in 134_PROFILING_INFO_
knockout-latest-instrumented.js:2396 _PROFILING_INFO_start function null from ../subjects/knockoutjs/node_modules/knockout/build/output/knockout-latest.js in 59_PROFILING_INFO_
knockout-latest-instrumented.js:81 _PROFILING_INFO_start function aa from ../subjects/knockoutjs/node_modules/knockout/build/output/knockout-latest.js in 8_PROFILING_INFO_
app-instrumented.js:157 _PROFILING_INFO_start function null from ../subjects/knockoutjs/js/app.js in 114_PROFILING_INFO_
knockout-latest-instrumented.js:4200 _PROFILING_INFO_start function e from ../subjects/knockoutjs/node_modules/knockout/build/output/knockout-latest.js in 102_PROFILING_INFO_
app-instrumented.js:54 _PROFILING_INFO_start function null from ../subjects/knockoutjs/js/app.js in 45_PROFILING_INFO_
knockout-latest-instrumented.js:513 _PROFILING_INFO_start function null from ../subjects/knockoutjs/node_modules/knockout/build/output/knockout-latest.js in 17_PROFILING_INFO_
app-instrumented.js:165 _PROFILING_INFO_start function null from ../subjects/knockoutjs/js/app.js in 120_PROFILING_INFO_
director-instrumented.js:54 _PROFILING_INFO_start function onchange from ../subjects/knockoutjs/node_modules/director/build/director.js in 56_PROFILING_INFO_
director-instrumented.js:195 _PROFILING_INFO_start function null from ../subjects/knockoutjs/node_modules/director/build/director.js in 183_PROFILING_INFO_
director-instrumented.js:535 _PROFILING_INFO_start function null from ../subjects/knockoutjs/node_modules/director/build/director.js in 462_PROFILING_INFO_
director-instrumented.js:621 _PROFILING_INFO_start function null from ../subjects/knockoutjs/node_modules/director/build/director.js in 526_PROFILING_INFO_
director-instrumented.js:627 _PROFILING_INFO_start function filterRoutes from ../subjects/knockoutjs/node_modules/director/build/director.js in 528_PROFILING_INFO_
director-instrumented.js:555 _PROFILING_INFO_start function updateAndInvoke from ../subjects/knockoutjs/node_modules/director/build/director.js in 478_PROFILING_INFO_
director-instrumented.js:830 _PROFILING_INFO_start function null from ../subjects/knockoutjs/node_modules/director/build/director.js in 680_PROFILING_INFO_
director-instrumented.js:326 _PROFILING_INFO_start function _flatten from ../subjects/knockoutjs/node_modules/director/build/director.js in 304_PROFILING_INFO_
director-instrumented.js:576 _PROFILING_INFO_start function null from ../subjects/knockoutjs/node_modules/director/build/director.js in 496_PROFILING_INFO_
director-instrumented.js:315 _PROFILING_INFO_start function _every from ../subjects/knockoutjs/node_modules/director/build/director.js in 296_PROFILING_INFO_
director-instrumented.js:605 _PROFILING_INFO_start function null from ../subjects/knockoutjs/node_modules/director/build/director.js in 513_PROFILING_INFO_
app-instrumented.js:107 _PROFILING_INFO_start function null from ../subjects/knockoutjs/js/app.js in 80_PROFILING_INFO_
app-instrumented.js:115 _PROFILING_INFO_start function null from ../subjects/knockoutjs/js/app.js in 84_PROFILING_INFO_
app-instrumented.js:144 _PROFILING_INFO_start function null from ../subjects/knockoutjs/js/app.js in 107_PROFILING_INFO_
knockout-latest-instrumented.js:1715 _PROFILING_INFO_start function null from ../subjects/knockoutjs/node_modules/knockout/build/output/knockout-latest.js in 45_PROFILING_INFO_
app-instrumented.js:149 _PROFILING_INFO_start function null from ../subjects/knockoutjs/js/app.js in 108_PROFILING_INFO_
app-instrumented.js:137 _PROFILING_INFO_start function null from ../subjects/knockoutjs/js/app.js in 102_PROFILING_INFO_
app-instrumented.js:216 _PROFILING_INFO_start function null from ../subjects/knockoutjs/js/app.js in 163_PROFILING_INFO_
app-instrumented.js:221 _PROFILING_INFO_start function null from ../subjects/knockoutjs/js/app.js in 164_PROFILING_INFO_
