base-instrumented.js:5 _PROFILING_INFO_start function null from ../subjects/knockoutjs_require/node_modules/todomvc-common/base.js in 2_PROFILING_INFO_
base-instrumented.js:11 _PROFILING_INFO_start function null from ../subjects/knockoutjs_require/node_modules/todomvc-common/base.js in 8_PROFILING_INFO_
base-instrumented.js:136 _PROFILING_INFO_start function redirect from ../subjects/knockoutjs_require/node_modules/todomvc-common/base.js in 126_PROFILING_INFO_
base-instrumented.js:153 _PROFILING_INFO_start function getFile from ../subjects/knockoutjs_require/node_modules/todomvc-common/base.js in 137_PROFILING_INFO_
base-instrumented.js:145 _PROFILING_INFO_start function findRoot from ../subjects/knockoutjs_require/node_modules/todomvc-common/base.js in 132_PROFILING_INFO_
require-instrumented.js:6 _PROFILING_INFO_start function null from ../subjects/knockoutjs_require/node_modules/requirejs/require.js in 11_PROFILING_INFO_
require-instrumented.js:1421 _PROFILING_INFO_start function null from ../subjects/knockoutjs_require/node_modules/requirejs/require.js in 1764_PROFILING_INFO_
require-instrumented.js:26 _PROFILING_INFO_start function isArray from ../subjects/knockoutjs_require/node_modules/requirejs/require.js in 47_PROFILING_INFO_
require-instrumented.js:68 _PROFILING_INFO_start function getOwn from ../subjects/knockoutjs_require/node_modules/requirejs/require.js in 85_PROFILING_INFO_
require-instrumented.js:61 _PROFILING_INFO_start function hasProp from ../subjects/knockoutjs_require/node_modules/requirejs/require.js in 81_PROFILING_INFO_
require-instrumented.js:186 _PROFILING_INFO_start function newContext from ../subjects/knockoutjs_require/node_modules/requirejs/require.js in 199_PROFILING_INFO_
require-instrumented.js:1170 _PROFILING_INFO_start function null from ../subjects/knockoutjs_require/node_modules/requirejs/require.js in 1402_PROFILING_INFO_
require-instrumented.js:89 _PROFILING_INFO_start function mixin from ../subjects/knockoutjs_require/node_modules/requirejs/require.js in 109_PROFILING_INFO_
require-instrumented.js:75 _PROFILING_INFO_start function eachProp from ../subjects/knockoutjs_require/node_modules/requirejs/require.js in 94_PROFILING_INFO_
require-instrumented.js:95 _PROFILING_INFO_start function null from ../subjects/knockoutjs_require/node_modules/requirejs/require.js in 111_PROFILING_INFO_
require-instrumented.js:1050 _PROFILING_INFO_start function null from ../subjects/knockoutjs_require/node_modules/requirejs/require.js in 1282_PROFILING_INFO_
require-instrumented.js:1176 _PROFILING_INFO_start function localRequire from ../subjects/knockoutjs_require/node_modules/requirejs/require.js in 1405_PROFILING_INFO_
require-instrumented.js:1021 _PROFILING_INFO_start function intakeDefines from ../subjects/knockoutjs_require/node_modules/requirejs/require.js in 1244_PROFILING_INFO_
require-instrumented.js:432 _PROFILING_INFO_start function takeGlobalQueue from ../subjects/knockoutjs_require/node_modules/requirejs/require.js in 558_PROFILING_INFO_
require-instrumented.js:1456 _PROFILING_INFO_start function null from ../subjects/knockoutjs_require/node_modules/requirejs/require.js in 1814_PROFILING_INFO_
require-instrumented.js:33 _PROFILING_INFO_start function each from ../subjects/knockoutjs_require/node_modules/requirejs/require.js in 55_PROFILING_INFO_
require-instrumented.js:1485 _PROFILING_INFO_start function null from ../subjects/knockoutjs_require/node_modules/requirejs/require.js in 1844_PROFILING_INFO_
require-instrumented.js:127 _PROFILING_INFO_start function scripts from ../subjects/knockoutjs_require/node_modules/requirejs/require.js in 138_PROFILING_INFO_
require-instrumented.js:47 _PROFILING_INFO_start function eachReverse from ../subjects/knockoutjs_require/node_modules/requirejs/require.js in 70_PROFILING_INFO_
require-instrumented.js:1582 _PROFILING_INFO_start function null from ../subjects/knockoutjs_require/node_modules/requirejs/require.js in 2009_PROFILING_INFO_
require-instrumented.js:1076 _PROFILING_INFO_start function null from ../subjects/knockoutjs_require/node_modules/requirejs/require.js in 1308_PROFILING_INFO_
base-instrumented.js:160          GET http://localhost:8000/knockoutjs_require/learn.json 404 (File not found)
getFile @ base-instrumented.js:160
(anonymous) @ base-instrumented.js:267
(anonymous) @ base-instrumented.js:268
base-instrumented.js:164 _PROFILING_INFO_start function null from ../subjects/knockoutjs_require/node_modules/todomvc-common/base.js in 147_PROFILING_INFO_
require-instrumented.js:1203 _PROFILING_INFO_start function null from ../subjects/knockoutjs_require/node_modules/requirejs/require.js in 1449_PROFILING_INFO_
require-instrumented.js:321 _PROFILING_INFO_start function makeModuleMap from ../subjects/knockoutjs_require/node_modules/requirejs/require.js in 416_PROFILING_INFO_
require-instrumented.js:306 _PROFILING_INFO_start function splitPrefix from ../subjects/knockoutjs_require/node_modules/requirejs/require.js in 391_PROFILING_INFO_
require-instrumented.js:221 _PROFILING_INFO_start function normalize from ../subjects/knockoutjs_require/node_modules/requirejs/require.js in 269_PROFILING_INFO_
require-instrumented.js:200 _PROFILING_INFO_start function trimDots from ../subjects/knockoutjs_require/node_modules/requirejs/require.js in 236_PROFILING_INFO_
require-instrumented.js:1328 _PROFILING_INFO_start function null from ../subjects/knockoutjs_require/node_modules/requirejs/require.js in 1625_PROFILING_INFO_
require-instrumented.js:374 _PROFILING_INFO_start function getModule from ../subjects/knockoutjs_require/node_modules/requirejs/require.js in 499_PROFILING_INFO_
require-instrumented.js:604 _PROFILING_INFO_start function null from ../subjects/knockoutjs_require/node_modules/requirejs/require.js in 727_PROFILING_INFO_
require-instrumented.js:619 _PROFILING_INFO_start function null from ../subjects/knockoutjs_require/node_modules/requirejs/require.js in 744_PROFILING_INFO_
require-instrumented.js:893 _PROFILING_INFO_start function null from ../subjects/knockoutjs_require/node_modules/requirejs/require.js in 1102_PROFILING_INFO_
require-instrumented.js:114 _PROFILING_INFO_start function bind from ../subjects/knockoutjs_require/node_modules/requirejs/require.js in 132_PROFILING_INFO_
require-instrumented.js:695 _PROFILING_INFO_start function null from ../subjects/knockoutjs_require/node_modules/requirejs/require.js in 842_PROFILING_INFO_
require-instrumented.js:19 _PROFILING_INFO_start function isFunction from ../subjects/knockoutjs_require/node_modules/requirejs/require.js in 43_PROFILING_INFO_
require-instrumented.js:501 _PROFILING_INFO_start function cleanRegistry from ../subjects/knockoutjs_require/node_modules/requirejs/require.js in 606_PROFILING_INFO_
require-instrumented.js:969 _PROFILING_INFO_start function null from ../subjects/knockoutjs_require/node_modules/requirejs/require.js in 1187_PROFILING_INFO_
require-instrumented.js:537 _PROFILING_INFO_start function checkLoaded from ../subjects/knockoutjs_require/node_modules/requirejs/require.js in 640_PROFILING_INFO_
require-instrumented.js:119 _PROFILING_INFO_start function null from ../subjects/knockoutjs_require/node_modules/requirejs/require.js in 133_PROFILING_INFO_
require-instrumented.js:901 _PROFILING_INFO_start function null from ../subjects/knockoutjs_require/node_modules/requirejs/require.js in 1113_PROFILING_INFO_
require-instrumented.js:385 _PROFILING_INFO_start function on from ../subjects/knockoutjs_require/node_modules/requirejs/require.js in 510_PROFILING_INFO_
require-instrumented.js:958 _PROFILING_INFO_start function null from ../subjects/knockoutjs_require/node_modules/requirejs/require.js in 1179_PROFILING_INFO_
require-instrumented.js:1279 _PROFILING_INFO_start function null from ../subjects/knockoutjs_require/node_modules/requirejs/require.js in 1554_PROFILING_INFO_
require-instrumented.js:661 _PROFILING_INFO_start function null from ../subjects/knockoutjs_require/node_modules/requirejs/require.js in 804_PROFILING_INFO_
require-instrumented.js:684 _PROFILING_INFO_start function null from ../subjects/knockoutjs_require/node_modules/requirejs/require.js in 828_PROFILING_INFO_
require-instrumented.js:1363 _PROFILING_INFO_start function null from ../subjects/knockoutjs_require/node_modules/requirejs/require.js in 1684_PROFILING_INFO_
require-instrumented.js:1518 _PROFILING_INFO_start function null from ../subjects/knockoutjs_require/node_modules/requirejs/require.js in 1894_PROFILING_INFO_
require-instrumented.js:1507 _PROFILING_INFO_start function null from ../subjects/knockoutjs_require/node_modules/requirejs/require.js in 1875_PROFILING_INFO_
require-instrumented.js:547 _PROFILING_INFO_start function null from ../subjects/knockoutjs_require/node_modules/requirejs/require.js in 658_PROFILING_INFO_
require-instrumented.js:1449 _PROFILING_INFO_start function null from ../subjects/knockoutjs_require/node_modules/requirejs/require.js in 1804_PROFILING_INFO_
require-instrumented.js:1139 _PROFILING_INFO_start function null from ../subjects/knockoutjs_require/node_modules/requirejs/require.js in 1374_PROFILING_INFO_
require-instrumented.js:1377 _PROFILING_INFO_start function null from ../subjects/knockoutjs_require/node_modules/requirejs/require.js in 1705_PROFILING_INFO_
require-instrumented.js:1008 _PROFILING_INFO_start function getScriptData from ../subjects/knockoutjs_require/node_modules/requirejs/require.js in 1228_PROFILING_INFO_
require-instrumented.js:995 _PROFILING_INFO_start function removeListener from ../subjects/knockoutjs_require/node_modules/requirejs/require.js in 1207_PROFILING_INFO_
require-instrumented.js:1289 _PROFILING_INFO_start function null from ../subjects/knockoutjs_require/node_modules/requirejs/require.js in 1567_PROFILING_INFO_
require-instrumented.js:986 _PROFILING_INFO_start function callGetModule from ../subjects/knockoutjs_require/node_modules/requirejs/require.js in 1200_PROFILING_INFO_
require-instrumented.js:974 _PROFILING_INFO_start function null from ../subjects/knockoutjs_require/node_modules/requirejs/require.js in 1188_PROFILING_INFO_
require-instrumented.js:916 _PROFILING_INFO_start function null from ../subjects/knockoutjs_require/node_modules/requirejs/require.js in 1134_PROFILING_INFO_
require-instrumented.js:650 _PROFILING_INFO_start function null from ../subjects/knockoutjs_require/node_modules/requirejs/require.js in 794_PROFILING_INFO_
require-instrumented.js:1608 _PROFILING_INFO_start function null from ../subjects/knockoutjs_require/node_modules/requirejs/require.js in 2061_PROFILING_INFO_
require-instrumented.js:438 _PROFILING_INFO_start function null from ../subjects/knockoutjs_require/node_modules/requirejs/require.js in 561_PROFILING_INFO_
require-instrumented.js:464 _PROFILING_INFO_start function null from ../subjects/knockoutjs_require/node_modules/requirejs/require.js in 580_PROFILING_INFO_
require-instrumented.js:453 _PROFILING_INFO_start function null from ../subjects/knockoutjs_require/node_modules/requirejs/require.js in 573_PROFILING_INFO_
require-instrumented.js:1370 _PROFILING_INFO_start function null from ../subjects/knockoutjs_require/node_modules/requirejs/require.js in 1695_PROFILING_INFO_
require-instrumented.js:592 _PROFILING_INFO_start function null from ../subjects/knockoutjs_require/node_modules/requirejs/require.js in 717_PROFILING_INFO_
