base-instrumented.js:5 _PROFILING_INFO_start function null from ../subjects/mithril/node_modules/todomvc-common/base.js in 2_PROFILING_INFO_
base-instrumented.js:11 _PROFILING_INFO_start function null from ../subjects/mithril/node_modules/todomvc-common/base.js in 8_PROFILING_INFO_
base-instrumented.js:136 _PROFILING_INFO_start function redirect from ../subjects/mithril/node_modules/todomvc-common/base.js in 126_PROFILING_INFO_
base-instrumented.js:153 _PROFILING_INFO_start function getFile from ../subjects/mithril/node_modules/todomvc-common/base.js in 137_PROFILING_INFO_
base-instrumented.js:145 _PROFILING_INFO_start function findRoot from ../subjects/mithril/node_modules/todomvc-common/base.js in 132_PROFILING_INFO_
​ _PROFILING_INFO_start function null from ../subjects/mithril/node_modules/mithril/mithril.js in 3_PROFILING_INFO_
​ _PROFILING_INFO_start function factory from ../subjects/mithril/node_modules/mithril/mithril.js in 24_PROFILING_INFO_
​ _PROFILING_INFO_start function null from ../subjects/mithril/node_modules/mithril/mithril.js in 83_PROFILING_INFO_
​ _PROFILING_INFO_start function initialize from ../subjects/mithril/node_modules/mithril/mithril.js in 75_PROFILING_INFO_
​ _PROFILING_INFO_start function null from ../subjects/mithril/node_modules/mithril/mithril.js in 1381_PROFILING_INFO_
​ _PROFILING_INFO_start function gettersetter from ../subjects/mithril/node_modules/mithril/mithril.js in 1367_PROFILING_INFO_
​ _PROFILING_INFO_start function null from ../subjects/mithril/js/models/todo.js in 5_PROFILING_INFO_
​ _PROFILING_INFO_start function null from ../subjects/mithril/js/models/storage.js in 4_PROFILING_INFO_
​ _PROFILING_INFO_start function null from ../subjects/mithril/js/views/main-view.js in 19_PROFILING_INFO_
​ _PROFILING_INFO_start function null from ../subjects/mithril/node_modules/mithril/mithril.js in 1611_PROFILING_INFO_
mithril-instrumented.js:63 _PROFILING_INFO_start function isString from ../subjects/mithril/node_modules/mithril/mithril.js in 42_PROFILING_INFO_
mithril-instrumented.js:1492 _PROFILING_INFO_start function null from ../subjects/mithril/node_modules/mithril/mithril.js in 1634_PROFILING_INFO_
mithril-instrumented.js:1582 _PROFILING_INFO_start function normalizeRoute from ../subjects/mithril/node_modules/mithril/mithril.js in 1740_PROFILING_INFO_
mithril-instrumented.js:1476 _PROFILING_INFO_start function null from ../subjects/mithril/node_modules/mithril/mithril.js in 1616_PROFILING_INFO_
mithril-instrumented.js:1589 _PROFILING_INFO_start function routeByValue from ../subjects/mithril/node_modules/mithril/mithril.js in 1744_PROFILING_INFO_
mithril-instrumented.js:1672 _PROFILING_INFO_start function buildQueryString from ../subjects/mithril/node_modules/mithril/mithril.js in 1830_PROFILING_INFO_
mithril-instrumented.js:1312 _PROFILING_INFO_start function null from ../subjects/mithril/node_modules/mithril/mithril.js in 1479_PROFILING_INFO_
mithril-instrumented.js:204 _PROFILING_INFO_start function forEach from ../subjects/mithril/node_modules/mithril/mithril.js in 188_PROFILING_INFO_
mithril-instrumented.js:1278 _PROFILING_INFO_start function checkPrevented from ../subjects/mithril/node_modules/mithril/mithril.js in 1440_PROFILING_INFO_
mithril-instrumented.js:1192 _PROFILING_INFO_start function prop from ../subjects/mithril/node_modules/mithril/mithril.js in 1368_PROFILING_INFO_
mithril-instrumented.js:465 _PROFILING_INFO_start function null from ../subjects/mithril/node_modules/mithril/mithril.js in 411_PROFILING_INFO_
todo-instrumented.js:7 _PROFILING_INFO_start function null from ../subjects/mithril/js/controllers/todo.js in 5_PROFILING_INFO_
storage-instrumented.js:14 _PROFILING_INFO_start function null from ../subjects/mithril/js/models/storage.js in 7_PROFILING_INFO_
mithril-instrumented.js:1212 _PROFILING_INFO_start function null from ../subjects/mithril/node_modules/mithril/mithril.js in 1381_PROFILING_INFO_
mithril-instrumented.js:56 _PROFILING_INFO_start function isObject from ../subjects/mithril/node_modules/mithril/mithril.js in 38_PROFILING_INFO_
mithril-instrumented.js:49 _PROFILING_INFO_start function isFunction from ../subjects/mithril/node_modules/mithril/mithril.js in 34_PROFILING_INFO_
mithril-instrumented.js:1187 _PROFILING_INFO_start function gettersetter from ../subjects/mithril/node_modules/mithril/mithril.js in 1367_PROFILING_INFO_
mithril-instrumented.js:1568 _PROFILING_INFO_start function null from ../subjects/mithril/node_modules/mithril/mithril.js in 1725_PROFILING_INFO_
mithril-instrumented.js:1431 _PROFILING_INFO_start function endFirstComputation from ../subjects/mithril/node_modules/mithril/mithril.js in 1582_PROFILING_INFO_
mithril-instrumented.js:472 _PROFILING_INFO_start function null from ../subjects/mithril/node_modules/mithril/mithril.js in 412_PROFILING_INFO_
mithril-instrumented.js:1371 _PROFILING_INFO_start function null from ../subjects/mithril/node_modules/mithril/mithril.js in 1526_PROFILING_INFO_
mithril-instrumented.js:1403 _PROFILING_INFO_start function redraw from ../subjects/mithril/node_modules/mithril/mithril.js in 1558_PROFILING_INFO_
mithril-instrumented.js:1661 _PROFILING_INFO_start function setScroll from ../subjects/mithril/node_modules/mithril/mithril.js in 1822_PROFILING_INFO_
mithril-instrumented.js:1412 _PROFILING_INFO_start function null from ../subjects/mithril/node_modules/mithril/mithril.js in 1563_PROFILING_INFO_
main-view-instrumented.js:33 _PROFILING_INFO_start function null from ../subjects/mithril/js/views/main-view.js in 22_PROFILING_INFO_
mithril-instrumented.js:180 _PROFILING_INFO_start function m from ../subjects/mithril/node_modules/mithril/mithril.js in 160_PROFILING_INFO_
mithril-instrumented.js:149 _PROFILING_INFO_start function getVirtualChildren from ../subjects/mithril/node_modules/mithril/mithril.js in 123_PROFILING_INFO_
mithril-instrumented.js:122 _PROFILING_INFO_start function parseTagAttrs from ../subjects/mithril/node_modules/mithril/mithril.js in 98_PROFILING_INFO_
mithril-instrumented.js:161 _PROFILING_INFO_start function assignAttrs from ../subjects/mithril/node_modules/mithril/mithril.js in 133_PROFILING_INFO_
main-view-instrumented.js:7 _PROFILING_INFO_start function null from ../subjects/mithril/js/views/main-view.js in 6_PROFILING_INFO_
mithril-instrumented.js:1443 _PROFILING_INFO_start function null from ../subjects/mithril/node_modules/mithril/mithril.js in 1591_PROFILING_INFO_
todo-instrumented.js:131 _PROFILING_INFO_start function null from ../subjects/mithril/js/controllers/todo.js in 101_PROFILING_INFO_
mithril-instrumented.js:1133 _PROFILING_INFO_start function null from ../subjects/mithril/node_modules/mithril/mithril.js in 1317_PROFILING_INFO_
mithril-instrumented.js:1170 _PROFILING_INFO_start function getCellCacheKey from ../subjects/mithril/node_modules/mithril/mithril.js in 1356_PROFILING_INFO_
mithril-instrumented.js:971 _PROFILING_INFO_start function clear from ../subjects/mithril/node_modules/mithril/mithril.js in 1173_PROFILING_INFO_
mithril-instrumented.js:851 _PROFILING_INFO_start function build from ../subjects/mithril/node_modules/mithril/mithril.js in 919_PROFILING_INFO_
mithril-instrumented.js:225 _PROFILING_INFO_start function dataToString from ../subjects/mithril/node_modules/mithril/mithril.js in 202_PROFILING_INFO_
mithril-instrumented.js:661 _PROFILING_INFO_start function makeCache from ../subjects/mithril/node_modules/mithril/mithril.js in 654_PROFILING_INFO_
mithril-instrumented.js:622 _PROFILING_INFO_start function buildArray from ../subjects/mithril/node_modules/mithril/mithril.js in 587_PROFILING_INFO_
mithril-instrumented.js:248 _PROFILING_INFO_start function flatten from ../subjects/mithril/node_modules/mithril/mithril.js in 227_PROFILING_INFO_
mithril-instrumented.js:212 _PROFILING_INFO_start function forKeys from ../subjects/mithril/node_modules/mithril/mithril.js in 194_PROFILING_INFO_
mithril-instrumented.js:380 _PROFILING_INFO_start function buildArrayKeys from ../subjects/mithril/node_modules/mithril/mithril.js in 344_PROFILING_INFO_
mithril-instrumented.js:217 _PROFILING_INFO_start function null from ../subjects/mithril/node_modules/mithril/mithril.js in 195_PROFILING_INFO_
mithril-instrumented.js:810 _PROFILING_INFO_start function buildObject from ../subjects/mithril/node_modules/mithril/mithril.js in 834_PROFILING_INFO_
mithril-instrumented.js:799 _PROFILING_INFO_start function markViews from ../subjects/mithril/node_modules/mithril/mithril.js in 818_PROFILING_INFO_
mithril-instrumented.js:427 _PROFILING_INFO_start function maybeRecreateObject from ../subjects/mithril/node_modules/mithril/mithril.js in 383_PROFILING_INFO_
mithril-instrumented.js:403 _PROFILING_INFO_start function isDifferentEnough from ../subjects/mithril/node_modules/mithril/mithril.js in 356_PROFILING_INFO_
mithril-instrumented.js:451 _PROFILING_INFO_start function getObjectNamespace from ../subjects/mithril/node_modules/mithril/mithril.js in 403_PROFILING_INFO_
mithril-instrumented.js:683 _PROFILING_INFO_start function constructNode from ../subjects/mithril/node_modules/mithril/mithril.js in 677_PROFILING_INFO_
mithril-instrumented.js:700 _PROFILING_INFO_start function constructAttrs from ../subjects/mithril/node_modules/mithril/mithril.js in 692_PROFILING_INFO_
mithril-instrumented.js:957 _PROFILING_INFO_start function setAttributes from ../subjects/mithril/node_modules/mithril/mithril.js in 1155_PROFILING_INFO_
mithril-instrumented.js:940 _PROFILING_INFO_start function trySetAttr from ../subjects/mithril/node_modules/mithril/mithril.js in 1118_PROFILING_INFO_
mithril-instrumented.js:908 _PROFILING_INFO_start function setSingleAttr from ../subjects/mithril/node_modules/mithril/mithril.js in 1056_PROFILING_INFO_
mithril-instrumented.js:261 _PROFILING_INFO_start function insertNode from ../subjects/mithril/node_modules/mithril/mithril.js in 240_PROFILING_INFO_
mithril-instrumented.js:711 _PROFILING_INFO_start function constructChildren from ../subjects/mithril/node_modules/mithril/mithril.js in 700_PROFILING_INFO_
mithril-instrumented.js:597 _PROFILING_INFO_start function handleTextNode from ../subjects/mithril/node_modules/mithril/mithril.js in 557_PROFILING_INFO_
mithril-instrumented.js:546 _PROFILING_INFO_start function handleNonexistentNodes from ../subjects/mithril/node_modules/mithril/mithril.js in 493_PROFILING_INFO_
mithril-instrumented.js:610 _PROFILING_INFO_start function getSubArrayCount from ../subjects/mithril/node_modules/mithril/mithril.js in 576_PROFILING_INFO_
mithril-instrumented.js:354 _PROFILING_INFO_start function diffArray from ../subjects/mithril/node_modules/mithril/mithril.js in 323_PROFILING_INFO_
mithril-instrumented.js:359 _PROFILING_INFO_start function null from ../subjects/mithril/node_modules/mithril/mithril.js in 327_PROFILING_INFO_
mithril-instrumented.js:722 _PROFILING_INFO_start function reconstructCached from ../subjects/mithril/node_modules/mithril/mithril.js in 726_PROFILING_INFO_
mithril-instrumented.js:484 _PROFILING_INFO_start function unloadCachedControllers from ../subjects/mithril/node_modules/mithril/mithril.js in 421_PROFILING_INFO_
mithril-instrumented.js:513 _PROFILING_INFO_start function scheduleConfigsToBeCalled from ../subjects/mithril/node_modules/mithril/mithril.js in 439_PROFILING_INFO_
mithril-instrumented.js:1086 _PROFILING_INFO_start function autoredraw from ../subjects/mithril/node_modules/mithril/mithril.js in 1280_PROFILING_INFO_
mithril-instrumented.js:877 _PROFILING_INFO_start function copyStyleAttrs from ../subjects/mithril/node_modules/mithril/mithril.js in 1027_PROFILING_INFO_
mithril-instrumented.js:1162 _PROFILING_INFO_start function null from ../subjects/mithril/node_modules/mithril/mithril.js in 1353_PROFILING_INFO_
mithril-instrumented.js:520 _PROFILING_INFO_start function null from ../subjects/mithril/node_modules/mithril/mithril.js in 446_PROFILING_INFO_
main-view-instrumented.js:45 _PROFILING_INFO_start function null from ../subjects/mithril/js/views/main-view.js in 30_PROFILING_INFO_
mithril-instrumented.js:1549 _PROFILING_INFO_start function null from ../subjects/mithril/node_modules/mithril/mithril.js in 1703_PROFILING_INFO_
base-instrumented.js:160          GET http://localhost:8000/mithril/learn.json 404 (File not found)
getFile @ base-instrumented.js:160
(anonymous) @ base-instrumented.js:267
(anonymous) @ base-instrumented.js:268
base-instrumented.js:164 _PROFILING_INFO_start function null from ../subjects/mithril/node_modules/todomvc-common/base.js in 147_PROFILING_INFO_
mithril-instrumented.js:1390 _PROFILING_INFO_start function null from ../subjects/mithril/node_modules/mithril/mithril.js in 1548_PROFILING_INFO_
mithril-instrumented.js:1091 _PROFILING_INFO_start function null from ../subjects/mithril/node_modules/mithril/mithril.js in 1281_PROFILING_INFO_
mithril-instrumented.js:1448 _PROFILING_INFO_start function null from ../subjects/mithril/node_modules/mithril/mithril.js in 1592_PROFILING_INFO_
mithril-instrumented.js:529 _PROFILING_INFO_start function buildUpdatedNode from ../subjects/mithril/node_modules/mithril/mithril.js in 453_PROFILING_INFO_
main-view-instrumented.js:12 _PROFILING_INFO_start function null from ../subjects/mithril/js/views/main-view.js in 7_PROFILING_INFO_
todo-instrumented.js:22 _PROFILING_INFO_start function null from ../subjects/mithril/js/controllers/todo.js in 21_PROFILING_INFO_
todo-instrumented.js:21 _PROFILING_INFO_start function null from ../subjects/mithril/js/models/todo.js in 13_PROFILING_INFO_
todo-instrumented.js:13 _PROFILING_INFO_start function null from ../subjects/mithril/js/models/todo.js in 7_PROFILING_INFO_
storage-instrumented.js:21 _PROFILING_INFO_start function null from ../subjects/mithril/js/models/storage.js in 10_PROFILING_INFO_
mithril-instrumented.js:1201 _PROFILING_INFO_start function null from ../subjects/mithril/node_modules/mithril/mithril.js in 1373_PROFILING_INFO_
todo-instrumented.js:34 _PROFILING_INFO_start function null from ../subjects/mithril/js/controllers/todo.js in 30_PROFILING_INFO_
main-view-instrumented.js:62 _PROFILING_INFO_start function null from ../subjects/mithril/js/views/main-view.js in 48_PROFILING_INFO_
main-view-instrumented.js:68 _PROFILING_INFO_start function null from ../subjects/mithril/js/views/main-view.js in 49_PROFILING_INFO_
footer-view-instrumented.js:7 _PROFILING_INFO_start function null from ../subjects/mithril/js/views/footer-view.js in 5_PROFILING_INFO_
todo-instrumented.js:118 _PROFILING_INFO_start function null from ../subjects/mithril/js/controllers/todo.js in 91_PROFILING_INFO_
mithril-instrumented.js:386 _PROFILING_INFO_start function null from ../subjects/mithril/node_modules/mithril/mithril.js in 346_PROFILING_INFO_
mithril-instrumented.js:391 _PROFILING_INFO_start function null from ../subjects/mithril/node_modules/mithril/mithril.js in 347_PROFILING_INFO_
mithril-instrumented.js:991 _PROFILING_INFO_start function unload from ../subjects/mithril/node_modules/mithril/mithril.js in 1195_PROFILING_INFO_
mithril-instrumented.js:367 _PROFILING_INFO_start function null from ../subjects/mithril/node_modules/mithril/mithril.js in 334_PROFILING_INFO_
main-view-instrumented.js:99 _PROFILING_INFO_start function null from ../subjects/mithril/js/views/main-view.js in 78_PROFILING_INFO_
mithril-instrumented.js:633 _PROFILING_INFO_start function null from ../subjects/mithril/node_modules/mithril/mithril.js in 615_PROFILING_INFO_
mithril-instrumented.js:332 _PROFILING_INFO_start function diffKeys from ../subjects/mithril/node_modules/mithril/mithril.js in 304_PROFILING_INFO_
mithril-instrumented.js:339 _PROFILING_INFO_start function null from ../subjects/mithril/node_modules/mithril/mithril.js in 308_PROFILING_INFO_
mithril-instrumented.js:271 _PROFILING_INFO_start function handleKeysDiffer from ../subjects/mithril/node_modules/mithril/mithril.js in 249_PROFILING_INFO_
mithril-instrumented.js:276 _PROFILING_INFO_start function null from ../subjects/mithril/node_modules/mithril/mithril.js in 250_PROFILING_INFO_
mithril-instrumented.js:870 _PROFILING_INFO_start function sortChanges from ../subjects/mithril/node_modules/mithril/mithril.js in 1023_PROFILING_INFO_
mithril-instrumented.js:300 _PROFILING_INFO_start function null from ../subjects/mithril/node_modules/mithril/mithril.js in 272_PROFILING_INFO_
mithril-instrumented.js:569 _PROFILING_INFO_start function reattachNodes from ../subjects/mithril/node_modules/mithril/mithril.js in 518_PROFILING_INFO_
mithril-instrumented.js:237 _PROFILING_INFO_start function injectTextNode from ../subjects/mithril/node_modules/mithril/mithril.js in 217_PROFILING_INFO_
todo-instrumented.js:48 _PROFILING_INFO_start function null from ../subjects/mithril/js/controllers/todo.js in 41_PROFILING_INFO_
todo-instrumented.js:60 _PROFILING_INFO_start function null from ../subjects/mithril/js/controllers/todo.js in 50_PROFILING_INFO_
main-view-instrumented.js:91 _PROFILING_INFO_start function null from ../subjects/mithril/js/views/main-view.js in 74_PROFILING_INFO_
todo-instrumented.js:68 _PROFILING_INFO_start function null from ../subjects/mithril/js/controllers/todo.js in 55_PROFILING_INFO_
mithril-instrumented.js:1635 _PROFILING_INFO_start function routeUnobtrusive from ../subjects/mithril/node_modules/mithril/mithril.js in 1793_PROFILING_INFO_
mithril-instrumented.js:1614 _PROFILING_INFO_start function null from ../subjects/mithril/node_modules/mithril/mithril.js in 1777_PROFILING_INFO_
mithril-instrumented.js:1621 _PROFILING_INFO_start function null from ../subjects/mithril/node_modules/mithril/mithril.js in 1780_PROFILING_INFO_
todo-instrumented.js:13 _PROFILING_INFO_start function null from ../subjects/mithril/js/controllers/todo.js in 11_PROFILING_INFO_
todo-instrumented.js:106 _PROFILING_INFO_start function null from ../subjects/mithril/js/controllers/todo.js in 82_PROFILING_INFO_
todo-instrumented.js:98 _PROFILING_INFO_start function null from ../subjects/mithril/js/controllers/todo.js in 77_PROFILING_INFO_
todo-instrumented.js:143 _PROFILING_INFO_start function null from ../subjects/mithril/js/controllers/todo.js in 110_PROFILING_INFO_
