base-instrumented.js:5 _PROFILING_INFO_start function null from ../subjects/olives/node_modules/todomvc-common/base.js in 2_PROFILING_INFO_
base-instrumented.js:11 _PROFILING_INFO_start function null from ../subjects/olives/node_modules/todomvc-common/base.js in 8_PROFILING_INFO_
base-instrumented.js:136 _PROFILING_INFO_start function redirect from ../subjects/olives/node_modules/todomvc-common/base.js in 126_PROFILING_INFO_
base-instrumented.js:153 _PROFILING_INFO_start function getFile from ../subjects/olives/node_modules/todomvc-common/base.js in 137_PROFILING_INFO_
​ _PROFILING_INFO_start function findRoot from ../subjects/olives/node_modules/todomvc-common/base.js in 132_PROFILING_INFO_
​ _PROFILING_INFO_start function e from ../subjects/olives/olives-todo.js in 1_PROFILING_INFO_
​ _PROFILING_INFO_start function s from ../subjects/olives/olives-todo.js in 1_PROFILING_INFO_
​ _PROFILING_INFO_start function null from ../subjects/olives/olives-todo.js in 1_PROFILING_INFO_
​ _PROFILING_INFO_start function null from ../subjects/olives/olives-todo.js in 176_PROFILING_INFO_
​ _PROFILING_INFO_start function null from ../subjects/olives/olives-todo.js in 3971_PROFILING_INFO_
​ _PROFILING_INFO_start function null from ../subjects/olives/olives-todo.js in 707_PROFILING_INFO_
​ _PROFILING_INFO_start function null from ../subjects/olives/olives-todo.js in 6307_PROFILING_INFO_
​ _PROFILING_INFO_start function null from ../subjects/olives/olives-todo.js in 299_PROFILING_INFO_
​ _PROFILING_INFO_start function null from ../subjects/olives/olives-todo.js in 5717_PROFILING_INFO_
​ _PROFILING_INFO_start function null from ../subjects/olives/olives-todo.js in 4089_PROFILING_INFO_
​ _PROFILING_INFO_start function null from ../subjects/olives/olives-todo.js in 5718_PROFILING_INFO_
​ _PROFILING_INFO_start function null from ../subjects/olives/olives-todo.js in 5710_PROFILING_INFO_
​ _PROFILING_INFO_start function null from ../subjects/olives/olives-todo.js in 2519_PROFILING_INFO_
​ _PROFILING_INFO_start function inherits from ../subjects/olives/olives-todo.js in 2522_PROFILING_INFO_
​ _PROFILING_INFO_start function null from ../subjects/olives/olives-todo.js in 6454_PROFILING_INFO_
​ _PROFILING_INFO_start function null from ../subjects/olives/olives-todo.js in 2646_PROFILING_INFO_
​ _PROFILING_INFO_start function null from ../subjects/olives/olives-todo.js in 5186_PROFILING_INFO_
​ _PROFILING_INFO_start function null from ../subjects/olives/olives-todo.js in 660_PROFILING_INFO_
​ _PROFILING_INFO_start function null from ../subjects/olives/olives-todo.js in 4624_PROFILING_INFO_
​ _PROFILING_INFO_start function null from ../subjects/olives/olives-todo.js in 2106_PROFILING_INFO_
​ _PROFILING_INFO_start function null from ../subjects/olives/olives-todo.js in 2711_PROFILING_INFO_
​ _PROFILING_INFO_start function null from ../subjects/olives/olives-todo.js in 2260_PROFILING_INFO_
​ _PROFILING_INFO_start function null from ../subjects/olives/olives-todo.js in 2207_PROFILING_INFO_
​ _PROFILING_INFO_start function null from ../subjects/olives/olives-todo.js in 2544_PROFILING_INFO_
​ _PROFILING_INFO_start function null from ../subjects/olives/olives-todo.js in 2889_PROFILING_INFO_
​ _PROFILING_INFO_start function null from ../subjects/olives/olives-todo.js in 3271_PROFILING_INFO_
​ _PROFILING_INFO_start function null from ../subjects/olives/olives-todo.js in 3359_PROFILING_INFO_
​ _PROFILING_INFO_start function null from ../subjects/olives/olives-todo.js in 4497_PROFILING_INFO_
​ _PROFILING_INFO_start function null from ../subjects/olives/olives-todo.js in 2860_PROFILING_INFO_
​ _PROFILING_INFO_start function null from ../subjects/olives/olives-todo.js in 3361_PROFILING_INFO_
​ _PROFILING_INFO_start function null from ../subjects/olives/olives-todo.js in 3638_PROFILING_INFO_
​ _PROFILING_INFO_start function null from ../subjects/olives/olives-todo.js in 3398_PROFILING_INFO_
​ _PROFILING_INFO_start function null from ../subjects/olives/olives-todo.js in 3825_PROFILING_INFO_
​ _PROFILING_INFO_start function null from ../subjects/olives/olives-todo.js in 3636_PROFILING_INFO_
​ _PROFILING_INFO_start function null from ../subjects/olives/olives-todo.js in 4149_PROFILING_INFO_
​ _PROFILING_INFO_start function null from ../subjects/olives/olives-todo.js in 4930_PROFILING_INFO_
​ _PROFILING_INFO_start function null from ../subjects/olives/olives-todo.js in 5184_PROFILING_INFO_
​ _PROFILING_INFO_start function null from ../subjects/olives/olives-todo.js in 4345_PROFILING_INFO_
​ _PROFILING_INFO_start function null from ../subjects/olives/olives-todo.js in 4495_PROFILING_INFO_
​ _PROFILING_INFO_start function null from ../subjects/olives/olives-todo.js in 1969_PROFILING_INFO_
​ _PROFILING_INFO_start function null from ../subjects/olives/olives-todo.js in 3991_PROFILING_INFO_
​ _PROFILING_INFO_start function null from ../subjects/olives/olives-todo.js in 4087_PROFILING_INFO_
​ _PROFILING_INFO_start function null from ../subjects/olives/olives-todo.js in 4857_PROFILING_INFO_
​ _PROFILING_INFO_start function null from ../subjects/olives/olives-todo.js in 4697_PROFILING_INFO_
​ _PROFILING_INFO_start function null from ../subjects/olives/olives-todo.js in 4872_PROFILING_INFO_
​ _PROFILING_INFO_start function null from ../subjects/olives/olives-todo.js in 1374_PROFILING_INFO_
​ _PROFILING_INFO_start function null from ../subjects/olives/olives-todo.js in 207_PROFILING_INFO_
​ _PROFILING_INFO_start function null from ../subjects/olives/olives-todo.js in 96_PROFILING_INFO_
​ _PROFILING_INFO_start function null from ../subjects/olives/olives-todo.js in 81_PROFILING_INFO_
​ _PROFILING_INFO_start function null from ../subjects/olives/olives-todo.js in 5308_PROFILING_INFO_
​ _PROFILING_INFO_start function null from ../subjects/olives/olives-todo.js in 5497_PROFILING_INFO_
​ _PROFILING_INFO_start function UrlHighwayFactory from ../subjects/olives/olives-todo.js in 5491_PROFILING_INFO_
​ _PROFILING_INFO_start function HighwayConstructor from ../subjects/olives/olives-todo.js in 5514_PROFILING_INFO_
​ _PROFILING_INFO_start function WatchNotifyConstructor from ../subjects/olives/olives-todo.js in 6331_PROFILING_INFO_
​ _PROFILING_INFO_start function UrlHighway from ../subjects/olives/olives-todo.js in 5324_PROFILING_INFO_
​ _PROFILING_INFO_start function null from ../subjects/olives/olives-todo.js in 94_PROFILING_INFO_
​ _PROFILING_INFO_start function null from ../subjects/olives/olives-todo.js in 36_PROFILING_INFO_
​ _PROFILING_INFO_start function null from ../subjects/olives/olives-todo.js in 115_PROFILING_INFO_
​ _PROFILING_INFO_start function null from ../subjects/olives/olives-todo.js in 1680_PROFILING_INFO_
​ _PROFILING_INFO_start function null from ../subjects/olives/olives-todo.js in 1714_PROFILING_INFO_
​ _PROFILING_INFO_start function null from ../subjects/olives/olives-todo.js in 2281_PROFILING_INFO_
​ _PROFILING_INFO_start function null from ../subjects/olives/olives-todo.js in 2240_PROFILING_INFO_
​ _PROFILING_INFO_start function null from ../subjects/olives/olives-todo.js in 4667_PROFILING_INFO_
​ _PROFILING_INFO_start function null from ../subjects/olives/olives-todo.js in 4695_PROFILING_INFO_
​ _PROFILING_INFO_start function null from ../subjects/olives/olives-todo.js in 4534_PROFILING_INFO_
​ _PROFILING_INFO_start function null from ../subjects/olives/olives-todo.js in 5201_PROFILING_INFO_
​ _PROFILING_INFO_start function LocalStoreFactory from ../subjects/olives/olives-todo.js in 2641_PROFILING_INFO_
​ _PROFILING_INFO_start function StoreConstructor from ../subjects/olives/olives-todo.js in 2914_PROFILING_INFO_
​ _PROFILING_INFO_start function null from ../subjects/olives/olives-todo.js in 4498_PROFILING_INFO_
​ _PROFILING_INFO_start function LocalStoreConstructor from ../subjects/olives/olives-todo.js in 2564_PROFILING_INFO_
​ _PROFILING_INFO_start function sync from ../subjects/olives/olives-todo.js in 2615_PROFILING_INFO_
​ _PROFILING_INFO_start function loop from ../subjects/olives/olives-todo.js in 2666_PROFILING_INFO_
​ _PROFILING_INFO_start function ok from ../subjects/olives/olives-todo.js in 442_PROFILING_INFO_
​ _PROFILING_INFO_start function persistLocalStorage from ../subjects/olives/olives-todo.js in 2582_PROFILING_INFO_
​ _PROFILING_INFO_start function toJSON from ../subjects/olives/olives-todo.js in 3258_PROFILING_INFO_
​ _PROFILING_INFO_start function watch from ../subjects/olives/olives-todo.js in 3112_PROFILING_INFO_
​ _PROFILING_INFO_start function watch from ../subjects/olives/olives-todo.js in 6346_PROFILING_INFO_
​ _PROFILING_INFO_start function inputInit from ../subjects/olives/olives-todo.js in 182_PROFILING_INFO_
​ _PROFILING_INFO_start function SeamViewConstructor from ../subjects/olives/olives-todo.js in 4173_PROFILING_INFO_
​ _PROFILING_INFO_start function StateMachineConstructor from ../subjects/olives/olives-todo.js in 4965_PROFILING_INFO_
​ _PROFILING_INFO_start function null from ../subjects/olives/olives-todo.js in 5079_PROFILING_INFO_
​ _PROFILING_INFO_start function add from ../subjects/olives/olives-todo.js in 4999_PROFILING_INFO_
​ _PROFILING_INFO_start function Transition from ../subjects/olives/olives-todo.js in 5097_PROFILING_INFO_
​ _PROFILING_INFO_start function null from ../subjects/olives/olives-todo.js in 5081_PROFILING_INFO_
​ _PROFILING_INFO_start function add from ../subjects/olives/olives-todo.js in 5114_PROFILING_INFO_
​ _PROFILING_INFO_start function init from ../subjects/olives/olives-todo.js in 4984_PROFILING_INFO_
​ _PROFILING_INFO_start function Seam from ../subjects/olives/olives-todo.js in 4366_PROFILING_INFO_
​ _PROFILING_INFO_start function EventPluginConstructor from ../subjects/olives/olives-todo.js in 1989_PROFILING_INFO_
​ _PROFILING_INFO_start function null from ../subjects/olives/olives-todo.js in 2681_PROFILING_INFO_
​ _PROFILING_INFO_start function setParent from ../subjects/olives/olives-todo.js in 2070_PROFILING_INFO_
​ _PROFILING_INFO_start function add from ../subjects/olives/olives-todo.js in 4425_PROFILING_INFO_
​ _PROFILING_INFO_start function alive from ../subjects/olives/olives-todo.js in 4322_PROFILING_INFO_
​ _PROFILING_INFO_start function isAcceptedType from ../subjects/olives/olives-todo.js in 4163_PROFILING_INFO_
​ _PROFILING_INFO_start function setTemplateFromDom from ../subjects/olives/olives-todo.js in 4306_PROFILING_INFO_
​ _PROFILING_INFO_start function place from ../subjects/olives/olives-todo.js in 4289_PROFILING_INFO_
​ _PROFILING_INFO_start function event from ../subjects/olives/olives-todo.js in 5054_PROFILING_INFO_
​ _PROFILING_INFO_start function toArray from ../subjects/olives/olives-todo.js in 5189_PROFILING_INFO_
​ _PROFILING_INFO_start function event from ../subjects/olives/olives-todo.js in 5173_PROFILING_INFO_
​ _PROFILING_INFO_start function renderNPlace from ../subjects/olives/olives-todo.js in 4241_PROFILING_INFO_
​ _PROFILING_INFO_start function render from ../subjects/olives/olives-todo.js in 4181_PROFILING_INFO_
​ _PROFILING_INFO_start function apply from ../subjects/olives/olives-todo.js in 4477_PROFILING_INFO_
​ _PROFILING_INFO_start function getNodes from ../subjects/olives/olives-todo.js in 2272_PROFILING_INFO_
olives-todo-instrumented.js:3789 _PROFILING_INFO_start function null from ../subjects/olives/olives-todo.js in 4480_PROFILING_INFO_
olives-todo-instrumented.js:1934 _PROFILING_INFO_start function getDataset from ../subjects/olives/olives-todo.js in 2223_PROFILING_INFO_
olives-todo-instrumented.js:3794 _PROFILING_INFO_start function null from ../subjects/olives/olives-todo.js in 4481_PROFILING_INFO_
olives-todo-instrumented.js:3716 _PROFILING_INFO_start function applyPlugin from ../subjects/olives/olives-todo.js in 4391_PROFILING_INFO_
olives-todo-instrumented.js:3721 _PROFILING_INFO_start function null from ../subjects/olives/olives-todo.js in 4394_PROFILING_INFO_
olives-todo-instrumented.js:3710 _PROFILING_INFO_start function trim from ../subjects/olives/olives-todo.js in 4379_PROFILING_INFO_
olives-todo-instrumented.js:1779 _PROFILING_INFO_start function listen from ../subjects/olives/olives-todo.js in 2034_PROFILING_INFO_
olives-todo-instrumented.js:1772 _PROFILING_INFO_start function addEventListener from ../subjects/olives/olives-todo.js in 2023_PROFILING_INFO_
olives-todo-instrumented.js:1825 _PROFILING_INFO_start function map from ../subjects/olives/olives-todo.js in 2083_PROFILING_INFO_
olives-todo-instrumented.js:3590 _PROFILING_INFO_start function place from ../subjects/olives/olives-todo.js in 4223_PROFILING_INFO_
olives-todo-instrumented.js:306 _PROFILING_INFO_start function listInit from ../subjects/olives/olives-todo.js in 216_PROFILING_INFO_
olives-todo-instrumented.js:766 _PROFILING_INFO_start function BindPluginConstructor from ../subjects/olives/olives-todo.js in 742_PROFILING_INFO_
olives-todo-instrumented.js:789 _PROFILING_INFO_start function setModel from ../subjects/olives/olives-todo.js in 789_PROFILING_INFO_
olives-todo-instrumented.js:1201 _PROFILING_INFO_start function addBindings from ../subjects/olives/olives-todo.js in 1359_PROFILING_INFO_
olives-todo-instrumented.js:3954 _PROFILING_INFO_start function loop from ../subjects/olives/olives-todo.js in 4648_PROFILING_INFO_
olives-todo-instrumented.js:3945 _PROFILING_INFO_start function assert from ../subjects/olives/olives-todo.js in 4634_PROFILING_INFO_
olives-todo-instrumented.js:1206 _PROFILING_INFO_start function null from ../subjects/olives/olives-todo.js in 1360_PROFILING_INFO_
olives-todo-instrumented.js:1163 _PROFILING_INFO_start function addBinding from ../subjects/olives/olives-todo.js in 1306_PROFILING_INFO_
olives-todo-instrumented.js:87 _PROFILING_INFO_start function RouterPlugin from ../subjects/olives/olives-todo.js in 52_PROFILING_INFO_
olives-todo-instrumented.js:4619 _PROFILING_INFO_start function getLastRoute from ../subjects/olives/olives-todo.js in 5486_PROFILING_INFO_
olives-todo-instrumented.js:4569 _PROFILING_INFO_start function start from ../subjects/olives/olives-todo.js in 5424_PROFILING_INFO_
olives-todo-instrumented.js:4536 _PROFILING_INFO_start function setDefaultRoute from ../subjects/olives/olives-todo.js in 5371_PROFILING_INFO_
olives-todo-instrumented.js:4517 _PROFILING_INFO_start function doNavigate from ../subjects/olives/olives-todo.js in 5350_PROFILING_INFO_
olives-todo-instrumented.js:4529 _PROFILING_INFO_start function hashIsEmpty from ../subjects/olives/olives-todo.js in 5362_PROFILING_INFO_
olives-todo-instrumented.js:4670 _PROFILING_INFO_start function navigate from ../subjects/olives/olives-todo.js in 5572_PROFILING_INFO_
olives-todo-instrumented.js:4789 _PROFILING_INFO_start function clearForwardHistory from ../subjects/olives/olives-todo.js in 5705_PROFILING_INFO_
olives-todo-instrumented.js:4779 _PROFILING_INFO_start function ensureMaxHistory from ../subjects/olives/olives-todo.js in 5695_PROFILING_INFO_
olives-todo-instrumented.js:4772 _PROFILING_INFO_start function getMaxHistory from ../subjects/olives/olives-todo.js in 5691_PROFILING_INFO_
olives-todo-instrumented.js:4762 _PROFILING_INFO_start function load from ../subjects/olives/olives-todo.js in 5683_PROFILING_INFO_
olives-todo-instrumented.js:5568 _PROFILING_INFO_start function notify from ../subjects/olives/olives-todo.js in 6401_PROFILING_INFO_
olives-todo-instrumented.js:4597 _PROFILING_INFO_start function bindOnHashChange from ../subjects/olives/olives-todo.js in 5460_PROFILING_INFO_
olives-todo-instrumented.js:4604 _PROFILING_INFO_start function bindOnRouteChange from ../subjects/olives/olives-todo.js in 5468_PROFILING_INFO_
olives-todo-instrumented.js:4709 _PROFILING_INFO_start function watch from ../subjects/olives/olives-todo.js in 5618_PROFILING_INFO_
olives-todo-instrumented.js:3756 _PROFILING_INFO_start function addAll from ../subjects/olives/olives-todo.js in 4448_PROFILING_INFO_
olives-todo-instrumented.js:3761 _PROFILING_INFO_start function null from ../subjects/olives/olives-todo.js in 4449_PROFILING_INFO_
olives-todo-instrumented.js:1073 _PROFILING_INFO_start function bind from ../subjects/olives/olives-todo.js in 1191_PROFILING_INFO_
olives-todo-instrumented.js:2548 _PROFILING_INFO_start function get from ../subjects/olives/olives-todo.js in 2970_PROFILING_INFO_
olives-todo-instrumented.js:2363 _PROFILING_INFO_start function getNestedProperty from ../subjects/olives/olives-todo.js in 2740_PROFILING_INFO_
olives-todo-instrumented.js:1175 _PROFILING_INFO_start function execBinding from ../subjects/olives/olives-todo.js in 1324_PROFILING_INFO_
olives-todo-instrumented.js:1187 _PROFILING_INFO_start function hasBinding from ../subjects/olives/olives-todo.js in 1339_PROFILING_INFO_
olives-todo-instrumented.js:170 _PROFILING_INFO_start function null from ../subjects/olives/olives-todo.js in 106_PROFILING_INFO_
olives-todo-instrumented.js:2674 _PROFILING_INFO_start function watchValue from ../subjects/olives/olives-todo.js in 3141_PROFILING_INFO_
olives-todo-instrumented.js:321 _PROFILING_INFO_start function null from ../subjects/olives/olives-todo.js in 233_PROFILING_INFO_
olives-todo-instrumented.js:2541 _PROFILING_INFO_start function null from ../subjects/olives/olives-todo.js in 2961_PROFILING_INFO_
olives-todo-instrumented.js:2488 _PROFILING_INFO_start function count from ../subjects/olives/olives-todo.js in 2879_PROFILING_INFO_
olives-todo-instrumented.js:1014 _PROFILING_INFO_start function foreach from ../subjects/olives/olives-todo.js in 1117_PROFILING_INFO_
olives-todo-instrumented.js:803 _PROFILING_INFO_start function ItemRenderer from ../subjects/olives/olives-todo.js in 808_PROFILING_INFO_
olives-todo-instrumented.js:844 _PROFILING_INFO_start function setPlugins from ../subjects/olives/olives-todo.js in 889_PROFILING_INFO_
olives-todo-instrumented.js:824 _PROFILING_INFO_start function setRootNode from ../subjects/olives/olives-todo.js in 864_PROFILING_INFO_
olives-todo-instrumented.js:809 _PROFILING_INFO_start function setRenderer from ../subjects/olives/olives-todo.js in 844_PROFILING_INFO_
olives-todo-instrumented.js:860 _PROFILING_INFO_start function setStart from ../subjects/olives/olives-todo.js in 915_PROFILING_INFO_
olives-todo-instrumented.js:875 _PROFILING_INFO_start function setNb from ../subjects/olives/olives-todo.js in 935_PROFILING_INFO_
olives-todo-instrumented.js:965 _PROFILING_INFO_start function render from ../subjects/olives/olives-todo.js in 1046_PROFILING_INFO_
olives-todo-instrumented.js:999 _PROFILING_INFO_start function setItemRenderer from ../subjects/olives/olives-todo.js in 1098_PROFILING_INFO_
olives-todo-instrumented.js:109 _PROFILING_INFO_start function toggleClassOnRouteChange from ../subjects/olives/olives-todo.js in 70_PROFILING_INFO_
olives-todo-instrumented.js:198 _PROFILING_INFO_start function controlsInit from ../subjects/olives/olives-todo.js in 124_PROFILING_INFO_
olives-todo-instrumented.js:5575 _PROFILING_INFO_start function null from ../subjects/olives/olives-todo.js in 6406_PROFILING_INFO_
olives-todo-instrumented.js:4611 _PROFILING_INFO_start function onRouteChange from ../subjects/olives/olives-todo.js in 5477_PROFILING_INFO_
olives-todo-instrumented.js:4562 _PROFILING_INFO_start function toUrl from ../subjects/olives/olives-todo.js in 5414_PROFILING_INFO_
olives-todo-instrumented.js:114 _PROFILING_INFO_start function null from ../subjects/olives/olives-todo.js in 71_PROFILING_INFO_
olives-todo-instrumented.js:751 _PROFILING_INFO_start function setAttribute from ../subjects/olives/olives-todo.js in 726_PROFILING_INFO_
olives-todo-instrumented.js:93 _PROFILING_INFO_start function isLinkActive from ../subjects/olives/olives-todo.js in 60_PROFILING_INFO_
olives-todo-instrumented.js:221 _PROFILING_INFO_start function updateStats from ../subjects/olives/olives-todo.js in 141_PROFILING_INFO_
olives-todo-instrumented.js:204 _PROFILING_INFO_start function getCompleted from ../subjects/olives/olives-todo.js in 130_PROFILING_INFO_
olives-todo-instrumented.js:2695 _PROFILING_INFO_start function loop from ../subjects/olives/olives-todo.js in 3170_PROFILING_INFO_
olives-todo-instrumented.js:2869 _PROFILING_INFO_start function loop from ../subjects/olives/olives-todo.js in 3381_PROFILING_INFO_
olives-todo-instrumented.js:2562 _PROFILING_INFO_start function set from ../subjects/olives/olives-todo.js in 2989_PROFILING_INFO_
olives-todo-instrumented.js:2555 _PROFILING_INFO_start function has from ../subjects/olives/olives-todo.js in 2979_PROFILING_INFO_
olives-todo-instrumented.js:1105 _PROFILING_INFO_start function null from ../subjects/olives/olives-todo.js in 1245_PROFILING_INFO_
base-instrumented.js:160          GET http://localhost:8000/olives/learn.json 404 (File not found)
getFile @ base-instrumented.js:160
(anonymous) @ base-instrumented.js:267
(anonymous) @ base-instrumented.js:268
base-instrumented.js:164 _PROFILING_INFO_start function null from ../subjects/olives/node_modules/todomvc-common/base.js in 147_PROFILING_INFO_
olives-todo-instrumented.js:4587 _PROFILING_INFO_start function onHashChange from ../subjects/olives/olives-todo.js in 5443_PROFILING_INFO_
olives-todo-instrumented.js:1784 _PROFILING_INFO_start function null from ../subjects/olives/olives-todo.js in 2035_PROFILING_INFO_
olives-todo-instrumented.js:275 _PROFILING_INFO_start function addTask from ../subjects/olives/olives-todo.js in 193_PROFILING_INFO_
olives-todo-instrumented.js:2626 _PROFILING_INFO_start function alter from ../subjects/olives/olives-todo.js in 3074_PROFILING_INFO_
olives-todo-instrumented.js:2642 _PROFILING_INFO_start function proxy from ../subjects/olives/olives-todo.js in 3097_PROFILING_INFO_
olives-todo-instrumented.js:2516 _PROFILING_INFO_start function _notifyDiffs from ../subjects/olives/olives-todo.js in 2945_PROFILING_INFO_
olives-todo-instrumented.js:2805 _PROFILING_INFO_start function shallowDiff from ../subjects/olives/olives-todo.js in 3315_PROFILING_INFO_
olives-todo-instrumented.js:2813 _PROFILING_INFO_start function null from ../subjects/olives/olives-todo.js in 3325_PROFILING_INFO_
olives-todo-instrumented.js:2526 _PROFILING_INFO_start function null from ../subjects/olives/olives-todo.js in 2949_PROFILING_INFO_
olives-todo-instrumented.js:2531 _PROFILING_INFO_start function null from ../subjects/olives/olives-todo.js in 2950_PROFILING_INFO_
olives-todo-instrumented.js:890 _PROFILING_INFO_start function addItem from ../subjects/olives/olives-todo.js in 955_PROFILING_INFO_
olives-todo-instrumented.js:913 _PROFILING_INFO_start function getNextItem from ../subjects/olives/olives-todo.js in 984_PROFILING_INFO_
olives-todo-instrumented.js:1890 _PROFILING_INFO_start function closestGreaterNumber from ../subjects/olives/olives-todo.js in 2166_PROFILING_INFO_
olives-todo-instrumented.js:1856 _PROFILING_INFO_start function _getClosest from ../subjects/olives/olives-todo.js in 2126_PROFILING_INFO_
olives-todo-instrumented.js:946 _PROFILING_INFO_start function create from ../subjects/olives/olives-todo.js in 1025_PROFILING_INFO_
olives-todo-instrumented.js:953 _PROFILING_INFO_start function null from ../subjects/olives/olives-todo.js in 1030_PROFILING_INFO_
olives-todo-instrumented.js:3743 _PROFILING_INFO_start function apply from ../subjects/olives/olives-todo.js in 4433_PROFILING_INFO_
olives-todo-instrumented.js:2371 _PROFILING_INFO_start function null from ../subjects/olives/olives-todo.js in 2744_PROFILING_INFO_
olives-todo-instrumented.js:210 _PROFILING_INFO_start function null from ../subjects/olives/olives-todo.js in 132_PROFILING_INFO_
olives-todo-instrumented.js:2826 _PROFILING_INFO_start function null from ../subjects/olives/olives-todo.js in 3343_PROFILING_INFO_
olives-todo-instrumented.js:973 _PROFILING_INFO_start function null from ../subjects/olives/olives-todo.js in 1058_PROFILING_INFO_
olives-todo-instrumented.js:918 _PROFILING_INFO_start function null from ../subjects/olives/olives-todo.js in 985_PROFILING_INFO_
olives-todo-instrumented.js:1863 _PROFILING_INFO_start function null from ../subjects/olives/olives-todo.js in 2132_PROFILING_INFO_
olives-todo-instrumented.js:1895 _PROFILING_INFO_start function null from ../subjects/olives/olives-todo.js in 2167_PROFILING_INFO_
olives-todo-instrumented.js:1090 _PROFILING_INFO_start function null from ../subjects/olives/olives-todo.js in 1231_PROFILING_INFO_
olives-todo-instrumented.js:2580 _PROFILING_INFO_start function update from ../subjects/olives/olives-todo.js in 3014_PROFILING_INFO_
olives-todo-instrumented.js:2419 _PROFILING_INFO_start function setNestedProperty from ../subjects/olives/olives-todo.js in 2801_PROFILING_INFO_
olives-todo-instrumented.js:2427 _PROFILING_INFO_start function null from ../subjects/olives/olives-todo.js in 2805_PROFILING_INFO_
olives-todo-instrumented.js:351 _PROFILING_INFO_start function startEdit from ../subjects/olives/olives-todo.js in 254_PROFILING_INFO_
olives-todo-instrumented.js:1131 _PROFILING_INFO_start function getElementId from ../subjects/olives/olives-todo.js in 1272_PROFILING_INFO_
olives-todo-instrumented.js:383 _PROFILING_INFO_start function toggleEditing from ../subjects/olives/olives-todo.js in 289_PROFILING_INFO_
olives-todo-instrumented.js:391 _PROFILING_INFO_start function getElementByModelId from ../subjects/olives/olives-todo.js in 294_PROFILING_INFO_
olives-todo-instrumented.js:360 _PROFILING_INFO_start function stopEdit from ../subjects/olives/olives-todo.js in 262_PROFILING_INFO_
olives-todo-instrumented.js:138 _PROFILING_INFO_start function null from ../subjects/olives/olives-todo.js in 88_PROFILING_INFO_
olives-todo-instrumented.js:101 _PROFILING_INFO_start function null from ../subjects/olives/olives-todo.js in 65_PROFILING_INFO_
olives-todo-instrumented.js:238 _PROFILING_INFO_start function delAll from ../subjects/olives/olives-todo.js in 163_PROFILING_INFO_
olives-todo-instrumented.js:2614 _PROFILING_INFO_start function delAll from ../subjects/olives/olives-todo.js in 3052_PROFILING_INFO_
olives-todo-instrumented.js:732 _PROFILING_INFO_start function desc from ../subjects/olives/olives-todo.js in 702_PROFILING_INFO_
olives-todo-instrumented.js:717 _PROFILING_INFO_start function compareNumbers from ../subjects/olives/olives-todo.js in 676_PROFILING_INFO_
olives-todo-instrumented.js:2596 _PROFILING_INFO_start function del from ../subjects/olives/olives-todo.js in 3032_PROFILING_INFO_
olives-todo-instrumented.js:1024 _PROFILING_INFO_start function null from ../subjects/olives/olives-todo.js in 1129_PROFILING_INFO_
olives-todo-instrumented.js:931 _PROFILING_INFO_start function removeItem from ../subjects/olives/olives-todo.js in 1005_PROFILING_INFO_
olives-todo-instrumented.js:773 _PROFILING_INFO_start function _removeObserversForId from ../subjects/olives/olives-todo.js in 775_PROFILING_INFO_
olives-todo-instrumented.js:779 _PROFILING_INFO_start function null from ../subjects/olives/olives-todo.js in 777_PROFILING_INFO_
olives-todo-instrumented.js:2681 _PROFILING_INFO_start function unwatchValue from ../subjects/olives/olives-todo.js in 3151_PROFILING_INFO_
olives-todo-instrumented.js:5546 _PROFILING_INFO_start function unwatch from ../subjects/olives/olives-todo.js in 6378_PROFILING_INFO_
olives-todo-instrumented.js:5554 _PROFILING_INFO_start function null from ../subjects/olives/olives-todo.js in 6384_PROFILING_INFO_
olives-todo-instrumented.js:330 _PROFILING_INFO_start function remove from ../subjects/olives/olives-todo.js in 240_PROFILING_INFO_
olives-todo-instrumented.js:337 _PROFILING_INFO_start function toggleAll from ../subjects/olives/olives-todo.js in 245_PROFILING_INFO_
olives-todo-instrumented.js:343 _PROFILING_INFO_start function null from ../subjects/olives/olives-todo.js in 248_PROFILING_INFO_
