base-instrumented.js:5 _PROFILING_INFO_start function null from ../subjects/puremvc/node_modules/todomvc-common/base.js in 2_PROFILING_INFO_
base-instrumented.js:11 _PROFILING_INFO_start function null from ../subjects/puremvc/node_modules/todomvc-common/base.js in 8_PROFILING_INFO_
base-instrumented.js:136 _PROFILING_INFO_start function redirect from ../subjects/puremvc/node_modules/todomvc-common/base.js in 126_PROFILING_INFO_
base-instrumented.js:153 _PROFILING_INFO_start function getFile from ../subjects/puremvc/node_modules/todomvc-common/base.js in 137_PROFILING_INFO_
base-instrumented.js:145 _PROFILING_INFO_start function findRoot from ../subjects/puremvc/node_modules/todomvc-common/base.js in 132_PROFILING_INFO_
​ _PROFILING_INFO_start function null from ../subjects/puremvc/node_modules/director/build/director.js in 8_PROFILING_INFO_
​ _PROFILING_INFO_start function null from ../subjects/puremvc/node_modules/npmvc/lib/puremvc-1.0.1.js in 9_PROFILING_INFO_
​ _PROFILING_INFO_start function Notifier from ../subjects/puremvc/node_modules/npmvc/lib/puremvc-1.0.1.js in 319_PROFILING_INFO_
​ _PROFILING_INFO_start function null from ../subjects/puremvc/node_modules/npmvc/lib/puremvc-1.0.1.js in 2096_PROFILING_INFO_
​ _PROFILING_INFO_start function define from ../subjects/puremvc/node_modules/npmvc/lib/puremvc-1.0.1.js in 2369_PROFILING_INFO_
​ _PROFILING_INFO_start function null from ../subjects/puremvc/node_modules/npmvc/lib/puremvc-1.0.1.js in 2146_PROFILING_INFO_
​ _PROFILING_INFO_start function declare from ../subjects/puremvc/node_modules/npmvc/lib/puremvc-1.0.1.js in 2246_PROFILING_INFO_
​ _PROFILING_INFO_start function define from ../subjects/puremvc/node_modules/npmvc/lib/puremvc-1.0.1.js in 2369_PROFILING_INFO_
​ _PROFILING_INFO_start function null from ../subjects/puremvc/node_modules/npmvc/lib/puremvc-1.0.1.js in 2113_PROFILING_INFO_
​ _PROFILING_INFO_start function null from ../subjects/puremvc/node_modules/npmvc/lib/puremvc-1.0.1.js in 2146_PROFILING_INFO_
​ _PROFILING_INFO_start function declare from ../subjects/puremvc/node_modules/npmvc/lib/puremvc-1.0.1.js in 2246_PROFILING_INFO_
​ _PROFILING_INFO_start function define from ../subjects/puremvc/node_modules/npmvc/lib/puremvc-1.0.1.js in 2369_PROFILING_INFO_
​ _PROFILING_INFO_start function null from ../subjects/puremvc/node_modules/npmvc/lib/puremvc-1.0.1.js in 2146_PROFILING_INFO_
​ _PROFILING_INFO_start function declare from ../subjects/puremvc/node_modules/npmvc/lib/puremvc-1.0.1.js in 2246_PROFILING_INFO_
​ _PROFILING_INFO_start function define from ../subjects/puremvc/node_modules/npmvc/lib/puremvc-1.0.1.js in 2369_PROFILING_INFO_
​ _PROFILING_INFO_start function null from ../subjects/puremvc/node_modules/npmvc/lib/puremvc-1.0.1.js in 2146_PROFILING_INFO_
​ _PROFILING_INFO_start function declare from ../subjects/puremvc/node_modules/npmvc/lib/puremvc-1.0.1.js in 2246_PROFILING_INFO_
​ _PROFILING_INFO_start function define from ../subjects/puremvc/node_modules/npmvc/lib/puremvc-1.0.1.js in 2369_PROFILING_INFO_
​ _PROFILING_INFO_start function null from ../subjects/puremvc/node_modules/npmvc/lib/puremvc-1.0.1.js in 2113_PROFILING_INFO_
​ _PROFILING_INFO_start function null from ../subjects/puremvc/node_modules/npmvc/lib/puremvc-1.0.1.js in 2146_PROFILING_INFO_
​ _PROFILING_INFO_start function declare from ../subjects/puremvc/node_modules/npmvc/lib/puremvc-1.0.1.js in 2246_PROFILING_INFO_
​ _PROFILING_INFO_start function define from ../subjects/puremvc/node_modules/npmvc/lib/puremvc-1.0.1.js in 2369_PROFILING_INFO_
​ _PROFILING_INFO_start function null from ../subjects/puremvc/node_modules/npmvc/lib/puremvc-1.0.1.js in 2113_PROFILING_INFO_
​ _PROFILING_INFO_start function null from ../subjects/puremvc/node_modules/npmvc/lib/puremvc-1.0.1.js in 2146_PROFILING_INFO_
​ _PROFILING_INFO_start function declare from ../subjects/puremvc/node_modules/npmvc/lib/puremvc-1.0.1.js in 2246_PROFILING_INFO_
​ _PROFILING_INFO_start function define from ../subjects/puremvc/node_modules/npmvc/lib/puremvc-1.0.1.js in 2369_PROFILING_INFO_
​ _PROFILING_INFO_start function null from ../subjects/puremvc/node_modules/npmvc/lib/puremvc-1.0.1.js in 2113_PROFILING_INFO_
​ _PROFILING_INFO_start function null from ../subjects/puremvc/node_modules/npmvc/lib/puremvc-1.0.1.js in 2146_PROFILING_INFO_
​ _PROFILING_INFO_start function declare from ../subjects/puremvc/node_modules/npmvc/lib/puremvc-1.0.1.js in 2246_PROFILING_INFO_
​ _PROFILING_INFO_start function define from ../subjects/puremvc/node_modules/npmvc/lib/puremvc-1.0.1.js in 2369_PROFILING_INFO_
​ _PROFILING_INFO_start function null from ../subjects/puremvc/node_modules/npmvc/lib/puremvc-1.0.1.js in 2113_PROFILING_INFO_
​ _PROFILING_INFO_start function null from ../subjects/puremvc/node_modules/npmvc/lib/puremvc-1.0.1.js in 2146_PROFILING_INFO_
​ _PROFILING_INFO_start function declare from ../subjects/puremvc/node_modules/npmvc/lib/puremvc-1.0.1.js in 2246_PROFILING_INFO_
​ _PROFILING_INFO_start function define from ../subjects/puremvc/node_modules/npmvc/lib/puremvc-1.0.1.js in 2369_PROFILING_INFO_
​ _PROFILING_INFO_start function null from ../subjects/puremvc/node_modules/npmvc/lib/puremvc-1.0.1.js in 2113_PROFILING_INFO_
​ _PROFILING_INFO_start function null from ../subjects/puremvc/node_modules/npmvc/lib/puremvc-1.0.1.js in 2146_PROFILING_INFO_
​ _PROFILING_INFO_start function declare from ../subjects/puremvc/node_modules/npmvc/lib/puremvc-1.0.1.js in 2246_PROFILING_INFO_
​ _PROFILING_INFO_start function define from ../subjects/puremvc/node_modules/npmvc/lib/puremvc-1.0.1.js in 2369_PROFILING_INFO_
​ _PROFILING_INFO_start function null from ../subjects/puremvc/node_modules/npmvc/lib/puremvc-1.0.1.js in 2113_PROFILING_INFO_
​ _PROFILING_INFO_start function null from ../subjects/puremvc/node_modules/npmvc/lib/puremvc-1.0.1.js in 2146_PROFILING_INFO_
​ _PROFILING_INFO_start function declare from ../subjects/puremvc/node_modules/npmvc/lib/puremvc-1.0.1.js in 2246_PROFILING_INFO_
​ _PROFILING_INFO_start function define from ../subjects/puremvc/node_modules/npmvc/lib/puremvc-1.0.1.js in 2369_PROFILING_INFO_
​ _PROFILING_INFO_start function null from ../subjects/puremvc/node_modules/npmvc/lib/puremvc-1.0.1.js in 2113_PROFILING_INFO_
​ _PROFILING_INFO_start function null from ../subjects/puremvc/node_modules/npmvc/lib/puremvc-1.0.1.js in 2146_PROFILING_INFO_
​ _PROFILING_INFO_start function declare from ../subjects/puremvc/node_modules/npmvc/lib/puremvc-1.0.1.js in 2246_PROFILING_INFO_
​  GET http://localhost:8000/puremvc/learn.json 404 (File not found)
getFile @ base-instrumented.js:160
(anonymous) @ base-instrumented.js:267
(anonymous) @ base-instrumented.js:268
​ _PROFILING_INFO_start function null from ../subjects/puremvc/node_modules/npmvc/lib/puremvc-1.0.1.js in 905_PROFILING_INFO_
​ _PROFILING_INFO_start function Facade from ../subjects/puremvc/node_modules/npmvc/lib/puremvc-1.0.1.js in 863_PROFILING_INFO_
​ _PROFILING_INFO_start function null from ../subjects/puremvc/node_modules/npmvc/lib/puremvc-1.0.1.js in 1228_PROFILING_INFO_
​ _PROFILING_INFO_start function null from ../subjects/puremvc/node_modules/npmvc/lib/puremvc-1.0.1.js in 889_PROFILING_INFO_
​ _PROFILING_INFO_start function null from ../subjects/puremvc/node_modules/npmvc/lib/puremvc-1.0.1.js in 979_PROFILING_INFO_
​ _PROFILING_INFO_start function null from ../subjects/puremvc/node_modules/npmvc/lib/puremvc-1.0.1.js in 1722_PROFILING_INFO_
​ _PROFILING_INFO_start function Model from ../subjects/puremvc/node_modules/npmvc/lib/puremvc-1.0.1.js in 1686_PROFILING_INFO_
​ _PROFILING_INFO_start function null from ../subjects/puremvc/node_modules/npmvc/lib/puremvc-1.0.1.js in 1709_PROFILING_INFO_
​ _PROFILING_INFO_start function null from ../subjects/puremvc/node_modules/npmvc/lib/puremvc-1.0.1.js in 945_PROFILING_INFO_
​ _PROFILING_INFO_start function null from ../subjects/puremvc/node_modules/npmvc/lib/puremvc-1.0.1.js in 1937_PROFILING_INFO_
​ _PROFILING_INFO_start function Controller from ../subjects/puremvc/node_modules/npmvc/lib/puremvc-1.0.1.js in 1890_PROFILING_INFO_
​ _PROFILING_INFO_start function null from ../subjects/puremvc/node_modules/npmvc/lib/puremvc-1.0.1.js in 1922_PROFILING_INFO_
​ _PROFILING_INFO_start function null from ../subjects/puremvc/node_modules/npmvc/lib/puremvc-1.0.1.js in 1397_PROFILING_INFO_
​ _PROFILING_INFO_start function View from ../subjects/puremvc/node_modules/npmvc/lib/puremvc-1.0.1.js in 1360_PROFILING_INFO_
​ _PROFILING_INFO_start function null from ../subjects/puremvc/node_modules/npmvc/lib/puremvc-1.0.1.js in 1384_PROFILING_INFO_
​ _PROFILING_INFO_start function null from ../subjects/puremvc/node_modules/npmvc/lib/puremvc-1.0.1.js in 1017_PROFILING_INFO_
​ _PROFILING_INFO_start function define from ../subjects/puremvc/node_modules/npmvc/lib/puremvc-1.0.1.js in 2369_PROFILING_INFO_
​ _PROFILING_INFO_start function null from ../subjects/puremvc/node_modules/npmvc/lib/puremvc-1.0.1.js in 2146_PROFILING_INFO_
​ _PROFILING_INFO_start function declare from ../subjects/puremvc/node_modules/npmvc/lib/puremvc-1.0.1.js in 2246_PROFILING_INFO_
​ _PROFILING_INFO_start function null from ../subjects/puremvc/node_modules/todomvc-common/base.js in 147_PROFILING_INFO_
​ _PROFILING_INFO_start function null from ../subjects/puremvc/js/app.js in 9_PROFILING_INFO_
​ _PROFILING_INFO_start function null from ../subjects/puremvc/node_modules/npmvc/lib/puremvc-1.0.1.js in 1033_PROFILING_INFO_
​ _PROFILING_INFO_start function null from ../subjects/puremvc/node_modules/npmvc/lib/puremvc-1.0.1.js in 1984_PROFILING_INFO_
​ _PROFILING_INFO_start function Observer from ../subjects/puremvc/node_modules/npmvc/lib/puremvc-1.0.1.js in 53_PROFILING_INFO_
​ _PROFILING_INFO_start function null from ../subjects/puremvc/node_modules/npmvc/lib/puremvc-1.0.1.js in 67_PROFILING_INFO_
​ _PROFILING_INFO_start function null from ../subjects/puremvc/node_modules/npmvc/lib/puremvc-1.0.1.js in 80_PROFILING_INFO_
​ _PROFILING_INFO_start function null from ../subjects/puremvc/node_modules/npmvc/lib/puremvc-1.0.1.js in 1419_PROFILING_INFO_
​ _PROFILING_INFO_start function null from ../subjects/puremvc/node_modules/npmvc/lib/puremvc-1.0.1.js in 1192_PROFILING_INFO_
​ _PROFILING_INFO_start function Notification from ../subjects/puremvc/node_modules/npmvc/lib/puremvc-1.0.1.js in 186_PROFILING_INFO_
​ _PROFILING_INFO_start function null from ../subjects/puremvc/node_modules/npmvc/lib/puremvc-1.0.1.js in 1210_PROFILING_INFO_
​ _PROFILING_INFO_start function null from ../subjects/puremvc/node_modules/npmvc/lib/puremvc-1.0.1.js in 1442_PROFILING_INFO_
​ _PROFILING_INFO_start function null from ../subjects/puremvc/node_modules/npmvc/lib/puremvc-1.0.1.js in 199_PROFILING_INFO_
puremvc-1.0.1-instrumented.js:52 _PROFILING_INFO_start function null from ../subjects/puremvc/node_modules/npmvc/lib/puremvc-1.0.1.js in 114_PROFILING_INFO_
puremvc-1.0.1-instrumented.js:38 _PROFILING_INFO_start function null from ../subjects/puremvc/node_modules/npmvc/lib/puremvc-1.0.1.js in 91_PROFILING_INFO_
puremvc-1.0.1-instrumented.js:45 _PROFILING_INFO_start function null from ../subjects/puremvc/node_modules/npmvc/lib/puremvc-1.0.1.js in 102_PROFILING_INFO_
puremvc-1.0.1-instrumented.js:778 _PROFILING_INFO_start function null from ../subjects/puremvc/node_modules/npmvc/lib/puremvc-1.0.1.js in 1957_PROFILING_INFO_
puremvc-1.0.1-instrumented.js:899 _PROFILING_INFO_start function null from ../subjects/puremvc/node_modules/npmvc/lib/puremvc-1.0.1.js in 2400_PROFILING_INFO_
puremvc-1.0.1-instrumented.js:180 _PROFILING_INFO_start function MacroCommand from ../subjects/puremvc/node_modules/npmvc/lib/puremvc-1.0.1.js in 489_PROFILING_INFO_
StartupCommand-instrumented.js:9 _PROFILING_INFO_start function null from ../subjects/puremvc/js/controller/command/StartupCommand.js in 18_PROFILING_INFO_
puremvc-1.0.1-instrumented.js:198 _PROFILING_INFO_start function null from ../subjects/puremvc/node_modules/npmvc/lib/puremvc-1.0.1.js in 536_PROFILING_INFO_
puremvc-1.0.1-instrumented.js:144 _PROFILING_INFO_start function null from ../subjects/puremvc/node_modules/npmvc/lib/puremvc-1.0.1.js in 376_PROFILING_INFO_
puremvc-1.0.1-instrumented.js:152 _PROFILING_INFO_start function null from ../subjects/puremvc/node_modules/npmvc/lib/puremvc-1.0.1.js in 389_PROFILING_INFO_
puremvc-1.0.1-instrumented.js:205 _PROFILING_INFO_start function null from ../subjects/puremvc/node_modules/npmvc/lib/puremvc-1.0.1.js in 548_PROFILING_INFO_
puremvc-1.0.1-instrumented.js:165 _PROFILING_INFO_start function SimpleCommand from ../subjects/puremvc/node_modules/npmvc/lib/puremvc-1.0.1.js in 438_PROFILING_INFO_
PrepControllerCommand-instrumented.js:9 _PROFILING_INFO_start function null from ../subjects/puremvc/js/controller/command/PrepControllerCommand.js in 18_PROFILING_INFO_
PrepModelCommand-instrumented.js:9 _PROFILING_INFO_start function null from ../subjects/puremvc/js/controller/command/PrepModelCommand.js in 18_PROFILING_INFO_
puremvc-1.0.1-instrumented.js:280 _PROFILING_INFO_start function Proxy from ../subjects/puremvc/node_modules/npmvc/lib/puremvc-1.0.1.js in 760_PROFILING_INFO_
puremvc-1.0.1-instrumented.js:413 _PROFILING_INFO_start function null from ../subjects/puremvc/node_modules/npmvc/lib/puremvc-1.0.1.js in 1071_PROFILING_INFO_
puremvc-1.0.1-instrumented.js:700 _PROFILING_INFO_start function null from ../subjects/puremvc/node_modules/npmvc/lib/puremvc-1.0.1.js in 1739_PROFILING_INFO_
puremvc-1.0.1-instrumented.js:294 _PROFILING_INFO_start function null from ../subjects/puremvc/node_modules/npmvc/lib/puremvc-1.0.1.js in 780_PROFILING_INFO_
TodoProxy-instrumented.js:13 _PROFILING_INFO_start function null from ../subjects/puremvc/js/model/proxy/TodoProxy.js in 20_PROFILING_INFO_
TodoProxy-instrumented.js:20 _PROFILING_INFO_start function null from ../subjects/puremvc/js/model/proxy/TodoProxy.js in 24_PROFILING_INFO_
TodoProxy-instrumented.js:34 _PROFILING_INFO_start function null from ../subjects/puremvc/js/model/proxy/TodoProxy.js in 35_PROFILING_INFO_
TodoProxy-instrumented.js:45 _PROFILING_INFO_start function null from ../subjects/puremvc/js/model/proxy/TodoProxy.js in 40_PROFILING_INFO_
TodoProxy-instrumented.js:146 _PROFILING_INFO_start function null from ../subjects/puremvc/js/model/proxy/TodoProxy.js in 117_PROFILING_INFO_
PrepViewCommand-instrumented.js:9 _PROFILING_INFO_start function null from ../subjects/puremvc/js/controller/command/PrepViewCommand.js in 18_PROFILING_INFO_
puremvc-1.0.1-instrumented.js:217 _PROFILING_INFO_start function Mediator from ../subjects/puremvc/node_modules/npmvc/lib/puremvc-1.0.1.js in 595_PROFILING_INFO_
puremvc-1.0.1-instrumented.js:445 _PROFILING_INFO_start function null from ../subjects/puremvc/node_modules/npmvc/lib/puremvc-1.0.1.js in 1124_PROFILING_INFO_
puremvc-1.0.1-instrumented.js:607 _PROFILING_INFO_start function null from ../subjects/puremvc/node_modules/npmvc/lib/puremvc-1.0.1.js in 1509_PROFILING_INFO_
puremvc-1.0.1-instrumented.js:229 _PROFILING_INFO_start function null from ../subjects/puremvc/node_modules/npmvc/lib/puremvc-1.0.1.js in 622_PROFILING_INFO_
TodoFormMediator-instrumented.js:9 _PROFILING_INFO_start function null from ../subjects/puremvc/js/view/mediator/TodoFormMediator.js in 15_PROFILING_INFO_
TodoFormMediator-instrumented.js:16 _PROFILING_INFO_start function null from ../subjects/puremvc/js/view/mediator/TodoFormMediator.js in 20_PROFILING_INFO_
TodoForm-instrumented.js:7 _PROFILING_INFO_start function null from ../subjects/puremvc/js/view/component/TodoForm.js in 9_PROFILING_INFO_
AppEvents-instrumented.js:26 _PROFILING_INFO_start function null from ../subjects/puremvc/js/view/event/AppEvents.js in 31_PROFILING_INFO_
puremvc-1.0.1-instrumented.js:236 _PROFILING_INFO_start function null from ../subjects/puremvc/node_modules/npmvc/lib/puremvc-1.0.1.js in 638_PROFILING_INFO_
TodoForm-instrumented.js:57 _PROFILING_INFO_start function null from ../subjects/puremvc/js/view/component/TodoForm.js in 55_PROFILING_INFO_
puremvc-1.0.1-instrumented.js:250 _PROFILING_INFO_start function null from ../subjects/puremvc/node_modules/npmvc/lib/puremvc-1.0.1.js in 675_PROFILING_INFO_
RoutesMediator-instrumented.js:10 _PROFILING_INFO_start function null from ../subjects/puremvc/js/view/mediator/RoutesMediator.js in 18_PROFILING_INFO_
puremvc-1.0.1-instrumented.js:420 _PROFILING_INFO_start function null from ../subjects/puremvc/node_modules/npmvc/lib/puremvc-1.0.1.js in 1082_PROFILING_INFO_
puremvc-1.0.1-instrumented.js:709 _PROFILING_INFO_start function null from ../subjects/puremvc/node_modules/npmvc/lib/puremvc-1.0.1.js in 1753_PROFILING_INFO_
RoutesMediator-instrumented.js:26 _PROFILING_INFO_start function null from ../subjects/puremvc/js/view/mediator/RoutesMediator.js in 33_PROFILING_INFO_
director-instrumented.js:166 _PROFILING_INFO_start function null from ../subjects/puremvc/node_modules/director/build/director.js in 162_PROFILING_INFO_
director-instrumented.js:441 _PROFILING_INFO_start function null from ../subjects/puremvc/node_modules/director/build/director.js in 392_PROFILING_INFO_
director-instrumented.js:843 _PROFILING_INFO_start function null from ../subjects/puremvc/node_modules/director/build/director.js in 690_PROFILING_INFO_
director-instrumented.js:856 _PROFILING_INFO_start function insertOrMount from ../subjects/puremvc/node_modules/director/build/director.js in 699_PROFILING_INFO_
director-instrumented.js:417 _PROFILING_INFO_start function terminator from ../subjects/puremvc/node_modules/director/build/director.js in 370_PROFILING_INFO_
director-instrumented.js:253 _PROFILING_INFO_start function null from ../subjects/puremvc/node_modules/director/build/director.js in 252_PROFILING_INFO_
director-instrumented.js:736 _PROFILING_INFO_start function null from ../subjects/puremvc/node_modules/director/build/director.js in 611_PROFILING_INFO_
director-instrumented.js:742 _PROFILING_INFO_start function null from ../subjects/puremvc/node_modules/director/build/director.js in 613_PROFILING_INFO_
director-instrumented.js:189 _PROFILING_INFO_start function null from ../subjects/puremvc/node_modules/director/build/director.js in 180_PROFILING_INFO_
director-instrumented.js:44 _PROFILING_INFO_start function null from ../subjects/puremvc/node_modules/director/build/director.js in 48_PROFILING_INFO_
director-instrumented.js:11 _PROFILING_INFO_start function dlocHashEmpty from ../subjects/puremvc/node_modules/director/build/director.js in 20_PROFILING_INFO_
director-instrumented.js:54 _PROFILING_INFO_start function onchange from ../subjects/puremvc/node_modules/director/build/director.js in 56_PROFILING_INFO_
director-instrumented.js:195 _PROFILING_INFO_start function null from ../subjects/puremvc/node_modules/director/build/director.js in 183_PROFILING_INFO_
director-instrumented.js:535 _PROFILING_INFO_start function null from ../subjects/puremvc/node_modules/director/build/director.js in 462_PROFILING_INFO_
director-instrumented.js:621 _PROFILING_INFO_start function null from ../subjects/puremvc/node_modules/director/build/director.js in 526_PROFILING_INFO_
director-instrumented.js:627 _PROFILING_INFO_start function filterRoutes from ../subjects/puremvc/node_modules/director/build/director.js in 528_PROFILING_INFO_
director-instrumented.js:555 _PROFILING_INFO_start function updateAndInvoke from ../subjects/puremvc/node_modules/director/build/director.js in 478_PROFILING_INFO_
director-instrumented.js:830 _PROFILING_INFO_start function null from ../subjects/puremvc/node_modules/director/build/director.js in 680_PROFILING_INFO_
director-instrumented.js:326 _PROFILING_INFO_start function _flatten from ../subjects/puremvc/node_modules/director/build/director.js in 304_PROFILING_INFO_
director-instrumented.js:576 _PROFILING_INFO_start function null from ../subjects/puremvc/node_modules/director/build/director.js in 496_PROFILING_INFO_
director-instrumented.js:315 _PROFILING_INFO_start function _every from ../subjects/puremvc/node_modules/director/build/director.js in 296_PROFILING_INFO_
director-instrumented.js:605 _PROFILING_INFO_start function null from ../subjects/puremvc/node_modules/director/build/director.js in 513_PROFILING_INFO_
RoutesMediator-instrumented.js:45 _PROFILING_INFO_start function null from ../subjects/puremvc/js/view/mediator/RoutesMediator.js in 52_PROFILING_INFO_
TodoCommand-instrumented.js:9 _PROFILING_INFO_start function null from ../subjects/puremvc/js/controller/command/TodoCommand.js in 18_PROFILING_INFO_
puremvc-1.0.1-instrumented.js:92 _PROFILING_INFO_start function null from ../subjects/puremvc/node_modules/npmvc/lib/puremvc-1.0.1.js in 219_PROFILING_INFO_
TodoProxy-instrumented.js:54 _PROFILING_INFO_start function null from ../subjects/puremvc/js/model/proxy/TodoProxy.js in 46_PROFILING_INFO_
puremvc-1.0.1-instrumented.js:133 _PROFILING_INFO_start function null from ../subjects/puremvc/node_modules/npmvc/lib/puremvc-1.0.1.js in 337_PROFILING_INFO_
TodoFormMediator-instrumented.js:53 _PROFILING_INFO_start function null from ../subjects/puremvc/js/view/mediator/TodoFormMediator.js in 58_PROFILING_INFO_
TodoForm-instrumented.js:161 _PROFILING_INFO_start function null from ../subjects/puremvc/js/view/component/TodoForm.js in 129_PROFILING_INFO_
TodoForm-instrumented.js:287 _PROFILING_INFO_start function null from ../subjects/puremvc/js/view/component/TodoForm.js in 249_PROFILING_INFO_
TodoForm-instrumented.js:301 _PROFILING_INFO_start function null from ../subjects/puremvc/js/view/component/TodoForm.js in 260_PROFILING_INFO_
TodoForm-instrumented.js:309 _PROFILING_INFO_start function null from ../subjects/puremvc/js/view/component/TodoForm.js in 265_PROFILING_INFO_
TodoForm-instrumented.js:278 _PROFILING_INFO_start function null from ../subjects/puremvc/js/view/component/TodoForm.js in 242_PROFILING_INFO_
TodoForm-instrumented.js:28 _PROFILING_INFO_start function null from ../subjects/puremvc/js/view/component/TodoForm.js in 31_PROFILING_INFO_
TodoForm-instrumented.js:132 _PROFILING_INFO_start function null from ../subjects/puremvc/js/view/component/TodoForm.js in 106_PROFILING_INFO_
TodoForm-instrumented.js:64 _PROFILING_INFO_start function null from ../subjects/puremvc/js/view/component/TodoForm.js in 59_PROFILING_INFO_
AppEvents-instrumented.js:12 _PROFILING_INFO_start function null from ../subjects/puremvc/js/view/event/AppEvents.js in 19_PROFILING_INFO_
TodoForm-instrumented.js:71 _PROFILING_INFO_start function null from ../subjects/puremvc/js/view/component/TodoForm.js in 63_PROFILING_INFO_
AppEvents-instrumented.js:37 _PROFILING_INFO_start function null from ../subjects/puremvc/js/view/event/AppEvents.js in 40_PROFILING_INFO_
TodoFormMediator-instrumented.js:29 _PROFILING_INFO_start function null from ../subjects/puremvc/js/view/mediator/TodoFormMediator.js in 31_PROFILING_INFO_
TodoProxy-instrumented.js:137 _PROFILING_INFO_start function null from ../subjects/puremvc/js/model/proxy/TodoProxy.js in 111_PROFILING_INFO_
TodoProxy-instrumented.js:159 _PROFILING_INFO_start function null from ../subjects/puremvc/js/model/proxy/TodoProxy.js in 129_PROFILING_INFO_
TodoProxy-instrumented.js:78 _PROFILING_INFO_start function null from ../subjects/puremvc/js/model/proxy/TodoProxy.js in 67_PROFILING_INFO_
TodoForm-instrumented.js:180 _PROFILING_INFO_start function null from ../subjects/puremvc/js/view/component/TodoForm.js in 154_PROFILING_INFO_
TodoForm-instrumented.js:93 _PROFILING_INFO_start function null from ../subjects/puremvc/js/view/component/TodoForm.js in 79_PROFILING_INFO_
TodoForm-instrumented.js:266 _PROFILING_INFO_start function null from ../subjects/puremvc/js/view/component/TodoForm.js in 233_PROFILING_INFO_
TodoProxy-instrumented.js:123 _PROFILING_INFO_start function null from ../subjects/puremvc/js/model/proxy/TodoProxy.js in 100_PROFILING_INFO_
TodoForm-instrumented.js:207 _PROFILING_INFO_start function null from ../subjects/puremvc/js/view/component/TodoForm.js in 179_PROFILING_INFO_
TodoForm-instrumented.js:234 _PROFILING_INFO_start function null from ../subjects/puremvc/js/view/component/TodoForm.js in 202_PROFILING_INFO_
TodoForm-instrumented.js:225 _PROFILING_INFO_start function null from ../subjects/puremvc/js/view/component/TodoForm.js in 196_PROFILING_INFO_
TodoForm-instrumented.js:146 _PROFILING_INFO_start function null from ../subjects/puremvc/js/view/component/TodoForm.js in 116_PROFILING_INFO_
TodoForm-instrumented.js:243 _PROFILING_INFO_start function null from ../subjects/puremvc/js/view/component/TodoForm.js in 208_PROFILING_INFO_
RoutesMediator-instrumented.js:52 _PROFILING_INFO_start function null from ../subjects/puremvc/js/view/mediator/RoutesMediator.js in 56_PROFILING_INFO_
RoutesMediator-instrumented.js:59 _PROFILING_INFO_start function null from ../subjects/puremvc/js/view/mediator/RoutesMediator.js in 60_PROFILING_INFO_
TodoForm-instrumented.js:38 _PROFILING_INFO_start function null from ../subjects/puremvc/js/view/component/TodoForm.js in 38_PROFILING_INFO_
TodoForm-instrumented.js:115 _PROFILING_INFO_start function null from ../subjects/puremvc/js/view/component/TodoForm.js in 95_PROFILING_INFO_
TodoProxy-instrumented.js:86 _PROFILING_INFO_start function null from ../subjects/puremvc/js/model/proxy/TodoProxy.js in 72_PROFILING_INFO_
TodoForm-instrumented.js:194 _PROFILING_INFO_start function null from ../subjects/puremvc/js/view/component/TodoForm.js in 168_PROFILING_INFO_
TodoForm-instrumented.js:123 _PROFILING_INFO_start function null from ../subjects/puremvc/js/view/component/TodoForm.js in 100_PROFILING_INFO_
TodoProxy-instrumented.js:99 _PROFILING_INFO_start function null from ../subjects/puremvc/js/model/proxy/TodoProxy.js in 82_PROFILING_INFO_
TodoForm-instrumented.js:46 _PROFILING_INFO_start function null from ../subjects/puremvc/js/view/component/TodoForm.js in 44_PROFILING_INFO_
TodoForm-instrumented.js:106 _PROFILING_INFO_start function null from ../subjects/puremvc/js/view/component/TodoForm.js in 89_PROFILING_INFO_
TodoProxy-instrumented.js:112 _PROFILING_INFO_start function null from ../subjects/puremvc/js/model/proxy/TodoProxy.js in 92_PROFILING_INFO_
