base-instrumented.js:5 _PROFILING_INFO_start function null from ../subjects/rappidjs/node_modules/todomvc-common/base.js in 2_PROFILING_INFO_
base-instrumented.js:11 _PROFILING_INFO_start function null from ../subjects/rappidjs/node_modules/todomvc-common/base.js in 8_PROFILING_INFO_
base-instrumented.js:136 _PROFILING_INFO_start function redirect from ../subjects/rappidjs/node_modules/todomvc-common/base.js in 126_PROFILING_INFO_
base-instrumented.js:153 _PROFILING_INFO_start function getFile from ../subjects/rappidjs/node_modules/todomvc-common/base.js in 137_PROFILING_INFO_
base-instrumented.js:145 _PROFILING_INFO_start function findRoot from ../subjects/rappidjs/node_modules/todomvc-common/base.js in 132_PROFILING_INFO_
base-instrumented.js:160          GET http://localhost:8000/rappidjs/learn.json 404 (File not found)
getFile @ base-instrumented.js:160
(anonymous) @ base-instrumented.js:267
(anonymous) @ base-instrumented.js:268
base-instrumented.js:164 _PROFILING_INFO_start function null from ../subjects/rappidjs/node_modules/todomvc-common/base.js in 147_PROFILING_INFO_
rappidjs.min-instrumented.js:6 _PROFILING_INFO_start function null from ../subjects/rappidjs/app/lib/rappidjs.min.js in 16_PROFILING_INFO_
rappidjs.min-instrumented.js:18 _PROFILING_INFO_start function isArray from ../subjects/rappidjs/app/lib/rappidjs.min.js in 16_PROFILING_INFO_
rappidjs.min-instrumented.js:162 _PROFILING_INFO_start function newContext from ../subjects/rappidjs/app/lib/rappidjs.min.js in 16_PROFILING_INFO_
rappidjs.min-instrumented.js:66 _PROFILING_INFO_start function mixin from ../subjects/rappidjs/app/lib/rappidjs.min.js in 16_PROFILING_INFO_
rappidjs.min-instrumented.js:56 _PROFILING_INFO_start function eachProp from ../subjects/rappidjs/app/lib/rappidjs.min.js in 16_PROFILING_INFO_
rappidjs.min-instrumented.js:292 _PROFILING_INFO_start function y from ../subjects/rappidjs/app/lib/rappidjs.min.js in 16_PROFILING_INFO_
rappidjs.min-instrumented.js:238 _PROFILING_INFO_start function u from ../subjects/rappidjs/app/lib/rappidjs.min.js in 16_PROFILING_INFO_
rappidjs.min-instrumented.js:184 _PROFILING_INFO_start function r from ../subjects/rappidjs/app/lib/rappidjs.min.js in 16_PROFILING_INFO_
rappidjs.min-instrumented.js:261 _PROFILING_INFO_start function v from ../subjects/rappidjs/app/lib/rappidjs.min.js in 16_PROFILING_INFO_
rappidjs.min-instrumented.js:80 _PROFILING_INFO_start function bind from ../subjects/rappidjs/app/lib/rappidjs.min.js in 16_PROFILING_INFO_
rappidjs.min-instrumented.js:25 _PROFILING_INFO_start function each from ../subjects/rappidjs/app/lib/rappidjs.min.js in 16_PROFILING_INFO_
rappidjs.min-instrumented.js:11 _PROFILING_INFO_start function isFunction from ../subjects/rappidjs/app/lib/rappidjs.min.js in 16_PROFILING_INFO_
rappidjs.min-instrumented.js:375 _PROFILING_INFO_start function E from ../subjects/rappidjs/app/lib/rappidjs.min.js in 16_PROFILING_INFO_
rappidjs.min-instrumented.js:130 _PROFILING_INFO_start function addRequireMethods from ../subjects/rappidjs/app/lib/rappidjs.min.js in 16_PROFILING_INFO_
rappidjs.min-instrumented.js:116 _PROFILING_INFO_start function makeContextModuleFunc from ../subjects/rappidjs/app/lib/rappidjs.min.js in 16_PROFILING_INFO_
rappidjs.min-instrumented.js:93 _PROFILING_INFO_start function scripts from ../subjects/rappidjs/app/lib/rappidjs.min.js in 16_PROFILING_INFO_
rappidjs.min-instrumented.js:37 _PROFILING_INFO_start function eachReverse from ../subjects/rappidjs/app/lib/rappidjs.min.js in 16_PROFILING_INFO_
rappidjs.min-instrumented.js:2446 _PROFILING_INFO_start function g from ../subjects/rappidjs/app/lib/rappidjs.min.js in 16_PROFILING_INFO_
rappidjs.min-instrumented.js:419 _PROFILING_INFO_start function F from ../subjects/rappidjs/app/lib/rappidjs.min.js in 16_PROFILING_INFO_
rappidjs.min-instrumented.js:269 _PROFILING_INFO_start function w from ../subjects/rappidjs/app/lib/rappidjs.min.js in 16_PROFILING_INFO_
rappidjs.min-instrumented.js:49 _PROFILING_INFO_start function hasProp from ../subjects/rappidjs/app/lib/rappidjs.min.js in 16_PROFILING_INFO_
rappidjs.min-instrumented.js:302 _PROFILING_INFO_start function z from ../subjects/rappidjs/app/lib/rappidjs.min.js in 16_PROFILING_INFO_
rappidjs.min-instrumented.js:368 _PROFILING_INFO_start function D from ../subjects/rappidjs/app/lib/rappidjs.min.js in 16_PROFILING_INFO_
rappidjs.min-instrumented.js:8255 _PROFILING_INFO_start function n from ../subjects/rappidjs/app/lib/rappidjs.min.js in 16_PROFILING_INFO_
rappidjs.min-instrumented.js:8260 _PROFILING_INFO_start function b from ../subjects/rappidjs/app/lib/rappidjs.min.js in 16_PROFILING_INFO_
rappidjs.min-instrumented.js:324 _PROFILING_INFO_start function B from ../subjects/rappidjs/app/lib/rappidjs.min.js in 16_PROFILING_INFO_
rappidjs.min-instrumented.js:8614 _PROFILING_INFO_start function k from ../subjects/rappidjs/app/lib/rappidjs.min.js in 16_PROFILING_INFO_
rappidjs.min-instrumented.js:8579 _PROFILING_INFO_start function i from ../subjects/rappidjs/app/lib/rappidjs.min.js in 16_PROFILING_INFO_
rappidjs.min-instrumented.js:8645 _PROFILING_INFO_start function l from ../subjects/rappidjs/app/lib/rappidjs.min.js in 16_PROFILING_INFO_
rappidjs.min-instrumented.js:433 _PROFILING_INFO_start function H from ../subjects/rappidjs/app/lib/rappidjs.min.js in 16_PROFILING_INFO_
rappidjs.min-instrumented.js:426 _PROFILING_INFO_start function G from ../subjects/rappidjs/app/lib/rappidjs.min.js in 16_PROFILING_INFO_
rappidjs.min-instrumented.js:8657 _PROFILING_INFO_start function m from ../subjects/rappidjs/app/lib/rappidjs.min.js in 16_PROFILING_INFO_
rappidjs.min-instrumented.js:2698 _PROFILING_INFO_start function A from ../subjects/rappidjs/app/lib/rappidjs.min.js in 16_PROFILING_INFO_
rappidjs.min-instrumented.js:8531 _PROFILING_INFO_start function e from ../subjects/rappidjs/app/lib/rappidjs.min.js in 16_PROFILING_INFO_
rappidjs.min-instrumented.js:8536 _PROFILING_INFO_start function c from ../subjects/rappidjs/app/lib/rappidjs.min.js in 16_PROFILING_INFO_
rappidjs.min-instrumented.js:4372 _PROFILING_INFO_start function f from ../subjects/rappidjs/app/lib/rappidjs.min.js in 16_PROFILING_INFO_
rappidjs.min-instrumented.js:1864 _PROFILING_INFO_start function x from ../subjects/rappidjs/app/lib/rappidjs.min.js in 16_PROFILING_INFO_
rappidjs.min-instrumented.js:1579 _PROFILING_INFO_start function t from ../subjects/rappidjs/app/lib/rappidjs.min.js in 16_PROFILING_INFO_
rappidjs.min-instrumented.js:1536 _PROFILING_INFO_start function s from ../subjects/rappidjs/app/lib/rappidjs.min.js in 16_PROFILING_INFO_
rappidjs.min-instrumented.js:1411 _PROFILING_INFO_start function q from ../subjects/rappidjs/app/lib/rappidjs.min.js in 16_PROFILING_INFO_
rappidjs.min-instrumented.js:1336 _PROFILING_INFO_start function p from ../subjects/rappidjs/app/lib/rappidjs.min.js in 16_PROFILING_INFO_
rappidjs.min-instrumented.js:1266 _PROFILING_INFO_start function o from ../subjects/rappidjs/app/lib/rappidjs.min.js in 16_PROFILING_INFO_
rappidjs.min-instrumented.js:5626 _PROFILING_INFO_start function d from ../subjects/rappidjs/app/lib/rappidjs.min.js in 16_PROFILING_INFO_
