base-instrumented.js:5 _PROFILING_INFO_start function null from ../subjects/riotjs/node_modules/todomvc-common/base.js in 2_PROFILING_INFO_
base-instrumented.js:11 _PROFILING_INFO_start function null from ../subjects/riotjs/node_modules/todomvc-common/base.js in 8_PROFILING_INFO_
base-instrumented.js:136 _PROFILING_INFO_start function redirect from ../subjects/riotjs/node_modules/todomvc-common/base.js in 126_PROFILING_INFO_
base-instrumented.js:153 _PROFILING_INFO_start function getFile from ../subjects/riotjs/node_modules/todomvc-common/base.js in 137_PROFILING_INFO_
base-instrumented.js:145 _PROFILING_INFO_start function findRoot from ../subjects/riotjs/node_modules/todomvc-common/base.js in 132_PROFILING_INFO_
riot+compiler.min-instrumented.js:5 _PROFILING_INFO_start function null from ../subjects/riotjs/node_modules/riot/riot+compiler.min.js in 2_PROFILING_INFO_
riot+compiler.min-instrumented.js:205 _PROFILING_INFO_start function M from ../subjects/riotjs/node_modules/riot/riot+compiler.min.js in 2_PROFILING_INFO_
riot+compiler.min-instrumented.js:73 _PROFILING_INFO_start function r from ../subjects/riotjs/node_modules/riot/riot+compiler.min.js in 2_PROFILING_INFO_
riot+compiler.min-instrumented.js:233 _PROFILING_INFO_start function I from ../subjects/riotjs/node_modules/riot/riot+compiler.min.js in 2_PROFILING_INFO_
riot+compiler.min-instrumented.js:430 _PROFILING_INFO_start function v from ../subjects/riotjs/node_modules/riot/riot+compiler.min.js in 2_PROFILING_INFO_
riot+compiler.min-instrumented.js:411 _PROFILING_INFO_start function m from ../subjects/riotjs/node_modules/riot/riot+compiler.min.js in 2_PROFILING_INFO_
riot+compiler.min-instrumented.js:397 _PROFILING_INFO_start function d from ../subjects/riotjs/node_modules/riot/riot+compiler.min.js in 2_PROFILING_INFO_
riot+compiler.min-instrumented.js:1390 _PROFILING_INFO_start function pe from ../subjects/riotjs/node_modules/riot/riot+compiler.min.js in 2_PROFILING_INFO_
riot+compiler.min-instrumented.js:1261 _PROFILING_INFO_start function te from ../subjects/riotjs/node_modules/riot/riot+compiler.min.js in 2_PROFILING_INFO_
riot+compiler.min-instrumented.js:1443 _PROFILING_INFO_start function ge from ../subjects/riotjs/node_modules/riot/riot+compiler.min.js in 2_PROFILING_INFO_
store-instrumented.js:5 _PROFILING_INFO_start function null from ../subjects/riotjs/js/store.js in 1_PROFILING_INFO_
app-instrumented.js:5 _PROFILING_INFO_start function null from ../subjects/riotjs/js/app.js in 3_PROFILING_INFO_
store-instrumented.js:13 _PROFILING_INFO_start function null from ../subjects/riotjs/js/store.js in 8_PROFILING_INFO_
riot+compiler.min-instrumented.js:2122 _PROFILING_INFO_start function null from ../subjects/riotjs/node_modules/riot/riot+compiler.min.js in 2_PROFILING_INFO_
riot+compiler.min-instrumented.js:1220 _PROFILING_INFO_start function W from ../subjects/riotjs/node_modules/riot/riot+compiler.min.js in 2_PROFILING_INFO_
riot+compiler.min-instrumented.js:1397 _PROFILING_INFO_start function g from ../subjects/riotjs/node_modules/riot/riot+compiler.min.js in 2_PROFILING_INFO_
riot+compiler.min-instrumented.js:1254 _PROFILING_INFO_start function ee from ../subjects/riotjs/node_modules/riot/riot+compiler.min.js in 2_PROFILING_INFO_
riot+compiler.min-instrumented.js:1321 _PROFILING_INFO_start function ie from ../subjects/riotjs/node_modules/riot/riot+compiler.min.js in 2_PROFILING_INFO_
riot+compiler.min-instrumented.js:2045 _PROFILING_INFO_start function p from ../subjects/riotjs/node_modules/riot/riot+compiler.min.js in 2_PROFILING_INFO_
base-instrumented.js:160          GET http://localhost:8000/riotjs/learn.json 404 (File not found)
getFile @ base-instrumented.js:160
(anonymous) @ base-instrumented.js:267
(anonymous) @ base-instrumented.js:268
base-instrumented.js:164 _PROFILING_INFO_start function null from ../subjects/riotjs/node_modules/todomvc-common/base.js in 147_PROFILING_INFO_
riot+compiler.min-instrumented.js:2103 _PROFILING_INFO_start function i from ../subjects/riotjs/node_modules/riot/riot+compiler.min.js in 2_PROFILING_INFO_
riot+compiler.min-instrumented.js:1920 _PROFILING_INFO_start function O from ../subjects/riotjs/node_modules/riot/riot+compiler.min.js in 2_PROFILING_INFO_
riot+compiler.min-instrumented.js:1584 _PROFILING_INFO_start function a from ../subjects/riotjs/node_modules/riot/riot+compiler.min.js in 2_PROFILING_INFO_
riot+compiler.min-instrumented.js:1730 _PROFILING_INFO_start function v from ../subjects/riotjs/node_modules/riot/riot+compiler.min.js in 2_PROFILING_INFO_
riot+compiler.min-instrumented.js:1887 _PROFILING_INFO_start function F from ../subjects/riotjs/node_modules/riot/riot+compiler.min.js in 2_PROFILING_INFO_
riot+compiler.min-instrumented.js:1899 _PROFILING_INFO_start function P from ../subjects/riotjs/node_modules/riot/riot+compiler.min.js in 2_PROFILING_INFO_
riot+compiler.min-instrumented.js:1911 _PROFILING_INFO_start function H from ../subjects/riotjs/node_modules/riot/riot+compiler.min.js in 2_PROFILING_INFO_
riot+compiler.min-instrumented.js:1839 _PROFILING_INFO_start function A from ../subjects/riotjs/node_modules/riot/riot+compiler.min.js in 2_PROFILING_INFO_
riot+compiler.min-instrumented.js:1810 _PROFILING_INFO_start function w from ../subjects/riotjs/node_modules/riot/riot+compiler.min.js in 2_PROFILING_INFO_
riot+compiler.min-instrumented.js:1828 _PROFILING_INFO_start function u from ../subjects/riotjs/node_modules/riot/riot+compiler.min.js in 2_PROFILING_INFO_
riot+compiler.min-instrumented.js:1778 _PROFILING_INFO_start function R from ../subjects/riotjs/node_modules/riot/riot+compiler.min.js in 2_PROFILING_INFO_
riot+compiler.min-instrumented.js:1752 _PROFILING_INFO_start function M from ../subjects/riotjs/node_modules/riot/riot+compiler.min.js in 2_PROFILING_INFO_
riot+compiler.min-instrumented.js:456 _PROFILING_INFO_start function c from ../subjects/riotjs/node_modules/riot/riot+compiler.min.js in 2_PROFILING_INFO_
riot+compiler.min-instrumented.js:463 _PROFILING_INFO_start function f from ../subjects/riotjs/node_modules/riot/riot+compiler.min.js in 2_PROFILING_INFO_
riot+compiler.min-instrumented.js:1740 _PROFILING_INFO_start function L from ../subjects/riotjs/node_modules/riot/riot+compiler.min.js in 2_PROFILING_INFO_
riot+compiler.min-instrumented.js:1765 _PROFILING_INFO_start function T from ../subjects/riotjs/node_modules/riot/riot+compiler.min.js in 2_PROFILING_INFO_
riot+compiler.min-instrumented.js:1880 _PROFILING_INFO_start function k from ../subjects/riotjs/node_modules/riot/riot+compiler.min.js in 2_PROFILING_INFO_
riot+compiler.min-instrumented.js:2059 _PROFILING_INFO_start function d from ../subjects/riotjs/node_modules/riot/riot+compiler.min.js in 2_PROFILING_INFO_
riot+compiler.min-instrumented.js:1390 _PROFILING_INFO_start function pe from ../subjects/riotjs/node_modules/riot/riot+compiler.min.js in 2_PROFILING_INFO_
riot+compiler.min-instrumented.js:2096 _PROFILING_INFO_start function o from ../subjects/riotjs/node_modules/riot/riot+compiler.min.js in 2_PROFILING_INFO_
riot+compiler.min-instrumented.js:73 _PROFILING_INFO_start function r from ../subjects/riotjs/node_modules/riot/riot+compiler.min.js in 2_PROFILING_INFO_
riot+compiler.min-instrumented.js:1227 _PROFILING_INFO_start function X from ../subjects/riotjs/node_modules/riot/riot+compiler.min.js in 2_PROFILING_INFO_
riot+compiler.min-instrumented.js:1211 _PROFILING_INFO_start function Q from ../subjects/riotjs/node_modules/riot/riot+compiler.min.js in 2_PROFILING_INFO_
riot+compiler.min-instrumented.js:1538 _PROFILING_INFO_start function e from ../subjects/riotjs/node_modules/riot/riot+compiler.min.js in 2_PROFILING_INFO_
riot+compiler.min-instrumented.js:967 _PROFILING_INFO_start function U from ../subjects/riotjs/node_modules/riot/riot+compiler.min.js in 2_PROFILING_INFO_
riot+compiler.min-instrumented.js:1354 _PROFILING_INFO_start function ce from ../subjects/riotjs/node_modules/riot/riot+compiler.min.js in 2_PROFILING_INFO_
riot+compiler.min-instrumented.js:1301 _PROFILING_INFO_start function re from ../subjects/riotjs/node_modules/riot/riot+compiler.min.js in 2_PROFILING_INFO_
riot+compiler.min-instrumented.js:1346 _PROFILING_INFO_start function se from ../subjects/riotjs/node_modules/riot/riot+compiler.min.js in 2_PROFILING_INFO_
riot+compiler.min-instrumented.js:877 _PROFILING_INFO_start function Z from ../subjects/riotjs/node_modules/riot/riot+compiler.min.js in 2_PROFILING_INFO_
riot+compiler.min-instrumented.js:1366 _PROFILING_INFO_start function fe from ../subjects/riotjs/node_modules/riot/riot+compiler.min.js in 2_PROFILING_INFO_
riot+compiler.min-instrumented.js:1269 _PROFILING_INFO_start function s from ../subjects/riotjs/node_modules/riot/riot+compiler.min.js in 2_PROFILING_INFO_
riot+compiler.min-instrumented.js:1411 _PROFILING_INFO_start function l from ../subjects/riotjs/node_modules/riot/riot+compiler.min.js in 2_PROFILING_INFO_
riot+compiler.min-instrumented.js:240 _PROFILING_INFO_start function $ from ../subjects/riotjs/node_modules/riot/riot+compiler.min.js in 2_PROFILING_INFO_
riot+compiler.min-instrumented.js:233 _PROFILING_INFO_start function I from ../subjects/riotjs/node_modules/riot/riot+compiler.min.js in 2_PROFILING_INFO_
riot+compiler.min-instrumented.js:175 _PROFILING_INFO_start function N from ../subjects/riotjs/node_modules/riot/riot+compiler.min.js in 2_PROFILING_INFO_
riot+compiler.min-instrumented.js:931 _PROFILING_INFO_start function G from ../subjects/riotjs/node_modules/riot/riot+compiler.min.js in 2_PROFILING_INFO_
riot+compiler.min-instrumented.js:1234 _PROFILING_INFO_start function J from ../subjects/riotjs/node_modules/riot/riot+compiler.min.js in 2_PROFILING_INFO_
riot+compiler.min-instrumented.js:1313 _PROFILING_INFO_start function oe from ../subjects/riotjs/node_modules/riot/riot+compiler.min.js in 2_PROFILING_INFO_
riot+compiler.min-instrumented.js:1017 _PROFILING_INFO_start function y from ../subjects/riotjs/node_modules/riot/riot+compiler.min.js in 2_PROFILING_INFO_
store-instrumented.js:20 _PROFILING_INFO_start function null from ../subjects/riotjs/js/store.js in 11_PROFILING_INFO_
riot+compiler.min-instrumented.js:623 _PROFILING_INFO_start function h from ../subjects/riotjs/node_modules/riot/riot+compiler.min.js in 2_PROFILING_INFO_
riot+compiler.min-instrumented.js:1339 _PROFILING_INFO_start function ue from ../subjects/riotjs/node_modules/riot/riot+compiler.min.js in 2_PROFILING_INFO_
riot+compiler.min-instrumented.js:1261 _PROFILING_INFO_start function te from ../subjects/riotjs/node_modules/riot/riot+compiler.min.js in 2_PROFILING_INFO_
riot+compiler.min-instrumented.js:1332 _PROFILING_INFO_start function ae from ../subjects/riotjs/node_modules/riot/riot+compiler.min.js in 2_PROFILING_INFO_
riot+compiler.min-instrumented.js:1241 _PROFILING_INFO_start function Y from ../subjects/riotjs/node_modules/riot/riot+compiler.min.js in 2_PROFILING_INFO_
riot+compiler.min-instrumented.js:996 _PROFILING_INFO_start function x from ../subjects/riotjs/node_modules/riot/riot+compiler.min.js in 2_PROFILING_INFO_
riot+compiler.min-instrumented.js:1292 _PROFILING_INFO_start function ne from ../subjects/riotjs/node_modules/riot/riot+compiler.min.js in 2_PROFILING_INFO_
