base-instrumented.js:5 _PROFILING_INFO_start function null from ../subjects/serenadejs/node_modules/todomvc-common/base.js in 2_PROFILING_INFO_
base-instrumented.js:11 _PROFILING_INFO_start function null from ../subjects/serenadejs/node_modules/todomvc-common/base.js in 8_PROFILING_INFO_
base-instrumented.js:136 _PROFILING_INFO_start function redirect from ../subjects/serenadejs/node_modules/todomvc-common/base.js in 126_PROFILING_INFO_
base-instrumented.js:153 _PROFILING_INFO_start function getFile from ../subjects/serenadejs/node_modules/todomvc-common/base.js in 137_PROFILING_INFO_
base-instrumented.js:145 _PROFILING_INFO_start function findRoot from ../subjects/serenadejs/node_modules/todomvc-common/base.js in 132_PROFILING_INFO_
director-instrumented.js:5 _PROFILING_INFO_start function null from ../subjects/serenadejs/node_modules/director/build/director.js in 8_PROFILING_INFO_
serenade-instrumented.js:5 _PROFILING_INFO_start function null from ../subjects/serenadejs/js/lib/serenade.js in 9_PROFILING_INFO_
serenade-instrumented.js:15 _PROFILING_INFO_start function t from ../subjects/serenadejs/js/lib/serenade.js in 9_PROFILING_INFO_
serenade-instrumented.js:2845 _PROFILING_INFO_start function r from ../subjects/serenadejs/js/lib/serenade.js in 9_PROFILING_INFO_
serenade-instrumented.js:3516 _PROFILING_INFO_start function e from ../subjects/serenadejs/js/lib/serenade.js in 9_PROFILING_INFO_
app-instrumented.js:5 _PROFILING_INFO_start function null from ../subjects/serenadejs/js/app.js in 2_PROFILING_INFO_
app-instrumented.js:31 _PROFILING_INFO_start function null from ../subjects/serenadejs/js/app.js in 7_PROFILING_INFO_
app-instrumented.js:10 _PROFILING_INFO_start function null from ../subjects/serenadejs/js/app.js in 5_PROFILING_INFO_
app-instrumented.js:19 _PROFILING_INFO_start function ctor from ../subjects/serenadejs/js/app.js in 5_PROFILING_INFO_
serenade-instrumented.js:3894 _PROFILING_INFO_start function null from ../subjects/serenadejs/js/lib/serenade.js in 9_PROFILING_INFO_
serenade-instrumented.js:3516 _PROFILING_INFO_start function e from ../subjects/serenadejs/js/lib/serenade.js in 9_PROFILING_INFO_
app-instrumented.js:76 _PROFILING_INFO_start function null from ../subjects/serenadejs/js/app.js in 46_PROFILING_INFO_
app-instrumented.js:185 _PROFILING_INFO_start function null from ../subjects/serenadejs/js/app.js in 132_PROFILING_INFO_
app-instrumented.js:218 _PROFILING_INFO_start function null from ../subjects/serenadejs/js/app.js in 156_PROFILING_INFO_
app-instrumented.js:82 _PROFILING_INFO_start function App from ../subjects/serenadejs/js/app.js in 49_PROFILING_INFO_
director-instrumented.js:166 _PROFILING_INFO_start function null from ../subjects/serenadejs/node_modules/director/build/director.js in 162_PROFILING_INFO_
director-instrumented.js:441 _PROFILING_INFO_start function null from ../subjects/serenadejs/node_modules/director/build/director.js in 392_PROFILING_INFO_
director-instrumented.js:843 _PROFILING_INFO_start function null from ../subjects/serenadejs/node_modules/director/build/director.js in 690_PROFILING_INFO_
director-instrumented.js:856 _PROFILING_INFO_start function insertOrMount from ../subjects/serenadejs/node_modules/director/build/director.js in 699_PROFILING_INFO_
director-instrumented.js:417 _PROFILING_INFO_start function terminator from ../subjects/serenadejs/node_modules/director/build/director.js in 370_PROFILING_INFO_
director-instrumented.js:253 _PROFILING_INFO_start function null from ../subjects/serenadejs/node_modules/director/build/director.js in 252_PROFILING_INFO_
director-instrumented.js:736 _PROFILING_INFO_start function null from ../subjects/serenadejs/node_modules/director/build/director.js in 611_PROFILING_INFO_
director-instrumented.js:742 _PROFILING_INFO_start function null from ../subjects/serenadejs/node_modules/director/build/director.js in 613_PROFILING_INFO_
director-instrumented.js:189 _PROFILING_INFO_start function null from ../subjects/serenadejs/node_modules/director/build/director.js in 180_PROFILING_INFO_
director-instrumented.js:44 _PROFILING_INFO_start function null from ../subjects/serenadejs/node_modules/director/build/director.js in 48_PROFILING_INFO_
director-instrumented.js:11 _PROFILING_INFO_start function dlocHashEmpty from ../subjects/serenadejs/node_modules/director/build/director.js in 20_PROFILING_INFO_
app-instrumented.js:190 _PROFILING_INFO_start function AppController from ../subjects/serenadejs/js/app.js in 133_PROFILING_INFO_
serenade-instrumented.js:2769 _PROFILING_INFO_start function m from ../subjects/serenadejs/js/lib/serenade.js in 9_PROFILING_INFO_
serenade-instrumented.js:3144 _PROFILING_INFO_start function i from ../subjects/serenadejs/js/lib/serenade.js in 9_PROFILING_INFO_
serenade-instrumented.js:4335 _PROFILING_INFO_start function t from ../subjects/serenadejs/js/lib/serenade.js in 9_PROFILING_INFO_
base-instrumented.js:160          GET http://localhost:8000/serenadejs/learn.json 404 (File not found)
getFile @ base-instrumented.js:160
(anonymous) @ base-instrumented.js:267
(anonymous) @ base-instrumented.js:268
base-instrumented.js:164 _PROFILING_INFO_start function null from ../subjects/serenadejs/node_modules/todomvc-common/base.js in 147_PROFILING_INFO_
app-instrumented.js:270 _PROFILING_INFO_start function null from ../subjects/serenadejs/js/app.js in 192_PROFILING_INFO_
app-instrumented.js:197 _PROFILING_INFO_start function null from ../subjects/serenadejs/js/app.js in 137_PROFILING_INFO_
app-instrumented.js:93 _PROFILING_INFO_start function null from ../subjects/serenadejs/js/app.js in 57_PROFILING_INFO_
app-instrumented.js:37 _PROFILING_INFO_start function Todo from ../subjects/serenadejs/js/app.js in 10_PROFILING_INFO_
app-instrumented.js:58 _PROFILING_INFO_start function null from ../subjects/serenadejs/js/app.js in 31_PROFILING_INFO_
app-instrumented.js:123 _PROFILING_INFO_start function null from ../subjects/serenadejs/js/app.js in 83_PROFILING_INFO_
app-instrumented.js:148 _PROFILING_INFO_start function null from ../subjects/serenadejs/js/app.js in 105_PROFILING_INFO_
app-instrumented.js:223 _PROFILING_INFO_start function TodoController from ../subjects/serenadejs/js/app.js in 157_PROFILING_INFO_
app-instrumented.js:260 _PROFILING_INFO_start function null from ../subjects/serenadejs/js/app.js in 182_PROFILING_INFO_
app-instrumented.js:110 _PROFILING_INFO_start function null from ../subjects/serenadejs/js/app.js in 73_PROFILING_INFO_
app-instrumented.js:157 _PROFILING_INFO_start function null from ../subjects/serenadejs/js/app.js in 111_PROFILING_INFO_
app-instrumented.js:166 _PROFILING_INFO_start function null from ../subjects/serenadejs/js/app.js in 117_PROFILING_INFO_
app-instrumented.js:175 _PROFILING_INFO_start function null from ../subjects/serenadejs/js/app.js in 123_PROFILING_INFO_
app-instrumented.js:237 _PROFILING_INFO_start function null from ../subjects/serenadejs/js/app.js in 165_PROFILING_INFO_
app-instrumented.js:245 _PROFILING_INFO_start function null from ../subjects/serenadejs/js/app.js in 170_PROFILING_INFO_
director-instrumented.js:54 _PROFILING_INFO_start function onchange from ../subjects/serenadejs/node_modules/director/build/director.js in 56_PROFILING_INFO_
director-instrumented.js:195 _PROFILING_INFO_start function null from ../subjects/serenadejs/node_modules/director/build/director.js in 183_PROFILING_INFO_
director-instrumented.js:535 _PROFILING_INFO_start function null from ../subjects/serenadejs/node_modules/director/build/director.js in 462_PROFILING_INFO_
director-instrumented.js:621 _PROFILING_INFO_start function null from ../subjects/serenadejs/node_modules/director/build/director.js in 526_PROFILING_INFO_
director-instrumented.js:627 _PROFILING_INFO_start function filterRoutes from ../subjects/serenadejs/node_modules/director/build/director.js in 528_PROFILING_INFO_
director-instrumented.js:555 _PROFILING_INFO_start function updateAndInvoke from ../subjects/serenadejs/node_modules/director/build/director.js in 478_PROFILING_INFO_
director-instrumented.js:830 _PROFILING_INFO_start function null from ../subjects/serenadejs/node_modules/director/build/director.js in 680_PROFILING_INFO_
director-instrumented.js:326 _PROFILING_INFO_start function _flatten from ../subjects/serenadejs/node_modules/director/build/director.js in 304_PROFILING_INFO_
director-instrumented.js:576 _PROFILING_INFO_start function null from ../subjects/serenadejs/node_modules/director/build/director.js in 496_PROFILING_INFO_
director-instrumented.js:315 _PROFILING_INFO_start function _every from ../subjects/serenadejs/node_modules/director/build/director.js in 296_PROFILING_INFO_
director-instrumented.js:605 _PROFILING_INFO_start function null from ../subjects/serenadejs/node_modules/director/build/director.js in 513_PROFILING_INFO_
app-instrumented.js:285 _PROFILING_INFO_start function null from ../subjects/serenadejs/js/app.js in 200_PROFILING_INFO_
app-instrumented.js:292 _PROFILING_INFO_start function null from ../subjects/serenadejs/js/app.js in 203_PROFILING_INFO_
app-instrumented.js:209 _PROFILING_INFO_start function null from ../subjects/serenadejs/js/app.js in 148_PROFILING_INFO_
app-instrumented.js:278 _PROFILING_INFO_start function null from ../subjects/serenadejs/js/app.js in 197_PROFILING_INFO_
app-instrumented.js:230 _PROFILING_INFO_start function null from ../subjects/serenadejs/js/app.js in 161_PROFILING_INFO_
app-instrumented.js:67 _PROFILING_INFO_start function null from ../subjects/serenadejs/js/app.js in 38_PROFILING_INFO_
app-instrumented.js:130 _PROFILING_INFO_start function null from ../subjects/serenadejs/js/app.js in 86_PROFILING_INFO_
