base-instrumented.js:5 _PROFILING_INFO_start function null from ../subjects/somajs_require/node_modules/todomvc-common/base.js in 2_PROFILING_INFO_
base-instrumented.js:11 _PROFILING_INFO_start function null from ../subjects/somajs_require/node_modules/todomvc-common/base.js in 8_PROFILING_INFO_
base-instrumented.js:136 _PROFILING_INFO_start function redirect from ../subjects/somajs_require/node_modules/todomvc-common/base.js in 126_PROFILING_INFO_
base-instrumented.js:153 _PROFILING_INFO_start function getFile from ../subjects/somajs_require/node_modules/todomvc-common/base.js in 137_PROFILING_INFO_
base-instrumented.js:145 _PROFILING_INFO_start function findRoot from ../subjects/somajs_require/node_modules/todomvc-common/base.js in 132_PROFILING_INFO_
require-instrumented.js:6 _PROFILING_INFO_start function null from ../subjects/somajs_require/node_modules/requirejs/require.js in 12_PROFILING_INFO_
require-instrumented.js:1404 _PROFILING_INFO_start function null from ../subjects/somajs_require/node_modules/requirejs/require.js in 1758_PROFILING_INFO_
require-instrumented.js:19 _PROFILING_INFO_start function isArray from ../subjects/somajs_require/node_modules/requirejs/require.js in 44_PROFILING_INFO_
require-instrumented.js:61 _PROFILING_INFO_start function getOwn from ../subjects/somajs_require/node_modules/requirejs/require.js in 82_PROFILING_INFO_
require-instrumented.js:54 _PROFILING_INFO_start function hasProp from ../subjects/somajs_require/node_modules/requirejs/require.js in 78_PROFILING_INFO_
require-instrumented.js:179 _PROFILING_INFO_start function newContext from ../subjects/somajs_require/node_modules/requirejs/require.js in 196_PROFILING_INFO_
require-instrumented.js:1153 _PROFILING_INFO_start function null from ../subjects/somajs_require/node_modules/requirejs/require.js in 1395_PROFILING_INFO_
require-instrumented.js:82 _PROFILING_INFO_start function mixin from ../subjects/somajs_require/node_modules/requirejs/require.js in 106_PROFILING_INFO_
require-instrumented.js:68 _PROFILING_INFO_start function eachProp from ../subjects/somajs_require/node_modules/requirejs/require.js in 91_PROFILING_INFO_
require-instrumented.js:88 _PROFILING_INFO_start function null from ../subjects/somajs_require/node_modules/requirejs/require.js in 108_PROFILING_INFO_
require-instrumented.js:1043 _PROFILING_INFO_start function null from ../subjects/somajs_require/node_modules/requirejs/require.js in 1283_PROFILING_INFO_
require-instrumented.js:1159 _PROFILING_INFO_start function localRequire from ../subjects/somajs_require/node_modules/requirejs/require.js in 1398_PROFILING_INFO_
require-instrumented.js:1014 _PROFILING_INFO_start function intakeDefines from ../subjects/somajs_require/node_modules/requirejs/require.js in 1245_PROFILING_INFO_
require-instrumented.js:423 _PROFILING_INFO_start function takeGlobalQueue from ../subjects/somajs_require/node_modules/requirejs/require.js in 553_PROFILING_INFO_
require-instrumented.js:1439 _PROFILING_INFO_start function null from ../subjects/somajs_require/node_modules/requirejs/require.js in 1808_PROFILING_INFO_
require-instrumented.js:26 _PROFILING_INFO_start function each from ../subjects/somajs_require/node_modules/requirejs/require.js in 52_PROFILING_INFO_
require-instrumented.js:1468 _PROFILING_INFO_start function null from ../subjects/somajs_require/node_modules/requirejs/require.js in 1838_PROFILING_INFO_
require-instrumented.js:120 _PROFILING_INFO_start function scripts from ../subjects/somajs_require/node_modules/requirejs/require.js in 135_PROFILING_INFO_
require-instrumented.js:40 _PROFILING_INFO_start function eachReverse from ../subjects/somajs_require/node_modules/requirejs/require.js in 67_PROFILING_INFO_
require-instrumented.js:1559 _PROFILING_INFO_start function null from ../subjects/somajs_require/node_modules/requirejs/require.js in 1995_PROFILING_INFO_
require-instrumented.js:1059 _PROFILING_INFO_start function null from ../subjects/somajs_require/node_modules/requirejs/require.js in 1301_PROFILING_INFO_
base-instrumented.js:160          GET http://localhost:8000/somajs_require/learn.json 404 (File not found)
getFile @ base-instrumented.js:160
(anonymous) @ base-instrumented.js:267
(anonymous) @ base-instrumented.js:268
base-instrumented.js:164 _PROFILING_INFO_start function null from ../subjects/somajs_require/node_modules/todomvc-common/base.js in 147_PROFILING_INFO_
require-instrumented.js:1186 _PROFILING_INFO_start function null from ../subjects/somajs_require/node_modules/requirejs/require.js in 1442_PROFILING_INFO_
require-instrumented.js:314 _PROFILING_INFO_start function makeModuleMap from ../subjects/somajs_require/node_modules/requirejs/require.js in 413_PROFILING_INFO_
require-instrumented.js:299 _PROFILING_INFO_start function splitPrefix from ../subjects/somajs_require/node_modules/requirejs/require.js in 388_PROFILING_INFO_
require-instrumented.js:214 _PROFILING_INFO_start function normalize from ../subjects/somajs_require/node_modules/requirejs/require.js in 266_PROFILING_INFO_
require-instrumented.js:193 _PROFILING_INFO_start function trimDots from ../subjects/somajs_require/node_modules/requirejs/require.js in 233_PROFILING_INFO_
require-instrumented.js:1311 _PROFILING_INFO_start function null from ../subjects/somajs_require/node_modules/requirejs/require.js in 1618_PROFILING_INFO_
require-instrumented.js:365 _PROFILING_INFO_start function getModule from ../subjects/somajs_require/node_modules/requirejs/require.js in 494_PROFILING_INFO_
require-instrumented.js:595 _PROFILING_INFO_start function null from ../subjects/somajs_require/node_modules/requirejs/require.js in 722_PROFILING_INFO_
require-instrumented.js:610 _PROFILING_INFO_start function null from ../subjects/somajs_require/node_modules/requirejs/require.js in 739_PROFILING_INFO_
require-instrumented.js:886 _PROFILING_INFO_start function null from ../subjects/somajs_require/node_modules/requirejs/require.js in 1103_PROFILING_INFO_
require-instrumented.js:107 _PROFILING_INFO_start function bind from ../subjects/somajs_require/node_modules/requirejs/require.js in 129_PROFILING_INFO_
require-instrumented.js:686 _PROFILING_INFO_start function null from ../subjects/somajs_require/node_modules/requirejs/require.js in 837_PROFILING_INFO_
require-instrumented.js:12 _PROFILING_INFO_start function isFunction from ../subjects/somajs_require/node_modules/requirejs/require.js in 40_PROFILING_INFO_
require-instrumented.js:492 _PROFILING_INFO_start function cleanRegistry from ../subjects/somajs_require/node_modules/requirejs/require.js in 601_PROFILING_INFO_
require-instrumented.js:962 _PROFILING_INFO_start function null from ../subjects/somajs_require/node_modules/requirejs/require.js in 1188_PROFILING_INFO_
require-instrumented.js:528 _PROFILING_INFO_start function checkLoaded from ../subjects/somajs_require/node_modules/requirejs/require.js in 635_PROFILING_INFO_
require-instrumented.js:112 _PROFILING_INFO_start function null from ../subjects/somajs_require/node_modules/requirejs/require.js in 130_PROFILING_INFO_
require-instrumented.js:894 _PROFILING_INFO_start function null from ../subjects/somajs_require/node_modules/requirejs/require.js in 1114_PROFILING_INFO_
require-instrumented.js:376 _PROFILING_INFO_start function on from ../subjects/somajs_require/node_modules/requirejs/require.js in 505_PROFILING_INFO_
require-instrumented.js:951 _PROFILING_INFO_start function null from ../subjects/somajs_require/node_modules/requirejs/require.js in 1180_PROFILING_INFO_
require-instrumented.js:1262 _PROFILING_INFO_start function null from ../subjects/somajs_require/node_modules/requirejs/require.js in 1547_PROFILING_INFO_
require-instrumented.js:652 _PROFILING_INFO_start function null from ../subjects/somajs_require/node_modules/requirejs/require.js in 799_PROFILING_INFO_
require-instrumented.js:675 _PROFILING_INFO_start function null from ../subjects/somajs_require/node_modules/requirejs/require.js in 823_PROFILING_INFO_
require-instrumented.js:1346 _PROFILING_INFO_start function null from ../subjects/somajs_require/node_modules/requirejs/require.js in 1678_PROFILING_INFO_
require-instrumented.js:1501 _PROFILING_INFO_start function null from ../subjects/somajs_require/node_modules/requirejs/require.js in 1888_PROFILING_INFO_
require-instrumented.js:1490 _PROFILING_INFO_start function null from ../subjects/somajs_require/node_modules/requirejs/require.js in 1869_PROFILING_INFO_
require-instrumented.js:538 _PROFILING_INFO_start function null from ../subjects/somajs_require/node_modules/requirejs/require.js in 653_PROFILING_INFO_
require-instrumented.js:1432 _PROFILING_INFO_start function null from ../subjects/somajs_require/node_modules/requirejs/require.js in 1798_PROFILING_INFO_
require-instrumented.js:1091 _PROFILING_INFO_start function null from ../subjects/somajs_require/node_modules/requirejs/require.js in 1325_PROFILING_INFO_
require-instrumented.js:1135 _PROFILING_INFO_start function null from ../subjects/somajs_require/node_modules/requirejs/require.js in 1384_PROFILING_INFO_
require-instrumented.js:1122 _PROFILING_INFO_start function null from ../subjects/somajs_require/node_modules/requirejs/require.js in 1367_PROFILING_INFO_
require-instrumented.js:1360 _PROFILING_INFO_start function null from ../subjects/somajs_require/node_modules/requirejs/require.js in 1699_PROFILING_INFO_
require-instrumented.js:1001 _PROFILING_INFO_start function getScriptData from ../subjects/somajs_require/node_modules/requirejs/require.js in 1229_PROFILING_INFO_
require-instrumented.js:988 _PROFILING_INFO_start function removeListener from ../subjects/somajs_require/node_modules/requirejs/require.js in 1208_PROFILING_INFO_
require-instrumented.js:1272 _PROFILING_INFO_start function null from ../subjects/somajs_require/node_modules/requirejs/require.js in 1560_PROFILING_INFO_
require-instrumented.js:979 _PROFILING_INFO_start function callGetModule from ../subjects/somajs_require/node_modules/requirejs/require.js in 1201_PROFILING_INFO_
require-instrumented.js:967 _PROFILING_INFO_start function null from ../subjects/somajs_require/node_modules/requirejs/require.js in 1189_PROFILING_INFO_
require-instrumented.js:909 _PROFILING_INFO_start function null from ../subjects/somajs_require/node_modules/requirejs/require.js in 1135_PROFILING_INFO_
require-instrumented.js:641 _PROFILING_INFO_start function null from ../subjects/somajs_require/node_modules/requirejs/require.js in 789_PROFILING_INFO_
require-instrumented.js:1585 _PROFILING_INFO_start function null from ../subjects/somajs_require/node_modules/requirejs/require.js in 2045_PROFILING_INFO_
require-instrumented.js:429 _PROFILING_INFO_start function null from ../subjects/somajs_require/node_modules/requirejs/require.js in 556_PROFILING_INFO_
require-instrumented.js:1353 _PROFILING_INFO_start function null from ../subjects/somajs_require/node_modules/requirejs/require.js in 1689_PROFILING_INFO_
require-instrumented.js:664 _PROFILING_INFO_start function null from ../subjects/somajs_require/node_modules/requirejs/require.js in 814_PROFILING_INFO_
require-instrumented.js:1140 _PROFILING_INFO_start function fn from ../subjects/somajs_require/node_modules/requirejs/require.js in 1385_PROFILING_INFO_
require-instrumented.js:134 _PROFILING_INFO_start function getGlobal from ../subjects/somajs_require/node_modules/requirejs/require.js in 145_PROFILING_INFO_
require-instrumented.js:143 _PROFILING_INFO_start function null from ../subjects/somajs_require/node_modules/requirejs/require.js in 150_PROFILING_INFO_
require-instrumented.js:583 _PROFILING_INFO_start function null from ../subjects/somajs_require/node_modules/requirejs/require.js in 712_PROFILING_INFO_
