base-instrumented.js:5 _PROFILING_INFO_start function null from ../subjects/spine/node_modules/todomvc-common/base.js in 2_PROFILING_INFO_
base-instrumented.js:11 _PROFILING_INFO_start function null from ../subjects/spine/node_modules/todomvc-common/base.js in 8_PROFILING_INFO_
base-instrumented.js:136 _PROFILING_INFO_start function redirect from ../subjects/spine/node_modules/todomvc-common/base.js in 126_PROFILING_INFO_
base-instrumented.js:153 _PROFILING_INFO_start function getFile from ../subjects/spine/node_modules/todomvc-common/base.js in 137_PROFILING_INFO_
base-instrumented.js:145 _PROFILING_INFO_start function findRoot from ../subjects/spine/node_modules/todomvc-common/base.js in 132_PROFILING_INFO_
​ _PROFILING_INFO_start function null from ../subjects/spine/node_modules/jquery/dist/jquery.js in 15_PROFILING_INFO_
​ _PROFILING_INFO_start function null from ../subjects/spine/node_modules/jquery/dist/jquery.js in 38_PROFILING_INFO_
​ _PROFILING_INFO_start function null from ../subjects/spine/node_modules/jquery/dist/jquery.js in 175_PROFILING_INFO_
​ _PROFILING_INFO_start function null from ../subjects/spine/node_modules/jquery/dist/jquery.js in 364_PROFILING_INFO_
​ _PROFILING_INFO_start function isArrayLike from ../subjects/spine/node_modules/jquery/dist/jquery.js in 563_PROFILING_INFO_
​ _PROFILING_INFO_start function null from ../subjects/spine/node_modules/jquery/dist/jquery.js in 331_PROFILING_INFO_
​ _PROFILING_INFO_start function null from ../subjects/spine/node_modules/jquery/dist/jquery.js in 269_PROFILING_INFO_
​ _PROFILING_INFO_start function null from ../subjects/spine/node_modules/jquery/dist/jquery.js in 559_PROFILING_INFO_
​ _PROFILING_INFO_start function null from ../subjects/spine/node_modules/jquery/dist/jquery.js in 590_PROFILING_INFO_
​ _PROFILING_INFO_start function createCache from ../subjects/spine/node_modules/jquery/dist/jquery.js in 912_PROFILING_INFO_
​ _PROFILING_INFO_start function markFunction from ../subjects/spine/node_modules/jquery/dist/jquery.js in 930_PROFILING_INFO_
​ _PROFILING_INFO_start function createPositionalPseudo from ../subjects/spine/node_modules/jquery/dist/jquery.js in 1025_PROFILING_INFO_
​ _PROFILING_INFO_start function createInputPseudo from ../subjects/spine/node_modules/jquery/dist/jquery.js in 1003_PROFILING_INFO_
​ _PROFILING_INFO_start function createButtonPseudo from ../subjects/spine/node_modules/jquery/dist/jquery.js in 1014_PROFILING_INFO_
​ _PROFILING_INFO_start function setFilters from ../subjects/spine/node_modules/jquery/dist/jquery.js in 2093_PROFILING_INFO_
​ _PROFILING_INFO_start function null from ../subjects/spine/node_modules/jquery/dist/jquery.js in 622_PROFILING_INFO_
​ _PROFILING_INFO_start function null from ../subjects/spine/node_modules/jquery/dist/jquery.js in 1072_PROFILING_INFO_
​ _PROFILING_INFO_start function null from ../subjects/spine/node_modules/jquery/dist/jquery.js in 1060_PROFILING_INFO_
​ _PROFILING_INFO_start function assert from ../subjects/spine/node_modules/jquery/dist/jquery.js in 939_PROFILING_INFO_
​ _PROFILING_INFO_start function null from ../subjects/spine/node_modules/jquery/dist/jquery.js in 1105_PROFILING_INFO_
​ _PROFILING_INFO_start function null from ../subjects/spine/node_modules/jquery/dist/jquery.js in 1114_PROFILING_INFO_
​ _PROFILING_INFO_start function null from ../subjects/spine/node_modules/jquery/dist/jquery.js in 1126_PROFILING_INFO_
​ _PROFILING_INFO_start function null from ../subjects/spine/node_modules/jquery/dist/jquery.js in 1217_PROFILING_INFO_
​ _PROFILING_INFO_start function null from ../subjects/spine/node_modules/jquery/dist/jquery.js in 1261_PROFILING_INFO_
​ _PROFILING_INFO_start function null from ../subjects/spine/node_modules/jquery/dist/jquery.js in 1292_PROFILING_INFO_
​ _PROFILING_INFO_start function null from ../subjects/spine/node_modules/jquery/dist/jquery.js in 2662_PROFILING_INFO_
​ _PROFILING_INFO_start function null from ../subjects/spine/node_modules/jquery/dist/jquery.js in 2670_PROFILING_INFO_
​ _PROFILING_INFO_start function null from ../subjects/spine/node_modules/jquery/dist/jquery.js in 2683_PROFILING_INFO_
​ _PROFILING_INFO_start function null from ../subjects/spine/node_modules/jquery/dist/jquery.js in 2697_PROFILING_INFO_
​ _PROFILING_INFO_start function null from ../subjects/spine/node_modules/jquery/dist/jquery.js in 71_PROFILING_INFO_
​ _PROFILING_INFO_start function null from ../subjects/spine/node_modules/jquery/dist/jquery.js in 2866_PROFILING_INFO_
​ _PROFILING_INFO_start function null from ../subjects/spine/node_modules/jquery/dist/jquery.js in 3126_PROFILING_INFO_
​ _PROFILING_INFO_start function null from ../subjects/spine/node_modules/jquery/dist/jquery.js in 3621_PROFILING_INFO_
​ _PROFILING_INFO_start function null from ../subjects/spine/node_modules/jquery/dist/jquery.js in 3386_PROFILING_INFO_
​ _PROFILING_INFO_start function null from ../subjects/spine/node_modules/jquery/dist/jquery.js in 3189_PROFILING_INFO_
​ _PROFILING_INFO_start function createOptions from ../subjects/spine/node_modules/jquery/dist/jquery.js in 3159_PROFILING_INFO_
​ _PROFILING_INFO_start function null from ../subjects/spine/node_modules/jquery/dist/jquery.js in 3161_PROFILING_INFO_
​ _PROFILING_INFO_start function null from ../subjects/spine/node_modules/jquery/dist/jquery.js in 3441_PROFILING_INFO_
​ _PROFILING_INFO_start function null from ../subjects/spine/node_modules/jquery/dist/jquery.js in 3267_PROFILING_INFO_
​ _PROFILING_INFO_start function add from ../subjects/spine/node_modules/jquery/dist/jquery.js in 3276_PROFILING_INFO_
​ _PROFILING_INFO_start function null from ../subjects/spine/node_modules/jquery/dist/jquery.js in 3277_PROFILING_INFO_
​ _PROFILING_INFO_start function null from ../subjects/spine/node_modules/jquery/dist/jquery.js in 261_PROFILING_INFO_
​ _PROFILING_INFO_start function null from ../subjects/spine/node_modules/jquery/dist/jquery.js in 3431_PROFILING_INFO_
​ _PROFILING_INFO_start function null from ../subjects/spine/node_modules/jquery/dist/jquery.js in 393_PROFILING_INFO_
​ _PROFILING_INFO_start function null from ../subjects/spine/node_modules/jquery/dist/jquery.js in 3539_PROFILING_INFO_
​ _PROFILING_INFO_start function null from ../subjects/spine/node_modules/jquery/dist/jquery.js in 3747_PROFILING_INFO_
​ _PROFILING_INFO_start function null from ../subjects/spine/node_modules/jquery/dist/jquery.js in 4247_PROFILING_INFO_
​ _PROFILING_INFO_start function null from ../subjects/spine/node_modules/jquery/dist/jquery.js in 4459_PROFILING_INFO_
​ _PROFILING_INFO_start function null from ../subjects/spine/node_modules/jquery/dist/jquery.js in 4732_PROFILING_INFO_
​ _PROFILING_INFO_start function null from ../subjects/spine/node_modules/jquery/dist/jquery.js in 5625_PROFILING_INFO_
​ _PROFILING_INFO_start function null from ../subjects/spine/node_modules/jquery/dist/jquery.js in 5781_PROFILING_INFO_
​ _PROFILING_INFO_start function createSafeFragment from ../subjects/spine/node_modules/jquery/dist/jquery.js in 4444_PROFILING_INFO_
​ _PROFILING_INFO_start function null from ../subjects/spine/node_modules/jquery/dist/jquery.js in 6405_PROFILING_INFO_
​ _PROFILING_INFO_start function null from ../subjects/spine/node_modules/jquery/dist/jquery.js in 6518_PROFILING_INFO_
​ _PROFILING_INFO_start function null from ../subjects/spine/node_modules/jquery/dist/jquery.js in 7189_PROFILING_INFO_
​ _PROFILING_INFO_start function addGetHookIf from ../subjects/spine/node_modules/jquery/dist/jquery.js in 6819_PROFILING_INFO_
​ _PROFILING_INFO_start function null from ../subjects/spine/node_modules/jquery/dist/jquery.js in 7306_PROFILING_INFO_
​ _PROFILING_INFO_start function null from ../subjects/spine/node_modules/jquery/dist/jquery.js in 8034_PROFILING_INFO_
​ _PROFILING_INFO_start function genFx from ../subjects/spine/node_modules/jquery/dist/jquery.js in 7506_PROFILING_INFO_
​ _PROFILING_INFO_start function null from ../subjects/spine/node_modules/jquery/dist/jquery.js in 8051_PROFILING_INFO_
​ _PROFILING_INFO_start function null from ../subjects/spine/node_modules/jquery/dist/jquery.js in 8126_PROFILING_INFO_
​ _PROFILING_INFO_start function null from ../subjects/spine/node_modules/jquery/dist/jquery.js in 8358_PROFILING_INFO_
​ _PROFILING_INFO_start function null from ../subjects/spine/node_modules/jquery/dist/jquery.js in 8517_PROFILING_INFO_
​ _PROFILING_INFO_start function null from ../subjects/spine/node_modules/jquery/dist/jquery.js in 8789_PROFILING_INFO_
​ _PROFILING_INFO_start function null from ../subjects/spine/node_modules/jquery/dist/jquery.js in 8977_PROFILING_INFO_
​ _PROFILING_INFO_start function null from ../subjects/spine/node_modules/jquery/dist/jquery.js in 538_PROFILING_INFO_
​ _PROFILING_INFO_start function addToPrefiltersOrTransports from ../subjects/spine/node_modules/jquery/dist/jquery.js in 9115_PROFILING_INFO_
​ _PROFILING_INFO_start function null from ../subjects/spine/node_modules/jquery/dist/jquery.js in 9879_PROFILING_INFO_
​ _PROFILING_INFO_start function createStandardXHR from ../subjects/spine/node_modules/jquery/dist/jquery.js in 10346_PROFILING_INFO_
​ _PROFILING_INFO_start function null from ../subjects/spine/node_modules/jquery/dist/jquery.js in 9118_PROFILING_INFO_
​ _PROFILING_INFO_start function null from ../subjects/spine/node_modules/jquery/dist/jquery.js in 9430_PROFILING_INFO_
​ _PROFILING_INFO_start function ajaxExtend from ../subjects/spine/node_modules/jquery/dist/jquery.js in 9178_PROFILING_INFO_
​ _PROFILING_INFO_start function null from ../subjects/spine/node_modules/jquery/dist/jquery.js in 292_PROFILING_INFO_
​ _PROFILING_INFO_start function null from ../subjects/spine/node_modules/jquery/dist/jquery.js in 10660_PROFILING_INFO_
​ _PROFILING_INFO_start function null from ../subjects/spine/node_modules/jquery/dist/jquery.js in 10832_PROFILING_INFO_
​ _PROFILING_INFO_start function null from ../subjects/spine/node_modules/jquery/dist/jquery.js in 10863_PROFILING_INFO_
​ _PROFILING_INFO_start function null from ../subjects/spine/node_modules/jquery/dist/jquery.js in 10880_PROFILING_INFO_
​ _PROFILING_INFO_start function null from ../subjects/spine/node_modules/jquery/dist/jquery.js in 10882_PROFILING_INFO_
​  GET http://localhost:8000/spine/learn.json 404 (File not found)
getFile @ base-instrumented.js:160
(anonymous) @ base-instrumented.js:267
(anonymous) @ base-instrumented.js:268
​ _PROFILING_INFO_start function null from ../subjects/spine/node_modules/todomvc-common/base.js in 147_PROFILING_INFO_
​ _PROFILING_INFO_start function null from ../subjects/spine/node_modules/handlebars/dist/handlebars.js in 28_PROFILING_INFO_
​ _PROFILING_INFO_start function null from ../subjects/spine/node_modules/handlebars/dist/handlebars.js in 30_PROFILING_INFO_
​ _PROFILING_INFO_start function null from ../subjects/spine/node_modules/handlebars/dist/handlebars.js in 47_PROFILING_INFO_
​ _PROFILING_INFO_start function null from ../subjects/spine/node_modules/handlebars/dist/handlebars.js in 81_PROFILING_INFO_
​ _PROFILING_INFO_start function null from ../subjects/spine/node_modules/handlebars/dist/handlebars.js in 129_PROFILING_INFO_
​ _PROFILING_INFO_start function null from ../subjects/spine/node_modules/handlebars/dist/handlebars.js in 163_PROFILING_INFO_
​ _PROFILING_INFO_start function null from ../subjects/spine/node_modules/handlebars/dist/handlebars.js in 349_PROFILING_INFO_
​ _PROFILING_INFO_start function null from ../subjects/spine/node_modules/handlebars/dist/handlebars.js in 492_PROFILING_INFO_
​ _PROFILING_INFO_start function null from ../subjects/spine/node_modules/handlebars/dist/handlebars.js in 506_PROFILING_INFO_
​ _PROFILING_INFO_start function HandlebarsEnvironment from ../subjects/spine/node_modules/handlebars/dist/handlebars.js in 184_PROFILING_INFO_
​ _PROFILING_INFO_start function registerDefaultHelpers from ../subjects/spine/node_modules/handlebars/dist/handlebars.js in 216_PROFILING_INFO_
​ _PROFILING_INFO_start function null from ../subjects/spine/node_modules/handlebars/dist/handlebars.js in 197_PROFILING_INFO_
​ _PROFILING_INFO_start function extend from ../subjects/spine/node_modules/handlebars/dist/handlebars.js in 69_PROFILING_INFO_
​ _PROFILING_INFO_start function null from ../subjects/spine/node_modules/handlebars/dist/handlebars.js in 530_PROFILING_INFO_
​ _PROFILING_INFO_start function null from ../subjects/spine/node_modules/handlebars/dist/handlebars.js in 763_PROFILING_INFO_
​ _PROFILING_INFO_start function null from ../subjects/spine/node_modules/handlebars/dist/handlebars.js in 768_PROFILING_INFO_
​ _PROFILING_INFO_start function null from ../subjects/spine/node_modules/handlebars/dist/handlebars.js in 987_PROFILING_INFO_
​ _PROFILING_INFO_start function Parser from ../subjects/spine/node_modules/handlebars/dist/handlebars.js in 1251_PROFILING_INFO_
​ _PROFILING_INFO_start function null from ../subjects/spine/node_modules/handlebars/dist/handlebars.js in 1259_PROFILING_INFO_
​ _PROFILING_INFO_start function null from ../subjects/spine/node_modules/handlebars/dist/handlebars.js in 1280_PROFILING_INFO_
​ _PROFILING_INFO_start function null from ../subjects/spine/node_modules/handlebars/dist/handlebars.js in 1755_PROFILING_INFO_
​ _PROFILING_INFO_start function null from ../subjects/spine/node_modules/handlebars/dist/handlebars.js in 2703_PROFILING_INFO_
​ _PROFILING_INFO_start function null from ../subjects/spine/node_modules/handlebars/dist/handlebars.js in 2719_PROFILING_INFO_
​ _PROFILING_INFO_start function null from ../subjects/spine/node_modules/spine/lib/spine.js in 8_PROFILING_INFO_
​ _PROFILING_INFO_start function null from ../subjects/spine/node_modules/spine/lib/spine.js in 215_PROFILING_INFO_
​ _PROFILING_INFO_start function null from ../subjects/spine/node_modules/spine/lib/spine.js in 276_PROFILING_INFO_
​ _PROFILING_INFO_start function null from ../subjects/spine/node_modules/spine/lib/spine.js in 12_PROFILING_INFO_
​ _PROFILING_INFO_start function ctor from ../subjects/spine/node_modules/spine/lib/spine.js in 12_PROFILING_INFO_
​ _PROFILING_INFO_start function null from ../subjects/spine/node_modules/spine/lib/spine.js in 233_PROFILING_INFO_
​ _PROFILING_INFO_start function null from ../subjects/spine/node_modules/spine/lib/spine.js in 216_PROFILING_INFO_
​ _PROFILING_INFO_start function null from ../subjects/spine/node_modules/spine/lib/spine.js in 880_PROFILING_INFO_
​ _PROFILING_INFO_start function null from ../subjects/spine/node_modules/spine/lib/route.js in 2_PROFILING_INFO_
​ _PROFILING_INFO_start function null from ../subjects/spine/node_modules/spine/lib/route.js in 20_PROFILING_INFO_
​ _PROFILING_INFO_start function null from ../subjects/spine/node_modules/spine/lib/route.js in 4_PROFILING_INFO_
​ _PROFILING_INFO_start function ctor from ../subjects/spine/node_modules/spine/lib/route.js in 4_PROFILING_INFO_
​ _PROFILING_INFO_start function null from ../subjects/spine/node_modules/spine/lib/route.js in 68_PROFILING_INFO_
​ _PROFILING_INFO_start function null from ../subjects/spine/node_modules/spine/lib/spine.js in 233_PROFILING_INFO_
​ _PROFILING_INFO_start function Route from ../subjects/spine/node_modules/spine/lib/route.js in 253_PROFILING_INFO_
​ _PROFILING_INFO_start function null from ../subjects/spine/node_modules/spine/lib/spine.js in 216_PROFILING_INFO_
​ _PROFILING_INFO_start function null from ../subjects/spine/node_modules/spine/lib/local.js in 2_PROFILING_INFO_
​ _PROFILING_INFO_start function null from ../subjects/spine/js/controllers/todos.js in 2_PROFILING_INFO_
​ _PROFILING_INFO_start function null from ../subjects/spine/js/controllers/todos.js in 7_PROFILING_INFO_
​ _PROFILING_INFO_start function null from ../subjects/spine/js/controllers/todos.js in 4_PROFILING_INFO_
​ _PROFILING_INFO_start function ctor from ../subjects/spine/js/controllers/todos.js in 4_PROFILING_INFO_
​ _PROFILING_INFO_start function null from ../subjects/spine/node_modules/jquery/dist/jquery.js in 71_PROFILING_INFO_
​ _PROFILING_INFO_start function null from ../subjects/spine/node_modules/jquery/dist/jquery.js in 2866_PROFILING_INFO_
​ _PROFILING_INFO_start function null from ../subjects/spine/node_modules/jquery/dist/jquery.js in 6337_PROFILING_INFO_
​ _PROFILING_INFO_start function null from ../subjects/spine/node_modules/jquery/dist/jquery.js in 4375_PROFILING_INFO_
​ _PROFILING_INFO_start function null from ../subjects/spine/node_modules/jquery/dist/jquery.js in 331_PROFILING_INFO_
​ _PROFILING_INFO_start function null from ../subjects/spine/node_modules/jquery/dist/jquery.js in 6338_PROFILING_INFO_
​ _PROFILING_INFO_start function null from ../subjects/spine/node_modules/handlebars/dist/handlebars.js in 2722_PROFILING_INFO_
​ _PROFILING_INFO_start function compile from ../subjects/spine/node_modules/handlebars/dist/handlebars.js in 1721_PROFILING_INFO_
​ _PROFILING_INFO_start function null from ../subjects/spine/js/models/todo.js in 2_PROFILING_INFO_
​ _PROFILING_INFO_start function null from ../subjects/spine/js/models/todo.js in 6_PROFILING_INFO_
​ _PROFILING_INFO_start function null from ../subjects/spine/js/models/todo.js in 3_PROFILING_INFO_
​ _PROFILING_INFO_start function ctor from ../subjects/spine/js/models/todo.js in 3_PROFILING_INFO_
​ _PROFILING_INFO_start function null from ../subjects/spine/node_modules/spine/lib/spine.js in 289_PROFILING_INFO_
​ _PROFILING_INFO_start function null from ../subjects/spine/node_modules/spine/lib/spine.js in 451_PROFILING_INFO_
​ _PROFILING_INFO_start function null from ../subjects/spine/node_modules/spine/lib/spine.js in 1074_PROFILING_INFO_
​ _PROFILING_INFO_start function null from ../subjects/spine/node_modules/spine/lib/spine.js in 153_PROFILING_INFO_
​ _PROFILING_INFO_start function null from ../subjects/spine/node_modules/spine/lib/spine.js in 233_PROFILING_INFO_
​ _PROFILING_INFO_start function null from ../subjects/spine/node_modules/spine/lib/local.js in 8_PROFILING_INFO_
​ _PROFILING_INFO_start function null from ../subjects/spine/node_modules/spine/lib/spine.js in 482_PROFILING_INFO_
​ _PROFILING_INFO_start function null from ../subjects/spine/node_modules/spine/lib/spine.js in 17_PROFILING_INFO_
​ _PROFILING_INFO_start function null from ../subjects/spine/node_modules/spine/lib/spine.js in 490_PROFILING_INFO_
​ _PROFILING_INFO_start function null from ../subjects/spine/js/app.js in 2_PROFILING_INFO_
​ _PROFILING_INFO_start function null from ../subjects/spine/js/app.js in 8_PROFILING_INFO_
​ _PROFILING_INFO_start function null from ../subjects/spine/js/app.js in 5_PROFILING_INFO_
​ _PROFILING_INFO_start function ctor from ../subjects/spine/js/app.js in 5_PROFILING_INFO_
​ _PROFILING_INFO_start function null from ../subjects/spine/node_modules/jquery/dist/jquery.js in 71_PROFILING_INFO_
​ _PROFILING_INFO_start function null from ../subjects/spine/node_modules/jquery/dist/jquery.js in 2866_PROFILING_INFO_
​ _PROFILING_INFO_start function null from ../subjects/spine/node_modules/jquery/dist/jquery.js in 261_PROFILING_INFO_
​ _PROFILING_INFO_start function null from ../subjects/spine/node_modules/jquery/dist/jquery.js in 331_PROFILING_INFO_
​ _PROFILING_INFO_start function null from ../subjects/spine/node_modules/jquery/dist/jquery.js in 3539_PROFILING_INFO_
​ _PROFILING_INFO_start function null from ../subjects/spine/node_modules/jquery/dist/jquery.js in 3621_PROFILING_INFO_
​ _PROFILING_INFO_start function null from ../subjects/spine/node_modules/jquery/dist/jquery.js in 3431_PROFILING_INFO_
​ _PROFILING_INFO_start function null from ../subjects/spine/node_modules/jquery/dist/jquery.js in 3267_PROFILING_INFO_
​ _PROFILING_INFO_start function add from ../subjects/spine/node_modules/jquery/dist/jquery.js in 3276_PROFILING_INFO_
​ _PROFILING_INFO_start function null from ../subjects/spine/node_modules/jquery/dist/jquery.js in 364_PROFILING_INFO_
​ _PROFILING_INFO_start function isArrayLike from ../subjects/spine/node_modules/jquery/dist/jquery.js in 563_PROFILING_INFO_
​ _PROFILING_INFO_start function null from ../subjects/spine/node_modules/jquery/dist/jquery.js in 269_PROFILING_INFO_
​ _PROFILING_INFO_start function null from ../subjects/spine/node_modules/jquery/dist/jquery.js in 3277_PROFILING_INFO_
​ _PROFILING_INFO_start function completed from ../subjects/spine/node_modules/jquery/dist/jquery.js in 3609_PROFILING_INFO_
​ _PROFILING_INFO_start function detach from ../subjects/spine/node_modules/jquery/dist/jquery.js in 3595_PROFILING_INFO_
​ _PROFILING_INFO_start function null from ../subjects/spine/node_modules/jquery/dist/jquery.js in 3566_PROFILING_INFO_
​ _PROFILING_INFO_start function null from ../subjects/spine/node_modules/jquery/dist/jquery.js in 3356_PROFILING_INFO_
​ _PROFILING_INFO_start function null from ../subjects/spine/node_modules/jquery/dist/jquery.js in 3219_PROFILING_INFO_
​ _PROFILING_INFO_start function null from ../subjects/spine/node_modules/jquery/dist/jquery.js in 3450_PROFILING_INFO_
​ _PROFILING_INFO_start function null from ../subjects/spine/node_modules/jquery/dist/jquery.js in 3332_PROFILING_INFO_
​ _PROFILING_INFO_start function null from ../subjects/spine/node_modules/jquery/dist/jquery.js in 3344_PROFILING_INFO_
​ _PROFILING_INFO_start function null from ../subjects/spine/node_modules/jquery/dist/jquery.js in 3707_PROFILING_INFO_
​ _PROFILING_INFO_start function null from ../subjects/spine/js/app.js in 144_PROFILING_INFO_
​ _PROFILING_INFO_start function TodoApp from ../subjects/spine/js/app.js in 32_PROFILING_INFO_
​ _PROFILING_INFO_start function null from ../subjects/spine/js/app.js in 4_PROFILING_INFO_
​ _PROFILING_INFO_start function Controller from ../subjects/spine/node_modules/spine/lib/spine.js in 891_PROFILING_INFO_
​ _PROFILING_INFO_start function null from ../subjects/spine/node_modules/spine/lib/spine.js in 14_PROFILING_INFO_
​ _PROFILING_INFO_start function null from ../subjects/spine/node_modules/jquery/dist/jquery.js in 393_PROFILING_INFO_
​ _PROFILING_INFO_start function null from ../subjects/spine/node_modules/jquery/dist/jquery.js in 433_PROFILING_INFO_
​ _PROFILING_INFO_start function null from ../subjects/spine/node_modules/spine/lib/spine.js in 946_PROFILING_INFO_
​ _PROFILING_INFO_start function null from ../subjects/spine/node_modules/spine/lib/spine.js in 964_PROFILING_INFO_
​ _PROFILING_INFO_start function null from ../subjects/spine/node_modules/spine/lib/spine.js in 965_PROFILING_INFO_
​ _PROFILING_INFO_start function null from ../subjects/spine/node_modules/jquery/dist/jquery.js in 5815_PROFILING_INFO_
​ _PROFILING_INFO_start function on from ../subjects/spine/node_modules/jquery/dist/jquery.js in 4775_PROFILING_INFO_
​ _PROFILING_INFO_start function null from ../subjects/spine/node_modules/jquery/dist/jquery.js in 136_PROFILING_INFO_
​ _PROFILING_INFO_start function null from ../subjects/spine/node_modules/jquery/dist/jquery.js in 4831_PROFILING_INFO_
​ _PROFILING_INFO_start function null from ../subjects/spine/node_modules/jquery/dist/jquery.js in 4844_PROFILING_INFO_
​ _PROFILING_INFO_start function null from ../subjects/spine/node_modules/jquery/dist/jquery.js in 4039_PROFILING_INFO_
​ _PROFILING_INFO_start function internalData from ../subjects/spine/node_modules/jquery/dist/jquery.js in 3829_PROFILING_INFO_
​ _PROFILING_INFO_start function null from ../subjects/spine/node_modules/jquery/dist/jquery.js in 3761_PROFILING_INFO_
​ _PROFILING_INFO_start function null from ../subjects/spine/node_modules/jquery/dist/jquery.js in 175_PROFILING_INFO_
​ _PROFILING_INFO_start function null from ../subjects/spine/node_modules/spine/lib/spine.js in 985_PROFILING_INFO_
​ _PROFILING_INFO_start function null from ../subjects/spine/node_modules/spine/lib/spine.js in 942_PROFILING_INFO_
​ _PROFILING_INFO_start function null from ../subjects/spine/node_modules/jquery/dist/jquery.js in 2809_PROFILING_INFO_
​ _PROFILING_INFO_start function Sizzle from ../subjects/spine/node_modules/jquery/dist/jquery.js in 772_PROFILING_INFO_
jquery-instrumented.js:945 _PROFILING_INFO_start function null from ../subjects/spine/node_modules/jquery/dist/jquery.js in 1315_PROFILING_INFO_
jquery-instrumented.js:71 _PROFILING_INFO_start function null from ../subjects/spine/node_modules/jquery/dist/jquery.js in 122_PROFILING_INFO_
jquery-instrumented.js:1635 _PROFILING_INFO_start function null from ../subjects/spine/node_modules/jquery/dist/jquery.js in 2097_PROFILING_INFO_
jquery-instrumented.js:632 _PROFILING_INFO_start function cache from ../subjects/spine/node_modules/jquery/dist/jquery.js in 915_PROFILING_INFO_
jquery-instrumented.js:1680 _PROFILING_INFO_start function toSelector from ../subjects/spine/node_modules/jquery/dist/jquery.js in 2164_PROFILING_INFO_
spine-instrumented.js:383 _PROFILING_INFO_start function Module from ../subjects/spine/node_modules/spine/lib/spine.js in 266_PROFILING_INFO_
spine-instrumented.js:54 _PROFILING_INFO_start function null from ../subjects/spine/node_modules/spine/lib/spine.js in 17_PROFILING_INFO_
spine-instrumented.js:679 _PROFILING_INFO_start function null from ../subjects/spine/node_modules/spine/lib/spine.js in 490_PROFILING_INFO_
spine-instrumented.js:86 _PROFILING_INFO_start function null from ../subjects/spine/node_modules/spine/lib/spine.js in 37_PROFILING_INFO_
local-instrumented.js:39 _PROFILING_INFO_start function null from ../subjects/spine/node_modules/spine/lib/local.js in 26_PROFILING_INFO_
spine-instrumented.js:488 _PROFILING_INFO_start function null from ../subjects/spine/node_modules/spine/lib/spine.js in 351_PROFILING_INFO_
spine-instrumented.js:622 _PROFILING_INFO_start function null from ../subjects/spine/node_modules/spine/lib/spine.js in 451_PROFILING_INFO_
spine-instrumented.js:704 _PROFILING_INFO_start function null from ../subjects/spine/node_modules/spine/lib/spine.js in 506_PROFILING_INFO_
spine-instrumented.js:697 _PROFILING_INFO_start function null from ../subjects/spine/node_modules/spine/lib/spine.js in 502_PROFILING_INFO_
spine-instrumented.js:743 _PROFILING_INFO_start function null from ../subjects/spine/node_modules/spine/lib/spine.js in 539_PROFILING_INFO_
spine-instrumented.js:753 _PROFILING_INFO_start function null from ../subjects/spine/node_modules/spine/lib/spine.js in 546_PROFILING_INFO_
app-instrumented.js:128 _PROFILING_INFO_start function null from ../subjects/spine/js/app.js in 86_PROFILING_INFO_
jquery-instrumented.js:4949 _PROFILING_INFO_start function null from ../subjects/spine/node_modules/jquery/dist/jquery.js in 6302_PROFILING_INFO_
jquery-instrumented.js:3611 _PROFILING_INFO_start function getAll from ../subjects/spine/node_modules/jquery/dist/jquery.js in 4548_PROFILING_INFO_
jquery-instrumented.js:4824 _PROFILING_INFO_start function null from ../subjects/spine/node_modules/jquery/dist/jquery.js in 6191_PROFILING_INFO_
app-instrumented.js:105 _PROFILING_INFO_start function null from ../subjects/spine/js/app.js in 67_PROFILING_INFO_
spine-instrumented.js:571 _PROFILING_INFO_start function null from ../subjects/spine/node_modules/spine/lib/spine.js in 415_PROFILING_INFO_
app-instrumented.js:166 _PROFILING_INFO_start function null from ../subjects/spine/js/app.js in 116_PROFILING_INFO_
todo-instrumented.js:59 _PROFILING_INFO_start function null from ../subjects/spine/js/models/todo.js in 23_PROFILING_INFO_
spine-instrumented.js:513 _PROFILING_INFO_start function null from ../subjects/spine/node_modules/spine/lib/spine.js in 373_PROFILING_INFO_
spine-instrumented.js:615 _PROFILING_INFO_start function null from ../subjects/spine/node_modules/spine/lib/spine.js in 447_PROFILING_INFO_
jquery-instrumented.js:6343 _PROFILING_INFO_start function null from ../subjects/spine/node_modules/jquery/dist/jquery.js in 8036_PROFILING_INFO_
jquery-instrumented.js:5698 _PROFILING_INFO_start function null from ../subjects/spine/node_modules/jquery/dist/jquery.js in 7358_PROFILING_INFO_
jquery-instrumented.js:5691 _PROFILING_INFO_start function null from ../subjects/spine/node_modules/jquery/dist/jquery.js in 7355_PROFILING_INFO_
jquery-instrumented.js:5363 _PROFILING_INFO_start function showHide from ../subjects/spine/node_modules/jquery/dist/jquery.js in 6881_PROFILING_INFO_
jquery-instrumented.js:3425 _PROFILING_INFO_start function null from ../subjects/spine/node_modules/jquery/dist/jquery.js in 4303_PROFILING_INFO_
jquery-instrumented.js:5524 _PROFILING_INFO_start function null from ../subjects/spine/node_modules/jquery/dist/jquery.js in 7153_PROFILING_INFO_
jquery-instrumented.js:289 _PROFILING_INFO_start function null from ../subjects/spine/node_modules/jquery/dist/jquery.js in 356_PROFILING_INFO_
jquery-instrumented.js:5347 _PROFILING_INFO_start function vendorPropName from ../subjects/spine/node_modules/jquery/dist/jquery.js in 6862_PROFILING_INFO_
jquery-instrumented.js:5254 _PROFILING_INFO_start function null from ../subjects/spine/node_modules/jquery/dist/jquery.js in 6711_PROFILING_INFO_
jquery-instrumented.js:5243 _PROFILING_INFO_start function null from ../subjects/spine/node_modules/jquery/dist/jquery.js in 6697_PROFILING_INFO_
jquery-instrumented.js:5158 _PROFILING_INFO_start function null from ../subjects/spine/node_modules/jquery/dist/jquery.js in 6572_PROFILING_INFO_
jquery-instrumented.js:5199 _PROFILING_INFO_start function computeStyleTests from ../subjects/spine/node_modules/jquery/dist/jquery.js in 6607_PROFILING_INFO_
jquery-instrumented.js:1047 _PROFILING_INFO_start function null from ../subjects/spine/node_modules/jquery/dist/jquery.js in 1472_PROFILING_INFO_
jquery-instrumented.js:6869 _PROFILING_INFO_start function null from ../subjects/spine/node_modules/jquery/dist/jquery.js in 8654_PROFILING_INFO_
jquery-instrumented.js:3472 _PROFILING_INFO_start function null from ../subjects/spine/node_modules/jquery/dist/jquery.js in 4375_PROFILING_INFO_
jquery-instrumented.js:6896 _PROFILING_INFO_start function null from ../subjects/spine/node_modules/jquery/dist/jquery.js in 8672_PROFILING_INFO_
jquery-instrumented.js:758 _PROFILING_INFO_start function null from ../subjects/spine/node_modules/jquery/dist/jquery.js in 1060_PROFILING_INFO_
app-instrumented.js:179 _PROFILING_INFO_start function null from ../subjects/spine/js/app.js in 126_PROFILING_INFO_
todo-instrumented.js:46 _PROFILING_INFO_start function null from ../subjects/spine/js/models/todo.js in 17_PROFILING_INFO_
app-instrumented.js:185 _PROFILING_INFO_start function null from ../subjects/spine/js/app.js in 128_PROFILING_INFO_
jquery-instrumented.js:4983 _PROFILING_INFO_start function null from ../subjects/spine/node_modules/jquery/dist/jquery.js in 6337_PROFILING_INFO_
jquery-instrumented.js:4988 _PROFILING_INFO_start function null from ../subjects/spine/node_modules/jquery/dist/jquery.js in 6338_PROFILING_INFO_
jquery-instrumented.js:4778 _PROFILING_INFO_start function null from ../subjects/spine/node_modules/jquery/dist/jquery.js in 6129_PROFILING_INFO_
route-instrumented.js:364 _PROFILING_INFO_start function null from ../subjects/spine/node_modules/spine/lib/route.js in 289_PROFILING_INFO_
route-instrumented.js:353 _PROFILING_INFO_start function null from ../subjects/spine/node_modules/spine/lib/route.js in 282_PROFILING_INFO_
spine-instrumented.js:364 _PROFILING_INFO_start function null from ../subjects/spine/node_modules/spine/lib/spine.js in 258_PROFILING_INFO_
spine-instrumented.js:369 _PROFILING_INFO_start function null from ../subjects/spine/node_modules/spine/lib/spine.js in 259_PROFILING_INFO_
route-instrumented.js:206 _PROFILING_INFO_start function null from ../subjects/spine/node_modules/spine/lib/route.js in 169_PROFILING_INFO_
route-instrumented.js:213 _PROFILING_INFO_start function null from ../subjects/spine/node_modules/spine/lib/route.js in 173_PROFILING_INFO_
route-instrumented.js:43 _PROFILING_INFO_start function Path from ../subjects/spine/node_modules/spine/lib/route.js in 23_PROFILING_INFO_
route-instrumented.js:109 _PROFILING_INFO_start function null from ../subjects/spine/node_modules/spine/lib/route.js in 87_PROFILING_INFO_
jquery-instrumented.js:8636 _PROFILING_INFO_start function null from ../subjects/spine/node_modules/jquery/dist/jquery.js in 10930_PROFILING_INFO_
route-instrumented.js:278 _PROFILING_INFO_start function null from ../subjects/spine/node_modules/spine/lib/route.js in 222_PROFILING_INFO_
route-instrumented.js:254 _PROFILING_INFO_start function null from ../subjects/spine/node_modules/spine/lib/route.js in 204_PROFILING_INFO_
route-instrumented.js:291 _PROFILING_INFO_start function null from ../subjects/spine/node_modules/spine/lib/route.js in 232_PROFILING_INFO_
route-instrumented.js:325 _PROFILING_INFO_start function null from ../subjects/spine/node_modules/spine/lib/route.js in 257_PROFILING_INFO_
route-instrumented.js:67 _PROFILING_INFO_start function null from ../subjects/spine/node_modules/spine/lib/route.js in 44_PROFILING_INFO_
jquery-instrumented.js:4598 _PROFILING_INFO_start function null from ../subjects/spine/node_modules/jquery/dist/jquery.js in 5863_PROFILING_INFO_
jquery-instrumented.js:3953 _PROFILING_INFO_start function null from ../subjects/spine/node_modules/jquery/dist/jquery.js in 5041_PROFILING_INFO_
jquery-instrumented.js:4273 _PROFILING_INFO_start function null from ../subjects/spine/node_modules/jquery/dist/jquery.js in 5516_PROFILING_INFO_
jquery-instrumented.js:448 _PROFILING_INFO_start function null from ../subjects/spine/node_modules/jquery/dist/jquery.js in 538_PROFILING_INFO_
jquery-instrumented.js:3752 _PROFILING_INFO_start function returnFalse from ../subjects/spine/node_modules/jquery/dist/jquery.js in 4763_PROFILING_INFO_
jquery-instrumented.js:4553 _PROFILING_INFO_start function null from ../subjects/spine/node_modules/jquery/dist/jquery.js in 5821_PROFILING_INFO_
jquery-instrumented.js:4577 _PROFILING_INFO_start function null from ../subjects/spine/node_modules/jquery/dist/jquery.js in 5853_PROFILING_INFO_
jquery-instrumented.js:3903 _PROFILING_INFO_start function null from ../subjects/spine/node_modules/jquery/dist/jquery.js in 4964_PROFILING_INFO_
jquery-instrumented.js:3147 _PROFILING_INFO_start function null from ../subjects/spine/node_modules/jquery/dist/jquery.js in 4025_PROFILING_INFO_
jquery-instrumented.js:3846 _PROFILING_INFO_start function null from ../subjects/spine/node_modules/jquery/dist/jquery.js in 4872_PROFILING_INFO_
jquery-instrumented.js:4035 _PROFILING_INFO_start function null from ../subjects/spine/node_modules/jquery/dist/jquery.js in 5186_PROFILING_INFO_
jquery-instrumented.js:4108 _PROFILING_INFO_start function null from ../subjects/spine/node_modules/jquery/dist/jquery.js in 5299_PROFILING_INFO_
jquery-instrumented.js:4153 _PROFILING_INFO_start function null from ../subjects/spine/node_modules/jquery/dist/jquery.js in 5367_PROFILING_INFO_
jquery-instrumented.js:4071 _PROFILING_INFO_start function null from ../subjects/spine/node_modules/jquery/dist/jquery.js in 5246_PROFILING_INFO_
jquery-instrumented.js:1987 _PROFILING_INFO_start function null from ../subjects/spine/node_modules/jquery/dist/jquery.js in 2577_PROFILING_INFO_
jquery-instrumented.js:1963 _PROFILING_INFO_start function null from ../subjects/spine/node_modules/jquery/dist/jquery.js in 2538_PROFILING_INFO_
jquery-instrumented.js:1849 _PROFILING_INFO_start function matcherFromTokens from ../subjects/spine/node_modules/jquery/dist/jquery.js in 2369_PROFILING_INFO_
jquery-instrumented.js:1691 _PROFILING_INFO_start function addCombinator from ../subjects/spine/node_modules/jquery/dist/jquery.js in 2174_PROFILING_INFO_
jquery-instrumented.js:821 _PROFILING_INFO_start function null from ../subjects/spine/node_modules/jquery/dist/jquery.js in 1139_PROFILING_INFO_
jquery-instrumented.js:1742 _PROFILING_INFO_start function elementMatcher from ../subjects/spine/node_modules/jquery/dist/jquery.js in 2232_PROFILING_INFO_
jquery-instrumented.js:1894 _PROFILING_INFO_start function matcherFromGroupMatchers from ../subjects/spine/node_modules/jquery/dist/jquery.js in 2427_PROFILING_INFO_
jquery-instrumented.js:1899 _PROFILING_INFO_start function null from ../subjects/spine/node_modules/jquery/dist/jquery.js in 2430_PROFILING_INFO_
jquery-instrumented.js:1747 _PROFILING_INFO_start function null from ../subjects/spine/node_modules/jquery/dist/jquery.js in 2234_PROFILING_INFO_
jquery-instrumented.js:827 _PROFILING_INFO_start function null from ../subjects/spine/node_modules/jquery/dist/jquery.js in 1141_PROFILING_INFO_
jquery-instrumented.js:4140 _PROFILING_INFO_start function null from ../subjects/spine/node_modules/jquery/dist/jquery.js in 5353_PROFILING_INFO_
jquery-instrumented.js:1866 _PROFILING_INFO_start function null from ../subjects/spine/node_modules/jquery/dist/jquery.js in 2383_PROFILING_INFO_
jquery-instrumented.js:1707 _PROFILING_INFO_start function null from ../subjects/spine/node_modules/jquery/dist/jquery.js in 2190_PROFILING_INFO_
jquery-instrumented.js:1854 _PROFILING_INFO_start function null from ../subjects/spine/node_modules/jquery/dist/jquery.js in 2377_PROFILING_INFO_
spine-instrumented.js:1292 _PROFILING_INFO_start function null from ../subjects/spine/node_modules/spine/lib/spine.js in 966_PROFILING_INFO_
app-instrumented.js:93 _PROFILING_INFO_start function null from ../subjects/spine/js/app.js in 56_PROFILING_INFO_
jquery-instrumented.js:6478 _PROFILING_INFO_start function null from ../subjects/spine/node_modules/jquery/dist/jquery.js in 8193_PROFILING_INFO_
jquery-instrumented.js:325 _PROFILING_INFO_start function null from ../subjects/spine/node_modules/jquery/dist/jquery.js in 386_PROFILING_INFO_
spine-instrumented.js:651 _PROFILING_INFO_start function null from ../subjects/spine/node_modules/spine/lib/spine.js in 471_PROFILING_INFO_
todo-instrumented.js:37 _PROFILING_INFO_start function Todo from ../subjects/spine/js/models/todo.js in 9_PROFILING_INFO_
​ _PROFILING_INFO_start function Model from ../subjects/spine/node_modules/spine/lib/spine.js in 570_PROFILING_INFO_
​ _PROFILING_INFO_start function null from ../subjects/spine/node_modules/spine/lib/spine.js in 558_PROFILING_INFO_
​ _PROFILING_INFO_start function null from ../subjects/spine/node_modules/spine/lib/spine.js in 331_PROFILING_INFO_
​ _PROFILING_INFO_start function null from ../subjects/spine/node_modules/spine/lib/spine.js in 595_PROFILING_INFO_
​ _PROFILING_INFO_start function null from ../subjects/spine/node_modules/spine/lib/spine.js in 641_PROFILING_INFO_
​ _PROFILING_INFO_start function null from ../subjects/spine/node_modules/spine/lib/spine.js in 593_PROFILING_INFO_
​ _PROFILING_INFO_start function null from ../subjects/spine/node_modules/spine/lib/spine.js in 863_PROFILING_INFO_
​ _PROFILING_INFO_start function null from ../subjects/spine/node_modules/spine/lib/spine.js in 585_PROFILING_INFO_
​ _PROFILING_INFO_start function null from ../subjects/spine/node_modules/spine/lib/spine.js in 816_PROFILING_INFO_
​ _PROFILING_INFO_start function null from ../subjects/spine/node_modules/spine/lib/spine.js in 832_PROFILING_INFO_
​ _PROFILING_INFO_start function null from ../subjects/spine/node_modules/spine/lib/spine.js in 740_PROFILING_INFO_
​ _PROFILING_INFO_start function null from ../subjects/spine/node_modules/spine/lib/spine.js in 617_PROFILING_INFO_
​ _PROFILING_INFO_start function null from ../subjects/spine/node_modules/spine/lib/spine.js in 335_PROFILING_INFO_
​ _PROFILING_INFO_start function null from ../subjects/spine/node_modules/spine/lib/spine.js in 758_PROFILING_INFO_
​ _PROFILING_INFO_start function null from ../subjects/spine/js/app.js in 78_PROFILING_INFO_
​ _PROFILING_INFO_start function Todos from ../subjects/spine/js/controllers/todos.js in 31_PROFILING_INFO_
​ _PROFILING_INFO_start function null from ../subjects/spine/js/controllers/todos.js in 3_PROFILING_INFO_
​ _PROFILING_INFO_start function null from ../subjects/spine/node_modules/jquery/dist/jquery.js in 5789_PROFILING_INFO_
​ _PROFILING_INFO_start function null from ../subjects/spine/node_modules/spine/lib/spine.js in 845_PROFILING_INFO_
​ _PROFILING_INFO_start function null from ../subjects/spine/js/controllers/todos.js in 38_PROFILING_INFO_
​ _PROFILING_INFO_start function null from ../subjects/spine/node_modules/handlebars/dist/handlebars.js in 1742_PROFILING_INFO_
​ _PROFILING_INFO_start function compileInput from ../subjects/spine/node_modules/handlebars/dist/handlebars.js in 1734_PROFILING_INFO_
​ _PROFILING_INFO_start function parse from ../subjects/spine/node_modules/handlebars/dist/handlebars.js in 1267_PROFILING_INFO_
​ _PROFILING_INFO_start function parse from ../subjects/spine/node_modules/handlebars/dist/handlebars.js in 873_PROFILING_INFO_
​ _PROFILING_INFO_start function null from ../subjects/spine/node_modules/handlebars/dist/handlebars.js in 996_PROFILING_INFO_
​ _PROFILING_INFO_start function lex from ../subjects/spine/node_modules/handlebars/dist/handlebars.js in 891_PROFILING_INFO_
​ _PROFILING_INFO_start function lex from ../subjects/spine/node_modules/handlebars/dist/handlebars.js in 1131_PROFILING_INFO_
​ _PROFILING_INFO_start function null from ../subjects/spine/node_modules/handlebars/dist/handlebars.js in 1077_PROFILING_INFO_
​ _PROFILING_INFO_start function _currentRules from ../subjects/spine/node_modules/handlebars/dist/handlebars.js in 1145_PROFILING_INFO_
​ _PROFILING_INFO_start function anonymous from ../subjects/spine/node_modules/handlebars/dist/handlebars.js in 1155_PROFILING_INFO_
​ _PROFILING_INFO_start function begin from ../subjects/spine/node_modules/handlebars/dist/handlebars.js in 1139_PROFILING_INFO_
​ _PROFILING_INFO_start function anonymous from ../subjects/spine/node_modules/handlebars/dist/handlebars.js in 774_PROFILING_INFO_
​ _PROFILING_INFO_start function null from ../subjects/spine/node_modules/handlebars/dist/handlebars.js in 665_PROFILING_INFO_
​ _PROFILING_INFO_start function LocationInfo from ../subjects/spine/node_modules/handlebars/dist/handlebars.js in 535_PROFILING_INFO_
​ _PROFILING_INFO_start function popState from ../subjects/spine/node_modules/handlebars/dist/handlebars.js in 1142_PROFILING_INFO_
​ _PROFILING_INFO_start function null from ../subjects/spine/node_modules/handlebars/dist/handlebars.js in 677_PROFILING_INFO_
​ _PROFILING_INFO_start function null from ../subjects/spine/node_modules/handlebars/dist/handlebars.js in 609_PROFILING_INFO_
​ _PROFILING_INFO_start function stripFlags from ../subjects/spine/node_modules/handlebars/dist/handlebars.js in 979_PROFILING_INFO_
​ _PROFILING_INFO_start function null from ../subjects/spine/node_modules/handlebars/dist/handlebars.js in 578_PROFILING_INFO_
​ _PROFILING_INFO_start function null from ../subjects/spine/node_modules/handlebars/dist/handlebars.js in 544_PROFILING_INFO_
​ _PROFILING_INFO_start function null from ../subjects/spine/node_modules/handlebars/dist/handlebars.js in 640_PROFILING_INFO_
​ _PROFILING_INFO_start function Compiler from ../subjects/spine/node_modules/handlebars/dist/handlebars.js in 1285_PROFILING_INFO_
​ _PROFILING_INFO_start function null from ../subjects/spine/node_modules/handlebars/dist/handlebars.js in 1353_PROFILING_INFO_
​ _PROFILING_INFO_start function null from ../subjects/spine/node_modules/handlebars/dist/handlebars.js in 1379_PROFILING_INFO_
​ _PROFILING_INFO_start function null from ../subjects/spine/node_modules/handlebars/dist/handlebars.js in 1395_PROFILING_INFO_
​ _PROFILING_INFO_start function null from ../subjects/spine/node_modules/handlebars/dist/handlebars.js in 1513_PROFILING_INFO_
​ _PROFILING_INFO_start function null from ../subjects/spine/node_modules/handlebars/dist/handlebars.js in 1626_PROFILING_INFO_
​ _PROFILING_INFO_start function null from ../subjects/spine/node_modules/handlebars/dist/handlebars.js in 1428_PROFILING_INFO_
​ _PROFILING_INFO_start function null from ../subjects/spine/node_modules/handlebars/dist/handlebars.js in 1410_PROFILING_INFO_
​ _PROFILING_INFO_start function null from ../subjects/spine/node_modules/handlebars/dist/handlebars.js in 1643_PROFILING_INFO_
​ _PROFILING_INFO_start function null from ../subjects/spine/node_modules/handlebars/dist/handlebars.js in 1557_PROFILING_INFO_
​ _PROFILING_INFO_start function null from ../subjects/spine/node_modules/handlebars/dist/handlebars.js in 1689_PROFILING_INFO_
​ _PROFILING_INFO_start function null from ../subjects/spine/node_modules/handlebars/dist/handlebars.js in 1664_PROFILING_INFO_
​ _PROFILING_INFO_start function null from ../subjects/spine/node_modules/handlebars/dist/handlebars.js in 1582_PROFILING_INFO_
​ _PROFILING_INFO_start function null from ../subjects/spine/node_modules/handlebars/dist/handlebars.js in 1634_PROFILING_INFO_
​ _PROFILING_INFO_start function null from ../subjects/spine/node_modules/handlebars/dist/handlebars.js in 1517_PROFILING_INFO_
​ _PROFILING_INFO_start function null from ../subjects/spine/node_modules/handlebars/dist/handlebars.js in 1570_PROFILING_INFO_
​ _PROFILING_INFO_start function null from ../subjects/spine/node_modules/handlebars/dist/handlebars.js in 1527_PROFILING_INFO_
​ _PROFILING_INFO_start function null from ../subjects/spine/node_modules/handlebars/dist/handlebars.js in 1540_PROFILING_INFO_
​ _PROFILING_INFO_start function JavaScriptCompiler from ../subjects/spine/node_modules/handlebars/dist/handlebars.js in 1767_PROFILING_INFO_
​ _PROFILING_INFO_start function null from ../subjects/spine/node_modules/handlebars/dist/handlebars.js in 1820_PROFILING_INFO_
​ _PROFILING_INFO_start function null from ../subjects/spine/node_modules/handlebars/dist/handlebars.js in 1295_PROFILING_INFO_
​ _PROFILING_INFO_start function log from ../subjects/spine/node_modules/handlebars/dist/handlebars.js in 337_PROFILING_INFO_
​ _PROFILING_INFO_start function null from ../subjects/spine/node_modules/handlebars/dist/handlebars.js in 327_PROFILING_INFO_
​ _PROFILING_INFO_start function null from ../subjects/spine/node_modules/handlebars/dist/handlebars.js in 1874_PROFILING_INFO_
​ _PROFILING_INFO_start function null from ../subjects/spine/node_modules/handlebars/dist/handlebars.js in 1813_PROFILING_INFO_
​ _PROFILING_INFO_start function null from ../subjects/spine/node_modules/handlebars/dist/handlebars.js in 2575_PROFILING_INFO_
​ _PROFILING_INFO_start function null from ../subjects/spine/node_modules/handlebars/dist/handlebars.js in 2377_PROFILING_INFO_
​ _PROFILING_INFO_start function null from ../subjects/spine/node_modules/handlebars/dist/handlebars.js in 2399_PROFILING_INFO_
​ _PROFILING_INFO_start function null from ../subjects/spine/node_modules/handlebars/dist/handlebars.js in 2021_PROFILING_INFO_
​ _PROFILING_INFO_start function null from ../subjects/spine/node_modules/handlebars/dist/handlebars.js in 2446_PROFILING_INFO_
​ _PROFILING_INFO_start function null from ../subjects/spine/node_modules/handlebars/dist/handlebars.js in 1801_PROFILING_INFO_
​ _PROFILING_INFO_start function null from ../subjects/spine/node_modules/handlebars/dist/handlebars.js in 1900_PROFILING_INFO_
​ _PROFILING_INFO_start function null from ../subjects/spine/node_modules/handlebars/dist/handlebars.js in 1952_PROFILING_INFO_
handlebars-instrumented.js:3897 _PROFILING_INFO_start function null from ../subjects/spine/node_modules/handlebars/dist/handlebars.js in 1319_PROFILING_INFO_
handlebars-instrumented.js:4665 _PROFILING_INFO_start function null from ../subjects/spine/node_modules/handlebars/dist/handlebars.js in 2085_PROFILING_INFO_
handlebars-instrumented.js:4674 _PROFILING_INFO_start function null from ../subjects/spine/node_modules/handlebars/dist/handlebars.js in 2098_PROFILING_INFO_
handlebars-instrumented.js:4390 _PROFILING_INFO_start function null from ../subjects/spine/node_modules/handlebars/dist/handlebars.js in 1772_PROFILING_INFO_
handlebars-instrumented.js:5206 _PROFILING_INFO_start function null from ../subjects/spine/node_modules/handlebars/dist/handlebars.js in 2691_PROFILING_INFO_
handlebars-instrumented.js:4782 _PROFILING_INFO_start function null from ../subjects/spine/node_modules/handlebars/dist/handlebars.js in 2216_PROFILING_INFO_
handlebars-instrumented.js:4797 _PROFILING_INFO_start function null from ../subjects/spine/node_modules/handlebars/dist/handlebars.js in 2241_PROFILING_INFO_
handlebars-instrumented.js:4925 _PROFILING_INFO_start function null from ../subjects/spine/node_modules/handlebars/dist/handlebars.js in 2408_PROFILING_INFO_
handlebars-instrumented.js:4968 _PROFILING_INFO_start function null from ../subjects/spine/node_modules/handlebars/dist/handlebars.js in 2442_PROFILING_INFO_
handlebars-instrumented.js:4376 _PROFILING_INFO_start function Literal from ../subjects/spine/node_modules/handlebars/dist/handlebars.js in 1763_PROFILING_INFO_
handlebars-instrumented.js:4737 _PROFILING_INFO_start function null from ../subjects/spine/node_modules/handlebars/dist/handlebars.js in 2174_PROFILING_INFO_
handlebars-instrumented.js:4826 _PROFILING_INFO_start function null from ../subjects/spine/node_modules/handlebars/dist/handlebars.js in 2292_PROFILING_INFO_
handlebars-instrumented.js:5125 _PROFILING_INFO_start function null from ../subjects/spine/node_modules/handlebars/dist/handlebars.js in 2585_PROFILING_INFO_
handlebars-instrumented.js:5185 _PROFILING_INFO_start function null from ../subjects/spine/node_modules/handlebars/dist/handlebars.js in 2653_PROFILING_INFO_
handlebars-instrumented.js:5143 _PROFILING_INFO_start function null from ../subjects/spine/node_modules/handlebars/dist/handlebars.js in 2599_PROFILING_INFO_
handlebars-instrumented.js:5088 _PROFILING_INFO_start function null from ../subjects/spine/node_modules/handlebars/dist/handlebars.js in 2547_PROFILING_INFO_
handlebars-instrumented.js:5081 _PROFILING_INFO_start function null from ../subjects/spine/node_modules/handlebars/dist/handlebars.js in 2543_PROFILING_INFO_
handlebars-instrumented.js:4645 _PROFILING_INFO_start function null from ../subjects/spine/node_modules/handlebars/dist/handlebars.js in 2055_PROFILING_INFO_
handlebars-instrumented.js:5063 _PROFILING_INFO_start function null from ../subjects/spine/node_modules/handlebars/dist/handlebars.js in 2529_PROFILING_INFO_
handlebars-instrumented.js:4988 _PROFILING_INFO_start function null from ../subjects/spine/node_modules/handlebars/dist/handlebars.js in 2457_PROFILING_INFO_
handlebars-instrumented.js:5045 _PROFILING_INFO_start function null from ../subjects/spine/node_modules/handlebars/dist/handlebars.js in 2521_PROFILING_INFO_
handlebars-instrumented.js:5056 _PROFILING_INFO_start function null from ../subjects/spine/node_modules/handlebars/dist/handlebars.js in 2526_PROFILING_INFO_
handlebars-instrumented.js:4431 _PROFILING_INFO_start function null from ../subjects/spine/node_modules/handlebars/dist/handlebars.js in 1808_PROFILING_INFO_
handlebars-instrumented.js:4834 _PROFILING_INFO_start function null from ../subjects/spine/node_modules/handlebars/dist/handlebars.js in 2309_PROFILING_INFO_
handlebars-instrumented.js:4958 _PROFILING_INFO_start function null from ../subjects/spine/node_modules/handlebars/dist/handlebars.js in 2435_PROFILING_INFO_
handlebars-instrumented.js:5038 _PROFILING_INFO_start function null from ../subjects/spine/node_modules/handlebars/dist/handlebars.js in 2517_PROFILING_INFO_
handlebars-instrumented.js:4657 _PROFILING_INFO_start function null from ../subjects/spine/node_modules/handlebars/dist/handlebars.js in 2072_PROFILING_INFO_
handlebars-instrumented.js:4681 _PROFILING_INFO_start function null from ../subjects/spine/node_modules/handlebars/dist/handlebars.js in 2108_PROFILING_INFO_
handlebars-instrumented.js:4688 _PROFILING_INFO_start function null from ../subjects/spine/node_modules/handlebars/dist/handlebars.js in 2119_PROFILING_INFO_
handlebars-instrumented.js:5001 _PROFILING_INFO_start function null from ../subjects/spine/node_modules/handlebars/dist/handlebars.js in 2468_PROFILING_INFO_
handlebars-instrumented.js:4694 _PROFILING_INFO_start function null from ../subjects/spine/node_modules/handlebars/dist/handlebars.js in 2122_PROFILING_INFO_
handlebars-instrumented.js:4593 _PROFILING_INFO_start function null from ../subjects/spine/node_modules/handlebars/dist/handlebars.js in 1985_PROFILING_INFO_
handlebars-instrumented.js:5106 _PROFILING_INFO_start function null from ../subjects/spine/node_modules/handlebars/dist/handlebars.js in 2564_PROFILING_INFO_
handlebars-instrumented.js:4601 _PROFILING_INFO_start function null from ../subjects/spine/node_modules/handlebars/dist/handlebars.js in 1991_PROFILING_INFO_
handlebars-instrumented.js:4412 _PROFILING_INFO_start function null from ../subjects/spine/node_modules/handlebars/dist/handlebars.js in 1795_PROFILING_INFO_
handlebars-instrumented.js:612 _PROFILING_INFO_start function null from ../subjects/spine/node_modules/handlebars/dist/handlebars.js in 515_PROFILING_INFO_
handlebars-instrumented.js:439 _PROFILING_INFO_start function template from ../subjects/spine/node_modules/handlebars/dist/handlebars.js in 377_PROFILING_INFO_
handlebars-instrumented.js:502 _PROFILING_INFO_start function null from ../subjects/spine/node_modules/handlebars/dist/handlebars.js in 426_PROFILING_INFO_
handlebars-instrumented.js:485 _PROFILING_INFO_start function null from ../subjects/spine/node_modules/handlebars/dist/handlebars.js in 411_PROFILING_INFO_
handlebars-instrumented.js:472 _PROFILING_INFO_start function null from ../subjects/spine/node_modules/handlebars/dist/handlebars.js in 402_PROFILING_INFO_
handlebars-instrumented.js:543 _PROFILING_INFO_start function program from ../subjects/spine/node_modules/handlebars/dist/handlebars.js in 464_PROFILING_INFO_
handlebars-instrumented.js:251 _PROFILING_INFO_start function null from ../subjects/spine/node_modules/handlebars/dist/handlebars.js in 225_PROFILING_INFO_
handlebars-instrumented.js:73 _PROFILING_INFO_start function null from ../subjects/spine/node_modules/handlebars/dist/handlebars.js in 81_PROFILING_INFO_
handlebars-instrumented.js:548 _PROFILING_INFO_start function null from ../subjects/spine/node_modules/handlebars/dist/handlebars.js in 465_PROFILING_INFO_
handlebars-instrumented.js:321 _PROFILING_INFO_start function null from ../subjects/spine/node_modules/handlebars/dist/handlebars.js in 287_PROFILING_INFO_
handlebars-instrumented.js:579 _PROFILING_INFO_start function noop from ../subjects/spine/node_modules/handlebars/dist/handlebars.js in 485_PROFILING_INFO_
handlebars-instrumented.js:99 _PROFILING_INFO_start function escapeExpression from ../subjects/spine/node_modules/handlebars/dist/handlebars.js in 97_PROFILING_INFO_
handlebars-instrumented.js:423 _PROFILING_INFO_start function checkRevision from ../subjects/spine/node_modules/handlebars/dist/handlebars.js in 357_PROFILING_INFO_
spine-instrumented.js:1401 _PROFILING_INFO_start function null from ../subjects/spine/node_modules/spine/lib/spine.js in 1046_PROFILING_INFO_
jquery-instrumented.js:8306 _PROFILING_INFO_start function null from ../subjects/spine/node_modules/jquery/dist/jquery.js in 10551_PROFILING_INFO_
jquery-instrumented.js:3648 _PROFILING_INFO_start function buildFragment from ../subjects/spine/node_modules/jquery/dist/jquery.js in 4599_PROFILING_INFO_
jquery-instrumented.js:3516 _PROFILING_INFO_start function createSafeFragment from ../subjects/spine/node_modules/jquery/dist/jquery.js in 4444_PROFILING_INFO_
jquery-instrumented.js:296 _PROFILING_INFO_start function null from ../subjects/spine/node_modules/jquery/dist/jquery.js in 360_PROFILING_INFO_
jquery-instrumented.js:5019 _PROFILING_INFO_start function null from ../subjects/spine/node_modules/jquery/dist/jquery.js in 6380_PROFILING_INFO_
jquery-instrumented.js:4698 _PROFILING_INFO_start function domManip from ../subjects/spine/node_modules/jquery/dist/jquery.js in 6009_PROFILING_INFO_
jquery-instrumented.js:347 _PROFILING_INFO_start function null from ../subjects/spine/node_modules/jquery/dist/jquery.js in 410_PROFILING_INFO_
jquery-instrumented.js:398 _PROFILING_INFO_start function null from ../subjects/spine/node_modules/jquery/dist/jquery.js in 475_PROFILING_INFO_
jquery-instrumented.js:5025 _PROFILING_INFO_start function null from ../subjects/spine/node_modules/jquery/dist/jquery.js in 6384_PROFILING_INFO_
jquery-instrumented.js:3023 _PROFILING_INFO_start function isEmptyDataObject from ../subjects/spine/node_modules/jquery/dist/jquery.js in 3813_PROFILING_INFO_
jquery-instrumented.js:4252 _PROFILING_INFO_start function null from ../subjects/spine/node_modules/jquery/dist/jquery.js in 5493_PROFILING_INFO_
jquery-instrumented.js:228 _PROFILING_INFO_start function null from ../subjects/spine/node_modules/jquery/dist/jquery.js in 284_PROFILING_INFO_
jquery-instrumented.js:4887 _PROFILING_INFO_start function null from ../subjects/spine/node_modules/jquery/dist/jquery.js in 6268_PROFILING_INFO_
jquery-instrumented.js:4892 _PROFILING_INFO_start function null from ../subjects/spine/node_modules/jquery/dist/jquery.js in 6269_PROFILING_INFO_
jquery-instrumented.js:4610 _PROFILING_INFO_start function manipulationTarget from ../subjects/spine/node_modules/jquery/dist/jquery.js in 5890_PROFILING_INFO_
local-instrumented.js:30 _PROFILING_INFO_start function null from ../subjects/spine/node_modules/spine/lib/local.js in 21_PROFILING_INFO_
spine-instrumented.js:690 _PROFILING_INFO_start function null from ../subjects/spine/node_modules/spine/lib/spine.js in 498_PROFILING_INFO_
spine-instrumented.js:1051 _PROFILING_INFO_start function null from ../subjects/spine/node_modules/spine/lib/spine.js in 783_PROFILING_INFO_
todo-instrumented.js:64 _PROFILING_INFO_start function null from ../subjects/spine/js/models/todo.js in 24_PROFILING_INFO_
jquery-instrumented.js:5684 _PROFILING_INFO_start function null from ../subjects/spine/node_modules/jquery/dist/jquery.js in 7352_PROFILING_INFO_
todo-instrumented.js:51 _PROFILING_INFO_start function null from ../subjects/spine/js/models/todo.js in 18_PROFILING_INFO_
spine-instrumented.js:897 _PROFILING_INFO_start function null from ../subjects/spine/node_modules/spine/lib/spine.js in 660_PROFILING_INFO_
jquery-instrumented.js:6496 _PROFILING_INFO_start function null from ../subjects/spine/node_modules/jquery/dist/jquery.js in 8226_PROFILING_INFO_
jquery-instrumented.js:4503 _PROFILING_INFO_start function null from ../subjects/spine/node_modules/jquery/dist/jquery.js in 5784_PROFILING_INFO_
jquery-instrumented.js:4237 _PROFILING_INFO_start function null from ../subjects/spine/node_modules/jquery/dist/jquery.js in 5465_PROFILING_INFO_
jquery-instrumented.js:1207 _PROFILING_INFO_start function null from ../subjects/spine/node_modules/jquery/dist/jquery.js in 1679_PROFILING_INFO_
jquery-instrumented.js:1213 _PROFILING_INFO_start function null from ../subjects/spine/node_modules/jquery/dist/jquery.js in 1684_PROFILING_INFO_
todos-instrumented.js:87 _PROFILING_INFO_start function null from ../subjects/spine/js/controllers/todos.js in 47_PROFILING_INFO_
spine-instrumented.js:916 _PROFILING_INFO_start function null from ../subjects/spine/node_modules/spine/lib/spine.js in 675_PROFILING_INFO_
spine-instrumented.js:926 _PROFILING_INFO_start function null from ../subjects/spine/node_modules/spine/lib/spine.js in 682_PROFILING_INFO_
spine-instrumented.js:1100 _PROFILING_INFO_start function null from ../subjects/spine/node_modules/spine/lib/spine.js in 820_PROFILING_INFO_
handlebars-instrumented.js:116 _PROFILING_INFO_start function isEmpty from ../subjects/spine/node_modules/handlebars/dist/handlebars.js in 114_PROFILING_INFO_
jquery-instrumented.js:1187 _PROFILING_INFO_start function null from ../subjects/spine/node_modules/jquery/dist/jquery.js in 1670_PROFILING_INFO_
jquery-instrumented.js:1199 _PROFILING_INFO_start function null from ../subjects/spine/node_modules/jquery/dist/jquery.js in 1674_PROFILING_INFO_
todos-instrumented.js:94 _PROFILING_INFO_start function null from ../subjects/spine/js/controllers/todos.js in 51_PROFILING_INFO_
jquery-instrumented.js:7018 _PROFILING_INFO_start function null from ../subjects/spine/node_modules/jquery/dist/jquery.js in 8808_PROFILING_INFO_
jquery-instrumented.js:7010 _PROFILING_INFO_start function getClass from ../subjects/spine/node_modules/jquery/dist/jquery.js in 8803_PROFILING_INFO_
jquery-instrumented.js:6640 _PROFILING_INFO_start function null from ../subjects/spine/node_modules/jquery/dist/jquery.js in 8395_PROFILING_INFO_
jquery-instrumented.js:1057 _PROFILING_INFO_start function null from ../subjects/spine/node_modules/jquery/dist/jquery.js in 1480_PROFILING_INFO_
jquery-instrumented.js:7157 _PROFILING_INFO_start function null from ../subjects/spine/node_modules/jquery/dist/jquery.js in 8980_PROFILING_INFO_
jquery-instrumented.js:4585 _PROFILING_INFO_start function null from ../subjects/spine/node_modules/jquery/dist/jquery.js in 5858_PROFILING_INFO_
jquery-instrumented.js:4590 _PROFILING_INFO_start function null from ../subjects/spine/node_modules/jquery/dist/jquery.js in 5859_PROFILING_INFO_
jquery-instrumented.js:4178 _PROFILING_INFO_start function null from ../subjects/spine/node_modules/jquery/dist/jquery.js in 5412_PROFILING_INFO_
jquery-instrumented.js:3759 _PROFILING_INFO_start function safeActiveElement from ../subjects/spine/node_modules/jquery/dist/jquery.js in 4769_PROFILING_INFO_
todos-instrumented.js:133 _PROFILING_INFO_start function null from ../subjects/spine/js/controllers/todos.js in 78_PROFILING_INFO_
todos-instrumented.js:116 _PROFILING_INFO_start function null from ../subjects/spine/js/controllers/todos.js in 67_PROFILING_INFO_
todos-instrumented.js:102 _PROFILING_INFO_start function null from ../subjects/spine/js/controllers/todos.js in 56_PROFILING_INFO_
jquery-instrumented.js:7054 _PROFILING_INFO_start function null from ../subjects/spine/node_modules/jquery/dist/jquery.js in 8846_PROFILING_INFO_
spine-instrumented.js:374 _PROFILING_INFO_start function null from ../subjects/spine/node_modules/spine/lib/spine.js in 260_PROFILING_INFO_
app-instrumented.js:82 _PROFILING_INFO_start function null from ../subjects/spine/js/app.js in 44_PROFILING_INFO_
jquery-instrumented.js:2214 _PROFILING_INFO_start function null from ../subjects/spine/node_modules/jquery/dist/jquery.js in 2834_PROFILING_INFO_
jquery-instrumented.js:2133 _PROFILING_INFO_start function winnow from ../subjects/spine/node_modules/jquery/dist/jquery.js in 2765_PROFILING_INFO_
jquery-instrumented.js:2170 _PROFILING_INFO_start function null from ../subjects/spine/node_modules/jquery/dist/jquery.js in 2794_PROFILING_INFO_
jquery-instrumented.js:384 _PROFILING_INFO_start function null from ../subjects/spine/node_modules/jquery/dist/jquery.js in 455_PROFILING_INFO_
jquery-instrumented.js:2179 _PROFILING_INFO_start function null from ../subjects/spine/node_modules/jquery/dist/jquery.js in 2803_PROFILING_INFO_
jquery-instrumented.js:1020 _PROFILING_INFO_start function null from ../subjects/spine/node_modules/jquery/dist/jquery.js in 1438_PROFILING_INFO_
jquery-instrumented.js:1139 _PROFILING_INFO_start function null from ../subjects/spine/node_modules/jquery/dist/jquery.js in 1594_PROFILING_INFO_
jquery-instrumented.js:1221 _PROFILING_INFO_start function null from ../subjects/spine/node_modules/jquery/dist/jquery.js in 1689_PROFILING_INFO_
jquery-instrumented.js:1226 _PROFILING_INFO_start function null from ../subjects/spine/node_modules/jquery/dist/jquery.js in 1690_PROFILING_INFO_
jquery-instrumented.js:2162 _PROFILING_INFO_start function null from ../subjects/spine/node_modules/jquery/dist/jquery.js in 2789_PROFILING_INFO_
app-instrumented.js:159 _PROFILING_INFO_start function null from ../subjects/spine/js/app.js in 112_PROFILING_INFO_
todo-instrumented.js:72 _PROFILING_INFO_start function null from ../subjects/spine/js/models/todo.js in 29_PROFILING_INFO_
spine-instrumented.js:974 _PROFILING_INFO_start function null from ../subjects/spine/node_modules/spine/lib/spine.js in 721_PROFILING_INFO_
spine-instrumented.js:950 _PROFILING_INFO_start function null from ../subjects/spine/node_modules/spine/lib/spine.js in 700_PROFILING_INFO_
spine-instrumented.js:868 _PROFILING_INFO_start function null from ../subjects/spine/node_modules/spine/lib/spine.js in 637_PROFILING_INFO_
spine-instrumented.js:1231 _PROFILING_INFO_start function null from ../subjects/spine/node_modules/spine/lib/spine.js in 935_PROFILING_INFO_
jquery-instrumented.js:4867 _PROFILING_INFO_start function null from ../subjects/spine/node_modules/jquery/dist/jquery.js in 6254_PROFILING_INFO_
jquery-instrumented.js:4758 _PROFILING_INFO_start function remove from ../subjects/spine/node_modules/jquery/dist/jquery.js in 6106_PROFILING_INFO_
spine-instrumented.js:232 _PROFILING_INFO_start function null from ../subjects/spine/node_modules/spine/lib/spine.js in 153_PROFILING_INFO_
spine-instrumented.js:155 _PROFILING_INFO_start function null from ../subjects/spine/node_modules/spine/lib/spine.js in 90_PROFILING_INFO_
spine-instrumented.js:1149 _PROFILING_INFO_start function null from ../subjects/spine/node_modules/spine/lib/spine.js in 857_PROFILING_INFO_
todos-instrumented.js:80 _PROFILING_INFO_start function null from ../subjects/spine/js/controllers/todos.js in 43_PROFILING_INFO_
app-instrumented.js:143 _PROFILING_INFO_start function null from ../subjects/spine/js/app.js in 98_PROFILING_INFO_
spine-instrumented.js:557 _PROFILING_INFO_start function null from ../subjects/spine/node_modules/spine/lib/spine.js in 404_PROFILING_INFO_
app-instrumented.js:150 _PROFILING_INFO_start function null from ../subjects/spine/js/app.js in 101_PROFILING_INFO_
