base-instrumented.js:5 _PROFILING_INFO_start function null from ../subjects/typescript-backbone/node_modules/todomvc-common/base.js in 2_PROFILING_INFO_
base-instrumented.js:11 _PROFILING_INFO_start function null from ../subjects/typescript-backbone/node_modules/todomvc-common/base.js in 8_PROFILING_INFO_
base-instrumented.js:136 _PROFILING_INFO_start function redirect from ../subjects/typescript-backbone/node_modules/todomvc-common/base.js in 126_PROFILING_INFO_
base-instrumented.js:153 _PROFILING_INFO_start function getFile from ../subjects/typescript-backbone/node_modules/todomvc-common/base.js in 137_PROFILING_INFO_
​ _PROFILING_INFO_start function findRoot from ../subjects/typescript-backbone/node_modules/todomvc-common/base.js in 132_PROFILING_INFO_
​  GET http://localhost:8000/typescript-backbone/learn.json 404 (File not found)
getFile @ base-instrumented.js:160
(anonymous) @ base-instrumented.js:267
(anonymous) @ base-instrumented.js:268
​ _PROFILING_INFO_start function null from ../subjects/typescript-backbone/node_modules/todomvc-common/base.js in 147_PROFILING_INFO_
​ _PROFILING_INFO_start function null from ../subjects/typescript-backbone/node_modules/jquery/dist/jquery.js in 15_PROFILING_INFO_
​ _PROFILING_INFO_start function null from ../subjects/typescript-backbone/node_modules/jquery/dist/jquery.js in 38_PROFILING_INFO_
​ _PROFILING_INFO_start function null from ../subjects/typescript-backbone/node_modules/jquery/dist/jquery.js in 175_PROFILING_INFO_
​ _PROFILING_INFO_start function null from ../subjects/typescript-backbone/node_modules/jquery/dist/jquery.js in 359_PROFILING_INFO_
​ _PROFILING_INFO_start function isArrayLike from ../subjects/typescript-backbone/node_modules/jquery/dist/jquery.js in 529_PROFILING_INFO_
​ _PROFILING_INFO_start function null from ../subjects/typescript-backbone/node_modules/jquery/dist/jquery.js in 311_PROFILING_INFO_
​ _PROFILING_INFO_start function null from ../subjects/typescript-backbone/node_modules/jquery/dist/jquery.js in 264_PROFILING_INFO_
​ _PROFILING_INFO_start function null from ../subjects/typescript-backbone/node_modules/jquery/dist/jquery.js in 525_PROFILING_INFO_
​ _PROFILING_INFO_start function null from ../subjects/typescript-backbone/node_modules/jquery/dist/jquery.js in 556_PROFILING_INFO_
​ _PROFILING_INFO_start function createCache from ../subjects/typescript-backbone/node_modules/jquery/dist/jquery.js in 878_PROFILING_INFO_
​ _PROFILING_INFO_start function markFunction from ../subjects/typescript-backbone/node_modules/jquery/dist/jquery.js in 896_PROFILING_INFO_
​ _PROFILING_INFO_start function createPositionalPseudo from ../subjects/typescript-backbone/node_modules/jquery/dist/jquery.js in 991_PROFILING_INFO_
​ _PROFILING_INFO_start function createInputPseudo from ../subjects/typescript-backbone/node_modules/jquery/dist/jquery.js in 969_PROFILING_INFO_
​ _PROFILING_INFO_start function createButtonPseudo from ../subjects/typescript-backbone/node_modules/jquery/dist/jquery.js in 980_PROFILING_INFO_
​ _PROFILING_INFO_start function setFilters from ../subjects/typescript-backbone/node_modules/jquery/dist/jquery.js in 2059_PROFILING_INFO_
​ _PROFILING_INFO_start function null from ../subjects/typescript-backbone/node_modules/jquery/dist/jquery.js in 588_PROFILING_INFO_
​ _PROFILING_INFO_start function null from ../subjects/typescript-backbone/node_modules/jquery/dist/jquery.js in 1038_PROFILING_INFO_
​ _PROFILING_INFO_start function null from ../subjects/typescript-backbone/node_modules/jquery/dist/jquery.js in 1026_PROFILING_INFO_
​ _PROFILING_INFO_start function assert from ../subjects/typescript-backbone/node_modules/jquery/dist/jquery.js in 905_PROFILING_INFO_
​ _PROFILING_INFO_start function null from ../subjects/typescript-backbone/node_modules/jquery/dist/jquery.js in 1071_PROFILING_INFO_
​ _PROFILING_INFO_start function null from ../subjects/typescript-backbone/node_modules/jquery/dist/jquery.js in 1080_PROFILING_INFO_
​ _PROFILING_INFO_start function null from ../subjects/typescript-backbone/node_modules/jquery/dist/jquery.js in 1092_PROFILING_INFO_
​ _PROFILING_INFO_start function null from ../subjects/typescript-backbone/node_modules/jquery/dist/jquery.js in 1183_PROFILING_INFO_
​ _PROFILING_INFO_start function null from ../subjects/typescript-backbone/node_modules/jquery/dist/jquery.js in 1227_PROFILING_INFO_
​ _PROFILING_INFO_start function null from ../subjects/typescript-backbone/node_modules/jquery/dist/jquery.js in 1258_PROFILING_INFO_
​ _PROFILING_INFO_start function null from ../subjects/typescript-backbone/node_modules/jquery/dist/jquery.js in 2628_PROFILING_INFO_
​ _PROFILING_INFO_start function null from ../subjects/typescript-backbone/node_modules/jquery/dist/jquery.js in 2636_PROFILING_INFO_
​ _PROFILING_INFO_start function null from ../subjects/typescript-backbone/node_modules/jquery/dist/jquery.js in 2649_PROFILING_INFO_
​ _PROFILING_INFO_start function null from ../subjects/typescript-backbone/node_modules/jquery/dist/jquery.js in 2663_PROFILING_INFO_
​ _PROFILING_INFO_start function null from ../subjects/typescript-backbone/node_modules/jquery/dist/jquery.js in 71_PROFILING_INFO_
​ _PROFILING_INFO_start function null from ../subjects/typescript-backbone/node_modules/jquery/dist/jquery.js in 2832_PROFILING_INFO_
​ _PROFILING_INFO_start function null from ../subjects/typescript-backbone/node_modules/jquery/dist/jquery.js in 3081_PROFILING_INFO_
​ _PROFILING_INFO_start function null from ../subjects/typescript-backbone/node_modules/jquery/dist/jquery.js in 3555_PROFILING_INFO_
​ _PROFILING_INFO_start function null from ../subjects/typescript-backbone/node_modules/jquery/dist/jquery.js in 3341_PROFILING_INFO_
​ _PROFILING_INFO_start function null from ../subjects/typescript-backbone/node_modules/jquery/dist/jquery.js in 3144_PROFILING_INFO_
​ _PROFILING_INFO_start function createOptions from ../subjects/typescript-backbone/node_modules/jquery/dist/jquery.js in 3114_PROFILING_INFO_
​ _PROFILING_INFO_start function null from ../subjects/typescript-backbone/node_modules/jquery/dist/jquery.js in 3116_PROFILING_INFO_
​ _PROFILING_INFO_start function null from ../subjects/typescript-backbone/node_modules/jquery/dist/jquery.js in 3396_PROFILING_INFO_
​ _PROFILING_INFO_start function null from ../subjects/typescript-backbone/node_modules/jquery/dist/jquery.js in 3222_PROFILING_INFO_
​ _PROFILING_INFO_start function add from ../subjects/typescript-backbone/node_modules/jquery/dist/jquery.js in 3231_PROFILING_INFO_
​ _PROFILING_INFO_start function null from ../subjects/typescript-backbone/node_modules/jquery/dist/jquery.js in 3232_PROFILING_INFO_
​ _PROFILING_INFO_start function null from ../subjects/typescript-backbone/node_modules/jquery/dist/jquery.js in 258_PROFILING_INFO_
​ _PROFILING_INFO_start function null from ../subjects/typescript-backbone/node_modules/jquery/dist/jquery.js in 3386_PROFILING_INFO_
​ _PROFILING_INFO_start function Data from ../subjects/typescript-backbone/node_modules/jquery/dist/jquery.js in 3660_PROFILING_INFO_
​ _PROFILING_INFO_start function null from ../subjects/typescript-backbone/node_modules/jquery/dist/jquery.js in 4399_PROFILING_INFO_
​ _PROFILING_INFO_start function null from ../subjects/typescript-backbone/node_modules/jquery/dist/jquery.js in 5055_PROFILING_INFO_
​ _PROFILING_INFO_start function null from ../subjects/typescript-backbone/node_modules/jquery/dist/jquery.js in 5555_PROFILING_INFO_
​ _PROFILING_INFO_start function null from ../subjects/typescript-backbone/node_modules/jquery/dist/jquery.js in 5683_PROFILING_INFO_
​ _PROFILING_INFO_start function null from ../subjects/typescript-backbone/node_modules/jquery/dist/jquery.js in 6205_PROFILING_INFO_
​ _PROFILING_INFO_start function addGetHookIf from ../subjects/typescript-backbone/node_modules/jquery/dist/jquery.js in 5845_PROFILING_INFO_
​ _PROFILING_INFO_start function null from ../subjects/typescript-backbone/node_modules/jquery/dist/jquery.js in 6273_PROFILING_INFO_
​ _PROFILING_INFO_start function null from ../subjects/typescript-backbone/node_modules/jquery/dist/jquery.js in 6990_PROFILING_INFO_
​ _PROFILING_INFO_start function genFx from ../subjects/typescript-backbone/node_modules/jquery/dist/jquery.js in 6473_PROFILING_INFO_
​ _PROFILING_INFO_start function null from ../subjects/typescript-backbone/node_modules/jquery/dist/jquery.js in 7007_PROFILING_INFO_
​ _PROFILING_INFO_start function null from ../subjects/typescript-backbone/node_modules/jquery/dist/jquery.js in 7082_PROFILING_INFO_
​ _PROFILING_INFO_start function null from ../subjects/typescript-backbone/node_modules/jquery/dist/jquery.js in 7225_PROFILING_INFO_
​ _PROFILING_INFO_start function null from ../subjects/typescript-backbone/node_modules/jquery/dist/jquery.js in 7360_PROFILING_INFO_
​ _PROFILING_INFO_start function null from ../subjects/typescript-backbone/node_modules/jquery/dist/jquery.js in 7694_PROFILING_INFO_
​ _PROFILING_INFO_start function null from ../subjects/typescript-backbone/node_modules/jquery/dist/jquery.js in 7890_PROFILING_INFO_
​ _PROFILING_INFO_start function null from ../subjects/typescript-backbone/node_modules/jquery/dist/jquery.js in 7921_PROFILING_INFO_
​ _PROFILING_INFO_start function addToPrefiltersOrTransports from ../subjects/typescript-backbone/node_modules/jquery/dist/jquery.js in 8025_PROFILING_INFO_
​ _PROFILING_INFO_start function null from ../subjects/typescript-backbone/node_modules/jquery/dist/jquery.js in 8796_PROFILING_INFO_
​ _PROFILING_INFO_start function null from ../subjects/typescript-backbone/node_modules/jquery/dist/jquery.js in 9034_PROFILING_INFO_
​ _PROFILING_INFO_start function null from ../subjects/typescript-backbone/node_modules/jquery/dist/jquery.js in 8028_PROFILING_INFO_
​ _PROFILING_INFO_start function null from ../subjects/typescript-backbone/node_modules/jquery/dist/jquery.js in 8341_PROFILING_INFO_
​ _PROFILING_INFO_start function ajaxExtend from ../subjects/typescript-backbone/node_modules/jquery/dist/jquery.js in 8088_PROFILING_INFO_
​ _PROFILING_INFO_start function null from ../subjects/typescript-backbone/node_modules/jquery/dist/jquery.js in 278_PROFILING_INFO_
​ _PROFILING_INFO_start function null from ../subjects/typescript-backbone/node_modules/jquery/dist/jquery.js in 9469_PROFILING_INFO_
​ _PROFILING_INFO_start function null from ../subjects/typescript-backbone/node_modules/jquery/dist/jquery.js in 9643_PROFILING_INFO_
​ _PROFILING_INFO_start function null from ../subjects/typescript-backbone/node_modules/jquery/dist/jquery.js in 9673_PROFILING_INFO_
​ _PROFILING_INFO_start function null from ../subjects/typescript-backbone/node_modules/jquery/dist/jquery.js in 9690_PROFILING_INFO_
​ _PROFILING_INFO_start function null from ../subjects/typescript-backbone/node_modules/jquery/dist/jquery.js in 9692_PROFILING_INFO_
​ _PROFILING_INFO_start function null from ../subjects/typescript-backbone/node_modules/lodash/index.js in 10_PROFILING_INFO_
​ _PROFILING_INFO_start function null from ../subjects/typescript-backbone/node_modules/lodash/index.js in 135_PROFILING_INFO_
​ _PROFILING_INFO_start function runInContext from ../subjects/typescript-backbone/node_modules/lodash/index.js in 698_PROFILING_INFO_
​ _PROFILING_INFO_start function getNative from ../subjects/typescript-backbone/node_modules/lodash/index.js in 3942_PROFILING_INFO_
​ _PROFILING_INFO_start function isNative from ../subjects/typescript-backbone/node_modules/lodash/index.js in 8834_PROFILING_INFO_
​ _PROFILING_INFO_start function isFunction from ../subjects/typescript-backbone/node_modules/lodash/index.js in 8709_PROFILING_INFO_
​ _PROFILING_INFO_start function isObject from ../subjects/typescript-backbone/node_modules/lodash/index.js in 8736_PROFILING_INFO_
​ _PROFILING_INFO_start function null from ../subjects/typescript-backbone/node_modules/lodash/index.js in 1747_PROFILING_INFO_
​ _PROFILING_INFO_start function createBaseEach from ../subjects/typescript-backbone/node_modules/lodash/index.js in 3039_PROFILING_INFO_
​ _PROFILING_INFO_start function createBaseFor from ../subjects/typescript-backbone/node_modules/lodash/index.js in 3064_PROFILING_INFO_
​ _PROFILING_INFO_start function baseProperty from ../subjects/typescript-backbone/node_modules/lodash/index.js in 2450_PROFILING_INFO_
​ _PROFILING_INFO_start function null from ../subjects/typescript-backbone/node_modules/lodash/index.js in 4341_PROFILING_INFO_
​ _PROFILING_INFO_start function restParam from ../subjects/typescript-backbone/node_modules/lodash/index.js in 8136_PROFILING_INFO_
​ _PROFILING_INFO_start function createFindIndex from ../subjects/typescript-backbone/node_modules/lodash/index.js in 3255_PROFILING_INFO_
​ _PROFILING_INFO_start function createSortedIndex from ../subjects/typescript-backbone/node_modules/lodash/index.js in 3623_PROFILING_INFO_
​ _PROFILING_INFO_start function createAggregator from ../subjects/typescript-backbone/node_modules/lodash/index.js in 2973_PROFILING_INFO_
​ _PROFILING_INFO_start function createFind from ../subjects/typescript-backbone/node_modules/lodash/index.js in 3237_PROFILING_INFO_
​ _PROFILING_INFO_start function createForEach from ../subjects/typescript-backbone/node_modules/lodash/index.js in 3342_PROFILING_INFO_
​ _PROFILING_INFO_start function createReduce from ../subjects/typescript-backbone/node_modules/lodash/index.js in 3441_PROFILING_INFO_
​ _PROFILING_INFO_start function createCurry from ../subjects/typescript-backbone/node_modules/lodash/index.js in 3173_PROFILING_INFO_
​ _PROFILING_INFO_start function createFlow from ../subjects/typescript-backbone/node_modules/lodash/index.js in 3286_PROFILING_INFO_
​ _PROFILING_INFO_start function createPartial from ../subjects/typescript-backbone/node_modules/lodash/index.js in 3425_PROFILING_INFO_
​ _PROFILING_INFO_start function createAssigner from ../subjects/typescript-backbone/node_modules/lodash/index.js in 3002_PROFILING_INFO_
​ _PROFILING_INFO_start function createDefaults from ../subjects/typescript-backbone/node_modules/lodash/index.js in 3193_PROFILING_INFO_
​ _PROFILING_INFO_start function createFindKey from ../subjects/typescript-backbone/node_modules/lodash/index.js in 3272_PROFILING_INFO_
​ _PROFILING_INFO_start function createForIn from ../subjects/typescript-backbone/node_modules/lodash/index.js in 3357_PROFILING_INFO_
​ _PROFILING_INFO_start function createForOwn from ../subjects/typescript-backbone/node_modules/lodash/index.js in 3373_PROFILING_INFO_
​ _PROFILING_INFO_start function createObjectMapper from ../subjects/typescript-backbone/node_modules/lodash/index.js in 3389_PROFILING_INFO_
​ _PROFILING_INFO_start function createCompounder from ../subjects/typescript-backbone/node_modules/lodash/index.js in 3119_PROFILING_INFO_
​ _PROFILING_INFO_start function createPadDir from ../subjects/typescript-backbone/node_modules/lodash/index.js in 3411_PROFILING_INFO_
​ _PROFILING_INFO_start function createRound from ../subjects/typescript-backbone/node_modules/lodash/index.js in 3604_PROFILING_INFO_
​ _PROFILING_INFO_start function createExtremum from ../subjects/typescript-backbone/node_modules/lodash/index.js in 3212_PROFILING_INFO_
​ _PROFILING_INFO_start function null from ../subjects/typescript-backbone/node_modules/lodash/index.js in 1749_PROFILING_INFO_
​ _PROFILING_INFO_start function object from ../subjects/typescript-backbone/node_modules/lodash/index.js in 1748_PROFILING_INFO_
​ _PROFILING_INFO_start function mixin from ../subjects/typescript-backbone/node_modules/lodash/index.js in 11326_PROFILING_INFO_
​ _PROFILING_INFO_start function null from ../subjects/typescript-backbone/node_modules/lodash/index.js in 9671_PROFILING_INFO_
​ _PROFILING_INFO_start function baseFunctions from ../subjects/typescript-backbone/node_modules/lodash/index.js in 2071_PROFILING_INFO_
​ _PROFILING_INFO_start function null from ../subjects/typescript-backbone/node_modules/lodash/index.js in 11358_PROFILING_INFO_
​ _PROFILING_INFO_start function null from ../subjects/typescript-backbone/node_modules/lodash/index.js in 12073_PROFILING_INFO_
​ _PROFILING_INFO_start function baseForOwn from ../subjects/typescript-backbone/node_modules/lodash/index.js in 2045_PROFILING_INFO_
​ _PROFILING_INFO_start function null from ../subjects/typescript-backbone/node_modules/lodash/index.js in 3065_PROFILING_INFO_
​ _PROFILING_INFO_start function toObject from ../subjects/typescript-backbone/node_modules/lodash/index.js in 4413_PROFILING_INFO_
​ _PROFILING_INFO_start function null from ../subjects/typescript-backbone/node_modules/lodash/index.js in 12075_PROFILING_INFO_
​ _PROFILING_INFO_start function isArrayLike from ../subjects/typescript-backbone/node_modules/lodash/index.js in 4074_PROFILING_INFO_
​ _PROFILING_INFO_start function null from ../subjects/typescript-backbone/node_modules/lodash/index.js in 2451_PROFILING_INFO_
​ _PROFILING_INFO_start function isLength from ../subjects/typescript-backbone/node_modules/lodash/index.js in 4164_PROFILING_INFO_
​ _PROFILING_INFO_start function arrayEach from ../subjects/typescript-backbone/node_modules/lodash/index.js in 1284_PROFILING_INFO_
​ _PROFILING_INFO_start function null from ../subjects/typescript-backbone/node_modules/lodash/index.js in 12109_PROFILING_INFO_
​ _PROFILING_INFO_start function null from ../subjects/typescript-backbone/node_modules/lodash/index.js in 12114_PROFILING_INFO_
​ _PROFILING_INFO_start function null from ../subjects/typescript-backbone/node_modules/lodash/index.js in 12137_PROFILING_INFO_
​ _PROFILING_INFO_start function null from ../subjects/typescript-backbone/node_modules/lodash/index.js in 12150_PROFILING_INFO_
​ _PROFILING_INFO_start function null from ../subjects/typescript-backbone/node_modules/lodash/index.js in 12159_PROFILING_INFO_
​ _PROFILING_INFO_start function null from ../subjects/typescript-backbone/node_modules/lodash/index.js in 12168_PROFILING_INFO_
​ _PROFILING_INFO_start function shimKeys from ../subjects/typescript-backbone/node_modules/lodash/index.js in 4369_PROFILING_INFO_
​ _PROFILING_INFO_start function keysIn from ../subjects/typescript-backbone/node_modules/lodash/index.js in 9702_PROFILING_INFO_
​ _PROFILING_INFO_start function null from ../subjects/typescript-backbone/node_modules/lodash/index.js in 12216_PROFILING_INFO_
​ _PROFILING_INFO_start function null from ../subjects/typescript-backbone/node_modules/lodash/index.js in 12265_PROFILING_INFO_
​ _PROFILING_INFO_start function null from ../subjects/typescript-backbone/node_modules/lodash/index.js in 12282_PROFILING_INFO_
​ _PROFILING_INFO_start function createHybridWrapper from ../subjects/typescript-backbone/node_modules/lodash/index.js in 3467_PROFILING_INFO_
​ _PROFILING_INFO_start function null from ../subjects/typescript-backbone/node_modules/backbone/backbone.js in 8_PROFILING_INFO_
​ _PROFILING_INFO_start function null from ../subjects/typescript-backbone/node_modules/backbone/backbone.js in 34_PROFILING_INFO_
​ _PROFILING_INFO_start function null from ../subjects/typescript-backbone/node_modules/lodash/index.js in 8141_PROFILING_INFO_
​ _PROFILING_INFO_start function null from ../subjects/typescript-backbone/node_modules/lodash/index.js in 3003_PROFILING_INFO_
​ _PROFILING_INFO_start function null from ../subjects/typescript-backbone/node_modules/lodash/index.js in 9206_PROFILING_INFO_
​ _PROFILING_INFO_start function baseAssign from ../subjects/typescript-backbone/node_modules/lodash/index.js in 1588_PROFILING_INFO_
​ _PROFILING_INFO_start function null from ../subjects/typescript-backbone/node_modules/lodash/index.js in 9671_PROFILING_INFO_
​ _PROFILING_INFO_start function isArrayLike from ../subjects/typescript-backbone/node_modules/lodash/index.js in 4074_PROFILING_INFO_
​ _PROFILING_INFO_start function null from ../subjects/typescript-backbone/node_modules/lodash/index.js in 2451_PROFILING_INFO_
​ _PROFILING_INFO_start function isLength from ../subjects/typescript-backbone/node_modules/lodash/index.js in 4164_PROFILING_INFO_
​ _PROFILING_INFO_start function isObject from ../subjects/typescript-backbone/node_modules/lodash/index.js in 8736_PROFILING_INFO_
​ _PROFILING_INFO_start function baseCopy from ../subjects/typescript-backbone/node_modules/lodash/index.js in 1631_PROFILING_INFO_
​ _PROFILING_INFO_start function null from ../subjects/typescript-backbone/node_modules/lodash/index.js in 3343_PROFILING_INFO_
​ _PROFILING_INFO_start function arrayEach from ../subjects/typescript-backbone/node_modules/lodash/index.js in 1284_PROFILING_INFO_
​ _PROFILING_INFO_start function null from ../subjects/typescript-backbone/node_modules/backbone/backbone.js in 1532_PROFILING_INFO_
​ _PROFILING_INFO_start function null from ../subjects/typescript-backbone/node_modules/backbone/backbone.js in 1489_PROFILING_INFO_
​ _PROFILING_INFO_start function bindCallback from ../subjects/typescript-backbone/node_modules/lodash/index.js in 2862_PROFILING_INFO_
​ _PROFILING_INFO_start function null from ../subjects/typescript-backbone/node_modules/lodash/index.js in 3040_PROFILING_INFO_
​ _PROFILING_INFO_start function baseForOwn from ../subjects/typescript-backbone/node_modules/lodash/index.js in 2045_PROFILING_INFO_
​ _PROFILING_INFO_start function null from ../subjects/typescript-backbone/node_modules/lodash/index.js in 3065_PROFILING_INFO_
​ _PROFILING_INFO_start function toObject from ../subjects/typescript-backbone/node_modules/lodash/index.js in 4413_PROFILING_INFO_
​ _PROFILING_INFO_start function null from ../subjects/typescript-backbone/node_modules/backbone/backbone.js in 1490_PROFILING_INFO_
​ _PROFILING_INFO_start function null from ../subjects/typescript-backbone/node_modules/backbone/backbone.js in 1467_PROFILING_INFO_
​ _PROFILING_INFO_start function null from ../subjects/typescript-backbone/node_modules/backbone/backbone.js in 1755_PROFILING_INFO_
​ _PROFILING_INFO_start function null from ../subjects/typescript-backbone/node_modules/backbone.localstorage/backbone.localStorage.js in 7_PROFILING_INFO_
​ _PROFILING_INFO_start function null from ../subjects/typescript-backbone/node_modules/backbone.localstorage/backbone.localStorage.js in 19_PROFILING_INFO_
​ _PROFILING_INFO_start function extend from ../subjects/typescript-backbone/node_modules/backbone.localstorage/backbone.localStorage.js in 44_PROFILING_INFO_
​ _PROFILING_INFO_start function null from ../subjects/typescript-backbone/js/app.js in 50_PROFILING_INFO_
​ _PROFILING_INFO_start function null from ../subjects/typescript-backbone/js/app.js in 42_PROFILING_INFO_
​ _PROFILING_INFO_start function __ from ../subjects/typescript-backbone/js/app.js in 44_PROFILING_INFO_
​ _PROFILING_INFO_start function null from ../subjects/typescript-backbone/js/app.js in 82_PROFILING_INFO_
​ _PROFILING_INFO_start function TodoList from ../subjects/typescript-backbone/js/app.js in 84_PROFILING_INFO_
​ _PROFILING_INFO_start function null from ../subjects/typescript-backbone/node_modules/backbone/backbone.js in 762_PROFILING_INFO_
​ _PROFILING_INFO_start function null from ../subjects/typescript-backbone/node_modules/backbone/backbone.js in 797_PROFILING_INFO_
​ _PROFILING_INFO_start function null from ../subjects/typescript-backbone/node_modules/backbone/backbone.js in 1126_PROFILING_INFO_
​ _PROFILING_INFO_start function null from ../subjects/typescript-backbone/node_modules/backbone/backbone.js in 801_PROFILING_INFO_
​ _PROFILING_INFO_start function null from ../subjects/typescript-backbone/node_modules/backbone.localstorage/backbone.localStorage.js in 58_PROFILING_INFO_
​ _PROFILING_INFO_start function null from ../subjects/typescript-backbone/node_modules/backbone.localstorage/backbone.localStorage.js in 136_PROFILING_INFO_
​ _PROFILING_INFO_start function null from ../subjects/typescript-backbone/js/app.js in 118_PROFILING_INFO_
​ _PROFILING_INFO_start function null from ../subjects/typescript-backbone/js/app.js in 199_PROFILING_INFO_
​ _PROFILING_INFO_start function null from ../subjects/typescript-backbone/js/app.js in 219_PROFILING_INFO_
​ _PROFILING_INFO_start function null from ../subjects/typescript-backbone/node_modules/jquery/dist/jquery.js in 71_PROFILING_INFO_
​ _PROFILING_INFO_start function null from ../subjects/typescript-backbone/node_modules/jquery/dist/jquery.js in 2832_PROFILING_INFO_
​ _PROFILING_INFO_start function null from ../subjects/typescript-backbone/node_modules/jquery/dist/jquery.js in 258_PROFILING_INFO_
​ _PROFILING_INFO_start function null from ../subjects/typescript-backbone/node_modules/jquery/dist/jquery.js in 311_PROFILING_INFO_
​ _PROFILING_INFO_start function null from ../subjects/typescript-backbone/node_modules/jquery/dist/jquery.js in 3493_PROFILING_INFO_
​ _PROFILING_INFO_start function null from ../subjects/typescript-backbone/node_modules/jquery/dist/jquery.js in 3555_PROFILING_INFO_
​ _PROFILING_INFO_start function null from ../subjects/typescript-backbone/node_modules/jquery/dist/jquery.js in 3386_PROFILING_INFO_
​ _PROFILING_INFO_start function null from ../subjects/typescript-backbone/node_modules/jquery/dist/jquery.js in 3222_PROFILING_INFO_
​ _PROFILING_INFO_start function add from ../subjects/typescript-backbone/node_modules/jquery/dist/jquery.js in 3231_PROFILING_INFO_
​ _PROFILING_INFO_start function null from ../subjects/typescript-backbone/node_modules/jquery/dist/jquery.js in 359_PROFILING_INFO_
​ _PROFILING_INFO_start function isArrayLike from ../subjects/typescript-backbone/node_modules/jquery/dist/jquery.js in 529_PROFILING_INFO_
​ _PROFILING_INFO_start function null from ../subjects/typescript-backbone/node_modules/jquery/dist/jquery.js in 264_PROFILING_INFO_
​ _PROFILING_INFO_start function null from ../subjects/typescript-backbone/node_modules/jquery/dist/jquery.js in 3232_PROFILING_INFO_
​ _PROFILING_INFO_start function completed from ../subjects/typescript-backbone/node_modules/jquery/dist/jquery.js in 3549_PROFILING_INFO_
​ _PROFILING_INFO_start function null from ../subjects/typescript-backbone/node_modules/jquery/dist/jquery.js in 3520_PROFILING_INFO_
​ _PROFILING_INFO_start function null from ../subjects/typescript-backbone/node_modules/jquery/dist/jquery.js in 3311_PROFILING_INFO_
​ _PROFILING_INFO_start function null from ../subjects/typescript-backbone/node_modules/jquery/dist/jquery.js in 3174_PROFILING_INFO_
​ _PROFILING_INFO_start function null from ../subjects/typescript-backbone/node_modules/jquery/dist/jquery.js in 3405_PROFILING_INFO_
​ _PROFILING_INFO_start function null from ../subjects/typescript-backbone/node_modules/jquery/dist/jquery.js in 3287_PROFILING_INFO_
​ _PROFILING_INFO_start function null from ../subjects/typescript-backbone/node_modules/jquery/dist/jquery.js in 3299_PROFILING_INFO_
​ _PROFILING_INFO_start function null from ../subjects/typescript-backbone/js/app.js in 324_PROFILING_INFO_
​ _PROFILING_INFO_start function AppView from ../subjects/typescript-backbone/js/app.js in 221_PROFILING_INFO_
​ _PROFILING_INFO_start function null from ../subjects/typescript-backbone/node_modules/backbone/backbone.js in 1305_PROFILING_INFO_
​ _PROFILING_INFO_start function uniqueId from ../subjects/typescript-backbone/node_modules/lodash/index.js in 11588_PROFILING_INFO_
​ _PROFILING_INFO_start function baseToString from ../subjects/typescript-backbone/node_modules/lodash/index.js in 379_PROFILING_INFO_
​ _PROFILING_INFO_start function null from ../subjects/typescript-backbone/node_modules/backbone/backbone.js in 1333_PROFILING_INFO_
​ _PROFILING_INFO_start function null from ../subjects/typescript-backbone/node_modules/lodash/index.js in 8141_PROFILING_INFO_
​ _PROFILING_INFO_start function null from ../subjects/typescript-backbone/node_modules/lodash/index.js in 9888_PROFILING_INFO_
​ _PROFILING_INFO_start function null from ../subjects/typescript-backbone/node_modules/lodash/index.js in 3003_PROFILING_INFO_
​ _PROFILING_INFO_start function null from ../subjects/typescript-backbone/node_modules/lodash/index.js in 9206_PROFILING_INFO_
​ _PROFILING_INFO_start function baseAssign from ../subjects/typescript-backbone/node_modules/lodash/index.js in 1588_PROFILING_INFO_
​ _PROFILING_INFO_start function null from ../subjects/typescript-backbone/node_modules/lodash/index.js in 9671_PROFILING_INFO_
​ _PROFILING_INFO_start function isArrayLike from ../subjects/typescript-backbone/node_modules/lodash/index.js in 4074_PROFILING_INFO_
​ _PROFILING_INFO_start function null from ../subjects/typescript-backbone/node_modules/lodash/index.js in 2451_PROFILING_INFO_
​ _PROFILING_INFO_start function isLength from ../subjects/typescript-backbone/node_modules/lodash/index.js in 4164_PROFILING_INFO_
​ _PROFILING_INFO_start function isObject from ../subjects/typescript-backbone/node_modules/lodash/index.js in 8736_PROFILING_INFO_
​ _PROFILING_INFO_start function baseCopy from ../subjects/typescript-backbone/node_modules/lodash/index.js in 1631_PROFILING_INFO_
​ _PROFILING_INFO_start function null from ../subjects/typescript-backbone/node_modules/backbone/backbone.js in 1440_PROFILING_INFO_
​ _PROFILING_INFO_start function result from ../subjects/typescript-backbone/node_modules/lodash/index.js in 9925_PROFILING_INFO_
​ _PROFILING_INFO_start function isKey from ../subjects/typescript-backbone/node_modules/lodash/index.js in 4123_PROFILING_INFO_
​ _PROFILING_INFO_start function isFunction from ../subjects/typescript-backbone/node_modules/lodash/index.js in 8709_PROFILING_INFO_
​ _PROFILING_INFO_start function null from ../subjects/typescript-backbone/node_modules/backbone/backbone.js in 1432_PROFILING_INFO_
​ _PROFILING_INFO_start function null from ../subjects/typescript-backbone/node_modules/backbone/backbone.js in 1363_PROFILING_INFO_
​ _PROFILING_INFO_start function null from ../subjects/typescript-backbone/node_modules/backbone/backbone.js in 1418_PROFILING_INFO_
​ _PROFILING_INFO_start function null from ../subjects/typescript-backbone/node_modules/backbone/backbone.js in 1375_PROFILING_INFO_
​ _PROFILING_INFO_start function null from ../subjects/typescript-backbone/node_modules/backbone/backbone.js in 1393_PROFILING_INFO_
​ _PROFILING_INFO_start function null from ../subjects/typescript-backbone/node_modules/backbone/backbone.js in 1454_PROFILING_INFO_
​ _PROFILING_INFO_start function null from ../subjects/typescript-backbone/node_modules/jquery/dist/jquery.js in 7115_PROFILING_INFO_
​ _PROFILING_INFO_start function null from ../subjects/typescript-backbone/node_modules/jquery/dist/jquery.js in 3590_PROFILING_INFO_
​ _PROFILING_INFO_start function null from ../subjects/typescript-backbone/node_modules/backbone/backbone.js in 1337_PROFILING_INFO_
​ _PROFILING_INFO_start function null from ../subjects/typescript-backbone/node_modules/jquery/dist/jquery.js in 2775_PROFILING_INFO_
​ _PROFILING_INFO_start function Sizzle from ../subjects/typescript-backbone/node_modules/jquery/dist/jquery.js in 738_PROFILING_INFO_
​ _PROFILING_INFO_start function null from ../subjects/typescript-backbone/node_modules/jquery/dist/jquery.js in 122_PROFILING_INFO_
​ _PROFILING_INFO_start function null from ../subjects/typescript-backbone/node_modules/jquery/dist/jquery.js in 409_PROFILING_INFO_
​ _PROFILING_INFO_start function null from ../subjects/typescript-backbone/node_modules/jquery/dist/jquery.js in 5085_PROFILING_INFO_
​ _PROFILING_INFO_start function null from ../subjects/typescript-backbone/node_modules/jquery/dist/jquery.js in 136_PROFILING_INFO_
​ _PROFILING_INFO_start function null from ../subjects/typescript-backbone/node_modules/jquery/dist/jquery.js in 5117_PROFILING_INFO_
​ _PROFILING_INFO_start function null from ../subjects/typescript-backbone/node_modules/jquery/dist/jquery.js in 4624_PROFILING_INFO_
​ _PROFILING_INFO_start function null from ../subjects/typescript-backbone/node_modules/jquery/dist/jquery.js in 3846_PROFILING_INFO_
​ _PROFILING_INFO_start function null from ../subjects/typescript-backbone/node_modules/backbone/backbone.js in 1410_PROFILING_INFO_
​ _PROFILING_INFO_start function null from ../subjects/typescript-backbone/node_modules/jquery/dist/jquery.js in 5079_PROFILING_INFO_
​ _PROFILING_INFO_start function on from ../subjects/typescript-backbone/node_modules/jquery/dist/jquery.js in 4446_PROFILING_INFO_
​ _PROFILING_INFO_start function null from ../subjects/typescript-backbone/node_modules/jquery/dist/jquery.js in 4502_PROFILING_INFO_
​ _PROFILING_INFO_start function null from ../subjects/typescript-backbone/node_modules/jquery/dist/jquery.js in 4515_PROFILING_INFO_
​ _PROFILING_INFO_start function null from ../subjects/typescript-backbone/node_modules/jquery/dist/jquery.js in 3746_PROFILING_INFO_
​ _PROFILING_INFO_start function null from ../subjects/typescript-backbone/node_modules/jquery/dist/jquery.js in 3688_PROFILING_INFO_
​ _PROFILING_INFO_start function null from ../subjects/typescript-backbone/node_modules/jquery/dist/jquery.js in 3645_PROFILING_INFO_
​ _PROFILING_INFO_start function null from ../subjects/typescript-backbone/node_modules/jquery/dist/jquery.js in 175_PROFILING_INFO_
​ _PROFILING_INFO_start function null from ../subjects/typescript-backbone/node_modules/lodash/index.js in 7444_PROFILING_INFO_
​ _PROFILING_INFO_start function baseFlatten from ../subjects/typescript-backbone/node_modules/lodash/index.js in 1974_PROFILING_INFO_
​ _PROFILING_INFO_start function isObjectLike from ../subjects/typescript-backbone/node_modules/lodash/index.js in 550_PROFILING_INFO_
​ _PROFILING_INFO_start function createWrapper from ../subjects/typescript-backbone/node_modules/lodash/index.js in 3657_PROFILING_INFO_
​ _PROFILING_INFO_start function null from ../subjects/typescript-backbone/node_modules/lodash/index.js in 3864_PROFILING_INFO_
​ _PROFILING_INFO_start function createBindWrapper from ../subjects/typescript-backbone/node_modules/lodash/index.js in 3090_PROFILING_INFO_
​ _PROFILING_INFO_start function createCtorWrapper from ../subjects/typescript-backbone/node_modules/lodash/index.js in 3141_PROFILING_INFO_
​ _PROFILING_INFO_start function null from ../subjects/typescript-backbone/node_modules/lodash/index.js in 4345_PROFILING_INFO_
​ _PROFILING_INFO_start function null from ../subjects/typescript-backbone/node_modules/lodash/index.js in 2536_PROFILING_INFO_
​ _PROFILING_INFO_start function null from ../subjects/typescript-backbone/node_modules/backbone/backbone.js in 1327_PROFILING_INFO_
​ _PROFILING_INFO_start function null from ../subjects/typescript-backbone/node_modules/jquery/dist/jquery.js in 5491_PROFILING_INFO_
​ _PROFILING_INFO_start function null from ../subjects/typescript-backbone/node_modules/jquery/dist/jquery.js in 5492_PROFILING_INFO_
​ _PROFILING_INFO_start function template from ../subjects/typescript-backbone/node_modules/lodash/index.js in 10715_PROFILING_INFO_
​ _PROFILING_INFO_start function assignWith from ../subjects/typescript-backbone/node_modules/lodash/index.js in 1561_PROFILING_INFO_
​ _PROFILING_INFO_start function assignOwnDefaults from ../subjects/typescript-backbone/node_modules/lodash/index.js in 1544_PROFILING_INFO_
​ _PROFILING_INFO_start function baseValues from ../subjects/typescript-backbone/node_modules/lodash/index.js in 2716_PROFILING_INFO_
​ _PROFILING_INFO_start function null from ../subjects/typescript-backbone/node_modules/lodash/index.js in 10751_PROFILING_INFO_
​ _PROFILING_INFO_start function escapeStringChar from ../subjects/typescript-backbone/node_modules/lodash/index.js in 517_PROFILING_INFO_
​ _PROFILING_INFO_start function null from ../subjects/typescript-backbone/node_modules/lodash/index.js in 11080_PROFILING_INFO_
​ _PROFILING_INFO_start function null from ../subjects/typescript-backbone/node_modules/lodash/index.js in 10808_PROFILING_INFO_
​ _PROFILING_INFO_start function isError from ../subjects/typescript-backbone/node_modules/lodash/index.js in 8658_PROFILING_INFO_
​ _PROFILING_INFO_start function null from ../subjects/typescript-backbone/node_modules/backbone/backbone.js in 117_PROFILING_INFO_
​ _PROFILING_INFO_start function null from ../subjects/typescript-backbone/node_modules/backbone/backbone.js in 95_PROFILING_INFO_
​ _PROFILING_INFO_start function null from ../subjects/typescript-backbone/node_modules/backbone/backbone.js in 163_PROFILING_INFO_
​ _PROFILING_INFO_start function null from ../subjects/typescript-backbone/node_modules/backbone/backbone.js in 1057_PROFILING_INFO_
​ _PROFILING_INFO_start function null from ../subjects/typescript-backbone/node_modules/backbone/backbone.js in 2097_PROFILING_INFO_
​ _PROFILING_INFO_start function null from ../subjects/typescript-backbone/node_modules/backbone/backbone.js in 810_PROFILING_INFO_
​ _PROFILING_INFO_start function null from ../subjects/typescript-backbone/node_modules/backbone.localstorage/backbone.localStorage.js in 253_PROFILING_INFO_
​ _PROFILING_INFO_start function null from ../subjects/typescript-backbone/node_modules/backbone.localstorage/backbone.localStorage.js in 241_PROFILING_INFO_
​ _PROFILING_INFO_start function result from ../subjects/typescript-backbone/node_modules/backbone.localstorage/backbone.localStorage.js in 49_PROFILING_INFO_
​ _PROFILING_INFO_start function null from ../subjects/typescript-backbone/node_modules/backbone.localstorage/backbone.localStorage.js in 172_PROFILING_INFO_
​ _PROFILING_INFO_start function null from ../subjects/typescript-backbone/node_modules/jquery/dist/jquery.js in 3341_PROFILING_INFO_
​ _PROFILING_INFO_start function null from ../subjects/typescript-backbone/node_modules/jquery/dist/jquery.js in 3144_PROFILING_INFO_
​ _PROFILING_INFO_start function createOptions from ../subjects/typescript-backbone/node_modules/jquery/dist/jquery.js in 3114_PROFILING_INFO_
​ _PROFILING_INFO_start function null from ../subjects/typescript-backbone/node_modules/jquery/dist/jquery.js in 3116_PROFILING_INFO_
​ _PROFILING_INFO_start function null from ../subjects/typescript-backbone/node_modules/jquery/dist/jquery.js in 3396_PROFILING_INFO_
​ _PROFILING_INFO_start function null from ../subjects/typescript-backbone/node_modules/backbone.localstorage/backbone.localStorage.js in 113_PROFILING_INFO_
​ _PROFILING_INFO_start function null from ../subjects/typescript-backbone/node_modules/backbone/backbone.js in 1061_PROFILING_INFO_
​ _PROFILING_INFO_start function null from ../subjects/typescript-backbone/node_modules/backbone/backbone.js in 838_PROFILING_INFO_
​ _PROFILING_INFO_start function null from ../subjects/typescript-backbone/node_modules/backbone/backbone.js in 1185_PROFILING_INFO_
​ _PROFILING_INFO_start function null from ../subjects/typescript-backbone/node_modules/backbone/backbone.js in 1092_PROFILING_INFO_
​ _PROFILING_INFO_start function isString from ../subjects/typescript-backbone/node_modules/lodash/index.js in 8977_PROFILING_INFO_
​ _PROFILING_INFO_start function null from ../subjects/typescript-backbone/node_modules/backbone/backbone.js in 305_PROFILING_INFO_
​ _PROFILING_INFO_start function null from ../subjects/typescript-backbone/node_modules/backbone/backbone.js in 317_PROFILING_INFO_
​ _PROFILING_INFO_start function null from ../subjects/typescript-backbone/node_modules/backbone/backbone.js in 331_PROFILING_INFO_
​ _PROFILING_INFO_start function wrapper from ../subjects/typescript-backbone/node_modules/lodash/index.js in 3093_PROFILING_INFO_
​ _PROFILING_INFO_start function null from ../subjects/typescript-backbone/js/app.js in 253_PROFILING_INFO_
​ _PROFILING_INFO_start function null from ../subjects/typescript-backbone/js/app.js in 92_PROFILING_INFO_
​ _PROFILING_INFO_start function null from ../subjects/typescript-backbone/node_modules/backbone/backbone.js in 1475_PROFILING_INFO_
backbone-instrumented.js:1553 _PROFILING_INFO_start function null from ../subjects/typescript-backbone/node_modules/backbone/backbone.js in 1496_PROFILING_INFO_
index-instrumented.js:3523 _PROFILING_INFO_start function filter from ../subjects/typescript-backbone/node_modules/lodash/index.js in 6306_PROFILING_INFO_
index-instrumented.js:2512 _PROFILING_INFO_start function getCallback from ../subjects/typescript-backbone/node_modules/lodash/index.js in 3851_PROFILING_INFO_
index-instrumented.js:868 _PROFILING_INFO_start function baseCallback from ../subjects/typescript-backbone/node_modules/lodash/index.js in 1654_PROFILING_INFO_
index-instrumented.js:716 _PROFILING_INFO_start function arrayFilter from ../subjects/typescript-backbone/node_modules/lodash/index.js in 1376_PROFILING_INFO_
app-instrumented.js:98 _PROFILING_INFO_start function null from ../subjects/typescript-backbone/js/app.js in 96_PROFILING_INFO_
backbone-instrumented.js:1528 _PROFILING_INFO_start function null from ../subjects/typescript-backbone/node_modules/backbone/backbone.js in 1481_PROFILING_INFO_
index-instrumented.js:3326 _PROFILING_INFO_start function null from ../subjects/typescript-backbone/node_modules/lodash/index.js in 5719_PROFILING_INFO_
index-instrumented.js:976 _PROFILING_INFO_start function baseDifference from ../subjects/typescript-backbone/node_modules/lodash/index.js in 1785_PROFILING_INFO_
jquery-instrumented.js:2746 _PROFILING_INFO_start function null from ../subjects/typescript-backbone/node_modules/jquery/dist/jquery.js in 3415_PROFILING_INFO_
app-instrumented.js:234 _PROFILING_INFO_start function TodoRouter from ../subjects/typescript-backbone/js/app.js in 201_PROFILING_INFO_
backbone-instrumented.js:1753 _PROFILING_INFO_start function null from ../subjects/typescript-backbone/node_modules/backbone/backbone.js in 1646_PROFILING_INFO_
backbone-instrumented.js:1770 _PROFILING_INFO_start function null from ../subjects/typescript-backbone/node_modules/backbone/backbone.js in 1666_PROFILING_INFO_
backbone-instrumented.js:1826 _PROFILING_INFO_start function null from ../subjects/typescript-backbone/node_modules/backbone/backbone.js in 1712_PROFILING_INFO_
backbone-instrumented.js:1776 _PROFILING_INFO_start function null from ../subjects/typescript-backbone/node_modules/backbone/backbone.js in 1670_PROFILING_INFO_
backbone-instrumented.js:1782 _PROFILING_INFO_start function null from ../subjects/typescript-backbone/node_modules/backbone/backbone.js in 1678_PROFILING_INFO_
index-instrumented.js:4336 _PROFILING_INFO_start function isRegExp from ../subjects/typescript-backbone/node_modules/lodash/index.js in 8957_PROFILING_INFO_
backbone-instrumented.js:1839 _PROFILING_INFO_start function null from ../subjects/typescript-backbone/node_modules/backbone/backbone.js in 1723_PROFILING_INFO_
backbone-instrumented.js:2030 _PROFILING_INFO_start function null from ../subjects/typescript-backbone/node_modules/backbone/backbone.js in 1942_PROFILING_INFO_
backbone-instrumented.js:1950 _PROFILING_INFO_start function null from ../subjects/typescript-backbone/node_modules/backbone/backbone.js in 1841_PROFILING_INFO_
backbone-instrumented.js:1936 _PROFILING_INFO_start function null from ../subjects/typescript-backbone/node_modules/backbone/backbone.js in 1828_PROFILING_INFO_
backbone-instrumented.js:1920 _PROFILING_INFO_start function null from ../subjects/typescript-backbone/node_modules/backbone/backbone.js in 1814_PROFILING_INFO_
backbone-instrumented.js:2055 _PROFILING_INFO_start function null from ../subjects/typescript-backbone/node_modules/backbone/backbone.js in 1965_PROFILING_INFO_
backbone-instrumented.js:1896 _PROFILING_INFO_start function null from ../subjects/typescript-backbone/node_modules/backbone/backbone.js in 1792_PROFILING_INFO_
backbone-instrumented.js:1905 _PROFILING_INFO_start function null from ../subjects/typescript-backbone/node_modules/backbone/backbone.js in 1801_PROFILING_INFO_
index-instrumented.js:3678 _PROFILING_INFO_start function some from ../subjects/typescript-backbone/node_modules/lodash/index.js in 7043_PROFILING_INFO_
index-instrumented.js:780 _PROFILING_INFO_start function arraySome from ../subjects/typescript-backbone/node_modules/lodash/index.js in 1488_PROFILING_INFO_
backbone-instrumented.js:2063 _PROFILING_INFO_start function null from ../subjects/typescript-backbone/node_modules/backbone/backbone.js in 1969_PROFILING_INFO_
backbone-instrumented.js:1796 _PROFILING_INFO_start function null from ../subjects/typescript-backbone/node_modules/backbone/backbone.js in 1686_PROFILING_INFO_
backbone-instrumented.js:1853 _PROFILING_INFO_start function null from ../subjects/typescript-backbone/node_modules/backbone/backbone.js in 1736_PROFILING_INFO_
index-instrumented.js:3594 _PROFILING_INFO_start function map from ../subjects/typescript-backbone/node_modules/lodash/index.js in 6707_PROFILING_INFO_
index-instrumented.js:730 _PROFILING_INFO_start function arrayMap from ../subjects/typescript-backbone/node_modules/lodash/index.js in 1400_PROFILING_INFO_
backbone-instrumented.js:1859 _PROFILING_INFO_start function null from ../subjects/typescript-backbone/node_modules/backbone/backbone.js in 1738_PROFILING_INFO_
backbone-instrumented.js:1810 _PROFILING_INFO_start function null from ../subjects/typescript-backbone/node_modules/backbone/backbone.js in 1699_PROFILING_INFO_
app-instrumented.js:243 _PROFILING_INFO_start function null from ../subjects/typescript-backbone/js/app.js in 208_PROFILING_INFO_
app-instrumented.js:325 _PROFILING_INFO_start function null from ../subjects/typescript-backbone/js/app.js in 286_PROFILING_INFO_
app-instrumented.js:340 _PROFILING_INFO_start function null from ../subjects/typescript-backbone/js/app.js in 293_PROFILING_INFO_
index-instrumented.js:2138 _PROFILING_INFO_start function null from ../subjects/typescript-backbone/node_modules/lodash/index.js in 3343_PROFILING_INFO_
index-instrumented.js:662 _PROFILING_INFO_start function arrayEach from ../subjects/typescript-backbone/node_modules/lodash/index.js in 1284_PROFILING_INFO_
jquery-instrumented.js:6409 _PROFILING_INFO_start function null from ../subjects/typescript-backbone/node_modules/jquery/dist/jquery.js in 7878_PROFILING_INFO_
jquery-instrumented.js:6304 _PROFILING_INFO_start function null from ../subjects/typescript-backbone/node_modules/jquery/dist/jquery.js in 7719_PROFILING_INFO_
jquery-instrumented.js:3933 _PROFILING_INFO_start function null from ../subjects/typescript-backbone/node_modules/jquery/dist/jquery.js in 4963_PROFILING_INFO_
jquery-instrumented.js:3532 _PROFILING_INFO_start function returnFalse from ../subjects/typescript-backbone/node_modules/jquery/dist/jquery.js in 4434_PROFILING_INFO_
jquery-instrumented.js:3626 _PROFILING_INFO_start function null from ../subjects/typescript-backbone/node_modules/jquery/dist/jquery.js in 4544_PROFILING_INFO_
jquery-instrumented.js:3728 _PROFILING_INFO_start function null from ../subjects/typescript-backbone/node_modules/jquery/dist/jquery.js in 4697_PROFILING_INFO_
jquery-instrumented.js:3837 _PROFILING_INFO_start function null from ../subjects/typescript-backbone/node_modules/jquery/dist/jquery.js in 4858_PROFILING_INFO_
jquery-instrumented.js:3818 _PROFILING_INFO_start function null from ../subjects/typescript-backbone/node_modules/jquery/dist/jquery.js in 4830_PROFILING_INFO_
jquery-instrumented.js:3764 _PROFILING_INFO_start function null from ../subjects/typescript-backbone/node_modules/jquery/dist/jquery.js in 4757_PROFILING_INFO_
jquery-instrumented.js:1950 _PROFILING_INFO_start function null from ../subjects/typescript-backbone/node_modules/jquery/dist/jquery.js in 2543_PROFILING_INFO_
jquery-instrumented.js:1926 _PROFILING_INFO_start function null from ../subjects/typescript-backbone/node_modules/jquery/dist/jquery.js in 2504_PROFILING_INFO_
jquery-instrumented.js:1598 _PROFILING_INFO_start function null from ../subjects/typescript-backbone/node_modules/jquery/dist/jquery.js in 2063_PROFILING_INFO_
jquery-instrumented.js:595 _PROFILING_INFO_start function cache from ../subjects/typescript-backbone/node_modules/jquery/dist/jquery.js in 881_PROFILING_INFO_
jquery-instrumented.js:1812 _PROFILING_INFO_start function matcherFromTokens from ../subjects/typescript-backbone/node_modules/jquery/dist/jquery.js in 2335_PROFILING_INFO_
jquery-instrumented.js:1654 _PROFILING_INFO_start function addCombinator from ../subjects/typescript-backbone/node_modules/jquery/dist/jquery.js in 2140_PROFILING_INFO_
jquery-instrumented.js:1170 _PROFILING_INFO_start function null from ../subjects/typescript-backbone/node_modules/jquery/dist/jquery.js in 1645_PROFILING_INFO_
jquery-instrumented.js:1705 _PROFILING_INFO_start function elementMatcher from ../subjects/typescript-backbone/node_modules/jquery/dist/jquery.js in 2198_PROFILING_INFO_
jquery-instrumented.js:1150 _PROFILING_INFO_start function null from ../subjects/typescript-backbone/node_modules/jquery/dist/jquery.js in 1636_PROFILING_INFO_
jquery-instrumented.js:1857 _PROFILING_INFO_start function matcherFromGroupMatchers from ../subjects/typescript-backbone/node_modules/jquery/dist/jquery.js in 2393_PROFILING_INFO_
jquery-instrumented.js:1862 _PROFILING_INFO_start function null from ../subjects/typescript-backbone/node_modules/jquery/dist/jquery.js in 2396_PROFILING_INFO_
jquery-instrumented.js:1710 _PROFILING_INFO_start function null from ../subjects/typescript-backbone/node_modules/jquery/dist/jquery.js in 2200_PROFILING_INFO_
jquery-instrumented.js:1162 _PROFILING_INFO_start function null from ../subjects/typescript-backbone/node_modules/jquery/dist/jquery.js in 1640_PROFILING_INFO_
jquery-instrumented.js:1176 _PROFILING_INFO_start function null from ../subjects/typescript-backbone/node_modules/jquery/dist/jquery.js in 1650_PROFILING_INFO_
jquery-instrumented.js:3805 _PROFILING_INFO_start function null from ../subjects/typescript-backbone/node_modules/jquery/dist/jquery.js in 4816_PROFILING_INFO_
jquery-instrumented.js:1829 _PROFILING_INFO_start function null from ../subjects/typescript-backbone/node_modules/jquery/dist/jquery.js in 2349_PROFILING_INFO_
jquery-instrumented.js:1670 _PROFILING_INFO_start function null from ../subjects/typescript-backbone/node_modules/jquery/dist/jquery.js in 2156_PROFILING_INFO_
jquery-instrumented.js:1817 _PROFILING_INFO_start function null from ../subjects/typescript-backbone/node_modules/jquery/dist/jquery.js in 2343_PROFILING_INFO_
app-instrumented.js:358 _PROFILING_INFO_start function null from ../subjects/typescript-backbone/js/app.js in 306_PROFILING_INFO_
jquery-instrumented.js:6170 _PROFILING_INFO_start function null from ../subjects/typescript-backbone/node_modules/jquery/dist/jquery.js in 7543_PROFILING_INFO_
app-instrumented.js:347 _PROFILING_INFO_start function null from ../subjects/typescript-backbone/js/app.js in 297_PROFILING_INFO_
app-instrumented.js:105 _PROFILING_INFO_start function null from ../subjects/typescript-backbone/js/app.js in 101_PROFILING_INFO_
backbone-instrumented.js:1085 _PROFILING_INFO_start function null from ../subjects/typescript-backbone/node_modules/backbone/backbone.js in 1074_PROFILING_INFO_
​ _PROFILING_INFO_start function null from ../subjects/typescript-backbone/node_modules/backbone/backbone.js in 1134_PROFILING_INFO_
​ _PROFILING_INFO_start function clone from ../subjects/typescript-backbone/node_modules/lodash/index.js in 8339_PROFILING_INFO_
​ _PROFILING_INFO_start function baseClone from ../subjects/typescript-backbone/node_modules/lodash/index.js in 1686_PROFILING_INFO_
​ _PROFILING_INFO_start function initCloneObject from ../subjects/typescript-backbone/node_modules/lodash/index.js in 4001_PROFILING_INFO_
​ _PROFILING_INFO_start function Todo from ../subjects/typescript-backbone/js/app.js in 52_PROFILING_INFO_
​ _PROFILING_INFO_start function null from ../subjects/typescript-backbone/node_modules/backbone/backbone.js in 398_PROFILING_INFO_
​ _PROFILING_INFO_start function null from ../subjects/typescript-backbone/node_modules/backbone/backbone.js in 432_PROFILING_INFO_
​ _PROFILING_INFO_start function null from ../subjects/typescript-backbone/js/app.js in 56_PROFILING_INFO_
​ _PROFILING_INFO_start function null from ../subjects/typescript-backbone/node_modules/lodash/index.js in 3194_PROFILING_INFO_
​ _PROFILING_INFO_start function assignDefaults from ../subjects/typescript-backbone/node_modules/lodash/index.js in 1527_PROFILING_INFO_
​ _PROFILING_INFO_start function null from ../subjects/typescript-backbone/node_modules/backbone/backbone.js in 473_PROFILING_INFO_
​ _PROFILING_INFO_start function null from ../subjects/typescript-backbone/node_modules/backbone/backbone.js in 738_PROFILING_INFO_
​ _PROFILING_INFO_start function isEqual from ../subjects/typescript-backbone/node_modules/lodash/index.js in 8635_PROFILING_INFO_
​ _PROFILING_INFO_start function baseIsEqual from ../subjects/typescript-backbone/node_modules/lodash/index.js in 2125_PROFILING_INFO_
​ _PROFILING_INFO_start function null from ../subjects/typescript-backbone/js/app.js in 63_PROFILING_INFO_
​ _PROFILING_INFO_start function null from ../subjects/typescript-backbone/node_modules/backbone/backbone.js in 450_PROFILING_INFO_
​ _PROFILING_INFO_start function null from ../subjects/typescript-backbone/node_modules/backbone/backbone.js in 817_PROFILING_INFO_
​ _PROFILING_INFO_start function null from ../subjects/typescript-backbone/node_modules/backbone/backbone.js in 998_PROFILING_INFO_
​ _PROFILING_INFO_start function null from ../subjects/typescript-backbone/node_modules/backbone/backbone.js in 1105_PROFILING_INFO_
​ _PROFILING_INFO_start function null from ../subjects/typescript-backbone/node_modules/backbone/backbone.js in 1190_PROFILING_INFO_
​ _PROFILING_INFO_start function null from ../subjects/typescript-backbone/node_modules/backbone/backbone.js in 777_PROFILING_INFO_
​ _PROFILING_INFO_start function null from ../subjects/typescript-backbone/node_modules/backbone/backbone.js in 1031_PROFILING_INFO_
​ _PROFILING_INFO_start function sortBy from ../subjects/typescript-backbone/node_modules/lodash/index.js in 7102_PROFILING_INFO_
​ _PROFILING_INFO_start function baseMap from ../subjects/typescript-backbone/node_modules/lodash/index.js in 2270_PROFILING_INFO_
​ _PROFILING_INFO_start function null from ../subjects/typescript-backbone/node_modules/lodash/index.js in 3040_PROFILING_INFO_
​ _PROFILING_INFO_start function toObject from ../subjects/typescript-backbone/node_modules/lodash/index.js in 4413_PROFILING_INFO_
​ _PROFILING_INFO_start function null from ../subjects/typescript-backbone/node_modules/lodash/index.js in 2274_PROFILING_INFO_
​ _PROFILING_INFO_start function null from ../subjects/typescript-backbone/node_modules/lodash/index.js in 7112_PROFILING_INFO_
​ _PROFILING_INFO_start function null from ../subjects/typescript-backbone/js/app.js in 107_PROFILING_INFO_
​ _PROFILING_INFO_start function baseSortBy from ../subjects/typescript-backbone/node_modules/lodash/index.js in 2602_PROFILING_INFO_
​ _PROFILING_INFO_start function null from ../subjects/typescript-backbone/node_modules/backbone/backbone.js in 1210_PROFILING_INFO_
​ _PROFILING_INFO_start function null from ../subjects/typescript-backbone/js/app.js in 277_PROFILING_INFO_
​ _PROFILING_INFO_start function TodoView from ../subjects/typescript-backbone/js/app.js in 120_PROFILING_INFO_
​ _PROFILING_INFO_start function arrayPush from ../subjects/typescript-backbone/node_modules/lodash/index.js in 1419_PROFILING_INFO_
​ _PROFILING_INFO_start function pickByArray from ../subjects/typescript-backbone/node_modules/lodash/index.js in 4271_PROFILING_INFO_
​ _PROFILING_INFO_start function null from ../subjects/typescript-backbone/node_modules/jquery/dist/jquery.js in 7929_PROFILING_INFO_
​ _PROFILING_INFO_start function null from ../subjects/typescript-backbone/node_modules/jquery/dist/jquery.js in 3751_PROFILING_INFO_
​ _PROFILING_INFO_start function null from ../subjects/typescript-backbone/node_modules/jquery/dist/jquery.js in 351_PROFILING_INFO_
​ _PROFILING_INFO_start function null from ../subjects/typescript-backbone/node_modules/jquery/dist/jquery.js in 3728_PROFILING_INFO_
​ _PROFILING_INFO_start function null from ../subjects/typescript-backbone/js/app.js in 141_PROFILING_INFO_
​ _PROFILING_INFO_start function null from ../subjects/typescript-backbone/node_modules/backbone/backbone.js in 439_PROFILING_INFO_
​ _PROFILING_INFO_start function null from ../subjects/typescript-backbone/node_modules/jquery/dist/jquery.js in 5324_PROFILING_INFO_
​ _PROFILING_INFO_start function getAll from ../subjects/typescript-backbone/node_modules/jquery/dist/jquery.js in 4276_PROFILING_INFO_
​ _PROFILING_INFO_start function null from ../subjects/typescript-backbone/node_modules/jquery/dist/jquery.js in 5370_PROFILING_INFO_
​ _PROFILING_INFO_start function null from ../subjects/typescript-backbone/node_modules/jquery/dist/jquery.js in 7458_PROFILING_INFO_
​ _PROFILING_INFO_start function null from ../subjects/typescript-backbone/node_modules/jquery/dist/jquery.js in 7412_PROFILING_INFO_
​ _PROFILING_INFO_start function getClass from ../subjects/typescript-backbone/node_modules/jquery/dist/jquery.js in 7369_PROFILING_INFO_
​ _PROFILING_INFO_start function null from ../subjects/typescript-backbone/node_modules/jquery/dist/jquery.js in 381_PROFILING_INFO_
​ _PROFILING_INFO_start function null from ../subjects/typescript-backbone/js/app.js in 153_PROFILING_INFO_
jquery-instrumented.js:4321 _PROFILING_INFO_start function null from ../subjects/typescript-backbone/node_modules/jquery/dist/jquery.js in 5430_PROFILING_INFO_
jquery-instrumented.js:4141 _PROFILING_INFO_start function domManip from ../subjects/typescript-backbone/node_modules/jquery/dist/jquery.js in 5212_PROFILING_INFO_
jquery-instrumented.js:3454 _PROFILING_INFO_start function buildFragment from ../subjects/typescript-backbone/node_modules/jquery/dist/jquery.js in 4309_PROFILING_INFO_
jquery-instrumented.js:334 _PROFILING_INFO_start function null from ../subjects/typescript-backbone/node_modules/jquery/dist/jquery.js in 405_PROFILING_INFO_
jquery-instrumented.js:1010 _PROFILING_INFO_start function null from ../subjects/typescript-backbone/node_modules/jquery/dist/jquery.js in 1438_PROFILING_INFO_
jquery-instrumented.js:908 _PROFILING_INFO_start function null from ../subjects/typescript-backbone/node_modules/jquery/dist/jquery.js in 1281_PROFILING_INFO_
jquery-instrumented.js:283 _PROFILING_INFO_start function null from ../subjects/typescript-backbone/node_modules/jquery/dist/jquery.js in 355_PROFILING_INFO_
jquery-instrumented.js:367 _PROFILING_INFO_start function null from ../subjects/typescript-backbone/node_modules/jquery/dist/jquery.js in 443_PROFILING_INFO_
jquery-instrumented.js:4326 _PROFILING_INFO_start function null from ../subjects/typescript-backbone/node_modules/jquery/dist/jquery.js in 5431_PROFILING_INFO_
jquery-instrumented.js:4072 _PROFILING_INFO_start function manipulationTarget from ../subjects/typescript-backbone/node_modules/jquery/dist/jquery.js in 5138_PROFILING_INFO_
app-instrumented.js:90 _PROFILING_INFO_start function null from ../subjects/typescript-backbone/js/app.js in 93_PROFILING_INFO_
index-instrumented.js:2542 _PROFILING_INFO_start function getIndexOf from ../subjects/typescript-backbone/node_modules/lodash/index.js in 3899_PROFILING_INFO_
jquery-instrumented.js:1643 _PROFILING_INFO_start function toSelector from ../subjects/typescript-backbone/node_modules/jquery/dist/jquery.js in 2130_PROFILING_INFO_
jquery-instrumented.js:2177 _PROFILING_INFO_start function null from ../subjects/typescript-backbone/node_modules/jquery/dist/jquery.js in 2800_PROFILING_INFO_
jquery-instrumented.js:2096 _PROFILING_INFO_start function winnow from ../subjects/typescript-backbone/node_modules/jquery/dist/jquery.js in 2731_PROFILING_INFO_
jquery-instrumented.js:2133 _PROFILING_INFO_start function null from ../subjects/typescript-backbone/node_modules/jquery/dist/jquery.js in 2760_PROFILING_INFO_
jquery-instrumented.js:353 _PROFILING_INFO_start function null from ../subjects/typescript-backbone/node_modules/jquery/dist/jquery.js in 423_PROFILING_INFO_
jquery-instrumented.js:2142 _PROFILING_INFO_start function null from ../subjects/typescript-backbone/node_modules/jquery/dist/jquery.js in 2769_PROFILING_INFO_
jquery-instrumented.js:983 _PROFILING_INFO_start function null from ../subjects/typescript-backbone/node_modules/jquery/dist/jquery.js in 1404_PROFILING_INFO_
jquery-instrumented.js:1102 _PROFILING_INFO_start function null from ../subjects/typescript-backbone/node_modules/jquery/dist/jquery.js in 1560_PROFILING_INFO_
jquery-instrumented.js:1184 _PROFILING_INFO_start function null from ../subjects/typescript-backbone/node_modules/jquery/dist/jquery.js in 1655_PROFILING_INFO_
jquery-instrumented.js:1189 _PROFILING_INFO_start function null from ../subjects/typescript-backbone/node_modules/jquery/dist/jquery.js in 1656_PROFILING_INFO_
jquery-instrumented.js:1020 _PROFILING_INFO_start function null from ../subjects/typescript-backbone/node_modules/jquery/dist/jquery.js in 1446_PROFILING_INFO_
jquery-instrumented.js:2125 _PROFILING_INFO_start function null from ../subjects/typescript-backbone/node_modules/jquery/dist/jquery.js in 2755_PROFILING_INFO_
jquery-instrumented.js:6032 _PROFILING_INFO_start function null from ../subjects/typescript-backbone/node_modules/jquery/dist/jquery.js in 7374_PROFILING_INFO_
backbone-instrumented.js:587 _PROFILING_INFO_start function null from ../subjects/typescript-backbone/node_modules/backbone/backbone.js in 620_PROFILING_INFO_
backbone-instrumented.js:703 _PROFILING_INFO_start function null from ../subjects/typescript-backbone/node_modules/backbone/backbone.js in 727_PROFILING_INFO_
backbone-instrumented.js:424 _PROFILING_INFO_start function null from ../subjects/typescript-backbone/node_modules/backbone/backbone.js in 461_PROFILING_INFO_
backbone-instrumented.js:403 _PROFILING_INFO_start function null from ../subjects/typescript-backbone/node_modules/backbone/backbone.js in 445_PROFILING_INFO_
backbone.localStorage-instrumented.js:117 _PROFILING_INFO_start function null from ../subjects/typescript-backbone/node_modules/backbone.localstorage/backbone.localStorage.js in 85_PROFILING_INFO_
backbone.localStorage-instrumented.js:36 _PROFILING_INFO_start function guid from ../subjects/typescript-backbone/node_modules/backbone.localstorage/backbone.localStorage.js in 30_PROFILING_INFO_
backbone.localStorage-instrumented.js:28 _PROFILING_INFO_start function S4 from ../subjects/typescript-backbone/node_modules/backbone.localstorage/backbone.localStorage.js in 25_PROFILING_INFO_
backbone-instrumented.js:557 _PROFILING_INFO_start function null from ../subjects/typescript-backbone/node_modules/backbone/backbone.js in 597_PROFILING_INFO_
backbone.localStorage-instrumented.js:208 _PROFILING_INFO_start function null from ../subjects/typescript-backbone/node_modules/backbone.localstorage/backbone.localStorage.js in 163_PROFILING_INFO_
backbone.localStorage-instrumented.js:91 _PROFILING_INFO_start function null from ../subjects/typescript-backbone/node_modules/backbone.localstorage/backbone.localStorage.js in 64_PROFILING_INFO_
backbone.localStorage-instrumented.js:44 _PROFILING_INFO_start function isObject from ../subjects/typescript-backbone/node_modules/backbone.localstorage/backbone.localStorage.js in 34_PROFILING_INFO_
backbone.localStorage-instrumented.js:110 _PROFILING_INFO_start function null from ../subjects/typescript-backbone/node_modules/backbone.localstorage/backbone.localStorage.js in 79_PROFILING_INFO_
backbone.localStorage-instrumented.js:144 _PROFILING_INFO_start function null from ../subjects/typescript-backbone/node_modules/backbone.localstorage/backbone.localStorage.js in 108_PROFILING_INFO_
backbone.localStorage-instrumented.js:98 _PROFILING_INFO_start function null from ../subjects/typescript-backbone/node_modules/backbone.localstorage/backbone.localStorage.js in 68_PROFILING_INFO_
backbone-instrumented.js:613 _PROFILING_INFO_start function null from ../subjects/typescript-backbone/node_modules/backbone/backbone.js in 647_PROFILING_INFO_
backbone-instrumented.js:689 _PROFILING_INFO_start function null from ../subjects/typescript-backbone/node_modules/backbone/backbone.js in 717_PROFILING_INFO_
backbone-instrumented.js:1099 _PROFILING_INFO_start function null from ../subjects/typescript-backbone/node_modules/backbone/backbone.js in 1082_PROFILING_INFO_
jquery-instrumented.js:6188 _PROFILING_INFO_start function null from ../subjects/typescript-backbone/node_modules/jquery/dist/jquery.js in 7575_PROFILING_INFO_
index-instrumented.js:291 _PROFILING_INFO_start function compareAscending from ../subjects/typescript-backbone/node_modules/lodash/index.js in 425_PROFILING_INFO_
index-instrumented.js:211 _PROFILING_INFO_start function baseCompareAscending from ../subjects/typescript-backbone/node_modules/lodash/index.js in 287_PROFILING_INFO_
jquery-instrumented.js:6452 _PROFILING_INFO_start function null from ../subjects/typescript-backbone/node_modules/jquery/dist/jquery.js in 7924_PROFILING_INFO_
jquery-instrumented.js:6383 _PROFILING_INFO_start function null from ../subjects/typescript-backbone/node_modules/jquery/dist/jquery.js in 7856_PROFILING_INFO_
app-instrumented.js:162 _PROFILING_INFO_start function null from ../subjects/typescript-backbone/js/app.js in 150_PROFILING_INFO_
app-instrumented.js:54 _PROFILING_INFO_start function null from ../subjects/typescript-backbone/js/app.js in 69_PROFILING_INFO_
app-instrumented.js:333 _PROFILING_INFO_start function null from ../subjects/typescript-backbone/js/app.js in 290_PROFILING_INFO_
backbone.localStorage-instrumented.js:131 _PROFILING_INFO_start function null from ../subjects/typescript-backbone/node_modules/backbone.localstorage/backbone.localStorage.js in 97_PROFILING_INFO_
backbone.localStorage-instrumented.js:51 _PROFILING_INFO_start function contains from ../subjects/typescript-backbone/node_modules/backbone.localstorage/backbone.localStorage.js in 38_PROFILING_INFO_
app-instrumented.js:178 _PROFILING_INFO_start function null from ../subjects/typescript-backbone/js/app.js in 160_PROFILING_INFO_
jquery-instrumented.js:6425 _PROFILING_INFO_start function null from ../subjects/typescript-backbone/node_modules/jquery/dist/jquery.js in 7893_PROFILING_INFO_
jquery-instrumented.js:6396 _PROFILING_INFO_start function null from ../subjects/typescript-backbone/node_modules/jquery/dist/jquery.js in 7873_PROFILING_INFO_
jquery-instrumented.js:6401 _PROFILING_INFO_start function null from ../subjects/typescript-backbone/node_modules/jquery/dist/jquery.js in 7874_PROFILING_INFO_
jquery-instrumented.js:3867 _PROFILING_INFO_start function null from ../subjects/typescript-backbone/node_modules/jquery/dist/jquery.js in 4909_PROFILING_INFO_
jquery-instrumented.js:3539 _PROFILING_INFO_start function safeActiveElement from ../subjects/typescript-backbone/node_modules/jquery/dist/jquery.js in 4440_PROFILING_INFO_
app-instrumented.js:207 _PROFILING_INFO_start function null from ../subjects/typescript-backbone/js/app.js in 182_PROFILING_INFO_
app-instrumented.js:199 _PROFILING_INFO_start function null from ../subjects/typescript-backbone/js/app.js in 176_PROFILING_INFO_
app-instrumented.js:186 _PROFILING_INFO_start function null from ../subjects/typescript-backbone/js/app.js in 165_PROFILING_INFO_
backbone-instrumented.js:2040 _PROFILING_INFO_start function null from ../subjects/typescript-backbone/node_modules/backbone/backbone.js in 1948_PROFILING_INFO_
app-instrumented.js:368 _PROFILING_INFO_start function null from ../subjects/typescript-backbone/js/app.js in 313_PROFILING_INFO_
app-instrumented.js:373 _PROFILING_INFO_start function null from ../subjects/typescript-backbone/js/app.js in 314_PROFILING_INFO_
app-instrumented.js:61 _PROFILING_INFO_start function null from ../subjects/typescript-backbone/js/app.js in 73_PROFILING_INFO_
backbone-instrumented.js:638 _PROFILING_INFO_start function null from ../subjects/typescript-backbone/node_modules/backbone/backbone.js in 674_PROFILING_INFO_
backbone.localStorage-instrumented.js:165 _PROFILING_INFO_start function null from ../subjects/typescript-backbone/node_modules/backbone.localstorage/backbone.localStorage.js in 124_PROFILING_INFO_
backbone-instrumented.js:655 _PROFILING_INFO_start function null from ../subjects/typescript-backbone/node_modules/backbone/backbone.js in 685_PROFILING_INFO_
backbone-instrumented.js:647 _PROFILING_INFO_start function null from ../subjects/typescript-backbone/node_modules/backbone/backbone.js in 680_PROFILING_INFO_
backbone-instrumented.js:158 _PROFILING_INFO_start function null from ../subjects/typescript-backbone/node_modules/backbone/backbone.js in 200_PROFILING_INFO_
backbone-instrumented.js:1378 _PROFILING_INFO_start function null from ../subjects/typescript-backbone/node_modules/backbone/backbone.js in 1348_PROFILING_INFO_
backbone-instrumented.js:1387 _PROFILING_INFO_start function null from ../subjects/typescript-backbone/node_modules/backbone/backbone.js in 1357_PROFILING_INFO_
jquery-instrumented.js:4293 _PROFILING_INFO_start function null from ../subjects/typescript-backbone/node_modules/jquery/dist/jquery.js in 5414_PROFILING_INFO_
jquery-instrumented.js:4200 _PROFILING_INFO_start function remove from ../subjects/typescript-backbone/node_modules/jquery/dist/jquery.js in 5302_PROFILING_INFO_
jquery-instrumented.js:238 _PROFILING_INFO_start function null from ../subjects/typescript-backbone/node_modules/jquery/dist/jquery.js in 303_PROFILING_INFO_
jquery-instrumented.js:3924 _PROFILING_INFO_start function null from ../subjects/typescript-backbone/node_modules/jquery/dist/jquery.js in 4955_PROFILING_INFO_
backbone-instrumented.js:814 _PROFILING_INFO_start function null from ../subjects/typescript-backbone/node_modules/backbone/backbone.js in 822_PROFILING_INFO_
backbone-instrumented.js:1189 _PROFILING_INFO_start function null from ../subjects/typescript-backbone/node_modules/backbone/backbone.js in 1156_PROFILING_INFO_
index-instrumented.js:3041 _PROFILING_INFO_start function indexOf from ../subjects/typescript-backbone/node_modules/lodash/index.js in 4954_PROFILING_INFO_
index-instrumented.js:241 _PROFILING_INFO_start function baseIndexOf from ../subjects/typescript-backbone/node_modules/lodash/index.js in 342_PROFILING_INFO_
backbone-instrumented.js:1233 _PROFILING_INFO_start function null from ../subjects/typescript-backbone/node_modules/backbone/backbone.js in 1198_PROFILING_INFO_
backbone-instrumented.js:145 _PROFILING_INFO_start function null from ../subjects/typescript-backbone/node_modules/backbone/backbone.js in 188_PROFILING_INFO_
backbone-instrumented.js:179 _PROFILING_INFO_start function null from ../subjects/typescript-backbone/node_modules/backbone/backbone.js in 221_PROFILING_INFO_
jquery-instrumented.js:3960 _PROFILING_INFO_start function null from ../subjects/typescript-backbone/node_modules/jquery/dist/jquery.js in 5011_PROFILING_INFO_
jquery-instrumented.js:3971 _PROFILING_INFO_start function null from ../subjects/typescript-backbone/node_modules/jquery/dist/jquery.js in 5020_PROFILING_INFO_
app-instrumented.js:217 _PROFILING_INFO_start function null from ../subjects/typescript-backbone/js/app.js in 190_PROFILING_INFO_
