base-instrumented.js:5 _PROFILING_INFO_start function null from ../subjects/vanillajs/node_modules/todomvc-common/base.js in 2_PROFILING_INFO_
base-instrumented.js:11 _PROFILING_INFO_start function null from ../subjects/vanillajs/node_modules/todomvc-common/base.js in 8_PROFILING_INFO_
base-instrumented.js:136 _PROFILING_INFO_start function redirect from ../subjects/vanillajs/node_modules/todomvc-common/base.js in 126_PROFILING_INFO_
base-instrumented.js:153 _PROFILING_INFO_start function getFile from ../subjects/vanillajs/node_modules/todomvc-common/base.js in 137_PROFILING_INFO_
​ _PROFILING_INFO_start function findRoot from ../subjects/vanillajs/node_modules/todomvc-common/base.js in 132_PROFILING_INFO_
​ _PROFILING_INFO_start function null from ../subjects/vanillajs/js/helpers.js in 2_PROFILING_INFO_
​  GET http://localhost:8000/vanillajs/learn.json 404 (File not found)
getFile @ base-instrumented.js:160
(anonymous) @ base-instrumented.js:267
(anonymous) @ base-instrumented.js:268
​ _PROFILING_INFO_start function null from ../subjects/vanillajs/node_modules/todomvc-common/base.js in 147_PROFILING_INFO_
store-instrumented.js:5 _PROFILING_INFO_start function null from ../subjects/vanillajs/js/store.js in 2_PROFILING_INFO_
model-instrumented.js:5 _PROFILING_INFO_start function null from ../subjects/vanillajs/js/model.js in 1_PROFILING_INFO_
template-instrumented.js:5 _PROFILING_INFO_start function null from ../subjects/vanillajs/js/template.js in 2_PROFILING_INFO_
view-instrumented.js:5 _PROFILING_INFO_start function null from ../subjects/vanillajs/js/view.js in 3_PROFILING_INFO_
controller-instrumented.js:5 _PROFILING_INFO_start function null from ../subjects/vanillajs/js/controller.js in 1_PROFILING_INFO_
app-instrumented.js:5 _PROFILING_INFO_start function null from ../subjects/vanillajs/js/app.js in 2_PROFILING_INFO_
app-instrumented.js:11 _PROFILING_INFO_start function Todo from ../subjects/vanillajs/js/app.js in 10_PROFILING_INFO_
store-instrumented.js:11 _PROFILING_INFO_start function Store from ../subjects/vanillajs/js/store.js in 13_PROFILING_INFO_
store-instrumented.js:16 _PROFILING_INFO_start function null from ../subjects/vanillajs/js/store.js in 14_PROFILING_INFO_
model-instrumented.js:11 _PROFILING_INFO_start function Model from ../subjects/vanillajs/js/model.js in 10_PROFILING_INFO_
template-instrumented.js:35 _PROFILING_INFO_start function Template from ../subjects/vanillajs/js/template.js in 32_PROFILING_INFO_
view-instrumented.js:11 _PROFILING_INFO_start function View from ../subjects/vanillajs/js/view.js in 15_PROFILING_INFO_
helpers-instrumented.js:11 _PROFILING_INFO_start function null from ../subjects/vanillajs/js/helpers.js in 6_PROFILING_INFO_
controller-instrumented.js:11 _PROFILING_INFO_start function Controller from ../subjects/vanillajs/js/controller.js in 11_PROFILING_INFO_
view-instrumented.js:242 _PROFILING_INFO_start function null from ../subjects/vanillajs/js/view.js in 173_PROFILING_INFO_
helpers-instrumented.js:25 _PROFILING_INFO_start function null from ../subjects/vanillajs/js/helpers.js in 14_PROFILING_INFO_
helpers-instrumented.js:32 _PROFILING_INFO_start function null from ../subjects/vanillajs/js/helpers.js in 20_PROFILING_INFO_
view-instrumented.js:196 _PROFILING_INFO_start function null from ../subjects/vanillajs/js/view.js in 141_PROFILING_INFO_
view-instrumented.js:224 _PROFILING_INFO_start function null from ../subjects/vanillajs/js/view.js in 161_PROFILING_INFO_
app-instrumented.js:23 _PROFILING_INFO_start function setView from ../subjects/vanillajs/js/app.js in 20_PROFILING_INFO_
controller-instrumented.js:76 _PROFILING_INFO_start function null from ../subjects/vanillajs/js/controller.js in 54_PROFILING_INFO_
controller-instrumented.js:310 _PROFILING_INFO_start function null from ../subjects/vanillajs/js/controller.js in 253_PROFILING_INFO_
controller-instrumented.js:298 _PROFILING_INFO_start function null from ../subjects/vanillajs/js/controller.js in 234_PROFILING_INFO_
controller-instrumented.js:278 _PROFILING_INFO_start function null from ../subjects/vanillajs/js/controller.js in 216_PROFILING_INFO_
model-instrumented.js:79 _PROFILING_INFO_start function null from ../subjects/vanillajs/js/model.js in 96_PROFILING_INFO_
store-instrumented.js:51 _PROFILING_INFO_start function null from ../subjects/vanillajs/js/store.js in 64_PROFILING_INFO_
model-instrumented.js:89 _PROFILING_INFO_start function null from ../subjects/vanillajs/js/model.js in 103_PROFILING_INFO_
controller-instrumented.js:284 _PROFILING_INFO_start function null from ../subjects/vanillajs/js/controller.js in 218_PROFILING_INFO_
view-instrumented.js:101 _PROFILING_INFO_start function null from ../subjects/vanillajs/js/view.js in 95_PROFILING_INFO_
view-instrumented.js:122 _PROFILING_INFO_start function null from ../subjects/vanillajs/js/view.js in 104_PROFILING_INFO_
template-instrumented.js:65 _PROFILING_INFO_start function null from ../subjects/vanillajs/js/template.js in 91_PROFILING_INFO_
view-instrumented.js:129 _PROFILING_INFO_start function null from ../subjects/vanillajs/js/view.js in 107_PROFILING_INFO_
view-instrumented.js:37 _PROFILING_INFO_start function null from ../subjects/vanillajs/js/view.js in 38_PROFILING_INFO_
template-instrumented.js:73 _PROFILING_INFO_start function null from ../subjects/vanillajs/js/template.js in 103_PROFILING_INFO_
view-instrumented.js:143 _PROFILING_INFO_start function null from ../subjects/vanillajs/js/view.js in 113_PROFILING_INFO_
view-instrumented.js:136 _PROFILING_INFO_start function null from ../subjects/vanillajs/js/view.js in 110_PROFILING_INFO_
controller-instrumented.js:85 _PROFILING_INFO_start function null from ../subjects/vanillajs/js/controller.js in 64_PROFILING_INFO_
model-instrumented.js:36 _PROFILING_INFO_start function null from ../subjects/vanillajs/js/model.js in 47_PROFILING_INFO_
controller-instrumented.js:91 _PROFILING_INFO_start function null from ../subjects/vanillajs/js/controller.js in 66_PROFILING_INFO_
view-instrumented.js:108 _PROFILING_INFO_start function null from ../subjects/vanillajs/js/view.js in 98_PROFILING_INFO_
template-instrumented.js:42 _PROFILING_INFO_start function null from ../subjects/vanillajs/js/template.js in 60_PROFILING_INFO_
view-instrumented.js:150 _PROFILING_INFO_start function null from ../subjects/vanillajs/js/view.js in 116_PROFILING_INFO_
view-instrumented.js:45 _PROFILING_INFO_start function null from ../subjects/vanillajs/js/view.js in 43_PROFILING_INFO_
view-instrumented.js:249 _PROFILING_INFO_start function null from ../subjects/vanillajs/js/view.js in 176_PROFILING_INFO_
controller-instrumented.js:19 _PROFILING_INFO_start function null from ../subjects/vanillajs/js/controller.js in 16_PROFILING_INFO_
controller-instrumented.js:127 _PROFILING_INFO_start function null from ../subjects/vanillajs/js/controller.js in 95_PROFILING_INFO_
model-instrumented.js:18 _PROFILING_INFO_start function null from ../subjects/vanillajs/js/model.js in 20_PROFILING_INFO_
store-instrumented.js:64 _PROFILING_INFO_start function null from ../subjects/vanillajs/js/store.js in 77_PROFILING_INFO_
controller-instrumented.js:136 _PROFILING_INFO_start function null from ../subjects/vanillajs/js/controller.js in 102_PROFILING_INFO_
view-instrumented.js:157 _PROFILING_INFO_start function null from ../subjects/vanillajs/js/view.js in 119_PROFILING_INFO_
model-instrumented.js:94 _PROFILING_INFO_start function null from ../subjects/vanillajs/js/model.js in 104_PROFILING_INFO_
template-instrumented.js:28 _PROFILING_INFO_start function null from ../subjects/vanillajs/js/template.js in 21_PROFILING_INFO_
helpers-instrumented.js:37 _PROFILING_INFO_start function dispatchEvent from ../subjects/vanillajs/js/helpers.js in 21_PROFILING_INFO_
helpers-instrumented.js:18 _PROFILING_INFO_start function null from ../subjects/vanillajs/js/helpers.js in 9_PROFILING_INFO_
view-instrumented.js:289 _PROFILING_INFO_start function null from ../subjects/vanillajs/js/view.js in 201_PROFILING_INFO_
view-instrumented.js:188 _PROFILING_INFO_start function null from ../subjects/vanillajs/js/view.js in 136_PROFILING_INFO_
helpers-instrumented.js:52 _PROFILING_INFO_start function null from ../subjects/vanillajs/js/helpers.js in 39_PROFILING_INFO_
controller-instrumented.js:54 _PROFILING_INFO_start function null from ../subjects/vanillajs/js/controller.js in 36_PROFILING_INFO_
controller-instrumented.js:237 _PROFILING_INFO_start function null from ../subjects/vanillajs/js/controller.js in 183_PROFILING_INFO_
model-instrumented.js:58 _PROFILING_INFO_start function null from ../subjects/vanillajs/js/model.js in 70_PROFILING_INFO_
controller-instrumented.js:243 _PROFILING_INFO_start function null from ../subjects/vanillajs/js/controller.js in 185_PROFILING_INFO_
view-instrumented.js:164 _PROFILING_INFO_start function null from ../subjects/vanillajs/js/view.js in 122_PROFILING_INFO_
view-instrumented.js:53 _PROFILING_INFO_start function null from ../subjects/vanillajs/js/view.js in 48_PROFILING_INFO_
view-instrumented.js:273 _PROFILING_INFO_start function null from ../subjects/vanillajs/js/view.js in 191_PROFILING_INFO_
controller-instrumented.js:26 _PROFILING_INFO_start function null from ../subjects/vanillajs/js/controller.js in 20_PROFILING_INFO_
controller-instrumented.js:145 _PROFILING_INFO_start function null from ../subjects/vanillajs/js/controller.js in 111_PROFILING_INFO_
store-instrumented.js:29 _PROFILING_INFO_start function null from ../subjects/vanillajs/js/store.js in 42_PROFILING_INFO_
store-instrumented.js:38 _PROFILING_INFO_start function null from ../subjects/vanillajs/js/store.js in 49_PROFILING_INFO_
controller-instrumented.js:151 _PROFILING_INFO_start function null from ../subjects/vanillajs/js/controller.js in 113_PROFILING_INFO_
view-instrumented.js:171 _PROFILING_INFO_start function null from ../subjects/vanillajs/js/view.js in 125_PROFILING_INFO_
view-instrumented.js:65 _PROFILING_INFO_start function null from ../subjects/vanillajs/js/view.js in 61_PROFILING_INFO_
view-instrumented.js:214 _PROFILING_INFO_start function null from ../subjects/vanillajs/js/view.js in 152_PROFILING_INFO_
view-instrumented.js:230 _PROFILING_INFO_start function null from ../subjects/vanillajs/js/view.js in 163_PROFILING_INFO_
view-instrumented.js:202 _PROFILING_INFO_start function null from ../subjects/vanillajs/js/view.js in 143_PROFILING_INFO_
controller-instrumented.js:33 _PROFILING_INFO_start function null from ../subjects/vanillajs/js/controller.js in 24_PROFILING_INFO_
controller-instrumented.js:162 _PROFILING_INFO_start function null from ../subjects/vanillajs/js/controller.js in 121_PROFILING_INFO_
controller-instrumented.js:170 _PROFILING_INFO_start function null from ../subjects/vanillajs/js/controller.js in 126_PROFILING_INFO_
view-instrumented.js:178 _PROFILING_INFO_start function null from ../subjects/vanillajs/js/view.js in 128_PROFILING_INFO_
view-instrumented.js:81 _PROFILING_INFO_start function null from ../subjects/vanillajs/js/view.js in 78_PROFILING_INFO_
view-instrumented.js:93 _PROFILING_INFO_start function null from ../subjects/vanillajs/js/view.js in 90_PROFILING_INFO_
controller-instrumented.js:99 _PROFILING_INFO_start function null from ../subjects/vanillajs/js/controller.js in 74_PROFILING_INFO_
controller-instrumented.js:105 _PROFILING_INFO_start function null from ../subjects/vanillajs/js/controller.js in 76_PROFILING_INFO_
controller-instrumented.js:113 _PROFILING_INFO_start function null from ../subjects/vanillajs/js/controller.js in 84_PROFILING_INFO_
controller-instrumented.js:119 _PROFILING_INFO_start function null from ../subjects/vanillajs/js/controller.js in 86_PROFILING_INFO_
view-instrumented.js:257 _PROFILING_INFO_start function null from ../subjects/vanillajs/js/view.js in 181_PROFILING_INFO_
controller-instrumented.js:61 _PROFILING_INFO_start function null from ../subjects/vanillajs/js/controller.js in 40_PROFILING_INFO_
controller-instrumented.js:216 _PROFILING_INFO_start function null from ../subjects/vanillajs/js/controller.js in 163_PROFILING_INFO_
controller-instrumented.js:222 _PROFILING_INFO_start function null from ../subjects/vanillajs/js/controller.js in 165_PROFILING_INFO_
controller-instrumented.js:227 _PROFILING_INFO_start function null from ../subjects/vanillajs/js/controller.js in 166_PROFILING_INFO_
controller-instrumented.js:201 _PROFILING_INFO_start function null from ../subjects/vanillajs/js/controller.js in 151_PROFILING_INFO_
model-instrumented.js:65 _PROFILING_INFO_start function null from ../subjects/vanillajs/js/model.js in 80_PROFILING_INFO_
store-instrumented.js:95 _PROFILING_INFO_start function null from ../subjects/vanillajs/js/store.js in 112_PROFILING_INFO_
controller-instrumented.js:207 _PROFILING_INFO_start function null from ../subjects/vanillajs/js/controller.js in 153_PROFILING_INFO_
view-instrumented.js:115 _PROFILING_INFO_start function null from ../subjects/vanillajs/js/view.js in 101_PROFILING_INFO_
view-instrumented.js:27 _PROFILING_INFO_start function null from ../subjects/vanillajs/js/view.js in 30_PROFILING_INFO_
view-instrumented.js:281 _PROFILING_INFO_start function null from ../subjects/vanillajs/js/view.js in 196_PROFILING_INFO_
controller-instrumented.js:47 _PROFILING_INFO_start function null from ../subjects/vanillajs/js/controller.js in 32_PROFILING_INFO_
