​ _PROFILING_INFO_start function null from ../todomvc/examples/vue/node_modules/todomvc-common/base.js in 2_PROFILING_INFO_
​ _PROFILING_INFO_start function null from ../todomvc/examples/vue/node_modules/todomvc-common/base.js in 8_PROFILING_INFO_
​ _PROFILING_INFO_start function redirect from ../todomvc/examples/vue/node_modules/todomvc-common/base.js in 126_PROFILING_INFO_
​ _PROFILING_INFO_start function getFile from ../todomvc/examples/vue/node_modules/todomvc-common/base.js in 137_PROFILING_INFO_
​ _PROFILING_INFO_start function findRoot from ../todomvc/examples/vue/node_modules/todomvc-common/base.js in 132_PROFILING_INFO_
​ _PROFILING_INFO_start function null from ../todomvc/examples/vue/node_modules/director/build/director.js in 8_PROFILING_INFO_
​ _PROFILING_INFO_start function null from ../todomvc/examples/vue/node_modules/vue/dist/vue.js in 6_PROFILING_INFO_
​ _PROFILING_INFO_start function null from ../todomvc/examples/vue/node_modules/vue/dist/vue.js in 10_PROFILING_INFO_
​ _PROFILING_INFO_start function makeMap from ../todomvc/examples/vue/node_modules/vue/dist/vue.js in 38_PROFILING_INFO_
​ _PROFILING_INFO_start function cached from ../todomvc/examples/vue/node_modules/vue/dist/vue.js in 87_PROFILING_INFO_
​ _PROFILING_INFO_start function null from ../todomvc/examples/vue/node_modules/vue/dist/vue.js in 416_PROFILING_INFO_
​ _PROFILING_INFO_start function isNative from ../todomvc/examples/vue/node_modules/vue/dist/vue.js in 409_PROFILING_INFO_
​ _PROFILING_INFO_start function null from ../todomvc/examples/vue/node_modules/vue/dist/vue.js in 618_PROFILING_INFO_
​ _PROFILING_INFO_start function def from ../todomvc/examples/vue/node_modules/vue/dist/vue.js in 345_PROFILING_INFO_
​ _PROFILING_INFO_start function null from ../todomvc/examples/vue/node_modules/vue/dist/vue.js in 1001_PROFILING_INFO_
​ _PROFILING_INFO_start function null from ../todomvc/examples/vue/node_modules/vue/dist/vue.js in 1019_PROFILING_INFO_
​ _PROFILING_INFO_start function initMixin from ../todomvc/examples/vue/node_modules/vue/dist/vue.js in 3334_PROFILING_INFO_
​ _PROFILING_INFO_start function stateMixin from ../todomvc/examples/vue/node_modules/vue/dist/vue.js in 2014_PROFILING_INFO_
​ _PROFILING_INFO_start function eventsMixin from ../todomvc/examples/vue/node_modules/vue/dist/vue.js in 2341_PROFILING_INFO_
​ _PROFILING_INFO_start function lifecycleMixin from ../todomvc/examples/vue/node_modules/vue/dist/vue.js in 2436_PROFILING_INFO_
​ _PROFILING_INFO_start function renderMixin from ../todomvc/examples/vue/node_modules/vue/dist/vue.js in 3064_PROFILING_INFO_
​ _PROFILING_INFO_start function initGlobalAPI from ../todomvc/examples/vue/node_modules/vue/dist/vue.js in 3619_PROFILING_INFO_
​ _PROFILING_INFO_start function null from ../todomvc/examples/vue/node_modules/vue/dist/vue.js in 3637_PROFILING_INFO_
​ _PROFILING_INFO_start function extend from ../todomvc/examples/vue/node_modules/vue/dist/vue.js in 154_PROFILING_INFO_
​ _PROFILING_INFO_start function initUse from ../todomvc/examples/vue/node_modules/vue/dist/vue.js in 3423_PROFILING_INFO_
​ _PROFILING_INFO_start function initMixin$1 from ../todomvc/examples/vue/node_modules/vue/dist/vue.js in 3444_PROFILING_INFO_
​ _PROFILING_INFO_start function initExtend from ../todomvc/examples/vue/node_modules/vue/dist/vue.js in 3452_PROFILING_INFO_
​ _PROFILING_INFO_start function initAssetRegisters from ../todomvc/examples/vue/node_modules/vue/dist/vue.js in 3519_PROFILING_INFO_
​ _PROFILING_INFO_start function null from ../todomvc/examples/vue/node_modules/vue/dist/vue.js in 3523_PROFILING_INFO_
​ _PROFILING_INFO_start function VNode from ../todomvc/examples/vue/node_modules/vue/dist/vue.js in 2071_PROFILING_INFO_
​ _PROFILING_INFO_start function createPatchFunction from ../todomvc/examples/vue/node_modules/vue/dist/vue.js in 4024_PROFILING_INFO_
​ _PROFILING_INFO_start function null from ../todomvc/examples/vue/node_modules/vue/dist/vue.js in 3622_PROFILING_INFO_
​ You are running Vue in development mode.
Make sure to turn on production mode when deploying for production.
See more tips at https://vuejs.org/guide/deployment.html
​ _PROFILING_INFO_start function shouldDecode from ../todomvc/examples/vue/node_modules/vue/dist/vue.js in 6137_PROFILING_INFO_
​ _PROFILING_INFO_start function null from ../todomvc/examples/vue/node_modules/vue/dist/vue.js in 6223_PROFILING_INFO_
​ _PROFILING_INFO_start function genStaticKeys from ../todomvc/examples/vue/node_modules/vue/dist/vue.js in 211_PROFILING_INFO_
​ _PROFILING_INFO_start function null from ../todomvc/examples/vue/node_modules/vue/dist/vue.js in 212_PROFILING_INFO_
​ _PROFILING_INFO_start function null from ../todomvc/examples/vue/js/store.js in 3_PROFILING_INFO_
​ _PROFILING_INFO_start function null from ../todomvc/examples/vue/js/app.js in 3_PROFILING_INFO_
​ _PROFILING_INFO_start function null from ../todomvc/examples/vue/js/store.js in 10_PROFILING_INFO_
​ _PROFILING_INFO_start function Vue$3 from ../todomvc/examples/vue/node_modules/vue/dist/vue.js in 3407_PROFILING_INFO_
​ _PROFILING_INFO_start function null from ../todomvc/examples/vue/node_modules/vue/dist/vue.js in 3335_PROFILING_INFO_
​ _PROFILING_INFO_start function resolveConstructorOptions from ../todomvc/examples/vue/node_modules/vue/dist/vue.js in 3386_PROFILING_INFO_
​ _PROFILING_INFO_start function mergeOptions from ../todomvc/examples/vue/node_modules/vue/dist/vue.js in 1137_PROFILING_INFO_
​ _PROFILING_INFO_start function checkComponents from ../todomvc/examples/vue/node_modules/vue/dist/vue.js in 1074_PROFILING_INFO_
​ _PROFILING_INFO_start function normalizeProps from ../todomvc/examples/vue/node_modules/vue/dist/vue.js in 1090_PROFILING_INFO_
​ _PROFILING_INFO_start function normalizeDirectives from ../todomvc/examples/vue/node_modules/vue/dist/vue.js in 1121_PROFILING_INFO_
​ _PROFILING_INFO_start function mergeField from ../todomvc/examples/vue/node_modules/vue/dist/vue.js in 1172_PROFILING_INFO_
​ _PROFILING_INFO_start function mergeAssets from ../todomvc/examples/vue/node_modules/vue/dist/vue.js in 1012_PROFILING_INFO_
​ _PROFILING_INFO_start function extend from ../todomvc/examples/vue/node_modules/vue/dist/vue.js in 154_PROFILING_INFO_
​ _PROFILING_INFO_start function null from ../todomvc/examples/vue/node_modules/vue/dist/vue.js in 1065_PROFILING_INFO_
​ _PROFILING_INFO_start function hasOwn from ../todomvc/examples/vue/node_modules/vue/dist/vue.js in 73_PROFILING_INFO_
​ _PROFILING_INFO_start function null from ../todomvc/examples/vue/node_modules/vue/dist/vue.js in 900_PROFILING_INFO_
​ _PROFILING_INFO_start function null from ../todomvc/examples/vue/node_modules/vue/dist/vue.js in 934_PROFILING_INFO_
​ _PROFILING_INFO_start function null from ../todomvc/examples/vue/node_modules/vue/dist/vue.js in 1029_PROFILING_INFO_
​ _PROFILING_INFO_start function null from ../todomvc/examples/vue/node_modules/vue/dist/vue.js in 1053_PROFILING_INFO_
​ _PROFILING_INFO_start function initProxy from ../todomvc/examples/vue/node_modules/vue/dist/vue.js in 1490_PROFILING_INFO_
​ _PROFILING_INFO_start function initLifecycle from ../todomvc/examples/vue/node_modules/vue/dist/vue.js in 2411_PROFILING_INFO_
​ _PROFILING_INFO_start function initEvents from ../todomvc/examples/vue/node_modules/vue/dist/vue.js in 2308_PROFILING_INFO_
​ _PROFILING_INFO_start function callHook from ../todomvc/examples/vue/node_modules/vue/dist/vue.js in 2606_PROFILING_INFO_
​ _PROFILING_INFO_start function initState from ../todomvc/examples/vue/node_modules/vue/dist/vue.js in 1844_PROFILING_INFO_
​ _PROFILING_INFO_start function initMethods from ../todomvc/examples/vue/node_modules/vue/dist/vue.js in 1976_PROFILING_INFO_
​ _PROFILING_INFO_start function bind$1 from ../todomvc/examples/vue/node_modules/vue/dist/vue.js in 124_PROFILING_INFO_
​ _PROFILING_INFO_start function initData from ../todomvc/examples/vue/node_modules/vue/dist/vue.js in 1894_PROFILING_INFO_
​ _PROFILING_INFO_start function mergedInstanceDataFn from ../todomvc/examples/vue/node_modules/vue/dist/vue.js in 968_PROFILING_INFO_
​ _PROFILING_INFO_start function mergeData from ../todomvc/examples/vue/node_modules/vue/dist/vue.js in 914_PROFILING_INFO_
​ _PROFILING_INFO_start function isPlainObject from ../todomvc/examples/vue/node_modules/vue/dist/vue.js in 176_PROFILING_INFO_
​ _PROFILING_INFO_start function proxy from ../todomvc/examples/vue/node_modules/vue/dist/vue.js in 2054_PROFILING_INFO_
​ _PROFILING_INFO_start function isReserved from ../todomvc/examples/vue/node_modules/vue/dist/vue.js in 337_PROFILING_INFO_
​ _PROFILING_INFO_start function observe from ../todomvc/examples/vue/node_modules/vue/dist/vue.js in 739_PROFILING_INFO_
​ _PROFILING_INFO_start function isObject from ../todomvc/examples/vue/node_modules/vue/dist/vue.js in 166_PROFILING_INFO_
​ _PROFILING_INFO_start function null from ../todomvc/examples/vue/node_modules/vue/dist/vue.js in 391_PROFILING_INFO_
​ _PROFILING_INFO_start function Observer from ../todomvc/examples/vue/node_modules/vue/dist/vue.js in 673_PROFILING_INFO_
​ _PROFILING_INFO_start function Dep from ../todomvc/examples/vue/node_modules/vue/dist/vue.js in 561_PROFILING_INFO_
​ _PROFILING_INFO_start function def from ../todomvc/examples/vue/node_modules/vue/dist/vue.js in 345_PROFILING_INFO_
​ _PROFILING_INFO_start function walk from ../todomvc/examples/vue/node_modules/vue/dist/vue.js in 694_PROFILING_INFO_
​ _PROFILING_INFO_start function defineReactive$$1 from ../todomvc/examples/vue/node_modules/vue/dist/vue.js in 764_PROFILING_INFO_
​ _PROFILING_INFO_start function protoAugment from ../todomvc/examples/vue/node_modules/vue/dist/vue.js in 716_PROFILING_INFO_
​ _PROFILING_INFO_start function observeArray from ../todomvc/examples/vue/node_modules/vue/dist/vue.js in 704_PROFILING_INFO_
​ _PROFILING_INFO_start function initComputed from ../todomvc/examples/vue/node_modules/vue/dist/vue.js in 1933_PROFILING_INFO_
​ _PROFILING_INFO_start function makeComputedGetter from ../todomvc/examples/vue/node_modules/vue/dist/vue.js in 1961_PROFILING_INFO_
​ _PROFILING_INFO_start function Watcher from ../todomvc/examples/vue/node_modules/vue/dist/vue.js in 1612_PROFILING_INFO_
​ _PROFILING_INFO_start function initWatch from ../todomvc/examples/vue/node_modules/vue/dist/vue.js in 1989_PROFILING_INFO_
​ _PROFILING_INFO_start function createWatcher from ../todomvc/examples/vue/node_modules/vue/dist/vue.js in 2002_PROFILING_INFO_
​ _PROFILING_INFO_start function null from ../todomvc/examples/vue/node_modules/vue/dist/vue.js in 2036_PROFILING_INFO_
​ _PROFILING_INFO_start function parsePath from ../todomvc/examples/vue/node_modules/vue/dist/vue.js in 358_PROFILING_INFO_
​ _PROFILING_INFO_start function get from ../todomvc/examples/vue/node_modules/vue/dist/vue.js in 1661_PROFILING_INFO_
​ _PROFILING_INFO_start function pushTarget from ../todomvc/examples/vue/node_modules/vue/dist/vue.js in 594_PROFILING_INFO_
​ _PROFILING_INFO_start function null from ../todomvc/examples/vue/node_modules/vue/dist/vue.js in 363_PROFILING_INFO_
​ _PROFILING_INFO_start function proxyGetter from ../todomvc/examples/vue/node_modules/vue/dist/vue.js in 2059_PROFILING_INFO_
​ _PROFILING_INFO_start function reactiveGetter from ../todomvc/examples/vue/node_modules/vue/dist/vue.js in 785_PROFILING_INFO_
​ _PROFILING_INFO_start function depend from ../todomvc/examples/vue/node_modules/vue/dist/vue.js in 574_PROFILING_INFO_
​ _PROFILING_INFO_start function addDep from ../todomvc/examples/vue/node_modules/vue/dist/vue.js in 1677_PROFILING_INFO_
​ _PROFILING_INFO_start function addSub from ../todomvc/examples/vue/node_modules/vue/dist/vue.js in 566_PROFILING_INFO_
​ _PROFILING_INFO_start function dependArray from ../todomvc/examples/vue/node_modules/vue/dist/vue.js in 877_PROFILING_INFO_
​ _PROFILING_INFO_start function traverse from ../todomvc/examples/vue/node_modules/vue/dist/vue.js in 1814_PROFILING_INFO_
​ _PROFILING_INFO_start function _traverse from ../todomvc/examples/vue/node_modules/vue/dist/vue.js in 1819_PROFILING_INFO_
​ _PROFILING_INFO_start function popTarget from ../todomvc/examples/vue/node_modules/vue/dist/vue.js in 599_PROFILING_INFO_
​ _PROFILING_INFO_start function cleanupDeps from ../todomvc/examples/vue/node_modules/vue/dist/vue.js in 1691_PROFILING_INFO_
​ _PROFILING_INFO_start function initRender from ../todomvc/examples/vue/node_modules/vue/dist/vue.js in 3043_PROFILING_INFO_
​ _PROFILING_INFO_start function resolveSlots from ../todomvc/examples/vue/node_modules/vue/dist/vue.js in 3294_PROFILING_INFO_
​ _PROFILING_INFO_start function null from ../todomvc/examples/vue/node_modules/vue/dist/vue.js in 8441_PROFILING_INFO_
​ _PROFILING_INFO_start function query from ../todomvc/examples/vue/node_modules/vue/dist/vue.js in 3849_PROFILING_INFO_
​ _PROFILING_INFO_start function getOuterHTML from ../todomvc/examples/vue/node_modules/vue/dist/vue.js in 8501_PROFILING_INFO_
​ _PROFILING_INFO_start function compileToFunctions from ../todomvc/examples/vue/node_modules/vue/dist/vue.js in 8375_PROFILING_INFO_
​ _PROFILING_INFO_start function compile$$1 from ../todomvc/examples/vue/node_modules/vue/dist/vue.js in 8365_PROFILING_INFO_
​ _PROFILING_INFO_start function compile$1 from ../todomvc/examples/vue/node_modules/vue/dist/vue.js in 7946_PROFILING_INFO_
​ _PROFILING_INFO_start function parse from ../todomvc/examples/vue/node_modules/vue/dist/vue.js in 6845_PROFILING_INFO_
​ _PROFILING_INFO_start function pluckModuleFunction from ../todomvc/examples/vue/node_modules/vue/dist/vue.js in 6636_PROFILING_INFO_
​ _PROFILING_INFO_start function null from ../todomvc/examples/vue/node_modules/vue/dist/vue.js in 6641_PROFILING_INFO_
​ _PROFILING_INFO_start function parseHTML from ../todomvc/examples/vue/node_modules/vue/dist/vue.js in 6264_PROFILING_INFO_
​ _PROFILING_INFO_start function parseStartTag from ../todomvc/examples/vue/node_modules/vue/dist/vue.js in 6382_PROFILING_INFO_
​ _PROFILING_INFO_start function advance from ../todomvc/examples/vue/node_modules/vue/dist/vue.js in 6377_PROFILING_INFO_
​ _PROFILING_INFO_start function handleStartTag from ../todomvc/examples/vue/node_modules/vue/dist/vue.js in 6405_PROFILING_INFO_
​ _PROFILING_INFO_start function null from ../todomvc/examples/vue/node_modules/vue/dist/vue.js in 48_PROFILING_INFO_
​ _PROFILING_INFO_start function decodeAttr from ../todomvc/examples/vue/node_modules/vue/dist/vue.js in 6253_PROFILING_INFO_
​ _PROFILING_INFO_start function start from ../todomvc/examples/vue/node_modules/vue/dist/vue.js in 6868_PROFILING_INFO_
​ _PROFILING_INFO_start function getTagNamespace from ../todomvc/examples/vue/node_modules/vue/dist/vue.js in 3807_PROFILING_INFO_
​ _PROFILING_INFO_start function makeAttrsMap from ../todomvc/examples/vue/node_modules/vue/dist/vue.js in 7314_PROFILING_INFO_
​ _PROFILING_INFO_start function isForbiddenTag from ../todomvc/examples/vue/node_modules/vue/dist/vue.js in 7325_PROFILING_INFO_
​ _PROFILING_INFO_start function processPre from ../todomvc/examples/vue/node_modules/vue/dist/vue.js in 7058_PROFILING_INFO_
​ _PROFILING_INFO_start function getAndRemoveAttr from ../todomvc/examples/vue/node_modules/vue/dist/vue.js in 6717_PROFILING_INFO_
​ _PROFILING_INFO_start function null from ../todomvc/examples/vue/node_modules/vue/dist/vue.js in 3801_PROFILING_INFO_
​ _PROFILING_INFO_start function processFor from ../todomvc/examples/vue/node_modules/vue/dist/vue.js in 7098_PROFILING_INFO_
​ _PROFILING_INFO_start function processIf from ../todomvc/examples/vue/node_modules/vue/dist/vue.js in 7123_PROFILING_INFO_
​ _PROFILING_INFO_start function processOnce from ../todomvc/examples/vue/node_modules/vue/dist/vue.js in 7181_PROFILING_INFO_
​ _PROFILING_INFO_start function processKey from ../todomvc/examples/vue/node_modules/vue/dist/vue.js in 7080_PROFILING_INFO_
​ _PROFILING_INFO_start function getBindingAttr from ../todomvc/examples/vue/node_modules/vue/dist/vue.js in 6699_PROFILING_INFO_
​ _PROFILING_INFO_start function processRef from ../todomvc/examples/vue/node_modules/vue/dist/vue.js in 7090_PROFILING_INFO_
​ _PROFILING_INFO_start function processSlot from ../todomvc/examples/vue/node_modules/vue/dist/vue.js in 7188_PROFILING_INFO_
​ _PROFILING_INFO_start function processComponent from ../todomvc/examples/vue/node_modules/vue/dist/vue.js in 7209_PROFILING_INFO_
​ _PROFILING_INFO_start function transformNode from ../todomvc/examples/vue/node_modules/vue/dist/vue.js in 8037_PROFILING_INFO_
​ _PROFILING_INFO_start function parseText from ../todomvc/examples/vue/node_modules/vue/dist/vue.js in 6602_PROFILING_INFO_
​ _PROFILING_INFO_start function transformNode$1 from ../todomvc/examples/vue/node_modules/vue/dist/vue.js in 8079_PROFILING_INFO_
​ _PROFILING_INFO_start function processAttrs from ../todomvc/examples/vue/node_modules/vue/dist/vue.js in 7219_PROFILING_INFO_
​ _PROFILING_INFO_start function parseModifiers from ../todomvc/examples/vue/node_modules/vue/dist/vue.js in 7305_PROFILING_INFO_
​ _PROFILING_INFO_start function addDirective from ../todomvc/examples/vue/node_modules/vue/dist/vue.js in 6653_PROFILING_INFO_
​ _PROFILING_INFO_start function checkRootConstraints from ../todomvc/examples/vue/node_modules/vue/dist/vue.js in 6935_PROFILING_INFO_
​ _PROFILING_INFO_start function null from ../todomvc/examples/vue/node_modules/vue/dist/vue.js in 6230_PROFILING_INFO_
​ _PROFILING_INFO_start function chars from ../todomvc/examples/vue/node_modules/vue/dist/vue.js in 7016_PROFILING_INFO_
​ _PROFILING_INFO_start function cachedFn from ../todomvc/examples/vue/node_modules/vue/dist/vue.js in 89_PROFILING_INFO_
​ _PROFILING_INFO_start function decode from ../todomvc/examples/vue/node_modules/vue/dist/vue.js in 6151_PROFILING_INFO_
​ _PROFILING_INFO_start function parseEndTag from ../todomvc/examples/vue/node_modules/vue/dist/vue.js in 6451_PROFILING_INFO_
​ _PROFILING_INFO_start function end from ../todomvc/examples/vue/node_modules/vue/dist/vue.js in 6997_PROFILING_INFO_
​ _PROFILING_INFO_start function addAttr from ../todomvc/examples/vue/node_modules/vue/dist/vue.js in 6649_PROFILING_INFO_
​ _PROFILING_INFO_start function null from ../todomvc/examples/vue/node_modules/vue/dist/vue.js in 3665_PROFILING_INFO_
​ _PROFILING_INFO_start function checkForAliasModel from ../todomvc/examples/vue/node_modules/vue/dist/vue.js in 7351_PROFILING_INFO_
​ _PROFILING_INFO_start function null from ../todomvc/examples/vue/node_modules/vue/dist/vue.js in 7309_PROFILING_INFO_
​ _PROFILING_INFO_start function addHandler from ../todomvc/examples/vue/node_modules/vue/dist/vue.js in 6664_PROFILING_INFO_
​ _PROFILING_INFO_start function parseFilters from ../todomvc/examples/vue/node_modules/vue/dist/vue.js in 6497_PROFILING_INFO_
​ _PROFILING_INFO_start function optimize from ../todomvc/examples/vue/node_modules/vue/dist/vue.js in 7385_PROFILING_INFO_
​ _PROFILING_INFO_start function genStaticKeys$1 from ../todomvc/examples/vue/node_modules/vue/dist/vue.js in 7395_PROFILING_INFO_
​ _PROFILING_INFO_start function makeMap from ../todomvc/examples/vue/node_modules/vue/dist/vue.js in 38_PROFILING_INFO_
​ _PROFILING_INFO_start function markStatic from ../todomvc/examples/vue/node_modules/vue/dist/vue.js in 7402_PROFILING_INFO_
​ _PROFILING_INFO_start function isStatic from ../todomvc/examples/vue/node_modules/vue/dist/vue.js in 7459_PROFILING_INFO_
​ _PROFILING_INFO_start function null from ../todomvc/examples/vue/node_modules/vue/dist/vue.js in 3803_PROFILING_INFO_
​ _PROFILING_INFO_start function null from ../todomvc/examples/vue/node_modules/vue/dist/vue.js in 49_PROFILING_INFO_
​ _PROFILING_INFO_start function isDirectChildOfTemplateFor from ../todomvc/examples/vue/node_modules/vue/dist/vue.js in 7476_PROFILING_INFO_
​ _PROFILING_INFO_start function markStaticRoots from ../todomvc/examples/vue/node_modules/vue/dist/vue.js in 7425_PROFILING_INFO_
​ _PROFILING_INFO_start function generate from ../todomvc/examples/vue/node_modules/vue/dist/vue.js in 7597_PROFILING_INFO_
​ _PROFILING_INFO_start function genElement from ../todomvc/examples/vue/node_modules/vue/dist/vue.js in 7621_PROFILING_INFO_
​ _PROFILING_INFO_start function genData from ../todomvc/examples/vue/node_modules/vue/dist/vue.js in 7722_PROFILING_INFO_
​ _PROFILING_INFO_start function genDirectives from ../todomvc/examples/vue/node_modules/vue/dist/vue.js in 7791_PROFILING_INFO_
​ _PROFILING_INFO_start function noop from ../todomvc/examples/vue/node_modules/vue/dist/vue.js in 196_PROFILING_INFO_
​ _PROFILING_INFO_start function genData$1 from ../todomvc/examples/vue/node_modules/vue/dist/vue.js in 8060_PROFILING_INFO_
​ _PROFILING_INFO_start function genData$2 from ../todomvc/examples/vue/node_modules/vue/dist/vue.js in 8104_PROFILING_INFO_
​ _PROFILING_INFO_start function genChildren from ../todomvc/examples/vue/node_modules/vue/dist/vue.js in 7840_PROFILING_INFO_
​ _PROFILING_INFO_start function getNormalizationType from ../todomvc/examples/vue/node_modules/vue/dist/vue.js in 7862_PROFILING_INFO_
​ _PROFILING_INFO_start function needsNormalization from ../todomvc/examples/vue/node_modules/vue/dist/vue.js in 7879_PROFILING_INFO_
​ _PROFILING_INFO_start function maybeComponent from ../todomvc/examples/vue/node_modules/vue/dist/vue.js in 7883_PROFILING_INFO_
​ _PROFILING_INFO_start function genNode from ../todomvc/examples/vue/node_modules/vue/dist/vue.js in 7887_PROFILING_INFO_
​ _PROFILING_INFO_start function genText from ../todomvc/examples/vue/node_modules/vue/dist/vue.js in 7895_PROFILING_INFO_
​ _PROFILING_INFO_start function transformSpecialNewlines from ../todomvc/examples/vue/node_modules/vue/dist/vue.js in 7935_PROFILING_INFO_
​ _PROFILING_INFO_start function model$1 from ../todomvc/examples/vue/node_modules/vue/dist/vue.js in 8130_PROFILING_INFO_
​ _PROFILING_INFO_start function genDefaultModel from ../todomvc/examples/vue/node_modules/vue/dist/vue.js in 8221_PROFILING_INFO_
​ _PROFILING_INFO_start function genAssignmentCode from ../todomvc/examples/vue/node_modules/vue/dist/vue.js in 8315_PROFILING_INFO_
​ _PROFILING_INFO_start function parseModel from ../todomvc/examples/vue/node_modules/vue/dist/vue.js in 6752_PROFILING_INFO_
​ _PROFILING_INFO_start function addProp from ../todomvc/examples/vue/node_modules/vue/dist/vue.js in 6645_PROFILING_INFO_
​ _PROFILING_INFO_start function genProps from ../todomvc/examples/vue/node_modules/vue/dist/vue.js in 7925_PROFILING_INFO_
​ _PROFILING_INFO_start function genHandlers from ../todomvc/examples/vue/node_modules/vue/dist/vue.js in 7517_PROFILING_INFO_
​ _PROFILING_INFO_start function genHandler from ../todomvc/examples/vue/node_modules/vue/dist/vue.js in 7525_PROFILING_INFO_
​ _PROFILING_INFO_start function genKeyFilter from ../todomvc/examples/vue/node_modules/vue/dist/vue.js in 7557_PROFILING_INFO_
​ _PROFILING_INFO_start function genFilterCode from ../todomvc/examples/vue/node_modules/vue/dist/vue.js in 7561_PROFILING_INFO_
​ _PROFILING_INFO_start function genCheckboxModel from ../todomvc/examples/vue/node_modules/vue/dist/vue.js in 8162_PROFILING_INFO_
​ _PROFILING_INFO_start function genFor from ../todomvc/examples/vue/node_modules/vue/dist/vue.js in 7710_PROFILING_INFO_
​ _PROFILING_INFO_start function null from ../todomvc/examples/vue/node_modules/vue/dist/vue.js in 7532_PROFILING_INFO_
​ _PROFILING_INFO_start function text from ../todomvc/examples/vue/node_modules/vue/dist/vue.js in 8329_PROFILING_INFO_
​ _PROFILING_INFO_start function makeFunction from ../todomvc/examples/vue/node_modules/vue/dist/vue.js in 8425_PROFILING_INFO_
​ _PROFILING_INFO_start function null from ../todomvc/examples/vue/node_modules/vue/dist/vue.js in 6099_PROFILING_INFO_
​ _PROFILING_INFO_start function null from ../todomvc/examples/vue/node_modules/vue/dist/vue.js in 2437_PROFILING_INFO_
​ _PROFILING_INFO_start function null from ../todomvc/examples/vue/node_modules/vue/dist/vue.js in 2463_PROFILING_INFO_
​ _PROFILING_INFO_start function null from ../todomvc/examples/vue/node_modules/vue/dist/vue.js in 3069_PROFILING_INFO_
​ _PROFILING_INFO_start function has from ../todomvc/examples/vue/node_modules/vue/dist/vue.js in 1471_PROFILING_INFO_
​ _PROFILING_INFO_start function createTextVNode from ../todomvc/examples/vue/node_modules/vue/dist/vue.js in 2107_PROFILING_INFO_
​ _PROFILING_INFO_start function VNode from ../todomvc/examples/vue/node_modules/vue/dist/vue.js in 2071_PROFILING_INFO_
​ _PROFILING_INFO_start function null from ../todomvc/examples/vue/node_modules/vue/dist/vue.js in 3055_PROFILING_INFO_
​ _PROFILING_INFO_start function createElement from ../todomvc/examples/vue/node_modules/vue/dist/vue.js in 2943_PROFILING_INFO_
​ _PROFILING_INFO_start function _createElement from ../todomvc/examples/vue/node_modules/vue/dist/vue.js in 2960_PROFILING_INFO_
​ _PROFILING_INFO_start function null from ../todomvc/examples/vue/node_modules/vue/dist/vue.js in 206_PROFILING_INFO_
​ _PROFILING_INFO_start function _toString from ../todomvc/examples/vue/node_modules/vue/dist/vue.js in 17_PROFILING_INFO_
​ _PROFILING_INFO_start function isPrimitive from ../todomvc/examples/vue/node_modules/vue/dist/vue.js in 80_PROFILING_INFO_
​ _PROFILING_INFO_start function computedGetter from ../todomvc/examples/vue/node_modules/vue/dist/vue.js in 1965_PROFILING_INFO_
​ _PROFILING_INFO_start function evaluate from ../todomvc/examples/vue/node_modules/vue/dist/vue.js in 1770_PROFILING_INFO_
​ _PROFILING_INFO_start function null from ../todomvc/examples/vue/js/app.js in 54_PROFILING_INFO_
​ _PROFILING_INFO_start function null from ../todomvc/examples/vue/js/app.js in 50_PROFILING_INFO_
​ _PROFILING_INFO_start function null from ../todomvc/examples/vue/js/app.js in 11_PROFILING_INFO_
​ _PROFILING_INFO_start function depend from ../todomvc/examples/vue/node_modules/vue/dist/vue.js in 1778_PROFILING_INFO_
​ _PROFILING_INFO_start function null from ../todomvc/examples/vue/js/app.js in 47_PROFILING_INFO_
​ _PROFILING_INFO_start function null from ../todomvc/examples/vue/js/app.js in 8_PROFILING_INFO_
​ _PROFILING_INFO_start function renderList from ../todomvc/examples/vue/node_modules/vue/dist/vue.js in 3192_PROFILING_INFO_
​ _PROFILING_INFO_start function boundFn from ../todomvc/examples/vue/node_modules/vue/dist/vue.js in 125_PROFILING_INFO_
​ _PROFILING_INFO_start function null from ../todomvc/examples/vue/js/app.js in 69_PROFILING_INFO_
​ _PROFILING_INFO_start function null from ../todomvc/examples/vue/node_modules/vue/dist/vue.js in 2476_PROFILING_INFO_
​ _PROFILING_INFO_start function patch from ../todomvc/examples/vue/node_modules/vue/dist/vue.js in 4503_PROFILING_INFO_
​ _PROFILING_INFO_start function isDef from ../todomvc/examples/vue/node_modules/vue/dist/vue.js in 4001_PROFILING_INFO_
​ _PROFILING_INFO_start function emptyNodeAt from ../todomvc/examples/vue/node_modules/vue/dist/vue.js in 4038_PROFILING_INFO_
​ _PROFILING_INFO_start function tagName from ../todomvc/examples/vue/node_modules/vue/dist/vue.js in 3908_PROFILING_INFO_
​ _PROFILING_INFO_start function parentNode from ../todomvc/examples/vue/node_modules/vue/dist/vue.js in 3900_PROFILING_INFO_
​ _PROFILING_INFO_start function nextSibling from ../todomvc/examples/vue/node_modules/vue/dist/vue.js in 3904_PROFILING_INFO_
​ _PROFILING_INFO_start function createElm from ../todomvc/examples/vue/node_modules/vue/dist/vue.js in 4061_PROFILING_INFO_
​ _PROFILING_INFO_start function createComponent from ../todomvc/examples/vue/node_modules/vue/dist/vue.js in 4115_PROFILING_INFO_
​ _PROFILING_INFO_start function isUnknownElement from ../todomvc/examples/vue/node_modules/vue/dist/vue.js in 3819_PROFILING_INFO_
​ _PROFILING_INFO_start function createElement$1 from ../todomvc/examples/vue/node_modules/vue/dist/vue.js in 3865_PROFILING_INFO_
​ _PROFILING_INFO_start function setScope from ../todomvc/examples/vue/node_modules/vue/dist/vue.js in 4216_PROFILING_INFO_
​ _PROFILING_INFO_start function createChildren from ../todomvc/examples/vue/node_modules/vue/dist/vue.js in 4168_PROFILING_INFO_
​ _PROFILING_INFO_start function createTextNode from ../todomvc/examples/vue/node_modules/vue/dist/vue.js in 3880_PROFILING_INFO_
​ _PROFILING_INFO_start function insert from ../todomvc/examples/vue/node_modules/vue/dist/vue.js in 4158_PROFILING_INFO_
​ _PROFILING_INFO_start function appendChild from ../todomvc/examples/vue/node_modules/vue/dist/vue.js in 3896_PROFILING_INFO_
​ _PROFILING_INFO_start function invokeCreateHooks from ../todomvc/examples/vue/node_modules/vue/dist/vue.js in 4185_PROFILING_INFO_
​ _PROFILING_INFO_start function updateAttrs from ../todomvc/examples/vue/node_modules/vue/dist/vue.js in 4698_PROFILING_INFO_
​ _PROFILING_INFO_start function setAttr from ../todomvc/examples/vue/node_modules/vue/dist/vue.js in 4734_PROFILING_INFO_
​ _PROFILING_INFO_start function null from ../todomvc/examples/vue/node_modules/vue/dist/vue.js in 3695_PROFILING_INFO_
​ _PROFILING_INFO_start function null from ../todomvc/examples/vue/node_modules/vue/dist/vue.js in 3687_PROFILING_INFO_
​ _PROFILING_INFO_start function updateClass from ../todomvc/examples/vue/node_modules/vue/dist/vue.js in 4767_PROFILING_INFO_
​ _PROFILING_INFO_start function genClassForVnode from ../todomvc/examples/vue/node_modules/vue/dist/vue.js in 3701_PROFILING_INFO_
​ _PROFILING_INFO_start function genClassFromData from ../todomvc/examples/vue/node_modules/vue/dist/vue.js in 3728_PROFILING_INFO_
​ _PROFILING_INFO_start function stringifyClass from ../todomvc/examples/vue/node_modules/vue/dist/vue.js in 3742_PROFILING_INFO_
​ _PROFILING_INFO_start function concat from ../todomvc/examples/vue/node_modules/vue/dist/vue.js in 3738_PROFILING_INFO_
​ _PROFILING_INFO_start function updateDOMListeners from ../todomvc/examples/vue/node_modules/vue/dist/vue.js in 4817_PROFILING_INFO_
​ _PROFILING_INFO_start function updateListeners from ../todomvc/examples/vue/node_modules/vue/dist/vue.js in 2161_PROFILING_INFO_
​ _PROFILING_INFO_start function fnInvoker from ../todomvc/examples/vue/node_modules/vue/dist/vue.js in 2226_PROFILING_INFO_
​ _PROFILING_INFO_start function add$2 from ../todomvc/examples/vue/node_modules/vue/dist/vue.js in 4800_PROFILING_INFO_
​ _PROFILING_INFO_start function updateDOMProps from ../todomvc/examples/vue/node_modules/vue/dist/vue.js in 4834_PROFILING_INFO_
​ _PROFILING_INFO_start function shouldUpdateValue from ../todomvc/examples/vue/node_modules/vue/dist/vue.js in 4886_PROFILING_INFO_
​ _PROFILING_INFO_start function isDirty from ../todomvc/examples/vue/node_modules/vue/dist/vue.js in 4901_PROFILING_INFO_
​ _PROFILING_INFO_start function isInputChanged from ../todomvc/examples/vue/node_modules/vue/dist/vue.js in 4905_PROFILING_INFO_
​ _PROFILING_INFO_start function updateStyle from ../todomvc/examples/vue/node_modules/vue/dist/vue.js in 5022_PROFILING_INFO_
​ _PROFILING_INFO_start function _enter from ../todomvc/examples/vue/node_modules/vue/dist/vue.js in 5516_PROFILING_INFO_
​ _PROFILING_INFO_start function enter from ../todomvc/examples/vue/node_modules/vue/dist/vue.js in 5261_PROFILING_INFO_
​ _PROFILING_INFO_start function resolveTransition from ../todomvc/examples/vue/node_modules/vue/dist/vue.js in 5475_PROFILING_INFO_
​ _PROFILING_INFO_start function create from ../todomvc/examples/vue/node_modules/vue/dist/vue.js in 3939_PROFILING_INFO_
​ _PROFILING_INFO_start function registerRef from ../todomvc/examples/vue/node_modules/vue/dist/vue.js in 3953_PROFILING_INFO_
​ _PROFILING_INFO_start function updateDirectives from ../todomvc/examples/vue/node_modules/vue/dist/vue.js in 4592_PROFILING_INFO_
​ _PROFILING_INFO_start function _update from ../todomvc/examples/vue/node_modules/vue/dist/vue.js in 4598_PROFILING_INFO_
​ _PROFILING_INFO_start function normalizeDirectives$1 from ../todomvc/examples/vue/node_modules/vue/dist/vue.js in 4660_PROFILING_INFO_
​ _PROFILING_INFO_start function getRawDirName from ../todomvc/examples/vue/node_modules/vue/dist/vue.js in 4680_PROFILING_INFO_
​ _PROFILING_INFO_start function resolveAsset from ../todomvc/examples/vue/node_modules/vue/dist/vue.js in 1184_PROFILING_INFO_
​ _PROFILING_INFO_start function null from ../todomvc/examples/vue/node_modules/vue/dist/vue.js in 99_PROFILING_INFO_
​ _PROFILING_INFO_start function null from ../todomvc/examples/vue/node_modules/vue/dist/vue.js in 106_PROFILING_INFO_
​ _PROFILING_INFO_start function callHook$1 from ../todomvc/examples/vue/node_modules/vue/dist/vue.js in 4684_PROFILING_INFO_
​ _PROFILING_INFO_start function mergeVNodeHook from ../todomvc/examples/vue/node_modules/vue/dist/vue.js in 2142_PROFILING_INFO_
​ _PROFILING_INFO_start function bind from ../todomvc/examples/vue/node_modules/vue/dist/vue.js in 5695_PROFILING_INFO_
​ _PROFILING_INFO_start function locateNode from ../todomvc/examples/vue/node_modules/vue/dist/vue.js in 5688_PROFILING_INFO_
​ _PROFILING_INFO_start function insertBefore from ../todomvc/examples/vue/node_modules/vue/dist/vue.js in 3888_PROFILING_INFO_
​ _PROFILING_INFO_start function removeVnodes from ../todomvc/examples/vue/node_modules/vue/dist/vue.js in 4248_PROFILING_INFO_
​ _PROFILING_INFO_start function removeAndInvokeRemoveHook from ../todomvc/examples/vue/node_modules/vue/dist/vue.js in 4262_PROFILING_INFO_
​ _PROFILING_INFO_start function createRmCb from ../todomvc/examples/vue/node_modules/vue/dist/vue.js in 4042_PROFILING_INFO_
​ _PROFILING_INFO_start function remove from ../todomvc/examples/vue/node_modules/vue/dist/vue.js in 5525_PROFILING_INFO_
​ _PROFILING_INFO_start function leave from ../todomvc/examples/vue/node_modules/vue/dist/vue.js in 5384_PROFILING_INFO_
​ _PROFILING_INFO_start function remove$$1 from ../todomvc/examples/vue/node_modules/vue/dist/vue.js in 4043_PROFILING_INFO_
​ _PROFILING_INFO_start function removeNode from ../todomvc/examples/vue/node_modules/vue/dist/vue.js in 4052_PROFILING_INFO_
​ _PROFILING_INFO_start function removeChild from ../todomvc/examples/vue/node_modules/vue/dist/vue.js in 3892_PROFILING_INFO_
​ _PROFILING_INFO_start function invokeDestroyHook from ../todomvc/examples/vue/node_modules/vue/dist/vue.js in 4234_PROFILING_INFO_
​ _PROFILING_INFO_start function destroy from ../todomvc/examples/vue/node_modules/vue/dist/vue.js in 3948_PROFILING_INFO_
​ _PROFILING_INFO_start function unbindDirectives from ../todomvc/examples/vue/node_modules/vue/dist/vue.js in 4587_PROFILING_INFO_
​ _PROFILING_INFO_start function invokeInsertHook from ../todomvc/examples/vue/node_modules/vue/dist/vue.js in 4413_PROFILING_INFO_
​ _PROFILING_INFO_start function null from ../todomvc/examples/vue/node_modules/vue/dist/vue.js in 4628_PROFILING_INFO_
​ _PROFILING_INFO_start function inserted from ../todomvc/examples/vue/node_modules/vue/dist/vue.js in 5571_PROFILING_INFO_
​ _PROFILING_INFO_start function null from ../todomvc/examples/vue/node_modules/todomvc-common/base.js in 147_PROFILING_INFO_
​ _PROFILING_INFO_start function Learn from ../todomvc/examples/vue/node_modules/todomvc-common/base.js in 154_PROFILING_INFO_
​ _PROFILING_INFO_start function null from ../todomvc/examples/vue/node_modules/todomvc-common/base.js in 199_PROFILING_INFO_
​ _PROFILING_INFO_start function null from ../todomvc/examples/vue/node_modules/todomvc-common/base.js in 56_PROFILING_INFO_
​ _PROFILING_INFO_start function null from ../todomvc/examples/vue/node_modules/todomvc-common/base.js in 9_PROFILING_INFO_
​ _PROFILING_INFO_start function null from ../todomvc/examples/vue/node_modules/todomvc-common/base.js in 70_PROFILING_INFO_
​ _PROFILING_INFO_start function null from ../todomvc/examples/vue/node_modules/todomvc-common/base.js in 227_PROFILING_INFO_
​ _PROFILING_INFO_start function null from ../todomvc/examples/vue/node_modules/vue/dist/vue.js in 6118_PROFILING_INFO_
​ Download the Vue Devtools extension for a better development experience:
https://github.com/vuejs/vue-devtools
​ _PROFILING_INFO_start function null from ../todomvc/examples/vue/js/routes.js in 3_PROFILING_INFO_
​ _PROFILING_INFO_start function null from ../todomvc/examples/vue/node_modules/director/build/director.js in 162_PROFILING_INFO_
​ _PROFILING_INFO_start function null from ../todomvc/examples/vue/node_modules/director/build/director.js in 392_PROFILING_INFO_
​ _PROFILING_INFO_start function null from ../todomvc/examples/vue/node_modules/director/build/director.js in 690_PROFILING_INFO_
​ _PROFILING_INFO_start function null from ../todomvc/examples/vue/js/routes.js in 9_PROFILING_INFO_
​ _PROFILING_INFO_start function null from ../todomvc/examples/vue/node_modules/director/build/director.js in 425_PROFILING_INFO_
​ _PROFILING_INFO_start function terminator from ../todomvc/examples/vue/node_modules/director/build/director.js in 370_PROFILING_INFO_
​ _PROFILING_INFO_start function null from ../todomvc/examples/vue/node_modules/director/build/director.js in 252_PROFILING_INFO_
​ _PROFILING_INFO_start function null from ../todomvc/examples/vue/node_modules/director/build/director.js in 611_PROFILING_INFO_
​ _PROFILING_INFO_start function null from ../todomvc/examples/vue/node_modules/director/build/director.js in 613_PROFILING_INFO_
​ _PROFILING_INFO_start function null from ../todomvc/examples/vue/node_modules/director/build/director.js in 180_PROFILING_INFO_
​ _PROFILING_INFO_start function null from ../todomvc/examples/vue/node_modules/director/build/director.js in 48_PROFILING_INFO_
​ _PROFILING_INFO_start function dlocHashEmpty from ../todomvc/examples/vue/node_modules/director/build/director.js in 20_PROFILING_INFO_
​ _PROFILING_INFO_start function null from ../todomvc/examples/vue/node_modules/vue/dist/vue.js in 2227_PROFILING_INFO_
​ _PROFILING_INFO_start function has from ../todomvc/examples/vue/node_modules/vue/dist/vue.js in 1471_PROFILING_INFO_
​ _PROFILING_INFO_start function null from ../todomvc/examples/vue/node_modules/vue/dist/vue.js in 49_PROFILING_INFO_
​ _PROFILING_INFO_start function proxySetter from ../todomvc/examples/vue/node_modules/vue/dist/vue.js in 2062_PROFILING_INFO_
​ _PROFILING_INFO_start function reactiveSetter from ../todomvc/examples/vue/node_modules/vue/dist/vue.js in 798_PROFILING_INFO_
​ _PROFILING_INFO_start function observe from ../todomvc/examples/vue/node_modules/vue/dist/vue.js in 739_PROFILING_INFO_
​ _PROFILING_INFO_start function isObject from ../todomvc/examples/vue/node_modules/vue/dist/vue.js in 166_PROFILING_INFO_
​ _PROFILING_INFO_start function notify from ../todomvc/examples/vue/node_modules/vue/dist/vue.js in 580_PROFILING_INFO_
​ _PROFILING_INFO_start function update from ../todomvc/examples/vue/node_modules/vue/dist/vue.js in 1715_PROFILING_INFO_
​ _PROFILING_INFO_start function queueWatcher from ../todomvc/examples/vue/node_modules/vue/dist/vue.js in 1580_PROFILING_INFO_
​ _PROFILING_INFO_start function queueNextTick from ../todomvc/examples/vue/node_modules/vue/dist/vue.js in 474_PROFILING_INFO_
​ _PROFILING_INFO_start function null from ../todomvc/examples/vue/node_modules/vue/dist/vue.js in 440_PROFILING_INFO_
​ _PROFILING_INFO_start function nextTickHandler from ../todomvc/examples/vue/node_modules/vue/dist/vue.js in 421_PROFILING_INFO_
​ _PROFILING_INFO_start function null from ../todomvc/examples/vue/node_modules/vue/dist/vue.js in 476_PROFILING_INFO_
​ _PROFILING_INFO_start function flushSchedulerQueue from ../todomvc/examples/vue/node_modules/vue/dist/vue.js in 1529_PROFILING_INFO_
​ _PROFILING_INFO_start function run from ../todomvc/examples/vue/node_modules/vue/dist/vue.js in 1730_PROFILING_INFO_
​ _PROFILING_INFO_start function get from ../todomvc/examples/vue/node_modules/vue/dist/vue.js in 1661_PROFILING_INFO_
​ _PROFILING_INFO_start function pushTarget from ../todomvc/examples/vue/node_modules/vue/dist/vue.js in 594_PROFILING_INFO_
​ _PROFILING_INFO_start function null from ../todomvc/examples/vue/node_modules/vue/dist/vue.js in 2463_PROFILING_INFO_
​ _PROFILING_INFO_start function null from ../todomvc/examples/vue/node_modules/vue/dist/vue.js in 3069_PROFILING_INFO_
​ _PROFILING_INFO_start function createTextVNode from ../todomvc/examples/vue/node_modules/vue/dist/vue.js in 2107_PROFILING_INFO_
​ _PROFILING_INFO_start function VNode from ../todomvc/examples/vue/node_modules/vue/dist/vue.js in 2071_PROFILING_INFO_
​ _PROFILING_INFO_start function null from ../todomvc/examples/vue/node_modules/vue/dist/vue.js in 3055_PROFILING_INFO_
​ _PROFILING_INFO_start function createElement from ../todomvc/examples/vue/node_modules/vue/dist/vue.js in 2943_PROFILING_INFO_
​ _PROFILING_INFO_start function _createElement from ../todomvc/examples/vue/node_modules/vue/dist/vue.js in 2960_PROFILING_INFO_
​ _PROFILING_INFO_start function getTagNamespace from ../todomvc/examples/vue/node_modules/vue/dist/vue.js in 3807_PROFILING_INFO_
​ _PROFILING_INFO_start function null from ../todomvc/examples/vue/node_modules/vue/dist/vue.js in 48_PROFILING_INFO_
​ _PROFILING_INFO_start function null from ../todomvc/examples/vue/node_modules/vue/dist/vue.js in 3803_PROFILING_INFO_
​ _PROFILING_INFO_start function null from ../todomvc/examples/vue/node_modules/vue/dist/vue.js in 206_PROFILING_INFO_
​ _PROFILING_INFO_start function proxyGetter from ../todomvc/examples/vue/node_modules/vue/dist/vue.js in 2059_PROFILING_INFO_
​ _PROFILING_INFO_start function reactiveGetter from ../todomvc/examples/vue/node_modules/vue/dist/vue.js in 785_PROFILING_INFO_
​ _PROFILING_INFO_start function depend from ../todomvc/examples/vue/node_modules/vue/dist/vue.js in 574_PROFILING_INFO_
​ _PROFILING_INFO_start function addDep from ../todomvc/examples/vue/node_modules/vue/dist/vue.js in 1677_PROFILING_INFO_
​ _PROFILING_INFO_start function _toString from ../todomvc/examples/vue/node_modules/vue/dist/vue.js in 17_PROFILING_INFO_
​ _PROFILING_INFO_start function isPrimitive from ../todomvc/examples/vue/node_modules/vue/dist/vue.js in 80_PROFILING_INFO_
​ _PROFILING_INFO_start function dependArray from ../todomvc/examples/vue/node_modules/vue/dist/vue.js in 877_PROFILING_INFO_
​ _PROFILING_INFO_start function computedGetter from ../todomvc/examples/vue/node_modules/vue/dist/vue.js in 1965_PROFILING_INFO_
​ _PROFILING_INFO_start function depend from ../todomvc/examples/vue/node_modules/vue/dist/vue.js in 1778_PROFILING_INFO_
​ _PROFILING_INFO_start function renderList from ../todomvc/examples/vue/node_modules/vue/dist/vue.js in 3192_PROFILING_INFO_
​ _PROFILING_INFO_start function boundFn from ../todomvc/examples/vue/node_modules/vue/dist/vue.js in 125_PROFILING_INFO_
​ _PROFILING_INFO_start function null from ../todomvc/examples/vue/js/app.js in 69_PROFILING_INFO_
​ _PROFILING_INFO_start function null from ../todomvc/examples/vue/node_modules/vue/dist/vue.js in 2476_PROFILING_INFO_
​ _PROFILING_INFO_start function callHook from ../todomvc/examples/vue/node_modules/vue/dist/vue.js in 2606_PROFILING_INFO_
​ _PROFILING_INFO_start function patch from ../todomvc/examples/vue/node_modules/vue/dist/vue.js in 4503_PROFILING_INFO_
​ _PROFILING_INFO_start function isDef from ../todomvc/examples/vue/node_modules/vue/dist/vue.js in 4001_PROFILING_INFO_
​ _PROFILING_INFO_start function sameVnode from ../todomvc/examples/vue/node_modules/vue/dist/vue.js in 4005_PROFILING_INFO_
​ _PROFILING_INFO_start function patchVnode from ../todomvc/examples/vue/node_modules/vue/dist/vue.js in 4365_PROFILING_INFO_
​ _PROFILING_INFO_start function isPatchable from ../todomvc/examples/vue/node_modules/vue/dist/vue.js in 4178_PROFILING_INFO_
​ _PROFILING_INFO_start function updateAttrs from ../todomvc/examples/vue/node_modules/vue/dist/vue.js in 4698_PROFILING_INFO_
​ _PROFILING_INFO_start function updateClass from ../todomvc/examples/vue/node_modules/vue/dist/vue.js in 4767_PROFILING_INFO_
​ _PROFILING_INFO_start function genClassForVnode from ../todomvc/examples/vue/node_modules/vue/dist/vue.js in 3701_PROFILING_INFO_
​ _PROFILING_INFO_start function genClassFromData from ../todomvc/examples/vue/node_modules/vue/dist/vue.js in 3728_PROFILING_INFO_
​ _PROFILING_INFO_start function stringifyClass from ../todomvc/examples/vue/node_modules/vue/dist/vue.js in 3742_PROFILING_INFO_
​ _PROFILING_INFO_start function concat from ../todomvc/examples/vue/node_modules/vue/dist/vue.js in 3738_PROFILING_INFO_
​ _PROFILING_INFO_start function updateDOMListeners from ../todomvc/examples/vue/node_modules/vue/dist/vue.js in 4817_PROFILING_INFO_
​ _PROFILING_INFO_start function updateDOMProps from ../todomvc/examples/vue/node_modules/vue/dist/vue.js in 4834_PROFILING_INFO_
​ _PROFILING_INFO_start function updateStyle from ../todomvc/examples/vue/node_modules/vue/dist/vue.js in 5022_PROFILING_INFO_
​ _PROFILING_INFO_start function update from ../todomvc/examples/vue/node_modules/vue/dist/vue.js in 3942_PROFILING_INFO_
​ _PROFILING_INFO_start function updateDirectives from ../todomvc/examples/vue/node_modules/vue/dist/vue.js in 4592_PROFILING_INFO_
​ _PROFILING_INFO_start function isUndef from ../todomvc/examples/vue/node_modules/vue/dist/vue.js in 3997_PROFILING_INFO_
​ _PROFILING_INFO_start function updateChildren from ../todomvc/examples/vue/node_modules/vue/dist/vue.js in 4290_PROFILING_INFO_
​ _PROFILING_INFO_start function addVnodes from ../todomvc/examples/vue/node_modules/vue/dist/vue.js in 4228_PROFILING_INFO_
​ _PROFILING_INFO_start function updateListeners from ../todomvc/examples/vue/node_modules/vue/dist/vue.js in 2161_PROFILING_INFO_
​ _PROFILING_INFO_start function shouldUpdateValue from ../todomvc/examples/vue/node_modules/vue/dist/vue.js in 4886_PROFILING_INFO_
​ _PROFILING_INFO_start function isDirty from ../todomvc/examples/vue/node_modules/vue/dist/vue.js in 4901_PROFILING_INFO_
​ _PROFILING_INFO_start function isInputChanged from ../todomvc/examples/vue/node_modules/vue/dist/vue.js in 4905_PROFILING_INFO_
​ _PROFILING_INFO_start function _update from ../todomvc/examples/vue/node_modules/vue/dist/vue.js in 4598_PROFILING_INFO_
​ _PROFILING_INFO_start function normalizeDirectives$1 from ../todomvc/examples/vue/node_modules/vue/dist/vue.js in 4660_PROFILING_INFO_
​ _PROFILING_INFO_start function getRawDirName from ../todomvc/examples/vue/node_modules/vue/dist/vue.js in 4680_PROFILING_INFO_
​ _PROFILING_INFO_start function resolveAsset from ../todomvc/examples/vue/node_modules/vue/dist/vue.js in 1184_PROFILING_INFO_
​ _PROFILING_INFO_start function hasOwn from ../todomvc/examples/vue/node_modules/vue/dist/vue.js in 73_PROFILING_INFO_
​ _PROFILING_INFO_start function cachedFn from ../todomvc/examples/vue/node_modules/vue/dist/vue.js in 89_PROFILING_INFO_
​ _PROFILING_INFO_start function callHook$1 from ../todomvc/examples/vue/node_modules/vue/dist/vue.js in 4684_PROFILING_INFO_
​ _PROFILING_INFO_start function mergeVNodeHook from ../todomvc/examples/vue/node_modules/vue/dist/vue.js in 2142_PROFILING_INFO_
​ _PROFILING_INFO_start function null from ../todomvc/examples/vue/node_modules/vue/dist/vue.js in 4641_PROFILING_INFO_
​ _PROFILING_INFO_start function componentUpdated from ../todomvc/examples/vue/node_modules/vue/dist/vue.js in 5605_PROFILING_INFO_
vue-instrumented.js:5519 _PROFILING_INFO_start function update from ../todomvc/examples/vue/node_modules/vue/dist/vue.js in 5712_PROFILING_INFO_
vue-instrumented.js:4214 _PROFILING_INFO_start function invokeInsertHook from ../todomvc/examples/vue/node_modules/vue/dist/vue.js in 4413_PROFILING_INFO_
vue-instrumented.js:586 _PROFILING_INFO_start function popTarget from ../todomvc/examples/vue/node_modules/vue/dist/vue.js in 599_PROFILING_INFO_
vue-instrumented.js:1515 _PROFILING_INFO_start function cleanupDeps from ../todomvc/examples/vue/node_modules/vue/dist/vue.js in 1691_PROFILING_INFO_
vue-instrumented.js:1380 _PROFILING_INFO_start function resetSchedulerState from ../todomvc/examples/vue/node_modules/vue/dist/vue.js in 1517_PROFILING_INFO_
vue-instrumented.js:3035 _PROFILING_INFO_start function checkKeyCodes from ../todomvc/examples/vue/node_modules/vue/dist/vue.js in 3280_PROFILING_INFO_
app-instrumented.js:106 _PROFILING_INFO_start function null from ../todomvc/examples/vue/js/app.js in 73_PROFILING_INFO_
vue-instrumented.js:609 _PROFILING_INFO_start function mutator from ../todomvc/examples/vue/node_modules/vue/dist/vue.js in 621_PROFILING_INFO_
vue-instrumented.js:673 _PROFILING_INFO_start function observeArray from ../todomvc/examples/vue/node_modules/vue/dist/vue.js in 704_PROFILING_INFO_
vue-instrumented.js:341 _PROFILING_INFO_start function null from ../todomvc/examples/vue/node_modules/vue/dist/vue.js in 391_PROFILING_INFO_
vue-instrumented.js:176 _PROFILING_INFO_start function isPlainObject from ../todomvc/examples/vue/node_modules/vue/dist/vue.js in 176_PROFILING_INFO_
vue-instrumented.js:646 _PROFILING_INFO_start function Observer from ../todomvc/examples/vue/node_modules/vue/dist/vue.js in 673_PROFILING_INFO_
vue-instrumented.js:533 _PROFILING_INFO_start function Dep from ../todomvc/examples/vue/node_modules/vue/dist/vue.js in 561_PROFILING_INFO_
vue-instrumented.js:295 _PROFILING_INFO_start function def from ../todomvc/examples/vue/node_modules/vue/dist/vue.js in 345_PROFILING_INFO_
vue-instrumented.js:663 _PROFILING_INFO_start function walk from ../todomvc/examples/vue/node_modules/vue/dist/vue.js in 694_PROFILING_INFO_
vue-instrumented.js:718 _PROFILING_INFO_start function defineReactive$$1 from ../todomvc/examples/vue/node_modules/vue/dist/vue.js in 764_PROFILING_INFO_
vue-instrumented.js:1398 _PROFILING_INFO_start function null from ../todomvc/examples/vue/node_modules/vue/dist/vue.js in 1540_PROFILING_INFO_
vue-instrumented.js:317 _PROFILING_INFO_start function null from ../todomvc/examples/vue/node_modules/vue/dist/vue.js in 363_PROFILING_INFO_
vue-instrumented.js:541 _PROFILING_INFO_start function addSub from ../todomvc/examples/vue/node_modules/vue/dist/vue.js in 566_PROFILING_INFO_
vue-instrumented.js:1614 _PROFILING_INFO_start function traverse from ../todomvc/examples/vue/node_modules/vue/dist/vue.js in 1814_PROFILING_INFO_
vue-instrumented.js:1622 _PROFILING_INFO_start function _traverse from ../todomvc/examples/vue/node_modules/vue/dist/vue.js in 1819_PROFILING_INFO_
store-instrumented.js:20 _PROFILING_INFO_start function null from ../todomvc/examples/vue/js/store.js in 13_PROFILING_INFO_
vue-instrumented.js:1577 _PROFILING_INFO_start function evaluate from ../todomvc/examples/vue/node_modules/vue/dist/vue.js in 1770_PROFILING_INFO_
app-instrumented.js:76 _PROFILING_INFO_start function null from ../todomvc/examples/vue/js/app.js in 54_PROFILING_INFO_
app-instrumented.js:68 _PROFILING_INFO_start function null from ../todomvc/examples/vue/js/app.js in 50_PROFILING_INFO_
app-instrumented.js:19 _PROFILING_INFO_start function null from ../todomvc/examples/vue/js/app.js in 11_PROFILING_INFO_
app-instrumented.js:24 _PROFILING_INFO_start function null from ../todomvc/examples/vue/js/app.js in 12_PROFILING_INFO_
app-instrumented.js:61 _PROFILING_INFO_start function null from ../todomvc/examples/vue/js/app.js in 47_PROFILING_INFO_
app-instrumented.js:12 _PROFILING_INFO_start function null from ../todomvc/examples/vue/js/app.js in 8_PROFILING_INFO_
vue-instrumented.js:5489 _PROFILING_INFO_start function locateNode from ../todomvc/examples/vue/node_modules/vue/dist/vue.js in 5688_PROFILING_INFO_
vue-instrumented.js:3852 _PROFILING_INFO_start function createElm from ../todomvc/examples/vue/node_modules/vue/dist/vue.js in 4061_PROFILING_INFO_
vue-instrumented.js:3893 _PROFILING_INFO_start function createComponent from ../todomvc/examples/vue/node_modules/vue/dist/vue.js in 4115_PROFILING_INFO_
vue-instrumented.js:3558 _PROFILING_INFO_start function isUnknownElement from ../todomvc/examples/vue/node_modules/vue/dist/vue.js in 3819_PROFILING_INFO_
vue-instrumented.js:3595 _PROFILING_INFO_start function createElement$1 from ../todomvc/examples/vue/node_modules/vue/dist/vue.js in 3865_PROFILING_INFO_
vue-instrumented.js:4003 _PROFILING_INFO_start function setScope from ../todomvc/examples/vue/node_modules/vue/dist/vue.js in 4216_PROFILING_INFO_
vue-instrumented.js:3945 _PROFILING_INFO_start function createChildren from ../todomvc/examples/vue/node_modules/vue/dist/vue.js in 4168_PROFILING_INFO_
vue-instrumented.js:3968 _PROFILING_INFO_start function invokeCreateHooks from ../todomvc/examples/vue/node_modules/vue/dist/vue.js in 4185_PROFILING_INFO_
vue-instrumented.js:4523 _PROFILING_INFO_start function setAttr from ../todomvc/examples/vue/node_modules/vue/dist/vue.js in 4734_PROFILING_INFO_
vue-instrumented.js:3418 _PROFILING_INFO_start function null from ../todomvc/examples/vue/node_modules/vue/dist/vue.js in 3687_PROFILING_INFO_
vue-instrumented.js:3432 _PROFILING_INFO_start function null from ../todomvc/examples/vue/node_modules/vue/dist/vue.js in 3695_PROFILING_INFO_
vue-instrumented.js:2055 _PROFILING_INFO_start function fnInvoker from ../todomvc/examples/vue/node_modules/vue/dist/vue.js in 2226_PROFILING_INFO_
vue-instrumented.js:4580 _PROFILING_INFO_start function add$2 from ../todomvc/examples/vue/node_modules/vue/dist/vue.js in 4800_PROFILING_INFO_
vue-instrumented.js:5308 _PROFILING_INFO_start function _enter from ../todomvc/examples/vue/node_modules/vue/dist/vue.js in 5516_PROFILING_INFO_
vue-instrumented.js:5056 _PROFILING_INFO_start function enter from ../todomvc/examples/vue/node_modules/vue/dist/vue.js in 5261_PROFILING_INFO_
vue-instrumented.js:5255 _PROFILING_INFO_start function resolveTransition from ../todomvc/examples/vue/node_modules/vue/dist/vue.js in 5475_PROFILING_INFO_
vue-instrumented.js:3701 _PROFILING_INFO_start function create from ../todomvc/examples/vue/node_modules/vue/dist/vue.js in 3939_PROFILING_INFO_
vue-instrumented.js:3726 _PROFILING_INFO_start function registerRef from ../todomvc/examples/vue/node_modules/vue/dist/vue.js in 3953_PROFILING_INFO_
vue-instrumented.js:3932 _PROFILING_INFO_start function insert from ../todomvc/examples/vue/node_modules/vue/dist/vue.js in 4158_PROFILING_INFO_
vue-instrumented.js:3644 _PROFILING_INFO_start function appendChild from ../todomvc/examples/vue/node_modules/vue/dist/vue.js in 3896_PROFILING_INFO_
vue-instrumented.js:3616 _PROFILING_INFO_start function createTextNode from ../todomvc/examples/vue/node_modules/vue/dist/vue.js in 3880_PROFILING_INFO_
vue-instrumented.js:2038 _PROFILING_INFO_start function arrInvoker from ../todomvc/examples/vue/node_modules/vue/dist/vue.js in 2215_PROFILING_INFO_
app-instrumented.js:168 _PROFILING_INFO_start function null from ../todomvc/examples/vue/js/app.js in 117_PROFILING_INFO_
vue-instrumented.js:3672 _PROFILING_INFO_start function setTextContent from ../todomvc/examples/vue/node_modules/vue/dist/vue.js in 3912_PROFILING_INFO_
vue-instrumented.js:4412 _PROFILING_INFO_start function null from ../todomvc/examples/vue/node_modules/vue/dist/vue.js in 4628_PROFILING_INFO_
vue-instrumented.js:5359 _PROFILING_INFO_start function inserted from ../todomvc/examples/vue/node_modules/vue/dist/vue.js in 5571_PROFILING_INFO_
app-instrumented.js:83 _PROFILING_INFO_start function null from ../todomvc/examples/vue/js/app.js in 57_PROFILING_INFO_
app-instrumented.js:88 _PROFILING_INFO_start function null from ../todomvc/examples/vue/js/app.js in 58_PROFILING_INFO_
app-instrumented.js:159 _PROFILING_INFO_start function null from ../todomvc/examples/vue/js/app.js in 108_PROFILING_INFO_
vue-instrumented.js:682 _PROFILING_INFO_start function protoAugment from ../todomvc/examples/vue/node_modules/vue/dist/vue.js in 716_PROFILING_INFO_
vue-instrumented.js:548 _PROFILING_INFO_start function removeSub from ../todomvc/examples/vue/node_modules/vue/dist/vue.js in 570_PROFILING_INFO_
vue-instrumented.js:57 _PROFILING_INFO_start function remove$1 from ../todomvc/examples/vue/node_modules/vue/dist/vue.js in 60_PROFILING_INFO_
vue-instrumented.js:4046 _PROFILING_INFO_start function removeVnodes from ../todomvc/examples/vue/node_modules/vue/dist/vue.js in 4248_PROFILING_INFO_
vue-instrumented.js:4063 _PROFILING_INFO_start function removeAndInvokeRemoveHook from ../todomvc/examples/vue/node_modules/vue/dist/vue.js in 4262_PROFILING_INFO_
vue-instrumented.js:3824 _PROFILING_INFO_start function createRmCb from ../todomvc/examples/vue/node_modules/vue/dist/vue.js in 4042_PROFILING_INFO_
vue-instrumented.js:5320 _PROFILING_INFO_start function remove from ../todomvc/examples/vue/node_modules/vue/dist/vue.js in 5525_PROFILING_INFO_
vue-instrumented.js:5165 _PROFILING_INFO_start function leave from ../todomvc/examples/vue/node_modules/vue/dist/vue.js in 5384_PROFILING_INFO_
vue-instrumented.js:3829 _PROFILING_INFO_start function remove$$1 from ../todomvc/examples/vue/node_modules/vue/dist/vue.js in 4043_PROFILING_INFO_
vue-instrumented.js:3841 _PROFILING_INFO_start function removeNode from ../todomvc/examples/vue/node_modules/vue/dist/vue.js in 4052_PROFILING_INFO_
vue-instrumented.js:3651 _PROFILING_INFO_start function parentNode from ../todomvc/examples/vue/node_modules/vue/dist/vue.js in 3900_PROFILING_INFO_
vue-instrumented.js:3637 _PROFILING_INFO_start function removeChild from ../todomvc/examples/vue/node_modules/vue/dist/vue.js in 3892_PROFILING_INFO_
vue-instrumented.js:4025 _PROFILING_INFO_start function invokeDestroyHook from ../todomvc/examples/vue/node_modules/vue/dist/vue.js in 4234_PROFILING_INFO_
vue-instrumented.js:3718 _PROFILING_INFO_start function destroy from ../todomvc/examples/vue/node_modules/vue/dist/vue.js in 3948_PROFILING_INFO_
vue-instrumented.js:4366 _PROFILING_INFO_start function unbindDirectives from ../todomvc/examples/vue/node_modules/vue/dist/vue.js in 4587_PROFILING_INFO_
app-instrumented.js:129 _PROFILING_INFO_start function null from ../todomvc/examples/vue/js/app.js in 87_PROFILING_INFO_
vue-instrumented.js:2043 _PROFILING_INFO_start function null from ../todomvc/examples/vue/node_modules/vue/dist/vue.js in 2216_PROFILING_INFO_
app-instrumented.js:137 _PROFILING_INFO_start function null from ../todomvc/examples/vue/js/app.js in 92_PROFILING_INFO_
app-instrumented.js:121 _PROFILING_INFO_start function null from ../todomvc/examples/vue/js/app.js in 82_PROFILING_INFO_
director-instrumented.js:54 _PROFILING_INFO_start function onchange from ../todomvc/examples/vue/node_modules/director/build/director.js in 56_PROFILING_INFO_
director-instrumented.js:195 _PROFILING_INFO_start function null from ../todomvc/examples/vue/node_modules/director/build/director.js in 183_PROFILING_INFO_
director-instrumented.js:535 _PROFILING_INFO_start function null from ../todomvc/examples/vue/node_modules/director/build/director.js in 462_PROFILING_INFO_
director-instrumented.js:621 _PROFILING_INFO_start function null from ../todomvc/examples/vue/node_modules/director/build/director.js in 526_PROFILING_INFO_
director-instrumented.js:627 _PROFILING_INFO_start function filterRoutes from ../todomvc/examples/vue/node_modules/director/build/director.js in 528_PROFILING_INFO_
director-instrumented.js:555 _PROFILING_INFO_start function updateAndInvoke from ../todomvc/examples/vue/node_modules/director/build/director.js in 478_PROFILING_INFO_
director-instrumented.js:830 _PROFILING_INFO_start function null from ../todomvc/examples/vue/node_modules/director/build/director.js in 680_PROFILING_INFO_
director-instrumented.js:326 _PROFILING_INFO_start function _flatten from ../todomvc/examples/vue/node_modules/director/build/director.js in 304_PROFILING_INFO_
director-instrumented.js:576 _PROFILING_INFO_start function null from ../todomvc/examples/vue/node_modules/director/build/director.js in 496_PROFILING_INFO_
director-instrumented.js:315 _PROFILING_INFO_start function _every from ../todomvc/examples/vue/node_modules/director/build/director.js in 296_PROFILING_INFO_
director-instrumented.js:605 _PROFILING_INFO_start function null from ../todomvc/examples/vue/node_modules/director/build/director.js in 513_PROFILING_INFO_
routes-instrumented.js:21 _PROFILING_INFO_start function null from ../todomvc/examples/vue/js/routes.js in 10_PROFILING_INFO_
app-instrumented.js:32 _PROFILING_INFO_start function null from ../todomvc/examples/vue/js/app.js in 16_PROFILING_INFO_
app-instrumented.js:37 _PROFILING_INFO_start function null from ../todomvc/examples/vue/js/app.js in 17_PROFILING_INFO_
